0
0
0
1
90
0
0
Loremaipsumafooasitaamet,a
1
1
0
1
2
3
4
5
6
7
3
0
1
2
3
4
5
6
7
270
0
1
2
3
4
5
6
7
Loremaipsumafooasitaamet,a
810
1
Loremipsum
Loremipsum
-1
a-1b
a-1b
a-1b
Lorem ipsum
0
0
0
100
300
0
Loremaipsumafooasitaamet,a
310
0
1
2
3
4
5
6
7
930
1
-1
0
a0b
1
a1b
0
Loremipsum
0
1
-1
Lo0-1
1
Lorem ipsum
a1b
Lor
10
0
1
1
Loremipsum
0
1
2
3
4
5
6
7
1
-1
1
0
1
2
3
4
5
6
7
0
1
3
0
-1
0
0
0
0
10
Loremaipsumafooasitaamet,a
10
0
0
100
1
Loremipsum
1
101
111
1
-1
-1
1
11
-11
Loremaipsumafooasitaamet,a
-1
-90
-11
a-11b
Loremaipsumafooasitaamet,a
1
Loremaipsumafooasitaamet,a
101
Loremaipsum
a101b
1
0
0
10
30
3
Loremaipsumafooasitaamet,a
1
11
1
1
Loremaipsumafooasitaamet,a
-1
1
1
a1b
0
1
0
a0b
0
-1
-90
0
0
Loremaipsum
Loremaipsumafooasitaamet,a
0
1
0
1
2
3
4
5
6
7
0
0
0
0
0
Loremipsum
-2
0
0
Loremaipsumafooasitaamet,a
0
0
a0b
0
1
90
1
1
0
1
0
0
100
9000
Loremipsum
27000
a27000b
-2
-180
-170
0
1
2
3
4
5
6
7
1
0
Loremipsum
-1
1
11
0
1
2
3
4
5
6
7
0
0
Lorem ipsum
1
1
1
90
Loremaipsumafooasitaamet,a
270
-270
1
a1b
Loremipsum
-2
0
1
2
3
4
5
6
7
0
1
2
3
4
5
6
7
0
1
2
3
4
5
6
7
Loremaipsumafooasitaamet,a
Loremaipsumafooasitaamet,a
-6
0
1
0
Loremaipsum
Loremipsum
0
a0b
a0b
0
0
0
0
-1
1
1
101
303
0
1
2
3
4
5
6
7
Loremaipsumafooasitaamet,a
0
a0b
a0b
aa0bb
aa0bb
0
0
10
0
0
0
0
Loremipsum
100
300
a300b
a300b
0
-2
Lorem ipsum
a-2b
a-2b
0
Loremipsum
0
Loremipsum
Loremaipsumafooasitaamet,a
1
3
Loremaipsumafooasitaamet,a
a3b
0
0
-2
Lorem ipsum
2
Loremaipsumafooasitaamet,a
-2
0
0
100
110
0
Loremaipsumafooasitaamet,a
0
Loremaipsumafooasitaamet,a
100
0
12
0
Loremipsum
100
1
0
1
2
3
4
5
6
7
90
270
0
10
0
30
0
Loremaipsumafooasitaamet,a
Loremaipsumafooasitaamet,a
28
-28
-2520
1
3
a3b
-2
1
0
1
2
3
4
5
6
7
0
0
0
1
2
3
4
5
6
7
Lorem ipsum
0
0
100
Loremipsum
Loremaipsumafooasitaamet,a
Lorem ipsum
-1
1
0
0
1
2
3
4
5
6
7
3
0
0
Loremipsum
Loremaipsumafooasitaamet,a
0
1
0
0
1
2
3
4
5
6
7
0
Loremaipsumafooasitaamet,a
0
0
0
0
Loremaipsumafooasitaamet,a
0
Loremaipsumafooasitaamet,a
0
0
0
1
2
3
4
5
6
7
0
0
-2
0
-1
0
0
0
0
1
-1
-1
a-1b
0
1
1
1
-1
-1
-1
9
1
Loremipsum
Lorem ipsum
1
a1b
0
0
100
Lorem ipsum
Lorem ipsum
12
12
Loremaipsumafooasitaamet,a
10
0
0
0
-1
Loremaipsumafooasitaamet,a
a-1b
10a-1b
0
0
0
0
0
0
1
2
3
4
5
6
7
0
-1
0
-3
-5
-450
0
1
2
3
4
5
6
7
-450
1
a1b
Loremaipsum
10
8
0
0
a0b
0
10
900
-900
0
0
Loremaipsum
0
a0b
1
Loremipsum
Loremipsum
Loremaipsumafooasitaamet,a
0
0
0
1
2
3
4
5
6
7
0
0
0
0
0
100
Loremaipsumafooasitaamet,a
98
-98
-100
0
0
Loremaipsumafooasitaamet,a
1
-1
1
90
Loremaipsumafooasitaamet,a
1
0
Loremaipsumafooasitaamet,a
Loremaipsumafooasitaamet,a
90
11
Loremaipsumafooasitaamet,a
1
Loremaipsum
0
0
1
0
Loremaipsumafooasitaamet,a
3
0
Loremipsum
0
Loremaipsum
0
Loremipsum
0
0
-2
Loremaipsumafooasitaamet,a
-1
1
11
1
-1
Loremaipsumafooasitaamet,a
-90
Loremaipsumafooasitaamet,a
0
0
0
0
1
0
100
Loremaipsumafooasitaamet,a
Loremipsum
Loremaipsumafooasitaamet,a
0
1
2
3
4
5
6
7
-1
9
19
29
Loremaipsumafooasitaamet,a
Loremaipsumafooasitaamet,a
Loremipsum
27
25
0
0
1
a1b
10a1b
10a1b
0
1
2
3
4
5
6
7
Loremipsum
0
0
1
0
100
Loremaipsumafooasitaamet,a
10100
0
0
1010100
1
Loremipsum
Loremaipsum
0
1
101
12
0
100
12
0
100
a100b
0
0
0
0
a0b
1
11
1
90
1
0
0
0
0
1
2
3
4
5
6
7
0
a0b
Loremaipsumafooasitaamet,a
aa0bb
10
20
0
1
0
1
2
3
4
5
6
7
Loremipsum
0
Loremipsum
0
100
12
1012
Loremaipsumafooasitaamet,a
101012
-101012
0
0
0
100
a100b
0
10
0
0
100
-100
Lorem ipsum
-90
1
Lorem ipsum
1
90
11
1
-1
9
0
1
2
3
4
5
6
7
1
1
0
0
0
1
3
1
90
100
0
Loremaipsumafooasitaamet,a
0
0
0
0
1
2
3
4
5
6
7
0
0
0
0
0
1
2
3
4
5
6
7
0
0
1
2
3
4
5
6
7
Lorem ipsum
10
Lorem ipsum
1
90
Loremipsum
90
1090
1088
1098
0
Loremaipsumafooasitaamet,a
0
Loremaipsumafooasitaamet,a
0
-2
0
a0b
0
1
-1
Loremaipsumafooasitaamet,a
Loremaipsumafooasitaamet,a
1
1
0
0
0
-2
0
a0b
0
10
1
0
-1
-90
0
0
0
0
0
100
-100
-12
0
Loremaipsumafooasitaamet,a
Loremipsum
0
Loremaipsum
0
Loremipsum
0
0
1
a1b
-2
Loremaipsumafooasitaamet,a
0
0
0
0
Loremaipsumafooasitaamet,a
Loremaipsumafooasitaamet,a
0
1
2
3
4
5
6
7
Loremaipsumafooasitaamet,a
Loremaipsum
a0b
1
0
-1
0
10
1
1
101
99
1099
Loremipsum
-1099
0
-1099
0
Loremipsum
100
300
10300
-1
Loremaipsumafooasitaamet,a
0
a0b
10
1
3
270
Loremaipsumafooasitaamet,a
-270
0
1
2
3
4
5
6
7
Loremaipsumafooasitaamet,a
0
0
-2
0
0
-1
-3
0
1
2
3
4
5
6
7
0
1
2
3
4
5
6
7
-1
Loremaipsumafooasitaamet,a
-1
a-1b
a-1b
Loremaipsumafooasitaamet,a
Loremaipsumafooasitaamet,a
Loremaipsum
0
1
2
3
4
5
6
7
aa-1bb
1
0
3
0
1
2
3
4
5
6
7
a3b
Loremaipsumafooasitaamet,a
Loremaipsum
Loremaipsumafooasitaamet,a
0
0
1
1
1
1
0
1
90
0
0
consecteturaadipiscingafooasedadoaeiusmodatempor
1
1
0
1
2
3
4
5
6
7
3
0
1
2
3
4
5
6
7
270
0
1
2
3
4
5
6
7
consecteturaadipiscingafooasedadoaeiusmodatempor
810
1
consecteturadipiscing
consecteturadipiscing
-1
a-1b
a-1b
a-1b
consectetur adipiscing
0
0
0
100
300
0
consecteturaadipiscingafooasedadoaeiusmodatempor
310
0
1
2
3
4
5
6
7
930
1
-1
0
a0b
1
a1b
0
consecteturadipiscing
0
1
-1
consecteturaadipiscingafooasedadoaeiusmodatempor
consecteturadipiscing
10-1
10-1
1
3
0
-1
1
90
1
90
0
0
0
-1
1
1
90
0
1
-1
-1
0
0
-1
0
consecteturadipiscing
-3
-1
10-1
1
consectetur adipiscing
a1b
consecteturadipiscing
0
1
2
3
4
5
6
7
0
1
2
3
4
5
6
7
consectetur adipiscing
0
0
0
0
10
0
1
1
consecteturadipiscing
0
1
2
3
4
5
6
7
1
-1
1
0
1
2
3
4
5
6
7
0
1
3
0
-1
0
0
0
0
10
consecteturaadipiscingafooasedadoaeiusmodatempor
10
0
0
100
1
consecteturadipiscing
1
101
111
1
-1
-1
1
11
-11
consecteafooasedadoaeiusmodatemp1
1
1
consecteturaadipisca0b
0
-1
-90
0
0
consectescingafooasedadoaeiusmodatempor
0
0
a0b
0
1
90
1
1
0
1
0
0
100
9000
consecteturadipiscing
27000
a27000b
-2
-180
-170
0
1
2
3
4
5
6
7
1
0
consecteturadipiscing
-1
1
11
0
1
2
3
4
5
6
7
0
0
consectetur adipiscing
1
1
1
90
consecteturaadipiscingafooasedadoaeiusmodatempor
270
-270
1
a1b
consecteturadipiscing
-2
0
1
2
3
4
5
6
7
0
1
2
3
4
5
6
7
0
1
2
3
4
5
6
7
consecteturaadipiscingafooasedadoaeiusmodatempor
consecteturaadipiscingafooasedadoaeiusmodatempor
-6
0
1
0
consecteturaadipiscing
consecteturadipiscing
0
a0b
a0b
0
0
0
0
-1
1
1
101
303
0
1
2
3
4
5
6
7
consecteturaadipiscingafooasedadoaeiusmodatempor
0
a0b
a0b
aa0bb
aa0bb
0
0
10
0
0
0
0
consecteturadipiscing
100
300
a300b
a300b
0
-2
consectetur adipiscing
a-2b
a-2b
0
consecteturadipiscing
0
consecteturadipiscing
consecteturaadipiscingafooasedadoaeiusmodatempor
1
3
consecteturaadipiscingafooasedadoaeiusmodatempor
a3b
0
0
-2
consectetur adipiscing
2
consecteturaadipiscingafooasedadoaeiusmodatempor
-2
0
0
100
110
0
consecteturaadipiscingafooasedadoaeiusmodatempor
0
consecteturaadipiscingafooasedadoaeiusmodatempor
100
0
12
0
consecteturadipiscing
100
1
0
1
2
3
4
5
6
7
90
270
0
10
0
30
0
consecteturaadipiscingafooasedadoaeiusmodatempor
consecteturaadipiscingafooasedadoaeiusmodatempor
28
-28
-2520
1
3
a3b
-2
1
0
1
2
3
4
5
6
7
0
0
0
1
2
3
4
5
6
7
consectetur adipiscing
0
0
100
consecteturadipiscing
consecteturaadipiscingafooasedadoaeiusmodatempor
consectetur adipiscing
-1
1
0
0
1
2
3
4
5
6
7
3
0
0
consecteturadipiscing
consecteturaadipiscingafooasedadoaeiusmodatempor
0
1
0
0
1
2
3
4
5
6
7
0
consecteturaadipiscingafooasedadoaeiusmodatempor
0
0
0
0
consecteturaadipiscingaf
1
-1
-1
a-1b
0
1
1
1
-1
a1b
0
0
100
consectetur adipiscing
consectetur adipiscing
12
12
consecteturaadipiscingafooasedadoaeiusmodatempor
10
0
0
0
-1
consecteturaadipiscingafooasedadoaeiusmodatempor
a-1b
10a-1b
0
0
0
0
0
0
1
2
3
4
5
6
7
0
-1
0
-3
-5
-450
0
1
2
3
4
5
6
7
-450
1
a1b
consecteturaadipiscing
10
8
0
0
a0b
0
10
900
-900
0
0
consecteturaadipiscing
0
a0b
1
consecteturadipiscing
consecteturadipiscing
consecteturaadipiscingafooasedadoaeiusmodatempor
0
0
0
1
2
3
4
5
6
7
0
0
0
0
0
100
consecteturaadipiscingafooasedadoaeiusmodatempor
98
-98
-100
0
0
consecteturaadipiscingafooasedadoaeiusmodatempor
1
-1
1
90
consecteturaadipiscingafooasedadoaeiusmodatempor
1
0
consecteturaadipiscingafooasedadoaeiusmodatempor
consecteturaadipiscingafooasedadoaeiusmodatempor
90
11
consecteturaadipiscingafooasedadoaeiusmodatempor
1
consecteturaadipiscing
0
0
1
0
consecteturaadipiscingafooasedadoaeiusmodatempor
3
0
consecteturadipiscing
0
consecteturaadipiscing
0
consecteturadipiscing
0
0
-2
consecteturaadipiscingafooasedadoaeiusmodatempor
-1
1
11
1
-1
consecteturaadipiscingafooasedadoaeiusmodatempor
-90
consecteturaadipiscingafooasedadoaeiusmodatempor
0
0
0
0
1
0
100
consecteturaadipiscingafooasedadoaeiusmodatempor
consecteturadipiscing
consecteturaadipiscingafooasedadoaeiusmodatempor
0
1
2
3
4
5
6
7
-1
9
19
29
consecteturaadipiscingafooasedadoaeiusmodatempor
consecteturaadipiscingafooasedadoaeiusmodatempor
consecteturadipiscing
27
25
0
0
1
a1b
10a1b
10a1b
0
1
2
3
4
5
6
7
consecteturadipiscing
0
0
1
0
100
consecteturaadipiscingafooasedadoaeiusmodatempor
10100
0
0
1010100
1
consecteturadipiscing
consecteturaadipiscing
0
1
101
12
0
100
12
0
100
a100b
0
0
0
0
a0b
1
11
1
90
1
0
0
0
0
1
2
3
4
5
6
7
0
a0b
consecteturaadipiscingafooasedadoaeiusmodatempor
aa0bb
10
20
0
1
0
1
2
3
4
5
6
7
consecteturadipiscing
0
consecteturadipiscing
0
100
12
1012
consecteturaadipiscingafooasedadoaeiusmodatempor
101012
-101012
0
0
0
100
a100b
0
10
0
0
100
-100
consectetur adipiscing
-90
1
consectetur adipiscing
1
90
11
1
-1
dadoaeiusmodatempor
0
0
01090
1088
1098
0
consecteturaadipiscingafooasedadoaeiusmodatempor
0
consecteturaadipiscingafooasedadoaeiusmodatempor
0
-2
0
a0b
0
1
-1
consecteturaadipiscingafooasedadoaeiusmodatempor
consecteturaadipiscingafooasedadoaeiusmodatempor
1
1
0
0
0
-2
0
a0b
0
10
1
0
-1
-90
0
0
0
0
0
100
-100
-12
0
consecteturaadipiscingafooasedadoaeiusmodatempor
consecteturadipiscing
0
consecteturaadipiscing
0
consecteturadipiscing
0
0
1
a1b
-2
consecteturaadipiscingafooasedadoaeiusmodatempor
0
0
0
0
consecteturaadipiscingafooasedadoaeiusmodatempor
consecteturaadipiscingafooasedadoaeiusmodatempor
0
1
2
3
4
5
6
7
consecteturaadipiscingafooasedadoaeiusmodatempor
consecteturaadipiscing
a0b
1
0
-1
0
10
1
1
101
99
1099
consecteturadipiscing
-1099
0
-1099
0
consecteturadipiscing
100
300
10300
-1
1
-1
0
9
1
0
1
2
3
4
5
6
7
0
0
1
0
1
2
3
4
5
6
7
-1
consecteturaadipiscingafooasedadoaeiusmodatempor
-3
-270
1
consecteturaadipiscingafooasedadoag
a1b
consecteturadipiscing
10a1b
consecteturaadipiscingafooasedadoaeiusmodatempor
0
consecteturadipiscing
1
-1
0
-1
0
1
2
3
4
5
6
7
-3
consecteturadipiscing
1
90
1
11
consecteturadipiscing
1
101
101
99
0
a99b
1
-1
1
3
9
9
a9b
0
a0b
1
-1
0
100
0
1
2
3
4
5
6
7
a100b
0
0
10
0
-10
0
1
2
3
4
5
6
7
-12
-2
consecteturaadipiscingafooasedadoaeiusmodatempor
0
consectetur adipiscing
0
consecteturaadipiscingafooasedadoaeiusmodatempor
1
-1
9
-9
1
consectetur adipiscing
1
-1
0
0
1
2
3
4
5
6
7
0
a0b
consecteturaadipiscingafooasedadoaeiusmodatempor
10
consecteturadipiscing
0
1
3
0
0
consecteturadipiscing
1
consecteturaadipiscingafooasedadoaeiusmodatempor
-1
0
1
2
3
4
5
6
7
9
810
101
0
a0b
0
0
0
1
2
3
4
5
6
7
0
consecteturaadipiscingafooasedadoaeiusmodatempor
-2
-6
consecteturaadipiscing
4
0
-2
consectetur adipiscing
0
1
2
3
4
5
6
7
consecteturadipiscing
2
consectetur adipiscing
consecteturadipiscing
0
consecteturadipiscing
1
1
1
0
0
consecteturaadipiscingafooasedadoaeiusmodatempor
0
0
0
0
100
98
1
0
consecteturaadipiscingafooasedadoaeiusmodatempor
0
0
0
0
consecteturaadipiscingafooasedadoaeiusmodatempor
1
101
0
0
0
0
0
0
1
2
3
4
5
6
7
consecteturaadipiscingafooasedadoaeiusmodatempor
0
0
consecteturaadipiscingafooasedadoaeiusmodatempor
0
0
consecteturadipiscing
a0b
consecteturaadipiscing
1
101
0
consecteturaadipiscingafooasedadoaeiusmodatempor
0
10
10
1
0
consecteturaadipiscingafooasedadoaeiusmodatempor
0
consecteturadipiscing
0
consecteturadipiscing
consecteturaadipiscingafooasedadoaeiusmodatempor
0
a0b
10
1
3
270
consecteturaadipiscingafooasedadoaeiusmodatempor
-270
0
1
2
3
4
5
6
7
consecteturaadipiscingafooasedadoaeiusmodatempor
0
0
-2
0
0
-1
-3
0
1
2
3
4
5
6
7
0
1
2
3
4
5
6
7
-1
consecteturaadipiscingafooasedadoaeiusmodatempor
-1
a-1b
a-1b
consecteturaadipiscingafooasedadoaeiusmodatempor
consecteturaadipiscingafooasedadoaeiusmodatempor
consecteturaadipiscing
0
1
2
3
4
5
6
7
aa-1bb
1
0
3
0
1
2
3
4
5
6
7
a3b
consecteturaadipiscingafooasedadoaeiusmodatempor
consecteturaadipiscing
consecteturaadipiscingafooasedadoaeiusmodatempor
0
0
1
1
1
1
0
1
90
0
0
incididuntautafooaetadoloreamagnaaaliqua.
1
1
0
1
2
3
4
5
6
7
3
0
1
2
3
4
5
6
7
270
0
1
2
3
4
5
6
7
incididuntautafooaetadoloreamagnaaaliqua.
810
1
incididuntut
incididuntut
-1
a-1b
a-1b
a-1b
incididunt ut
0
0
0
100
300
0
incididuntautafooaetadoloreamagnaaaliqua.
310
0
1
2
3
4
5
6
7
930
1
-1
0
a0b
1
a1b
0
incididuntut
0
1
-1
incididuntautafooaetadoloreamagnaaaliqua.
incididuntut
10-1
10-1
1
3
0
-1
1
90
1
90
0
0
0
-1
1
1
90
0
1
-1
-1
0
0
-1
0
incididuntut
-3
-1
10-1
1
incididunt ut
a1b
incididuntut
0
1
2
3
4
5
6
7
0
1
2
3
4
5
6
7
incididunt ut
0
0
0
0
10
0
1
1
incididuntut
0
1
2
3
4
5
6
7
1
-1
1
0
1
2
3
4
5
6
7
0
1
3
0
-1
0
0
0
0
10
incididuntautafooaetadoloreamagnaaaliqua.
10
0
0
100
1
incididuntut
1
101
111
1
-1
-1
1
11
-11
incididuntautafooaetadoloreamagnaaaliqua.
-1
-90
-11
a-11b
incididuntautafooaetadoloreamagnaaaliqua.
1
incididuntautafooaetadoloreamagnaaaliqua.
101
incididuntaut
a101b
1
0
0
10
30
3
incididuntautafooaetadoloreamagnaaaliqua.
1
11
1
1
incididuntautafooaetadoloreamagnaaaliqua.
-1
1
1
a1b
0
1
0
a0b
0
-1
-90
0
0
incididuntaut
incididuntautafooaetadoloreamagnaaaliqua.
0
1
0
1
2
3
4
5
6
7
0
0
0
0
0
incididuntut
-2
0
0
incididuntautafooaetadoloreamagnaaaliqua.
0
0
a0b
0
1
90
1
1
0
1
0
0
100
9000
incididuntut
27000
a27000b
-2
-180
-170
0
1
2
3
4
5
6
7
1
0
incididuntut
-1
1
11
0
1
2
3
4
5
6
7
0
0
incididunt ut
1
1
1
90
incididuntautafooaetadoloreamagnaaaliqua.
270
-270
1
a1b
incididuntut
-2
0
1
2
3
4
5
6
7
0
1
2
3
4
5
6
7
0
1
2
3
4
5
6
7
incididuntautafooaetadoloreamagnaaaliqua.
incididuntautafooaetadoloreamagnaaaliqua.
-6
0
1
0
incididuntaut
incididuntut
0
a0b
a0b
0
0
0
0
-1
1
1
101
303
0
1
2
3
4
5
6
7
incididuntautafooaetadoloreamagnaaaliqua.
0
a0b
a0b
aa0bb
aa0bb
0
0
10
0
0
0
0
incididuntut
100
300
a300b
a300b
0
-2
incididunt ut
a-2b
a-2b
0
incididuntut
0
incididuntut
incididuntautafooaetadoloreamagnaaaliqua.
1
3
incididuntautafooaetadoloreamagnaaaliqua.
a3b
0
0
-2
incididunt ut
2
incididuntautafooaetadoloreamagnaaaliqua.
-2
0
0
100
110
0
incididuntautafooaetadoloreamagnaaaliqua.
0
incididuntautafooaetadoloreamagnaaaliqua.
100
0
12
0
incididuntut
100
1
0
1
2
3
4
5
6
7
90
270
0
10
0
30
0
incididuntautafooaetadoloreamagnaaaliqua.
incididuntautafooaetadoloreamagnaaaliqua.
28
-ntut
incoloreamagna
4
5
6
7
0
incididuntauta
incididunt ut
1
a1b
0
0
100
incididunt ut
incididunt ut
12
12
incididuntautafooaetadoloreamagnaaaliqua.
10
0
0
0
-1
incididuntautafooaetadoloreamagnaaaliqua.
a-1b
10a-1b
0
0
0
0
0
0
1
2
3
4
5
6
7
0
-1
0
-3
-5
-450
0
1
2
3
4
5
6
7
-450
1
a1b
incididuntaut
10
8
0
0
a0b
0
10
900
-900
0
0
incididuntaut
0
a0b
1
incididuntut
incididuntut
incididuntautafooaetadoloreamagnaaaliqua.
0
0
0
1
2
3
4
5
6
7
0
0
0
0
0
100
incididuntautafooaetadoloreamagnaaaliqua.
98
-98
-100
0
0
incididuntautafooaetadoloreamagnaaaliqua.
1
-1
1
90
incididuntautafooaetadoloreamagnaaaliqua.
1
0
incididuntautafooaetadoloreamagnaaaliqua.
incididuntautafooaetadoloreamagnaaaliqua.
90
11
incididuntautafooaetadoloreamagnaaaliqua.
1
incididuntaut
0
0
1
0
incididuntautafooaetadoloreamagnaaaliqua.
3
0
incididuntut
0
incididuntaut
0
incididuntut
0
0
-2
incididuntautafooaetadoloreamagnaaaliqua.
-1
1
11
1
-1
incididuntautafooaetadoloreamagnaaaliqua.
-90
incididuntautafooaetadoloreamagnaaaliqua.
0
0
0
0
1
0
100
incididuntautafooaetadoloreamagnaaaliqua.
incididuntut
incididuntautafooaetadoloreamagnaaaliqua.
0
1
2
3
4
5
6
7
-1
9
19
29
incididuntautafooaetadoloreamagnaaaliqua.
incididuntautafooaetadoloreamagnaaaliqua.
incididuntut
27
25
0
0
1
a1b
10a1b
10a1b
0
1
2
3
4
5
6
7
incididuntut
0
0
1
0
100
incididuntautafooaetadoloreamagnaaaliqua.
10100
0
0
1010100
1
incididuntut
incididuntaut
0
1
101
12
0
100
12
0
100
a100b
0
0
0
0
a0b
1
11
1
90
1
0
0
0
0
1
2
3
4
5
6
7
0
a0b
incididuntautafooaetadoloreamagnaaaliqua.
aa0bb
10
20
0
1
0
1
2
3
4
5
6
7
incididuntut
0
incididuntut
0
100
12
1012
incididuntautafooaetadoloreamagnaaaliqua.
101012
-101012
0
0
0
100
a100b
0
10
0
0
100
-100
incididunt ut
-90
1
incididunt ut
1
90
11
1
-1
9
0
1
2
3
4
5
6
7
1
1
0
0
0
1
3
1
90
100
0
incididuntautafooaetadoloreamagnaaaliqua.
0
0
0
0
1
2
3
4
5
6
7
0
0
0
0
0
1
2
3
4
5
6
7
0
0
1
2
3
4
5
6
7
incididunt ut
10
incididunt ut
1
90
incididuntut
90
1090
1088
1098
0
incididuntautafooaetadoloreamagnaaaliqua.
0
incididuntautafooaetadoloreamagnaaaliqua.
0
-2
0
a0b
0
1
-1
incididuntautafooaetadoloreamagnaaaliqua.
incididuntautafooaetadoloreamagnaaaliqua.
1taut
0
incididuntut
0
0
1autafooaetadoloreamagnaaaliqua.
0
1
2
3
4
5
6
7
incididuntautafooaetadoloreamagnaaaliqua.
incididuntaut
a0b
1
0
-1
0
10
1
1
101
99
1099
incididuntut
-1099
0
-1099
0
incididuntut
100
300
10300
-1
a-1b
incididuntut
10a-1b
incididuntautafooaetadoloreamagnaaaliqua.
0
incididuntut
1
-1
0
-1
0
1
2
3
4
5
6
7
-3
incididuntut
1
90
1
11
incididuntut
1
101
101
99
0
a99b
1
-1
1
3
9
9
a9b
0
a0b
1
-1
0
incididuntautafooaetadoloreamagnaaaliqua.
0
incididunt ut
0
incididuntautafooaetadoloreamagnaaaliqua.
1
-1
9
-9
1
incididunt ut
1
-1
0
0
1
2
3
4
5
6
7
0
a0b
incididuntautafooaetadoloreamagnaaaliqua.
10
incididuntut
0
1
3
0
0
incididuntut
1
incididuntautafooaetadoloreamagnaaaliqua.
-1
0
1
2
3
4
5
6
7
9
810
101
0
a0b
0
0
0
1
2
3
4
5
6
7
0
incididuntautafooaetadoloreamagnaaaliqua.
-2
-6
incididuntaut
4
0
-2
incididunt ut
0
1
2
3
4
5
6
7
incididuntut
2
incididunt ut
incididuntut
0
incididuntut
1
1
1
0
0
incididuntautafooaetadoloreamagnaaaliqua.
0
0
0
incididuntautafooaetadoloreamagnaaaliqua.
0
a0b
10
1
3
270
incididuntautafooaetadoloreamagnaaaliqua.
-270
0
1
2
3
4
5
6
7
incididuntautafooaetadoloreamagnaaaliqua.
0
0
-2
0
0
-1
-3
0
1
2
3
4
5
6
7
0
1
2
3
4
5
6
7
-1
incididuntautafooaetadoloreamagnaaaliqua.
-1
a-1b
a-1b
incididuntautafooaetadoloreamagnaaaliqua.
incididuntautafooaetadoloreamagnaaaliqua.
incididuntaut
0
1
2
3
4
5
6
7
aa-1bb
1
0
3
0
1
2
3
4
5
6
7
a3b
incididuntautafooaetadoloreamagnaaaliqua.
incididuntaut
incididuntautafooaetadoloreamagnaaaliqua.
0
0
1
1
1
1
0
1
90
0
0
Utaenimafooaminimaveniam,aquisanostrudaexercitationa
1
1
0
1
2
3
4
5
6
7
3
0
1
2
3
4
5
6
7
270
0
1
2
3
4
5
6
7
Utaenimafooaminimaveniam,aquisanostrudaexercitationa
810
1
Utenim
Utenim
-1
a-1b
a-1b
a-1b
Ut enim
0
0
0
100
300
0
Utaenimafooaminimaveniam,aquisanostrudaexercitationa
310
0
1
2
3
4
5
6
7
930
1
-1
0
a0b
1
a1b
0
Utenim
0
1
-1
Utaenimafooaminimaveniam,aquisanostrudaexercitationa
Utenim
10-1
10-1
1
3
0
-1
1
90
1
90
0
0
0
-1
1
1
90
0
1
-1
-1
0
0
-1
0
Utenim
-3
-1
10-1
1
Ut enim
a1b
Utenim
0
1
2
3
4
5
6
7
0
1
2
3
4
5
6
7
Ut enim
0
0
0
0
10
0
1
1
Utenim
0
1
2
3
4
5
6
7
1
-1
1
0
1
2
3
4
5
6
7
0
1
3
0
-1
0
0
0
0
10
Utaenimafooaminimaveniam,aquisanostrudaexercitationa
10
0
0
100
1
Utenim
1
101
111
1
-1
-1
1
11
-11
Utaenimafooaminimaveniam,aquisanostrudaexercitationa
-1
-90
-11
a-11b
Utaenimafooaminimaveniam,aquisanostrudaexercitationa
1
Utaenimafooaminimaveniam,aquisanostrudaexercitationa
101
Utaenim
a101b
1
0
0
10
30
3
Utaenimafooaminimaveniam,aquisanostrudaexercitationa
1
11
1
1
Utaenimafooaminimaveniam,aquisanostrudaexercitationa
-1
1
1
a1b
0
1
0
a0b
0
-1
-90
0
0
Utaenim
Utaenimafooaminimaveniam,aquisanostrudaexercitationa
0
1
0
1
2
3
4
5
6
7
0
0
0
0
0
Utenim
-2
0
0
Utaenimafooaminimaveniam,aquisanostrudaexercitationa
0
0
a0b
0
1
90
1
1
0
1
0
0
100
9000
Utenim
27000
a27000b
-2
-180
-170
0
1
2
3
4
5
6
7
1
0
Utenim
-1
1
11
0
1
2
3
4
5
6
7
0
0
Ut enim
1
1
1
90
Utaenimafooaminimaveniam,aquisanostrudaexercitationa
270
-270
1
a1b
Utenim
-2
0
1
2
3
4
5
6
7
0
1
2
3
4
5
6
7
0
1
2
3
4
5
6
7
Utaenimafooaminimaveniam,aquisanostrudaexercitationa
Utaenimafooaminimaveniam,aquisanostrudaexercitationa
-6
0
1
0
Utaenim
Utenim
0
a0b
a0b
0
0
0
0
-1
1
1
101
303
0
1
2
3
4
5
6
7
Utaenimafooaminimaveniam,aquisanostrudaexercitationa
0
a0b
a0b
aa0bb
aa0bb
0
0
10
0
0
0
0
Utenim
100
300
a300b
a300b
0
-2
Ut enim
a-2b
a-2b
0
Utenim
0
Utenim
Utaenimafooaminimaveniam,aquisanostrudaexercitationa
1
3
Utaenimafooaminimaveniam,aquisanostrudaexercitationa
a3b
0
0
-2
Ut enim
2
Utaenimafooaminimaveniam,aquisanostrudaexercitationa
-2
0
0
100
110
0
Utaenimafooaminimaveniam,aquisanostrudaexercitationa
0
Utaenimafooaminimaveniam,aquisanostrudaexercitationa
100
0
12
0
Utenim
100
1
0
1
2
3
4
5
6
7
90
270
0
10
0
30
0
Utaenimafooaminimaveniam,aquisanostrudaexercitationa
Utaenimafooaminimaveniam,aquisanostrudaexercitationa
28
-28
-2520
1
3
a3b
-2
1
0
1
2
3
4
5
6
7
0
0
0
1
2
3
4
5
6
7
Ut enim
0
0
100
Utenim
Utaenimafooaminimaveniam,aquisanostrudaexercitationa
Ut enim
-1
1
0
0
1
2
3
4
5
6
7
3
0
0
Utenim
Utaenimafooaminimaveniam,aquisanostrudaexercitationa
0
1
0
0
1
2
3
4
5
6
7
0
Utaenimafooaminimaveniam,aquisanostrudaexercitationa
0
0
0
0
Utaenimafooaminimaveniam,aquisanostrudaexercitationa
0
Utaenimafooaminimaveniam,aquisanostrudaexercitationa
0
0
0
1
2
3
4
5
6
7
0
0
-2
0
-1
0
0
0
0
1
-1
-1
a-1b
0
1
1
1
-1
-1
-1
9
1
Utenim
Ut enim
1
a1b
0
0
100
Ut enim
Ut enim
12
12
Utaenimafooaminimaveniam,aquisanostrudaexercitationa
10
0
0
0
-1
Utaenimafooaminimaveniam,aquisanostrudaexercitationa
a-1b
10a-1b
0
0
0
0
0
0
1
2
3
4
5
6
7
0
-1
0
-3
-5
-450
0
1
2
3
4
5
6
7
-450
1
a1b
Utaenim
10
8
0
0
a0b
0
10
900
-900
0
0
Utaenim
0
a0b
1
Utenim
Utenim
Utaenimafooaminimaveniam,aquisanostrudaexercitationa
0
0
0
1
2
3
4
5
6
7
0
0
0
0
0
100
Utaenimafooaminimaveniam,aquisanostrudaexercitationa
98
-98
-100
0
0
Utaenimafooaminimaveniam,aquisanostrudaexercitationa
1
-1
1
90
Utaenimafooaminimaveniam,aquisanostrudaexercitationa
1
0
Utaenimafooaminimaveniam,aquisanostrudaexercitationa
Utaenimafooaminimaveniam,aquisanostrudaexercitationa
90
11
Utaenimafooaminimaveniam,aquisanostrudaexercitationa
1
Utaenim
0
0
1
0
Utaenimafooaminimaveniam,aquisanostrudaexercitationa
3
0
Utenim
0
Utaenim
0
Utenim
0
0
-2
Utaenimafooaminimaveniam,aquisanostrudaexercitationa
-1
1
11
1
-1
Utaenimafooaminimaveniam,aquisanostrudaexercitationa
-90
Utaenimafooaminimaveniam,aquisanostrudaexercitationa
0
0
0
0
1
0
100
Utaenimafooaminimaveniam,aquisanostrudaexercitationa
Utenim
Utaenimafooaminimaveniam,aquisanostrudaexercitationa
0
1
2
3
4
5
6
7
-1
9
19
29
Utaenimafooaminimaveniam,aquisanostrudaexercitationa
Utaenimafooaminimaveniam,aquisanostrudaexercitationa
Utenim
27
25
0
0
1
a1b
10a1b
10a1b
0
1
2
3
4
5
6
7
Utenim
0
0
1
0
100
Utaenimafooaminimaveniam,aquisanostrudaexercitationa
10100
0
0
1010100
1
Utenim
Utaenim
0
1
101
12
0
100
12
0
100
a100b
0
0
0
0
a0b
1
11
1
90
1
0
0
0
0
1
2
3
4
5
6
7
0
a0b
Utaenimafooaminimaveniam,aquisanostrudaexercitationa
aa0b
10
0
0
100
-100
Ut enimnimaveniam,aquia
0
0
0
0
1
2
3
4
5
6
7
0
0
0
0
0
1
2
3
4
5
6
7
0
0
1
2
3
4
imaveniam,adaexercitationa
0
-2
0
a0b
0
1
-1
Utaenimafooaminimaveniam,aquisanostrudaexercitationa
Utaenimafooaminimaveniam,aquisanostrudaexercitationa
1
1
0
0
0
-2
0
a0b
0
10
1
0
-1
-90
0
0
0
0
0
100
-100
-12
0
Utaenimafooaminimaveniam,aquisanostrudaexercitationa
Utenim
0
Utaenim
0
Utenim
0
0
1
a1b
-2
Utaenimafooaminimaveniam,aquisanostrudaexercitationa
0
0
0
0
Utaenimafooaminimaveniam,aquisanostrudaexercitationa
Utaenimafooaminimaveniam,aquisanostrudaexercitationa
0
1
2
3
4
5
6
7
Utaenimafooaminimaveniam,aquisanostrudaexercitationa
Utaenim
a0b
1
0
-1
0
10
1
1
101
99
1099
Utenim
-1099
0
-1099
0
Utenim
100
300
10300
-1
Utaenimafooaminimaveniam,aqxercitationa
-270
0
1
2
3
4
5
6
7
Utaenimafooaminimaveniam,aquisanostrudaexercitationa
0
0
-2
0
0
-1
-3
0
1
2
3
4
5
6
7
0
1
2
3
4
5
6
7
-1
Utaenimafooaminimaveniam,aquisanostrudaexercitationa
-1
a-1b
a-1b
Utaenimafooaminimaveniam,aquisanostrudaexercitationa
Utaenimafooaminimaveniam,aquisanostrudaexercitationa
Utaenim
0
1
2
3
4
5
6
7
aa-1bb
1
0
3
0
1
2
3
4
5
6
7
a3b
Utaenimafooaminimaveniam,aquisanostrudaexercitationa
Utaenim
Utaenimafooaminimaveniam,aquisanostrudaexercitationa
0
0
1
1
1
1
0
1
90
0
0
ullamcoalaborisafooautaaliquipaexaeaacommodoaconsequat.aDuisaaute
1
1
0
1
2
3
4
5
6
7
3
0
1
2
3
4
5
6
7
270
0
1
2
3
4
5
6
7
ullamcoalaborisafooautaaliquipaexaeaacommodoaconsequat.aDuisaaute
810
1
ullamcolaboris
ullamcolaboris
-1
a-1b
a-1b
a-1b
ullamco laboris
0
0
0
100
300
0
ullamcoalaborisafooautaaliquipaexaeaacommodoaconsequat.aDuisaaute
310
0
1
2
3
4
5
6
7
930
1
-1
0
a0b
1
a1b
0
ullamcolaboris
0
1
-1
ullamcoalaborisafooautaaliquipaexaeaacommodoaconsequat.aDuisaaute
ullamcolaboris
10-1
10-1
1
3
0
-1
1
90
1
90
0
0
0
-1
1
1
90
0
1
-1
-1
0
0
-1
0
ullamcolaboris
-3
-1
10-1
1
ullamco laboris
a1b
ullamcolaboris
0
1
2
3
4
5
6
7
0
1
2
3
4
5
6
7
ullamco laboris
0
0
0
0
10
0
1
1
ullamcolaboris
0
1
2
3
4
5
6
7
1
-1
1
0
1
2
3
4
5
6
7
0
1
3
0
-1
0
0
0
0
10
ullamcoalaborisafooautaaliquipaexaeaacommodoaconsequat.aDuisaaute
10
0
0
100
1
ullamcolaboris
1
101
111
1
-1
-1
1
11
-11
ullamcoalaborisafooautaaliquipaexaeaacommodoaconsequat.aDuisaaute
-1
-90
-11
a-11b
ullamcoalaborisafooautaaliquipaexaeaacommodoaconsequat.aDuisaaute
1
ullamcoalaborisafooautaaliquipaexaeaacommodoaconsequat.aDuisaaute
101
ullamcoalaboris
a101b
1
0
0
10
30
3
ullamcoalaborisafooautaaliquipaexaeaacommodoaconsequat.aDuisaaute
1
11
1
1
ullamcoalaborisafooautaaliquipaexaeaacommodoaconsequat.aDuisaaute
-1
1
1
a1b
0
1
0
a0b
0
-1
-90
0
0
ullamcoalaboris
ullamcoalaborisafooautaaliquipaexaeaacommodoaconsequat.aDuisaaute
0
1
0
1
2
3
4
5
6
7
0
0
0
0
0
ullamcolaboris
-2
0
0
ullamcoalaborisafooautaaliquipaexaeaacommodoaconsequat.aDuisaaute
0
0
a0b
0
1
90
1
1
0
1
0
0
100
9000
ullamcolaboris
27000
a27000b
-2
-180
-170
0
1
2
3
4
5
6
7
1
0
ullamcolaboris
-1
1
11
0
1
2
3
4
5
6
7
0
0
ullamco laboris
1
1
1
90
ullamcoalaborisafooautaaliquipaexaeaacommodoaconsequat.aDuisaaute
270
-270
1
a1b
ullamcolaboris
-2
0
1
2
3
4
5
6
7
0
1
2
3
4
5
6
7
0
1
2
3
4
5
6
7
ullamcoalaborisafooautaaliquipaexaeaacommodoaconsequat.aDuisaaute
ullamcoalaborisafooautaaliquipaexaeaacommodoaconsequat.aDuisaaute
-6
0
1
0
ullamcoalaboris
ullamcolaboris
0
a0b
a0b
0
0
0
0
-1
1
1
101
303
0
1
2
3
4
5
6
7
ullamcoalaborisafooautaaliquipaexaeaacommodoaconsequat.aDuisaaute
0
a0b
a0b
aa0bb
aa0bb
0
0
10
0
0
0
0
ullamcolaboris
100
300
a300b
a300b
0
-2
ullamco laboris
a-2b
a-2b
0
ullamcolaboris
0
ullamcolaboris
ullamcoalaborisafooautaaliquipaexaeaacommodoaconsequat.aDuisaaute
1
3
ullamcoalaborisafooautaaliquipaexaeaacommodoaconsequat.aDuisaaute
a3b
0
0
-2
ullamco laboris
2
ullamcoalaborisafooautaaliquipaexaeaacommodoaconsequat.aDuisaaute
-2
0
0
100
110
0
ullamcoalaborisafooautaaliquipaexaeaacommodoaconsequat.aDuisaaute
0
ullamcoalaborisafooautaaliquipaexaeaacommodoaconsequat.aDuisaaute
100
0
12
0
ullamcolaboris
100
1
0
1
2
3
4
5
6
7
90
270
0
10
0
30
0
ullamcoalaborisafooautaaliquipaexaeaacommodoaconsequat.aDuisaaute
ullamcoalaborisafooautaaliquipaexaeaacommodoaconsequat.aDuisaaute
28
-28
-2520
1
3
a3b
-2
1
0
1
2
3
4
5
6
7
0
0
0
1
2
3
4
5
6
7
ullamco laboris
0
0
100
ullamcolaboris
ullamcoalaborisafooautaaliquipaexaeaacommodoaconsequat.aDuisaaute
ullamco laboris
-1
1
0
0
1
2
3
4
5
6
7
3
0
0
ullamcolaboris
ullamcoalaborisafooautaaliquipaexaeaacommodoaconsequat.aDuisaaute
0
1
0
0
1
2
3
4
5
6
7
0
ullamcoalaborisafooautaaliquipaexaeaacommodoaconsequat.aDuisaaute
0
0
0
0
ullamcoalaborisafooautaaliquipaexaeaacommodoaconsequat.aDuisaaute
0
ullamcoalaborisafooautaaliquipaexaeaacommodoaconsequat.aDuisaaute
0
0
0
1
2
3
4
5
6
7
0
0
-2
0
-1
0
0
0
0
1
-1
-1
a-1b
0
1
1
1
-1
-1
-1
9
1
ullamcolaboris
ullamco laboris
1
a1b
0
0
100
ullamco laboris
ullamco laboris
12
12
ullamcoalaborisafooautaaliquipaexaeaacommodoaconsequat.aDuisaaute
10
0
0
0
-1
ullamcoalaborisafooautaaliquipaexaeaacommodoaconsequat.aDuisaaute
a-1b
10a-1b
0
0
0
0
0
0
1
2
3
4
5
6
7
0
-1
0
-3
-5
-450
0
1
2
3
4
5
6
7
-450
1
a1b
ullamcoalaboris
10
8
0
0
a0b
0
10
900
-900
0
0
ullamcoalaboris
0
a0b
1
ullamcolaboris
ullamcolaboris
ullamcoalaborisafooautaaliquipaexaeaacommodoaconsequat.aDuisaaute
0
0
0
1
2
3
4
5
6
7
0
0
0
0
0
100
ullamcoalaborisafooautaaliquipaexaeaacommodoaconsequat.aDuisaaute
98
-98
-100
0
0
ullamcoalaborisafooautaaliquipaexaeaacommodoaconsequat.aDuisaaute
1
-1
1
90
ullamcoalaborisafooautaaliquipaexaeaacommodoaconsequat.aDuisaaute
1
0
ullamcoalaborisafooautaaliquipaexaeaacommodoaconsequat.aDuisaaute
ullamcoalaborisafooautaaliquipaexaeaacommodoaconsequat.aDuisaaute
90
11
ullamcoalaborisafooautaaliquipaexaeaacommodoaconsequat.aDuisaaute
1
ullamcoalaboris
0
0
1
0
ullamcoalaborisafooautaaliquipaexaeaacommodoaconsequat.aDuisaaute
3
0
ullamcolaboris
0aborisafooauonsequat.aDuisaaute
-90
ue
0
0
0
0
1
0
100
ullamcodoaconsequat.aDuisaaute
ullamcolaboris
ullamcoalaborisafooautaaliquipaexaeaacommodoaconsequat.aDuisaaute
0
1
2
3
4
5
6
7
-1
9
19
29
ullamcoalaborisafooautaaliquipaexaeaacommodoaconsequat.aDuisaaute
ullamcoalaborisafooautaaliquipaexaeaacommodoaconsequat.aDuisaaute
ullamcolaboris
27
25
0
0
1
a1b
10a1b
10a1b
0
1
2
3
4
5
6
7
ullamcolaboris
0
0
1
0
100
ullamcoalaborisafooautaaliquipaexaeaacommodoaconsequat.aDuisaaute
10100
0
0
1010100
1
ullamcolaboris
ullamcoalaboris
0
1
101
12
0
100
12
0
100
a100b
0
0
0
0
a0b
1
11
1
90
1
0
0
0
0
1
2
3
4
5
6
7
0
a0b
ullamcoalaborisafooautaaliquipaexaeaacommodoaconsequat.aDuisaaute
aa0bb
10
20
0
1
0
1
2
3
4
5
6
7
ullamcolaboris
0
ullamcolaboris
0
100
12
1012
ullamcoalaborisafooautaaliquipaexaeaacommodoaconsequat.aDuisaaute
101012
-101012
0
0
0
100
a100b
0
10
0
0
100
-100
ullamco laboris
-90
1
ullamco laboris
1
90
11
1
-1
9
0
1
2
3
4
5
6
7
1
1
0
0
0
1
3
1
90
100
0
ullamcoalaborisafooautaaliquipaexaeaacommodoaconsequat.aDuisaaute
0
0
0
0
1
2
3
4
5
6
7
0
0
0
0
0
1
2
3
4
5
6
7
0
0
1
2
3
4
5
6
7
ullamco laboris
10
ullamco laboris
1
90
ullamcolaboris
90
1090
1088
1098
0
ullamcoalaborisafooautaaliquipaexaeaacommodoaconsequat.aDuisaaute
0
ullamcoalaborisafooautaaliquipaexaeaacommodoaconsequat.aDuisaaute
0
-2
0
a0b
0
1
-1
ullamcoalaborisafooautaaliquipaexaeaacommodoaconsequat.aDuisaaute
ullamcoalaborisafooautaaliquipaexaeaacommodoaconsequat.aDuisaaute
1
1
0
0
0
-2
0
a0b
0
10
1
0
-1
-90
0
0
0
0
0
100
-100
-12
0
ullamcoalaborisafooautaaliquipaexaeaacommodoaconsequat.aDuisaaute
ullamcolaboris
0
ullamcoalaboris
0
ullamcolaboris
0
0
1
a1b
-2
ullamcoalaborisafooautaaliquipaexaeaacommodoaconsequat.aDuisaaute
0
0
0
0
ullamcoalaborisafooautaaliquipaexaeaacommodoaconsequat.aDuisaaute
ullamcoalaborisafooautaaliquipaexaeaacommodoaconsequat.aDuisaaute
0
1
2
3
4
5
6
7
ullamcoalaborisafooautaaliquipaexaeaacommodoaconsequat.aDuisaaute
ullamcoalaboris
a0b
1
0
-1
0
10
1
1
101
99
1099
ullamcolaboris
-1099
0
-1099
0
ullamcolaboris
100
300
10300
-1
a-1b
ullamcolaboris
10a-1b
ullamcoalaborisafooautaaliquipaexaeaacommodoaconsequat.aDuisaaute
0
ullamcolaboris
1
-1
0
-1
0
1
2
3
4
5
6
7
-3
ullamcolaboris
1
90
1
11
ullamcolaboris
1
101
101
99
0
a99b
1
-1
1
3
9
9
a9b
0
a0b
1
-1
0
100
0
1
2
3
4
5
6
7
a100b
0
0
10
0
-10
0
1
2
3
4
5
6
7
-12
-2
ullamcoalaborisafooautaaliquipaexaeaacommodoaconsequat.aDuisaaute
0
ullamco laboris
0
ullamcoalaborisafooautaaliquipaexaeaacommodoaconsequat.aDuisaaute
1
-1
9
-9
1
ullamco laboris
1
-1
0
0
1
2
3
4
5
6
7
0
a0b
ullamcoalaborisafooautaaliquipaexaeaacommodoaconsequat.aDuisaaute
10
ullamcolaboris
0
1
3
0
0
ullamcolaboris
1
ullamcoalaborisafooautaaliquipaexaeaacommodoaconsequat.aDuisaaute
-1
0
1
2
3
4
5
6
7
9
810
101
0
a0b
0
0
0
1
2
3
4
5
6
7
0
ullamcoalaborisafooautaaliquipaexaeaacommodoaconsequat.aDuisaaute
-2
-6
ullamcoalaboris
4
0
-2
ullamco laboris
0
1
2
3
4
5
6
7
ullamcolaboris
2
ullamco laboris
ullamcolaboris
0
ullamcolaboris
1
1
1
0
0
ullamcoalaborisafooautaaliquipaexaeaacommodoaconsequat.aDuisaaute
0
0
0
ullamcoalaborisafooautaaliquipaexaeaacommodoaconsequat.aDuisaaute
0
a0b
10
1
3
270
ullamcoalaborisafooautaaliquipaexaeaacommodoaconsequat.aDuisaaute
-270
0
1
2
3
4
5
6
7
ullamcoalaborisafooautaaliquipaexaeaacommodoaconsequat.aDuisaaute
0
0
-2
0
0
-1
-3
0
1
2
3
4
5
6
7
0
1
2
3
4
5
6
7
-1
ullamcoalaborisafooautaaliquipaexaeaacommodoaconsequat.aDuisaaute
-1
a-1b
a-1b
ullamcoalaborisafooautaaliquipaexaeaacommodoaconsequat.aDuisaaute
ullamcoalaborisafooautaaliquipaexaeaacommodoaconsequat.aDuisaaute
ullamcoalaboris
0
1
2
3
4
5
6
7
aa-1bb
1
0
3
0
1
2
3
4
5
6
7
a3b
ullamcoalaborisafooautaaliquipaexaeaacommodoaconsequat.aDuisaaute
ullamcoalaboris
ullamcoalaborisafooautaaliquipaexaeaacommodoaconsequat.aDuisaaute
0
0
1
1
1
1
0
1
90
0
0
airureafooainareprehenderitainavoluptateavelitaesseacillumadoloreaeuafugiatanullaapariatur.
1
1
0
1
2
3
4
5
6
7
3
0
1
2
3
4
5
6
7
270
0
1
2
3
4
5
6
7
airureafooainareprehenderitainavoluptateavelitaesseacillumadoloreaeuafugiatanullaapariatur.
810
1
irure
irure
-1
a-1b
a-1b
a-1b
 irure
0
0
0
100
300
0
airureafooainareprehenderitainavoluptateavelitaesseacillumadoloreaeuafugiatanullaapariatur.
310
0
1
2
3
4
5
6
7
930
1
-1
0
a0b
1
a1b
0
irure
0
1
-1
airureafooainareprehenderitainavoluptateavelitaesseacillumadoloreaeuafugiatanullaapariatur.
irure
10-1
10-1
1
3
0
-1
1
90
1
90
0
0
0
-1
1
1
90
0
1
-1
-1
0
0
-1
0
irure
-3
-1
10-1
1
 irure
a1b
irure
0
1
2
3
4
5
6
7
0r
-90
-11
a-11b
airureafooumadoloreaeuafugiatanullaapariatur.
101
airure
a101b
1
0
0
10
30
3
airureafooainareprehenderitainavoluptateavelitaesseacillumadoloreaeuafugiatanullaapariatur.
1
11
1
1
airureafooainareprehenderitainavoluptateavelitaesseacillumadoloreaeuafugiatanullaapariatur.
-1
1
1
a1b
0
1
0
a0b
0
-1
-90
0
0
airure
airureafooainareprehenderitainavoluptateavelitaesseacillumadoloreaeuafugiatanullaapariatur.
0
1
0
1
2
3
4
5
6
7
0
0
0
0
0
irure
-2
0
0
airureafooainareprehenderitainavoluptateavelitaesseacillumadoloreaeuafugiatanullaapariatur.
0
0
a0b
0
1
90
1
1
0
1
0
0
100
9000
irure
27000
a27000b
-2
-180
-170
0
1
2
3
4
5
6
7
1
0
irure
-1
1
11
0
1
2
3
4
5
6
7
0
0
 irure
1
1
1
90
airureafooainareprehenderitainavoluptateavelitaesseacillumadoloreaeuafugiatanullaapariatur.
270
-270
1
a1b
irure
-2
0
1
2
3
4
5
6
7
0
1
2
3
4
5
6
7
0
1
2
3
4
5
6
7
airureafooainareprehenderitainavoluptateavelitaesseacillumadoloreaeuafugiatanullaapariatur.
airureafooainareprehenderitainavoluptateavelitaesseacillumadoloreaeuafugiatanullaapariatur.
-6
0
1
0
airure
irure
0
a0b
a0b
0
0
0
0
-1
1
1
101
303
0
1
2
3
4
5
6
7
airureafooainareprehenderitainavoluptateavelitaesseacillumadoloreaeuafugiatanullaapariatur.
0
a0b
a0b
aa0bb
aa0bb
0
0
10
0
0
0
0
irure
100
300
a300b
a300b
0
-2
 irure
a-2b
a-2b
0
irure
0
irure
airureafooainareprehenderitainavoluptateavelitaesseacillumadoloreaeuafugiatanullaapariatur.
1
3
airureafooainareprehenderitainavoluptateavelitaesseacillumadoloreaeuafugiatanullaapariatur.
a3b
0
0
-2
 irure
2
airureafooainareprehenderitainavoluptateavelitaesseacillumadoloreaeuafugiatanullaapariatur.
-2
0
0
100
110
0
airureafooainareprehenderitainavoluptateavelitaesseacillumadoloreaeuafugiatanullaapariatur.
0
airureafooainareprehenderitainavoluptateavelitaesseacillumadoloreaeuafugiatanullaapariatur.
100
0
12
0
irure
100
1
0
1
2
3
4
5
6
7
90
270
0
10
0
30
0
airureafooainareprehenderitainavoluptateavelitaesseacillumadoloreaeuafugiatanullaapariatur.
airureafooainareprehenderitainavoluptateavelitaesseacillumadoloreaeuafugiatanullaapariatur.
28
-28
-2520
1
3
a3b
-2
1
0
1
2
3
4
5
6
7
0
0
0
1
2
3
4
5
6
7
 irure
0
0
100
irure
airureafooainareprehenderitainavoluptateavelitaesseacillumadoloreaeuafugiatanullaapariatur.
 irure
-1
1
0
0
1
2
3
4
5
6
7
3
0
0
irure
airureafooainareprehenderitainavoluptateavelitaesseacillumadoloreaeuafugiatanullaapariatur.
0
1
0
0
1
2
3
4
5
6
7
0
airureafooainareprehenderitainavoluptateavelitaesseacillumadoloreaeuafugiatanullaapariatur.
0
0
0
0
airureafooainareprehenderitainavoluptateavelitaesseacillumadoloreaeuafugiatanullaapariatur.
0
airureafooainareprehenderitainavoluptateavelitaesseacillumadoloreaeuafugiatanullaapariatur.
0
0
0
1
2
3
4
5
6
7
0
0
-2
0
-1
0
0
0
0
1
-1
-1
a-1b
0
1
1
1
-1
-1
-1
9
1
irure
 irure
1
a1b
0
0
100
 irure
 irure
12
12
airureafooainareprehenderitainavoluptateavelitaesseacillumadoloreaeuafugiatanullaapariatur.
10
0
0
0
-1
airureafooainareprehenderitainavoluptateavelitaesseacillumadolouafugiatanullaapariatur.
a-1b
10a-1b
0
0
0
0
0
0

6
7
0
0
0
0
0
100
airureur.
98
-98
-100
0
0
airureafooainareprehenderitainavoluptateavelitaesseacillumadoloreaeuafugiatanullaapariatur.
1
-1
1
90
airureafooainareprehenderitainavoluptateavelitaesseacillumadoloreaeuafugiatanullaapariatur.
1
0
airureafooainareprehenderitainavoluptateavelitaesseacillumadoloreaeuafugiatanullaapariatur.
airureafooainareprehenderitainavoluptateavelitaesseacillumadoloreaeuafugiatanullaapariatur.
90
11
airureafooainareprehenderitainavoluptateavelitaesseacillumadoloreaeuafugiatanullaapariatur.
1
airure
0
0
1
0
airureafooainareprehenderitainavoluptateavelitaesseacillumadoloreaeuafugiatanullaapariatur.
3
0
irure
0
airure
0
irure
0
0
-2
airureafooainareprehenderitainavoluptateavelitaesseacillumadoloreaeuafugiatanullaapariatur.
-1
1
11
1
-1
airureafooainareprehenderitainavoluptateavelitaesseacillumadoloreaeuafugiatanullaapariatur.
-90
airureafooainareprehenderitainavoluptateavelitaesseacillumadoloreaeuafugiatanullaapariatur.
0
0
0
0
1
0
100
airureafooainareprehenderitainavoluptateavelitaesseacillumadoloreaeuafugiatanullaapariatur.
irure
airureafooainareprehenderitainavoluptateavelitaesseacillumadoloreaeuafugiatanullaapariatur.
0
1
2
3
4
5
6
7
-1
9
19
29
airureafooainareprehenderitainavoluptateavelitaesseacillumadoloreaeuafugiatanullaapariatur.
airureafooainareprehenderitainavoluptateavelitaesseacillumadoloreaeuafugiatanullaapariatur.
irure
27
25
0
0
1
a1b
10a1b
10a1b
0
1
2
3
4
5
6
7
irure
0
0
1
0
100
airureafhenderitainavoluptateavelitaesseacillumadolorllaapariatur.
10100
0
0
1010100
1
irure
airure
0
10b
1
11
1
90
1
0
0
0
0
1
2
3
4
5
6
7
0
a0b
airureafooainareprehenderitainavoluptateavelitaesseacillumadoloreaeuafugiatanullaapariatur.
aa0bb
10
20
0
1
0
1
2
3
4
5
6
7
irure
0
irure
0
100
12
1012
airureafooainareprehenderitainavoluptateavelitaesseacillumadoloreaeuafugiatanullaapariatur.
101012
-101012
0
0
0
100
a100b
0
10
0
0
100
-100
 irure
-90
1
 irure
1
90
11
1
-1
9
0
1
2
3
4
5
6
7
1
1
0
0
0
1
3
1
90
100
0
airureafooainareprehenderitainavoluptateavelitaesseacillumadoloreaeuafugiatanullaapariatur.
0
0
0
0
1
2
3
4
5
6
7
0
0
0
0
0
1
2
3
4
5
6
7
0
0
1
2
3
4
5
6
7
 irure
10
 irure
1
90
irure
90
1090
1088
1098
0
airureafooainareprehenderitainavoluptateavelitaesseacillumadoloreaeuafugiatanullaapariatur.
0
airureafooainareprehenderitainavoluptateavelitaesseacillumadoloreaeuafugiatanullaapariatur.
0
-2
0
a0b
0
1
-1
airureafooainareprehenderitainavoluptateavelitaesseacillumadoloreaeuafugiatanullaapariatur.
airureafooainareprehenderitainavoluptateavelitaesseacillumadoloreaeuafugiatanullaapariatur.
1
1
0
0
0
-2
0
a0b
0
10
1
0
-1
-90
0
0
0
0
0
100
-100
-12
0
airureafooainareprehenderitainavoluptateavelitaesseacillumadoloreaeuafugiatanullaapariatur.
irure
0
airure
0
irure
0
0
1
a1b
-2
airureafooainareprehenderitainavoluptateavelitaesseacillumadoloreaeuafugiatanullaapariatur.
0
0
0
0
airureafooainareprehenderitainavoluptateavelitaesseacillumadoloreaeuafugiatanullaapariatur.
airureafooainareprehenderitainavoluptateavelitaesseacillumadoloreaeuafugiatanullaapariatur.
0
1
2
3
4
5
6
7
airureafooainareprehenderitainavoluptateavelitaesseacillumadoloreaeuafugiatanullaapariatur.
airure
a0b
1
0
-1
0
10
1
1
101
99
1099
irure
-1099
0
-1099
0
irure
100
300
10300
-1
a-1b
irure
10a-1b
airureafooainareprehenderitainavoluptateavelitaesseacillumadoloreaeuafugiatanullaapariatur.
0
irure
1
-1
0
-1
0
1
2
3
4
5
6
7
-3
irure
1
90
1
11
irure
1
101
101
99
0
a99b
1
-1
1
3
9
9
a9b
0
a0b
1
-1
0
100
0
1
2
3
4
5
6
7
a100b
0
0
10
0
-10
0
1
2
3
4
5
6
7
-12
-2
airureafooainareprehenderitainavoluptateavelitaesseacillumadoloreaeuafugiatanullaapariatur.
0
 irure
0
airureafooainareprehenderitainavoluptateavelitaesseacillumadoloreaeuafugiatanullaapariatur.
1
-1
9
-9
1
 irure
1
-1
0
0
1
2
3
4
5
6
7
0
a0b
airureafooainareprehenderitainavoluptateavelitaesseacillumadoloreaeuafugiatanullaapariatur.
10
irure
0
1
3
0
0
irure
1
airureafooainareprehenderitainavoluptateavelitaesseacillumadoloreaeuafugiatanullaapariatur.
-1
0
1
2
3
4
5
6
7
9
810
101
0
a0b
0
0
0
1
2
3
4
5
6
7
0
airureafooainareprehenderitainavoluptateavelitaesseacillumadoloreaeuafugiatanullaapariatur.
-2
-6
airure
4
0
-2
 irure
0
1
2
3
4
5
6
7
irure
2
 irure
irure
0
irure
1
1
1
0
0
airureafooainareprehenderitainavoluptateavelitaesseacillumadoloreaeuafugiatanullaapariatur.
0
0
0
-1
-90
-90
0
1
2
3
4
5
6
7
0
1
2
3
4
5
6
7
-270
irure
airureafooainareprehenderitainavoluptateavelitaesseacillumadoloreaeuafugiatanullaapariatur.
-260
0
1
2
3
4
5
6
7
 irure
0
1
2
3
4
5
6
7
0
0
0
airureafooainareprehenderitainavoluptateavelitaesseacillumadoloreaeuafugiatanullaapariatur.
1
0
1
2
3
4
5
6
7
-1
irure
irure
airureafooainareprehenderitainavoluptateavelitaesseacillumadoloreaeuafugiatanullaapariatur.
-1
1
3
3
a3b
1
airureafooainareprehenderitainavoluptateavelitaesseacillumadoloreaeuafugiatanullaapariatur.
0
0
100
0
0
0
-1
a-1b
0
1
2
3
4
5
6
7
airureafooainareprehenderitainavoluptateavelitaesseacillumadoloreaeuafugiatanullaapariatur.
0
0
1
2
3
4
5
6
7
0
1
2
3
4
5
6
7
1
101
0
0
1
0
0
-1
1
-1
-3
0
3
-3
10-3
1010-3
1008
1
1
11
1011
airure
-1
0
1
2
3
4
5
6
7
0
0
100
irure
0
irure
100
-1
0
1
2
3
4
5
6
7
1
a1b
0
0
0
a0b
aa0bb
airureafooainareprehenderitainavoluptateavelitaesseacillumadoloreaeuafugiatanullaapariatur.
1
11
irure
-11
-33
33
99
97
95
a95b
-2
airure
1
a1b
1
1
3
1
0
0
a0b
0
100
0
0
irure
0
airureafooainareprehenderitainavoluptateavelitaesseacillumadoloreaeuafugiatanullaapariatur.
-1
-90
0
1
3
13
1
0
0
airure
-1
0
1
a1b
0
1
airureafooainareprehenderitainavoluptateavelitaesseacillumadoloreaeuafugiatanullaapariatur.
0
0
10
30
2700
airureafooainareprehenderitainavoluptateavelitaesseacillumadoloreaeuafugiatanullaapariatur.
1
irure
1
airureafooainareprehenderitainavoluptateavelitaesseacillumadoloreaeuafugiatanullaapariatur.
11
33
1
90
88
1
0
1
101
10101
1
1
0
0
-1
0
0
10
8
airureafooainareprehenderitainavoluptateavelitaesseacillumadoloreaeuafugiatanullaapariatur.
1
0
100
-100
-90
a-90b
0
100
10100
0
-2
irure
a-2b
 irure
aa-2bb
 irure
1
a1b
0
1
2
3
4
5
6
7
1
101
10101
-1
-1
a-1b
0
0
0
1
2
3
4
5
6
7
 irure
0
0
airureafooainareprehenderitainavoluptateavelitaesseacillumadoloreaeuafugiatanullaapariatur.
 irure
 irure
10
1
0
0
1
2
3
4
5
6
7
 irure
a0b
1
1
-1
-1
1
-1
0
1
2
3
4
5
6
7
0
-3
-5
a-5b
airureafooainareprehenderitainavoluptateavelitaesseacillumadoloreaeuafugiatanullaapariatur.
aa-5bb
0
1
2
3
4
5
6
7
aa-5bb
irure
0
0
irure
100
9000
27000
0
0
0
0
1
2
3
4
5
6
7
0
100
0
0
10
900
898
 irure
112
336
0
0
0
0
1
1
irure
101
-1
0
1
2
3
4
5
6
7
 irure
0
1
1
0
0
 irure
100
airureafooainareprehenderitainavoluptateavelitaesseacillumadoloreaeuafugiatanullaapariatur.
airureafooainareprehenderitainavoluptateavelitaesseacillumadoloreaeuafugiatanullaapariatur.
12
0
1
2
3
4
5
6
7
0
0
irure
1
airureafooainareprehenderitainavoluptateavelitaesseacillumadoloreaeuafugiatanullaapariatur.
0
1
0
0
0
0
irure
airureafooainareprehenderitainavoluptateavelitaesseacillumadoloreaeuafugiatanullaapariatur.
10
-10
airureafooainareprehenderitainavoluptateavelitaesseacillumadoloreaeuafugiatanullaapariatur.
airureafooainareprehenderitainavoluptateavelitaesseacillumadoloreaeuafugiatanullaapariatur.
airureafooainareprehenderitainavoluptateavelitaesseacillumadoloreaeuafugiatanullaapariatur.
airureafooainareprehenderitainavoluptateavelitaesseacillumadoloreaeuafugiatanullaapariatur.
0
0
irure
0
-1
-90
0
100
98
irure
108
1
11
21
0
1
2
3
4
5
6
7
31
1031
 irure
0
1
2
3
4
5
6
7
1031
1
1
 irure
90
11
21
1021
1
tanullaapariatur.
-276
7
airureafooainareprehenderitainavoluptateavelitaesseacillumadoloreaeuafugiatanullaapariatur.
0
0
-2
0
0
-1
-3
0
1
2
3
4
5
6
7
0
1
2
3
4
5
6
7
-1
airureafooainareprehenderitainavoluptateavelitaesseacillumadoloreaeuafugiatanullaapariatur.
-1
a-1b
a-1b
airureafooainareprehenderitainavoluptateavelitaesseacillumadoloreaeuafugiatanullaapariatur.
airureafooainareprehenderitainavoluptateavelitaesseacillumadoloreaeuafugiatanullaapariatur.
airure
0
1
2
3
4
5
6
7
aa-1bb
1
0
3
0
1
2
3
4
5
6
7
a3b
airureafooainareprehenderitainavoluptateavelitaesseacillumadoloreaeuafugiatanullaapariatur.
airure
airureafooainareprehenderitainavoluptateavelitaesseacillumadoloreaeuafugiatanullaapariatur.
0
0
1
1
1
1
0
1
90
0
0
aExcepteurafooaoccaecatacupidatatanonaproident,asuntainaculpaaquiaofficiaadeserunt
1
1
0
1
2
3
4
5
6
7
3
0
1
2
3
4
5
6
7
270
0
1
2
3
4
5
6
7
aExcepteurafooaoccaecatacupidatatanonaproident,asuntainaculpaaquiaofficiaadeserunt
810
1
Excepteur
Excepteur
-1
a-1b
a-1b
a-1b
 Excepteur
0
0
0
100
300
0
aExcepteurafooaoccaecatacupidatatanonaproident,asuntainaculpaaquiaofficiaadeserunt
310
0
1
2
3
4
5
6
7
930
1
-1
0
a0b
1
a1b
0
Excepteur
0
1
-1
aExcepteurafooaoccaecatacupidatatanonaproident,asuntainaculpaaquiaofficiaadeserunt
Excepteur
10-1
10-1
1
3
0
-1
1
90
1
90
0
0
0
-1
1
1
90
0
1
-1
-1
0
0
-1
0
Excepteur
-3
-1
10-1
1
 Excepteur
a1b
Excepteur
0
1
2
3
4
5
6
7
0
1
2
3
4
5
6
7
 Excepteur
0
0
0
0
10
0
1
1
Excepteur
0
1
2
3
4
5
6
7
1
-1
1
0
1
2
3
4
5
6
7
0
1
3
0
-1
0
0
0
0
10
aExcepteurafooaoccaecatacupidatatanonaproident,asuntainaculpaaquiaofficiaadeserunt
10
0
0
100
1
Excepteur
1
101
111
1
-1
-1
1
11
-11
aExcepteurafooaoccaecatacupidatatanonaproident,asuntainaculpaaquiaofficiaadeserunt
-1
-90
-11
a-11b
aExcepteurafooaoccaecatacupidatatanonaproident,asuntainaculpaaquiaofficiaadeserunt
1
aExcepteurafooaoccaecatacupidatatanonaproident,asuntainaculpaaquiaofficiaadeserunt
101
aExcepteur
a101b
1
0
0
10
30
3
aExcepteurafooaoccaecatacupidatatanonaproident,asuntainaculpaaquiaofficiaadeserunt
1
11
1
1
aExcepteurafooaoccaecatacupidatatanonaproident,asuntainaculpaaquiaofficiaadeserunt
-1
1
1
a1b
0
1
0
a0b
0
-1
-90
0
0
aExcepteur
aExcepteurafooaoccaecatacupidatatanonaproident,asuntainaculpaaquiaofficiaadeserunt
0
1
0
1
2
3
4
5
6
7
0
0
0
0
0
Excepteur
-2
0
0
aExcepteurafooaoccaecatacupidatatanonaproident,asuntainaculpaaquiaofficiaadeserunt
0
0
a0b
0
1
90
1
1
0
1
0
0
100
9000
Excepteur
27000
a27000b
-2
-180
-170
0
1
2
3
4
5
6
7
1
0
Excepteur
-1
1
11
0
1
2
3
4
5
6
7
0
0
 Excepteur
1
1
1
90
aExcepteurafooaoccaecatacupidatatanonaproident,asuntainaculpaaquiaofficiaadeserunt
270
-270
1
a1b
Excepteur
-2
0
1
2
3
4
5
6
7
0
1
2
3
4
5
6
7
0
1
2
3
4
5
6
7
aExcepteurafooaoccaecatacupidatatanonaproident,asuntainaculpaaquiaofficiaadeserunt
aExcepteurafooaoccaecatacupidatatanonaproident,asuntainaculpaaquiaofficiaadeserunt
-6
0
1
0
aExcepteur
Excepteur
0
a0b
a0b
0
0
0
0
-1
1
1
101
303
0
1
2
3
4
5
6
7
aExcepteurafooaoccaecatacupidatatanonaproident,asuntainaculpaaquiaofficiaadeserunt
0
a0b
a0b
aa0bb
aa0bb
0
0
10
0
0
0
0
Excepteur
100
300
a300b
a300b
0
-2
 Excepteur
a-2b
a-2b
0
Excepteur
0
Excepteur
aExcepteurafooaoccaecatacupidatatanonaproident,asuntainaculpaaquiaofficiaadeserunt
1
3
aExcepteurafooaoccaecatacupidatatanonaproident,asuntainaculpaaquiaofficiaadeserunt
a3b
0
0
-2
 Excepteur
2
aExcepteurafooaoccaecatacupidatatanonaproident,asuntainaculpaaquiaofficiaadeserunt
-2
0
0
100
110
0
aExcepteurafooaoccaecatacupidatatanonaproident,asuntainaculpaaquiaofficiaadeserunt
0
aExcepteurafooaoccaecatacupidatatanonaproident,asuntainaculpaaquiaofficiaadeserunt
100
0
12
0
Excepteur
100
1
0
1
2
3
4
5
6
7
90
270
0
10
0
30
0
aExcepteurafooaoccaecatacupidatatanonaproident,asuntainaculpaaquiaofficiaadeserunt
aExcepteurafooaoccaecatacupidatatanonaproident,asuntainaculpaaquiaofficiaadeserunt
28
-28
-2520
1
3
a3b
-2
1
0
1
2
3
4
5
6
7
0
0
0
1
2
3
4
5
6
7
 Excepteur
0
0
100
Excepteur
aExcepteurafooaoccaecatacupidatatanonaproident,asuntainaculpaaquiaofficiaadeserunt
 Excepteur
-1
1
0
0
1
2
3
4
5
6
7
3
0
0
Excepteur
aExcepteurafooaoccaecatacupidatatanonaproident,asuntainaculpaaquiaofficiaadeserunt
0
1
0
0
1
2
3
4
5
6
7
0
aExcepteurafooaoccaecatacupidatatanonaproident,asuntainaculpaaquiaofficiaadeserunt
0
0
0
0
aExcepteurafooaoccaecatacupidatatanonaproident,asuntainaculpaaquiaofficiaadeserunt
0
aExcepteurafooaoccaecatacupidatatanonaproident,asuntainaculpaaquiaofficiaadeserunt
0
0
0
1
2
3
4
5
6
7
0
0
-2
0
-1
0
0
0
0
1
-1
-1
a-1b
0
1
1
1
-1
-1
-1
9
1
Excepteur
 Excepteur
1
a1b
0
0
100
 Excepteur
 Excepteur
12
12
aExcepteurafooaoccaecatacupidatatanonaproident,asuntainaculpaaquiaofficiaadeserunt
10
0
0
0
-1
aExcepteurafooaoccaecatacupidatatanonaproident,asuntainaculpaaquiaofficiaadeserunt
a-1b
10a-1b
0
0
0
0
0
0
1
2
3
4
5
6
7
0
-1
0
-3
-5
-450
0
1
2
3
4
5
6
7
-450
1
a1b
aExcepteur
10
8
0
0
a0b
0
10
900
-900
0
0
aExcepteur
0
a0b
1
Excepteur
Excepteur
aExcepteurafooaoccaecatacupidatatanonaproident,asuntainaculpaaquiaofficiaadeserunt
0
0
0
1
2
3
4
5
6
7
0
0
0
0
0
100
aExcepteurafooaoccaecatacupidatatanonaproident,asuntainaculpaaquiaofficiaadese98
-98
-100
0
0
aExcepteutacupidatatanonaproident,asuntainaculpaaquiaofficiiaadeserunt
1
aExcepteur
0
0
1
0
aExcepteurafooaoccaecatacupidatatanonaproident,asuntainaculpaaquiaofficiaadeserunt
3
0
Excepteur
0
aExcepteur
0
Excepteur
0
0
-2
aExcepteurafooaoccaecatacupidatatanonaproident,asuntainaculpaaquiaofficiaadeserunt
-1
1
11
1
-1
aExcepteurafooaoccaecatacupidatatanonaproident,asuntainaculpaaquiaofficiaadeserunt
-90
aExcepteurafooaoccaecatacupidatatanonaproident,asuntainaculpaaquiaofficiaadeserunt
0
0
0
0
1
0
100
aExcepteurafooaoccaecatacupidatatanonaproident,asuntainaculpaaquiaofficiaadeserunt
Excepteur
aExcepteurafooaoccaecatacupidatatanonaproident,asuntainaculpaaquiaofficiaadeserunt
0
1
2
3
4
5
6
7
-1
9
19
29
aExcepteurafooaoccaecatacupidatatanonaproident,asuntainaculpaaquiaofficiaadeserunt
aExcepteurafooaoccaecatacupidatatanonaproident,asuntainaculpaaquiaofficiaadeserunt
Excepteur
27
25
0
0
1
a1b
10a1b
10a1b
0
1
2
3
4
5
6
7
Excepteur
0
0
1
0
100
aExcepteurafooaoccaecatacupidatatanonaproident,asuntainaculpaaquiaofficiaadeserunt
10100
0
0
1010100
1
Excepteur
aExcepteur
0
1
101
12
0
100
12
0
100
a100b
0
0
0
0
a0b
1
11
1
90
1
0
0
0
0
1
2
3
4
5
6
7
0
a0b
aExcepteurafooaoccaecatacupidatatanonaproident,asuntainaculpaaquiaofficiaadeserunt
aa0bb
10
20
0
1
0
1
2
3
4
5
6
7
Excepteur
0
Excepteur
0
100
12
1012
aExcepteurafooaoccaecatacupidatatanonaproident,asuntainaculpaaquiaofficiaadeserunt
101012
-101012
0
0
0
100
a100b
0
10
0
0
100
-100
 Excepteur
-90
1
 Excepteur
1
90
11
1
-1
9
0
1
2
3
4
5
6
7
1
1
0
0
0
1
3
1
90
100
0
aExcepteurafooaoccaecatacupidatatanonaproident,asuntainaculpaaquiaofficiaadeserunt
0
0
0
0
1
2
3
4
5
6
7
0
0
0
0
0
1
2
3
4
5
6
7
0
0
1
2
3
4
5
6
7
 Excepteur
10
 Excepteur
1
90
Excepteur
90
1090
1088
1098
0
aExcepteurafooaoccaecatacupidatatanonaproident,asuntainaculpaaquiaofficiaadeserunt
0
aExcepteurafooaoccaecatacupidatatanonaproident,asuntainaculpaaquiaofficiaadeserunt
0
-2
0
a0b
0
1
-1
aExcepteurafooaoccaecatacupidatatanonaproident,asuntainaculpaaquiaofficiaadeserunt
aExcepteurafooaoccaecatacupidatatanonaproident,asuntainaculpaaquiaofficiaadeserunt
1
1
0
0
0
-2
0
a0b
0
10
1
0
-1
-90
0
0
0
0
0
100
-100
-12
0
aExcepteurafooaoccaecatacupidatatanonaproident,asuntainaculpaaquiaofficiaadeserunt
Excepteur
0
aExcepteur
0
Excepteur
0
0
1
a1b
-2
aExcepteurafooaoccaecatacupidatatanonaproident,asuntainaculpaaquiaofficiaadeserunt
0
0
0
0
aExcepteurafooaoccaecatacupidatatanonaproident,asuntainaculpaaquiaofficiaadeserunt
aExcepteurafooaoccaecatacupidatatanonaproident,asuntainaculpaaquiaofficiaadeserunt
0
1
2
3
4
5
6
7
aExcepteurafooaoccaecatacupidatatanonaproident,asuntainaculpaaquiaofficiaadeserunt
aExcepteur
a0b
1
0
-1
0
10
1
1
101
99
1099
Excepteur
-1099
0
-1099
0
Excepteur
100
300
10300
-1
0
-3
-5
a-5b
aExcepteurafooaoccaecatacupidatatanonaproident,asuntainaculpaaquiaofficiaadeserunt
aa-5bb
0
1
2
3
4
5
6
7
aa-5bb
Excepteur
0
0
Excepteur
100
9000
27000
0
0
0
0
1
2
3
4
5
6
7
0
100
0
0
10
900
898
aExcepteur
112
336
0
0
0
0
1
1
Excepteur
101
-1
0
1
2
3
4
5
6
7
aExcepteur
0
1
1
0
0
aExcepteur
100
aExcepteurafooaoccaecatacupidatatanonaproident,asuntainaculpaaquiaofficiaadeserunt
aExcepteurafooaoccaecatacupidatatanonaproident,asuntainaculpaaquiaofficiaadeserunt
12
0
1
2
3
4
5
6
7
0
0
Excepteur
1
aExcepteurafooaoccaecatacupidatatanonaproident,asuntainaculpaaquiaofficiaadeserunt
0
1
0
0
0
0
Excepteur
aExcepteurafooaoccaecatacupidatatanonaproident,asuntainaculpaaquiaofficiaadeserunt
10
-10
aExcepteurafooaoccaecatacupidatatanonaproident,asuntainaculpaaquiaofficiaadeserunt
aExcepteurafooaoccaecatacupidatatanonaproident,asuntainaculpaaquiaofficiaadeserunt
aExcepteurafooaoccaecatacupidatatanonaproident,asuntainaculpaaquiaofficiaadeserunt
aExcepteurafooaoccaecatacupidficiaadeserunt
0
1
2
3
4
serunt
-270
0
1
2
3
4
5
6
7
aExcepteurafooaoccaecatacupidatatanonaproident,asuntainaculpaaquiaofficiaadeserunt
0
0
-2
0
0
-1
-3
0
1
2
3
4
5
6
7
0
1
2
3
4
5
6
7
-1
aExcepteurafooaoccaecatacupidatatanonaproident,asuntainaculpaaquiaofficiaadeserunt
-1
a-1b
a-1b
aExcepteurafooaoccaecatacupidatatanonaproident,asuntainaculpaaquiaofficiaadeserunt
aExcepteurafooaoccaecatacupidatatanonaproident,asuntainaculpaaquiaofficiaadeserunt
aExcepteur
0
1
2
3
4
5
6
7
aa-1bb
1
0
3
0
1
2
3
4
5
6
7
a3b
aExcepteurafooaoccaecatacupidatatanonaproident,asuntainaculpaaquiaofficiaadeserunt
aExcepteur
aExcepteurafooaoccaecatacupidatatanonaproident,asuntainaculpaaquiaofficiaadeserunt
0
0
1
1
1
1
0
1
90
0
0
amollitafooaidaestalaborum.
1
1
0
1
2
3
4
5
6
7
3
0
1
2
3
4
5
6
7
270
0
1
2
3
4
5
6
7
amollitafooaidaestalaborum.
810
1
mollit
mollit
-1
a-1b
a-1b
a-1b
 mollit
0
0
0
100
300
0
amollitafooaidaestalaborum.
310
0
1
2
3
4
5
6
7
930
1
-1
0
a0b
1
a1b
0
mollit
0
1
-1
amollitafooaidaestalaborum.
mollit
10-1
10-1
1
3
0
-1
1
90
1
90
0
0
0
-1
1
1
90
0
1
-1
-1
0
0
-1
0
mollit
-3
-1
10-1
1
 mollit
a1b
mollit
0
1
2
3
4
5
6
7
0
1
2
3
4
5
6
7
 mollit
0
0
0
0
10
0
1
1
mollit
0
1
2
3
4
5
6
7
1
-1
1
0
1
2
3
4
5
6
7
0
1
3
0
-1
0
0
0
0
10
amollitafooaidaestalaborum.
10
0
0
100
1
mollit
1
101
111
1
-1
-1
1
11
-11
amollitafooaidaestalaborum.
-1
-90
-11
a-11b
amollitafooaidaestalaborum.
1
amollitafooaidaestalaborum.
101
amollit
a101b
1
0
0
10
30
3
amollitafooaidaestalaborum.
1
11
1
1
amollitafooaidaestalaborum.
-1
1
1
a1b
0
1
0
a0b
0
-1
-90
0
0
amollit
amollitafooaidaestalaborum.
0
1
0
1
2
3
4
5
6
7
0
0
0
0
0
mollit
-2
0
0
amollitafooaidaestalaborum.
0
0
a0b
0
1
90
1
1
0
1
0
0
100
9000
mollit
27000
a27000b
-2
-180
-170
0
1
2
3
4
5
6
7
1
0
mollit
-1
1
11
0
1
2
3
4
5
6
7
0
0
 mollit
1
1
1
90
amollitafooaidaestalaborum.
270
-270
1
a1b
mollit
-2
0
1
2
3
4
5
6
7
0
1
2
3
4
5
6
7
0
1
2
3
4
5
6
7
amollitafooaidaestalaborum.
amollitafooaidaestalaborum.
-6
0
1
0
amollit
mollit
0
a0b
a0b
0
0
0
0
-1
1
1
101
303
0
1
2
3
4
5
6
7
amollitafooaidaestalaborum.
0
a0b
a0b
aa0bb
aa0bb
0
0
10
0
0
0
0
mollit
100
300
a300b
a300b
0
-2
 mollit
a-2b
a-2b
0
mollit
0
mollit
amollitafooaidaestalaborum.
1
3
amollitafooaidaestalaborum.
a3b
0
0
-2
 mollit
2
amollitafooaidaestalaborum.
-2
0
0
100
110
0
amollitafooaidaestalaborum.
0
amollitafooaidaestalaborum.
100
0
12
0
mollit
100
1
0
1
2
3
4
5
6
7
90
270
0
10
0
30
0
amollitafooaidaestalaborum.
amollitafooaidaestalaborum.
28
-28
-2520
1
3
a3b
-2
1
0
1
2
3
4
5
6
7
0
0
0
1
2
3
4
5
6
7
 mollit
0
0
100
mollit
amollitafooaidaestalaborum.
 mollit1
a-1b
0
1
1
1
-1
-1
-1
9it
 mollitoll