1
1
101
0
1
2
3
4
5
6
7
0
-2
Loremipsum
0
0
1
0
0
-1
1
Lorem ipsum
Lorem ipsum dolor sit amet, 
0
1
2
3
4
5
6
7
Lorem ipsum dolor sit amet, 
Lorem ipsum
-1
9
Lorem ipsum dolor sit amet, 
0
1
Lorem ipsum
0
0
0
100
0
0
-2
2
12
0
0
Loremipsum
Lorem ipsum
0
0
-1
0
1
2
3
4
5
6
7
0
1
2
3
4

6
7
a1b
0
0
0
0
0
Lorem ipsum
1
1
90
Lorem ipsum0
a0b
10a0b
Loremaipsumafooasitaamet,a
900
1
3
Loremaipsumafooasitaamet,a
1
-1
9
0
0
1
Loremipsum
11
9
1
Loremipsum
Loremaipsumafooasitaamet,a
-1
Loremaipsumafooasitaamet,a
0
10-1
1
-1
0
0
Loremaipsumafooasitaamet,a
-2
Loremaipsum
-180
10-180
1010-180
1010-180
Loremaipsumafooasitaamet,a
a1010-180b
0
0
0
1
11
Loremipsum
-11
-13
13
1013
91170
11396
1025640
101025640
10101025640
0
0
0
0
10
Loremaipsumafooasitaamet,a
0
0
100
100
Loremipsum
300
900
1
1
a1b
0
0
0
Loremaipsumafooasitaamet,a
0
-2
0
-1
-3
0
0
0
1
-1
Loremaipsumafooasitaamet,a
0
Loremaipsumafooasitaamet,a
10
a10b
10a10b
0
0
1
a1b
Lorem ipsum
1
0
0
0
0
1
-1
a-1b
0
0
0
0
1
-1
Loremaipsumafooasitaamet,a
9
0
1
2
3
4
5
6
7
0
1
2
3
4
5
6
7
9
0
1
101
0
1
2
3
4
5
6
7
0
-2
consecteturadipiscing
0
0
1
0
0
-1
1
consectetur adipiscing
consectetur adipiscing elit, sed do eiusmod tempor
0
1
2
3
4
5
6
7
consectetur adipiscing elit, sed do eiusmod tempor
consectetur adipiscing
-1
9
consectetur adipiscing elit, sed do eiusmod tempor
0
1
consectetur adipiscing
0
0
0
100
0
0
-2
2
12
0
0
consecteturadipiscing
consectetur adipiscing
0
0
-1
0
1
2
3
4
5
6
7
0
1
2
3
4
5
6
7
-3
0
0
1
0
1
2
3
4
5
6
7
a1b
0
0
0
0
0
consectetur adipiscing
0
0
consecteturaadipiscingafooasedadoaeiusmodatempor
0
1
-1
-3
0
1
2
3
4
5
6
7
7
630
1
1
consecteturaadipiscingafooasedadoaeiusmodatempor
-1
consecteturaadipiscing
1
1
90
consectetur adipiscing
1090
1
consecteturaadipiscingafooasedadoaeiusmodatempor
0
0
0
a0b
10a0b
consecteturaadipiscingafooasedadoaeiusmodatempor
900
1
3
consecteturaadipiscingafooasedadoaeiusmodatempor
1
-1
9
0
0
1
consecteturadipiscing
11
9
1
consecteturadipiscing
consecteturaadipiscingafooasedadoaeiusmodatempor
-1
consecteturaadipiscingafooasedadoaeiusmodatempor
0
10-1
1
-1
0
0
consecteturaadipiscingafooasedadoaeiusmodatempor
-2
consecteturaadipiscing
-180
10-180
1010-180
1010-180
consecteturaadipiscingafooasedadoaeiusmodatempor
a1010-180b
0
0
0
1
11
consecteturadipiscing
-11
-13
13
1013
91170
11396
1025640
101025640
10101025640
0
0
0
0
10
consecteturaadipiscingafooasedadoaeiusmodatempor
0
0
100
100
consecteturadipiscing
300
900
1
1
a1b
0
0
0
consecteturaadipiscingafooasedadoaeiusmodatempor
0
-2
0
-1
-3
0
0
0
1
-1
consecteturaadipiscingafooasedadoaeiusmodatempor
0
consecteturaadipiscingafooasedadoaeiusmodatempor
10
a10b
10a10b
0
0
1
a1b
consectetur adipiscing
1
0
0
0
0
1
-1
a-1b
0
0
0
0
1
-1
consecteturaadipiscingafooasedadoaeiusmodatempor
9
0
1
2
3
4
5
6
7
0
1
2
3
4
5
6
7
9
0
1
101
0
1
2
3
4
5
6
7
0
-2
incididuntut
0
0
1
0
0
-1
1
incididunt ut
incididunt ut labore et dolore magna aliqua.
0
1
2
3
4
5
6
7
incididunt ut labore et dolore magna aliqua.
incididunt ut
-1
9
incididunt ut labore et dolore magna aliqua.
0
1
incididunt ut
0
0
0
100
0
0
-2
2
12
0
0
incididuntut
incididunt ut
0
0
-1
0
1
2
3
4
5
6
7
0
1
2
3
4
5
6
7
-3
0
0
1
0
1
2
3
4
5
6
7
a1b
0
0
0
0
0
incididunt ut
0
0
incididuntautafooaetadoloreamagnaaaliqua.
0
1
-1
-3
0
1
2
3
4
5
6
7
7
630
1
1
incididuntautafooaetadoloreamagnaaaliqua.
-1
incididuntaut
1
1
90
incididunt ut
1090
1
incididuntautafooaetadoloreamagnaaaliqua.
0
0
0
a0b
10a0b
incididuntautafooaetadoloreamagnaaaliqua.
900
1
3
incididuntautafooaetadoloreamagnaaaliqua.
1
-1
9
0
0
1
incididuntut
11
9
1
incididuntut
incididuntautafooaetadoloreamagnaaaliqua.
-1
incididuntautafooaetadoloreamagnaaaliqua.
0
10-1
1
-1
0
0
incididuntautafooaetadoloreamagnaaaliqua.
-2
incididuntaut
-180
10-180
1010-180
1010-180
incididuntautafooaetadoloreamagnaaaliqua.
a1010-180b
0
0
0
1
11
incididuntut
-11
-13
13
1013
91170
11396
1025640
101025640
10101025640
0
0
0
0
10
incididuntautafooaetadoloreamagnaaaliqua.
0
0
100
100
incididuntut
300
900
1
1
a1b
0
0
0
incididuntautafooaetadoloreamagnaaaliqua.
0
-2
0
-1
-3
0
0
0
1
-1
incididuntautafooaetadoloreamagnaaaliqua.
0
incididuntautafooaetadoloreamagnaaaliqua.
10
a10b
10a10b
0
0
1
a1b
incididunt ut
1
0
0
0
0
1
-1
a-1b
0
0
0
0
1
-1
incididuntautafooaetadoloreamagnaaaliqua.
9
0
1
2
3
4
5
6
7
0
1
2
3
4
5
6
7
9
0
1
101
0
1
2
3
4
5
6
7
0
-2
Utenim
0
0
1
0
0
-1
1
Ut enim
Ut enim ad minim veniam, quis nostrud exercitation 
0
1
2
3
4
5
6
7
Ut enim ad minim veniam, quis nostrud exercitation 
Ut enim
-1
9
Ut enim ad minim veniam, quis nostrud exercitation 
0
1
Ut enim
0
0
0
100
0
0
-2
2
12
0
0
Utenim
Ut enim
0
0
-1
0
1
2
3
4
5
6
7
0
1
2
3
4
5
6
7
-3
0
0
1
0
1
2
3
4
5
6
7
a1b
0
0
0
0
0
Ut enim
0
0
Utaenimafooaminimaveniam,aquisanostrudaexercitationa
0
1
-1
-3
0
1
2
3
4
5
6
7
7
630
1
1
Utaenimafooaminimaveniam,aquisanostrudaexercitationa
-1
Utaenim
1
1
90
Ut enim
1090
1
Utaenimafooaminimaveniam,aquisanostrudaexercitationa
0
0
0
a0b
10a0b
Utaenimafooaminimaveniam,aquisanostrudaexercitationa
900
1
3
Utaenimafooaminimaveniam,aquisanostrudaexercitationa
1
-1
9
0
0
1
Utenim
11
9
1
Utenim
Utaenimafooaminimaveniam,aquisanostrudaexercitationa
-1
Utaenimafooaminimaveniam,aquisanostrudaexercitationa
0
10-1
1
-1
0
0
Utaenimafooaminimaveniam,aquisanostrudaexercitationa
-2
Utaenim
-180
10-180
1010-180
1010-180
Utaenimafooaminimaveniam,aquisanostrudaexercitationa
a1010-180b
0
0
0
1
11
Utenim
-11
-13
13
1013
91170
11396
1025640
101025640
10101025640
0
0
0
0
10
Utaenimafooaminimaveniam,aquisanostrudaexercitationa
0
0
100
100
Utenim
300
900
1
1
a1b
0
0
0
Utaenimafooaminimaveniam,aquisanostrudaexercitationa
0
-2
0
-1
-3
0
0
0
1
-1
Utaenimafooaminimaveniam,aquisanostrudaexercitationa
0
Utaenimafooaminimaveniam,aquisanostrudaexercitationa
10
a10b
10a10b
0
0
1
a1b
Ut enim
1
0
0
0
0
1
-1
a-1b
0
0
0
0
1
-1
Utaenimafooaminimaveniam,aquisanostrudaexercitationa
9
0
1
2
3
4
5
6
7
0
1
2
3
4
5
6
7
9
0
1
101
0
1
2
3
4
5
6
7
0
-2
ullamcolaboris
0
0
1
0
0
-1
1
ullamco laboris
ullamco laboris nisi ut aliquip ex ea commodo consequat. Duis aute
0
1
2
3
4
5
6
7
ullamco laboris nisi ut aliquip ex ea commodo consequat. Duis aute
ullamco laboris
-1
9
ullamco laboris nisi ut aliquip ex ea commodo consequat. Duis 2
3
4
5
6
7
7
630
1
1
ullisafooautaaliquipaexaeaacommodoaconsequat.aDuisaaute
-1
ullamcoalaboris
1
1afooautaaliquipaexaeaacommodoaconsequat.aDuisaaute
900
1
3
ullamcoalaborisafooautaaliquipaexaeaamodoaconsequat.aDuisaaute
1
-1
9
0
0
1
ullamcolaboris
11
9
1
ullamcolaboris
ullamcoalaborisafooautaaliquipaexaeaacommodoaconsequat.aDuisaaute
-1
ullamcoalaborisafooautaaliquipaexaeaacommodoaconsequat.aDuisaaute
0
10-1
1
-1
0
0
ullamcoalaborisafooautaaliquipaexaeaacommodoaconsequat.aDuisaaute
-2
ull0
ullamcoalaborisafooautaaliquipaexaeaacommodoaconsequat.aDuisaaute
a1010-180b
0
0
0
1
11
ullamcolaboris
-11
-13
13
1013
91170
11396
1025640
101025640
10101025640
0
0
0
0
10
ullamcoalaborisafooautaaliquipaexaeaacommodoaconsequat.aDuisaaute
0
0
100
100
ullamcolaboris
300
900
1
1
a1b
0
0
0
ullamcoalaborisafooautaaliquipaexaeaacommodoaconsequat.aDuisaaute
0
-2
0
-1
-3
0
0
0
1
-1
ullamcoalaborisafooautaaliquipaexaeaacommodoaconsequat.aDuisaaute
0
ullamcoalaborisafooautaaliquipaexaeaacommodoaconsequat.aDuisaaute
10
a10b
10a10b
0
0
1
a1b
ullamco laboris
1
0
0
0
0
1
-1
a-1b
0
0
0
0
1
-1
ullamcoalaborisafooautaaliquipaexaeaacommodoaconsequat.aDuisaaute
9
0
1
2
3
4
5
6
7
0
1
2
3
4
5
6
7
9
0
1
101
0
1
2
3
4
5
6
7
0
-2
irure
0
0
1
0
0
-1
1
 irure
 irure dolor in reprehenderit in voluptate velit esse cillum dolore eu fugiat nulla pariatur.
0
1
2
3
4
5
6
7
 irure dolor in reprehenderit in voluptate velit esse cillum dolore eu fugiat nulla pariatur.
 irure
-1
9
 irure dolor in reprehenderit in voluptate velit esse cillum dolore eu fugiat nulla pariatur.
0
1
 irure
0
0
0
100
0
0
-2
2
12
0
0
irure
 irure
0
0
-1
0
1
2
3
4
5
6
7
0
1
2
3
4
5
6
7
-3
0
0
1
0
1
2
3
4
5
6
7
a1b
0
0
0
0
0
 irure
0
0
airureafooainareprehenderitainavoluptateavelitaesseacillumadoloreaeuafugiatanullaapariatur.
0
1
-1
-3
0
1
2
3
4
5
6
7
7
630
1
1
airureafooainareprehenderitainavoluptateavelitaesseacillumadoloreaeuafugiatanullaapariatur.
-1
airure
1
1
90
 irure
1090
1
airureafooainareprehenderitainavoluptateavelitaesseacillumadoloreaeuafugiatanullaapariatur.
0
0
0
a0b
10a0b
airureafooainareprehenderitainavoluptateavelitaesseacillumadoloreaeuafugiatanullaapariatur.
900
1
3
airureafooainareprehenderitainavoluptateavelitaesseacillumadoloreaeuafugiatanullaapariatur.
1
-1
9
0
0
1
irure
11
9
1
irure
airureafooainareprehenderitainavoluptateavelitaesseacillumadoloreaeuafugiatanullaapariatur.
-1
airureafooainareprehenderitainavoluptateavelitaesseacillumadoloreaeuafugiatanullaapariatur.
0
10-1
1
-1
0
0
airureafooainareprehenderitainavoluptateavelitaesseacillumadoloreaeuafugiatanullaapariatur.
-2
airure
-180
10-180
1010-180
1010-180
airureafooainareprehenderitainavoluptateavelitaesseacillumadoloreaeuafugiatanullaapariatur.
a1010-180b
0
0
0
1
11
irure
-11
-13
13
1013
91170
11396
1025640
101025640
10101025640
0
0
0
0
10
airureafooainareprehenderitainavoluptateavelitaesseacillumadoloreaeuafugiatanullaapariatur.
0
0
100
100
irure
300
900
1
1
a1b
0
0
0
airureafooainareprehenderitainavoluptateavelitaesseacillumadoloreaeuafugiatanullaapariatur.
0
-2
0
-1
-3
0
0
0
1
-1
airureafooainareprehenderitainavoluptateavelitaesseacillumadoloreaeuafugiatanullaapariatur.
0
airureafooainareprehenderitainavoluptateavelitaesseacillumadoloreaeuafugiatanullaapariatur.
10
a10b
10a10b
0
0
1
a1b
 irure
1
0
0
0
0
1
-1
a-1b
0
0
0
0
1
-1
airureafooainareprehenderitainavoluptateavelitaesseacillumadoloreaeuafugiatanullaapariatur.
9
0
1
2
3
4
5
6
7
0
1
2
3
4
5
6
7
9
0
1
101
0
1
2
3
4
5
6
7
0
-2
Excepteur
0
0
1
0
0
-1
1
 Excepteur
 Excepteur sint occaecat cupidatat non proident, sunt in culpa qui officia deserunt
0
1
2
3
4
5
6
7
 Excepteur sint occaecat cupidatat non proident, sunt in culpa qui officia deserunt
 Excepteur
-1
9
 Excepteur sint occaecat cupidatat non proident, sunt in culpa qui officia deserunt
0
1
 Excepteur
0
0
0
100
0
0
-2
2
12
0
0
Excepteur
 Excepteur
0
0
-1
0
1
2
3
4
5
6
7
0
1
2
3
4
5
6
7
-3
0
0
1
0
1
2
3
4
5
6
7
a1b
0
0
0
0
0
 Excepteur
0
0
aExcepteurafooaoccaecatacupidatatanonaproident,asuntainaculpaaquiaofficiaadeserunt
0
1
a1b
0
10
1
11
1
0
1
aExcepteurafooaoccaecatacupidatatanonaproident,asuntainaculpaaquiaofficiaadeserunt
1
90
a90b
0
0
0
aExcepteur
0
0
aExcepteurafooaoccaecatacupidatatanonaproident,asuntainaculpaaquiaofficiaadeserunt
-2
1
-1
-1
1
a1b
0
-2
1
11
1
aExcepteurafooaoccaecatacupidatatanonaproident,asuntainaculpaaquiaofficiaadeserunt
aExcepteur
0
0
-2
Excepteur
1
0
1
2
3
4
5
6
7
0
aExcepteurafooaoccaecatacupidatatanonaproident,asuntainaculpaaquiaofficiaadeserunt
0
aExcepteurafooaoccaecatacupidatatanonaproident,asuntainaculpaaquiaofficiaadeserunt
Excepteur
0
 Excepteur
0
1
0
1
2
3
4
5
6
7
0
-2
 Excepteur
Excepteur
 Excepteur
0
100
0
-1
 Excepteur
1
3
0
1
2
3
4
5
6
7
13
1170
1
1
aExcepteurafooaoccaecatacupidatatanonaproident,asuntainaculpaaquiaofficiaadeserunt
-1
aExcepteur
1
1
90
 Excepteur
1090
1
aExcepteurafooaoccaecatacupidatatanonaproident,asuntainaculpaaquiaofficiaadeserunt
0
0
0
a0b
10a0b
aExcepteurafooaoccaecatacupidatatanonaproident,asuntainaculpaaquiaofficiaadeserunt
900
1
3
aExcepteurafooaoccaecatacupidatatanonaproident,asuntainaculpaaquiaofficiaadeserunt
1
-1
9
0
0
1
Excepteur
11
9
1
Excepteur
aExcepteurafooaoccaecatacupidatatanonaproident,asuntainaculpaaquiaofficiaadeserunt
-1
aExcepteurafooaoccaecatacupidatatanonaproident,asuntainaculpaaquiaofficiaadeserunt
0
10-1
1
-1
0
0
aExcepteurafooaoccaecatacupidatatanonaproident,asuntainaculpaaquiaofficiaadeserunt
-2
aExcepteur
-180
10-180
1010-180
1010-180
aExcepteurafooaoccaecatacupidatatanonaproident,asuntainaculpaaquiaofficiaadeserunt
a1010-180b
0
0
0
1
11
Excepteur
-11
-13
13
1013
91170
11396
1025640
101025640
10101025640
0
0
0
0
10
aExcepteurafooaoccaecatacupidatatanonaproident,asuntainaculpaaquiaofficiaadeserunt
0
0
100
100
Excepteur
300
900
1
1
a1b
0
0
0
aExcepteurafooaoccaecatacupidatatanonaproident,asuntainaculpaaquiaofficiaadeserunt
0
-2
0
-1
-3
0
0
0
1
-1
aExcepteurafooaoccaecatacupidatatanonaproident,asuntainaculpaaquiaofficiaadeserunt
0
aExcepteurafooaoccaecatacupidatatanonaproident,asuntainaculpaaquiaofficiaadeserunt
10
a10b
10a10b
0
0
1
a1b
 Excepteur
1
0
0
0
0
1
-1
a-1b
0
0
0
0
1
-1
aExcepteurafooaoccaecatacupidatatanonaproident,asuntainaculpaaquiaofficiaadeserunt
9
0
1
2
3
4
5
6
7
0
1
2
3
4
5
6
7
9
0
1
101
0
1
2
3
4
5
6
7
0
-2
mollit
0
0
1
0
0
-1
1
 mollit
 mollit anim id est laborum.
0
1
2
3
4
5
6
7
 mollit anim id est laborum.
 mollit
-1
9
 mollit anim id est laborum.
0
1
 mollit
0
0
0
100
0
0
-2
2
12
0
0
mollit
 mollit
0
0
-1
0
1
2
3
4
5
6
7
0
1
2
3
4
5
6
7
-3
0
0
1
0
1
2
3
4
5
6
7
a1b
0
0it
1
1
90
 mollit
1090
1
aidaestalaborum.
0
0
0
a0um.
1
-