1
0
1
0
1
2
3
4
5
6
7
Lorem ipsum
1
0
0
a0b
0
Lorem ipsum
0
0
0
a0b
0
0
0
0
Lorem ipsum dolor sit amet, 
0
-1
1
Lorem ipsum
Loremaipsumafooasitaamet,a
3
a3b
Loremaipsumafooasitaamet,a
0
a0b
-2
0
-4
-1
10-1
Loremaipsumafooasitaamet,a
Loremaipsumafooasitaamet,a
1
90
270
Loremipsum
0
-3
30
3
a3b
0
0
0
0
Loremasitaamet,a
1
0
0
Loremaipsumafooasitaamet,a
100
98
0
0
0
Lorem ipsum
0
0
1
90
Loremaipsumafooasitaamet,a
0
0
-1
Loremaipsumafooasitaamet,a
-3
3
Loremaipsumafooasitaamet,a
1
0
11
1011
-1011
Lorem ipsum
1
Loremipsum
0
Loremipsum
0
10
0
10
0
0
0
Loremaipsumafooasitaamet,a
0
0
0
-2
8
720
1
-1
a-1b
0
0
10
0
0
0
0
Loremaipsumafooasitaamet,a
1
0
-2
Loremaipsumafooasitaamet,a
2
0
Loremipsum
10
30
3
9
9
19
29
Lorem ipsum
0
1
2
3
4
5
6
7
Loremipsum
1
a1b
0
1
0
0
Loremipsum
0
1
2
3
4
5
6
7
-2
-2
-2
-4
1
0
0
Lorem ipsum
Loremipsum
-1
10-1
1
0
1
-1
0
1
2
3
4
5
6
7
0
Loremaipsumafooasitaamet,a
Lorem ipsum
9
1
-1
-1
0
9
Loremaipsumafooasitaamet,a
Lorem ipsum
19
29
a29b
1
Loremipsum
Lorem ipsum
Loremaipsumafooasitaamet,a
0
Loremipsum
0
100
Loremipsum
9000
0
Lorem ipsum
100
0
0
0
Lorem ipsum
0
Loremaipsumafooasitaamet,a
Loremipsum
-1
-1
-3
3
1
3
1
0
0
a0b
0
Lorem ipsum
1
0
Loremaipsumafooasitaamet,a
100
12
1012
Loremaipsumafooasitaamet,a
-1
1
0
1
Loremaipsumafooasitaamet,a
90
1
0
1
-1
-1
1
1
90
0
0
0
0
0
0
0
a0b
Loremaipsumafooasitaamet,a
0
0
0
0
1
2
3
4
5
6
7
Loremaipsumafooasitaamet,a
0
100
10100
909000
0
0
1
2
3
4
5
6
7
0
Loremaipsumafooasitaamet,a
-909000
1
Lorem ipsum
Loremaipsumafooasitaamet,a
-1
a-1b
1
90
8100
8110
24330
24328
24328
0
a0b
0
10
1
Loremaipsumafooasitaamet,a
-1
0
0
Loremipsum
10
Loremaipsumafooasitaamet,a
0
8
Loremaipsumafooasitaamet,a
0
0
0
1
2
3
4
5
6
7
0
Loremaipsumafooasitaamet,a
-1
-90
Loremaipsumafooasitaamet,a
1
101
9090
1
0
100
9000
0
100
-1
-1
1
11
1
0
1
2
3
4
5
6
7
1
90
1090
Loremaipsumafooasitaamet,a
-1090
-1
-1
-3
-270
-270
a-270b
Loremaipsumafooasitaamet,a
Loremaipsumafooasitaamet,a
0
0
1
a1b
Loremipsum
Loremaipsumafooasitaamet,a
-2
0
0
0
1
2
3
4
5
6
7
Loremipsum
0
0
0
0
1
2
3
4
5
6
7
0
0
Loremaipsumafooasitaamet,a
0
Loremaipsumafooasitaamet,a
Loremipsum
Lorem ipsum
1
0
Loremaipsumafooasitaamet,a
a0b
0
Loremaipsumafooasitaamet,a
1
-1
-1
-90
0
1
2
3
4
5
6
7
a-90b
Loremaipsumafooasitaamet,a
-2
0
-2
0
0
1
90
0
-1
9
a9b
Loremaipsumafooasitaamet,a
10
-10
-1
-1
a-1b
a-1b
0
0
1
2
3
4
5
6
7
Loremaipsumafooasitaamet,a
0
1
2
3
4
5
6
7
-2
-4
0
0
0
0
0
0
0
10
0
1
2
3
4
5
6
7
0
-2
-4
a-4b
0
0
1
-1
0
0
0
10
0
Loremaipsum
0
1
1
Loremipsum
3
a3b
aa3bb
0
1
2
3
4
5
6
7
aa3bb
0
Loremipsum
100
0
Loremipsum
Loremipsum
1
a1b
0
1
2
3
4
5
6
7
Loremipsum
Loremaipsumafooasitaamet,a
Loremipsum
a1b
0
1
0
0
Loremaipsumafooasitaamet,a
Loremaipsumafooasitaamet,a
0
Loremaipsumafooasitaamet,a
0
0
-1
0
-1
10-1
0
-1
Loremaipsumafooasitaamet,a
1
1
Lorem ipsum
0
1
2
3
4
5
6
7
0
100
Loremaipsumafooasitaamet,a
Loremaipsum
a100b
1
0
101
1
0
1
0
1
2
3
4
5
6
7
consecteturaadipiscing
1
0
0
a0b
0
consecteturaadipiscing
0
0
0
a0b
0
0
0
0
consectetur adipiscing elit, sed do eiusmod tempor
0
-1
1
consecteturaadipiscing
consecteturaadipiscingafooasedadoaeiusmodatempor
3
a3b
consecteturaadipiscingafooasedadoaeiusmodatempor
0
a0b
-2
0
-4
-1
10-1
consecteturaadipiscingafooasedadoaeiusmodatempor
consecteturaadipiscingafooasedadoaeiusmodatempor
1
90
270
consecteturadipiscing
0
10
0
-1
0
-2
consecteturaadipiscingafooasedadoaeiusmodatempor
0
1
2
3
4
5
6
7
8
1
3
1
-1
9
19
1
a1b
0
-2
-1
-3
10-3
30
3
a3b
0
0
0
0
consecteturaadipiscingafooasedadoaeiusmodatempor
consecteturadipiscing
consecteturaadipiscingafooasedadoaeiusmodatempor
1
consecteturaadipiscingafooasedadoaeiusmodatempor
1
0
0
consecteturaadipiscingafooasedadoaeiusmodatempor
100
98
0
0
0
consectetur adipiscing
0
0
1
90
consecteturaadipiscingafooasedadoaeiusmodatempor
0
0
-1
consecteturaadipiscingafooasedadoaeiusmodatempor
-3
3
consecteturaadipiscingafooasedadoaeiusmodatempor
1
0
11
1011
-1011
consectetur adipiscing
1
consecteturadipiscing
0
consecteturadipiscing
0
10
0
10
0
0
0
consecteturaadipiscingafooasedadoaeiusmodatempor
0
0
0
-2
8
720
1
-1
a-1b
0
0
10
0
0
0
0
consecteturaadipiscingafooasedadoaeiusmodatempor
1
0
-2
consecteturaadipiscingafooasedadoaeiusmodatempor
2
0
consecteturadipiscing
10
30
3
9
9
19
29
consectetur adipiscing
0
1
2
3
4
5
6
7
consecteturadipiscing
1
a1b
0
1
0
0
consecteturadipiscing
0
1
2
3
4
5
6
7
-2
-2
-2
-4
1
0
0
consectetur adipiscing
consecteturadipiscing
-1
10-1
1
0
1
-1
0
1
2
3
4
5
6
7
0
consecteturaadipiscingafooasedadoaeiusmodatempor
consectetur adipiscing
9
1
-1
-1
0
9
consecteturaadipiscingafooasedadoaeiusmodatempor
consectetur adipiscing
19
29
a29b
1
consecteturadipiscing
consectetur adipiscing
consecteturaadipiscingafooasedadoaeiusmodatempor
0
consecteturadipiscing
0
100
consecteturadipiscing
9000
0
consectetur adipiscing
100
0
0
0
consectetur adipiscing
0
consecteturaadipiscingafooasedadoaeiusmodatempor
consecteturadipiscing
-1
-1
-3
3
1
3
1
0
0
a0b
0
consectetur adipiscing
1
0
consecteturaadipiscingafooasedadoaeiusmodatempor
100
12
1012
consecteturaadipiscingafooasedadoaeiusmodatempor
-1
1
0
1
consecteturaadipiscingafooasedadoaeiusmodatempor
90
1
0
1
-1
-1
1
1
90
0
0
0
0
0
0
0
a0b
consecteturaadipiscingafooasedadoaeiusmodatempor
0
0
0
0
1
2
3
4
5
6
7
consecteturaadipiscingafooasedadoaeiusmodatempor
0
100
10100
909000
0
0
1
2
3
4
5
6
7
0
consecteturaadipiscingafooasedadoaeiusmodatempor
-909000
1
consectetur adipiscing
consecteturaadipiscingafooasedadoaeiusmodatempor
-1
a-1b
1
90
8100
8110
24330
24328
24328
0
a0b
0
10
1
consecteturaadipiscingafooasedadoaeiusmodatempor
-1
0
0
consecteturadipiscing
10
consecteturaadipiscingafooasedadoaeiusmodatempor
0
8
consecteturaadipiscingafooasedadoaeiusmodatempor
0
0
0
1
2
3
4
5
6
7
0
consecteturaadipiscingafooasedadoaeiusmodatempor
-1
-90
consecteturaadipiscingafooasedadoaeiusmodatempor
1
101
9090
1
0
100
9000
0
100
-1
-1
1
11
1
0
1
2
3
4
5
6
7
1
90
1090
consecteturaadipiscingafooasedadoaeiusmodatempor
-1090
-1
-1
-3
-270
-270
a-270b
consecteturaadipiscingafooasedadoaeiusmodatempor
consecteturaadipiscingafooasedadoaeiusmodatempor
0
0
1
a1b
consecteturadipiscing
consecteturaadipiscingafooasedadoaeiusmodatempor
-2
0
0
0
1
2
3
4
5
6
7
consecteturadipiscing
0
0
0
0
1
2
3
4
5
6
7
0
0
consecteturaadipiscingafooasedadoaeiusmodatempor
0
consecteturaadipiscingafooasedadoaeiusmodatempor
consecteturadipiscing
consectetur adipiscing
1
0
consecteturaa10
-1
-1
a-1b
a-1b
0
0
1

0
-2
-4
a-4b
0
0
1
-1
0
1
1
consecteturadipiscing
3
a3b
aa3bb
0
1
2
3
4
5
6
7
aa3bb
0
consecteturadipiscing
100
0
consecteturadipiscing
consecteturadipiscing
1
a1b
0
1
2
3
4
5
6
7
consecteturadipiscing
consecteturaadipiscingafooasedadoaeiusmodatempor
consecteturadipiscing
a1b
0
1
0
0
consecteturaadipiscingafooasedadoaeiusmodatempor
consecteturaadipiscingafooasedadoaeiusmodatempor
0
consecteturaadipiscingafooasedadoaeiusmodatempor
0
0
-1
0
-1
10-1
0
-1
consecteturaadipiscingafooasedadoaeiusmodatempor
1
1
consectetur adipiscing
0
1
2
3
4
5
6
7
0
100
consecteturaadipiscingafooasedadoaeiusmodatempor
consecteturaadipiscing
a100b
1
0
101
1
0
1
0
1
2
3
4
5
6
7
incididuntaut
1
0
0
a0b
0
incididuntaut
0
0
0
a0b
0
0
0
0
incididunt ut labore et dolore magna aliqua.
0
-1
1
incididuntaut
incididuntautafooaetadoloreamagnaaaliqua.
3
a3b
incididuntautafooaetadoloreamagnaaaliqua.
0
a0b
-2
0
-4
-1
10-1
incididuntautafooaetadoloreamagnaaaliqua.
incididuntautafooaetadoloreamagnaaaliqua.
1
90
270
incididuntut
0
10
0
-1
0
-2
incididuntautafooaetadoloreamagnaaaliqua.
0
1
2
3
4
5
6
7
8
1
3
1
-1
9
19
1
a1b
0
-2
-1
-3
10-3
30
3
a3b
0
0
0
0
incididuntautafooaetadoloreamagnaaaliqua.
incididuntut
incididuntautafooaetadoloreamagnaaaliqua.
1
incididuntautafooaetadoloreamagnaaaliqua.
1
0
0
incididuntautafooaetadoloreamagnaaaliqua.
100
98
0
0
0
incididunt ut
0
0
1
90
incididuntautafooaetadoloreamagnaaaliqua.
0
0
-1
incididuntautafooaetadoloreamagnaaaliqua.
-3
3
incididuntautafooaetadoloreamagnaaaliqua.
1
0
11
1011
-1011
incididunt ut
1
incididuntut
0
incididuntut
0
10
0
10
0
0
0
incididuntautafooaetadoloreamagnaaaliqua.
0
0
0
-2
8
720
1
-1
a-1b
0
0
10
0
0
0
0
incididuntautafooaetadoloreamagnaaaliqua.
1
0
-2
incididuntautafooaetadoloreamagnaaaliqua.
2
0
incididuntut
10
30
3
9
9
19
29
incididunt ut
0
1
2
3
4
5
6
7
incididuntut
1
a1b
0
1
0
0
incididuntut
0
1
2
3
4
5
6
7
-2
-2
-2
-4
1
0
0
incididunt ut
incididuntut
-1
10-1
1
0
1
-1
0
1
2
3
4
5
6
7
0
incididuntautafooaetadoloreamagnaaaliqua.
incididunt ut
9
1
-1
-1
0
9
incididuntautafooaetadoloreamagnaaaliqua.
incididunt ut
19
29
a29b
1
incididuntut
incididunt ut
incididuntautafooaetadoloreamagnaaaliqua.
0
incididuntut
0
100
incididuntut
9000
0
incididunt ut
100
0
0
0
incididunt ut
0
incididuntautafooaetadoloreamagnaaaliqua.
incididuntut
-1
-1
-3
3
1
3
1
0
0
a0b
0
incididunt ut
1
0
incididuntautafooaetadoloreamagnaaaliqua.
100
12
1012
incididuntautafooaetadoloreamagnaaaliqua.
-1
1
0
1
incididuntautafooaetadoloreamagnaaaliqua.
90
1
0
1
-1
-1
1
1
90
0
0
0
0
0
0
0
a0b
inct
incididuntautafooaetado0
8100
8110
24330
24328
2tafooaetadoloreamagnaaaliqua.
-1
0
0
incididuntut
10
incididuntautafooaetadoloreamagnaaaliqua.
0
8
incididuntautafooaetadoloreamagnaaaliqua.
0
0
0
1
2
3
4
5
6
7
0
incididuntautafooaetadoloreamagnaaaliqua.
-1
-90
incididuntautafooaetadoloreamagnaaaliqua.
1
101
9090
1
0
100
9000
0
100
-1
-1
1
11
1
0
1
2
3
4
5
6
7
1
90
1090
incididuntautafooaetadoloreamagnaaaliqua.
-1090
-1
-1
-3
-270
-270
a-270b
incididuntautafooaetadoloreamagnaaaliqua.
incididuntautafooaetadoloreamagnaaaliqua.
0
0
1
a1b
incididuntut
incididuntautafooaetadoloreamagnaaaliqua.
-2
0
0
0
1
2
3
4
5
6
7
incididuntut
0
0
0
0
1
2
3
4
5
6
7
0
0
incididuntautafooaetadoloreamagnaaaliqua.
0
incididuntautafooaetadoloreamagnaaaliqua.
incididuntut
incididunt ut
1
0
incididuntautafooaetadoloreamagnaaaliqua.
a0b
0
incididuntautafooaetadoloreamagnaaaliqua.
1
-1
-1
-90
0
1
2
3
4
5
6
7
a-90b
incididuntautafooaetadoloreamagnaaaliqua.
-2
0
-2
0
0
1
90
0
-1
9
a9b
incididuntautafooaetadoloreamagnaaaliqua.
10
-10
-1
-1
a-1b
a-1b
0
0
1
2
3
4
5
6
7
incididuntautafooaetadoloreamagnaaaliqua.
0
1
2
3
4
5
6
7
-2
-4
0
0
0
0
0
0
0
10
0
1
2
3
4
5
6
7
0
-2
-4
a-4b
0
0
1
-1
0
0
0
10
0
incididuntaut
0
1
1
incididuntut
3
a3b
aa3bb
0
1
2
3
4
5
6
7
aa3bb
0
incididuntut
100
0
incididuntut
incididuntut
1
a1b
0
1
2
3
4
5
6
7
incididuntut
incididuntautafooaetadoloreamagnaaaliqua.
incididuntut
a1b
0
1
0
0
incididuntautafooaetadoloreamagnaaaliqua.
incididuntautafooaetadoloreamagnaaaliqua.
0
incididuntautafooaetadoloreamagnaaaliqua.
0
0
-1
0
-1
10-1
0
-1
incididuntautafooaetadoloreamagnaaaliqua.
1
1
incididunt ut
0
1
2
3
4
5
6
7
0
100
incididuntautafooaetadoloreamagnaaaliqua.
incididuntaut
a100b
1
0
101
1
0
1
0
1
2
3
4
5
6
7
Utaenim
1
0
0
a0b
0
Utaenim
0
0
0
a0b
0
0
0
0
Ut enim ad minim veniam, quis nostrud exercitation 
0
-1
1
Utaenim
Utaenimafooaminimaveniam,aquisanostrudaexercitationa
3
a3b
Utaenimafooaminimaveniam,aquisanostrudaexercitationa
0
a0b
-2
0
-4
-1
10-1
Utaenimafooaminimaveniam,aquisanostrudaexercitationa
Utaenimafooaminimaveniam,aquisanostrudaexercitationa
1
90
270
Utenim
0
10
0
-1
0
-2
Utaenimafooaminimaveniam,aquisanostrudaexercitationa
0
1
2
3
4
5
6
7
8
1
3
1
-1
9
19
1
a1b
0
-2
-1
-3
10-3
30
3
a3b
0
0
0
0
Utaenimafooaminimaveniam,aquisanostrudaexercitationa
Utenim
Utaenimafooaminimaveniam,aquisanostrudaexercitationa
1
Utaenimafooaminimaveniam,aquisanostrudaexercitationa
1
0
0
Utaenimafooaminimaveniam,aquisanostrudaexercitationa
100
98
0
0
0
Ut enim
0
0
1
90
Utaenimafooaminimaveniam,aquisanostrudaexercitationa
0
0
-1
Utaenimafooaminimaveniam,aquisanostrudaexercitationa
-3
3
Utaenimafooaminimaveniam,aquisanostrudaexercitationa
1
0
11
1011
-1011
Ut enim
1
Utenim
0
Utenim
0
10
0
10
0
0
0
Utaenimafooaminimaveniam,aquisanostrudaexercitationa
0
0
0
-2
8
720
1
-1
a-1b
0
0
10
0
0
0
0
Utaenimafooaminimaveniam,aquisanostrudaexercitationa
1
0
-2
Utaenimafooaminimaveniam,aquisanostrudaexercitationa
2
0
Utenim
10
30
3
9
9
19
29
Ut enim
0
1
2
3
4
5
6
7
Utenim
1
a1b
0
1
0
0
Utenim
0
1
2
3
4
5
6
7
-2
-2
-2
-4
1
0
0
Ut enim
Utenim
-1
10-1
1
0
1
-1
0
1
2
3
4
5
6
7
0
Utaenimafooaminimaveniam,aquisanostrudaexercitationa
Ut enim
9
1
-1
-1
0
9
Utaenimafooaminimaveniam,aquisanostrudaexercitationa
Ut enim
19
29
a29b
1
Utenim
Ut enim
Utaenimafooaminimaveniam,aquisanostrudaexercitationa
0
Utenim
0
100
Utenim
9000
0
Ut enim
100
0
0
0
Ut enim
0
Utaenimafooaminimaveniam,aquisanostrudaexercitationa
Utenim
-1
-1
-3
3
1
3
1
0
0
a0b
0
Ut enim
1
0
Utaenimafooaminimaveniam,aquisanostrudaexercitationa
100
12
1012
Utaenimafooaminimaveniam,aquisanostrudaexercitationa
-1
1
0
1
Utaenimafooaminimaveniam,aquisanostrudaexercitationa
90
1
0
1
-1
-1
1
1
90
0
0
0
0
0
0
0
a0b
Utaenimafooaminimaveniam,aquisanostrudaexercitationa
0
0
0
0
1
2
3
4
5
6
7
Utaenimafooaminimaveniam,aquisanostrudaexercitationa
0
100
10100
909000
0
0
1
2
3
4
5
6
7
0
Utaenimafooaminimaveniam,aquisanostrudaexercitationa
-909000
1
Ut enim
Utaenimafooaminimaveniam,aquisanostrudaexercitationa
-1
a-1b
1
90
8100
8110
24330
24328
24328
0
a0b
0
10
1
Utaenimafooaminimaveniam,aquisanostrudaexercitationa
-1
0
0
Utenim
10
Utaenimafooaminimaveniam,aquisanostrudaexercitationa
0
8
Utaenimafooaminimaveniam,aquisanostrudaexercitationa
0
0
0
1
2
3
4
5
6
7
0
Utaenimafooaminimaveniam,aquisanostrudaexercitationa
-1
-90
Utaenimafooaminimaveniam,aquisanostrudaexercitationa
1
101
9090
1
0
100
9000
0
100
-1
-1
1
11
1
0
1
2
3
4
5
6
7
1
90
1090
Utaenimafooaminimaveniam,aquisanostrudaexercitationa
-1090
-1
-1
-3
-270
-270
a-270b
Utaenimafooaminimaveniam,aquisanostrudaexercitationa
Utaenimafooaminimaveniam,aquisanostrudaexercitationa
0
0
1
a1b
Utenim
Utaenimafooaminimaveniam,aquisanostrudaexercitationa
-2
0
0
0
1
2
3
4
5
6
7
Utenim
0
0
0
0
1
2
3
4
5
6
7
0
0
Utaenimafooaminimaveniam,aquisanostrudaexercitationa
0
Utaenimafooaminimaveniam,aquisanostrudaexercitationa
Utenim
Ut enim
1
0
Utaenimafooaminimaveniam,aquisanostrudaexercitationa
a0b
0
Utaenimafooaminimaveniam,aquisanostrudaexercitationa
1
-1
-1
-90
0
1
2
3
4
5
6
7
a-90b
Utaenimafooaminimaveniam,aquisanostrudaexercitationa
-2
0
-2
0
0
1
90
0
-1
9
a9b
Utaenimafooaminimaveniam,aquisanostrudaexercitationa
10
-10
-1
-1
a-1b
a-1b
0
0
1
2
3
4
5
6
7
Utaenimafooaminimaveniam,aquisanostrudaexercitationa
0
1
2
3
4
5
6
7
-2
-4
0
0
0
0
0
0
0
10
0
1
2
3
4
5
6
7
0
-2
-4
a-4b
0
0
1
-1
0
0
0
10
0
Utaenim
0
1
1
Utenim
3
a3b
aa3bb
0
1
2
3
4
5
6
7
aa3bb
0
Utenim
100
0
Utenim
Utenim
1
a1b
0
1
2
3
4
5
6
7
Utenim
Utaenimafooaminimaveniam,aquisanostrudaexercitationa
Utenim
a1b
0
1
0
0
Utaenimafooaminimaveniam,aquisanostrudaexercitationa
Utaenimafooaminimaveniam,aquisanostrudaexercitationa
0
Utaenimafooaminimaveniam,aquisanostrudaexercitationa
0
0
-1
0
-1
10-1
0
-1
Utaenimafooaminimaveniam,aquisanostrudaexercitationa
1
1
Ut enim
0
1
2
3
4
5
6
7
0
100
Utaenimafooaminimaveniam,aquisanostrudaexercitationa
Utaenim
a100b
1
0
101
1
0
1
0
1
2
3
4
5
6
7
ullamcoalaboris
1
0
0
a0b
0
ullamcoalaboris
0
0
0
a0b
0
0
0
0
ullamco laboris nisi ut aliquip ex ea commodo consequat. Duis aute
0
-1
1
ullamcoalaboris
ullamcoalaborisafooautaaliquipaexaeaacommodoaconsequat.aDuisaaute
3
a3b
ullamcoalaborisafooautaaliquipaexaeaacommodoaconsequat.aDuisaaute
0
a0b
-2
0
-4
-1
10-1
ulla
3
4
5
6
7
8
1
3
1
-1
9
1a1b
0
-2
-1
-3
00
9000
0
100
-1
-1
1
1
4
5
6
7
1
90
1090
ullamc270b
ullamcoalaborisafooautaaliquipaexaeaacommodoaconseq.aDuisaaute
ullamcoalaborisafooautaaliquipaexaeaacommodoaconsequat.aDuisaaute
0
0
1
a1b
ullamcolaboris
ullamcoalaborisafooautaaliquipaexaeaacommodoaconsequat.aDuisaaute
-2
0
0
0
1
2
3
4
5
6
7
ullamcolaboris
0
0
0
0
1
2
3
4
5
6
7
0
0
ullamcoalaborisafooautaaliquipaexaeaacommodoaconsequat.aDuisaaute
0
ullamcoalaborisafooautaaliquipaexaeaacommodoaconsequat.aDuisaaute
ullamcolaboris
ullamco laboris
1
0
ullamcoalaborisafooautaaliquipaexaeaacommodoaconsequat.aDuisaaute
a0b
0
ullamcoalaborisafooautaaliquipaexaeaacommodoaconsequat.aDuisaaute
1
-1
-1
-90
0
1
2
3
4
5
6
7
a-90b
ullamcoalaborisafooautaaliquipaexaeaacommodoaconsequat.aDuisaaute
-2
0
-2
0
0
1
90
0
-1
9
a9b
ullamcoalaborisafooautaaliquipaexaeaacommodoaconsequat.aDuisaaute
10
-10
-1
-1
a-1b
a-1b
0
0
1
2
3
4
5
6
7
ullamcoalaborisafooautaaliquipaexaeaacommodoaconsequat.aDuisaaute
0
1
2
3
4
5
6
7
-2
-4
0
0
0
0
0
0
0
10
0
1
2
3
4
5
6
7
0
-2
-4
a-4b
0
0
1
-1
0
0
0
10
0
ullamcoalaboris
0
1
1
ullamcolaboris
3
a3b
aa3bb
0
1
2
3
4
5
6
7
aa3bb
0
ullamcolaboris
100
0
ullamcolaboris
ullamcolaboris
1
a1b
0
1
2
3
4
5
6
7
ullamcolaboris
ullamcoalaborisafooautaaliquipaexaeaacommodoaconsequat.aDuisaaute
ullamcolaboris
a1b
0
1
0
0
ullamcoalaborisafooautaaliquipaexaeaacommodoaconsequat.aDuisaaute
ullamcoalaborisafooautaaliquipaexaeaacommodoaconsequat.aDuisaaute
0
ullamcoalaborisafooautaaliquipaexaeaacommodoaconsequat.aDuisaaute
0
0
-1
0
-1
10-1
0
-1
ullamcoalaborisafooautaaliquipaexaeaacommodoaconsequat.aDuisaaute
1
1
ullamco laboris
0
1
2
3
4
5
6
7
0
100
ullamcoalaborisafooautaaliquipaexaeaacommodoaconsequat.aDuisaaute
ullamcoalaboris
a100b
1
0
101
1
0
1
0
1
2
3
4
5
6
7
airure
1
0
0
a0b
0
airure
0
0
0
a0b
0
0
0
0
 irure dolor in reprehenderit in voluptate velit esse cillum dolore eu fugiat nulla pariatur.
0
-1
1
airure
airureafooainareprehenderitainavoluptateavelitaesseacillumadoloreaeuafugiatanullaapariatur.
3
a3b
airureafooainareprehenderitainavoluptateavelitaesseacillumadoloreaeuafugiatanullaapariatur.
0
a0b
-2
0
-4
-1
10-1
airureafooainareprehenderitainavoluptateavelitaesseacillumadoloreaeuafugiatanullaapariatur.
airureafooainareprehenderitainavoluptateavelitaesseacillumadoloreaeuafugiatanullaapariatur.
1
90
270
irure
0
10
0
-1
0
-2
airureafooainareprehenderitainavoluptateavelitaesseacillumadoloreaeuafugiatanullaapariatur.
0
1
2
3
4
5
6
7
8
1
3
1
-1
9
19
1
a1b
0
-2
-1
-3
10-3
30
3
a3b
0
0
0
0
airureafooainareprehenderitainavoluptateavelitaesseacillumadoloreaeuafugiatanullaapariatur.
irure
airureafooainareprehenderitainavoluptateavelitaesseacillumadoloreaeuafugiatanullaapariatur.
1
airureafooainareprehenderitainavoluptateavelitaesseacillumadoloreaeuafugiatanullaapariatur.
1
0
0
airureafooainareprehenderitainavoluptateavelitaesseacillumadoloreaeuafugiatanullaapariatur.
100
98
0
0
0
 irure
0
0
1
90
airureafooainareprehenderitainavoluptateavelitaesseacillumadoloreaeuafugiatanullaapariatur.
0
0
-1
airureafooainareprehenderitainavoluptateavelitaesseacillumadoloreaeuafugiatanullaapariatur.
-3
3
airureafooainareprehenderitainavoluptateavelitaesseacillumadoloreaeuafugiatanullaapariatur.
1
0
11
1011
-1011
 irure
1
irure
0
irure
0
10
0
10
0
0
0
airureafooainareprehenderitainavoluptateavelitaesseacillumadoloreaeuafugiatanullaapariatur.
0
0
0
-2
8
720
1
-1
a-1b
0
0
10
0
0
0
0
airureafooainareprehenderitainavoluptateavelitaesseacillumadoloreaeuafugiatanullaapariatur.
1
0
-2
airureafooainareprehenderitainavoluptateavelitaesseacillumadoloreaeuafugiatanullaapariatur.
2
0
irure
10
30
3
9
9
19
29
 irure
0
1
2
3
4
5
6
7
irure
1
a1b
0
1
0
0
irure
0
1
2
3
4
5
6
7
-2
-2
-2
-4
1
0
0
 irure
irure
-1
10-1
1
0
1
-1
0
1
2
3
4
5
6
7
0
airureafooainareprehenderitainavoluptateavelitaesseacillumadoloreaeuafugiatanullaapariatur.
 irure
9
1
-1
-1
0
9
airureafooainareprehenderitainavoluptateavelitaesseacillumadoloreaeuafugiatanullaapariatur.
 irure
19
29
a29b
1
irure
 irure
airureafooainareprehenderitainavoluptateavelitaesseacillumadoloreaeuafugiatanullaapariatur.
0
irure
0
100
irure
9000
0
 irure
100
0
0
0
 irure
0
airureafooainareprehenderitainavoluptateavelitaesseacillumadoloreaeuafugiatanullaapariatur.
irure
-1
-1
-3
3
1
3
1
0
0
a0b
0
 irure
1
0
airureafooainareprehenderitainavoluptateavelitaesseacillumadoloreaeuafugiatanullaapariatur.
100
12
1012
airureafooainareprehenderitainavoluptateavelitaesseacillumadoloreaeuafugiatanullaapariatur.
-1
1
0
1
airureafooainareprehenderitainavoluptateavelitaesseacillumadoloreaeuafugiatanullaapariatur.
90
1
0
1
-1
-1
1
1
90
0
0
0
0
0
0
0
a0b
airureafooainareprehenderitainavoluptateavelitaesseacillumadoloreaeuafugiatanullaapariatur.
0
0
0
0
1
2
3
4
5
6
7
airureafooainareprehenderitainavoluptateavelitaesseacillumadoloreaeuafugiatanullaapariatur.
0
100
10100
909000
0
0
1
2
3
4
5
6
7
0
airureafooainareprehenderitainavoluptateavelitaesseacillumadoloreaeuafugiatanullaapariatur.
-909000
1
 irure
airureafooainareprehenderitainavoluptateavelitaesseacillumadoloreaeuafugiatanullaapariatur.
-1
a-1b
1
90
8100
8110
24330
24328
24328
0
a0b
0
10
1
airureafooainareprehenderitainavoluptateavelitaesseacillumadoloreaeuafugiatanullaapariatur.
-1
0
0
irure
10
airureafooainareprehenderitainavoluptateavelitaesseacillumadoloreaeuafugiatanullaapariatur.
0
8
airureafooainareprehenderitainavoluptateavelitaesseacillumadoloreaeuafugiatanullaapariatur.
0
0
0
1
2
3
4
5
6
7
0
airureafooainareprehenderitainavoluptateavelitaesseacillumadoloreaeuafugiatanullaapariatur.
-1
-90
airureafooainareprehenderitainavoluptateavelitaesseacillumadoloreaeuafugiatanullaapariatur.
1
101
9090
1
0
100
9000
0
100
-1
-1
1
11
1
0
1
2
3
4
5
6
7
1
90
1090
airureafooainareprehenderitainavoluptateavelitaesseacillumadoloreaeuafugiatanullaapariatur.
-1090
-1
-1
-3
-270
-270
a-270b
airureafooainareprehenderitainavoluptateavelitaesseacillumadoloreaeuafugiatanullaapariatur.
airureafooainareprehenderitainavoluptateavelitaesseacillumadoloreaeuafugiatanullaapariatur.
0
0
1
a1b
irure
airureafooainareprehenderitainavoluptateavelitaesseacillumadoloreaeuafugiatanullaapariatur.
-2
0
0
0
1
2
3
4
5
6
7
irure
0
0
0
0
1
2
3
4
5
6
7
0
0
airureafooainareprehenderitainavoluptateavelitaesseacillumadoloreaeuafugiatanullaapariatur.
0
airureafooainareprehenderitainavoluptateavelitaesseacillumadoloreaeuafugiatanullaapariatur.
irure
 irure
1
0
airureafooainareprehenderitainavoluptateavelitaesse