0
Loremaipsumafooasitaamet,a
1
0
-1
0
100
Loremipsum
0
1
2
3
4
5
6
7
0
Loremaipsum
0
Loremaipsumafooasitaamet,a
0
Loremaipsumafooasitaamet,a
0
0
1
1
90
1090
98100
Loremipsum
0
1
2
3
4
5
6
7
0
Loremaipsum
12262
Loremaipsumafooasitaamet,a
Loremipsum
0
Loremaipsum
-1
0
10-1
-10
1
1
-1
-3
1
10
5
6
7
0
0
Loremaipsumafodipiscing
0
1
2
3
4
5
6
7
0
consecteturaadipiscing
0
consecteturaadipiscingafooasedadoaeiusmodatempor
0
consecteturaadipiscingafooasedadoaeiusmodatempor
0
0
1
1
90
1090
98100
consecteturadipiscing
0
1
2
3
4
5
6
7
0
consecteturaadipiscing
12262
consecteturaadipiscingafooasedadoaeiusmodatempor
consecteturadipiscing
0
consecteturaadipiscing
-1
0
10-1
-10
1
1
-1
-3
1
101
12
consectetur adipiscing
0
1
2
3
4
5
6
7
0
0
consecteturaadipiscingafooasedadoaeiusmodatempor
-2
-180
consecteturadipiscing
a-180b
consectetur adipiscing
consectetur adipiscing
0
0
0
0
1
2
3
4
5
6
7
0
0
0
-1
-90
incididuntautafooaetadoloreamagnaaaliqua.
1
0
-1
0
100
incididuntut
0
1
2
3
4
5
6
7
0
incididuntaut
0
incididuntautafooaetadoloreamagnaaaliqua.
0
incididuntautafooaetadoloreamagnaaaliqua.
0
0
1
1
90
1090
98100
incididuntut
0
1
2
3
4
5
6
7
0
incididuntaut
12262
incididuntautafooaetadoloreamagnaaaliqua.
incididuntut
0
incididuntaut
-1
0
10-1
-10
1
1
-1
-3
1
101
12
incididunt ut
0
1
2
3
4
5
6
7
0
0
incididuntautafooaetadoloreamagnaaaliqua.
-2
-180
incididuntut
a-180b
incididunt ut
incididunt ut
0
0
0
0
1
2
3
4
5
6
7
0
0
0
-1
-90
Utaenimafooaminimaveniam,aquisanostrudaexercitationa
1
0
-1
0
100
Utenim
0
1
2
3
4
5
6
7
0
Utaenim
0
Utaenimafooaminimaveniam,aquisanostrudaexercitationa
0
Utaenimafooaminimaveniam,aquisanostrudaexercitationa
0
0
1
1
90
1090
98100
Utenim
0
1
2
3
4
5
6
7
0
Utaenim
12262
Utaenimafooaminimaveniam,aquisanostrudaexercitationa
Utenim
0
Utaenim
-1
0
10-1
-10
1
1
-1
-3
1
101
12
Ut enim
0
1
2
3
4
5
6
7
0
0
Utaenimafooaminimaveniam,aquisanostrudaexercitationa
-2
-180
Utenim
a-180b
Ut enim
Ut enim
0
0
0
0
1
2
3
4
5
6
7
0
0
0
-1
-90
ullamcoalaborisafooautaaliquipaexaeaacommodoaconsequat.aDuisaaute
1
0
-1
0
100
ullamcolaboris
0
1
2
3
4
5
6
7
0
ullamcoalaboris
0
ullamcoalaborisafooautaaliquipaexaeaacommodoaconsequat.aDuisaaute
0
ullamcoalaborisafooautaaliquipaexaeaacommodoaconsequat.aDuisaaute
0
0
1
1
90
1090
98100
ullamcolaboris
0
1
2
3
4
5
6
7
0
ullamcoalaboris
12262
ullamcoalaborisafooautaaliquipaexaeaacommodoaconsequat.aDuisaaute
ullamcolaboris
0
ullamcoalaboris
-1
0
10-1
-10
1
1
-1
-3
1
101
12
ullamco laboris
0
1
2
3
4
5
6
7
0
0
ullamcoalaborisafooautaaliquipaexaeaacommodoaconsequat.aDuisaaute
-2
-180
ullamcolaboris
a-180b
ullamco laboris
ullamco laboris
0
0
0
0
1
2
3
4
5
6
7
0
0
0
-1
-90
airureafooainareprehenderitainavoluptateavelitaessrehenderitainavoluptateavelitaesseacillumadoloreaeuafugiatanullaapariatur.
0
0
1
1
90
1090
98100
irure
0
1
2
3
4
5
6
7
0
airure
12262
airureafooainareprehenderitainavoluptateavelitaesseacillumadoloreaeuafugiatanullaapariatur.
irure
0
airure
-1
0
10-1
-10
1
1
-1
-3
1
101
12
 irure
0
1
2
3
4
5
6
7
0
0
airureafooainareprehenderitainavoluptateavelitaesseacillumadoloreaeuafugiatanullaapariatur.
-2
-180
irure
a-180b
 irure
 irure
0
0
0
0
1
2
3
4
5
6
7
0
0
0
-1
-90
aExcepteurafooaoccaecatacupidatatanonaproident,asuntainaculpaaquiaofficiaadeserunt
1
0
-1
0
100
Excepteur
0
1
2
3
4
5
6
7
0
aExcepteur
0
aExcepteurafooaoccaecatacupidatatanonaproident,asuntainaculpaaquiaofficiaadeserunt
0
aExcepteurafooaoccaecatacupidatatanonaproident,asuntainaculpaaquiaofficiaadeserunt
0
0
1
1
90
1090
98100
Excepteur
0
1
2
3
4
5
6
7
0
aExcepteur
12262
aExcepteurafooaoccaecatacupidatatanonaproident,asuntainaculpaaquiaofficiaadeserunt
Excepteur
0
aExcepteur
-1
0
10-1
-10
1
1
-1
-3
1
101
12
 Excepteur
0
1
2
3
4
5
6
7
0
0
aExcepteurafooaoccaecatacupidatatanonaproident,asuntainaculpaaquiaofficiaadeserunt
-2
-180
Excepteur
a-180b
 Excepteur
 Excepteur
0
0
0
0
1
2
3
4
5
6
7
0
0
0
-1
-90
amollitafooaidaestalaborum.
1
0
-1
0
100
mollit
0
1
2
3
4
5
6
7
0
amollit
0
amollitafooaidaestalaborum.
0
amollitafooaidaestalaborum.
0
0
1
1
90
1090
98100
mollit
0
1
2
3
4
5
6
7
0
amollit
12262
amollitafooaidaestalaborum.
mollit
0
amollit
-1
0
10-1
-10
1
1
-1
-3
1
101
12
 mollit
0
1
2
3
4
5
6
7
0
0
amollitafooaidaestalaborum.
-2
-180
mollit
a-180b
 mollit
 mollit
0
0
0
0
1
2
3
4
5
6
7
0
0
0
-1
