0
100
Lorem ipsum dolor sit amet, 
-100
0
-9000
a-9000b
0
0
Lorem ipsum
-2
Lorem ipsum dolor sit amet, 
Lorem ipsum
0
0
Lorem ipsum dolor sit amet, 
0
0
0
100
-100
100
10100
1
-1
Lorem ipsum dolor sit amet, 
a-1b
10
Loremaipsumafooasitaamet,a
20
1800
101800
305400
1
a1b
1
11
0
1
Loremipsum
0
1
2
3
4
5
6
7
0
Lorea0b
aa0bb
10
30
28
2520
Loremaipsumafooasitaamet,a
10-1
-10
-1
Loremaipsumafooasitaamet,a
-1
10-1
1
1
1
0
0
101
Loremaipsum
Loremaipsum
1
0
0
0
Loremipsum
-2
Loremaipsumafooasitaamet,a
2
1
11
21
0
Loremaipsumafooasitaamet,a
Loremaipsumafooasitaamet,a
0
Loremipsum
0
0
-2
Loremaipsumafooasitaamet,a
0
a0b
0
-2
-1
Loremipsum
Loremipsum
0
a0b
0
0
Loremaipsumafooasitaamet,a
Loremaipsumafooasitaamet,a
1
1
Loremaipsumafooasitaamet,a
Loremipsum
0
1
1
3
0
0
1
2
3
4
5
6
7
Loremipsum
Loremaipsumafooasitaamet,a
a3b
0
1
2
3
4
5
6
7
0
0
-1
0
Loremaipsumafooasitaamet,a
-3
0
Loremaipsumafooasitaamet,a
10
Loremaipsumafooasitaamet,a
900
1
101
0
Loremaipsum
10
1
Loremaipsumafooasitaamet,a
Loremaipsumafooasitaamet,a
Loremaipsumafooasitaamet,a
0
1
2
3
4
5
6
7
0
1
2
3
4
5
6
7
a1b
aa1bb
0
1
Loremipsum
90
Loremaipsum
Loremaipsumafooasitaamet,a
1
Loremaipsumafooasitaamet,a
0
Loremaipsumafooasitaamet,a
0
1
11
0
a0b
Loremaipsum
0
-1
1
101
111
0
0
0
0
Loremaipsumafooasitaamet,a
0
0
10
0
0
0
0
-1
0
0
0
1
2
3
4
5
6
7
1
1
1
0
1
0
10
900
898
Loremipsum
112
112
110
10110
1
0
0
0
0
0
1
-1
-90
Loremaipsumafooasitaamet,a
Loremaipsumafooasitaamet,a
10-90
Loremaipsum
0
1
0
a0b
0
100
a100b
10
10
Loremaipsumafooasitaamet,a
Loremipsum
0
Lorem ipsum
Loremaipsumafooasitaamet,a
0
Loremipsum
0
Loremipsum
-1
9
0
1
2
3
4
5
6
7
Loremaipsumafooasitaamet,a
0
9
27
25
Loremaipsumafooasitaamet,a
25
1
-1
-1
0
1
2
3
4
5
6
7
1
3
13
1
Loremaipsumafooasitaamet,a
11
0
1
2
3
4
5
6
7
1
-1
-1
a-1b
Loremaipsum
1
0
Loremaipsum
0
0
0
Loremipsum
Loremaipsumafooasitaamet,a
Loremaipsum
0
0
0
Loremaipsumafooasitaamet,a
Loremaipsumafooasitaamet,a
0
a0b
aa0bb
1
0
Loremaipsumafooasitaamet,a
1
a1b
0
a0b
Loremaipsumafooasitaamet,a
Loremipsum
10
900
Loremaipsumafooasitaamet,a
1
0
0
0
0
10
8
0
-1
1
-1
0
a0b
10
-10
1
1
Loremaipsumafooasitaamet,a
Loremipsum
1
Loremipsum
0
Loremaipsumafooasitaamet,a
0
Loremaipsumafooasitaamet,a
a0b
0
0
10
10
1
Loremipsum
1
101
12
0
1
Loremaipsumafooasitaamet,a
0
1
2
3
4
5
6
7
11
1
-1
-90
0
0
1
2
3
4
5
6
7
0
Loremaipsumafooasitaamet,a
100
Loremaipsumafooasitaamet,a
98
96
0
1
2
3
4
5
6
7
288
Loremipsum
Loremaipsumafooasitaamet,a
0
1
2
3
4
5
6
7
0
100
0
12
0
Loremipsum
36
a36b
Lorem ipsum
-2
-4
-6
Lorem ipsum
a-6b
0
10
1
0
a0b
aa0bb
Loremaipsumafooasitaamet,a
Loremaipsumafooasitaamet,a
Loremaipsumafooasitaamet,a
aaa0bbb
0
1
0
1
0
Loremipsum
a0b
1
0
0
1
1
Loremaipsumafooasitaamet,a
-1
-3
-270
0
-270
-1
0
0
1
2
3
4
5
6
7
Loremaipsumafooasitaamet,a
Loremipsum
0
-1
Loremipsum
0
Loremaipsumafooasitaamet,a
-2
Loremipsum
-1
0
1
2
3
4
5
6
7
a-1b
0
0
0
ipiscing elit, sed do eiuing
0
0
consectetur adipiscing elit, sed do eiusmod tempor
0
0
0
100
-100
100
10100
1
-1
consectetur adipiscing elit, sed do eiusmod tempor
a-1b
10
consecteturaadipiscingafooasedadoaeiusmodatempor
20
1800
101800
305400
1
a1b
1
11
0
1
consecteturadipiscing
0
1
2
3
4
5
6
7
0
consecteturadipiscing
0
0
0
consecteturaadipiscing
0
a0b
aa0bb
10
30
28
2520
consecteturadipiscing
0
1
2
3
4
5
6
7
1
-1
consecteturaadipiscingafooasedadoaeiusmodatempor
0
-1
1
0
0
1
2
3
4
5
6
7
0
1
101
a101b
10a101b
0
0
consecteturaadipiscingafooasedadoaeiusmodatempor
0
0
a0b
0
aa0bb
0
0
0
0
0
-1
1
-1
consecteturaadipiscingafooasedadoaeiusmodatempor
10-1
-10
-1
consecteturaadipiscingafooasedadoaeiusmodatempor
-1
10-1
1
1
1
0
0
101
consecteturaadipiscing
consecteturaadipiscing
1
0
0
0
consecteturadipiscing
-2
consecteturaadipiscingafooasedadoaeiusmodatempor
2
1
11
21
0
consecteturaadipiscingafooasedadoaeiusmodatempor
consecteturaadipiscingafooasedadoaeiusmodatempor
0
consecteturadipiscing
0
0
-2
consecteturaadipiscingafooasedadoaeiusmodatempor
0
a0b
0
-2
-1
consecteturadipiscing
consecteturadipiscing
0
a0b
0
0
consecteturaadipiscingafooasedadoaeiusmodatempor
consecteturaadipiscingafooasedadoaeiusmodatempor
1
1
consecteturaadipiscingafooasedadoaeiusmodatempor
consecteturadipiscing
0
1
1
3
0
0
1
2
3
4
5
6
7
consecteturadipiscing
consecteturaadipiscingafooasedadoaeiusmodatempor
a3b
0
1
2
3
4
5
6
7
0
0
-1
0
consecteturaadipiscingafooasedadoaeiusmodatempor
-3
0
consecteturaadipiscingafooasedadoaeiusmodatempor
10
consecteturaadipiscingafooasedadoaeiusmodatempor
900
1
101
0
consecteturaadipiscing
10
1
consecteturaadipiscingafooasedadoaeiusmodatempor
consecteturaadipiscingafooasedadoaeiusmodatempor
consecteturaadipiscingafooasedadoaeiusmodatempor
0
1
2
3
4
5
6
7
0
1
2
3
4
5
6
7
a1b
aa1bb
0
1
consecteturadipiscing
90
consecteturaadipiscing
consecteturaadipiscingafooasedadoaeiusmodatempor
1
consecteturaadipiscingafooasedadoaeiusmodatempor
0
consecteturaadipiscingafooasedadoaeiusmodatempor
0
1
11
0
a0b
consecteturaadipiscing
0
-1
1
101
111
0
0
0
0
consecteturaadipiscingafooasedadoaeiusmodatempor
0
0
10
0
0
0
0
-1
0
0
0
1
2
3
4
5
6
7
1
1
1
0
1
0
10
900
898
consecteturadipiscing
112
112
110
10110
1
0
0
0
0
0
1
-1
-90
consecteturaadipiscingafooasedadoaeiusmodatempor
consecteturaadipiscingafooasedadoaeiusmodatempor
10-90
consecteturaadipiscing
0
1
0
a0b
0
100
a100b
10
10
consecteturaadipiscingafooasedadoaeiusmodatempor
consecteturadipiscing
0
consectetur adipiscing
consecteturaadipiscingafooasedadoaeiusmodatempor
0
consecteturadipiscing
0
consecteturadipiscing
-1
9
0
1
2
3
4
5
6
7
consecteturaadipiscingafooasedadoaeiusmodatempor
0
9
27
25
consecteturaadipiscingafooasedadoaeiusmodatempor
25
1
-1
-1
0
1
2
3
4
5
6
7
1
3
13
1
consecteturaadipiscingafooasedadoaeiusmodatempor
11
0
1
2
3
4
5
6
7
1
-1
-1
a-1b
consecteturaadipiscing
1
0
consecteturaadipiscing
0
0
0
consecteturadipiscing
consecteturaadipiscingafooasedadoaeiusmodatempor
consecteturaadipiscing
0
0
0
consecteturaadipiscingafooasedadoaeiusmodatempor
consecteturaadipiscingafooasedadoaeiusmodatempor
0
a0b
aa0bb
1
0
consecteturaadipiscingafooasedadoaeiusmodatempor
1
a1b
0
a0b
consecteturaadipiscingafooasedadoaeiusmodatempor
consecteturadipiscing
10
900
consecteturaadipiscingafooasedadoaeiusmodatempor
1
0
0
0
0
10
8
0
-1
1
-1
0
a0b
10
-10
1
1
consecteturaadipiscingafooasedadoaeiusmodatempor
consecteturadipiscing
1
consecteturadipiscing
0
consecteturaadipiscingafooasedadoaeiusmodatempor
0
consecteturaadipiscingafooasedadoaeiusmodatempor
a0b
0
0
10
10
1
consecteturadipiscing
1
101
12
0
1
consecteturaadipiscingafooasedadoaeiusmodatempor
0
1
2
3
4
5
6
7
11
1
-1
-90
0
0
1
2
3
4
5
6
7
0
consecteturaadipiscingafooasedadoaeiusmodatempor
100
consecteturaadipiscingafooasedadoaeiusmodatempor
98
96
0
1
2
3
4
5
6
7
288
consecteturadipiscing
consecteturaadipiscingafooasedadoaeiusmodatempor
0
1
2
3
4
5
6
7
0
100
0
12
0
consecteturadipiscing
36
a36b
consectetur adipiscing
-2
-4
-6
consectetur adipiscing
a-6b
0
10
1
0
a0b
aa0bb
consecteturaadipiscingafooasedadoaeiusmodatempor
consecteturaadipiscingafooasedadoaeiusmodatempor
consecteturaadipiscingafooasedadoaeiusmodatempor
aaa0bbb
0
1
0
1
0
consecteturadipiscing
a0b
1
0
0
1
1
consecteturaadipiscingafooasedadoaeiusmodatempor
-1
-3
-270
0
-270
-1
0
0
1
2
3
4
5
6
7
consecteturaadipiscingafooasedadoaeiusmodatempor
consecteturadipiscing
0
-1
consecteturadipiscing
0
consecteturaadipiscingafooasedadoaeiusmodatempor
-2
consecteturadipiscing
-1
0
1
2
3
4
5
6
7
a-1b
0
0
0
0
0
consecteturaadipiscing
0
a0b
0
1
2
3
4
5
6
7
1
-1
consecteturaadipiscingafooasedadoaeiusmodatempor
9
consecteturaadipiscingafooasedadoaeiusmodatempor
1
0
consecteturadipiscing
-1
0
0
-1
0
-1
a-1b
0
100
incididunt ut labore et dolore magna aliqua.
-100
0
-9000
a-9000b
0
0
incididunt ut
-2
incididunt ut labore et dolore magna aliqua.
incididunt ut
0
0
incididunt ut labore et dolore magna aliqua.
0
0
0
100
-100
100
10100
1
-1
incididunt ut labore et dolore magna aliqua.
a-1b
10
incididuntautafooaetadoloreamagnaaaliqua.
20
1800
101800
305400
1
a1b
1
11
0
1
incididuntut
0
1
2
3
4
5
6
7
0
incididuntut
0
0
0
incididuntaut
0
a0b
aa0bb
10
30
28
2520
incididuntut
0
1
2
3
4
5
6
7
1
-1
incididuntautafo101
incididuntaut
incididaaliqua.
incididuntautafoaliqua.
0
incididuntut
0
0
-2
incididuntautafooaetadoloreamagnaaaliqua.
0
a0b
0
-2
-1
incididuntut
incididuntut
0
a0b
0
0
incididuntautafooaetadoloreamagnaaaliqua.
incididuntautafooaetadoloreamagnaaaliqua.
1
1
incididuntautafooaetadoloreamagnaaaliqua.
incididuntut
0
1
1
3
0
0
1
2
3
4
5
6
7
incididuntut
incididuntautafooaetadoloreamagnaaaliqua.
a3b
0
1
2
3
4
5
6
7
0
0
-1
0
incididuntautafooaetadoloreamagnaaaliqua.
-3
0
incididuntautafooaetadoloreamagnaaaliqua.
10
incididuntautafooaetadoloreamagnaaaliqua.
900
1
101
0
incididuntaut
10
1
incididuntautafooaetadoloreamagnaaaliqua.
incididuntautafooaetadoloreamagnaaaliqua.
incididuntautafooaetadoloreamagnaaaliqua.
0
1
2
3
4
5
6
7
0
1
2
3
4
5
6
7
a1b
aa1bb
0
1
incididuntut
90
incididuntaut
incididuntautafooaetadoloreamagnaaaliqua.
1
incididuntautafooaetadoloreamagnaaaliqua.
0
incididuntautafooaetadoloreamagnaaaliqua.
0
1
11
0
a0b
incididuntaut
0
-1
1
101
111
0
0
0
0
incididuntautafooaetadoloreamagnaaaliqua.
0
0
10
0
0
0
0
-1
0
0
0
1
2
3
4
5
6
7
1
1
1
0
1
0
10
900
898
incididuntut
112
112
110
10110
1
0
0
0
0
0
1
-1
-90
incididuntautafooaetadoloreamagnaaaliqua.
incididuntautafooaetadoloreamagnaaaliqua.
10-90
incididuntaut
0
1
0
a0b
0
100
a100b
10
10
incididuntautafooaetadoloreamagnaaaliqua.
incididuntut
0
incididunt ut
incididuntautafooaetadoloreamagnaaaliqua.
0
incididuntut
0
incididuntut
-1
9
0
1
2
3
4
5
6
7
incididuntautafooaetadoloreamagnaaaliqua.
0
9
27
25
incididuntautafooaetadoloreamagnaaaliqua.
25
1
-1
-1
0
1
2
3
4
5
6
7
1
3
13
1
incididuntautafooaetadoloreamagnaaaliqua.
11
0
1
2
3
4
5
6
7
1
-1
-1
a-1b
incididuntaut
1
0
incididuntaut
0
0
0
incididuntut
incididuntautafooaetadoloreamagnaaaliqua.
incididuntaut
0
0
0
incididuntautafooaetadoloreamagnaaaliqua.
incididuntautafooaetadoloreamagnaaaliqua.
0
a0b
aa0bb
1
0
incididuntautafooaetadoloreamagnaaaliqua.
1
a1b
0
a0b
incididuntautafooaetadoloreamagnaaaliqua.
incididuntut
10
900
incididuntautafooaetadoloreamagnaaaliqua.
1
0
0
0
0
10
8
0
-1
1
-1
0
a0b
10
-10
1
1
incididuntautafooaetadoloreamagnaaaliqua.
incididuntut
1
incididuntut
0
incididuntautafooaetadoloreamagnaaaliqua.
0
incididuntautafooaetadoloreamagnaaaliqua.
a0b
0
0
10
10
1
incididuntut
1
101
12
0
1
incididuntautafooaetadoloreamagnaaaliqua.
0
1
2
3
4
5
6
7
11
1
-1
-90
0
0
1
2
3
4
5
6
7
0
incididuntautafooaetadoloreamagnaaaliqua.
100
incididuntautafooaetadoloreamagnaaaliqua.
98
96
0
1
2
3
4
5
6
7
288
incididuntut
incididuntautafooaetadoloreamagnaaaliqua.
0
1
2
3
4
5
6
7
0
100
0
12
0
incididuntut
36
a36b
incididunt ut
-2
-4
-6
incididunt ut
a-6b
0
10
1
0
a0b
aa0bb
incididuntautafooaetadoloreamagnaaaliqua.
incididuntautafooaetadoloreamagnaaaliqua.
incididuntautafooaetadoloreamagnaaaliqua.
aaa0bbb
0
1
0
1
0
incididuntut
a0b
1
0
0
1
1
incididuntautafooaetadoloreamagnaaaliqua.
-1
-3
-270
0
-270
-1
0
0
1
2
3
4
5untautafooaetadoloreamagnud exercitation 
-100
0
-9000
a-9000b
0
0
Ut enim
-2
Ut enim ad minim veniam, quis nostrud exercitation 
Ut enim
0
0
Ut enim ad minim veniam, quis nostrud exercitation 
0
0
0
100
-100
100
10100
1
-1
Ut enim ad minim veniam, quis nostrud exercitation 
a-1b
10
Utaenimafooaminimaveniam,aquisanostrudaexercitationa
20
1800
101800
305400
1
a1b
1
11
0
1
Utenim
0
1
2
3
4
5
6
7
0
Utenim
0
0
0
Utaenim
0
a0b
aa0bb
10
30
28
2520
Utenim
0
1
2
3
4
5
6
7
1
-1
Utaenimafooaminimaveniam,aquisanostrudaexercitationa
0
-1
1
0
0
1
2
3
4
5
6
7
0
1
101
a101b
10a101b
0
0
Utaenimafooaminimaveniam,aquisanostrudaexercitationa
0
0
a0b
0
aa0bb
0
0
0
0
0
-1
1
-1
Utaenimafooaminimaveniam,aquisanostrudaexercitationa
10-1
-10
-1
Utaenimafooaminimaveniam,aquisanostrudaexercitationa
-1
10-1
1
1
1
0
0
101
Utaenim
Utaenim
1
0
0
0
Utenim
-2
Utaenimafooaminimaveniam,aquisanostrudaexercitationa
2
1
11
21
0
Utaenimafooaminimaveniam,aquisanostrudaexercitationa
Utaenimafooaminimaveniam,aquisanostrudaexercitationa
0
Utenim
0
0
-2
Utaenimafooaminimaveniam,aquisanostrudaexercitationa
0
a0b
0
-2
-1
Utenim
Utenim
0
a0b
0
0
Utaenimafooaminimaveniam,aquisanostrudaexercitationa
Utaenimafooaminimaveniam,aquisanostrudaexercitationa
1
1
Utaenimafooaminimaveniam,aquisanostrudaexercitationa
Utenim
0
1
1
3
0
0
1
2
3
4
5
6
7
Utenim
Utaenimafooaminimaveniam,aquisanostrudaexercitationa
a3b
0
1
2
3
4
5
6
7
0
0
-1
0
Utaenimafooaminimaveniam,aquisanostrudaexercitationa
-3
0
Utaenimafooaminimaveniam,aquisanostrudaexercitationa
10
Utaenimafooaminimaveniam,aquisanostrudaexercitationa
900
1
101
0
Utaenim
10
1
Utaenimafooaminimaveniam,aquisanostrudaexercitationa
Utaenimafooaminimaveniam,aquisanostrudaexercitationa
Utaenimafooaminimaveniam,aquisanostrudaexercitationa
0
1
2
3
4
5
6
7
0
1
2
3
4
5
6
7
a1b
aa1bb
0
1
Utenim
90
Utaenim
Utaenimafooaminimaveniam,aquisanostrudaexercitationa
1
Utaenimafooaminimaveniam,aquisanostrudaexercitationa
0
Utaenimafooaminimaveniam,aquisanostrudaexercitationa
0
1
11
0
a0b
Utaenim
0
-1
1
101
111
0
0
0
0
Utaenimafooaminimaveniam,aquisanostrudaexercitationa
0
0
10
0
0
0
0
-1
0
0
0
1
2
3
4
5
6
7
1
1
1
0
1
0
10
900
898
Utenim
112
112
110
10110
1
0
0
0
0
0
1
-1
-90
Utaenimafooaminimaveniam,aquisanostrudaexercitationa
Utaenimafooaminimaveniam,aquisanostrudaexercitationa
10-90
Utaenim
0
1
0
a0b
0
100
a100b
10
10
Utaenimafooaminimaveniam,aquisanostrudaexercitationa
Utenim
0
Ut enim
Utaenimafooaminimaveniam,aquisanostrudaexercitationa
0
Utenim
0
Utenim
-1
9
0
1
2
3
4
5
6
7
Utaenimafooaminimaveniam,aquisanostrudaexercitationa
0
9
27
25
Utaenimafooaminimaveniam,aquisanostrudaexercitationa
25
1
-1
-1
0
1
2
3
4
5
6
7
1
3
13
1
Utaenimafooaminimaveniam,aquisanostrudaexercitationa
11
0
1
2
3
4
5
6
7
1
-1
-1
a-1b
Utaenim
1
0
Utaenim
0
0
0
Utenim
Utaenimafooaminimaveniam,aquisanostrudaexercitationa
Utaenim
0
0
0
Utaenimafooaminimaveniam,aquisanostrudaexercitationa
Utaenimafooaminimaveniam,aquisanostrudaexercitationa
0
a0b
aa0bb
1
0
Utaenimafooaminimaveniam,aquisanostrudaexercitationa
1
a1b
0
a0b
Utaenimafooaminimaveniam,aquisanostrudaexercitationa
Utenim
10
900
Utaenimafooaminimaveniam,aquisanostrudaexercitationa
1
0
0
0
0
10
8
0
-1
1
-1
0
a0b
10
-10
1
1
Utaenimafooaminimaveniam,aquisanostrudaexercitationa
Utenim
1
Utenim
0
Utaenimafooaminimaveniam,aquisanostrudaexercitationa
0
Utaenimafooaminimaveniam,aquisanostrudaexercitationa
a0b
0
0
10
10
1
Utenim
1
101
12
0
1
Utaenimafooaminimaveniam,aquisanostrudaexercitationa
0
1
2
3
4
5
6
7
11
1
-1
-90
0
0
1
2
3
4
5
6
7
0
Utaenimafooaminimaveniam,aquisanostrudaexercitationa
100
Utaenimafooaminimaveniam,aquisanostrudaexercitationa
98
96
0
1
2
3
4
5
6
7
288
Utenim
Utaenimafooaminimaveniam,aquisanostrudaexercitationa
0
1
2
3
4
5
6
7
0
100
0
12
0
Utenim
36
a36b
Ut enim
-2
-4
-6
Ut enim
a-6b
0
10
1
0
a0b
aa0bb
Utaenimafooaminimaveniam,aquisanostrudaexercitationa
Utaenimafooaminimaveniam,aquisanostrudaexercitationa
Utaenimafooaminimaveniam,aquisanostrudaexercitationa
aaa0bbb
0
1
0
1
0
Utenim
a0b
1
0
0
1
1
Utaenimafooaminimaveniam,aquisanostrudaexercitationa
-1
-3
-270
0
-270
-1
0
0
1
2
3
4
5
6
7
Utaenimafooaminimaveniam,aquisanostrudaexercitationa
Utenim
0
-1
Utenim
0
Utaenimafooaminimaveniam,aquisanostrudaexercitationa
-2
Utenim
-1
0
1
2
3
4
5
6
7
a-1b
0
0
0
0
0
Utaenim
0
a0b
0
1
2
3
4
5
6
7
1
-1
Utaenimafooaminimaveniam,aquisanostrudaexercitationa
9
Utaenimafooaminimaveniam,aquisanostrudaexercitationa
1
0
Utenim
-1
0
0
-1
0
-1
a-1b
0
100
ullamco laboris nisi ut aliquip ex ea commodo consequat. Duis aute
-100
0
-9000
a-9000b
0
0
ullamco laboris
-2
ullamco laboris nisi ut aliquip ex ea commodo consequat. Duis aute
ullamco laboris
0
0
ullamco 
20
1800
101800
305400
11
0
1
ulla4
5
6
7
0
1
101
a101b
10a101b
0
0
ullamcoalaborisafooautaaliquipaexaeaacommodoaconsequat.aDuisaaute
0
0
a0b
0
aa0bb
0
0
0
0
0
-1
1
-1
ullamcoalaborisafooautaaliquipaexaeaacommodoaconsequat.aDuisaaute
10-1
-10
-1
ullamcoalaborisafooautaaliquipaexaeaacommodoaconsequat.aDuisaaute
-1
10-1
1
1
1
0
0
101
ullamcoalaboris
ullamcoalaboris
1
0
0
0
ullamcolaboris
-2
ullamcoalaborisafooautaaliquipaexaeaacommodoaconsequat.aDuisaaute
2
1
11
21
0
ullamcoalaborisafooautaaliquipaexaeaacommodoaconsequat.aDuisaaute
ullamcoalaborisafooautaaliquipaexaeaacommodoaconsequat.aDuisaaute
0
ullamcolaboris
0
0
-2
ullamcoalaborisafooautaaliquipaexaeaacommodoaconsequat.aDuisaaute
0
a0b
0
-2
-1
ullamcolaboris
ullamcolaboris
0
a0b
0
0
ullamcoalaborisafooautaaliquipaexaeaacommodoaconsequat.aDuisaaute
ullamcoalaborisafooautaaliquipaexaeaacommodoaconsequat.aDuisaaute
1
1
ullamcoalaborisafooautaaliquipaexaeaacommodoaconsequat.aDuisaaute
ullamcolaboris
0
1
1
3
0
0
1
2
3
4
5
6
7
ullamcolaboris
ullamcoalaborisafooautaaliquipaexaeaacommodoaconsequat.aDuisaaute
a3b
0
1
2
3
4
5
6
7
0
0
-1
0
ullamcoalaborisafooautaaliquipaexaeaacommodoaconsequat.aDuisaaute
-3
0
ullamcoalaborisafooautaaliquipaexaeaacommodoaconsequat.aDuisaaute
10
ullamcoalaborisafooautaaliquipaexaeaacommodoaconsequat.aDuisaaute
900
1
101
0
ullamcoalaboris
10
1
ullamcoalaborisafooautaaliquipaexaeaacommodoaconsequat.aDuisaaute
ullamcoalaborisafooautaaliquipaexaeaacommodoaconsequat.aDuisaaute
ullamcoalaborisafooautaaliquipaexaeaacommodoaconsequat.aDuisaaute
0
1
2
3
4
5
6
7
0
1
2
3
4
5
6
7
a1b
aa1bb
0
1
ullamcolaboris
90
ullamcoalaboris
ullamcoalaborisafooautaaliquipaexaeaacommodoaconsequat.aDuisaaute
1
ullamcoalaborisafooautaaliquipaexaeaacommodoaconsequat.aDuisaaute
0
ullamcoalaborisafooautaaliquipaexaeaacommodoaconsequat.aDuisaaute
0
1
11
0
a0b
ullamcoalaboris
0
-1
1
101
111
0
0
0
0
ullamcoalaborisafooautaaliquipaexaeaacommodoaconsequat.aDuisaaute
0
0
10
0
0
0
0
-1
0
0
0
1
2
3
4
5
6
7
1
1
1
0
1
0
10
900
898
ullamcolaboris
112
112
110
10110
1
0
0
0
0
0
1
-1
-90
ullamcoalaborisafooautaaliquipaexaeaacommodoaconsequat.aDuisaaute
ullamcoalaborisafooautaaliquipaexaeaacommodoaconsequat.aDuisaaute
10-90
ullamcoalaboris
0
1
0
a0b
0
100
a100b
10
10
ullamcoalaborisafooautaaliquipaexaeaacommodoaconsequat.aDuisaaute
ullamcolaboris
0
ullamco laboris
ullamcoalabo
6
7
ullamcoalaborisafoxaeaacommodoaconsequat.aDuisaaute
0
9
27
25
uonsequat.aDuisaaute
25
1
1
3
13
1
ullamcoalaborisafooautaaliquipaexaeaacommodoaconsequat.aDuisaaute
11
0
1
2
3
4
5
6
7
1
-1
-1
a-1b
ullamcoalaboris
1
0
ullamcoalaboris
0
0
0
ullamcolaboris
ullamcoalaborisafooautaaliquipaexaeaacommodoaconsequat.aDuisaaute
ullamcoalaboris
0
0
0
ullamcoalaborisafooautaaliquipaexaeaacommodoaconsequat.aDuisaaute
ullamcoalaborisafooautaaliquipaexaeaacommodoaconsequat.aDuisaaute
0
a0b
aa0bb
1
0
ullamcoalaborisafooautaaliquipaexaeaacommodoaconsequat.aDuisaaute
1
a1b
0
a0b
ullamcoalaborisafooautaaliquipaexaeaacommodoaconsequat.aDuisaaute
ullamcolaboris
10
900
ullamcoalaborisafooautaaliquipaexaeaacommodoaconsequat.aDuisaaute
1
0
0
0
0
10
8
0
-1
1
-1
0
a0b
10
-10
1
1
ullamcoalaborisafooautaaliquipaexaeaacommodoaconsequat.aDuisaaute
ullamcolaboris
1
ullamcolaboris
0
ullamcoalaborisafooautaaliquipaexaeaacommodoaconsequat.aDuisaaute
0
ullamcoalaborisafooautaaliquipaexaeaacommodoaconsequat.aDuisaaute
a0b
0
0
10
10
1
ullamcolaboris
1
101
12
0
1
ullamcoalaborisafooautaaliquipaexaeaacommodoaconsequat.aDuisaaute
0
1
2
3
4
5
6
7
11
1
-1
-90
0
0
1
2
3
4
5
6
7
0
ullamcoalaborisafooautaaliquipaexaeaacommodoaconsequat.aDuisaaute
100
ullamcoalaborisafooautaaliquipaexaeaacommodoaconsequat.aDuisaaute
98
96
0
1
2
3
4
5
6
7
288
ullamcolaboris
ullamcoalaborisafooautaaliquipaexaeaacommodoaconsequat.aDuisaaute
0
1
2
3
4
5
6
7
0
100
0
12
0
ullamcolaboris
36
a36b
ullamco laboris
-2
-4
-6
ullamco laboris
a-6b
0
10
1
0
a0b
aa0bb
ullamcoalaborisafooautaaliquipaexaeaacommodoaconsequat.aDuisaaute
ullamcoalaborisafooautaaliquipaexaeaacommodoaconsequat.aDuisaaute
ullamcoalaborisafooautaaliquipaexaeaacommodoaconsequat.aDuisaaute
aaa0bbb
0
1
0
1
0
ullamcolaboris
a0b
1
0
0
1
1
ullamcoalaborisafooautaaliquipaexaeaacommodoaconsequat.aDuisaaute
-1
-3
-270
0
-270
-1
0
0
1
2
3
4
5
6
7
ullamcoalaborisafooautaaliquipaexaeaacommaacommodamcolaboris
-1
0
1
2
3
4
5
6
7
a-1b
0
0
0
0
0
luptateavelitaesseacillumhenderitainavoluptateavelillumadolorr.
0
100
airureafooainareprehenderitainavoluptateavelitaesseacillumadoloreaeuafugiatanullaapariatur.
110
0
1
2
3
4
5
6
7
-110
airureafooainareprehenderitainavoluptateavelitaesseacillumadoloreaeuafugiatanullaapariatur.
-112
10-112
0
0
0
0
0
0
1
2
3
4
5
6
7
airureafooainareprehenderitainavoluptateavelitaesseacillumadoloreaeuafugiatanullaapariatur.
airureafooainareprehenderitainavoluptateavelitaesseacillumadoloreaeuafugiatanullaapariatur.
0
0
0
10
airure
1
0
airureafooainareprehenderitainavoluptateavelitaesseacillumadoloreaeuafugiatanullaapariatur.
irure
airureafooainareprehenderitainavoluptateavelitaesseacillumadoloreaeuafugiatanullaapariatur.
0
1
2
3
4
5
6
7
-2
1
-1
-1
0
1
0
0
-2
a-2b
0
0
100
-1
1
-1
-90
airureafooainareprehenderitainavoluptateavelitaesseacillumadoloreaeuafugiatanullaapariatur.
airure
0
100
12
0
 irure
airureafooainareprehenderitainavoluptateavelitaesseacillumadoloreaeuafugiatanullaapariatur.
0
1
2
3
4
5
6
7
-2
-4
-4
-1
1
1
a1b
1
0
0
10
0
0
100
110
airureafooainareprehenderitainavoluptateavelitaesseacillumadoloreaeuafugiatanullaapariatur.
1
 irure
 irure
-1
-3
-270
irure
0
1
2
3
4
5
6
7
0
a0b
airureafooainareprehenderitainavoluptateavelitaesseacillumadoloreaeuafugiatanullaapariatur.
airure
10a0b
0
0
1
1
0
10
0
1
0
-1
10-1
0
0
1
2
3
4
5
6
7
airureafooainareprehenderitainavoluptateavelitaesseacillumadoloreaeuafugiatanullaapariatur.
-1
irure
9
1
airureafooainareprehenderitainavoluptateavelitaesseacillumadoloreaeuafugiatanullaapariatur.
1
airure
0
1
2
3
4
5
6
7
0
airureafooainareprehenderitainavoluptateavelitaesseacillumadoloreaeuafugiatanullaapariatur.
0
100
irure
1
101
9090
irure
9088
27264
0
0
0
airureafooainareprehenderitainavoluptateavelitaesseacillumadoloreaeuafugiatanullaapariatur.
0
1
1
airureafooainareprehenderitainavoluptateavelitaesseacillumadoloreaeuafugiatanullaapariatur.
airureafooainareprehenderitainavoluptateavelitaesseacillumadoloreaeuafugiatanullaapariatur.
-1
0
1
2
3
4
5
6
7
0
-1
1
irure
a1b
0
0
irure
0
0
irure
0
1
irure
-1
1
irure
1
-1
0
1
2
3
4
5
6
7
-1
-90
-11
10-11
1
0
a0b
airure
0
0
0
-1
1
0
-1
-1
-90
0
0
irure
1
airureafooainareprehenderitainavoluptateavelitaesseacillumadoloreaeuafugiatanullaapariatur.
0
-1
0
0
1
2
3
4
5
6
7
airureafooainareprehenderitainavoluptateavelitaesseacillumadoloreaeuafugiatanullaapariatur.
0
1
airure
1
90
88
0
0
100
-1
-1
airureafooainareprehenderitainavoluptateavelitaesseacillumadoloreaeuafugiatanullaapariatur.
1
airure
0
0
1
2
3
4
5
6
7
0
0
0
-1
1
3
1
airureafooainareprehenderitainavoluptateavelitaesseacillumadoloreaeuafugiatanullaapariatur.
0
airureafooainareprehenderitainavoluptateavelitaesseacillumadoloreaeuafugiatanullaapariatur.
airureafooainareprehenderitainavoluptateavelitaesseacillumadoloreaeuafugiatanullaapariatur.
0
0
airureafooainareprehenderitainavoluptateavelitaesseacillumadoloreaeuafugiatanullaapariatur.
0
0
0
0
airureafooainareprehenderitainavoluptateavelitaesseacillumadoloreaeuafugiatanullaapariatur.
-2
1
11
1
1
irure
0
1
2
3
4
5
6
7
101
0
1
2
3
4
5
6
7
12
 irure
0
0
-1
-1
-1
0
a0b
aa0bb
0
0
airureafooainareprehenderitainavoluptateavelitaesseacillumadoloreaeuafugiatanullaapariatur.
-1
1
0
0
100
airure
airureafooainareprehenderitainavoluptateavelitaesseacillumadoloreaeuafugiatanullaapariatur.
0
1
2
3
4
5
6
7
10100
-1
-1
-90
-80
airureafooainareprehenderitainavoluptateavelitaesseacillumadoloreaeuafugiatanullaapariatur.
0
airure
0
1
90
270
0
0
0
1
2
3
4
5
6
7
0
airureafooainareprehenderitainavoluptateavelitaesseacillumadoloreaeuafugiatanullaapariatur.
0
0
1
1
-1
-1
irure
a-1b
-2
-4
-6
airureafooainareprehenderitainavoluptateavelitaesseacillumadoloreaeuafugiatanullaapariatur.
1
0
0
1
a1b
0
0
0
irure
0
100
airure
a100b
0
airureafooainareprehenderitainavoluptateavelitaesseacillumadoloreaeuafugiatanullaapariatur.
a0b
10a0b
1
101
-101
airureafooainareprehenderitainavoluptateavelitaesseacillumadoloreaeuafugiatanullaapariatur.
0
0
airureafooainareprehenderitainavoluptateavelitaesseacillumadoloreaeuafugiatanullaapariatur.
airureafooainareprehenderitainavoluptateavelitaesseacillumadoloreaeuafugiatanullaapariatur.
1
3
-3
0
0
airure
0
a0b
0
0
0
-1
airureafooainareprehenderitainavoluptateavelitaesseacillumadoloreaeuafugiatanullaapariatur.
1
1
a1b
1
0
0
a0b
1
101
12
airureafooainareprehenderitainavoluptateavelitaesseacillumadoloreaeuafugiatanullaapariatur.
10
20
1020
127
irure
1
 irure
101
-1
10-1
-1
-1
-90
-80
airureafooainareprehenderitainavoluptateavelitaesseacillumadoloreaeuafugiatanullaapariatur.
0
0
0
0
0
0
-1
0
airureafooainareprehenderitainavoluptateavelitaesseacillumadoloreaeuafugiatanullaapariatur.
-1
1
airureafooainareprehenderitainavoluptateavelitaesseacillumadoloreaeuafugiatanullaapariatur.
11
airure
1011
-1
0
1
-1
0
1
11
1
irure
0
irure
airureafooainareprehenderitainavoluptateavelitaesseacillumadoloreaeuafugiatanullaapariatur.
-1
0
10
1
irure
0
0
10
1010
airureafooainareprehenderitainavoluptateavelitaesseacillumadoloreaeuafugiatanullaapariatur.
airureafooainareprehenderitainavoluptateavelitaesseacillumadoloreaeuafugiatanullaapariatur.
90900
 irure
1090900
98181000
-98181000
-12272625
0
1
2
3
4
5
6
7
-1
airureafooainareprehenderitainavoluptateavelitaesseacillumadoloreaeuafugiatanullaapariatur.
-1
a-1b
0
0
 irure
0
a0b
0
0
irure
0
1
2
3
4
5
6
7
0
0
0
10
10
0
irure
0
irure
100
1
0
0
10
0
irure
10
1
a1b
airureafooainareprehenderitainavoluptateavelitaesseacillumadoloreaeuafugiatanullaapariatur.
0
irure
0
10
1
0
0
1
0
11
1
airureafooainareprehenderitainavoluptateavelitaesseacillumadoloreaeuafugiatanullaapariatur.
-1
0
1
2
3
4
5
6
7
1
airureafooainareprehenderitainavoluptateavelitaesseacillumadoloreaeuafugiatanullaapariatur.
airureafooainareprehenderitainavoluptateavelitaesseacillumadoloreaeuafugiatanullaapariatur.
airureafooainareprehenderitainavoluptateavelitaesseacillumadoloreaeuafugiatanullaapariatur.
0
-1
-1
-3
airureafooainareprehenderitainavoluptateavelitaesseacillumadoloreaeuafugiatanullaapariatur.
irure
0
1
2
3
4
5
6
7
1
1
airureafooainareprehenderitainavoluptateavelitaesseacillumadoloreaeuafugiatanullaapariatur.
irure
1
irure
0
airureafooainareprehenderitainavoluptateavelitaesseacillumadoloreaeuafugiatanullaapariatur.
0
airureafooainareprehenderitainavoluptateavelitaesseacillumadoloreaeuafugiatanullaapariatur.
a0b
0
0
10
10
1
irure
1
101
12
0
1
airureafooainareprehenderitainavoluptateavelitaesseacillumadoloreaeuafugiatanullaapariatur.
0
1
2
3
4
5
6
7
11
1
-1
-90
0
0
1
2
3
4
5
6
7
0
airureafooainareprehenderitainavoluptateavelitaesseacillumadoloreaeuafugiatanullaapariatur.
100
airureafooainareprehenderitainavoluptateavelitaesseacillumadoloreaeuafugiatanullaapariatur.
98
96
0
1
2
3
4
5
6
7
288
irure
airureafooainareprehenderitainavoluptateavelitaesseacillumadoloreaeuafugiatanullaapariatur.
0
1
2
3
4
5
6
7
0
100
0
12
0
irure
36
a36b
 irure
-2
-4
-6
 irure
a-6b
0
10
1
0
a0b
aa0bb
airureafooainareprehenderitainavoluptateavelitaesseacillumadoloreaeuafugiatanullaapariatur.
airureafooainareprehenderitainavoluptateavelitaesseacillumaullaapariatur.
aaa0bbb
0
-270
0
-270
-1
0
0
1
2
3
ariatur.
-2
irure
-1
0
1
2
3
4
5
6
7
a-1b
0
0
0
0
0
airure
0
a0b
0
1
2
3
4
5
6
7
1
-1
airureafooainareprehenderitainavoluptateavelitaesseacillumadoloreaeuafugiatanullaapariatur.
9
airureafooainareprehenderitainavoluptateavelitaesseacillumadoloreaeuafugiatanullaapariatur.
1
0
irure
-1
0
0
-1
0
-1
a-1b
0
100
 Excepteur sint occaecat cupidatat non proident, sunt in culpa qui officia deserunt
-100
0
-9000
a-9000b
0
0
 Excepteur
-2
 Excepteur sint occaecat cupidatat non proident, sunt in culpa qui officia deserunt
 Excepteur
0
0
 Excepteur sint occaecat cupidatat non proident, sunt in culpa qui officia deserunt
0
0
0
100
-100
100
10100
1
-1
 Excepteur sint occaecat cupidatat non proident, sunt in culpa qui officia deserunt
a-1b
10
aExcepteurafooaoccaecatacupidatatanonaproident,asuntainaculpaaquiaofficiaadeserunt
20
1800
101800
305400
1
a1b
1
11
0
1
Excepteur
0
1
2
3
4
5
6
7
0
Excepteur
0
0
0
aExcepteur
0
a0b
aa0bb
10
30
28
2520
Excepteur
0
1
2
3
4
5
6
7
1
-1
aExcepteurafooaoccaecatacupidatatanonaproident,asuntainaculpaaquiaofficiaadeserunt
0
-1
1
0
0
1
2
3
4
5
6
7
0
1
101
a101b
10a101b
0
0
aExcepteurafooaoccaecatacupidatatanonaproident,asuntainaculpaaquiaofficiaadeserunt
0
0
a0b
0
aa0bb
0
0
0
0
0
-1
1
-1
aExcepteurafooaoccaecatacupidatatanonaproident,asuntainaculpaaquiaofficiaadeserunt
10-1
-10
-1
aExcepteurafooaoccaecatacupidatatanonaproident,asuntainaculpaaquiaofficiaadeserunt
-1
10-1
1
1
1
0
0
101
aExcepteur
aExcepteur
1
0
0
0
Excepteur
-2
aExcepteurafooaoccaecatacupidatatanonaproident,asuntainaculpaaquiaofficiaadeserunt
2
1
11
21
0
aExcepteurafooaoccaecatacupidatatanonaproident,asuntainaculpaaquiaofficiaadeserunt
aExcepteurafooaoccaecatacupidatatanonaproident,asuntainaculpaaquiaofficiaadeserunt
0
Excepteur
0
0
-2
aExcepteurafooaoccaecatacupidatatanonaproident,asuntainaculpaaquiaofficiaadeserunt
0
a0b
0
-2
-1
Excepteur
Excepteur
0
a0b
0
0
aExcepteurafooaoccaecatacupidatatanonaproident,asuntainaculpaaquiaofficiaadeserunt
aExcepteurafooaoccaecatacupidatatanonaproident,asuntainaculpaaquiaooaoccaecatacupidatatanonaproident,asuntainaculpaaquiaofficiaadeserunt
-3
0
aExcepteurafooaoccaecatacupidatatanonaproident,asuntainaculpaaquiaofficiaadeserunt
10
aExcepteurafooaoccaecatacupidatatanonaproident,asu900
1
101
0
aExcepteur
10
1
aExcepteurafooaoccaecatacupidatatanonaproident,asuntainaculpaaquiaofficiaadeserunt
aExcepteurafooaoccaecatacupidatatanonaproident,asuntainaculpaaquiaofficiaadeserunt
aExcepteurafooaoccaecatacupidatatanonaproident,asuntainaculpaaquiaofficiaadeserunt
0
1
2
3
4
5
6
7
0
1
2
3
4
5
6
7
a1b
aa1bb
0
1
Excepteur
90
aExcepteur
aExcepteurafooaoccaecatacupidatatanonaproident,asuntainaculpaaquiaofficiaadeserunt
1
aExcepteurafooaoccaecatacupidatatanonaproident,asuntainaculpaaquiaofficiaadeserunt
0
aExcepteurafooaoccaecatacupidatatanonaproident,asuntainaculpaaquiaofficiaadeserunt
0
1
11
0
a0b
aExcepteur
0
-1
1
101
111
0
0
0
0
aExcepteurafooaoccaecatacupidatatanonaproident,asuntainaculpaaquiaofficiaadeserunt
0
0
10
0
0
0
0
-1
0
0
0
1
2
3
4
5
6
7
1
1
1
0
1
0
10
900
898
Excepteur
112
112
110
10110
1
0
0
0
0
0
1
-1
-90
aExcepteurafooaoccaecatacupidatatanonaproident,asuntainaculpaaquiaofficiaadeserunt
aExcepteurafooaoccaecatacupidatatanonaproident,asuntainaculpaaquiaofficiaadeserunt
10-90
aExcepteur
0
1
0
a0b
0
100
a100b
10
10
aExcepteurafooaoccaecatacupidatatanonaproident,asuntainaculpaaquiaofficiaadeserunt
Excepteur
0
 Excepteur
aExcepteurafooaoccaecatacupidatatanonaproident,asuntainaculpaaquiaofficiaadeserunt
0
Excepteur
0
Excepteur
-1
9
0
1
2
3
4
5
6
7
aExcepteurafooaoccaecatacupidatatanonaproident,asuntainaculpaaquiaofficiaadeserunt
0
9
27
25
aExcepteurafooaoccaecatacupidatatanonaproident,asuntainaculpaaquiaofficiaadeserunt
25
1
-1
-1
0
1
2
3
4
5
6
7
1
3
13
1
aExcepteurafooaoccaecatacupidatatanonaproident,asuntainaculpaaquiaofficiaadeserunt
11
0
1
2
3
4
5
6
7
1
-1
-1
a-1b
aExcepteur
1
0
aExcepteur
0
0
0
Excepteur
aExcepteurafooaoccaecatacupidatatanonaproident,asuntainaculpaaquiaofficiaadeserunt
aExcepteur
0
0
0
aExcepteurafooaoccaecatacupidatatanonaproident,asuntainaculpaaquiaofficiaadeserunt
aExcepteurafooaoccaecatacupidatatanonaproident,asuntainaculpaaquiaofficiaadeserunt
0
a0b
aa0bb
1
0
aExcepteurafooaoccaecatacupidatatanonaproident,asuntainaculpaaquiaofficiaadeserunt
1
a1b
0
a0b
aExcepteurafooaoccaecatacupidatatanonaproident,asuntainaculpaaquiaofficiaadeserunt
Excepteur
10
900
aExcepteurafooaoccaecatacupidatatanonaproident,asuntainaculpaaquiaofficiaadeserunt
1
0
0
0
0
10
8
0
-1
1
-1
0
a0b
10
-10
1
1
aExcepteurafooaoccaecatacupidatatanonaproident,asuntainaculpaaquiaofficiaadeserunt
Excepteur
1
Excepteur
0
aExcepteurafooaoccaecatacupidatatanonaproident,asuntainaculpaaquiaofficiaadeserunt
0
aExcepteurafooaoccaecatacupidatatanonaproident,asuntainaculpaaquiaofficiaadeserunt
a0b
0
0
10
10
1
Excepteur
1
101
12
0
1
aExcepteurafooaoccaecatacupidatatanonaproident,asuntainaculpaaquiaofficiaadeserunt
0
1
2
3
4
5
6
7
11
1
-1
-90
0
0
1
2
3
4
5
6
7
0
aExcepteurafooaoccaecatacupidatatanonaproident,asuntainaculpaaquiaofficiaadeserunt
100
aExcepteurafooaoccaecatacupidatatanonaproident,asuntainaculpaaquiaofficiaadeserunt
98
96
0
1
2
3
4
5
6
7
288
Excepteur
aExcepteurafooaoccaecatacupidatatanonaproident,asuntainaculpaaquiaofficiaadeserunt
0
1
2
3
4
5
6
7
0
100
0
12
0
Excepteur
36
a36b
 Excepteur
-2
-4
-6
 Excepteur
a-6b
0
10
1
0
a0b
aa0bb
aExcepteurafooaoccaecatacupidatatanonaproident,asuntainaculpaaquiaofficiaadeserunt
aExcepteurafooaoccaecatacupidatatanonaproident,asuntainaculpaaquiaofficiaadeserunt
aExcepteurafooaoccaecatacupidatatanonaproident,asuntainaculpaaquiaofficiaadeserunt
aaa0bbb
0
1
0
1
0
Excepteur
a0b
1
0
0
1
1
aExcepteurafooaoccaecatacupidatatanonaproident,asuntainaculpaaquiaofficiaadeserunt
-1
-3
-270
0
-270
-1
0
0
1
2
3
4
5
6
7
aExcepteurafooaoccaecatacupidatatanonaproident,asuntainaculpaaquiaofficiaadeserunt
Excepteur
0
-1
Excepteur
0
aExcepteurafooaoccaecatacupidatatanonaproident,asuntainaculpaaquiaofficiaadeserunt
-2
Excepteur
-1
0
1
2
3
4
5
6
7
a-1b
0
0
0
0
0
aExcepteur
0
a0b
0
1
2
3
4
5
6
7
1
-1
aExcepteurafooaoccaecatacupidatatanonaproident,asuntainaculpaaquiaofficiaadeserunt
9
aExcepteurafooaoccaecatacupidatatanonaproident,asuntainaculpaaquiaofficiaadeserunt
1
0
Excepteur
-1
0
0
-1
0
-1
a-1b
0
100
 mollit anim id est laborum.
-100
0
-9000
a-9000b
0
0
 mollit
-2
 mollit anim id est laborum.
 mollit
0
0
 mollit anim id est laborum.
0
0
0
100
-100
100
10100
1
-1
 mollit anim id est laborum.
a-1b
10
amollitafooaidaestalaborum.
20
1800
101800
305400
1
a1b
1
11
0
1
mollit
0
1
2
3
4
5
6
7
0
mollit
0
0
0
amollit
0
a0b
aa0bb
10
30
28
2520
mollit
0
1
2
3
4
5
6
7
1
-1
amollitafooaidaestalaborum.
0
-1
1
0
0
1
2
3
4
5
6
7
0
1
101
a101b
10a101b
0
0
amollitafooaidaestalaborum.
0
0
a0b
0
aa0bb
0
0
0
0
0
-1
1
-1
amollitafooaidaestalaborum.
10-1
-10
-1
amollitafooaidaestalaborum.
-1
10-1
1
1
1
0
0
101
amollit
amollit
1
0
0
0
mollit
-2
amollitafooaidaestalaborum.
2
1
11
21
0
amollitafooaidaestalaborum.
amollitafooaidaestalaborum.
0
mollit
0
0
-2
amollitafooaidaestalaborum.
0
a0b
0
-2
-1
mollit
mollit
0
a0b
0
0
amollitafooaidaestalaborum.
amollitafooaidaestalaborum.
1
1
amollitafooaidaestalaborum.
mollit
0
1
1
3
0
0
1
2
3
4
5
6
7
mollit
amollitafooaidaestalaborum.
a3b
0
1
2
3
4
5
6
7
0
0
-1
0
amollitafooaidaestalaborum.
-3
0
amollitafooaidaestalaborum.
10
amollitafooaidaestalaborum.
900
1
101
0
amollit
10
1
amollitafooaidaestalaborum.
amollitafooaidaestalaborum.
amollitafooaidaestalaborum.
0
1
2
3
4
5
6
7
0
1
2
3
4
5
6
7
a1b
aa1bb
0
1
mollit
90
amollit
amollitafooaidaestalaborum.
1
amollitafooaidaestalaborum.
0
amollitafooaidaestalaborum.
0
1
11
0
a0b
amollit
0
-1
1
101
111
0
0
0
0
amollitafooaidaestalaborum.
0
0
10
0
0
0
0
-1
0
0
0
1
2
3
4
5
6
7
1
1
1
0
1
0
10
900
898
mollit
112
112
110
10110
1
0
0
0
0
0
1
-1
-90
amollitafoodaestalaborum.
amollitaf13
1
amollitafooaidaestalmollitafooaidaestalaborum