-2
-6
-8
2
Lorem ipsum dolor sit amet, 
1
Loremaipsumafooasitaamet,a
3
1
Loremipsum
0
1
2
3
4
5
6
7
1
0
0
Loremipsum
Loremaipsum
Loremaipsum
-2
0
1
2
3
4
5
6
7
0
100
Loremaipsum
0
110
1
1
0
0
0
0
1
1
0
0
0
1
0
0
-1
0
1
2
3
4
5
6
7
Loremipsum
10-1
8
Loremaipsumafooasitaamet,a
a8b
-2
-180
-16200
0
-14umafooasitaamet,a
1
Loremaipsum
-1
0
1
2
3
4
5
6
7
0
Loremaipsumafooasitaamet,a
Loremaipsumafooasitaamet,a
0
Loremipsum
0
1
2
3
4
5
6
7
0
Loremaipsum
10
-10
0
10
1
90
0
1
2
3
4
5
6
7
0
Lorem ipsum
0
0
-1
0
0
Loremaipsumafooasitaamet,a
0
1
1
Loremaipsumafooasitaamet,a
0
0
0
0
Loremaipsumafooasitaamet,a
Loremipsum
10
a10b
10a10b
0
0
0
1
Loremaipsumafooasitaamet,a
-1
-1
Loremipsum
Loremaipsumafooasitaamet,a
10-1
10-1
1
Loremipsum
90
90
1
Loremipsum
1
0
Loremaipsum
1
0
-2
-180
Loremaipsum
0
Loremaipsumafooasitaamet,a
0
0
0
-1
-1
-3
-3
a-3b0
1
2
3
4
5
6
7
90
0
100
0
0
0
-1
-1
-90
0
Loremaipsumafooasitaamet,a
-2
-1
-90
0
-90
-270
Loremaipsumafooasitaamet,a
1
0
Loremaipsumafooasitaamet,a
a0b
1
0
0
100
1
a1b
0
1
1
3
1
0
-2
8
1
0
0
100
98
Loremaipsumafooasitaamet,a
1
Loremaipsumafooasitaamet,a
0
a0b
0
1
2
3
4
5
6
7
1
Loremaipsum
Loremaipsumafooasitaamet,a
-1
-3
Loremaipsumafooasitaamet,a
-9
-1
Loremipsum
Loremipsum
1
a1b
0
0
-1
Loremaipsumafooasitaamet,a
Loremaipsum
-1
1
0
0
0
0
10
Loremaipsum
0
1
2
3
4
5
6
7
1
-1
Loremipsum
1
Loremipsum
101
12
1
11
0
1
2
3
4
5
6
7
Loremaipsumafooasitaamet,a
9
19
-19
0
1
Loremaipsumafooasitaamet,a
0
0
Loremaipsumafooasitaamet,a
0
Loremaipsum
-1
-90
1
90
0
1
Loremaipsum
0
-1
0
Loremipsum
100
Loremaipsumafooasitaamet,a
-1
Loremaipsumafooasitaamet,a
10-1
1
1
-1
Loremaipsumafooasitaamet,a
-1
-1
1
Loremaipsum
Loremipsum
Loremipsum
Loremaipsumafooasitaamet,a
11
0
0
a0b
0
0
-1
0
1
a1b
0
0
Loremipsum
a0b
0
0
Loremaipsumafooasitaamet,a
0
1
2
3
4
5
6
7
0
1
2
3
4
5
6
7
0
0
0
0
0
0
1
0
0
0
0
0
1
2
3
4
5
6
7
Loremaipsumafooasitaamet,a
100
Loremaipsumafooasitaamet,a
0
1
0
0
1
1
0
Lorem ipsum
0
0
Lorem ipsum
1
-1
0
0
0
0
0
0
Loremaipsumafooasitaamet,a
100
9000
1
0
Loremipsum
0
0
0
1
2
3
4
5
6
7
0
0
10
1010
1008
Loremipsum
3024
0
0
272160
24494400
Lorem ipsum
24494400
0
1
2
3
4
5
6
7
Loremaipsumafooasitaamet,a
0
100
a100b
0
-2
2
1
1
Loremaipsumafooasitaamet,a
101
0
1
2
3
4
5
6
7
0
1
2
3
4
5
6
7
a101b
0
100
0
0
0
Loremaipsumafooasitaamet,a
1
11
0
0
100
9000
a9000b
Lorem ipsum
0
1
-1
1
1
0
0
Loremaipsumafooasitaamet,a
0
Loremaipsumafooasitaamet,a
1
1
0
1
2
3
4
5
6
7
Loremipsum
-1
0
0
a0b
Loremaipsumafooasitaamet,a
Loremaipsumafooasitaamet,a
10a0b
20
0
1
-1
-1
9
1
0
0
0
1
-1
-1
a-1b
0
0
1
0
Loremipsum
0
0
1
2
3
4
5
6
7
-1
-1
1
Loremaipsumafooasitaamet,a
-1
Loremipsum
Loremaipsumafooasitaamet,a
9
27
1
Loremaipsum
Loremaipsumafooasitaamet,a
a1b
aa1bb
10
900
Loremaipsum
910
10910
10908
Loremipsum
10918
982620
2947860
2947860
0
0
0
Loremipsum
1
1
0
0
-1
-1
0
-1
0
0
-1
1
1
0
0
Loremaipsumafooasitaamet,a
10
Loremipsum
1010
3030
3030
9090
a9090b
0
-1
0
9
1
0
90
1
0
0
0
-2
2
-1
Loremaipsumafooasitaamet,a
0
0
Loremaipsum
Loremaipsumafooasitaamet,a
Loremaipsumafooasitaamet,a
Loremaipsum
a0b
Loremaipsumafooasitaamet,a
0
-1
-3
10-3
1
0
0
0
10
0
0
0
1
0
Loremipsum
-1
Loremaipsumafooasitaamet,a
-1
Loremaipsum
10-1
0
Loremaipsum
-1
1
-1
-90
a-90b
1
Loremipsum
0
a0b
0
10
0
0
0
0
0
0
0
0
Loremaipsumafooasitaamet,a
Loremipsum
0
Loremipsum
0
1
2
3
4
5
6
7
0
1
Loremaipsumafooasitaamet,a
0
Loremaipsumafooasitaamet,a
0
Loremipsum
a0b
Loremipsum
Loremaipsumafooasitaamet,a
a0b
0
1
2
3
4
5
6
7
0
0
0
0
0
0
1
2
3
4
5
6
7
Loremaipsumafooasitaamet,a
1
1
-1
1
0
0
a0b
0
0
-2
-6
-18
-18
Loremipsum
-18
Loremipsum
-18
0
1
Loremaipsumafooasitaamet,a
0
1
Loremaipsumafooasitaamet,a
-1
10-1
Lorem ipsum
Loremipsum
Loremipsum
0
-2
a-2b
1
-1
10-1
Loremipsum
1010-1
1020
1
a1b
0
-2
a-2b
0
1
Loremipsum
1
90
Loremaipsumafooasitaamet,a
a90b
0
Loremaipsumafooasitaamet,a
Loremipsum
0
10
-10
0
1
101
101
10101
1
0
Loremaipsumafooasitaamet,a
Loremaipsumafooasitaamet,a
1
-1
Loremaipsumafooasitaamet,a
1
3
0
0
10
30
0
1
2
3
4
5
6
7
0
Loremaipsumafooasitaamet,a
0
0
Loremipsum
Loremaipsumafooasitaamet,a
1
1
101
-101
-9090
-818100
0
0
1
2
3
4
5
6
7
100
98
0
12
12
1
-1
0
1
2
3
4
5
6
7
9
Loremaipsumafooasitaamet,a
0
0
0
100
100
0
1
2
3
4
5
6
7
100
-1
Loremaipsumafooasitaamet,a
0
Loremaipsumafooasitaamet,a
100
0
0
1
-1
Loremaipsumafooasitaamet,a
Loremipsum
a-1b
0
0
10
Loremipsum
1
Loremipsum
Loremipsum
0
0
1
2
3
4
5
6
7
1
-1
Loremipsum
1
0
0
1
2
3
4
5
6
7
0
-1
9
Loremipsum
0
0
10
Loremaipsumafooasitaamet,a
-10
0
1
2
3
4
5
6
7
10
10
30
1
0
-1
0
0
0
Loremipsum
Loremipsum
-2
0
0
Loremaipsumafooasitaamet,a
0
Loremaipsumafooasitaamet,a
0
Loremaipsumafooasitaamet,a
-1
1
Loremaipsumafooasitaamet,a
1
Loremaipsumafooasitaamet,a
0
1
2
3
4
5
6
7
0
0
0
1
2
3
4
5
6
7
Loremaipsumafooasitaamet,a
0
0
1
0
0
0
0
-2
-6
0
0
100
0
Loremipsum
Loremipsum
0
1
90
1
-1
Lorem ipsum
-1
a-1b
0
Loremaipsumafooasitaamet,a
0
10
1
0
0
a0b
0
1
2
3
4
5
6
7
Loremaipsumafooasitaamet,a
Lipsum
1
0
0
Loremipsum
0

2
3
4
5
6
7
0
0
Loremipsum
-2
-6
-8
2
consectetur adipiscing elit, sed do eiusmod tempor
1
consectturaadipiscingafooasedadoonsecteturadipiscing
0
1
2
3
4
5
6
7
1
0
0
consecteturadipiscing
consecteturaadipiscing
consecteturaadipiscing
-2
0
1
2
3
4
5
6
7
0
100
consecteturaadipiscing
0
110
1
1
0
0
0
0
1
1
0
0
0
1
0
0
-1
0
1
2
3
4
5
6
7
consecteturadipiscing
10-1
8
consecteturaadipiscingafooasedadoaeiusmodatempor
a8b
-2
-180
-16200
0
-1458000
-182250
-546750
consecteturaadipiscingafooasedadoaeiusmodatempor
0
consecteturaadipiscingafooasedadoaeiusmodatempor
0
1
a1b
10a1b
1010a1b
consecteturaadipiscingafooasedadoaeiusmodatempor
0
1
2
3
4
5
6
7
a1010a1bb
10
0
1
2
3
4
5
6
7
0
consecteturadipiscing
consecteturaadipiscingafooasedadoaeiusmodatempor
1
consecteturaadipiscing
-1
0
1
2
3
4
5
6
7
0
consecteturaadipiscingafooasedadoaeiusmodatempor
consecteturaadipiscingafooasedadoaeiusmodatempor
0
consecteturadipiscing
0
1
2
3
4
5
6
7
0
consecteturaadipiscing
10
-10
0
10
1
90
0
1
2
3
4
5
6
7
0
consectetur adipiscing
0
0
-1
0
0
consecteturaadipiscingafooasedadoaeiusmodatempor
0
1
1
consecteturaadipiscingafooasedadoaeiusmodatempor
0
0
0
0
consecteturaadipiscingafooasedadoaeiusmodatempor
consecteturadipiscing
10
a10b
10a10b
0
0
0
1
consecteturaadipiscingafooasedadoaeiusmodatempor
-1
-1
consecteturadipiscing
consecteturaadipiscingafooasedadoaeiusmodatempor
10-1
10-1
1
consecteturadipiscing
90
90
1
consecteturadipiscing
1
0
consecteturaadipiscing
1
0
-2
-180
consecteturaadipiscing
0
consecteturaadipiscingafooasedadoaeiusmodatempor
0
0
0
-1
-1
-3
-3
a-3b
consecteturadipiscing
0
0
0
1
11
1
consecteturaadipiscingafooasedadoaeiusmodatempor
-1
-1
1
0
1
2
3
4
5
6
7
90
0
100
0
0
0
-1
-1
-90
0
cons
0
-2
8
1
0
0
100
98
consecteturaadipiscingafooasedadoaeiusmodatempor
1
consecteturaadipiscingafooasedadoaeiusmodatempor
0
a0b
0
1
2
3
4
5
6
7
1
consecteturaadipiscing
consecteturaadipiscingafooasedadoaeiusmodatempor
-1
-3
consecteturaadipiscingafooasedadoaeiusmodatempor
-9
-1
consecteturadipiscing
consecteturadipiscing
1
a1b
0
0
-1
consecteturaadipiscingafooasedadoaeiusmodatempor
consecteturaadipiscing
-1
1
0
0
0
0
10
consecteturaadipiscing
0
1
2
3
4
5
6
7
1
-1
consecteturadipiscing
1
consecteturadipiscing
101
12
1
11
0
1
2
3
4
5
6
7
consecteturaadipiscingafooasedadoaeiusmodatempor
9
19
-19
0
1
consecteturaadipiscingafooasedadoaeiusmodatempor
0
0
consecteturaadipiscingafooasedadoaeiusmodatempor
0
consecteturaadipiscing
-1
-90
1
90
0
1
consecteturaadipiscing
0
-1
0
consecteturadipiscing
100
consecteturaadipiscingafooasedadoaeiusmodatempor
-1
consecteturaadipiscingafooasedadoaeiusmodatempor
10-1
1
1
-1
consecteturaadipiscingafooasedadoaeiusmodatempor
-1
-1
1
consecteturaadipiscing
consecteturadipiscing
consecteturadipiscing
consecteturaadipiscingafooasedadoaeiusmodatempor
11
0
0
a0b
0
0
-1
0
1
a1b
0
0
consecteturadipiscing
a0b
0
0
consecteturaadipiscingafooasedadoaeiusmodatempor
0
1
2
3
4
5
6
7
0
1
2
3
4
5
6
7
0
0
0
0
0
0
1
0
0
0
0
0
1
2
3
4
5
6
7
consecteturaadipiscingafooasedadoaeiusmodatempor
100
consecteturaadipiscingafooasedadoaeiusmodatempor
0
1
0
0
1
1
0
consectetur adipiscing
0
0
consectetur adipiscing
1
-1
0
0
0
0
0
0
consecteturaadipiscingafooasedadoaeiusmodatempor
100
9000
1
0
consecteturadipiscing
0
0
0
1
2
3
4
5
6
7
0
0
10
1010
1008
consecteturadipiscing
3024
0
0
272160
24494400
consectetur adipiscing
24494400
0
1
2
3
4
5
6
7
consecteturaadipiscingafooasedadoaeiusmodatempor
0
100
a100b
0
-2
2
1
1
consecteturaadipiscingafooasedadoaeiusmodatempor
101
0
1
2
3
4
5
6
7
0
1
2
3
4
5
6
7
a101b
0
100
0
0
0
consecteturaadipiscingafooasedadoaeiusmodatempor
1
11
0
0
100
9000
a9000b
consectetur adipiscing
0
1
-1
1
1
0
0
consecteturaadipiscingafooasedadoaeiusmodatempor
0
consecteturaadipiscingafooasedadoaeiusmodatempor
1
1
0
1
2
3
4
5
6
7
consecteturadipiscing
-1
0
0
a0b
consecteturaadipiscingafooasedadoaeiusmodatempor
consecteturaadipiscingafooasedadoaeiusmodatempor
10a0b
20
0
1
-1
-1
9
1
0
0
0
1
-1
-1
a-1b
0
0
1
0
consecteturadipiscing
0
0
1
2
3
4
5
6
7
-1
-1
1
consecteturaadipiscingafooasedadoaeius60
0
0
0
consectpiscing
1
1
0
0
-1
-1
0
-1
0
0
-1
1
1
0
0
consecteturaadipiscingafooasedadoaeiusmodatempor
10
consecteturadipiscing
1010
3030
3030
9090
a9090b
0
-1
0
9
1
0
90
1
0
0
0
-2
2
-1
consecteturaadipiscingafooasedadoaeiusmodatempor
0
0
consecteturaadipiscing
consecteturaadipiscingafooasedadoaeiusmodatempor
consecteturaadipiscingafooasedadoaeiusmodatempor
consecteturaadipiscing
a0b
consecteturaadipiscingafooasedadoaeiusmodatempor
0
-1
-3
10-3
1
0
0
0
10
0
0
0
1
0
consecteturadipiscing
-1
consecteturaadipiscingafooasedadoaeiusmodatempor
-1
consecteturaadipiscing
10-1
0
consecteturaadipiscing
-1
1
-1
-90
a-90b
1
consecteturadipiscing
0
a0b
0
10
0
0
0
0
0
0
0
0
consecteturaadipis4
5
6
7
0
1
consecteturaadipiscingafooasedadoaeiusmodatempor
0
consecteturaadipiscingafooasedadoaeiusmodatempor
0
consecteturadipiscing
a0b
consecteturadipiscing
consecteturaadipiscingafooasedadoaeiusmodatempor
a0b
0
1
2
3
4
5
6
7
0
0
0
0
0
0
1
2
3
4
5
6
7
consecteturaadipiscingafooasedadoaeiusmodatempor
1
1
-1
1
0
0
a0b
0
0
-2
-6
-18
-18
consecteturadipiscing
-18
consecteturadipiscing
-18
0
1
consecteturaadipiscingafooasedadoaeiusmodatempor
0
1
consecteturaadipiscingafooasedadoaeiusmodatempor
-1
10-1
consectetur adipiscing
consecteturadipiscing
consecteturadipiscing
0
-2
a-2b
1
-1
10-1
consecteturadipiscing
1010-1
1020
1
a1b
0
-2
a-2b
0
1
consecteturadipiscing
1
90
consecteturaadipiscingafooasedadoaeiusmodatempor
a90b
0
consecteturaadipiscingafooasedadoaeiusmodatempor
consecteturadipiscing
0
10
-10
0
1
101
101
10101
1
0
consecteturaadipiscingafooasedadoaeiusmodatempor
consecteturaadipiscingafooasedadoaeiusmodatempor
1
-1
consecteturaadipiscingafooasedadoaeiusmodatempor
1
3
0
0
10
30
0
1
2
3
4
5
6
7
0
consecteturaadipiscingafooasedadoaeiusmodatempor
0
0
consecteturadipiscing
consecteturaadipiscingafooasedadoaeiusmodatempor
1
1
101
-101
-9090
-818100
0
0
1
2
3
4
5
6
7
100
98
0
12
12
1
-1
0
1
2
3
4
5
6
7
9
consecteturaadipiscingafooasedadoaeiusmodatempor
0
0
0
100
100
0
1
2
3
4
5
6
7
100
-1
consecteturaadipiscingafooasedadoaeiusmodatempor
0
consecteturaadipiscingafooasedadoaeiusmodatempor
100
0
0
1
-1
consecteturaadipiscingafooasedadoaeiusmodatempor
consecteturadipiscing
a-1b
0
0
10
consecteturadipiscing
1
consecteturadipiscing
consecteturadipiscing
0
0
1
2
3
4
5
6
7
1
-1
consecteturadipiscing
1
0
0
1
2
3
4
5
6
7
0
-1
9
consecteturadipiscing
0
0
10
consecteturaadipiscingafooasedadoaeiusmodatempor
-10
0
1
2
3
4
5
6
7
10
10
30
1
0
-1
0
0
0
consecteturadipiscing
consecteturadipiscing
-2
0
0
consecteturaadipiscingafooasedadoaeiusmodatempor
0
consecteturaadipiscingafooasedadoaeiusmodatempor
0
0
0
0
0
0
consecteturaadipiscingafooasedadoaeiusmodatempor
1
0
-1
10-1
0
0
consectetur adipiscing
0
0
0
consectetur adipiscing
consecteturadipiscing
consecteturaadipiscingafooasedadoaeiusmodatempor
consectetur adipiscing
0
consecteturadipiscing
-2
0
-2
consecteturaadipiscingafooasedadoaeiusmodatempor
10-2
10-2
0
-1
0
10
-10
0
100
1
consecteturaadipiscingafooasedadoaeiusmodatempor
consecteturadipiscing
consectetur adipiscing
consecteturaadipiscingafooasedadoaeiusmodatempor
0
1
2
3
4
5
6
7
0
100
-1
consecteturadipiscing
0
0
100
0
0
0
consectetur adipiscing
1
11
1
consectetur adipiscing
0
100
consectetur adipiscing
a100b
0
0
consecteturaadipiscingafooasedadoaeiusmodatempor
0
0
0
1
2
3
4
5
6
7
a0b
1
0
0
0
consectetur adipiscing
0
0
0
1
2
3
4
5
6
7
100
0
consecteturaadipiscingafooasedadoaeiusmodatempor
1
consecteturaadipiscingafooasedadoaeiusmodatempor
-1
1
11
consecteturadipiscing
9
810
0
-1
0
consecteturaadipiscingafooasedadoaeiusmodatempor
consecteturaadipiscingafooasedadoaeiusmodatempor
consecteturaadipiscingafooasedadoaeiusmodatempor
a-1b
1
0
1
2
3
4
5
6
7
0
0
-2
0
consecteturaadipiscingafooasedadoaeiusmodatempor
100
consecteturadipiscing
110
13
39
39
1
-1
1
0
-1
1
1
1
101
99
12
consecteturadipiscing
-12
10-12
0
consectetur adipiscing
0
0
consecteturaadipiscingafooasedadoaeiusmodatempor
1
0
0
0
0
0
0
0
-1
1
consectetuadipiscingafooasedadoaeiuadoaeiusmodatempor
0
0
1
consectetur adipiscing
-1
a-1b
0
consecteturaadipiscingafooasedadoaeiusmodatempor
0
10
1
0
0
a0b
0
1
2
3
4
5
6
7
consecteturaadipiscingafooasedadoaeiusmodatempor
consecteturaadipiscingafooasedadoaeiusmodatempor
consecteturaadipiscing
0
-2
0
100
-1
a-1b
0
1
1
101
consecteturaadipiscingafooasedadoaeiusmodatempor
0
consecteturaadipiscing
0
0
0
0
0
0
0
1
3
1
-1
consecteturaadipiscingafooasedadoaeiusmodatempor
consecteturaadipiscingafooasedadoaeiusmodatempor
consecteturaadipiscingafooasedadoaeiusmodatempor
1
0
1
2
3
4
5
6
7
90
1090
101090
a101090b
0
consecteturaadipiscing
1
0
0
consecteturadipiscing
0
1
a1b
0
1
2
3
4
5
6
7
0
0
consecteturadipiscing
-2
-6
-8
2
incididunt ut labore et dolore magna aliqua.
1
incididuntautafooaetadoloreamagnaaaliqua.
3
1
incididuntut
0
1
2
3
4
5
6
7
1
0
0
incididuntut
incididuntaut
incididuntaut
-2
0
1
2
3
4
5
6
7
0
100
incididuntaut
0
110
1
1
0
0
0
0
1
1
0
0
0
1
0
0
-1
0
1
2
3
4
5
6
7
incididuntut
10-1
8
incididuntautafooaetadoloreamagnaaaliqua.
a8b
-2
-180
-16200
0
-1458000
-182250
-546750
incididuntautafooaetadoloreamagnaaaliqua.
0
incididuntautafooaetadoloreamagnaaaliqua.
0
1
a1b
10a1b
1010a1b
incididuntautafooaetadoloreamagnaaaliqua.
0
1
2
3
4
5
6
7
a1010a1bb
10
0
1
2
3
4
5
6
7
0
incididuntut
incididuntautafooaetadoloreamagnaaaliqua.
1
incididuntaut
-1
0
1
2
3
4
5
6
7
0
incididuntautafooaetadoloreamagnaaaliqua.
incididuntautafooaetadoloreamagnaaaliqua.
0
incididuntut
0
1
2
3
4
5
6
7
0
incididuntaut
10
-10
0
10
1
90
0
1
2
3
4
5
6
7
0
incididunt ut
0
0
-1
0
0
incididuntautafooaetadoloreamagnaaaliqua.
0
1
1
incididuntautafooaetadoloreamagnaaaliqua.
0
0
0
0
incididuntautafooaetadoloreamagnaaaliqua.
incididuntut
10
a10b
10a10b
0
0
0
1
incididuntautafooaetadoloreamagnaaaliqua.
-1
-1
incididuntut
incididuntautafooaetadoloreamagnaaaliqua.
10-1
10-1
1
incididuntut
90
90
1
incididuntut
1
0
incididuntaut
1
0
-2
-180
incididuntaut
0
incididuntautafooaetadoloreamagnaaaliqua.
0
0
0
-1
-1
-3
-3
a-3b
incididuntut
0
0
0
1
11
1
incididuntautafooaetadoloreamagnaaaliqua.
-1
-1
1
0
1
2
3
4
5
6
7
90
0
100
0
0
0
-1
-1
-90
0
incididuntautafooaetadoloreamagnaaaliqua.
-2
-1
-90
0
-90
-270
incididuntautafooaetadoloreamagnaaaliqua.
1
0
incididuntautafooaetadoloreamagnaaaliqua.
a0b
1
0
0
100
1
a1b
0
1
1
3
1
0
-2
8
1
0
0
100
98
incididuntautafooaetadoloreamagnaaaliqua.
1
incididuntautafooaetadoloreamagnaaaliqua.
0
a0b
0
1
2
3
4
5
6
7
1
incididuntaut
incididuntautafooaetadoloreamagnaaaliqua.
-1
-3
incididuntautafo-1
incididuntautafooaetaoreamagnaaaliqua.
0
0
incididuntautafooaetadoloreamagnaaaliqua.
0
incididuntaut
-1
-90
1
90
0
1
incididuntaut
0
-1
0
incididuntut
100
incididuntautafooaetadoloreamagnaaaliqua.
-1
incididuntautafooaetadoloreamagnaaaliqua.
10-1
1
1
-1
incididuntautafooaetadoloreamagnaaaliqua.
-1
-1
1
incididuntaut
incididuntut
incididuntut
incididuntautafooaetadoloreamagnaaaliqua.
11
0
0
a0b
0
0
-1
0
1
a1b
0
0
incididuntut
a0b
0
0
incididuntautafooaetadoloreamagnaaaliqua.
0
1
2
3
4
5
6
7
0
1
2
3
4
5
6
7
0
0
0
0
0
0
1
0
0
0
0
0
1
2
3
4
5
6
7
incididuntautafooaetadoloreamagnaaaliqua.
100
incididuntautafooaetadoloreamagnaaaliqua.
0
1
0
0
1
1
0
incididunt ut
0
0
incididunt ut
1
-1
0
0
0
0
0
0
incididuntautafooaetadoloreamagnaaaliqua.
100
9000
1
0
incididuntut
0
0
0
1
2
3
4
5
6
7
0
0
10
1010
1008
incididuntut
3024
0
0
272160
24494400
incididunt ut
24494400
0
1
2
3
4
5
6
7
incididuntautafooaetadoloreamagnaaaliqua.
0
100
a100b
0
-2
2
1
1
incididuntautafooaetadoloreamagnaaaliqua.
101
0
1
2
3
4
5
6
7
0
1
2
3
4
5
6
7
a101b
0
100
0
0
0
incididuntautafooaetadoloreamagnaaaliqua.
1
11
0
0
100
9000
a9000b
incididunt ut
0
1
-1
1
1
0
0
incididuntautafooaetadoloreamagnaaaliqua.
0
incididuntautafooaetadoloreamagnaaaliqua.
1
1
0
1
2
3
4
5
6
7
incididuntut
-1
0
0
a0b
incididuntautafooaetadoloreamagnaaaliqua.
incididuntautafooaetadoloreamagnaaaliqua.
10a0b
20
0
1
-1
-1
9
1
0
0
0
1
-1
-1
a-1b
0
0
1
0
incididuntut
0
0
1
2
3
4
5
6
7
-1
-1
1
incididuntautafooaetadoloreamagnaaaliqua.
-1
incididuntut
incididuntautafooaetadoloreamagnaaaliqua.
9
27
1
incididunt
0
0
incididuntautafooaetadoloreamagnaaaliqua.
10
incididuntut
1010
3030
3030
9090
a9090b
0
-1
0
9
1
0
90
1
0
0
0
-2
2
-1
incididuntautafooaetadoloreamagnaaaliqua.
0
0
incididuntaut
incididuntautafooaetadoloreamagnaaaliqua.
incididuntautafooaetadoloreamagnaaaliqua.
incididuntaut
a0b
incididuntautafooaetadoloreamagnaaaliqua.
0
-1
-3
10-3
1
0
0
0
10
0
0
0
1
0
incididuntut
-1
incididuntautafooaetadoloreamagnaaaliqua.
-1
incididuntaut
10-1
0
incididuntaut
-1
1
-1
-90
a-90b
1
incididuntut
0
a0b
0
10
0
0
0
0
0
0
0
0
incididuntautafooaetadoloreamagnaaaliqua.
incididuntut
0
incididuntut
0
1
2
3
4
5
6
7
0
1
incididuntautafooaetadoloreamagnaaaliqua.
0
incididuntautafooaetadoloreamagnaaaliqua.
0
incididuntut
a0b
incididuntut
incididuntautafooaetadoloreamagnaaaliqua.
a0b
0
1
2
3
4
5
6
7
0
0
0
0
0
0
1
2
3
4
5
6
7
incididuntautafooaetadoloreamagnaaaliqua.
1
1
-1
1
0
0
a0b
0
0
-2
-6
-18
-18
incididuntut
-18
incididuntut
-18
0
1
incididuntautafooaetadoloreamagnaaaliqua.
0
1
incididuntautafooaetadoloreamagnaaaliqua.
-1
10-1
incididunt ut
incididuntut
incididuntut
0
-2
a-2b
1
-1
10-1
incididuntut
1010-1
1020
1
a1b
0
-2
a-2b
0
1
incididuntut
1
90
incididuntautafooaetadoloreamagnaaaliqua.
a90b
0
incididuntautafooaetadoloreamagnaaaliqua.
incididuntut
0
10
-10
0
1
101
101
10101
1
0
incididuntautafooaetadoloreamagnaaaliqua.
incididuntautafooaetadoloreamagnaaaliqua.
1
-1
incididuntautafooaetadoloreamagnaaaliqua.
1
3
0
0
10
30
0
1
2
3
4
5
6
7
0
incididuntautafooaetadoloreamagnaaaliqua.
0
0
incididuntut
incididuntautafooaetadoloreamagnaaaliqua.
1
1
101
-101
-9090
-818100
0
0
1
2
3
4
5
6
7
100
98
0
12
12
1
-1
0
1
2
3
4
5
6
7
9
incididuntautafooaetadoloreamagnaaaliqua.
0
0
0
100
100
0
1
2
3
4
5
6
7
100
-1
incididuntautafooaetadoloreamagnaaaliqua.
0
incididuntautafooaetadoloreamagnaaaliqua.
100
0
0
1
-1
incididuntautafooaetadoloreamagnaaaliqua.
incididuntut
a-1b
0
0
10
incididuntut
1
incididuntut
incididuntut
0
0
1
2
3
4
5
6
7
1
-1
incididuntut
1
0
0
1
2
3
4
5
6
7
0
-1
9
incididuntut
0
0
10
incididuntautafooaetadoloreamagnaaaliqua.
-10
0
1
2
3
4
5
6
7
10
10
30
1
0
-1
0
0
0
incididuntut
incididuntut
-2
0
0
incididuntautafooaetadoloreamagnaaaliqua.
0
incididuntautafooaetadoloreamagnaaaliqua.
0
1
2
3
4
5
6
7
0
0
1
2
3
4
5
6
7
1
-1
-1
1
11
a11b
0
-2
-2
0
100
300
1
incididuntautafooaetadoloreamagnaaaliqua.
101
1
-1
-1
0
-1
a-1b
0
0
0
incididunt ut
0
incididuntut
incididuntautafooaetadoloreamagnaaaliqua.
0
a0b
incididuntut
0
-1
1
incididuntut
101
0
5
6
7
99
1
1
inamagnaaaliqua.
ididuntautafooaetadolduntut
incididunt ut
0
100
incididuntut
300
1
1
-1
incididuntautafooaetadoloreamagnaaaliqua.
-1
1
incididuntautafooaetadoloreamagnaaaliqua.
1
incididuntautafooaetadoloreamagnaaaliqua.
0
1
2
3
4
5
6
7
0
0
0
1
2
3
4
5
6
7
incididuntautafooaetadoloreamagnaaaliqua.
0
0
1
0
0
0
0
-2
-6
0
0
100
0
incididuntut
incididuntut
0
1
90
1
-1
incididunt ut
-1
a-1b
0
incididuntautafooaetadoloreamagnaaaliqua.
0
10
1
0
0
a0b
0
1
2
3
4
5
6
7
incididuntautafooaetadoloreamagnaaaliqua.
incididuntautafooaetadoloreamagnaaaliqua.
incididuntaut
0
-2
0
100
-1
a-1b
0
1
1
101
incididuntautafooaetadoloreamagnaaaliqua.
0
incididuntaut
0
0
0
0
0
0
0
1
3
1
-1
incididuntautafooaetadoloreamagnaaaliqua.
incididuntautafooaetadoloreamagnaaaliqua.
incididuntautafooaetadoloreamagnaaaliqua.
1
0
1
2
3
4
5
6
7
90
1090
101090
a101090b
0
incididuntaut
1
0
0
incididuntut
0
1
a1b
0
1
2
3
4
5
6
7
0
0
incididuntut
-2
-6
-8
2
Ut enim ad minim veniam, quis nostrud exercitation 
1
Utaenimafooaminimaveniam,aquisanostrudaexercitationa
3
1
Utenim
0
1
2
3
4
5
6
7
1
0
0
Utenim
Utaenim
Utaenim
-2
0
1
2
3
4
5
6
7
0
100
Utaenim
0
110
1
1
0
0
0
0
1
1
0
0
0
1
0
0
-1
0
1
2
3
4
5
6
7
Utenim
10-1
8
Utaenimafooaminimaveniam,aquisanostrudaexercitationa
a8b
-2
-180
-16200
0
-1458000
-182250
-546750
Utaenimafooaminimaveniam,aquisanostrudaexercitationa
0
Utaenimafooaminimaveniam,aquisanostrudaexercitationa
0
1
a1b
10a1b
1010a1b
Utaenimafooaminimaveniam,aquisanostrudaexercitationa
0
1
2
3
4
5
6
7
a1010a1bb
10
0
1
2
3
4
5
6
7
0
Utenim
Utaenimafooaminimaveniam,aquisanostrudaexercitationa
1
Utaenim
-1
0
1
2
3
4
5
6
7
0
Utaenimafooaminimaveniam,aquisanostrudaexercitationa
Utaenimafooaminimaveniam,aquisanostrudaexercitationa
0
Utenim
0
1
2
3
4
5
6
7
0
Utaenim
10
-10
0
10
1
90
0
1
2
3
4
5
6
7
0
Ut enim
0
0
-1
0
0
Utaenimafooaminimaveniam,aquisanostrudaexercitationa
0
1
1
Utaenimafooaminimaveniam,aquisanostrudaexercitationa
0
0
0
0
Utaenimafooaminimaveniam,aquisanostrudaexercitationa
Utenim
10
a10b
10a10b
0
0
0
1
Utaenimafooaminimaveniam,aquisanostrudaexercitationa
-1
-1
Utenim
Utaenimafooaminimaveniam,aquisanostrudaexercitationa
10-1
10-1
1
Utenim
90
90
1
Utenim
1
0
Utaenim
1
0
-2
-180
Utaenim
0
Utaenimafooaminimaveniam,aquisanostrudaexercitationa
0
0
0
-1
-1
-3
-3
a-3b
Utenim
0
0
0
1
11
1
Utaenimafooaminimaveniam,aquisanostrudaexercitationa
-1
-1
1
0
1
2
3
4
5
6
7
90
0
100
0
0
0
-1
-1
-90
0
Utaenimafooaminimaveniam,aquisanostrudaexercitationa
-2
-1
-90
0
-90
-270
Utaenimafooaminimaveniam,aquisanostrudaexercitationa
1
0
Utaenimafooaminimaveniam,aquisanostrudaexercitationa
a0b
1
0
0
100
1
a1b
0
1
1
3
1
0
-2
8
1
0
0
100
98
Utaenimafooaminimaveniam,aquisanostrudaexercitationa
1
Utaenimafooaminimaveniam,aquisanostrudaexercitationa
0
a0b
0
1
2
3
4
5
6
7
1
Utaenim
Utaenimafooaminimaveniam,aquisanostrudaexercitationa
-1
-3
Utaenimafooaminimaveniam,aquisanostrudaexercitationa
-9
-1
Utenim
Utenim
1
a1b
0
0
-1
Utaenimafooaminimaveniam,aquisanostrudaexercitationa
Utaenim
-1
1
0
0
0
0
10
Utaenim
0
1
2
3
4
5
6
7
1
-1
Utenim
1
Utenim
101
12
1
11
0
1
2
3
4
5
6
7
Utaenimafooaminimaveniam,aquisanostrudaexercitationa
9
19
-19
0
1
Utaenimafooaminimaveniam,aquisanostrudaexercitationa
0
0
Utaenimafooaminimaveniam,aquisanostrudaexercitationa
0
Utaenim
-1
-90
1
90
0
1
Utaenim
0
-1
0
Utenim
100
Utaenimafooaminimaveniam,aquisanostrudaexercitationa
-1
Utaenimafooaminimaveniam,aquisanostrudaexercitationa
10-1
1
1
-1
Utaenimafooaminimaveniam,aquisanostrudaexercitationa
-1
-1
1
Utaenim
Utenim
Utenim
Utaenimafooaminimaveniam,aquisanostrudaexercitationa
11
0
0
a0b
0
0
-1
0
1
a1b
0
0
Utenim
a0b
0
0
Utaenimafooaminimaveniam,aquisanostrudaexercitationa
0
1
2
3
4
5
6
7
0
1
2
3
4
5
6
7
0
0
0
0
0
0
1
0
0
0
0
0
1
2
3
4
5
6
7
Utaenimafooaminimaveniam,aquisanostrudaexercitationa
100
Utaenimafooaminimaveniam,aquisanostrudaexercitationa
0
1
0
0
1
1
0
Ut enim
0
0
Ut enim
1
-1
0
0
0
0
0
0
Utaenimafooaminimaveniam,aquisanostrudaexercitationa
100
9000
1
0
Utenim
0
0
0
1
2
3
4
5
6
7
0
0
10
1010
1008
Utenim
3024
0
0
272160
24494400
Ut enim
24494400
0
1
2
3
4
5
6
7
Utaenimafooaminimaveniam,aquisanostrudaexercitationa
0
100
a100b
0
-2
2
1
1
Utaenimafooaminimaveniam,aquisanostrudaexercitationa
101
0
1
2
3
4
5
6
7
0
1
2
3
4
5
6
7
a101b
0
100
0
0
0
Utaenimafooaminimaveniam,aquisanostrudaexercitationa
1
11
0
0
100
9000
a9000b
Ut enim
0
1
-1
1
1
0
0
Utaenimafooaminimaveniam,aquisanostrudaexercitationa
0
Utaenimafooaminimaveniam,aquisanostrudaexercitationa
1
1
0
1
2
3
4
5
6
7
Utenim
-1
0
0
a0b
Utaenimafooaminimaveniam,aquisanostrudaexercitationa
Utaenimafooaminimaveniam,aquisanostrudaexercitationa
10a0b
20
0
1
-1
-1
9
1
0
0
0
1
-1
-1
a-1b
0
0
1
0
Utenim
0
0
1
2
3
4
5
6
7
-1
-1
1
Utaenimafooaminimaveniam,aquisanostrudaexercitationa
-1
Utenim
Utaenimafooaminimaveniam,aquisanostrudaexercitationa
9
27
1
Utaenim
Utaenimafooaminimaveniam,aquisanostrudaexercitationa
a1b
aa1bb
10
900
Utaenim
910
10910
10908
Utenim
10918
982620
2947860
2947860
0
0
0
Utenim
1
1
0
0
-1
-1
0
-1
0
0
-1
1
1
0
0
Utaenimafooaminimaveniam,aquisanostrudaexercitationa
10
Utenim
1010
3030
3030
9090
a9090b
0
-1
0
9
1
0
90
1
0
0
0
-2
2
-1
Utaenimafooaminimaveniam,aquisanostrudaexercitationa
0
0
Utaenim
Utaenimafooaminimaveniam,aquisanostrudaexercitationa
Utaenimafooaminimaveniam,aquisanostrudaexercitationa
Utaenim
a0b
Utaenimafooaminimaveniam,aquisanostrudaexercitationa
0
-1
-3
10-3
1
0
0
0
10
0
0
0
1
0
Utenim
-1
Utaenimafooaminimaveniam,aquisanostrudaexercitationa
-1
Utaenim
10-1
0
Utaenim
-1
1
-1
-90
a-90b
1
Utenim
0
a0b
0
10
0
0
0
0
0
0
0
0
Utaenimafooaminimaveniam,aquisanostrudaexercitationa
Utenim
0
Utenim
0
1
2
3
4
5
6
7
0
1
Utaenimafooaminimaveniam,aquisanostrudaexercitationa
0
Utaenimafooaminimaveniam,aquisanostrudaexercitationa
0
Utenim
a0b
Utenim
Utaenimafooaminimaveniam,aquisanostrudaexercitationa
a0b
0
1
2
3
4
5
6
7
0
0
0
0
0
0
1
2
3
4
5
6
7
Utaenimafooaminimaveniam,aquisanostrudaexercitationa
1
1
-1
1
0
0
a0b
0
0
-2
-6
-18
-18
Utenim
-18
Utenim
-18
0
1
Utaenimafooaminimaveniam,aquisanostrudaexercitationa
0
1
Utaenimafooaminimaveniam,aquisanostrudaexercitationa
-1
10-1
Ut enim
Utenim
Utenim
0
-2
a-2b
1
-1
10-1
Utenim
1010-1
1020
1
a1b
0
-2
a-2b
0
1
Utenim
1
90
Utaenimafooaminimaveniam,aquisanostrudaexercitationa
a90b
0
Utaenimafooaminimaveniam,aquisanostrudaexercitationa
Utenim
0
10
-10
0
1
101
101
10101
1
0
Utaenimafooaminimaveniam,aquisanostrudaexercitationa
Utaenimafooaminimaveniam,aquisanostrudaexercitationa
1
-1
Utaenimafooaminimaveniam,aquisanostrudaexercitationa
1
3
0
0
10
30
0
1
2
3
4
5
6
7
0
Utaenimafooaminimaveniam,aquisanostrudaexercitationa
0
0
Utenim
Utaenimafooaminimaveniam,aquisanostrudaexercitati3
4
5
6
7
1,aquisanostrudaexercooaminimaveniam,aquisanostrudaexercitationa
-10
0
1
2
3
4
5
6
7
10
10
30
1
0
-1
0
0
0
Utenim
Utenim
-2
0
0
Utaenimafooaminimaveniam,aquisanostrudaexercitationa
0
Utaenimafooaminimaveniam,aquisanostrudaexercitationa
-1
-1
-90
Utaenimafooaminimaveniam,aquisanostrudaexercitationa
0
1
2
3
4
5
6
7
Utaenimafooaminimaveniam,aquisanostrudaexercitationa
90
0
1
2
3
4
5
6
7
a90b
aa90bb
0
0
0
0
0
1
2
3
4
5
6
7
Utenim
0
100
0
a100b
Utaenimafooaminimaveniam,aquisanostrudaexercitationa
a100b
aa100bb
Utenim
Ut enim
1
0
1
101
Utenim
-101
Utenim
Utenim
a-101b
0
100
Utaenimafooaminimaveniam,aquisanostrudaexercitationa
110
0
1
2
3
4
5
6
7
10110
10110
a10110b
10
0
-1
-1
-3
-3
3
-1
Utenim
9
a9b
Utaenimafooaminimaveniam,aquisanostrudaexercitationa
0
Utenim
0
Utaenimafooaminimaveniam,aquisanostrudaexercitationa
1
0
101
303
303
Ut enim
313
Ut enim
0
1
2
3
4
5
6
7
Utaenimafooaminimaveniam,aquisanostrudaexercitationa
10313
10313
1
1
a1b
0
0
Utaenimafooaminimaveniam,aquisanostrudaexercitationa
0
1
0
0
Utaenimafooaminimaveniam,aquisanostrudaexercitationa
Utaenimafooaminimaveniam,aquisanostrudaexercitationa
Utenim
0
0
1
2
3
4
5
6
7
0
1
2
3
4
5
6
7
0
0
0
100
1
a1b
0
-2
1
0
Utaenim
-1
Utenim
10-1
-10
Utaenim
a-10b
Utenim
a-10b
-2
-6
Utaenim
Utaenim
a-6b
Utaenimafooaminimaveniam,aquisanostrudaexercitationa
aa-6bb
0
0
1
2
3
4
5
6
7
0
0
0
0
-2
2
0
0
1
0
-1
a-1b
-2
0
0
1
-1
0
a0b
Ut enim
0
0
Utenim
0
1
-1
Utaenimafooaminimaveniam,aquisanostrudaexercitationa
1
Utaenimafooaminimaveniam,aquisanostrudaexercitationa
a1b
1
0
0
0
0
0
1
90
Utenim
270
33
-33
0
0
-2
10-2
a10-2b
1
101
Utaenimafooaminimaveniam,aquisanostrudaexercitationa
Ut enim
0
Ut enim
0
1
2
3
4
5
6
7
10
Utaenimafooaminimaveniam,aquisanostrudaexercitationa
0
1
2
3
4
5
6
7
20
Utaenim
1
a1b
0
0
0
0
0
10
1
-1
Utaenimafooaminimaveniam,aquisanostrudaexercitationa
-1
1
Utaenimafooaminimaveniam,aquisanostrudaexercitationa
1
Utaenimafooaminimaveniam,aquisanostrudaexercitationa
0
1
2
3
4
5
6
7
0
0
0
1
2
3
4
5
6
7
Utaenimafooaminimaveniam,aquisanostrudaexercitationa
0
0
1
0
0
0
0
-2
-6
0
0
100
0
Utenim
Utenim
0
1
90
1
-1
Ut enim
-1
a-1b
0
Utaenimafooaminimaveniam,aquisanostrudaexercitationa
0
10
1
0
0
a0b
0
1
2
3
4
5
6
7
Utaenimafooaminimaveniam,aveniam,aquisanostrudaexercitationa
Utaenimafooaminimaveniam,aquisanostrudaexercitationa
1
0
1
2
3
4
5
6
7
90
1090
101090
a101090b
0
Utaenim
1
0
0
Utenim
0
1
a1b
0
1
2
3
4
5
6
7
0
0
Uteniboris nisi ut aliquiquat. Duis aute
1
ullamcoalaborisafooautaaliquipaexaeaacommodoaconsequat.aDuisaaute
3
1
ullamcolaboris
0
1
2
3
4
5
6
7
1
0
0
ullamcolaboris
ullamcoalaboris
ullamcoalaboris
-2
0
1
2
3
4
5
6
7
0
100
ullamcoalaboris
0
110
1
1
0
0
0
0
1
1
0
0
0
1
0
0
-1
0
1
2
3
4
5
6
7
ullamcolaboris
10-1
8
ullamcoalaborisafooautaaliquipaexaeaacommodoaconsequat.aDuisaaute
a8b
-2
-180
-16200
0
-1458000
-182250
-546750
ullamcoalaborisafooautaaliquipaexaeaacommodoaconsequat.aDuisaaute
0
ullamcoalaborisafooautaaliquipaexaeaacommodoaconsequat.aDuisaaute
0
1
a1b
10a1b
1010a1b
ullamcoalaborisafooautaaliquipaexaeaacommodoaconsequat.aDuisaaute
0
1
2
3
4
5
6
7
a1010a1bb
10
0
1
2
3
4
5
6
7
0
ullamcolaboris
ullamcoalaborisafooautaaliquipaexaeaacommodoaconsequat.aDuisaaute
1
ullamcoalaboris
-1
0
1
2
3
4
5
6
7
0
ullamcoalaborisafooautaaliquipaexaeaacommodoaconsequat.aDuisaaute
ullamcoalaborisafooautaaliquipaexaeaacommodoaconsequat.aDuisaaute
0
ullamcolaboris
0
1
2
3
4
5
6
7
0
ullamcoalaboris
10
-10
0
10
1
90
0
1
2
3
4
5
6
7
0
ullamco laboris
0
0
-1
0
0
ullamcoalaborisafooautaaliquipaexaeaacommodoaconsequat.aDuisaaute
0
1
1
ullamcoalaborisafooautaaliquipaexaeaacommodoaconsequat.aDuisaaute
0
0
0
0
ullamcoalaborisafooautaaliquipaexaeaacommodoaconsequat.aDuisaaute
ullamcolaboris
10
a10b
10a10b
0
0
0
1
ullamcoalaborisafooautaaliquipaexaeaacommodoaconsequat.aDuisaaute
-1
-1
ullamcolaboris
ullamcoalaborisafooautaaliquipaexaeaacommodoaconsequat.aDuisaaute
10-1
10-1
1
ullamcolaboris
90
90
1
ullamcolaboris
1
0
ullamcoalaboris
1
0
-2
-180
ullamcoalaboris
0
ullamcoalaborisafooautaaliquipaexaeaacommodoaconsequat.aDuisaaute
0
0
0
-1
-1
-3
-3
a-3b
ullamcolaboris
0
0
0
1
11
1
ullamcoalaborisafooautaaliquipaexaeaacommodoaconsequat.aDuisaaute
-1
-1
1
0
1
2
3
4
5
6
7
90
0
100
0
0
0
-1
-1
-90
0
ullamcoalaborisafooautaaliquipaexaeaacommodoaconsequat.aDuisaaute
-2
-1
-90
0
-90
-270
ullamcoalaborisafooautaaliquipaexaeaacommodoaconsequat.aDuisaaute
1
0
ullamcoalaborisafooautaaliquipaexaeaacommodoaconsequat.aDuisaaute
a0b
1
0
0
100
1
a1b
0
1
1
3
1
0
-2
8
1
0
0
100
98
ullamcoalaborisafooautaaliquipaexaeaacommodoaconsequat.aDuisaaute
1
ullamcoalaborisafooautaaliquipaexaeaacommodoaconsequat.aDuisaaute
0
a0b
0
1
2
3
4
5
6
7
1
ullamcoalaboris
ullamcoalaborisafooautaaliquipaexaeaacommodoaconsequat.aDuisaaute
-1
-3
ullamcoalaborisafooautaaliquipaexaeaacommodoaconsequat.aDuisaaute
-9
-1
ullamcolaboris
ullamcolaboris
1
a1b
0
0
-1
ullamcoalaborisafooautaaliquipaexaeaacommodoaconsequat.aDuisaaute
ullamcoalaboris
-1
1
0
0
0
0
10
ullamcoalaboris
0
1
2
3
4
5
6
7
1
-1
ullamcolaboris
1
ullamcolaboris
101
12
1
11
0
1
2
3
4
5
6
7
ullamcoalaborisafooautaaliquipaexaeaacommodoaconsequat.aDuisaaute
9
19
-19
0
1
ullamcoalaborisafooautaaliquipaexaeaacommodoaconsequat.aDuisaaute
0
0
ullamcoalaborisafooautaaliquipaexaeaacommodoaconsequat.aDuisaaute
0
ullamcoalaboris
-1
-90
1
90
0
1
ullamcoalaboris
0
-1
0
ullamcolaboris
100
ullamcoalaborisafooautaaliquipaexaeaacommodoaconsequat.aDuisaaute
-1
ullamcoalaborisafooautaaliquipaexaeaacommodoaconsequat.aDuisaaute
10-1
1
1
-1
ullamcoalaborisafooautaaliquipaexaeaacommodoaconsequat.aDuisaaute
-1
-1
1
ullamcoalaboris
ullamcolaboris
ullamcolaboris
ullamcoalaborisafooautaaliquipaexaeaacommodoaconsequat.aDuisaaute
11
0
0
a0b
0
0
-1
0
1
a1b
0
0
ullamcolaboris
a0b
0
0
ullamcoalaborisafooautaaliquipaexaeaacommodoaconsequat.aDuisaaute
0
1
2
3
4
5
6
7
0
1
2
3
4
5
6
7
0
0
0
0
0
0
1
0
0
0
0
0
1
2
3
4
5
6
7
ullamcoalaborisafooautaaliquipaexaeaacommodoaconsequat.aDuisaaute
100
ullamcoalaborisafooautaaliquipaexaeaacommodoaconsequat.aDuisaaute
0
1
0
0
1
1
0
ullamco laboris
0
0
ullamco laboris
1
-1
0
0
0
0
0
0
ullamcoalaborisafooautaaliquipaexaeaacommodoaconsequat.aDuisaaute
100
9000
1
0
ullamcolaboris
0
0
0
1
2
3
4
5
6
7
0
0
10
1010
1008
ullamcolaboris
3024
0
0
272160
24494400
ullamco laboris
24494400
0
1
2
3
4
5
6
7
ullamcoalaborisafooautaaliquipaexaeaacommodoaconsequat.aDuisaaute
0
100
a100b
0
-2
2
1
1
ullamcoalaborisafooautaaliquipaexaeaacommodoaconsequat.aDuisaaute
101
0
1
2
3
4
5
6
7
0
1
2
3
4
5
6
7
a101b
0
100
0
0
0
ullamcoalaborisafooautaaliquipaexaeaacommodoaconsequat.aDuisaaute
1
11
0
0
100
9000
a9000b
ullamco laboris
0
1
-1
1
1
0
0
ullamcoalaborisafooautaaliquipaexaeaacommodoaconsequat.aDuisaaute
0
ullamcoalaborisafooautaaliquipaexaeaacommodoaconsequat.aDuisaaute
1
1
0
1
2
3
4
5
6
7
ullamcolaboris
-1
0
0
a0b
ullamcoalaborisafooautaaliquipaexaeaacommodoaconsequat.aDuisaaute
ullamcoalaborisafooautaaliquipaexaeaacommodoaconsequat.aDuisaaute
10a0b
20
0
1
-1
-1
9
1
0
0
0
1
-1
-1
a-1b
0
0
1
0
ullamcolaboris
0
0
1
2
3
4
5
6
7
-1
-1
1
ullamcoalaborisafooautaaliquipaexaeaacommodoaconsequat.aDuisaaute
-1
ullamcolaboris
ullamcoalaborisafooautaaliquipaexaeaacommodoaconsequat.aDuisaaute
9
27
1
ullamcoalaboris
ullamcoalaborisafooautaaliquipaexaeaacommodoaconsequat.aDuisaaute
a1b
aa1bb
10
900
ullamcoalaboris
910
10910
10908
ullamcolaboris
10918
982620
2947860
2947860
0
0
0
ullamcolaboris
1
1
0
0
-
0
-1
0
0
-1
1
1
0
0aconsequat.aDuisaautesequat.aDuisaaute-1
-3
10-3
1
0
0
0
10
0
0
0
1
0
ullamcolaboris
-1
ullamcoalaborisafooautaaliquipaexaeaacommodoaconsequat.aDuisaaute
-1
ullamcoalaboris
10-1
0
ullamcoalaboris
-1
1
-1
-90
a-90b
1
ullamcolaboris
0
a0b
0
10
0
0
0
0
0
0
0
0
ullamcoalaborisafooautaaliquipaexaeaacommodoaconsequat.aDuisaaute
ullamcolaboris
0
ullamcolaboris
0
1
2
3
4
5
6
7
0
1
ullamcoalaborisafooautaaliquipaexaeaacommodoaconsequat.aDuisaaute
0
ullamcoalaborisafooautaaliquipaexaeaacommodoaconsequat.aDuisaaute
0
ullamcolaboris
a0b
ullamcolaboris
ullamcoalaborisafooautaaliquipaexaeaacommodoaconsequat.aDuisaaute
a0b
0
1
2
3
4
5
6
7
0
0
0
0
0
0
1
2
3
4
5
6
7
ullamcoalaborisafooautaaliquipaexaeaacommodoaconsequat.aDuisaaute
1
1
-1
1
0
0
a0b
0
0
-2
-6
-18
-18
ullamcolaboris
-18
ullamcolaboris
-18
0
1
ullamco
1
ullamcoalaborisafooautaaliquipaexaeaacommodoaconsequat.aDuisaaute
-1
10-1
ullamco laboris
ullamcolaboris
ullamcolaboris
0
-2
a-2b
1
-1
10-1
ullamcolaboris
1010-1
1020
1
a1b
0
-2
a-2b
0
1
ullamcolaboris
1
90
ullamcoalaborisafooautaaliquipaexaeaacommodoaconsequat.aDuisaaute
a90b
0
ullamcoalaborisafooautaaliquipaexaeaacommodoaconsequat.aDuisaaute
ullamcolaboris
0
10
-10
0
1
101
101
10101
1
0
ullamcoalaborisafooautaaliquipaexaeaacommodoaconsequat.aDuisaaute
ullamcoalaborisafooautaaliquipaexaeaacommodoaconsequat.aDuisaaute
1
-1
ullamcoalaborisafooautaaliquipaexaeaacommodoaconsequat.aDuisaaute
1
3
0
0
10
30
0
1
2
3
4
5
6
7
0
ullamcoalaborisafooautaaliquipaexaeaacommodoaconsequat.aDuisaaute
0
0
ullamcolaboris
ullamcoalaborisafooautaaliquipaexaeaacommodoaconsequat.aDuisaaute
1
1
101
-101
-9090
-818100
0
0
1
2
3
4
5
6
7
100
98
0
12
12
1
-1
0
1
2
3
4
5
6
7
9
ullamcoalaborisafooautaaliquipaexaeaacommodoaconsequat.aDuisaaute
0
0
0
100
100
0
1
2
3
4
5
6
7
100
-1
ullamcoalaborisafooautaaliquipaexaeaacommodoaconsequat.aDuisaaute
0
ullamcoalaborisafooautaaliquipaexaeaacommodoaconsequat.aDuisaaute
100
0
0
1
-1
ullamcoalaborisafooautaaliquipaexaeaacommodoaconsequat.aDuisaaute
ullamcolaboris
a-1b
0
0
10
ullamcolaboris
1
ullamcolaboris
ullamcolaboris
0
0
1
2
3
4
5
6
7
1
-1
ullamcolaboris
1
0
0
1
2
3
4
5
6
7
0
-1
9
ullamcolaboris
0
0
10
ullamcoalaborisafooautaaliquipaexaeaacommodoaconsequat.aDuisaaute
-10
0
1
2
3
4
5
6
7
10
10
30
1
0
-1
0
0
0
ullamcolaboris
ullamcolaboris
-2
0
0
ullamcoalaborisafooautaaliquipaexaeaacommodoaconsequat.aDuisaaute
0
ullamcoalaborisafooautaaliquipaexaeaacommodoaconsequat.aDuisaaute
-1
a-1b
ullamcolaboris
0
-2
0
0
0
0
0
0
1
1
1
-1
1
0
ullamcolaboris
1
ullamco laboris
0
1
2
3
4
5
6
7
90
8100
24300
72900
0
1
2
3
4
5
6
7
0
1
-1
ullamcolaboris
-1
-3
-1
9
0
0
0
0
0
ullamco laboris
0
0
0
ullamco laboris
-1
-1
1
ullamcoalaborisafooautaaliquipaexaeaacommodoaconsequat.aDuisaaute
0
1
2
3
4
5
6
7
-1
ullamcolaboris
1
ullamcolaboris
ullamcolaboris
ullamcoalaborisafooautaaliquipaexaeaacommodoaconsequat.aDuisaaute
1
101
10101
30303
3787
0
1
2
3
4
5
6
7
1
3
9
-9
-1
9
1
ullamcoalaborisafooautaaliquipaexaeaacommodoaconsequat.aDuisaaute
3
270
1
101
ullamcolaboris
303
ullamco laboris
10303
10313
a10313b
1
3
13
a13b
ullamco laboris
ullamcoalaborisafooautaaliquipaexaeaacommodoaconsequat.aDuisaaute
a13b
0
0
ullamcolaboris
1
ullamcoalaboris
0
0
0
0
ullamcolaboris
a0b
-2
0
ullamcoalaborisafooautaaliquipaexaeaacommodoaconsequat.aDuisaaute
-2
0
0
10
8
ullamcoalaborisafooautaaliquipaexaeaacommodoaconsequat.aDuisaaute
0
-1
ullamcoalaboris
-90
0
-8100
0
0
100
9000
ullamcolaboris
0
1
0
1
3
1
0
0
0
ullamcolaboris
0
-2
0
1
2
3
4
5
6
7
ullamcolaboris
0
10-2
0
1
2
3
4
5
6
7
30
0
ullamcoalaborisafooautaaliquipaexaeaacommodoaconsequat.aDuisaaute
0
1
2
3
4
5
6
7
ullamcolaboris
a0b
0
1
2
3
4
5
6
7
0
-2
10-2
0
0
ullamcoalaborisafooautaaliquipaexaeaacommodoaconsequat.aDuisaaute
-1
1
ullamcoalaborisafooautaaliquipaexaeaacommodoaconsequat.aDuisaaute
1
ullamcoalaborisafooautaaliquipaexaeaacommodoaconsequat.aDuisaaute
0
1
2
3
4
5
6
7
0
0
0
1
2
3
4
5
6
7
ullamcoalaborisafooautaaliquipaexaeaacommodoaconsequat.aDuisaaute
0
0
1
0
0
0
0
-2
-6
0
0
100
0
ullamcolaboris
ullamcolaboris
0
1
90
1
-1
ullamco laboris
-1
a-1b
0
ullamcoalaborisafooautaaliquipaexaeaacommodoaconsequat.aDuisaaute
0
10
1
0
0
a0b
0
1
2
3
4
5
6
7
ullamcoalaborisafooautaaliquipaexaeaacommodoaconsequat.aDuisaaute
ullamcoalaborisafooautaaliquipaexaeaacommodoaconsequat.aDuisaaute
ullamcoalaboris
0
-2
0
100
-1
a-1b
0
1
1
101
ullamcoalaborisafooautaaliquipaexaeaacommodoaconsequat.aDuisaaute
0
ullamcoalaboris
0
0
0
0
0
0
0
1
3
1
-1
ullamcoalaborisafooautaaliquipaexaeaacommodoaconsequat.aDuisaaute
ullamcoalaborisafooautaaliquipaexaeaacommodoaconsequat.aDuisaaute
ullamcoalaborisafooautaaliquipaexaeaacommodoaconsequat.aDuisaaute
1
0
1
2
3
4
5
6
7
90
1090
101090
a101090b
0
ullamcoalaboris
1
0
0
ullamcolaboris
0
1
a1b
0
1
2
3
4
5
6
7
0
0
ullamcolaboris
-2
-6
-8
2
 irure dolor in reprehenderit in voluptate velit esse cillum dolore eu fugiat nulla pariatur.
1
airureafooainareprehenderitainavoluptateavelitaesseacillumadoloreaeuafugiatanullaapariatur.
3
1
irure
0
1
2
3
4
5
6
7
1
0
0
irure
airure
airure
-2
0
1
2
3
4
5
6
7
0
100
airure
0
110
1
1
0
0
0
0
1
1
0
0
0
1
0
0
-1
0
1
2
3
4
5
6
7
irure
10-1
8
airureafooainareprehenderitainavoluptateavelitaesseacillumadoloreaeuafugiatanullaapariatur.
a8b
-2
-180
-16200
0
-1458000
-182250
-546750
airureafooainareprehenderitainavoluptateavelitaesseacillumadoloreaeuafugiatanullaapariatur.
0
airureafooainareprehenderitainavoluptateavelitaesseacillumadoloreaeuafugiatanullaapariatur.
0
1
a1b
10a1b
1010a1b
airureafooainareprehenderitainavoluptateavelitaesseacillumadoloreaeuafugiatanullaapariatur.
0
1
2
3
4
5
6
7
a1010a1bb
10
0
1
2
3
4
5
6
7
0
irure
airureafooainareprehenderitainavoluptateavelitaesseacillumadoloreaeuafugiatanullaapariatur.
1
airure
-1
0
1
2
3
4
5
6
7
0
airureafooainareprehenderitainavoluptateavelitaesseacillumadoloreaeuafugiatanullaapariatur.
airureafooainareprehenderitainavoluptateavelitaesseacillumadoloreaeuafugiatanullaapariatur.
0
irure
0
1
2
3
4
5
6
7
0
airure
10
-10
0
10
1
90
0
1
2
3
4
5
6
7
0
 irure
0
0
-1
0
0
airureafooainareprehenderitainavoluptateavelitaesseacillumadoloreaeuafugiatanullaapariatur.
0
1
1
airureafooainareprehenderitainavoluptateavelitaesseacillumadoloreaeuafugiatanullaapariatur.
0
0
0
0
airureafooainareprehenderitainavoluptateavelitaesseacillumadoloreaeuafugiatanullaapariatur.
irure
10
a10b
10a10b
0
0
0
1
airureafooainareprehenderitainavoluptateavelitaesseacillumadoloreaeuafugiatanullaapariatur.
-1
-1
irure
airureafooainareprehenderitainavoluptateavelitaesseacillumadoloreaeuafugiatanullaapariatur.
10-1
10-1
1
irure
90
90
1
irure
1
0
airure
1
0
-2
-180
airure
0
airureafooainareprehenderitainavoluptateavelitaesseacillumadoloreaeuafugiatanullaapariatur.
0
0
0
-1
-1
-3
-3
a-3b
irure
0
0
0
1
11
1
airureafooainareprehenderitainavoluptateavelitaesseacillumadoloreaeuafugiatanullaapariatur.
-1
-1
1
0
1
2
3
4
5
6
7
90
0
100
0
0
0
-1
-1
-90
0
airureafooainareprehenderitainavoluptateavelitaesseacillumadoloreaeuafugiatanullaapariatur.
-2
-1
-90
0
-90
-270
airureafooainareprehenderitainavoluptateavelitaesseacillumadoloreaeuafugiatanullaapariatur.
1
0
airureafooainareprehenderitainavoluptateavelitaesseacillumadoloreaeuafugiatanullaapariatur.
a0b
1
0
0
100
1
a1b
0
1
1
3
1
0
-2
8
1
0
0
100
98
airureafooainareprehenderitainavoluptateavelitaesseacillumadoloreaeuafugiatanullaapariatur.
1
airureafooainareprehenderitainavoluptateavelitaesseacillumadoloreaeuafugiatanullaapariatur.
0
a0b
0
1
2
3
4
5
6
7
1
airure
airureafooainareprehenderitainavoluptateavelitaesseacillumadoloreaeuafugiatanullaapariatur.
-1
-3
airureafooainareprehenderitainavoluptateavelitaesseacillumadoloreaeuafugiatanullaapariatur.
-9
-1
irure
irure
1
a1b
0
0
-1
airureafooainareprehenderitainavoluptateavelitaesseacillumadoloreaeuafugiatanullaapariatur.
airure
-1
1
0
0
0
0
10
airure
0
1
2
3
4
5
6
7
1
-1
irure
1
irure
101
12
1
11
0
1
2
3
4
5
6
7
airureafooainareprehenderitainavoluptateavelitaesseacillumadoloreaeuafugiatanullaapariatur.
9
19
loreaeuafugiatehenderitainavoluptateavelitaesseacillumadoloreaeuafugiatanullaapariatur.
-1
-1
1
airure
irure
irure
airureafooainareprehenderitainavoluptateavelitaesseacillumadoloreaeuafugiatanullaapariatur.
11
0
0
a0b
0
0
-1
0
1
a1b
0
0
irure
a0b
0
0
airureafooainareprehenderitainavoluptateavelitaesseacillumadoloreaeuafugiatanullaapariatur.
0
1
2
3
4
5
6
7
0
1
2
3
4
5
6
7
0
0
0
0
0
0
1
0
0
0
0
0
1
2
3
4
5
6
7
airureafooainareprehenderitainavoluptateavelitaesseacillumadoloreaeuafugiatanullaapariatur.
100
airureafooainareprehenderitainavoluptateavelitaesseacillumadoloreaeuafugiatanullaapariatur.
0
1
0
0
1
1
0
 irure
0
0
 irure
1
-1
0
0
0
0
0
0
airureafooainareprehenderitainavoluptateavelitaesseacillumadoloreaeuafugiatanullaapariatur.
100
9000
1
0
irure
0
0
0
1
2
3
4
5
6
7
0
0
10
1010
1008
irure
3024
0
0
272160
24494400
 irure
24494400
0
1
2
3
4
5
6
7
airureafooainareprehenderitainavoluptateavelitaesseacillumadoloreaeuafugiatanullaapariatur.
0
100
a100b
0
-2
2
1
1
airureafooainareprehenderitainavoluptateavelitaesseacillumadoloreaeuafugiatanullaapariatur.
101
0
1
2
3
4
5
6
7
0
1
2
3
4
5
6
7
a101b
0
100
0
0
0
airureafooainareprehenderitainavoluptateavelitaesseacillumadoloreaeuafugiatanullaapariatur.
1
11
0
0
100
9000
a9000b
 irure
0
1
-1
1
1
0
0
airureafooainareprehenderitainavoluptateavelitaesseacillumadoloreaeuafugiatanullaapariatur.
0
airureafooainareprehenderitainavoluptateavelitaesseacillumadoloreaeuafugiatanullaapariatur.
1
1
0
1
2
3
4
5
6
7
irure
-1
0
0
a0b
airureafooainareprehenderitainavoluptateavelitaesseacillumadoloreaeuafllaapariatureafooainareprehenderitainavoluptateavelitaesseacillumadoloreaeuafugiatanullaapariatur.
-1
irure
airureafooainareprehenderitainavoluptateavelitaesseacillumadoloreaeuafugiatanullaapariatur.
9
27
1
airure
airureafooainareprehenderitainavoluptateavelitaesseacillumadoloreaeuafugiatanullaapariatur.
a1b
aa1bb
10
900
airure
910
10910
10908
irure
10918
982620
2947860
2947860
0
0
0
irure
1
1
0
0
-1
-1
0
-1
0
0
-1
1
1
0
0
airureafooainareprehenderitainavoluptateavelitaesseacillumadoloreaeuafugiatanullaapariatur.
10
irure
1010
3030
3030
9090
a9090b
0
-1
0
9
1
0
90
1
0
0
0
-2
2
-1
airureafooainareprehenderitainavoluptateavelitaesseacillumadoloreaeuafugiatanullaapariatur.
0
0
airure
airureafooainareprehenderitainavoluptateavelitaesseacillumadoloreaeuafugiatanullaapariatur.
airureafooainareprehenderitainavoluptateavelitaesseacillumadoloreaeuafugiatanullaapariatur.
airure
a0b
airureafooainareprehenderitainavoluptateavelitaesseacillumadoloreaeuafugiatanullaapariatur.
0
-1
-3
10-3
1
0
0
0
10
0
0
0
1
0
irure
-1
airureafooainareprehenderitainavoluptateavelitaesseacillumadoloreaeuafugiatanullaapariatur.
-1
airure
10-1
0
airure
-1
1
-1
-90
a-90b
1
irure
0
a0b
0
10
0
0
0
0
0
0
0
0
airureafooainareprehenderitainavoluptateavelitaesseacillumadoloreaeuafugiatanullaapariatur.
irure
0
irure
0
1
2
3
4
5
6
7
0
1
airureafooainareprehenderitainavoluptateavelitaesseacillumadoloreaeuafugiatanullaapariatur.
0
airureafooainareprehenderitainavoluptateavelitaesseacillumadoloreaeuafugiatanullaapariatur.
0
irure
a0b
irure
airureafooainareprehenderitainavoluptateavelitaesseacillumadoloreaeuafugiatanullaapariatur.
a0b
0
1
2
3
4
5
6
7
0
0
0
0
0
0
1
2
3
4
5
6
7
airureafooainareprehenderitainavoluptateavelitaesseacillumadoloreaeuafugiatanullaapariatur.
1
1
-1
1
0
0
a0b
0
0
-2
-6
-18
-18
irure
-18
irure
-18
0
1
airureafooainareprehenderitainavoluptateavelitaesseacillumadoloreaeuafugiatanullaapariatur.
0
1
airureafooainareprehenderitainavoluptateavelitaesseacillumadoloreaeuafugiatanullaapariatur.
-1
10-1
 irure
irure
irure
0
-2
a-2b
1
-1
10-1
irure
1010-1
1020
1
a1b
0
-2
a-2b
0
1
irure
1
90
airureafooainareprehenderitainavoluptateavelitaesseacillumadoloreaeuafugiatanullaapariatur.
a90b
0
airureafooainareprehenderitainavoluptateavelitaesseacillumadoloreaeuafugiatanullaapariatur.
irure
0
10
-10
0
1
101
101
10101
1
0
airureafooainareprehenderitainavoluptateavelitaesseacillumadoloreaeuafugiatanullaapariatur.
airureafooainareprehenderitainavoluptateavelitaesseacillumadoloreaeuafugiatanullaapariatur.
1
-1
airureafooainareprehenderitainavoluptateavelitaesseacillumadoloreaeuafugiatanullaapariatur.
1
3
0
0
10
30
0
1
2
3
4
5
6
7
0
airureafooainareprehenderitainavoluptateavelitaesseacillumadoloreaeuafugiatanullaapariatur.
0
0
irure
airureafooainareprehenderitainavoluptateavelitaesseacillumadoloreaeuafugiatanullaapariatur.
1
1
101
-101
-9090
-818100
0
0
1
2
3
4
5
6
7
100
98
0
12
12
1
-1
0
1
2
3
4
5
6
7
9
airureafooainareprehenderitainavoluptateavelitaesseacillumadoloreaeuafugrehenderitainavoluptateavelitaesseacillumadoloreaeuafugiatanullaapariatur.
100
0
0
1
-1
airureafooainareprehenderitainavoluptateavelitaesseacillumadoloreaeuafugiatanullaapariatur.
irure
a-1b
0
0
10
irure
1
irure
irure
0
0
1
2
3
4
5
6
7
1
-1
irure
1
0
0
1
2
3
4
5
6
7
0
-1
9
irure
0
0
10
airureafooainareprehenderitainavoluptateavelitaesseacillumadoloreaeuafugiatanullaapariatur.
-10
0
1
2
3
4
5
6
7
10
10
30
1
0
-1
0
0
0
irure
irure
-2
0
0
airureafooainareprehenderitainavoluptateavelitaesseacillumadoloreaeuafugiatanullaapariatur.
0
airureafooainareprehenderitainavoluptateavelitaesseacillumadoloreaeuafugiatanullaapariatur.
1
airureafooainareprehenderitainavoluptateavelitaesseacillumadoloreaeuafugiatanullaapariatur.
0
airureafooainareprehenderitainavoluptateavelitaesseacillumadoloreaeuafugiatanullaapariatur.
100
110
0
airureafooainareprehenderitainavoluptateavelitaesseacillumadoloreaeuafugiatanullaapariatur.
0
0
a0b
aa0bb
0
0
1
0
0
-2
0
1
a1b
a1b
0
0
a0b
 irure
airureafooainareprehenderitainavoluptateavelitaesseacillumadoloreaeuafugiatanullaapariatur.
airureafooainareprehenderitainavoluptateavelitaesseacillumadoloreaeuafugiatanullaapariatur.
0
0
0
0
0
1
2
3
4
5
6
7
0
1
2
3
4
5
6
7
 irure
0
10
1
101
9090
27270
0
-1
9
irure
0
airureafooainareprehenderitainavoluptateavelitaesseacillumadoloreaeuafugiatanullaapariatur.
 irure
7
0
1
2
3
4
5
6
7
1
1
11
1
90
11
0
1
-1
0
1
2
3
4
5
6
7
-1
-3
0
-3
0
1
2
3
4
5
6
7
-1
airureafooainareprehenderitainavoluptateavelitaesseacillumadoloreaeuafugiatanullaapariatur.
1
0
-1
a-1b
1
-1
airureafooainareprehenderitainavoluptateavelitaesseacillumadoloreaeuafugiatanullaapariatur.
-90
airureafooainareprehenderitainavoluptateavelitaesseacillumadoloreaeuafugiatanullaapariatur.
-1
airureafooainareprehenderitainavoluptateavelitaesseacillumadoloreaeuafugiatanullaapariatur.
1
0
airureafooainareprehenderitainavoluptateavelitaesseacillumadoloreaeuafugiatanullaapariatur.
10
airureafooainareprehenderitainavoluptateavelitaesseacillumadoloreaeuafugiatanullaapariatur.
0
0
8
irure
airureafooainareprehenderitainavoluptateavelitaesseacillumadoloreaeuafugiatanullaapariatur.
a8b
airure
airureafooainareprehenderitainavoluptateavelitaesseacillumadoloreaeuafugiatanullaapariatur.
0
1
2
3
4
5
6
7
1
3
1
1
0
0
 irure
a0b
aa0bbb
aa30bbillumadoloreaeuafugiatanullaapariatur.
101
1
-1
-1
0
-1
a-1b
0
0
0
 irure
0
irure
airureafooainareprehenderitainavoluptateavelitaesseacillumadoloreaeuafugiatanullaapariatur.
0
a0b
irure
0
-1
1
irure
101
0
1
2
3
4
5
6
7
99
1
1
 irure
11
airureafooainareprehenderitainavoluptateavelitaesseacillumadoloreaeuafugiatanullaapariatur.
1
0
1
0
-1
irure
0
0
irure
0
airureafooainareprehenderitainavoluptateavelitaesseacillumadoloreaeuafugiatanullaapariatur.
10
irure
1
1
1
0
airureafooainareprehenderitainavoluptateavelitaesseacillumadoloreaeuafugiatanullaapariatur.
irure
airureafooainareprehenderitainavoluptateavelitaesseacillumadoloreaeuafugiatanullaapariatur.
irure
 irure
0
100
irure
300
1
1
 irure
1
1
0
-1
-90
0
-80
0
1
2
3
4
5
6
7
1
-1
-1
-1
0
1
2
3
4
5
6
7
0
1
0
irure
-1
1
-1
-1
1
a1b
0
0
0
airureafooainareprehenderitainavoluptateavelitaesseacillumadoloreaeuafugiatanullaapariatur.
0
-1
0
0
100
0
0
a0b
0
1
90
airureafooainareprehenderitainavoluptateavelitaesseacillumadoloreaeuafugiatanullaapariatur.
0
1
2
3
4
5
6
7
8100
1
a1b
-2
-1
a-1b
airureafooainareprehenderitainavoluptateavelitaesseacillumadoloreaeuafugiatanullaapariatur.
1
airureafooainareprehenderitainavoluptateavelitaesseacillumadoloreaeuafugiatanullaapariatur.
0
0
0
0
0
irure
0
1
-1
 irure
-3
0
1
2
3
4
5
6
7
1
101
0
0
airureafooainareprehenderitainavoluptateavelitaesseacillumadoloreaeuafugiatanullaapariatur.
0
1
2
3
4
5
6
7
0
0
a0b
1
101
-101
0
0
0
1
2
3
4
5
6
7
0
0
airureafooainareprehenderitainavoluptateavelitaesseacillumadoloreaeuafugiatanullaapariatur.
0
airureafooainareprehenderitainavoluptateavelitaesseacillumadoloreaeuafugiatanullaapariatur.
0
0
1
-1
-1
 irure
0
a0b
10a0b
8
720
0
0
0
 irure
1
0
1
airureafooainareprehenderitainavoluptateavelitaesseacillumadoloreaeuafugiatanullaapariatur.
0
airureafooainareprehenderitainavoluptateavelitaesseacillumadoloreaeuafugiatanullaapariatur.
irure
0
0
10
0
0
0
0
a0b
0
irure
1
a1b
10a1b
 irure
20
0
 irure
0
1
2
3
4
5
6
7
airureafooainareprehenderitainavoluptateavelitaesseacillumadoloreaeuafugiatanullaapariatur.
1
-1
airureafooainareprehenderitainavoluptateavelitaesseacillumadoloreaeuafugiatanullaapariatur.
-1
1
airureafooainareprehenderitainavoluptateavelitaesseacillumadoloreaeuafugiatanullaapariatur.
1
airureafooainareprehenderitainavoluptateavelitaesseacillumadoloreaeuafugiatanullaapariatur.
0
1
2
3
4
5
6
7
0
0
0
1
2
3
4
5
6
7
airureafooainareprehenderitainavoluptateavelitaesseacillumadoloreaeuafugiatanullaapariatur.
0
0
1
0
0
0
0
-2
-6
0
0
100
0
irure
irure
0
1
90
1
-1
 irure
-1
a-1b
0
airureafooainareprehenderitainavoluptateavelitaesseacillumadoloreaeuafugiatanullaapariatur.
0
10
1
0
0
a0b
0
1
2
3
4
5
6
7
airureafooainareprehenderitainavoluptateavelitaesseacillumadoloreaeuafugiatanullaapariatur.
airureafooainareprehenderitainavoluptateavelitaesseacillumadoloreaeuafugiatanullaapariatur.
airure
0
-2
0
100
-1
a-1b
0
1
1
101
airureafooainareprehenderitainavoluptateavelitaesseacillumadoloreaeuafugiatanullaapariatur.
0
airure
0
0
0
0
0
0
0
1
3
1
-1
airureafooainareprehenderitainavoluptateavelitaesseacillumadoloreaeuafugiatanullaapariatur.
airureafooainareprehenderitainavoluptateavelitaesseacillumadoloreaeuafugiatanullaapariatur.
airureafooainareprehenderitainavoluptateavelitaesseacillumadoloreaeuafugiatanullaapariatur.
1
0
1
2
3
4
5
6
7
90
1090
101090
a101090b
0
airure
1
0
0
irure
0
1
a1b
0
1
2
3
4
5
6
7
0
0
irure
-2
-6
-8
2
 Excepteur sint occaecat cupidatat non proident, sunt in culpa qui officia deserunt
1
aExcepteurafooaoccaecatacupidatatanonaproident,asuntainaculpaaquiaofficiaadeserunt
3
1
Excepteur
0
1
2
3
4
5
6
7
1
0
0
Excepteur
aExcepteur
aExcepteur
-2
0
1
2
3
4
5
6
7
0
100
aExcepteur
0
110
1
1
0
0
0
0
1
1
0
0
0
1
0
0
-1
0
1
2
3
4
5
6
7
Excepteur
10-1
8
aExcepteurafooaoccaecatacupidatatanonaproident,asuntainaculpaaquiaofficiaadeserunt
a8b
-2
-180
-16200
0
-1458000
-182250
-546750
aExcepteurafooaoccaecatacupidatatanonaproident,asuntainaculpaaquiaofficiaadeserunt
0
aExcepteurafooaoccaecatacupidatatanonaproident,asuntainaculpaaquiaofficiaadeserunt
0
1
a1b
10a1b
1010a1b
aExcepteurafooaoccaecatacupidatatanonaproident,asuntainaculpaaquiaofficiaadeserunt
0
1
2
3
4
5
6
7
a1010a1bb
10
0
1
2
3
4
5
6
7
0
Excepteur
aExcepteurafooaoccaecatacupidatatanonaproident,asuntainaculpaaquiaofficiaadeserunt
1
aExcepteur
-1
0
1
2
3
4
5
6
7
0
aExcepteurafooaoccaecatacupidatatanonaproident,asuntainaculpaaquiaofficiaadeserunt
aExcepteurafooaoccaecatacupidatatanonaproident,asuntainaculpaaquiaofficiaadeserunt
0
Excepteur
0
1
2
3
4
5
6
7
0
aExcepteur
10
-10
0
10
1
90
0
1
2
3
4
5
6
7
0
 Excepteur
0
0
-1
0
0
aExcepteurafooaoccaecatacupidatatanonaproident,asuntainaculpaaquiaofficiaadeserunt
0
1
1
aExcepteurafooaoccaecatacupidatatanonaproident,asuntainaculpaaquiaofficiaadeserunt
0
0
0
0
aExcepteurafooaoccaecatacupidatatanonaproident,asuntainaculpaaquiaofficiaadeserunt
Excepteur
10
a10b
10a10b
0
0
0
1
aExcepteurafooaoccaecatacupidatatanonaproident,asuntainaculpaaquiaofficiaadeserunt
-1
-1
Excepteur
aExcepteurafooaoccaecatacupidatatanonaproident,asuntainaculpaaquiaofficiaadeserunt
10-1
10-1
1
Excepteur
90
90
1
Excepteur
1
0
aExcepteur
1
0
-2
-180
aExcepteur
0
aExcepteurafooaoccaecatacupidatatanonaproident,asuntainaculpaaquiaofficiaadeserunt
0
0
0
-1
-1
-3
-3
a-3b
Excepteur
0
0
0
1
11
1
aExcepteurafooaoccaecatacupidatatanonaproident,asuntainaculpaaquiaofficiaadeserunt
-1
-1
1
0
1
2
3
4
5
6
7
90
0
100
0
0
0
-1
-1
-90
0
aExcepteurafooaoccaecatacupidatatanonaproident,asuntainaculpaaquiaofficiaadeserunt
-2
-1
-90
0
-90
-270
aExcepteurafooaoccaecatacupidatatanonaproident,asuntainaculpaaquiaofficiaadeserunt
1
0
aExcepteurafooaoccaecatacupidatatanonaproident,asuntainaculpaaquiaofficiaadeserunt
a0b
1
0
0
100
1
a1b
0
1
1
3
1
0
-2
8
1
0
0
100
98
aExcepteurafooaoccaecatacupidatatanonaproident,asuntainaculpaaquiaofficiaadeserunt
1
aExcepteurafooaoccaecatacupidatatanonaproident,asuntainaculpaaquiaofficiaadeserunt
0
a0b
0
1
2
3
4
5
6
7
1
aExcepteur
aExcepteurafooaoccaecatacupidatatanonaproident,asuntainaculpaaquiaofficiaadeserunt
-1
-3
aExcepteurafooaoccaecatacupidatatanonaproident,asuntainaculpaaquiaofficiaadeserunt
-9
-1
Excepteur
Excepteur
1
a1b
0
0
-1
aExcepteurafooaoccaecatacupidatatanonaproident,asuntainaculpaaquiaofficiaadeserunt
aExcepteur
-1
1
0
0
0
0
10
aExcepteur
0
1
2
3
4
5
6
7
1
-1
Excepteur
1
Excepteur
101
12
1
11
0
1
2
3
4
5
6
7
aExcepteurafooaoccaecatacupidatatanonaproident,asuntainaculpaaquiaofficiaadeserunt
9
19
-19
0
1
aExcepteurafooaoccaecatacupidatatanonaproident,asuntainaculpaaquiaofficiaadeserunt
0
0
aExcepteurafooaoccaecatacupidatatanonaproident,asuntainaculpaaquiaofficiaadeserunt
0
aExcepteur
-1
-90
1
90
0
1
aExcepteur
0
-1
0
Excepteur
100
aExcepteurafooaoccaecatacupidatatanonaproident,asuntainaculpaaquiaofficiaadeserunt
-1
aExcepteurafooaoccaecatacupidatatanonaproisuntainaculpaaquiaoft
11
0
0
a0b
0
0
-1
0
1
ateurafooaoccaecatacupidatatanonaproident,asuntainaculpaaquiaofficiaadeserunt
100
aExcepteurafooaoccaecatacupidatatanonaproident,asuntainaculpaaquiaofficiaadeserunt
0
1
0
0
1
1
0
 Excepteur
0
0
 Excepteur
1
-1
0
0
0
0
0
0
aExcepteurafooaoccaecatacupidatatanonaproident,asuntainaculpaaquiaofficiaadeserunt
100
9000
1
0
Excepteur
0
0
0
1
2
3
4
5
6
7
0
0
10
1010
1008
Excepteur
3024
0
0
272160
24494400
 Excepteur
24494400
0
1
2
3
4
5
6
7
aExcepteurafooaoccaecatacupidatatanonaproident,asuntainaculpaaquiaofficiaadeserunt
0
100
a100b
0
-2
2
1
1
aExcepteurafooaoccaecatacupidatatanonaproident,asuntainaculpaaquiaofficiaadeserunt
101
0
1
2
3
4
5
6
7
0
1
2
3
4
5
6
7
a101b
0
100
0
0
0
aExcepteurafooaoccaecatacupidatatanonaproident,asuntainaculpaaquiaofficiaadeserunt
1
11
0
0
100
9000
a9000b
 Excepteur
0
1
-1
1
1
0
0
aExcepteurafooaoccaecatacupidatatanonaproident,asuntainaculpaaquiaofficiaadeserunt
0
aExcepteurafooaoccaecatacupidatatanonaproident,asuntainaculpaaquiaofficiaadeserunt
1
1
0
1
2
3
4
5
6
7
Excepteur
-1
0
0
a0b
aExcepteurafooaoccaecatacupidatatanonaproident,asuntainaculpaaquiaofficiaadeserunt
aExcepteurafooaoccaecatacupidatatanonaproident,asuntainaculpaaquiaofficiaadeserunt
10a0b
20
0
1
-1
-1
9
1
0
0
0
1
-1
-1
a-1b
0
0
1
0
Excepteur
0
0
1
2
3
4
5
6
7
-1
-1
1
aExcepteurafooaoccaecatacupidatatanonaproident,asuntainaculpaaquiaofficiaadeserunt
-1
Excepteur
aExcepteurafooaoccaecatacupidatatanonaproident,asuntainaculpaaquiaofficiaadeserunt
9
27
1
aExcepteur
aExcepteurafooaoccaecatacupidatatanonaproident,asuntainaculpaaquiaofficiaadeserunt
a1b
aa1bb
10
900
aExcepteur
910
10910
10908
Excepteur
10918
982620
2947860
2947860
0
0
0
Excepteur
1
1
0
0
-1
-1
0
-1
0
0
-1
1
1
0
0
aExcepteurafooaoccaecatacupidatatanonaproident,asuntainaculpaaquiaofficiaadeserunt
10
Excepteur
1010
3030
3030
9090
a9090b
0
-1
0
9
1
0
90
1
0
0
0
-2
2
-1
aExcepteurafooaoccaecatacupidatatanonaproident,asuntainaculpaaquiaofficiaadeserunt
0
0
aExcepteur
aExcepteurafooaoccaecatacupidatatanonaproident,asuntainaculpaaquiaofficiaadeserunt
aExcepteurafooaoccaecatacupidatatanonaproident,asuntainaculpaaquiaofficiaadeserunt
aExcepteur
a0b
aExcepteurafooaoccaecatacupidatatanonaproident,asuntainaculpaaquiaofficiaadeserunt
0
-1
-3
10-3
1
0
0
0
10
0
0
0
1
0
Excepteur
-1
aExcepteurafooaoccaecatacupidatatanonaproident,asuntainaculpaaquiaofficiaadeserunt
-1
aExcepteur
10-1
0
aExcepteur
-1
1
-1
-90
a-90b
1
Excepteur
0
a0b
0
10
0
0
0
0
0
0
0
0
aExcepteurafooaoccaecatacupidatatanonaproident,asuntainaculpaaquiaofficiaadeserunt
Excepteur
0
Excepteur
0
1
2
3
4cidatatanonaproident,asuntfficiaadeserunt
a0b
0
1
27
aExcepteurafooaoccaecatacupidatatanonaproident,asuntainaculpaaquiaofficiaadeserunt
1
1
-1
1
0
0
a0b
0
0
-2
-6
-18
-18
Excepteur
-18
Excepteur
-18
0
1
aExcepteurafooaoccaecatacupidatatanonaproident,asuntainaculpaaquiaofficiaadeserunt
0
1
aExcepteurafooaoccaecatacupidatatanonaproident,asuntainaculpaaquiaofficiaadeserunt
-1
10-1
 Excepteur
Excepteur
Excepteur
0
-2
a-2b
1
-1
10-1
Excepteur
1010-1
1020
1
a1b
0
-2
a-2b
0
1
Excepteur
1
90
aExcepteurafooaoccaecatacupidatatanonaproident,asuntainaculpaaquiaofficiaadeserunt
a90b
0
aExcepteurafooaoccaecatacupidatatanonaproident,asuntainaculpaaquiaofficiaadeserunt
Excepteur
0
10
-10
0
1
101
101
10101
1
0
aExcepteurafooaoccaecatacupidatatanonaproident,asuntainaculpaaquiaofficiaadeserunt
aExcepteurafooaoccaecatacupidatatanonaproident,asuntainaculpaaquiaofficiaadeserunt
1
-1
aExcepteurafooaoccaecatacupidatatanonaproident,asuntainaculpaaquiaofficiaadeserunt
1
3
0
0
10
30
0
1
2
3
4
5
6
7
0
aExcepteurafooaoccaecatacupidatatanonaproident,asuntainaculpaaquiaofficiaadeserunt
0
0
Excepteur
aExcepteurafooaoccaecatacupidatatanonaproident,asuntainaculpaaquiaofficiaadeserunt
1
1
101
-101
-9090
-818100
0
0
1
2
3
4
5
6
7
100
98
0
12
12
1
-1
0
1
2
3
4
5
6
7
9
aExcepteurafooaoccaecatacupidatatanonaproident,asuntainaculpaaquiaofficiaadeserunt
0
0
0
100
100
0
1
2
3
4
5
6
7
100
-1
aExcepteurafooaoccaecatacupidatatanonaproident,asuntainaculpaaquiaofficiaadeserunt
0
aExcepteurafooaoccaecatacupidatatanonaproident,asuntainaculpaaquiaofficiaadeserunt
100
0
0
1
-1
aExcepteurafooaoccaecatacupidatatanonaproident,asuntainaculpaaquiaofficiaadeserunt
Excepteur
a-1b
0
0
10
Excepteur
1
Excepteur
Excepteur
0
0
1
2
3
4
5
6
7
1
-1
Excepteur
1
0
0
1
2
3
4
5
6
7
0
-1
9
Excepteur
0
0
10
aExcepteurafooaoccaecatacupidatatanonaproident,asuntainaculpaaquiaofficiaadeserunt
-10
0
1
2
3
4
5
6
7
10
10
30
1
0
-1
0
0
0
Excepteur
Excepteur
-2
0
0
aExcepteurafooaoccaecatacupidatatanonaproident,asuntainaculpaaquiaofficiaadeserunt
0
aExcepteurafooaoccaecatacupidatatanonaproident,asuntainaculpaaquiaoident,asuntainaculpaasuntainaculpaaquiaofficiaadeserunt
0
0
a0b
aa0bb
0
0
1
0
0
-2
0
1
a1b
a1b
0
0
a0b
 Excepteur
aExcepteurafooaoccaecatacupidatatanonaproident,asuntainaculpaaquiaofficiaadeserunt
aExcepteurafooaoccaecatacupidatatanonaproident,asuntainaculpaaquiaofficiaadeserunt
0
0
0
0
0
1
2
3
4
5
6
7
0
1
2
3
4
5
6
7
 Excepteur
0
10
1
101
9090
27270
0
-1
9
Excepteur
0
aExcepteurafooaoccaecatacupidatatanonaproident,asuntainaculpaaquiaofficiaadeserunt
 Excepteur
7
0
1
2
3
4
5
6
7
1
1
11
1
90
11
0
1
-1
0
1
2
3
4
5
6
7
-1
-3
0
-3
0
1
2
3
4
5
6
7
-1
aExcepteurafooaoccaecatacupidatatanonaproident,asuntainaculpaaquiaofficiaadeserunt
1
0
-1
a-1b
1
-1
aExcepteurafooaoccaecatacupidatatanonaproident,asuntainaculpaaquiaofficiaadeserunt
-90
aExcepteurafooaoccaecatacupidatatanonaproident,asuntainaculpaaquiaofficiaadeserunt
-1
aExcepteurafooaoccaecatacupidatatanonaproident,asuntainaculpaaquiaofficiaadeserunt
1
0
aExcepteurafooaoccaecatacupidatatanonaproident,asuntainaculpaaquiaofficiaadeserunt
10
aExcepteurafooaoccaecatacupidatatanonaproident,asuntainaculpaaquiaofficiaadeserunt
0
0
8
Excepteur
aExcepteurafooaoccaecatacupidatatanonaproident,asuntainaculpaaquiaofficiaadeserunt
a8b
aExcepteur
aExcepteurafooaoccaecatacupidatatanonaproident,asuntainaculpaaquiaofficiaadeserunt
0
1
2
3
4
5
6
7
1
3
1
1
0
0
 Excepteur
a0b
aa0bb
 Excepteur
Excepteur
aaa0bbb
0
1
2
3
4
5
6
7
aaaa0bbbb
0
a0b
10a0b
30
a30b
aa30bb
aa30bb
0
0
0
Excepteur
1
0
1
2
3
4
5
6
7
-1
-3
1
0
-1
aExcepteurafooaoccaecatacupidatatanonaproident,asuntainaculpaaquiaofficiaadeserunt
-3
-9
-11
1
1
0
1
1
-1
Excepteur
9
1
0
0
aExcepteur
0
100
0
0
0
0
-1
0
-1
0
1
2
3
4
5
6
7
0
100
300
900
Excepteur
81000
81010
0
-2
a-2b
10a-2b
0
100
10100
10100
0
0
0
aExcepteurafooaoccaecatacupidatatanonaproident,asuntainaculpaaquiaofficiaadeserunt
-1
1
aExcepteurafooaoccaecatacupidatatanonaproident,asuntainaculpaaquiaofficiaadeserunt
1
aExcepteurafooaoccaecatacupidatatanonaproident,asuntainaculpaaquiaofficiaadeserunt
0
1
2
3
4
5
6
7
0
0
0
1
2
3
4
5
6
7
aExcepteurafooaoccaecatacupidatatanonaproident,asuntainaculpaaquiaofficiaadeserunt
0
0
1
0
0
0
0
-2
-6
0
0
100
0
Excepteur
Excepteur
0
1
90
1
-1
 Excepteur
-1
a-1b
0
aExcepteurafooaoccaecatacupidatatanonaproident,asuntainaculpaaquiaofficiaadeserunt
0
10
1
0
0
a0b
0
1
2
3
4
5
6
7
aExcepteurafooaoccaecatacupidatatanonaproident,asuntainaculpaaquiaofficiaadeserunt
aExcepteurafooaoccaecatacupidatatanonaproident,asuntainaculpaaquiaofficiaadeserunt
aExcepteur
0
-2
0
100
-1
a-1b
0
1
1
101
aExcepteurafooaoccaecatacupidatatanonaproident,asuntainaculpaaquiaofficiaadeserunt
0
aExcepteur
0
0
0
0
0
0
0
1
3
1
-1
aExcepteurafooaoccaecatacupidatatanonaproident,asuntainaculpaaquiaofficiaadeserunt
aExcepteurafooaoccaecatacupidatatanonaproident,asuntainaculpaaquiaofficiaadeserunt
aExcepteurafooaoccaecatacupidatatanonaproident,asuntainaculpaaquiaofficiaadeserunt
1
0
1
2
3
4
5
6
7
90
1090
101090
a101090b
0
aExcepteur
1
0
0
Excepteur
0
1
a1b
0
1
2
3
4
5
6
7
0
0
Excepteur
-2
-6
-8
2
 mollit anim id est laborum.
1
amollitafooaidaestalaborum.
3
1
mollit
0
1
2
3
4
5
6
7
1
0
0
mollit
amollit
amollit
-2
0
1
2
3
4
5
6
7
0
100
amollit
0
110
1
1
0
0
0
0
1
1
0
0
0
1
0
0
-1
0
1
2
3
4
5
6
7
mollit
10-1
8
amollitafooaidaestalaborum.
a8b
-2
-180
-16200
0
-1458000
-182250
-546750
amollitafooaidaestalaborum.
0
amollitafooaidaestalaborum.
0
1
a1b
10a1b
1010a1b
amollitafooaidaestalaborum.
0
1
2
3
4
5
6
7
a1010a1bb
10
0
1
2
3
4
5
6
7
0
mollit
amollitafooaidaestalaborum.
1
amollit
-1
0
1
2
3
4
5
6
7
0
amollitafooaidaestalaborum.
amollitafooaidaestalaborum.
0
mollit
0
1
2
3
4
5
6
7
0
amollit
10
-10
0
10
1
90
0
1
2
3
4
5
6
7
0
 mollit
0
0
-1
0
0
amollitafooaidaestalaborum.
0
1
1
amollitafooaidaestalaborum.
0
0
0
0
amollitafooaidaestalaborum.
mollit
10
a10b
10a10b
0
0
0
1
amollitafooaidaestalaborum.
-1
-1
mollit
amollitafooaidaestalaborum.
10-1
10-1
1
mollit
90
90
1
mollit
1
0
amollit
1
0
-2
-180
amollit
0
amollitafooaidaestalaborum.
0
0
0
-1
-1
-3
-3
a-3b
mollit
0
0
0
1
11
1
amollitafooaidaestalaborum.
-1
-1
1
0
1
2
3
4
5
6
7
90
0
100
0
0
0
-1
-1
-90
0
amollitafooaidaestalaborum.
-2
-1
-90
0
-90
-270
amollitafooaidaestalaborum.
1
0
amollitafooaidaestalaborum.
a0b
1
0
0
100
1
a1b
0
1
1
3
1
0
-2
8
1
0
0
100
98
amollitafooaidaestalaborum.
1
amollitafooaidaestalaborum.
0
a0b
0
1
2
3
4
5
6
7
1
amollit
amollitafooaidaestalaborum.
-1
-3
amollitafooaidaestalaborum.
-9
-1
mollit
mollit
1
a1b
0
0
-1
amollitafooaidaestalaborum.
amollit
-1
1
0
0
0
0
10
amollit
0
1
2
3
4
5
6
7
1
-1
mollit
1
mollit
101
12
1
11
0
1
2
3
4
5
6
7
amollitafooaidaestalaborum.
9
19
-19
0
1
amollitafooaidaestalaborum.
0
0
amollitafooaidaestalaborum.
0
amollit
-1
-90
1
90
0
1
amollit
0
-1
0
mollit
100
amollitafooaidaestalaborum.
-1
amollitafooaidaestalaborum.
10-1
1
1
-1
amollitafooaidaestalaborum.
-1
-1
1
amollit
mollit
mollit
amollitafooaidaestalaborum.
11
0
0
a0b
0
0
-1
0
1
a1b
0
0
mollit
a0b
0
0
amollitafooaidaestalaborum.
0
1
2
3
4
5
6
7
0
1
2
3
4
5
6
7
0
0
0
0
0
0
1
0
0
0
0
0
1
2
3
4
5
6
7
amollitafooaidaestalaborum.
100
amollitafooaidaestalaborum.
0
1
0
0
1
1
0
 mollit
0
0
 mollit
1
-1
0
0
0
0
0
0
amollitafooaidaestalaborum.
100
9000
1
0
mollit
0
0
0
1
2
3
4
5
6
7
0
0
10
1010
1008
mollit
3024
0
0
272160
24494400
 mo1
0
0
amollitafooaidaesum.
0
amollitamollitafooaidaestalaborum.
-1
mollit
amollitafooaidaestalaborum.
9
27
1
amollit
amollitafooaidaestalaborum.
a1b
aa1bb
10
900
amollit
910
10910
10908
mollit
10918
982620
2947860
2947860
0
0
0
mollit
1
1
0
0
-1
-1
0
-1
0
0
-1
1
1
0
0
amollitafooaidaestalaborum.
10
mollit
1010
3030
3030
9090
a9090b
0
-1
0
9
1
0
90
1
0
0
0
-2
2
-1
amollitafooaidaestalaborum.
0
0
amollit
amollitafooaidaestalaborum.
amollitafooaidaestalaborum.
amollit
a0b
amollitafooaidaestalaborum.
0
-1
-3
10-3
1
0
0
0
10
0
0
0
1
0
mollit
-1
amollitafooaidaestalaborum.
-1
amollit
10-1
0
amollit
-1
1
-1
-90
a-90b
1
mollit
0
a0b
0
10
0
0
0
0
0
0
0
0
amollitafooaidaestalaborum.
mollit
0
mollit
0
1
2
3
4
5
6
7
0
1
amollitafooaidaestalaborum.
0
amollitafooaidaestalaborum.
0
mollit
a0b
mollit
amollitafooaidaestalaborum.
a0b
0
1
2
3
4
5
6
7
0
0
0
0
0
0
1
2
3
4
5
6
7
amollitafooaidaestalaborum.
1
1
-1
1
0
0
a0b
0
0
-2
-6
-18
-18
mollit
-18
mollit
-18
0
1
amollitafooaidaestalaborum.
0
1
amollitafooaidaestalaborum.
-1
10-1
 mollit
mollit
mollit
0
-2
a-2b
1
-1
10-1
mollit
1010-1
1020
1
a1b
0
-2
a-2b
0
1
mollit
1
90
amollitafooaidaestalaborum.
a90b
0
amollitafooaidaestalaborum.
mollit
0
10
-10
0
1
101
101
10101
1
0
amollitafooaidaestalaborum.
amollitafooaidaestalaborum.
1
-1
amollitafooaidaestalaborum.
1
3
0
0
10
30
0
1
2
3
4
5
6
7
0
amollitafooaidaestalaborum.
0
0
mollit
amollitafooaidaestalaborum.
1
1
101
-101
-9090
-818100
0
0
1
2
3
4
5
6
7
100
98
0
12
12
1
-1
0
1
2
3
4
5
6
7
9
amollitafooaidaestalaborum.
0
0
0
100
100
0
1
2
3
4
5
6
7
100
-1
amollitafooaidaestalaborum.
0
amollitafooaidaestalaborum.
100
0
0
1
-1
amollitafooaidaestalaborum.
mollit
a-1b
0
0
10
mollit
1
mollit
mollit
0
0
1
2
3
4
5
6
7
1
-1
mollit
1
0
0
1
2
3
4
5
6
7
0
-1
9
mollit
0
0
10
amollitafooaidaestalaborum.
-10
0
1
2
3
4
5
6
7
10
10
30
1
0
-1
0
0
0
mollit
mollit
-2
0
0
amollitafooaidaestalaborum.
0
amollitafooaidaestalaborum.
0
amollitafooaidaestalaborum.
-1
1
amollitafooaidaestalaborum.
1
amollitafooaidaestalaborum.
0
1
2
3
4
5
6
7
0
0
0
1
2
3
4
5
6
7
amollitafooaidaestalaborum.
0
0
1
0
0
0
0
-2
-6
0
0
100
0
mollit
mollit
0
1
90
1
-1
 mollit
-1
a-1b
0
amollitafooaidaestalaborum.
0
10
1
0
0
a0b
0
1
2
3
4
5
6
7
amollitafooaidaestalaborum.
amollitafooaidaestalaborum.
amollit
0
-2
0
100
-1
a-1b
0
1
1
101
amollitafooaidaestalaborum.
0
amollit
0
0
0
0
0
0
01090
101090
a1010