[2J[H079:	
078:	
077:	
076:	
075:	
074:	
073:	
072:	
071:	
070:	
069:	
068:	
067:	
066:	
065:	
064:	
063:	
062:	
061:	
060:	
059:	
058:	
057:	
056:	
055:	
054:	
053:	
052:	
051:	
050:	
049:	
048:	
047:	
046:	
045:	
044:	
043:	
042:	
041:	
040:	
039:	
038:	
037:	
036:	
035:	
034:	
033:	
032:	
031:	
030:	
029:	
028:	
027:	
026:	
025:	
024:	
023:	
022:	
021:	
020:	
019:	
018:	
017:	
016:	
015:	
014:	
013:	
012:	
011:	
010:	
009:	
008:	
007:	
006:	
005:	
004:	
003:	
002:	
001:	
000:	
------------------------------------------------------------------------------------------------------------------------
[2J[H079:	
078:	
077:	
076:	
075:	
074:	
073:	
072:	
071:	
070:	
069:	
068:	
067:	
066:	
065:	
064:	
063:	
062:	
061:	
060:	
059:	
058:	
057:	
056:	
055:	
054:	
053:	
052:	
051:	
050:	
049:	
048:	
047:	
046:	
045:	
044:	
043:	
042:	
041:	
040:	
039:	
038:	
037:	
036:	
035:	
034:	
033:	
032:	
031:	
030:	
029:	
028:	
027:	
026:	
025:	
024:	
023:	
022:	
021:	
020:	
019:	
018:	
017:	
016:	
015:	
014:	
013:	
012:	
011:	
010:	
009:	
008:	
007:	
006:	
005:	
004:	
003:	
002:	
001:	
000:	0
------------------------------------------------------------------------------------------------------------------------
[2J[H079:	
078:	
077:	
076:	
075:	
074:	
073:	
072:	
071:	
070:	
069:	
068:	
067:	
066:	
065:	
064:	
063:	
062:	
061:	
060:	
059:	
058:	
057:	
056:	
055:	
054:	
053:	
052:	
051:	
050:	
049:	
048:	
047:	
046:	
045:	
044:	
043:	
042:	
041:	
040:	
039:	
038:	
037:	
036:	
035:	
034:	
033:	
032:	
031:	
030:	
029:	
028:	
027:	
026:	
025:	
024:	
023:	
022:	
021:	
020:	
019:	
018:	
017:	
016:	
015:	
014:	
013:	
012:	
011:	
010:	
009:	
008:	
007:	
006:	
005:	
004:	
003:	
002:	
001:	0
000:	0
------------------------------------------------------------------------------------------------------------------------
[2J[H079:	
078:	
077:	
076:	
075:	
074:	
073:	
072:	
071:	
070:	
069:	
068:	
067:	
066:	
065:	
064:	
063:	
062:	
061:	
060:	
059:	
058:	
057:	
056:	
055:	
054:	
053:	
052:	
051:	
050:	
049:	
048:	
047:	
046:	
045:	
044:	
043:	
042:	
041:	
040:	
039:	
038:	
037:	
036:	
035:	
034:	
033:	
032:	
031:	
030:	
029:	
028:	
027:	
026:	
025:	
024:	
023:	
022:	
021:	
020:	
019:	
018:	
017:	
016:	
015:	
014:	
013:	
012:	
011:	
010:	
009:	
008:	
007:	
006:	
005:	
004:	
003:	
002:	0
001:	0
000:	0
------------------------------------------------------------------------------------------------------------------------
[2J[H079:	
078:	
077:	
076:	
075:	
074:	
073:	
072:	
071:	
070:	
069:	
068:	
067:	
066:	
065:	
064:	
063:	
062:	
061:	
060:	
059:	
058:	
057:	
056:	
055:	
054:	
053:	
052:	
051:	
050:	
049:	
048:	
047:	
046:	
045:	
044:	
043:	
042:	
041:	
040:	
039:	
038:	
037:	
036:	
035:	
034:	
033:	
032:	
031:	
030:	
029:	
028:	
027:	
026:	
025:	
024:	
023:	
022:	
021:	
020:	
019:	
018:	
017:	
016:	
015:	
014:	
013:	
012:	
011:	
010:	
009:	
008:	
007:	
006:	
005:	
004:	
003:	0
002:	0
001:	0
000:	0
------------------------------------------------------------------------------------------------------------------------
[2J[H079:	
078:	
077:	
076:	
075:	
074:	
073:	
072:	
071:	
070:	
069:	
068:	
067:	
066:	
065:	
064:	
063:	
062:	
061:	
060:	
059:	
058:	
057:	
056:	
055:	
054:	
053:	
052:	
051:	
050:	
049:	
048:	
047:	
046:	
045:	
044:	
043:	
042:	
041:	
040:	
039:	
038:	
037:	
036:	
035:	
034:	
033:	
032:	
031:	
030:	
029:	
028:	
027:	
026:	
025:	
024:	
023:	
022:	
021:	
020:	
019:	
018:	
017:	
016:	
015:	
014:	
013:	
012:	
011:	
010:	
009:	
008:	
007:	
006:	
005:	
004:	0
003:	0
002:	0
001:	0
000:	0
------------------------------------------------------------------------------------------------------------------------
[2J[H079:	
078:	
077:	
076:	
075:	
074:	
073:	
072:	
071:	
070:	
069:	
068:	
067:	
066:	
065:	
064:	
063:	
062:	
061:	
060:	
059:	
058:	
057:	
056:	
055:	
054:	
053:	
052:	
051:	
050:	
049:	
048:	
047:	
046:	
045:	
044:	
043:	
042:	
041:	
040:	
039:	
038:	
037:	
036:	
035:	
034:	
033:	
032:	
031:	
030:	
029:	
028:	
027:	
026:	
025:	
024:	
023:	
022:	
021:	
020:	
019:	
018:	
017:	
016:	
015:	
014:	
013:	
012:	
011:	
010:	
009:	
008:	
007:	
006:	
005:	0
004:	0
003:	0
002:	0
001:	0
000:	0
------------------------------------------------------------------------------------------------------------------------
[2J[H079:	
078:	
077:	
076:	
075:	
074:	
073:	
072:	
071:	
070:	
069:	
068:	
067:	
066:	
065:	
064:	
063:	
062:	
061:	
060:	
059:	
058:	
057:	
056:	
055:	
054:	
053:	
052:	
051:	
050:	
049:	
048:	
047:	
046:	
045:	
044:	
043:	
042:	
041:	
040:	
039:	
038:	
037:	
036:	
035:	
034:	
033:	
032:	
031:	
030:	
029:	
028:	
027:	
026:	
025:	
024:	
023:	
022:	
021:	
020:	
019:	
018:	
017:	
016:	
015:	
014:	
013:	
012:	
011:	
010:	
009:	
008:	
007:	
006:	0
005:	0
004:	0
003:	0
002:	0
001:	0
000:	0
------------------------------------------------------------------------------------------------------------------------
[2J[H079:	
078:	
077:	
076:	
075:	
074:	
073:	
072:	
071:	
070:	
069:	
068:	
067:	
066:	
065:	
064:	
063:	
062:	
061:	
060:	
059:	
058:	
057:	
056:	
055:	
054:	
053:	
052:	
051:	
050:	
049:	
048:	
047:	
046:	
045:	
044:	
043:	
042:	
041:	
040:	
039:	
038:	
037:	
036:	
035:	
034:	
033:	
032:	
031:	
030:	
029:	
028:	
027:	
026:	
025:	
024:	
023:	
022:	
021:	
020:	
019:	
018:	
017:	
016:	
015:	
014:	
013:	
012:	
011:	
010:	
009:	
008:	
007:	0
006:	0
005:	0
004:	0
003:	0
002:	0
001:	0
000:	0
------------------------------------------------------------------------------------------------------------------------
[2J[H079:	
078:	
077:	
076:	
075:	
074:	
073:	
072:	
071:	
070:	
069:	
068:	
067:	
066:	
065:	
064:	
063:	
062:	
061:	
060:	
059:	
058:	
057:	
056:	
055:	
054:	
053:	
052:	
051:	
050:	
049:	
048:	
047:	
046:	
045:	
044:	
043:	
042:	
041:	
040:	
039:	
038:	
037:	
036:	
035:	
034:	
033:	
032:	
031:	
030:	
029:	
028:	
027:	
026:	
025:	
024:	
023:	
022:	
021:	
020:	
019:	
018:	
017:	
016:	
015:	
014:	
013:	
012:	
011:	
010:	
009:	
008:	0
007:	0
006:	0
005:	0
004:	0
003:	0
002:	0
001:	0
000:	0
------------------------------------------------------------------------------------------------------------------------
[2J[H079:	
078:	
077:	
076:	
075:	
074:	
073:	
072:	
071:	
070:	
069:	
068:	
067:	
066:	
065:	
064:	
063:	
062:	
061:	
060:	
059:	
058:	
057:	
056:	
055:	
054:	
053:	
052:	
051:	
050:	
049:	
048:	
047:	
046:	
045:	
044:	
043:	
042:	
041:	
040:	
039:	
038:	
037:	
036:	
035:	
034:	
033:	
032:	
031:	
030:	
029:	
028:	
027:	
026:	
025:	
024:	
023:	
022:	
021:	
020:	
019:	
018:	
017:	
016:	
015:	
014:	
013:	
012:	
011:	
010:	
009:	0
008:	0
007:	0
006:	0
005:	0
004:	0
003:	0
002:	0
001:	0
000:	0
------------------------------------------------------------------------------------------------------------------------
[2J[H079:	
078:	
077:	
076:	
075:	
074:	
073:	
072:	
071:	
070:	
069:	
068:	
067:	
066:	
065:	
064:	
063:	
062:	
061:	
060:	
059:	
058:	
057:	
056:	
055:	
054:	
053:	
052:	
051:	
050:	
049:	
048:	
047:	
046:	
045:	
044:	
043:	
042:	
041:	
040:	
039:	
038:	
037:	
036:	
035:	
034:	
033:	
032:	
031:	
030:	
029:	
028:	
027:	
026:	
025:	
024:	
023:	
022:	
021:	
020:	
019:	
018:	
017:	
016:	
015:	
014:	
013:	
012:	
011:	
010:	0
009:	0
008:	0
007:	0
006:	0
005:	0
004:	0
003:	0
002:	0
001:	0
000:	0
------------------------------------------------------------------------------------------------------------------------
[2J[H079:	
078:	
077:	
076:	
075:	
074:	
073:	
072:	
071:	
070:	
069:	
068:	
067:	
066:	
065:	
064:	
063:	
062:	
061:	
060:	
059:	
058:	
057:	
056:	
055:	
054:	
053:	
052:	
051:	
050:	
049:	
048:	
047:	
046:	
045:	
044:	
043:	
042:	
041:	
040:	
039:	
038:	
037:	
036:	
035:	
034:	
033:	
032:	
031:	
030:	
029:	
028:	
027:	
026:	
025:	
024:	
023:	
022:	
021:	
020:	
019:	
018:	
017:	
016:	
015:	
014:	
013:	
012:	
011:	0
010:	0
009:	0
008:	0
007:	0
006:	0
005:	0
004:	0
003:	0
002:	0
001:	0
000:	0
------------------------------------------------------------------------------------------------------------------------
[2J[H079:	
078:	
077:	
076:	
075:	
074:	
073:	
072:	
071:	
070:	
069:	
068:	
067:	
066:	
065:	
064:	
063:	
062:	
061:	
060:	
059:	
058:	
057:	
056:	
055:	
054:	
053:	
052:	
051:	
050:	
049:	
048:	
047:	
046:	
045:	
044:	
043:	
042:	
041:	
040:	
039:	
038:	
037:	
036:	
035:	
034:	
033:	
032:	
031:	
030:	
029:	
028:	
027:	
026:	
025:	
024:	
023:	
022:	
021:	
020:	
019:	
018:	
017:	
016:	
015:	
014:	
013:	
012:	0
011:	0
010:	0
009:	0
008:	0
007:	0
006:	0
005:	0
004:	0
003:	0
002:	0
001:	0
000:	0
------------------------------------------------------------------------------------------------------------------------
[2J[H079:	
078:	
077:	
076:	
075:	
074:	
073:	
072:	
071:	
070:	
069:	
068:	
067:	
066:	
065:	
064:	
063:	
062:	
061:	
060:	
059:	
058:	
057:	
056:	
055:	
054:	
053:	
052:	
051:	
050:	
049:	
048:	
047:	
046:	
045:	
044:	
043:	
042:	
041:	
040:	
039:	
038:	
037:	
036:	
035:	
034:	
033:	
032:	
031:	
030:	
029:	
028:	
027:	
026:	
025:	
024:	
023:	
022:	
021:	
020:	
019:	
018:	
017:	
016:	
015:	
014:	
013:	0
012:	0
011:	0
010:	0
009:	0
008:	0
007:	0
006:	0
005:	0
004:	0
003:	0
002:	0
001:	0
000:	0
------------------------------------------------------------------------------------------------------------------------
[2J[H079:	
078:	
077:	
076:	
075:	
074:	
073:	
072:	
071:	
070:	
069:	
068:	
067:	
066:	
065:	
064:	
063:	
062:	
061:	
060:	
059:	
058:	
057:	
056:	
055:	
054:	
053:	
052:	
051:	
050:	
049:	
048:	
047:	
046:	
045:	
044:	
043:	
042:	
041:	
040:	
039:	
038:	
037:	
036:	
035:	
034:	
033:	
032:	
031:	
030:	
029:	
028:	
027:	
026:	
025:	
024:	
023:	
022:	
021:	
020:	
019:	
018:	
017:	
016:	
015:	
014:	0
013:	0
012:	0
011:	0
010:	0
009:	0
008:	0
007:	0
006:	0
005:	0
004:	0
003:	0
002:	0
001:	0
000:	0
------------------------------------------------------------------------------------------------------------------------
[2J[H079:	
078:	
077:	
076:	
075:	
074:	
073:	
072:	
071:	
070:	
069:	
068:	
067:	
066:	
065:	
064:	
063:	
062:	
061:	
060:	
059:	
058:	
057:	
056:	
055:	
054:	
053:	
052:	
051:	
050:	
049:	
048:	
047:	
046:	
045:	
044:	
043:	
042:	
041:	
040:	
039:	
038:	
037:	
036:	
035:	
034:	
033:	
032:	
031:	
030:	
029:	
028:	
027:	
026:	
025:	
024:	
023:	
022:	
021:	
020:	
019:	
018:	
017:	
016:	
015:	0
014:	0
013:	0
012:	0
011:	0
010:	0
009:	0
008:	0
007:	0
006:	0
005:	0
004:	0
003:	0
002:	0
001:	0
000:	0
------------------------------------------------------------------------------------------------------------------------
[2J[H079:	
078:	
077:	
076:	
075:	
074:	
073:	
072:	
071:	
070:	
069:	
068:	
067:	
066:	
065:	
064:	
063:	
062:	
061:	
060:	
059:	
058:	
057:	
056:	
055:	
054:	
053:	
052:	
051:	
050:	
049:	
048:	
047:	
046:	
045:	
044:	
043:	
042:	
041:	
040:	
039:	
038:	
037:	
036:	
035:	
034:	
033:	
032:	
031:	
030:	
029:	
028:	
027:	
026:	
025:	
024:	
023:	
022:	
021:	
020:	
019:	
018:	
017:	
016:	0
015:	0
014:	0
013:	0
012:	0
011:	0
010:	0
009:	0
008:	0
007:	0
006:	0
005:	0
004:	0
003:	0
002:	0
001:	0
000:	0
------------------------------------------------------------------------------------------------------------------------
[2J[H079:	
078:	
077:	
076:	
075:	
074:	
073:	
072:	
071:	
070:	
069:	
068:	
067:	
066:	
065:	
064:	
063:	
062:	
061:	
060:	
059:	
058:	
057:	
056:	
055:	
054:	
053:	
052:	
051:	
050:	
049:	
048:	
047:	
046:	
045:	
044:	
043:	
042:	
041:	
040:	
039:	
038:	
037:	
036:	
035:	
034:	
033:	
032:	
031:	
030:	
029:	
028:	
027:	
026:	
025:	
024:	
023:	
022:	
021:	
020:	
019:	
018:	
017:	0
016:	0
015:	0
014:	0
013:	0
012:	0
011:	0
010:	0
009:	0
008:	0
007:	0
006:	0
005:	0
004:	0
003:	0
002:	0
001:	0
000:	0
------------------------------------------------------------------------------------------------------------------------
[2J[H079:	
078:	
077:	
076:	
075:	
074:	
073:	
072:	
071:	
070:	
069:	
068:	
067:	
066:	
065:	
064:	
063:	
062:	
061:	
060:	
059:	
058:	
057:	
056:	
055:	
054:	
053:	
052:	
051:	
050:	
049:	
048:	
047:	
046:	
045:	
044:	
043:	
042:	
041:	
040:	
039:	
038:	
037:	
036:	
035:	
034:	
033:	
032:	
031:	
030:	
029:	
028:	
027:	
026:	
025:	
024:	
023:	
022:	
021:	
020:	
019:	
018:	0
017:	0
016:	0
015:	0
014:	0
013:	0
012:	0
011:	0
010:	0
009:	0
008:	0
007:	0
006:	0
005:	0
004:	0
003:	0
002:	0
001:	0
000:	0
------------------------------------------------------------------------------------------------------------------------
[2J[H079:	
078:	
077:	
076:	
075:	
074:	
073:	
072:	
071:	
070:	
069:	
068:	
067:	
066:	
065:	
064:	
063:	
062:	
061:	
060:	
059:	
058:	
057:	
056:	
055:	
054:	
053:	
052:	
051:	
050:	
049:	
048:	
047:	
046:	
045:	
044:	
043:	
042:	
041:	
040:	
039:	
038:	
037:	
036:	
035:	
034:	
033:	
032:	
031:	
030:	
029:	
028:	
027:	
026:	
025:	
024:	
023:	
022:	
021:	
020:	
019:	0
018:	0
017:	0
016:	0
015:	0
014:	0
013:	0
012:	0
011:	0
010:	0
009:	0
008:	0
007:	0
006:	0
005:	0
004:	0
003:	0
002:	0
001:	0
000:	0
------------------------------------------------------------------------------------------------------------------------
[2J[H079:	
078:	
077:	
076:	
075:	
074:	
073:	
072:	
071:	
070:	
069:	
068:	
067:	
066:	
065:	
064:	
063:	
062:	
061:	
060:	
059:	
058:	
057:	
056:	
055:	
054:	
053:	
052:	
051:	
050:	
049:	
048:	
047:	
046:	
045:	
044:	
043:	
042:	
041:	
040:	
039:	
038:	
037:	
036:	
035:	
034:	
033:	
032:	
031:	
030:	
029:	
028:	
027:	
026:	
025:	
024:	
023:	
022:	
021:	
020:	0
019:	0
018:	0
017:	0
016:	0
015:	0
014:	0
013:	0
012:	0
011:	0
010:	0
009:	0
008:	0
007:	0
006:	0
005:	0
004:	0
003:	0
002:	0
001:	0
000:	0
------------------------------------------------------------------------------------------------------------------------
[2J[H079:	
078:	
077:	
076:	
075:	
074:	
073:	
072:	
071:	
070:	
069:	
068:	
067:	
066:	
065:	
064:	
063:	
062:	
061:	
060:	
059:	
058:	
057:	
056:	
055:	
054:	
053:	
052:	
051:	
050:	
049:	
048:	
047:	
046:	
045:	
044:	
043:	
042:	
041:	
040:	
039:	
038:	
037:	
036:	
035:	
034:	
033:	
032:	
031:	
030:	
029:	
028:	
027:	
026:	
025:	
024:	
023:	
022:	
021:	0
020:	0
019:	0
018:	0
017:	0
016:	0
015:	0
014:	0
013:	0
012:	0
011:	0
010:	0
009:	0
008:	0
007:	0
006:	0
005:	0
004:	0
003:	0
002:	0
001:	0
000:	0
------------------------------------------------------------------------------------------------------------------------
[2J[H079:	
078:	
077:	
076:	
075:	
074:	
073:	
072:	
071:	
070:	
069:	
068:	
067:	
066:	
065:	
064:	
063:	
062:	
061:	
060:	
059:	
058:	
057:	
056:	
055:	
054:	
053:	
052:	
051:	
050:	
049:	
048:	
047:	
046:	
045:	
044:	
043:	
042:	
041:	
040:	
039:	
038:	
037:	
036:	
035:	
034:	
033:	
032:	
031:	
030:	
029:	
028:	
027:	
026:	
025:	
024:	
023:	
022:	0
021:	0
020:	0
019:	0
018:	0
017:	0
016:	0
015:	0
014:	0
013:	0
012:	0
011:	0
010:	0
009:	0
008:	0
007:	0
006:	0
005:	0
004:	0
003:	0
002:	0
001:	0
000:	0
------------------------------------------------------------------------------------------------------------------------
[2J[H079:	
078:	
077:	
076:	
075:	
074:	
073:	
072:	
071:	
070:	
069:	
068:	
067:	
066:	
065:	
064:	
063:	
062:	
061:	
060:	
059:	
058:	
057:	
056:	
055:	
054:	
053:	
052:	
051:	
050:	
049:	
048:	
047:	
046:	
045:	
044:	
043:	
042:	
041:	
040:	
039:	
038:	
037:	
036:	
035:	
034:	
033:	
032:	
031:	
030:	
029:	
028:	
027:	
026:	
025:	
024:	
023:	0
022:	0
021:	0
020:	0
019:	0
018:	0
017:	0
016:	0
015:	0
014:	0
013:	0
012:	0
011:	0
010:	0
009:	0
008:	0
007:	0
006:	0
005:	0
004:	0
003:	0
002:	0
001:	0
000:	0
------------------------------------------------------------------------------------------------------------------------
[2J[H079:	
078:	
077:	
076:	
075:	
074:	
073:	
072:	
071:	
070:	
069:	
068:	
067:	
066:	
065:	
064:	
063:	
062:	
061:	
060:	
059:	
058:	
057:	
056:	
055:	
054:	
053:	
052:	
051:	
050:	
049:	
048:	
047:	
046:	
045:	
044:	
043:	
042:	
041:	
040:	
039:	
038:	
037:	
036:	
035:	
034:	
033:	
032:	
031:	
030:	
029:	
028:	
027:	
026:	
025:	
024:	0
023:	0
022:	0
021:	0
020:	0
019:	0
018:	0
017:	0
016:	0
015:	0
014:	0
013:	0
012:	0
011:	0
010:	0
009:	0
008:	0
007:	0
006:	0
005:	0
004:	0
003:	0
002:	0
001:	0
000:	0
------------------------------------------------------------------------------------------------------------------------
[2J[H079:	
078:	
077:	
076:	
075:	
074:	
073:	
072:	
071:	
070:	
069:	
068:	
067:	
066:	
065:	
064:	
063:	
062:	
061:	
060:	
059:	
058:	
057:	
056:	
055:	
054:	
053:	
052:	
051:	
050:	
049:	
048:	
047:	
046:	
045:	
044:	
043:	
042:	
041:	
040:	
039:	
038:	
037:	
036:	
035:	
034:	
033:	
032:	
031:	
030:	
029:	
028:	
027:	
026:	
025:	0
024:	0
023:	0
022:	0
021:	0
020:	0
019:	0
018:	0
017:	0
016:	0
015:	0
014:	0
013:	0
012:	0
011:	0
010:	0
009:	0
008:	0
007:	0
006:	0
005:	0
004:	0
003:	0
002:	0
001:	0
000:	0
------------------------------------------------------------------------------------------------------------------------
[2J[H079:	
078:	
077:	
076:	
075:	
074:	
073:	
072:	
071:	
070:	
069:	
068:	
067:	
066:	
065:	
064:	
063:	
062:	
061:	
060:	
059:	
058:	
057:	
056:	
055:	
054:	
053:	
052:	
051:	
050:	
049:	
048:	
047:	
046:	
045:	
044:	
043:	
042:	
041:	
040:	
039:	
038:	
037:	
036:	
035:	
034:	
033:	
032:	
031:	
030:	
029:	
028:	
027:	
026:	0
025:	0
024:	0
023:	0
022:	0
021:	0
020:	0
019:	0
018:	0
017:	0
016:	0
015:	0
014:	0
013:	0
012:	0
011:	0
010:	0
009:	0
008:	0
007:	0
006:	0
005:	0
004:	0
003:	0
002:	0
001:	0
000:	0
------------------------------------------------------------------------------------------------------------------------
[2J[H079:	
078:	
077:	
076:	
075:	
074:	
073:	
072:	
071:	
070:	
069:	
068:	
067:	
066:	
065:	
064:	
063:	
062:	
061:	
060:	
059:	
058:	
057:	
056:	
055:	
054:	
053:	
052:	
051:	
050:	
049:	
048:	
047:	
046:	
045:	
044:	
043:	
042:	
041:	
040:	
039:	
038:	
037:	
036:	
035:	
034:	
033:	
032:	
031:	
030:	
029:	
028:	
027:	0
026:	0
025:	0
024:	0
023:	0
022:	0
021:	0
020:	0
019:	0
018:	0
017:	0
016:	0
015:	0
014:	0
013:	0
012:	0
011:	0
010:	0
009:	0
008:	0
007:	0
006:	0
005:	0
004:	0
003:	0
002:	0
001:	0
000:	0
------------------------------------------------------------------------------------------------------------------------
[2J[H079:	
078:	
077:	
076:	
075:	
074:	
073:	
072:	
071:	
070:	
069:	
068:	
067:	
066:	
065:	
064:	
063:	
062:	
061:	
060:	
059:	
058:	
057:	
056:	
055:	
054:	
053:	
052:	
051:	
050:	
049:	
048:	
047:	
046:	
045:	
044:	
043:	
042:	
041:	
040:	
039:	
038:	
037:	
036:	
035:	
034:	
033:	
032:	
031:	
030:	
029:	
028:	0
027:	0
026:	0
025:	0
024:	0
023:	0
022:	0
021:	0
020:	0
019:	0
018:	0
017:	0
016:	0
015:	0
014:	0
013:	0
012:	0
011:	0
010:	0
009:	0
008:	0
007:	0
006:	0
005:	0
004:	0
003:	0
002:	0
001:	0
000:	0
------------------------------------------------------------------------------------------------------------------------
[2J[H079:	
078:	
077:	
076:	
075:	
074:	
073:	
072:	
071:	
070:	
069:	
068:	
067:	
066:	
065:	
064:	
063:	
062:	
061:	
060:	
059:	
058:	
057:	
056:	
055:	
054:	
053:	
052:	
051:	
050:	
049:	
048:	
047:	
046:	
045:	
044:	
043:	
042:	
041:	
040:	
039:	
038:	
037:	
036:	
035:	
034:	
033:	
032:	
031:	
030:	
029:	0
028:	0
027:	0
026:	0
025:	0
024:	0
023:	0
022:	0
021:	0
020:	0
019:	0
018:	0
017:	0
016:	0
015:	0
014:	0
013:	0
012:	0
011:	0
010:	0
009:	0
008:	0
007:	0
006:	0
005:	0
004:	0
003:	0
002:	0
001:	0
000:	0
------------------------------------------------------------------------------------------------------------------------
[2J[H079:	
078:	
077:	
076:	
075:	
074:	
073:	
072:	
071:	
070:	
069:	
068:	
067:	
066:	
065:	
064:	
063:	
062:	
061:	
060:	
059:	
058:	
057:	
056:	
055:	
054:	
053:	
052:	
051:	
050:	
049:	
048:	
047:	
046:	
045:	
044:	
043:	
042:	
041:	
040:	
039:	
038:	
037:	
036:	
035:	
034:	
033:	
032:	
031:	
030:	0
029:	0
028:	0
027:	0
026:	0
025:	0
024:	0
023:	0
022:	0
021:	0
020:	0
019:	0
018:	0
017:	0
016:	0
015:	0
014:	0
013:	0
012:	0
011:	0
010:	0
009:	0
008:	0
007:	0
006:	0
005:	0
004:	0
003:	0
002:	0
001:	0
000:	0
------------------------------------------------------------------------------------------------------------------------
[2J[H079:	
078:	
077:	
076:	
075:	
074:	
073:	
072:	
071:	
070:	
069:	
068:	
067:	
066:	
065:	
064:	
063:	
062:	
061:	
060:	
059:	
058:	
057:	
056:	
055:	
054:	
053:	
052:	
051:	
050:	
049:	
048:	
047:	
046:	
045:	
044:	
043:	
042:	
041:	
040:	
039:	
038:	
037:	
036:	
035:	
034:	
033:	
032:	
031:	0
030:	0
029:	0
028:	0
027:	0
026:	0
025:	0
024:	0
023:	0
022:	0
021:	0
020:	0
019:	0
018:	0
017:	0
016:	0
015:	0
014:	0
013:	0
012:	0
011:	0
010:	0
009:	0
008:	0
007:	0
006:	0
005:	0
004:	0
003:	0
002:	0
001:	0
000:	0
------------------------------------------------------------------------------------------------------------------------
[2J[H079:	
078:	
077:	
076:	
075:	
074:	
073:	
072:	
071:	
070:	
069:	
068:	
067:	
066:	
065:	
064:	
063:	
062:	
061:	
060:	
059:	
058:	
057:	
056:	
055:	
054:	
053:	
052:	
051:	
050:	
049:	
048:	
047:	
046:	
045:	
044:	
043:	
042:	
041:	
040:	
039:	
038:	
037:	
036:	
035:	
034:	
033:	
032:	0
031:	0
030:	0
029:	0
028:	0
027:	0
026:	0
025:	0
024:	0
023:	0
022:	0
021:	0
020:	0
019:	0
018:	0
017:	0
016:	0
015:	0
014:	0
013:	0
012:	0
011:	0
010:	0
009:	0
008:	0
007:	0
006:	0
005:	0
004:	0
003:	0
002:	0
001:	0
000:	0
------------------------------------------------------------------------------------------------------------------------
[2J[H079:	
078:	
077:	
076:	
075:	
074:	
073:	
072:	
071:	
070:	
069:	
068:	
067:	
066:	
065:	
064:	
063:	
062:	
061:	
060:	
059:	
058:	
057:	
056:	
055:	
054:	
053:	
052:	
051:	
050:	
049:	
048:	
047:	
046:	
045:	
044:	
043:	
042:	
041:	
040:	
039:	
038:	
037:	
036:	
035:	
034:	
033:	0
032:	0
031:	0
030:	0
029:	0
028:	0
027:	0
026:	0
025:	0
024:	0
023:	0
022:	0
021:	0
020:	0
019:	0
018:	0
017:	0
016:	0
015:	0
014:	0
013:	0
012:	0
011:	0
010:	0
009:	0
008:	0
007:	0
006:	0
005:	0
004:	0
003:	0
002:	0
001:	0
000:	0
------------------------------------------------------------------------------------------------------------------------
[2J[H079:	
078:	
077:	
076:	
075:	
074:	
073:	
072:	
071:	
070:	
069:	
068:	
067:	
066:	
065:	
064:	
063:	
062:	
061:	
060:	
059:	
058:	
057:	
056:	
055:	
054:	
053:	
052:	
051:	
050:	
049:	
048:	
047:	
046:	
045:	
044:	
043:	
042:	
041:	
040:	
039:	
038:	
037:	
036:	
035:	
034:	0
033:	0
032:	0
031:	0
030:	0
029:	0
028:	0
027:	0
026:	0
025:	0
024:	0
023:	0
022:	0
021:	0
020:	0
019:	0
018:	0
017:	0
016:	0
015:	0
014:	0
013:	0
012:	0
011:	0
010:	0
009:	0
008:	0
007:	0
006:	0
005:	0
004:	0
003:	0
002:	0
001:	0
000:	0
------------------------------------------------------------------------------------------------------------------------
[2J[H079:	
078:	
077:	
076:	
075:	
074:	
073:	
072:	
071:	
070:	
069:	
068:	
067:	
066:	
065:	
064:	
063:	
062:	
061:	
060:	
059:	
058:	
057:	
056:	
055:	
054:	
053:	
052:	
051:	
050:	
049:	
048:	
047:	
046:	
045:	
044:	
043:	
042:	
041:	
040:	
039:	
038:	
037:	
036:	
035:	0
034:	0
033:	0
032:	0
031:	0
030:	0
029:	0
028:	0
027:	0
026:	0
025:	0
024:	0
023:	0
022:	0
021:	0
020:	0
019:	0
018:	0
017:	0
016:	0
015:	0
014:	0
013:	0
012:	0
011:	0
010:	0
009:	0
008:	0
007:	0
006:	0
005:	0
004:	0
003:	0
002:	0
001:	0
000:	0
------------------------------------------------------------------------------------------------------------------------
[2J[H079:	
078:	
077:	
076:	
075:	
074:	
073:	
072:	
071:	
070:	
069:	
068:	
067:	
066:	
065:	
064:	
063:	
062:	
061:	
060:	
059:	
058:	
057:	
056:	
055:	
054:	
053:	
052:	
051:	
050:	
049:	
048:	
047:	
046:	
045:	
044:	
043:	
042:	
041:	
040:	
039:	
038:	
037:	
036:	0
035:	0
034:	0
033:	0
032:	0
031:	0
030:	0
029:	0
028:	0
027:	0
026:	0
025:	0
024:	0
023:	0
022:	0
021:	0
020:	0
019:	0
018:	0
017:	0
016:	0
015:	0
014:	0
013:	0
012:	0
011:	0
010:	0
009:	0
008:	0
007:	0
006:	0
005:	0
004:	0
003:	0
002:	0
001:	0
000:	0
------------------------------------------------------------------------------------------------------------------------
[2J[H079:	
078:	
077:	
076:	
075:	
074:	
073:	
072:	
071:	
070:	
069:	
068:	
067:	
066:	
065:	
064:	
063:	
062:	
061:	
060:	
059:	
058:	
057:	
056:	
055:	
054:	
053:	
052:	
051:	
050:	
049:	
048:	
047:	
046:	
045:	
044:	
043:	
042:	
041:	
040:	
039:	
038:	
037:	0
036:	0
035:	0
034:	0
033:	0
032:	0
031:	0
030:	0
029:	0
028:	0
027:	0
026:	0
025:	0
024:	0
023:	0
022:	0
021:	0
020:	0
019:	0
018:	0
017:	0
016:	0
015:	0
014:	0
013:	0
012:	0
011:	0
010:	0
009:	0
008:	0
007:	0
006:	0
005:	0
004:	0
003:	0
002:	0
001:	0
000:	0
------------------------------------------------------------------------------------------------------------------------
[2J[H079:	
078:	
077:	
076:	
075:	
074:	
073:	
072:	
071:	
070:	
069:	
068:	
067:	
066:	
065:	
064:	
063:	
062:	
061:	
060:	
059:	
058:	
057:	
056:	
055:	
054:	
053:	
052:	
051:	
050:	
049:	
048:	
047:	
046:	
045:	
044:	
043:	
042:	
041:	
040:	
039:	
038:	0
037:	0
036:	0
035:	0
034:	0
033:	0
032:	0
031:	0
030:	0
029:	0
028:	0
027:	0
026:	0
025:	0
024:	0
023:	0
022:	0
021:	0
020:	0
019:	0
018:	0
017:	0
016:	0
015:	0
014:	0
013:	0
012:	0
011:	0
010:	0
009:	0
008:	0
007:	0
006:	0
005:	0
004:	0
003:	0
002:	0
001:	0
000:	0
------------------------------------------------------------------------------------------------------------------------
[2J[H079:	
078:	
077:	
076:	
075:	
074:	
073:	
072:	
071:	
070:	
069:	
068:	
067:	
066:	
065:	
064:	
063:	
062:	
061:	
060:	
059:	
058:	
057:	
056:	
055:	
054:	
053:	
052:	
051:	
050:	
049:	
048:	
047:	
046:	
045:	
044:	
043:	
042:	
041:	
040:	
039:	0
038:	0
037:	0
036:	0
035:	0
034:	0
033:	0
032:	0
031:	0
030:	0
029:	0
028:	0
027:	0
026:	0
025:	0
024:	0
023:	0
022:	0
021:	0
020:	0
019:	0
018:	0
017:	0
016:	0
015:	0
014:	0
013:	0
012:	0
011:	0
010:	0
009:	0
008:	0
007:	0
006:	0
005:	0
004:	0
003:	0
002:	0
001:	0
000:	0
------------------------------------------------------------------------------------------------------------------------
[2J[H079:	
078:	
077:	
076:	
075:	
074:	
073:	
072:	
071:	
070:	
069:	
068:	
067:	
066:	
065:	
064:	
063:	
062:	
061:	
060:	
059:	
058:	
057:	
056:	
055:	
054:	
053:	
052:	
051:	
050:	
049:	
048:	
047:	
046:	
045:	
044:	
043:	
042:	
041:	
040:	0
039:	0
038:	0
037:	0
036:	0
035:	0
034:	0
033:	0
032:	0
031:	0
030:	0
029:	0
028:	0
027:	0
026:	0
025:	0
024:	0
023:	0
022:	0
021:	0
020:	0
019:	0
018:	0
017:	0
016:	0
015:	0
014:	0
013:	0
012:	0
011:	0
010:	0
009:	0
008:	0
007:	0
006:	0
005:	0
004:	0
003:	0
002:	0
001:	0
000:	0
------------------------------------------------------------------------------------------------------------------------
[2J[H079:	
078:	
077:	
076:	
075:	
074:	
073:	
072:	
071:	
070:	
069:	
068:	
067:	
066:	
065:	
064:	
063:	
062:	
061:	
060:	
059:	
058:	
057:	
056:	
055:	
054:	
053:	
052:	
051:	
050:	
049:	
048:	
047:	
046:	
045:	
044:	
043:	
042:	
041:	0
040:	0
039:	0
038:	0
037:	0
036:	0
035:	0
034:	0
033:	0
032:	0
031:	0
030:	0
029:	0
028:	0
027:	0
026:	0
025:	0
024:	0
023:	0
022:	0
021:	0
020:	0
019:	0
018:	0
017:	0
016:	0
015:	0
014:	0
013:	0
012:	0
011:	0
010:	0
009:	0
008:	0
007:	0
006:	0
005:	0
004:	0
003:	0
002:	0
001:	0
000:	0
------------------------------------------------------------------------------------------------------------------------
[2J[H079:	
078:	
077:	
076:	
075:	
074:	
073:	
072:	
071:	
070:	
069:	
068:	
067:	
066:	
065:	
064:	
063:	
062:	
061:	
060:	
059:	
058:	
057:	
056:	
055:	
054:	
053:	
052:	
051:	
050:	
049:	
048:	
047:	
046:	
045:	
044:	
043:	
042:	0
041:	0
040:	0
039:	0
038:	0
037:	0
036:	0
035:	0
034:	0
033:	0
032:	0
031:	0
030:	0
029:	0
028:	0
027:	0
026:	0
025:	0
024:	0
023:	0
022:	0
021:	0
020:	0
019:	0
018:	0
017:	0
016:	0
015:	0
014:	0
013:	0
012:	0
011:	0
010:	0
009:	0
008:	0
007:	0
006:	0
005:	0
004:	0
003:	0
002:	0
001:	0
000:	0
------------------------------------------------------------------------------------------------------------------------
[2J[H079:	
078:	
077:	
076:	
075:	
074:	
073:	
072:	
071:	
070:	
069:	
068:	
067:	
066:	
065:	
064:	
063:	
062:	
061:	
060:	
059:	
058:	
057:	
056:	
055:	
054:	
053:	
052:	
051:	
050:	
049:	
048:	
047:	
046:	
045:	
044:	
043:	0
042:	0
041:	0
040:	0
039:	0
038:	0
037:	0
036:	0
035:	0
034:	0
033:	0
032:	0
031:	0
030:	0
029:	0
028:	0
027:	0
026:	0
025:	0
024:	0
023:	0
022:	0
021:	0
020:	0
019:	0
018:	0
017:	0
016:	0
015:	0
014:	0
013:	0
012:	0
011:	0
010:	0
009:	0
008:	0
007:	0
006:	0
005:	0
004:	0
003:	0
002:	0
001:	0
000:	0
------------------------------------------------------------------------------------------------------------------------
[2J[H079:	
078:	
077:	
076:	
075:	
074:	
073:	
072:	
071:	
070:	
069:	
068:	
067:	
066:	
065:	
064:	
063:	
062:	
061:	
060:	
059:	
058:	
057:	
056:	
055:	
054:	
053:	
052:	
051:	
050:	
049:	
048:	
047:	
046:	
045:	
044:	0
043:	0
042:	0
041:	0
040:	0
039:	0
038:	0
037:	0
036:	0
035:	0
034:	0
033:	0
032:	0
031:	0
030:	0
029:	0
028:	0
027:	0
026:	0
025:	0
024:	0
023:	0
022:	0
021:	0
020:	0
019:	0
018:	0
017:	0
016:	0
015:	0
014:	0
013:	0
012:	0
011:	0
010:	0
009:	0
008:	0
007:	0
006:	0
005:	0
004:	0
003:	0
002:	0
001:	0
000:	0
------------------------------------------------------------------------------------------------------------------------
[2J[H079:	
078:	
077:	
076:	
075:	
074:	
073:	
072:	
071:	
070:	
069:	
068:	
067:	
066:	
065:	
064:	
063:	
062:	
061:	
060:	
059:	
058:	
057:	
056:	
055:	
054:	
053:	
052:	
051:	
050:	
049:	
048:	
047:	
046:	
045:	0
044:	0
043:	0
042:	0
041:	0
040:	0
039:	0
038:	0
037:	0
036:	0
035:	0
034:	0
033:	0
032:	0
031:	0
030:	0
029:	0
028:	0
027:	0
026:	0
025:	0
024:	0
023:	0
022:	0
021:	0
020:	0
019:	0
018:	0
017:	0
016:	0
015:	0
014:	0
013:	0
012:	0
011:	0
010:	0
009:	0
008:	0
007:	0
006:	0
005:	0
004:	0
003:	0
002:	0
001:	0
000:	0
------------------------------------------------------------------------------------------------------------------------
[2J[H079:	
078:	
077:	
076:	
075:	
074:	
073:	
072:	
071:	
070:	
069:	
068:	
067:	
066:	
065:	
064:	
063:	
062:	
061:	
060:	
059:	
058:	
057:	
056:	
055:	
054:	
053:	
052:	
051:	
050:	
049:	
048:	
047:	
046:	0
045:	0
044:	0
043:	0
042:	0
041:	0
040:	0
039:	0
038:	0
037:	0
036:	0
035:	0
034:	0
033:	0
032:	0
031:	0
030:	0
029:	0
028:	0
027:	0
026:	0
025:	0
024:	0
023:	0
022:	0
021:	0
020:	0
019:	0
018:	0
017:	0
016:	0
015:	0
014:	0
013:	0
012:	0
011:	0
010:	0
009:	0
008:	0
007:	0
006:	0
005:	0
004:	0
003:	0
002:	0
001:	0
000:	0
------------------------------------------------------------------------------------------------------------------------
[2J[H079:	
078:	
077:	
076:	
075:	
074:	
073:	
072:	
071:	
070:	
069:	
068:	
067:	
066:	
065:	
064:	
063:	
062:	
061:	
060:	
059:	
058:	
057:	
056:	
055:	
054:	
053:	
052:	
051:	
050:	
049:	
048:	
047:	0
046:	0
045:	0
044:	0
043:	0
042:	0
041:	0
040:	0
039:	0
038:	0
037:	0
036:	0
035:	0
034:	0
033:	0
032:	0
031:	0
030:	0
029:	0
028:	0
027:	0
026:	0
025:	0
024:	0
023:	0
022:	0
021:	0
020:	0
019:	0
018:	0
017:	0
016:	0
015:	0
014:	0
013:	0
012:	0
011:	0
010:	0
009:	0
008:	0
007:	0
006:	0
005:	0
004:	0
003:	0
002:	0
001:	0
000:	0
------------------------------------------------------------------------------------------------------------------------
[2J[H079:	
078:	
077:	
076:	
075:	
074:	
073:	
072:	
071:	
070:	
069:	
068:	
067:	
066:	
065:	
064:	
063:	
062:	
061:	
060:	
059:	
058:	
057:	
056:	
055:	
054:	
053:	
052:	
051:	
050:	
049:	
048:	0
047:	0
046:	0
045:	0
044:	0
043:	0
042:	0
041:	0
040:	0
039:	0
038:	0
037:	0
036:	0
035:	0
034:	0
033:	0
032:	0
031:	0
030:	0
029:	0
028:	0
027:	0
026:	0
025:	0
024:	0
023:	0
022:	0
021:	0
020:	0
019:	0
018:	0
017:	0
016:	0
015:	0
014:	0
013:	0
012:	0
011:	0
010:	0
009:	0
008:	0
007:	0
006:	0
005:	0
004:	0
003:	0
002:	0
001:	0
000:	0
------------------------------------------------------------------------------------------------------------------------
[2J[H079:	
078:	
077:	
076:	
075:	
074:	
073:	
072:	
071:	
070:	
069:	
068:	
067:	
066:	
065:	
064:	
063:	
062:	
061:	
060:	
059:	
058:	
057:	
056:	
055:	
054:	
053:	
052:	
051:	
050:	
049:	0
048:	0
047:	0
046:	0
045:	0
044:	0
043:	0
042:	0
041:	0
040:	0
039:	0
038:	0
037:	0
036:	0
035:	0
034:	0
033:	0
032:	0
031:	0
030:	0
029:	0
028:	0
027:	0
026:	0
025:	0
024:	0
023:	0
022:	0
021:	0
020:	0
019:	0
018:	0
017:	0
016:	0
015:	0
014:	0
013:	0
012:	0
011:	0
010:	0
009:	0
008:	0
007:	0
006:	0
005:	0
004:	0
003:	0
002:	0
001:	0
000:	0
------------------------------------------------------------------------------------------------------------------------
[2J[H079:	
078:	
077:	
076:	
075:	
074:	
073:	
072:	
071:	
070:	
069:	
068:	
067:	
066:	
065:	
064:	
063:	
062:	
061:	
060:	
059:	
058:	
057:	
056:	
055:	
054:	
053:	
052:	
051:	
050:	0
049:	0
048:	0
047:	0
046:	0
045:	0
044:	0
043:	0
042:	0
041:	0
040:	0
039:	0
038:	0
037:	0
036:	0
035:	0
034:	0
033:	0
032:	0
031:	0
030:	0
029:	0
028:	0
027:	0
026:	0
025:	0
024:	0
023:	0
022:	0
021:	0
020:	0
019:	0
018:	0
017:	0
016:	0
015:	0
014:	0
013:	0
012:	0
011:	0
010:	0
009:	0
008:	0
007:	0
006:	0
005:	0
004:	0
003:	0
002:	0
001:	0
000:	0
------------------------------------------------------------------------------------------------------------------------
[2J[H079:	
078:	
077:	
076:	
075:	
074:	
073:	
072:	
071:	
070:	
069:	
068:	
067:	
066:	
065:	
064:	
063:	
062:	
061:	
060:	
059:	
058:	
057:	
056:	
055:	
054:	
053:	
052:	
051:	0
050:	0
049:	0
048:	0
047:	0
046:	0
045:	0
044:	0
043:	0
042:	0
041:	0
040:	0
039:	0
038:	0
037:	0
036:	0
035:	0
034:	0
033:	0
032:	0
031:	0
030:	0
029:	0
028:	0
027:	0
026:	0
025:	0
024:	0
023:	0
022:	0
021:	0
020:	0
019:	0
018:	0
017:	0
016:	0
015:	0
014:	0
013:	0
012:	0
011:	0
010:	0
009:	0
008:	0
007:	0
006:	0
005:	0
004:	0
003:	0
002:	0
001:	0
000:	0
------------------------------------------------------------------------------------------------------------------------
[2J[H079:	
078:	
077:	
076:	
075:	
074:	
073:	
072:	
071:	
070:	
069:	
068:	
067:	
066:	
065:	
064:	
063:	
062:	
061:	
060:	
059:	
058:	
057:	
056:	
055:	
054:	
053:	
052:	0
051:	0
050:	0
049:	0
048:	0
047:	0
046:	0
045:	0
044:	0
043:	0
042:	0
041:	0
040:	0
039:	0
038:	0
037:	0
036:	0
035:	0
034:	0
033:	0
032:	0
031:	0
030:	0
029:	0
028:	0
027:	0
026:	0
025:	0
024:	0
023:	0
022:	0
021:	0
020:	0
019:	0
018:	0
017:	0
016:	0
015:	0
014:	0
013:	0
012:	0
011:	0
010:	0
009:	0
008:	0
007:	0
006:	0
005:	0
004:	0
003:	0
002:	0
001:	0
000:	0
------------------------------------------------------------------------------------------------------------------------
[2J[H079:	
078:	
077:	
076:	
075:	
074:	
073:	
072:	
071:	
070:	
069:	
068:	
067:	
066:	
065:	
064:	
063:	
062:	
061:	
060:	
059:	
058:	
057:	
056:	
055:	
054:	
053:	0
052:	0
051:	0
050:	0
049:	0
048:	0
047:	0
046:	0
045:	0
044:	0
043:	0
042:	0
041:	0
040:	0
039:	0
038:	0
037:	0
036:	0
035:	0
034:	0
033:	0
032:	0
031:	0
030:	0
029:	0
028:	0
027:	0
026:	0
025:	0
024:	0
023:	0
022:	0
021:	0
020:	0
019:	0
018:	0
017:	0
016:	0
015:	0
014:	0
013:	0
012:	0
011:	0
010:	0
009:	0
008:	0
007:	0
006:	0
005:	0
004:	0
003:	0
002:	0
001:	0
000:	0
------------------------------------------------------------------------------------------------------------------------
[2J[H079:	
078:	
077:	
076:	
075:	
074:	
073:	
072:	
071:	
070:	
069:	
068:	
067:	
066:	
065:	
064:	
063:	
062:	
061:	
060:	
059:	
058:	
057:	
056:	
055:	
054:	0
053:	0
052:	0
051:	0
050:	0
049:	0
048:	0
047:	0
046:	0
045:	0
044:	0
043:	0
042:	0
041:	0
040:	0
039:	0
038:	0
037:	0
036:	0
035:	0
034:	0
033:	0
032:	0
031:	0
030:	0
029:	0
028:	0
027:	0
026:	0
025:	0
024:	0
023:	0
022:	0
021:	0
020:	0
019:	0
018:	0
017:	0
016:	0
015:	0
014:	0
013:	0
012:	0
011:	0
010:	0
009:	0
008:	0
007:	0
006:	0
005:	0
004:	0
003:	0
002:	0
001:	0
000:	0
------------------------------------------------------------------------------------------------------------------------
[2J[H079:	
078:	
077:	
076:	
075:	
074:	
073:	
072:	
071:	
070:	
069:	
068:	
067:	
066:	
065:	
064:	
063:	
062:	
061:	
060:	
059:	
058:	
057:	
056:	
055:	0
054:	0
053:	0
052:	0
051:	0
050:	0
049:	0
048:	0
047:	0
046:	0
045:	0
044:	0
043:	0
042:	0
041:	0
040:	0
039:	0
038:	0
037:	0
036:	0
035:	0
034:	0
033:	0
032:	0
031:	0
030:	0
029:	0
028:	0
027:	0
026:	0
025:	0
024:	0
023:	0
022:	0
021:	0
020:	0
019:	0
018:	0
017:	0
016:	0
015:	0
014:	0
013:	0
012:	0
011:	0
010:	0
009:	0
008:	0
007:	0
006:	0
005:	0
004:	0
003:	0
002:	0
001:	0
000:	0
------------------------------------------------------------------------------------------------------------------------
[2J[H079:	
078:	
077:	
076:	
075:	
074:	
073:	
072:	
071:	
070:	
069:	
068:	
067:	
066:	
065:	
064:	
063:	
062:	
061:	
060:	
059:	
058:	
057:	
056:	0
055:	0
054:	0
053:	0
052:	0
051:	0
050:	0
049:	0
048:	0
047:	0
046:	0
045:	0
044:	0
043:	0
042:	0
041:	0
040:	0
039:	0
038:	0
037:	0
036:	0
035:	0
034:	0
033:	0
032:	0
031:	0
030:	0
029:	0
028:	0
027:	0
026:	0
025:	0
024:	0
023:	0
022:	0
021:	0
020:	0
019:	0
018:	0
017:	0
016:	0
015:	0
014:	0
013:	0
012:	0
011:	0
010:	0
009:	0
008:	0
007:	0
006:	0
005:	0
004:	0
003:	0
002:	0
001:	0
000:	0
------------------------------------------------------------------------------------------------------------------------
[2J[H079:	
078:	
077:	
076:	
075:	
074:	
073:	
072:	
071:	
070:	
069:	
068:	
067:	
066:	
065:	
064:	
063:	
062:	
061:	
060:	
059:	
058:	
057:	0
056:	0
055:	0
054:	0
053:	0
052:	0
051:	0
050:	0
049:	0
048:	0
047:	0
046:	0
045:	0
044:	0
043:	0
042:	0
041:	0
040:	0
039:	0
038:	0
037:	0
036:	0
035:	0
034:	0
033:	0
032:	0
031:	0
030:	0
029:	0
028:	0
027:	0
026:	0
025:	0
024:	0
023:	0
022:	0
021:	0
020:	0
019:	0
018:	0
017:	0
016:	0
015:	0
014:	0
013:	0
012:	0
011:	0
010:	0
009:	0
008:	0
007:	0
006:	0
005:	0
004:	0
003:	0
002:	0
001:	0
000:	0
------------------------------------------------------------------------------------------------------------------------
[2J[H079:	
078:	
077:	
076:	
075:	
074:	
073:	
072:	
071:	
070:	
069:	
068:	
067:	
066:	
065:	
064:	
063:	
062:	
061:	
060:	
059:	
058:	0
057:	0
056:	0
055:	0
054:	0
053:	0
052:	0
051:	0
050:	0
049:	0
048:	0
047:	0
046:	0
045:	0
044:	0
043:	0
042:	0
041:	0
040:	0
039:	0
038:	0
037:	0
036:	0
035:	0
034:	0
033:	0
032:	0
031:	0
030:	0
029:	0
028:	0
027:	0
026:	0
025:	0
024:	0
023:	0
022:	0
021:	0
020:	0
019:	0
018:	0
017:	0
016:	0
015:	0
014:	0
013:	0
012:	0
011:	0
010:	0
009:	0
008:	0
007:	0
006:	0
005:	0
004:	0
003:	0
002:	0
001:	0
000:	0
------------------------------------------------------------------------------------------------------------------------
[2J[H079:	
078:	
077:	
076:	
075:	
074:	
073:	
072:	
071:	
070:	
069:	
068:	
067:	
066:	
065:	
064:	
063:	
062:	
061:	
060:	
059:	0
058:	0
057:	0
056:	0
055:	0
054:	0
053:	0
052:	0
051:	0
050:	0
049:	0
048:	0
047:	0
046:	0
045:	0
044:	0
043:	0
042:	0
041:	0
040:	0
039:	0
038:	0
037:	0
036:	0
035:	0
034:	0
033:	0
032:	0
031:	0
030:	0
029:	0
028:	0
027:	0
026:	0
025:	0
024:	0
023:	0
022:	0
021:	0
020:	0
019:	0
018:	0
017:	0
016:	0
015:	0
014:	0
013:	0
012:	0
011:	0
010:	0
009:	0
008:	0
007:	0
006:	0
005:	0
004:	0
003:	0
002:	0
001:	0
000:	0
------------------------------------------------------------------------------------------------------------------------
[2J[H079:	
078:	
077:	
076:	
075:	
074:	
073:	
072:	
071:	
070:	
069:	
068:	
067:	
066:	
065:	
064:	
063:	
062:	
061:	
060:	0
059:	0
058:	0
057:	0
056:	0
055:	0
054:	0
053:	0
052:	0
051:	0
050:	0
049:	0
048:	0
047:	0
046:	0
045:	0
044:	0
043:	0
042:	0
041:	0
040:	0
039:	0
038:	0
037:	0
036:	0
035:	0
034:	0
033:	0
032:	0
031:	0
030:	0
029:	0
028:	0
027:	0
026:	0
025:	0
024:	0
023:	0
022:	0
021:	0
020:	0
019:	0
018:	0
017:	0
016:	0
015:	0
014:	0
013:	0
012:	0
011:	0
010:	0
009:	0
008:	0
007:	0
006:	0
005:	0
004:	0
003:	0
002:	0
001:	0
000:	0
------------------------------------------------------------------------------------------------------------------------
[2J[H079:	
078:	
077:	
076:	
075:	
074:	
073:	
072:	
071:	
070:	
069:	
068:	
067:	
066:	
065:	
064:	
063:	
062:	
061:	0
060:	0
059:	0
058:	0
057:	0
056:	0
055:	0
054:	0
053:	0
052:	0
051:	0
050:	0
049:	0
048:	0
047:	0
046:	0
045:	0
044:	0
043:	0
042:	0
041:	0
040:	0
039:	0
038:	0
037:	0
036:	0
035:	0
034:	0
033:	0
032:	0
031:	0
030:	0
029:	0
028:	0
027:	0
026:	0
025:	0
024:	0
023:	0
022:	0
021:	0
020:	0
019:	0
018:	0
017:	0
016:	0
015:	0
014:	0
013:	0
012:	0
011:	0
010:	0
009:	0
008:	0
007:	0
006:	0
005:	0
004:	0
003:	0
002:	0
001:	0
000:	0
------------------------------------------------------------------------------------------------------------------------
[2J[H079:	
078:	
077:	
076:	
075:	
074:	
073:	
072:	
071:	
070:	
069:	
068:	
067:	
066:	
065:	
064:	
063:	
062:	0
061:	0
060:	0
059:	0
058:	0
057:	0
056:	0
055:	0
054:	0
053:	0
052:	0
051:	0
050:	0
049:	0
048:	0
047:	0
046:	0
045:	0
044:	0
043:	0
042:	0
041:	0
040:	0
039:	0
038:	0
037:	0
036:	0
035:	0
034:	0
033:	0
032:	0
031:	0
030:	0
029:	0
028:	0
027:	0
026:	0
025:	0
024:	0
023:	0
022:	0
021:	0
020:	0
019:	0
018:	0
017:	0
016:	0
015:	0
014:	0
013:	0
012:	0
011:	0
010:	0
009:	0
008:	0
007:	0
006:	0
005:	0
004:	0
003:	0
002:	0
001:	0
000:	0
------------------------------------------------------------------------------------------------------------------------
[2J[H079:	
078:	
077:	
076:	
075:	
074:	
073:	
072:	
071:	
070:	
069:	
068:	
067:	
066:	
065:	
064:	
063:	0
062:	0
061:	0
060:	0
059:	0
058:	0
057:	0
056:	0
055:	0
054:	0
053:	0
052:	0
051:	0
050:	0
049:	0
048:	0
047:	0
046:	0
045:	0
044:	0
043:	0
042:	0
041:	0
040:	0
039:	0
038:	0
037:	0
036:	0
035:	0
034:	0
033:	0
032:	0
031:	0
030:	0
029:	0
028:	0
027:	0
026:	0
025:	0
024:	0
023:	0
022:	0
021:	0
020:	0
019:	0
018:	0
017:	0
016:	0
015:	0
014:	0
013:	0
012:	0
011:	0
010:	0
009:	0
008:	0
007:	0
006:	0
005:	0
004:	0
003:	0
002:	0
001:	0
000:	0
------------------------------------------------------------------------------------------------------------------------
[2J[H079:	
078:	
077:	
076:	
075:	
074:	
073:	
072:	
071:	
070:	
069:	
068:	
067:	
066:	
065:	
064:	
063:	0
062:	0
061:	0
060:	0
059:	0
058:	0
057:	0
056:	0
055:	0
054:	0
053:	0
052:	0
051:	0
050:	0
049:	0
048:	0
047:	0
046:	0
045:	0
044:	0
043:	0
042:	0
041:	0
040:	0
039:	0
038:	0
037:	0
036:	0
035:	0
034:	0
033:	0
032:	0
031:	0
030:	0
029:	0
028:	0
027:	0
026:	0
025:	0
024:	0
023:	0
022:	0
021:	0
020:	0
019:	0
018:	0
017:	0
016:	0
015:	0
014:	0
013:	0
012:	0
011:	0
010:	0
009:	0
008:	0
007:	0
006:	0
005:	0
004:	0
003:	0
002:	0
001:	0
000:	0
------------------------------------------------------------------------------------------------------------------------
[2J[H079:	
078:	
077:	
076:	
075:	
074:	
073:	
072:	
071:	
070:	
069:	
068:	
067:	
066:	
065:	
064:	0
063:	0
062:	0
061:	0
060:	0
059:	0
058:	0
057:	0
056:	0
055:	0
054:	0
053:	0
052:	0
051:	0
050:	0
049:	0
048:	0
047:	0
046:	0
045:	0
044:	0
043:	0
042:	0
041:	0
040:	0
039:	0
038:	0
037:	0
036:	0
035:	0
034:	0
033:	0
032:	0
031:	0
030:	0
029:	0
028:	0
027:	0
026:	0
025:	0
024:	0
023:	0
022:	0
021:	0
020:	0
019:	0
018:	0
017:	0
016:	0
015:	0
014:	0
013:	0
012:	0
011:	0
010:	0
009:	0
008:	0
007:	0
006:	0
005:	0
004:	0
003:	0
002:	0
001:	0
000:	4986
------------------------------------------------------------------------------------------------------------------------
[2J[H079:	
078:	
077:	
076:	
075:	
074:	
073:	
072:	
071:	
070:	
069:	
068:	
067:	
066:	
065:	0
064:	0
063:	0
062:	0
061:	0
060:	0
059:	0
058:	0
057:	0
056:	0
055:	0
054:	0
053:	0
052:	0
051:	0
050:	0
049:	0
048:	0
047:	0
046:	0
045:	0
044:	0
043:	0
042:	0
041:	0
040:	0
039:	0
038:	0
037:	0
036:	0
035:	0
034:	0
033:	0
032:	0
031:	0
030:	0
029:	0
028:	0
027:	0
026:	0
025:	0
024:	0
023:	0
022:	0
021:	0
020:	0
019:	0
018:	0
017:	0
016:	0
015:	0
014:	0
013:	0
012:	0
011:	0
010:	0
009:	0
008:	0
007:	0
006:	0
005:	0
004:	0
003:	0
002:	0
001:	4986
000:	4
------------------------------------------------------------------------------------------------------------------------
[2J[H079:	
078:	
077:	
076:	
075:	
074:	
073:	
072:	
071:	
070:	
069:	
068:	
067:	0
066:	0
065:	0
064:	0
063:	0
062:	0
061:	0
060:	0
059:	0
058:	0
057:	0
056:	0
055:	0
054:	0
053:	0
052:	0
051:	0
050:	0
049:	0
048:	0
047:	0
046:	0
045:	0
044:	0
043:	0
042:	0
041:	0
040:	0
039:	0
038:	0
037:	0
036:	0
035:	0
034:	0
033:	0
032:	0
031:	0
030:	0
029:	0
028:	0
027:	0
026:	0
025:	0
024:	0
023:	0
022:	0
021:	0
020:	0
019:	0
018:	0
017:	0
016:	0
015:	0
014:	0
013:	0
012:	0
011:	0
010:	0
009:	0
008:	0
007:	0
006:	0
005:	0
004:	0
003:	231428353
002:	231428353
001:	231428353
000:	231428353
------------------------------------------------------------------------------------------------------------------------
Bye bye
