1) New track...
2) Import track
3) Export...
4) List tracks
5) Change gain [track] [hundredths]
6) Change pan [track] [hundredths]
7) Combine/split [track] [?track]
8) Effects...
9) Quit
1) New track...
2) Import track
3) Export...
4) List tracks
5) Change gain [track] [hundredths]
6) Change pan [track] [hundredths]
7) Combine/split [track] [?track]
8) Effects...
9) Quit
1) New track...
2) Import track
3) Export...
4) List tracks
5) Change gain [track] [hundredths]
6) Change pan [track] [hundredths]
7) Combine/split [track] [?track]
8) Effects...
9) Quit
Invalid choice
1) New track...
2) Import track
3) Export...
4) List tracks
5) Change gain [track] [hundredths]
6) Change pan [track] [hundredths]
7) Combine/split [track] [?track]
8) Effects...
9) Quit
1) Apply gain [track] [hundredths]
2) Apply pan [track] [hundredths]
3) Echo [track] [delay in samples]
4) Add silence [track] [number of samples]
5) Cancel
1) New track...
2) Import track
3) Export...
4) List tracks
5) Change gain [track] [hundredths]
6) Change pan [track] [hundredths]
7) Combine/split [track] [?track]
8) Effects...
9) Quit
Invalid choice
1) New track...
2) Import track
3) Export...
4) List tracks
5) Change gain [track] [hundredths]
6) Change pan [track] [hundredths]
7) Combine/split [track] [?track]
8) Effects...
9) Quit
Invalid choice
1) New track...
2) Import track
3) Export...
4) List tracks
5) Change gain [track] [hundredths]
6) Change pan [track] [hundredths]
7) Combine/split [track] [?track]
8) Effects...
9) Quit
Invalid choice
1) New track...
2) Import track
3) Export...
4) List tracks
5) Change gain [track] [hundredths]
6) Change pan [track] [hundredths]
7) Combine/split [track] [?track]
8) Effects...
9) Quit
Invalid choice
1) New track...
2) Import track
3) Export...
4) List tracks
5) Change gain [track] [hundredths]
6) Change pan [track] [hundredths]
7) Combine/split [track] [?track]
8) Effects...
9) Quit
1) Apply gain [track] [hundredths]
2) Apply pan [track] [hundredths]
3) Echo [track] [delay in samples]
4) Add silence [track] [number of samples]
5) Cancel
1) New track...
2) Import track
3) Export...
4) List tracks
5) Change gain [track] [hundredths]
6) Change pan [track] [hundredths]
7) Combine/split [track] [?track]
8) Effects...
9) Quit
1) Silence [number of samples]
2) Sine Wave [number of samples] [HZ]
3) Square Wave [number of samples] [HZ]
4) White Noise [number of samples]
5) Cancel
1) New track...
2) Import track
3) Export...
4) List tracks
5) Change gain [track] [hundredths]
6) Change pan [track] [hundredths]
7) Combine/split [track] [?track]
8) Effects...
9) Quit
1) Apply gain [track] [hundredths]
2) Apply pan [track] [hundredths]
3) Echo [track] [delay in samples]
4) Add silence [track] [number of samples]
5) Cancel
1) New track...
2) Import track
3) Export...
4) List tracks
5) Change gain [track] [hundredths]
6) Change pan [track] [hundredths]
7) Combine/split [track] [?track]
8) Effects...
9) Quit
0) mono samples=2112
1) New track...
2) Import track
3) Export...
4) List tracks
5) Change gain [track] [hundredths]
6) Change pan [track] [hundredths]
7) Combine/split [track] [?track]
8) Effects...
9) Quit
1) New track...
2) Import track
3) Export...
4) List tracks
5) Change gain [track] [hundredths]
6) Change pan [track] [hundredths]
7) Combine/split [track] [?track]
8) Effects...
9) Quit
1) New track...
2) Import track
3) Export...
4) List tracks
5) Change gain [track] [hundredths]
6) Change pan [track] [hundredths]
7) Combine/split [track] [?track]
8) Effects...
9) Quit
1) New track...
2) Import track
3) Export...
4) List tracks
5) Change gain [track] [hundredths]
6) Change pan [track] [hundredths]
7) Combine/split [track] [?track]
8) Effects...
9) Quit
Invalid choice
1) New track...
2) Import track
3) Export...
4) List tracks
5) Change gain [track] [hundredths]
6) Change pan [track] [hundredths]
7) Combine/split [track] [?track]
8) Effects...
9) Quit
1) New track...
2) Import track
3) Export...
4) List tracks
5) Change gain [track] [hundredths]
6) Change pan [track] [hundredths]
7) Combine/split [track] [?track]
8) Effects...
9) Quit
1) Apply gain [track] [hundredths]
2) Apply pan [track] [hundredths]
3) Echo [track] [delay in samples]
4) Add silence [track] [number of samples]
5) Cancel
1) New track...
2) Import track
3) Export...
4) List tracks
5) Change gain [track] [hundredths]
6) Change pan [track] [hundredths]
7) Combine/split [track] [?track]
8) Effects...
9) Quit
1) New track...
2) Import track
3) Export...
4) List tracks
5) Change gain [track] [hundredths]
6) Change pan [track] [hundredths]
7) Combine/split [track] [?track]
8) Effects...
9) Quit
Invalid choice
1) New track...
2) Import track
3) Export...
4) List tracks
5) Change gain [track] [hundredths]
6) Change pan [track] [hundredths]
7) Combine/split [track] [?track]
8) Effects...
9) Quit
1) Silence [number of samples]
2) Sine Wave [number of samples] [HZ]
3) Square Wave [number of samples] [HZ]
4) White Noise [number of samples]
5) Cancel
1) New track...
2) Import track
3) Export...
4) List tracks
5) Change gain [track] [hundredths]
6) Change pan [track] [hundredths]
7) Combine/split [track] [?track]
8) Effects...
9) Quit
1) Apply gain [track] [hundredths]
2) Apply pan [track] [hundredths]
3) Echo [track] [delay in samples]
4) Add silence [track] [number of samples]
5) Cancel
1) New track...
2) Import track
3) Export...
4) List tracks
5) Change gain [track] [hundredths]
6) Change pan [track] [hundredths]
7) Combine/split [track] [?track]
8) Effects...
9) Quit
1) New track...
2) Import track
3) Export...
4) List tracks
5) Change gain [track] [hundredths]
6) Change pan [track] [hundredths]
7) Combine/split [track] [?track]
8) Effects...
9) Quit
0) mono samples=2112
1) mono samples=7941
1) New track...
2) Import track
3) Export...
4) List tracks
5) Change gain [track] [hundredths]
6) Change pan [track] [hundredths]
7) Combine/split [track] [?track]
8) Effects...
9) Quit
1) New track...
2) Import track
3) Export...
4) List tracks
5) Change gain [track] [hundredths]
6) Change pan [track] [hundredths]
7) Combine/split [track] [?track]
8) Effects...
9) Quit
1) Apply gain [track] [hundredths]
2) Apply pan [track] [hundredths]
3) Echo [track] [delay in samples]
4) Add silence [track] [number of samples]
5) Cancel
1) New track...
2) Import track
3) Export...
4) List tracks
5) Change gain [track] [hundredths]
6) Change pan [track] [hundredths]
7) Combine/split [track] [?track]
8) Effects...
9) Quit
1) Apply gain [track] [hundredths]
2) Apply pan [track] [hundredths]
3) Echo [track] [delay in samples]
4) Add silence [track] [number of samples]
5) Cancel
1) New track...
2) Import track
3) Export...
4) List tracks
5) Change gain [track] [hundredths]
6) Change pan [track] [hundredths]
7) Combine/split [track] [?track]
8) Effects...
9) Quit
1) New track...
2) Import track
3) Export...
4) List tracks
5) Change gain [track] [hundredths]
6) Change pan [track] [hundredths]
7) Combine/split [track] [?track]
8) Effects...
9) Quit
0) mono samples=2112
1) mono samples=7941
1) New track...
2) Import track
3) Export...
4) List tracks
5) Change gain [track] [hundredths]
6) Change pan [track] [hundredths]
7) Combine/split [track] [?track]
8) Effects...
9) Quit
1) New track...
2) Import track
3) Export...
4) List tracks
5) Change gain [track] [hundredths]
6) Change pan [track] [hundredths]
7) Combine/split [track] [?track]
8) Effects...
9) Quit
0) mono samples=2112
1) mono samples=7941
1) New track...
2) Import track
3) Export...
4) List tracks
5) Change gain [track] [hundredths]
6) Change pan [track] [hundredths]
7) Combine/split [track] [?track]
8) Effects...
9) Quit
1) New track...
2) Import track
3) Export...
4) List tracks
5) Change gain [track] [hundredths]
6) Change pan [track] [hundredths]
7) Combine/split [track] [?track]
8) Effects...
9) Quit
1) New track...
2) Import track
3) Export...
4) List tracks
5) Change gain [track] [hundredths]
6) Change pan [track] [hundredths]
7) Combine/split [track] [?track]
8) Effects...
9) Quit
1) Apply gain [track] [hundredths]
2) Apply pan [track] [hundredths]
3) Echo [track] [delay in samples]
4) Add silence [track] [number of samples]
5) Cancel
1) New track...
2) Import track
3) Export...
4) List tracks
5) Change gain [track] [hundredths]
6) Change pan [track] [hundredths]
7) Combine/split [track] [?track]
8) Effects...
9) Quit
0) mono samples=2112
1) mono samples=7941
1) New track...
2) Import track
3) Export...
4) List tracks
5) Change gain [track] [hundredths]
6) Change pan [track] [hundredths]
7) Combine/split [track] [?track]
8) Effects...
9) Quit
1) New track...
2) Import track
3) Export...
4) List tracks
5) Change gain [track] [hundredths]
6) Change pan [track] [hundredths]
7) Combine/split [track] [?track]
8) Effects...
9) Quit
1) Apply gain [track] [hundredths]
2) Apply pan [track] [hundredths]
3) Echo [track] [delay in samples]
4) Add silence [track] [number of samples]
5) Cancel
1) New track...
2) Import track
3) Export...
4) List tracks
5) Change gain [track] [hundredths]
6) Change pan [track] [hundredths]
7) Combine/split [track] [?track]
8) Effects...
9) Quit
1) Apply gain [track] [hundredths]
2) Apply pan [track] [hundredths]
3) Echo [track] [delay in samples]
4) Add silence [track] [number of samples]
5) Cancel
1) New track...
2) Import track
3) Export...
4) List tracks
5) Change gain [track] [hundredths]
6) Change pan [track] [hundredths]
7) Combine/split [track] [?track]
8) Effects...
9) Quit
1) New track...
2) Import track
3) Export...
4) List tracks
5) Change gain [track] [hundredths]
6) Change pan [track] [hundredths]
7) Combine/split [track] [?track]
8) Effects...
9) Quit
1) New track...
2) Import track
3) Export...
4) List tracks
5) Change gain [track] [hundredths]
6) Change pan [track] [hundredths]
7) Combine/split [track] [?track]
8) Effects...
9) Quit
1) New track...
2) Import track
3) Export...
4) List tracks
5) Change gain [track] [hundredths]
6) Change pan [track] [hundredths]
7) Combine/split [track] [?track]
8) Effects...
9) Quit
0) mono samples=7941
2) mono samples=7941
1) New track...
2) Import track
3) Export...
4) List tracks
5) Change gain [track] [hundredths]
6) Change pan [track] [hundredths]
7) Combine/split [track] [?track]
8) Effects...
9) Quit
1) New track...
2) Import track
3) Export...
4) List tracks
5) Change gain [track] [hundredths]
6) Change pan [track] [hundredths]
7) Combine/split [track] [?track]
8) Effects...
9) Quit
1) New track...
2) Import track
3) Export...
4) List tracks
5) Change gain [track] [hundredths]
6) Change pan [track] [hundredths]
7) Combine/split [track] [?track]
8) Effects...
9) Quit
1) Silence [number of samples]
2) Sine Wave [number of samples] [HZ]
3) Square Wave [number of samples] [HZ]
4) White Noise [number of samples]
5) Cancel
1) New track...
2) Import track
3) Export...
4) List tracks
5) Change gain [track] [hundredths]
6) Change pan [track] [hundredths]
7) Combine/split [track] [?track]
8) Effects...
9) Quit
1) New track...
2) Import track
3) Export...
4) List tracks
5) Change gain [track] [hundredths]
6) Change pan [track] [hundredths]
7) Combine/split [track] [?track]
8) Effects...
9) Quit
1) Apply gain [track] [hundredths]
2) Apply pan [track] [hundredths]
3) Echo [track] [delay in samples]
4) Add silence [track] [number of samples]
5) Cancel
1) New track...
2) Import track
3) Export...
4) List tracks
5) Change gain [track] [hundredths]
6) Change pan [track] [hundredths]
7) Combine/split [track] [?track]
8) Effects...
9) Quit
1) New track...
2) Import track
3) Export...
4) List tracks
5) Change gain [track] [hundredths]
6) Change pan [track] [hundredths]
7) Combine/split [track] [?track]
8) Effects...
9) Quit
1) Silence [number of samples]
2) Sine Wave [number of samples] [HZ]
3) Square Wave [number of samples] [HZ]
4) White Noise [number of samples]
5) Cancel
1) New track...
2) Import track
3) Export...
4) List tracks
5) Change gain [track] [hundredths]
6) Change pan [track] [hundredths]
7) Combine/split [track] [?track]
8) Effects...
9) Quit
1) New track...
2) Import track
3) Export...
4) List tracks
5) Change gain [track] [hundredths]
6) Change pan [track] [hundredths]
7) Combine/split [track] [?track]
8) Effects...
9) Quit
1) New track...
2) Import track
3) Export...
4) List tracks
5) Change gain [track] [hundredths]
6) Change pan [track] [hundredths]
7) Combine/split [track] [?track]
8) Effects...
9) Quit
2) stereo samples=7941
3) mono samples=2838
4) stereo samples=2724
5) mono samples=3307
6) mono samples=6676
1) New track...
2) Import track
3) Export...
4) List tracks
5) Change gain [track] [hundredths]
6) Change pan [track] [hundredths]
7) Combine/split [track] [?track]
8) Effects...
9) Quit
1) New track...
2) Import track
3) Export...
4) List tracks
5) Change gain [track] [hundredths]
6) Change pan [track] [hundredths]
7) Combine/split [track] [?track]
8) Effects...
9) Quit
1) Silence [number of samples]
2) Sine Wave [number of samples] [HZ]
3) Square Wave [number of samples] [HZ]
4) White Noise [number of samples]
5) Cancel
1) New track...
2) Import track
3) Export...
4) List tracks
5) Change gain [track] [hundredths]
6) Change pan [track] [hundredths]
7) Combine/split [track] [?track]
8) Effects...
9) Quit
1) New track...
2) Import track
3) Export...
4) List tracks
5) Change gain [track] [hundredths]
6) Change pan [track] [hundredths]
7) Combine/split [track] [?track]
8) Effects...
9) Quit
1) Apply gain [track] [hundredths]
2) Apply pan [track] [hundredths]
3) Echo [track] [delay in samples]
4) Add silence [track] [number of samples]
5) Cancel
1) New track...
2) Import track
3) Export...
4) List tracks
5) Change gain [track] [hundredths]
6) Change pan [track] [hundredths]
7) Combine/split [track] [?track]
8) Effects...
9) Quit
1) Silence [number of samples]
2) Sine Wave [number of samples] [HZ]
3) Square Wave [number of samples] [HZ]
4) White Noise [number of samples]
5) Cancel
1) New track...
2) Import track
3) Export...
4) List tracks
5) Change gain [track] [hundredths]
6) Change pan [track] [hundredths]
7) Combine/split [track] [?track]
8) Effects...
9) Quit
1) New track...
2) Import track
3) Export...
4) List tracks
5) Change gain [track] [hundredths]
6) Change pan [track] [hundredths]
7) Combine/split [track] [?track]
8) Effects...
9) Quit
2) stereo samples=7941
3) mono samples=2838
4) stereo samples=2724
5) stereo samples=6676
7) mono samples=1798
8) mono samples=5914
1) New track...
2) Import track
3) Export...
4) List tracks
5) Change gain [track] [hundredths]
6) Change pan [track] [hundredths]
7) Combine/split [track] [?track]
8) Effects...
9) Quit
1) Silence [number of samples]
2) Sine Wave [number of samples] [HZ]
3) Square Wave [number of samples] [HZ]
4) White Noise [number of samples]
5) Cancel
1) New track...
2) Import track
3) Export...
4) List tracks
5) Change gain [track] [hundredths]
6) Change pan [track] [hundredths]
7) Combine/split [track] [?track]
8) Effects...
9) Quit
1) Silence [number of samples]
2) Sine Wave [number of samples] [HZ]
3) Square Wave [number of samples] [HZ]
4) White Noise [number of samples]
5) Cancel
1) New track...
2) Import track
3) Export...
4) List tracks
5) Change gain [track] [hundredths]
6) Change pan [track] [hundredths]
7) Combine/split [track] [?track]
8) Effects...
9) Quit
1) Apply gain [track] [hundredths]
2) Apply pan [track] [hundredths]
3) Echo [track] [delay in samples]
4) Add silence [track] [number of samples]
5) Cancel
1) New track...
2) Import track
3) Export...
4) List tracks
5) Change gain [track] [hundredths]
6) Change pan [track] [hundredths]
7) Combine/split [track] [?track]
8) Effects...
9) Quit
2) stereo samples=7941
3) mono samples=2838
4) stereo samples=2724
5) stereo samples=6676
7) mono samples=1798
8) mono samples=5914
9) mono samples=2710
10) mono samples=1504
1) New track...
2) Import track
3) Export...
4) List tracks
5) Change gain [track] [hundredths]
6) Change pan [track] [hundredths]
7) Combine/split [track] [?track]
8) Effects...
9) Quit
1) New track...
2) Import track
3) Export...
4) List tracks
5) Change gain [track] [hundredths]
6) Change pan [track] [hundredths]
7) Combine/split [track] [?track]
8) Effects...
9) Quit
2) stereo samples=7941
3) mono samples=2838
4) stereo samples=2724
5) stereo samples=6676
7) mono samples=1798
8) mono samples=5914
9) mono samples=2710
10) mono samples=1504
1) New track...
2) Import track
3) Export...
4) List tracks
5) Change gain [track] [hundredths]
6) Change pan [track] [hundredths]
7) Combine/split [track] [?track]
8) Effects...
9) Quit
1) New track...
2) Import track
3) Export...
4) List tracks
5) Change gain [track] [hundredths]
6) Change pan [track] [hundredths]
7) Combine/split [track] [?track]
8) Effects...
9) Quit
1) Silence [number of samples]
2) Sine Wave [number of samples] [HZ]
3) Square Wave [number of samples] [HZ]
4) White Noise [number of samples]
5) Cancel
1) New track...
2) Import track
3) Export...
4) List tracks
5) Change gain [track] [hundredths]
6) Change pan [track] [hundredths]
7) Combine/split [track] [?track]
8) Effects...
9) Quit
1) Silence [number of samples]
2) Sine Wave [number of samples] [HZ]
3) Square Wave [number of samples] [HZ]
4) White Noise [number of samples]
5) Cancel
1) New track...
2) Import track
3) Export...
4) List tracks
5) Change gain [track] [hundredths]
6) Change pan [track] [hundredths]
7) Combine/split [track] [?track]
8) Effects...
9) Quit
2) stereo samples=7941
3) mono samples=2838
4) stereo samples=2724
5) stereo samples=6676
7) mono samples=1798
8) mono samples=5914
9) mono samples=2710
10) mono samples=1504
11) mono samples=3312
12) mono samples=1552
1) New track...
2) Import track
3) Export...
4) List tracks
5) Change gain [track] [hundredths]
6) Change pan [track] [hundredths]
7) Combine/split [track] [?track]
8) Effects...
9) Quit
1) New track...
2) Import track
3) Export...
4) List tracks
5) Change gain [track] [hundredths]
6) Change pan [track] [hundredths]
7) Combine/split [track] [?track]
8) Effects...
9) Quit
1) New track...
2) Import track
3) Export...
4) List tracks
5) Change gain [track] [hundredths]
6) Change pan [track] [hundredths]
7) Combine/split [track] [?track]
8) Effects...
9) Quit
1) New track...
2) Import track
3) Export...
4) List tracks
5) Change gain [track] [hundredths]
6) Change pan [track] [hundredths]
7) Combine/split [track] [?track]
8) Effects...
9) Quit
1) New track...
2) Import track
3) Export...
4) List tracks
5) Change gain [track] [hundredths]
6) Change pan [track] [hundredths]
7) Combine/split [track] [?track]
8) Effects...
9) Quit
1) Apply gain [track] [hundredths]
2) Apply pan [track] [hundredths]
3) Echo [track] [delay in samples]
4) Add silence [track] [number of samples]
5) Cancel
1) New track...
2) Import track
3) Export...
4) List tracks
5) Change gain [track] [hundredths]
6) Change pan [track] [hundredths]
7) Combine/split [track] [?track]
8) Effects...
9) Quit
1) Silence [number of samples]
2) Sine Wave [number of samples] [HZ]
3) Square Wave [number of samples] [HZ]
4) White Noise [number of samples]
5) Cancel
1) New track...
2) Import track
3) Export...
4) List tracks
5) Change gain [track] [hundredths]
6) Change pan [track] [hundredths]
7) Combine/split [track] [?track]
8) Effects...
9) Quit
1) Silence [number of samples]
2) Sine Wave [number of samples] [HZ]
3) Square Wave [number of samples] [HZ]
4) White Noise [number of samples]
5) Cancel
1) New track...
2) Import track
3) Export...
4) List tracks
5) Change gain [track] [hundredths]
6) Change pan [track] [hundredths]
7) Combine/split [track] [?track]
8) Effects...
9) Quit
1) Silence [number of samples]
2) Sine Wave [number of samples] [HZ]
3) Square Wave [number of samples] [HZ]
4) White Noise [number of samples]
5) Cancel
1) New track...
2) Import track
3) Export...
4) List tracks
5) Change gain [track] [hundredths]
6) Change pan [track] [hundredths]
7) Combine/split [track] [?track]
8) Effects...
9) Quit
1) New track...
2) Import track
3) Export...
4) List tracks
5) Change gain [track] [hundredths]
6) Change pan [track] [hundredths]
7) Combine/split [track] [?track]
8) Effects...
9) Quit
1) New track...
2) Import track
3) Export...
4) List tracks
5) Change gain [track] [hundredths]
6) Change pan [track] [hundredths]
7) Combine/split [track] [?track]
8) Effects...
9) Quit
1) Apply gain [track] [hundredths]
2) Apply pan [track] [hundredths]
3) Echo [track] [delay in samples]
4) Add silence [track] [number of samples]
5) Cancel
1) New track...
2) Import track
3) Export...
4) List tracks
5) Change gain [track] [hundredths]
6) Change pan [track] [hundredths]
7) Combine/split [track] [?track]
8) Effects...
9) Quit
1) New track...
2) Import track
3) Export...
4) List tracks
5) Change gain [track] [hundredths]
6) Change pan [track] [hundredths]
7) Combine/split [track] [?track]
8) Effects...
9) Quit
1) New track...
2) Import track
3) Export...
4) List tracks
5) Change gain [track] [hundredths]
6) Change pan [track] [hundredths]
7) Combine/split [track] [?track]
8) Effects...
9) Quit
1) Apply gain [track] [hundredths]
2) Apply pan [track] [hundredths]
3) Echo [track] [delay in samples]
4) Add silence [track] [number of samples]
5) Cancel
1) New track...
2) Import track
3) Export...
4) List tracks
5) Change gain [track] [hundredths]
6) Change pan [track] [hundredths]
7) Combine/split [track] [?track]
8) Effects...
9) Quit
2) stereo samples=7941
3) mono samples=2838
4) stereo samples=2724
5) stereo samples=6676
9) mono samples=2710
10) stereo samples=5914
11) stereo samples=3312
12) mono samples=1552
14) mono samples=3073
15) stereo samples=1651
1) New track...
2) Import track
3) Export...
4) List tracks
5) Change gain [track] [hundredths]
6) Change pan [track] [hundredths]
7) Combine/split [track] [?track]
8) Effects...
9) Quit
1) Silence [number of samples]
2) Sine Wave [number of samples] [HZ]
3) Square Wave [number of samples] [HZ]
4) White Noise [number of samples]
5) Cancel
1) New track...
2) Import track
3) Export...
4) List tracks
5) Change gain [track] [hundredths]
6) Change pan [track] [hundredths]
7) Combine/split [track] [?track]
8) Effects...
9) Quit
1) New track...
2) Import track
3) Export...
4) List tracks
5) Change gain [track] [hundredths]
6) Change pan [track] [hundredths]
7) Combine/split [track] [?track]
8) Effects...
9) Quit
1) New track...
2) Import track
3) Export...
4) List tracks
5) Change gain [track] [hundredths]
6) Change pan [track] [hundredths]
7) Combine/split [track] [?track]
8) Effects...
9) Quit
1) New track...
2) Import track
3) Export...
4) List tracks
5) Change gain [track] [hundredths]
6) Change pan [track] [hundredths]
7) Combine/split [track] [?track]
8) Effects...
9) Quit
1) New track...
2) Import track
3) Export...
4) List tracks
5) Change gain [track] [hundredths]
6) Change pan [track] [hundredths]
7) Combine/split [track] [?track]
8) Effects...
9) Quit
1) New track...
2) Import track
3) Export...
4) List tracks
5) Change gain [track] [hundredths]
6) Change pan [track] [hundredths]
7) Combine/split [track] [?track]
8) Effects...
9) Quit
2) stereo samples=7941
3) mono samples=2838
4) stereo samples=2724
5) stereo samples=6676
9) mono samples=2710
10) stereo samples=5914
11) stereo samples=3312
12) mono samples=1552
14) mono samples=3073
15) stereo samples=1651
16) mono samples=2917
1) New track...
2) Import track
3) Export...
4) List tracks
5) Change gain [track] [hundredths]
6) Change pan [track] [hundredths]
7) Combine/split [track] [?track]
8) Effects...
9) Quit
1) New track...
2) Import track
3) Export...
4) List tracks
5) Change gain [track] [hundredths]
6) Change pan [track] [hundredths]
7) Combine/split [track] [?track]
8) Effects...
9) Quit
2) stereo samples=7941
3) mono samples=2838
4) stereo samples=2724
5) stereo samples=6676
9) mono samples=2710
10) stereo samples=5914
11) stereo samples=3312
12) mono samples=1552
14) mono samples=3073
15) stereo samples=1651
16) mono samples=2917
1) New track...
2) Import track
3) Export...
4) List tracks
5) Change gain [track] [hundredths]
6) Change pan [track] [hundredths]
7) Combine/split [track] [?track]
8) Effects...
9) Quit
2) stereo samples=7941
3) mono samples=2838
4) stereo samples=2724
5) stereo samples=6676
9) mono samples=2710
10) stereo samples=5914
11) stereo samples=3312
12) mono samples=1552
14) mono samples=3073
15) stereo samples=1651
16) mono samples=2917
1) New track...
2) Import track
3) Export...
4) List tracks
5) Change gain [track] [hundredths]
6) Change pan [track] [hundredths]
7) Combine/split [track] [?track]
8) Effects...
9) Quit
1) New track...
2) Import track
3) Export...
4) List tracks
5) Change gain [track] [hundredths]
6) Change pan [track] [hundredths]
7) Combine/split [track] [?track]
8) Effects...
9) Quit
1) New track...
2) Import track
3) Export...
4) List tracks
5) Change gain [track] [hundredths]
6) Change pan [track] [hundredths]
7) Combine/split [track] [?track]
8) Effects...
9) Quit
1) Silence [number of samples]
2) Sine Wave [number of samples] [HZ]
3) Square Wave [number of samples] [HZ]
4) White Noise [number of samples]
5) Cancel
1) New track...
2) Import track
3) Export...
4) List tracks
5) Change gain [track] [hundredths]
6) Change pan [track] [hundredths]
7) Combine/split [track] [?track]
8) Effects...
9) Quit
1) New track...
2) Import track
3) Export...
4) List tracks
5) Change gain [track] [hundredths]
6) Change pan [track] [hundredths]
7) Combine/split [track] [?track]
8) Effects...
9) Quit
1) New track...
2) Import track
3) Export...
4) List tracks
5) Change gain [track] [hundredths]
6) Change pan [track] [hundredths]
7) Combine/split [track] [?track]
8) Effects...
9) Quit
1) New track...
2) Import track
3) Export...
4) List tracks
5) Change gain [track] [hundredths]
6) Change pan [track] [hundredths]
7) Combine/split [track] [?track]
8) Effects...
9) Quit
1) New track...
2) Import track
3) Export...
4) List tracks
5) Change gain [track] [hundredths]
6) Change pan [track] [hundredths]
7) Combine/split [track] [?track]
8) Effects...
9) Quit
2) stereo samples=7941
3) mono samples=2838
4) stereo samples=2724
5) stereo samples=6676
10) stereo samples=5914
11) stereo samples=3312
12) stereo samples=2917
14) stereo samples=3073
15) stereo samples=1651
17) mono samples=1588
1) New track...
2) Import track
3) Export...
4) List tracks
5) Change gain [track] [hundredths]
6) Change pan [track] [hundredths]
7) Combine/split [track] [?track]
8) Effects...
9) Quit
1) New track...
2) Import track
3) Export...
4) List tracks
5) Change gain [track] [hundredths]
6) Change pan [track] [hundredths]
7) Combine/split [track] [?track]
8) Effects...
9) Quit
1) Apply gain [track] [hundredths]
2) Apply pan [track] [hundredths]
3) Echo [track] [delay in samples]
4) Add silence [track] [number of samples]
5) Cancel
1) New track...
2) Import track
3) Export...
4) List tracks
5) Change gain [track] [hundredths]
6) Change pan [track] [hundredths]
7) Combine/split [track] [?track]
8) Effects...
9) Quit
1) New track...
2) Import track
3) Export...
4) List tracks
5) Change gain [track] [hundredths]
6) Change pan [track] [hundredths]
7) Combine/split [track] [?track]
8) Effects...
9) Quit
1) Apply gain [track] [hundredths]
2) Apply pan [track] [hundredths]
3) Echo [track] [delay in samples]
4) Add silence [track] [number of samples]
5) Cancel
1) New track...
2) Import track
3) Export...
4) List tracks
5) Change gain [track] [hundredths]
6) Change pan [track] [hundredths]
7) Combine/split [track] [?track]
8) Effects...
9) Quit
1) Apply gain [track] [hundredths]
2) Apply pan [track] [hundredths]
3) Echo [track] [delay in samples]
4) Add silence [track] [number of samples]
5) Cancel
1) New track...
2) Import track
3) Export...
4) List tracks
5) Change gain [track] [hundredths]
6) Change pan [track] [hundredths]
7) Combine/split [track] [?track]
8) Effects...
9) Quit
1) Apply gain [track] [hundredths]
2) Apply pan [track] [hundredths]
3) Echo [track] [delay in samples]
4) Add silence [track] [number of samples]
5) Cancel
1) New track...
2) Import track
3) Export...
4) List tracks
5) Change gain [track] [hundredths]
6) Change pan [track] [hundredths]
7) Combine/split [track] [?track]
8) Effects...
9) Quit
1) Apply gain [track] [hundredths]
2) Apply pan [track] [hundredths]
3) Echo [track] [delay in samples]
4) Add silence [track] [number of samples]
5) Cancel
1) New track...
2) Import track
3) Export...
4) List tracks
5) Change gain [track] [hundredths]
6) Change pan [track] [hundredths]
7) Combine/split [track] [?track]
8) Effects...
9) Quit
2) stereo samples=7941
3) mono samples=2838
4) mono samples=2724
5) stereo samples=6676
10) stereo samples=5914
11) stereo samples=3312
12) stereo samples=2917
14) stereo samples=3073
15) stereo samples=1651
17) mono samples=1588
18) mono samples=2724
1) New track...
2) Import track
3) Export...
4) List tracks
5) Change gain [track] [hundredths]
6) Change pan [track] [hundredths]
7) Combine/split [track] [?track]
8) Effects...
9) Quit
2) stereo samples=7941
3) mono samples=2838
4) mono samples=2724
5) stereo samples=6676
10) stereo samples=5914
11) stereo samples=3312
12) stereo samples=2917
14) stereo samples=3073
15) stereo samples=1651
17) mono samples=1588
18) mono samples=2724
1) New track...
2) Import track
3) Export...
4) List tracks
5) Change gain [track] [hundredths]
6) Change pan [track] [hundredths]
7) Combine/split [track] [?track]
8) Effects...
9) Quit
1) New track...
2) Import track
3) Export...
4) List tracks
5) Change gain [track] [hundredths]
6) Change pan [track] [hundredths]
7) Combine/split [track] [?track]
8) Effects...
9) Quit
1) New track...
2) Import track
3) Export...
4) List tracks
5) Change gain [track] [hundredths]
6) Change pan [track] [hundredths]
7) Combine/split [track] [?track]
8) Effects...
9) Quit
1) New track...
2) Import track
3) Export...
4) List tracks
5) Change gain [track] [hundredths]
6) Change pan [track] [hundredths]
7) Combine/split [track] [?track]
8) Effects...
9) Quit
1) New track...
2) Import track
3) Export...
4) List tracks
5) Change gain [track] [hundredths]
6) Change pan [track] [hundredths]
7) Combine/split [track] [?track]
8) Effects...
9) Quit
1) New track...
2) Import track
3) Export...
4) List tracks
5) Change gain [track] [hundredths]
6) Change pan [track] [hundredths]
7) Combine/split [track] [?track]
8) Effects...
9) Quit
1) Apply gain [track] [hundredths]
2) Apply pan [track] [hundredths]
3) Echo [track] [delay in samples]
4) Add silence [track] [number of samples]
5) Cancel
1) New track...
2) Import track
3) Export...
4) List tracks
5) Change gain [track] [hundredths]
6) Change pan [track] [hundredths]
7) Combine/split [track] [?track]
8) Effects...
9) Quit
2) stereo samples=7941
3) mono samples=2838
4) stereo samples=2724
5) stereo samples=6676
10) stereo samples=5914
11) stereo samples=3312
12) stereo samples=2917
14) stereo samples=3073
15) stereo samples=1651
19) mono samples=7941
1) New track...
2) Import track
3) Export...
4) List tracks
5) Change gain [track] [hundredths]
6) Change pan [track] [hundredths]
7) Combine/split [track] [?track]
8) Effects...
9) Quit
1) New track...
2) Import track
3) Export...
4) List tracks
5) Change gain [track] [hundredths]
6) Change pan [track] [hundredths]
7) Combine/split [track] [?track]
8) Effects...
9) Quit
1) New track...
2) Import track
3) Export...
4) List tracks
5) Change gain [track] [hundredths]
6) Change pan [track] [hundredths]
7) Combine/split [track] [?track]
8) Effects...
9) Quit
1) New track...
2) Import track
3) Export...
4) List tracks
5) Change gain [track] [hundredths]
6) Change pan [track] [hundredths]
7) Combine/split [track] [?track]
8) Effects...
9) Quit
1) Silence [number of samples]
2) Sine Wave [number of samples] [HZ]
3) Square Wave [number of samples] [HZ]
4) White Noise [number of samples]
5) Cancel
1) New track...
2) Import track
3) Export...
4) List tracks
5) Change gain [track] [hundredths]
6) Change pan [track] [hundredths]
7) Combine/split [track] [?track]
8) Effects...
9) Quit
2) mono samples=7941
3) stereo samples=7941
4) stereo samples=2724
5) stereo samples=6676
10) stereo samples=5914
11) stereo samples=3312
12) stereo samples=2917
14) stereo samples=3073
15) stereo samples=1651
20) mono samples=7941
21) mono samples=6034
1) New track...
2) Import track
3) Export...
4) List tracks
5) Change gain [track] [hundredths]
6) Change pan [track] [hundredths]
7) Combine/split [track] [?track]
8) Effects...
9) Quit
1) Silence [number of samples]
2) Sine Wave [number of samples] [HZ]
3) Square Wave [number of samples] [HZ]
4) White Noise [number of samples]
5) Cancel
1) New track...
2) Import track
3) Export...
4) List tracks
5) Change gain [track] [hundredths]
6) Change pan [track] [hundredths]
7) Combine/split [track] [?track]
8) Effects...
9) Quit
1) New track...
2) Import track
3) Export...
4) List tracks
5) Change gain [track] [hundredths]
6) Change pan [track] [hundredths]
7) Combine/split [track] [?track]
8) Effects...
9) Quit
1) Apply gain [track] [hundredths]
2) Apply pan [track] [hundredths]
3) Echo [track] [delay in samples]
4) Add silence [track] [number of samples]
5) Cancel
1) New track...
2) Import track
3) Export...
4) List tracks
5) Change gain [track] [hundredths]
6) Change pan [track] [hundredths]
7) Combine/split [track] [?track]
8) Effects...
9) Quit
1) Apply gain [track] [hundredths]
2) Apply pan [track] [hundredths]
3) Echo [track] [delay in samples]
4) Add silence [track] [number of samples]
5) Cancel
1) New track...
2) Import track
3) Export...
4) List tracks
5) Change gain [track] [hundredths]
6) Change pan [track] [hundredths]
7) Combine/split [track] [?track]
8) Effects...
9) Quit
1) New track...
2) Import track
3) Export...
4) List tracks
5) Change gain [track] [hundredths]
6) Change pan [track] [hundredths]
7) Combine/split [track] [?track]
8) Effects...
9) Quit
1) Silence [number of samples]
2) Sine Wave [number of samples] [HZ]
3) Square Wave [number of samples] [HZ]
4) White Noise [number of samples]
5) Cancel
1) New track...
2) Import track
3) Export...
4) List tracks
5) Change gain [track] [hundredths]
6) Change pan [track] [hundredths]
7) Combine/split [track] [?track]
8) Effects...
9) Quit
1) New track...
2) Import track
3) Export...
4) List tracks
5) Change gain [track] [hundredths]
6) Change pan [track] [hundredths]
7) Combine/split [track] [?track]
8) Effects...
9) Quit
1) New track...
2) Import track
3) Export...
4) List tracks
5) Change gain [track] [hundredths]
6) Change pan [track] [hundredths]
7) Combine/split [track] [?track]
8) Effects...
9) Quit
1) New track...
2) Import track
3) Export...
4) List tracks
5) Change gain [track] [hundredths]
6) Change pan [track] [hundredths]
7) Combine/split [track] [?track]
8) Effects...
9) Quit
2) mono samples=7941
3) stereo samples=7941
4) stereo samples=2724
5) stereo samples=6676
10) stereo samples=5914
11) stereo samples=3312
12) stereo samples=2917
14) stereo samples=3073
15) stereo samples=1651
20) mono samples=7941
21) mono samples=6034
22) mono samples=3008
23) mono samples=2514
24) mono samples=1045
1) New track...
2) Import track
3) Export...
4) List tracks
5) Change gain [track] [hundredths]
6) Change pan [track] [hundredths]
7) Combine/split [track] [?track]
8) Effects...
9) Quit
1) Apply gain [track] [hundredths]
2) Apply pan [track] [hundredths]
3) Echo [track] [delay in samples]
4) Add silence [track] [number of samples]
5) Cancel
1) New track...
2) Import track
3) Export...
4) List tracks
5) Change gain [track] [hundredths]
6) Change pan [track] [hundredths]
7) Combine/split [track] [?track]
8) Effects...
9) Quit
1) Silence [number of samples]
2) Sine Wave [number of samples] [HZ]
3) Square Wave [number of samples] [HZ]
4) White Noise [number of samples]
5) Cancel
1) New track...
2) Import track
3) Export...
4) List tracks
5) Change gain [track] [hundredths]
6) Change pan [track] [hundredths]
7) Combine/split [track] [?track]
8) Effects...
9) Quit
1) New track...
2) Import track
3) Export...
4) List tracks
5) Change gain [track] [hundredths]
6) Change pan [track] [hundredths]
7) Combine/split [track] [?track]
8) Effects...
9) Quit
2) mono samples=7941
3) stereo samples=7941
4) stereo samples=2724
5) stereo samples=6676
10) stereo samples=5914
11) stereo samples=3312
12) stereo samples=2917
14) stereo samples=3073
15) stereo samples=1651
20) mono samples=7941
21) mono samples=6034
22) mono samples=3008
23) stereo samples=4575
24) mono samples=1045
1) New track...
2) Import track
3) Export...
4) List tracks
5) Change gain [track] [hundredths]
6) Change pan [track] [hundredths]
7) Combine/split [track] [?track]
8) Effects...
9) Quit
2) mono samples=7941
3) stereo samples=7941
4) stereo samples=2724
5) stereo samples=6676
10) stereo samples=5914
11) stereo samples=3312
12) stereo samples=2917
14) stereo samples=3073
15) stereo samples=1651
20) mono samples=7941
21) mono samples=6034
22) mono samples=3008
23) stereo samples=4575
24) mono samples=1045
1) New track...
2) Import track
3) Export...
4) List tracks
5) Change gain [track] [hundredths]
6) Change pan [track] [hundredths]
7) Combine/split [track] [?track]
8) Effects...
9) Quit
1) Silence [number of samples]
2) Sine Wave [number of samples] [HZ]
3) Square Wave [number of samples] [HZ]
4) White Noise [number of samples]
5) Cancel
1) New track...
2) Import track
3) Export...
4) List tracks
5) Change gain [track] [hundredths]
6) Change pan [track] [hundredths]
7) Combine/split [track] [?track]
8) Effects...
9) Quit
1) Apply gain [track] [hundredths]
2) Apply pan [track] [hundredths]
3) Echo [track] [delay in samples]
4) Add silence [track] [number of samples]
5) Cancel
1) New track...
2) Import track
3) Export...
4) List tracks
5) Change gain [track] [hundredths]
6) Change pan [track] [hundredths]
7) Combine/split [track] [?track]
8) Effects...
9) Quit
1) New track...
2) Import track
3) Export...
4) List tracks
5) Change gain [track] [hundredths]
6) Change pan [track] [hundredths]
7) Combine/split [track] [?track]
8) Effects...
9) Quit
1) New track...
2) Import track
3) Export...
4) List tracks
5) Change gain [track] [hundredths]
6) Change pan [track] [hundredths]
7) Combine/split [track] [?track]
8) Effects...
9) Quit
1) New track...
2) Import track
3) Export...
4) List tracks
5) Change gain [track] [hundredths]
6) Change pan [track] [hundredths]
7) Combine/split [track] [?track]
8) Effects...
9) Quit
1) Apply gain [track] [hundredths]
2) Apply pan [track] [hundredths]
3) Echo [track] [delay in samples]
4) Add silence [track] [number of samples]
5) Cancel
1) New track...
2) Import track
3) Export...
4) List tracks
5) Change gain [track] [hundredths]
6) Change pan [track] [hundredths]
7) Combine/split [track] [?track]
8) Effects...
9) Quit
1) Silence [number of samples]
2) Sine Wave [number of samples] [HZ]
3) Square Wave [number of samples] [HZ]
4) White Noise [number of samples]
5) Cancel
1) New track...
2) Import track
3) Export...
4) List tracks
5) Change gain [track] [hundredths]
6) Change pan [track] [hundredths]
7) Combine/split [track] [?track]
8) Effects...
9) Quit
1) New track...
2) Import track
3) Export...
4) List tracks
5) Change gain [track] [hundredths]
6) Change pan [track] [hundredths]
7) Combine/split [track] [?track]
8) Effects...
9) Quit
1) Silence [number of samples]
2) Sine Wave [number of samples] [HZ]
3) Square Wave [number of samples] [HZ]
4) White Noise [number of samples]
5) Cancel
1) New track...
2) Import track
3) Export...
4) List tracks
5) Change gain [track] [hundredths]
6) Change pan [track] [hundredths]
7) Combine/split [track] [?track]
8) Effects...
9) Quit
1) Silence [number of samples]
2) Sine Wave [number of samples] [HZ]
3) Square Wave [number of samples] [HZ]
4) White Noise [number of samples]
5) Cancel
1) New track...
2) Import track
3) Export...
4) List tracks
5) Change gain [track] [hundredths]
6) Change pan [track] [hundredths]
7) Combine/split [track] [?track]
8) Effects...
9) Quit
1) Silence [number of samples]
2) Sine Wave [number of samples] [HZ]
3) Square Wave [number of samples] [HZ]
4) White Noise [number of samples]
5) Cancel
1) New track...
2) Import track
3) Export...
4) List tracks
5) Change gain [track] [hundredths]
6) Change pan [track] [hundredths]
7) Combine/split [track] [?track]
8) Effects...
9) Quit
1) New track...
2) Import track
3) Export...
4) List tracks
5) Change gain [track] [hundredths]
6) Change pan [track] [hundredths]
7) Combine/split [track] [?track]
8) Effects...
9) Quit
1) New track...
2) Import track
3) Export...
4) List tracks
5) Change gain [track] [hundredths]
6) Change pan [track] [hundredths]
7) Combine/split [track] [?track]
8) Effects...
9) Quit
2) mono samples=7941
3) stereo samples=7941
4) stereo samples=2724
5) stereo samples=6676
10) stereo samples=5914
11) stereo samples=3312
12) stereo samples=2917
14) mono samples=3073
15) stereo samples=1651
20) mono samples=7941
22) mono samples=3008
23) stereo samples=4575
24) mono samples=1045
26) stereo samples=6034
27) stereo samples=4678
29) mono samples=7737
30) mono samples=7310
31) mono samples=1593
1) New track...
2) Import track
3) Export...
4) List tracks
5) Change gain [track] [hundredths]
6) Change pan [track] [hundredths]
7) Combine/split [track] [?track]
8) Effects...
9) Quit
1) New track...
2) Import track
3) Export...
4) List tracks
5) Change gain [track] [hundredths]
6) Change pan [track] [hundredths]
7) Combine/split [track] [?track]
8) Effects...
9) Quit
1) New track...
2) Import track
3) Export...
4) List tracks
5) Change gain [track] [hundredths]
6) Change pan [track] [hundredths]
7) Combine/split [track] [?track]
8) Effects...
9) Quit
1) New track...
2) Import track
3) Export...
4) List tracks
5) Change gain [track] [hundredths]
6) Change pan [track] [hundredths]
7) Combine/split [track] [?track]
8) Effects...
9) Quit
1) New track...
2) Import track
3) Export...
4) List tracks
5) Change gain [track] [hundredths]
6) Change pan [track] [hundredths]
7) Combine/split [track] [?track]
8) Effects...
9) Quit
1) New track...
2) Import track
3) Export...
4) List tracks
5) Change gain [track] [hundredths]
6) Change pan [track] [hundredths]
7) Combine/split [track] [?track]
8) Effects...
9) Quit
1) Apply gain [track] [hundredths]
2) Apply pan [track] [hundredths]
3) Echo [track] [delay in samples]
4) Add silence [track] [number of samples]
5) Cancel
1) New track...
2) Import track
3) Export...
4) List tracks
5) Change gain [track] [hundredths]
6) Change pan [track] [hundredths]
7) Combine/split [track] [?track]
8) Effects...
9) Quit
1) Silence [number of samples]
2) Sine Wave [number of samples] [HZ]
3) Square Wave [number of samples] [HZ]
4) White Noise [number of samples]
5) Cancel
1) New track...
2) Import track
3) Export...
4) List tracks
5) Change gain [track] [hundredths]
6) Change pan [track] [hundredths]
7) Combine/split [track] [?track]
8) Effects...
9) Quit
1) New track...
2) Import track
3) Export...
4) List tracks
5) Change gain [track] [hundredths]
6) Change pan [track] [hundredths]
7) Combine/split [track] [?track]
8) Effects...
9) Quit
1) New track...
2) Import track
3) Export...
4) List tracks
5) Change gain [track] [hundredths]
6) Change pan [track] [hundredths]
7) Combine/split [track] [?track]
8) Effects...
9) Quit
3) stereo samples=7941
4) stereo samples=2724
5) stereo samples=6676
10) stereo samples=5914
11) stereo samples=3312
12) stereo samples=2917
14) mono samples=3073
15) mono samples=1651
20) mono samples=7941
22) mono samples=3008
23) stereo samples=4575
24) stereo samples=2933
26) mono samples=6034
27) stereo samples=4678
29) stereo samples=7941
30) mono samples=7310
31) mono samples=1593
33) mono samples=6034
34) mono samples=5078
35) mono samples=1651
1) New track...
2) Import track
3) Export...
4) List tracks
5) Change gain [track] [hundredths]
6) Change pan [track] [hundredths]
7) Combine/split [track] [?track]
8) Effects...
9) Quit
1) Silence [number of samples]
2) Sine Wave [number of samples] [HZ]
3) Square Wave [number of samples] [HZ]
4) White Noise [number of samples]
5) Cancel
1) New track...
2) Import track
3) Export...
4) List tracks
5) Change gain [track] [hundredths]
6) Change pan [track] [hundredths]
7) Combine/split [track] [?track]
8) Effects...
9) Quit
3) stereo samples=7941
4) stereo samples=2724
3) stereo samples=7941
4) stereo samples=2724
5) stereo samples=6676
10) stereo samples=5914
11) stereo samples=3312
12) stereo samples=2917
14) mono samples=3073
15) mono samples=1651
20) mono samples=7941
22) mono samples=3008
23) stereo samples=4575
24) stereo samples=2933
26) mono samples=6034
27) stereo samples=4678
29) stereo samples=7941
30) mono samples=7310
31) mono samples=1593
33) mono samples=6034
34) mono samples=5078
35) mono samples=1651
36) mono samples=2025
37) mono samples=3788
1) New track...
2) Import track
3) Export...
4) List tracks
5) Change gain [track] [hundredths]
6) Change pan [track] [hundredths]
7) Combine/split [track] [?track]
8) Effects...
9) Quit
1) New track...
2) Import track
3) Export...
4) List tracks
5) Change gain [track] [hundredths]
6) Change pan [track] [hundredths]
7) Combine/split [track] [?track]
8) Effects...
9) Quit
1) New track...
2) Import track
3) Export...
4) List tracks
5) Change gain [track] [hundredths]
6) Change pan [track] [hundredths]
7) Combine/split [track] [?track]
8) Effects...
9) Quit
1) New track...
2) Import track
3) Export...
4) List tracks
5) Change gain [track] [hundredths]
6) Change pan [track] [hundredths]
7) Combine/split [track] [?track]
8) Effects...
9) Quit
1) New track...
2) Import track
3) Export...
4) List tracks
5) Change gain [track] [hundredths]
6) Change pan [track] [hundredths]
7) Combine/split [track] [?track]
8) Effects...
9) Quit
1) New track...
2) Import track
3) Export...
4) List tracks
5) Change gain [track] [hundredths]
6) Change pan [track] [hundredths]
7) Combine/split [track] [?track]
8) Effects...
9) Quit
1) New track...
2) Import track
3) Export...
4) List tracks
5) Change gain [track] [hundredths]
6) Change pan [track] [hundredths]
7) Combine/split [track] [?track]
8) Effects...
9) Quit
1) New track...
2) Import track
3) Export...
4) List tracks
5) Change gain [track] [hundredths]
6) Change pan [track] [hundredths]
7) Combine/split [track] [?track]
8) Effects...
9) Quit
3) mono samples=7941
4) stereo samples=2724
5) mono samples=6676
10) stereo samples=5914
11) mono samples=3312
12) mono samples=2917
14) mono samples=3073
15) mono samples=1651
23) stereo samples=4575
24) mono samples=2933
26) mono samples=6034
27) stereo samples=4678
29) stereo samples=7941
33) stereo samples=7310
34) stereo samples=7941
35) mono samples=1651
36) mono samples=2025
37) mono samples=3788
38) mono samples=7941
40) mono samples=5769
41) mono samples=1328
42) mono samples=2917
43) mono samples=6676
44) mono samples=7427
45) mono samples=2531
46) mono samples=5078
47) mono samples=7941
48) mono samples=2718
49) mono samples=5078
50) mono samples=2933
1) New track...
2) Import track
3) Export...
4) List tracks
5) Change gain [track] [hundredths]
6) Change pan [track] [hundredths]
7) Combine/split [track] [?track]
8) Effects...
9) Quit
1) New track...
2) Import track
3) Export...
4) List tracks
5) Change gain [track] [hundredths]
6) Change pan [track] [hundredths]
7) Combine/split [track] [?track]
8) Effects...
9) Quit
1) Apply gain [track] [hundredths]
2) Apply pan [track] [hundredths]
3) Echo [track] [delay in samples]
4) Add silence [track] [number of samples]
5) Cancel
1) New track...
2) Import track
3) Export...
4) List tracks
5) Change gain [track] [hundredths]
6) Change pan [track] [hundredths]
7) Combine/split [track] [?track]
8) Effects...
9) Quit
1) Apply gain [track] [hundredths]
2) Apply pan [track] [hundredths]
3) Echo [track] [delay in samples]
4) Add silence [track] [number of samples]
5) Cancel
1) New track...
2) Import track
3) Export...
4) List tracks
5) Change gain [track] [hundredths]
6) Change pan [track] [hundredths]
7) Combine/split [track] [?track]
8) Effects...
9) Quit
3) mono samples=7941
4) stereo samples=2724
5) mono samples=6676
10) stereo samples=5914
11) mono samples=3312
12) mono samples=2917
14) mono samples=3073
15) mono samples=1651
23) stereo samples=4575
24) mono samples=2933
26) mono samples=6034
27) stereo samples=4678
29) mono samples=7941
33) stereo samples=7310
34) stereo samples=7941
36) mono samples=2025
37) mono samples=3788
38) stereo samples=7941
40) mono samples=5769
41) mono samples=1328
42) mono samples=2917
43) mono samples=6676
44) mono samples=7427
45) mono samples=2531
46) mono samples=5078
47) mono samples=7941
48) mono samples=2718
49) mono samples=5078
50) mono samples=2933
51) mono samples=7941
1) New track...
2) Import track
3) Export...
4) List tracks
5) Change gain [track] [hundredths]
6) Change pan [track] [hundredths]
7) Combine/split [track] [?track]
8) Effects...
9) Quit
41) mono samples=1328
42) mono samples=2917
43) mono samples=6676
44) mono samples=7427
45) mono samples=2531
46) mono samples=5078
47) mono samples=7941
48) mono samples=2718
49) mono samples=5078
50) mono samples=2933
51) mono samples=7941
52) mono samples=6684
53) mono samples=6560
54) mono samples=2875
55) mono samples=7941
56) mono samples=6530
1) New track...
2) Import track
3) Export...
4) List tracks
5) Change gain [track] [hundredths]
6) Change pan [track] [hundredths]
7) Combine/split [track] [?track]
8) Effects...
9) Quit
1) Silence [number of samples]
2) Sine Wave [number of samples] [HZ]
3) Square Wave [number of samples] [HZ]
4) White Noise [number of samples]
5) Cancel
1) New track...
2) Import track
3) Export...
4) List tracks
5) Change gain [track] [hundredths]
6) Change pan [track] [hundredths]
7) Combine/split [track] [?track]
8) Effects...
9) Quit
1) Apply gain [track] [hundredths]
2) Apply pan [track] [hundredths]
3) Echo [track] [delay in samples]
4) Add silence [track] [number of samples]
5) Cancel
1) New track...
2) Import track
3) Export...
4) List tracks
5) Change gain [track] [hundredths]
6) Change pan [track] [hundredths]
7) Combine/split [track] [?track]
8) Effects...
9) Quit
3) mono samples=7941
4) stereo samples=2724
5) mono samples=6676
10) stereo samples=5914
11) mono samples=3312
12) mono samples=2917
14) mono samples=3073
15) mono samples=1651
23) stereo samples=4575
24) mono samples=2933
26) mono samples=6034
27) stereo samples=4678
29) mono samples=7941
42) mono samples=2917
43) mono samples=6676
44) mono samples=7427
45) mono samples=2531
46) mono samples=5078
47) mono samples=7941
48) mono samples=2718
49) mono samples=5078
50) mono samples=2933
51) mono samples=7941
52) mono samples=6684
53) mono samples=6560
54) mono samples=2875
55) mono samples=7941
56) mono samples=6530
57) mono samples=2967
1) New track...
2) Import track
3) Export...
4) List tracks
5) Change gain [track] [hundredths]
6) Change pan [track] [hundredths]
7) Combine/split [track] [?track]
8) Effects...
9) Quit
1) Silence [number of samples]
2) Sine Wave [number of samples] [HZ]
3) Square Wave [number of samples] [HZ]
4) White Noise [number of samples]
5) Cancel
1) New track...
2) Import track
3) Export...
4) List tracks
5) Change gain [track] [hundredths]
6) Change pan [track] [hundredths]
7) Combine/split [track] [?track]
8) Effects...
9) Quit
1) Apply gain [track] [hundredths]
2) Apply pan [track] [hundredths]
3) Echo [track] [delay in samples]
4) Add silence [track] [number of samples]
5) Cancel
1) New track...
2) Import track
3) Export...
4) List tracks
5) Change gain [track] [hundredths]
6) Change pan [track] [hundredths]
7) Combine/split [track] [?track]
8) Effects...
9) Quit
1) New track...
2) Import track
3) Export...
4) List tracks
5) Change gain [track] [hundredths]
6) Change pan [track] [hundredths]
7) Combine/split [track] [?track]
8) Effects...
9) Quit
1) Silence [number of samples]
2) Sine Wave [number of samples] [HZ]
3) Square Wave [number of samples] [HZ]
4) White Noise [number of samples]
5) Cancel
1) New track...
2) Import track
3) Export...
4) List tracks
5) Change gain [track] [hundredths]
6) Change pan [track] [hundredths]
7) Combine/split [track] [?track]
8) Effects...
9) Quit
1) New track...
2) Import track
3) Export...
4) List tracks
5) Change gain [track] [hundredths]
6) Change pan [track] [hundredths]
7) Combine/split [track] [?track]
8) Effects...
9) Quit
1) New track...
2) Import track
3) Export...
4) List tracks
5) Change gain [track] [hundredths]
6) Change pan [track] [hundredths]
7) Combine/split [track] [?track]
8) Effects...
9) Quit
3) mono samples=7941
4) stereo samples=2724
5) mono samples=6676
10) stereo samples=5914
11) stereo samples=7941
12) mono samples=2917
14) mono samples=3073
15) mono samples=1651
23) stereo samples=4575
24) mono samples=2933
26) mono samples=6034
27) stereo samples=4678
29) mono samples=7941
33) stereo samples=7310
34) mono samples=7941
36) mono samples=2025
37) mono samples=3788
38) stereo samples=7941
40) mono samples=5769
41) mono samples=1328
42) mono samples=2917
43) mono samples=6676
44) mono samples=7427
45) mono samples=2531
46) mono samples=5078
47) mono samples=7941
48) mono samples=2718
49) mono samples=5078
50) mono samples=2933
51) mono samples=7941
52) mono samples=6684
53) mono samples=6560
54) mono samples=2875
56) mono samples=6530
57) mono samples=2967
58) mono samples=2109
59) mono samples=2753
1) New track...
2) Import track
3) Export...
4) List tracks
5) Change gain [track] [hundredths]
6) Change pan [track] [hundredths]
7) Combine/split [track] [?track]
8) Effects...
9) Quit
1) New track...
2) Import track
3) Export...
4) List tracks
5) Change gain [track] [hundredths]
6) Change pan [track] [hundredths]
7) Combine/split [track] [?track]
8) Effects...
9) Quit
1) New track...
2) Import track
3) Export...
4) List tracks
5) Change gain [track] [hundredths]
6) Change pan [track] [hundredths]
7) Combine/split [track] [?track]
8) Effects...
9) Quit
1) New track...
2) Import track
3) Export...
4) List tracks
5) Change gain [track] [hundredths]
6) Change pan [track] [hundredths]
7) Combine/split [track] [?track]
8) Effects...
9) Quit
1) New track...
2) Import track
3) Export...
4) List tracks
5) Change gain [track] [hundredths]
6) Change pan [track] [hundredths]
7) Combine/split [track] [?track]
8) Effects...
9) Quit
3) mono samples=7941
4) stereo samples=2724
5) mono samples=6676
10) stereo samples=5914
11) stereo samples=7941
12) mono samples=2917
14) mono samples=3073
23) stereo samples=4575
24) mono samples=2933
26) mono samples=6034
27) stereo samples=4678
29) stereo samples=7941
1) Apply gain [track] [hundredths]
2) Apply pan [track] [hundredths]
3) Echo [track] [delay in samples]
4) Add silence [track] [number of samples]
5) Cancel
1) New track...
2) Import track
3) Export...
4) List tracks
5) Change gain [track] [hundredths]
6) Change pan [track] [hundredths]
7) Combine/split [track] [?track]
8) Effects...
9) Quit
1) New track...
2) Import track
3) Export...
4) List tracks
5) Change gain [track] [hundredths]
6) Change pan [track] [hundredths]
7) Combine/split [track] [?track]
8) Effects...
9) Quit
1) New track...
2) Import track
3) Export...
4) List tracks
5) Change gain [track] [hundredths]
6) Change pan [track] [hundredths]
7) Combine/split [track] [?track]
8) Effects...
9) Quit
1) New track...
2) Import track
3) Export...
4) List tracks
5) Change gain [track] [hundredths]
6) Change pan [track] [hundredths]
7) Combine/split [track] [?track]
8) Effects...
9) Quit
1) New track...
2) Import track
3) Export...
4) List tracks
5) Change gain [track] [hundredths]
6) Change pan [track] [hundredths]
7) Combine/split [track] [?track]
8) Effects...
9) Quit
1) New track...
2) Import track
3) Export...
4) List tracks
5) Change gain [track] [hundredths]
6) Change pan [track] [hundredths]
7) Combine/split [track] [?track]
8) Effects...
9) Quit
1) New track...
2) Import track
3) Export...
4) List tracks
5) Change gain [track] [hundredths]
6) Change pan [track] [hundredths]
7) Combine/split [track] [?track]
8) Effects...
9) Quit
1) Apply gain [track] [hundredths]
2) Apply pan [track] [hundredths]
3) Echo [track] [delay in samples]
4) Add silence [track] [number of samples]
5) Cancel
1) New track...
2) Import track
3) Export...
4) List tracks
5) Change gain [track] [hundredths]
6) Change pan [track] [hundredths]
7) Combine/split [track] [?track]
8) Effects...
9) Quit
1) Apply gain [track] [hundredths]
2) Apply pan [track] [hundredths]
3) Echo [track] [delay in samples]
4) Add silence [track] [number of samples]
5) Cancel
1) New track...
2) Import track
3) Export...
4) List tracks
5) Change gain [track] [hundredths]
6) Change pan [track] [hundredths]
7) Combine/split [track] [?track]
8) Effects...
9) Quit
1) New track...
2) Import track
3) Export...
4) List tracks
5) Change gain [track] [hundredths]
6) Change pan [track] [hundredths]
7) Combine/split [track] [?track]
8) Effects...
9) Quit
1) Uncompressed 32-bit signed
2) Compressed 4-bit
3) Compressed 8-bit
4) Cancel
@  dua.         @     A(j*j*      bf[x_Zg16 3EN
mMI\I\{n46?>_3<<gi/4"GiOl||Q.=3	]	]1LT<K5'FL)3MGuz!olH!O|mSf\KRz!^PF83UT&3YO~?0>sA6`I
3[w4[7u7ukKbq4wz<<n}u	,	h- ''2~moN;	8U0 "B61J1J%|yFO3:1}A _Uf2v5l>6*]=#]/S]14z}5^w]IL_Ud"fT'Fh[x1Id.WooQWBvU8Y7&-o&"j}LN=NdsIJHDp&/&T=WSu^Blk(Dk(DKZP4YcjHQwjHQw:AZzI+PIpi6oH=b&2y>L)*&IiShx y l l>}f|Z/0Q`eLSs(@!mF=$yyHWHW60& YU,]:e$;f\Rg#)HTNY9\rv`^/7w]7@>Sv4	3	,^-tb4q@W   <	P:yq14yxnnNR_F5NXMLIPqD@:>u7$AT5< \ ^{8@?Wd7n1hSIC)VCCl Ng_S'2N}(#9j7SSs`BC#H 4,@$`b9KaBk3(Dv6)y=MY0I=Y0I= oWyC$Enqc7a'vvq1U%2eERAxUqZ_I]I]9 jtZ9kFxF6pT[4k|^ )@<*{9_NNW/F \F \s~}) L$xW3cHzdvr')Z2	_	f<lsUK|V[j&[C5N'9]nc#uBXV(R7y^uj^u*
i^/>3V]AE-KOusL
LJ%!lw' oE%X5-4v\CBeO|eO|gyoy+3Z#L+_'a~@^s!^@\aB$B.p/.<>P[u}>Wp_'AWrHlY!4HO=^vvvIU^11!mB;/ pJ\7|g(NX=u0WG74xdkE2y
O^/f>bCCJNo}}}}s*{kldqsL4}1E9n]Q{?2'?7A>zmhF"LGX)0UbC{[GSaSalEm~CoV#,ae8v
)L
)LM;/ 5x o oXwQl`97pyCEeDIkFS&HSYzJysWH`^aV~-Zr/\Nuy> x4TWXP4<A f2FNNH	9g{N(2oNa]77.%9Nj,	cTs"(BOnM\C9#z><IJ_ F F
O*t*/L?F,G5=|E%R1GP8H6pv6pv:oGO}5<m* K'   !|QSlSR[8.$|<N-+nt(4,jj+#5s`}<) 8%u6[-K>RKYTYT>HH6vhFvhF3,0F28F28sGUOV78LUMu"^v(4<.+<7yw?h;PGPGU		
/Kpte:3`*u&]Nq	6wV{^K`]!~w=iZTI`CUyM'j:p*JBidFtI>a2E>3EY=:S|)WRuXG{JL=RrGPTEWrt+ b
 ]o8G5G/BpDRvV)X=e"f.fEEEE"AV<B"-2CC>T^`\-y"KL)S5Qm4%TS	RCm^K1c++W(gK0u_5Pl@dl@d@ .5ZXM6ZXY`Y 0MmN"Wk-]5][(mauq&oJ_&:}d{\d{\NeNez&{xPqJgCji
=#0&;.1f.F]jC2fGYU!P/9]]6bfPoiIgD$'iXV
O^
O^ %mkY^%: &Fs0L   =X9a`,v;H4iNR fp$rl 7MD=y0:xJ=lq}7(Y3_[k'B`]'%7x?R7\<>!R64kYn/NX*)V|7H>OCpW1G9)8i_hNRX\/ |/ |i\~"G.C<"
yZZ/nZ/n^o{GQ$$^q~"RrI) !4iTb4{9e,zk@%ze#l|7G(7"	G  8   r_#V?MB6N216X:@Y4+MES%a M_t M_t}x"d8{0JOeG''v*
[rQ>J L :YiOYiOUmQrv4~~v=}'_s A Kn=Yw3GE](ZLC) JX*h;x\1yx]Ovws	~.pEA8 ];E"XNXN-?\5b"{9oX>uIhDTC^ <7_u$wUw_+GbGkZ-n/Hg30U_!$Fj_.8gATC8 FDBE1)C	.n0<eD'/_D99I1wi^\F56+&^7Nk[<M&[?z=Jlf!T`yPIK'/_H`g`gnDx&]6&
ybi55Me k%xx@=U=5CX`hC&UT;]>O]X;
#rDx9CgyhbT]!Ic_w7vWTv"	C~n}UFn*8z(oN(oNHBHbO0KK@J11j6 	y .^0,mU-i1y)L)Un\%^4sO|VSzk`k`9];++"wTW[+:Wz`QOLdT%V!z	]BKUcu>zWBbY/m~GMxe}iJQN_;];]!8vfd X)|xOej?)g}lv*>XnXn\	r.Y@/P jH3FE	R	%%=j>*XbR\WZvvMwv&n )=a9cu:l}q\Agg";U	!_Iuil!V7	M l(J'R? 	+sY?}O}e\z&y+F@O+F@ODYRD|zwm' k?y@@/0`'@Rl|OTWOTWn'Sr.'(S,6W.xY@i.;		
;Qx5Hw
ZoWHi/d8Tv_NxrT#5eG"sFo\T5@GYF3&8:vRt)5u5ugpajrn")>.E	LS(r( >5\W.IKbOp}^pEbl3%I@c*t'X0>_X$W$:|-WW8_8L=xe!vtGZt<Zt<~+fy\	5d   -:E0e_&S-FPP#R,DVC=1l#pV)YL 2~O^~O^zay+ ^nOD45y"}HcEjL&{!uS%8_%8_|/UTO_)uIQOWOW)9^	8I6`O]gnaaPTPT0gHgl#1TA<[~nFwgvI^+)<V<APFg&V?W?W4ORRUVy6,:\Qe)UPo4\8,cWq.&&t9M#0l$~^_2c9Y8-(6}<*xKr(p^m~F\fV8]y%{s)v?   )gUtVZ-(HOGt/&/lPl./zI+MbZy7*Y%.ie4F'OYaM3!"50uZGU p;g0&2 I.x^OKoE>0<7<
e6x\f6x[g)k8YU{-S7S7#hL!AcrU0t(3L,1nc{@Cpk/xyltlt1EYn`_n`_B&pD2}fcc>O,P2I\`}`}vxY@omY@omuO-\?>t'"SFnx)b	GAVex=x=k2\]oxFEp H).eSC!:hZ}FNs4t^Sw,\0V0VnPP3UWc/H[{`]1!QsdKiT7\m@T@Tr
rW~t
Vr$oo |3c`FyPvhF   S+A0t_}3!L9h.yBkZV-LZ(GHkr@mU417#anG@fB28E^m/&Q[&!gfj`b&1= ]\4MEuR ?E2V%*Q{47;I_TlH:QP)_QBz /N /NQItgPegEy8$Y)*5e- )
7gVx@pMooi%iNe^Desl#o-}pX`<3W[o	|w[@+%8X98	t	`9~U^Q!v!v'D'D.85NJt=3>^c>!8;(}f_:=E~w^*bYWdPddPdCsiQ@Ome673F5KVELrw?o]bwgf0.@#y\lCE3&Oeo&5@[wkTx	1UY`:4oL5opInbY.ScB
{0{~hd0)@L    W]}+x@LX,E[p/c2OEM[pyK]s+
@oP<WOV-K*E^DSfFks=Wy)kCs   hOi#; LvqMefzk[h&[h&`ev"B"BED;_W\oH _-"W0je fTLTLa._zeP"UF&]@ 9F*0\eEV`^SnP'x{]8M|\I}
5:6O>u
[(YtV2~4)E> rA_wA_wUw{(X8>?nUD?!dBV 6c7\d7h(V& e& eU
(,.3EhCJ@fdlp   zPG<h6h0@LaV4>V4> B(sZ+|+s_.^[-/G6FT4mJjJyA(.ELjkJr|&T940P <<n^"_	]>$2B0=HQ%LqC1C1F1BP !`Na5{V{";?n^   l.'p"twqn6Y.OE>"A1ufT(%emH   
&*gqMvFd[2E!eUE!eU6d`U=bJHTD9])}w1n>&=_e3W$Tc[c[	;I`s,thENnZ>Z>X_lZMkV   E,?o0f881zhao4&uU* +<y[_GNh5h5=..x2)<sSPq*g7pbX8>DB* =2src~Pw}W)X9|p4J0Wb8?g4S9	bEM]k|M}P?lJ\k^   s
0#EG@O&jv,p|Xz   RJcNMPYR #Kqtw(xHOC[[)[+q7!E\/KxUSnG8(
.2 o>1&6!my]A1g8 PVO~.<8mYu3F5
;UEeLti)03MsfuSx_B-A@%,d=nal#IrR %#(/m8K({6V)*m^TERF]xz(vx\^yP=yP=0B;4S''vRCq9\6h0)@   \p_`u>`yYvLW   .[p@(PG0VSW[mQ"R$KR$Kfkfk. \SR<5~8_a)rU't tR$%Ur.M~JnL5      e -%lv@m54!!!!HfdaR	
b   av|;kO
5x-ijOmyWjl4a|+kD?6L{k#pooWyt4.VWzJ4titi}S-[_<!>u4DCVWx=>k   
CQ5vb   ph}	2M)#e7 /BiUZnYl   '>QNr]{Es9YfY$C|^JR$;ifs`=!?wp" ur|yy	=okh.z049sc(~	x!|@,Q.P&J2P      7]WKJ`}d7< %C"yv <.Oz^z/o~2.   2:2:0C~	mE>#~]*fyB"1-GX*PGcTn\   SV4bLu_*u_*a%?(K=}v>ha%Z[KV"oq   b/f@%sO?'      N3T:-11/G=wRZ_-iqfz s@w*kl'Kz*7bzOSsHDiIm;/   
7EA=WU csfQ0nd;NYoVY    &al   Q4(dlXE--KU5b2_:"6,jCiVWq19xuxu   tlfh#}	#"J	( \p1l?j]&{BXg=GHFFA_wvlWVxbG];dwt>%R[SJ}qaJbi      FF}=db{q&3   #9@	;Fl?U>   ~.	]72TTn ^?61+CNKWNKW[ 3|hXcO   lK~\|\|[   P(]pi7UTCP,o F+9-C:+[F+Z-!P^k*{ST}FcdUh|HlDm@$|OyL:n#n  lN{
F0NWy
Vp
CkqQ_$ ?	*Q   {4mbxht@6.GV5>m#g,
u<`LU      nnUA0)|$dr?-j}Ji2"VC6>\~*m{ #lp@j
/;yZn##Ty   08dNJd6b$)blh3_R
4HrE^2~a2:6#De-%%Q7      >m^NyIe.UululE8w6mEq`W"{kPA=1e   powcK9;VB   _Ir|   `)[w?8{<(:L   ??P9oK'   =:7 owR\r!$(G<\_8db+L gsjA-hN}rHT]r/r/5'R   Il&($K-Qq#7%':S&Lc7=;|=,xW@SGD:C:3G>J'WC:.>%\l*[1zH
)q   XnE2Vq2J7wPX809R    #U%%      c<c<V:y7%M.ug.ug`X`X$H
s,9|BbnkwE^\!7<QwF{2W'7 l`)1&[   27xig!&v   :gJbsQ]emEcY!c   wmz\m0E/i[xYYYxrf;hg,3qQ#E+L\v |m_)   f;c&s`E7   `qfMuEsKK^!9#
kH6SYH ~5r   W==      4;6Qg(E   |%r(a0\.v}M	5},/#W$ k'kq@wBA=&&	Y#aF4Gb]Ji   #960$/	BL9&L3Vrl.8%MtY iB,>&i	LfZGC/KG)pP?V9UeIZ   1-}Zc>=whhx   dq-*?z'LLTfOuVC{Q{)      %%@RpXpRHe4   {@Q1gF>67ns/+,F~
|9b.(/   _R~c   @s\N<^(,kjBBlNGNK'^x^xU:n*   re!NcAK5-EjFZP?U
>cZk   }dvl9I=~7I   /+%D PJW>nA/\!!0E|HD5X?iqG"L=zi52}h$!,rYU7;7;eRJF3ROK#98AooiQR8!yn8;fl9RO-zn+d|b4; %<jr    xkRBe6mankr1E3,ji LDJHf?>9J8gPN7qHG!H	x   q:%rom5ZX\'+^QpV)%B|3   I@WQzz]`]`   (_w37K{rRrf6ev$b_$9HW. 7]7^Mq`lx	ge*5/x@iE %S'GEQ+h   W1   T#^	(Q BWUL#w   gqKhqC;q`Ykk{Epm;k)V@Y
O7AzPap?"}U}U_      pFSm;<:2'taT/H[   R>@g?I%$B]5^;   X(RoccSco|G@
AZjsjLW   lw	)1YhZZYhZZQ~can4w	      >Viz6u7`52sM%#~}7Ld8Kd8G+{{?0R	<d /Hy      ]`#l|$j6]w} ^/F	[6k   _0V_9++H{\-v.7b| >/gxf;Y7-X&@#C ~&` !|Q:2XLs   O j&8R^?   UbX\eB8=?$2p<;\O2pN3Pu   A0eOTTU!1]<.Ch2Y   ~5$,uP;:z(D$ 9$ 9->RUqUqY:Y:Fpwi&tH-#}n8%{Hf:69|gLX,7      $YP-@V
A"x9:^jwdm1_>h8i[wWPN
N

'$<haFFj~hg%#^9QRPKKmfu}B]!UBbDs   KJ5_SBq#   f*tx
a:!sHF_)   _jo|A/aA
S3"S{ms/(P6augXjV7S`      FzzztK!]Ck]=[lF$D_U"{Z:Z:29%o6zjATn^X)a>kR3=E   rp$]5;R{A?A$   Kf:eGb@f
V,m^U}U%Rf\$      3VZJtrU   0_HfnrECCzSS#>B@4 _Ea2   ,l}z'&5/,t   -j=1]CY^   3\R\H)E)H	<_q|<Wg3#jUc'e]   G9+jHP)p      )*=r#;h), SZk   -Ei5BF0u0u+#:8   1f&~hdKNIcpZZ0saZN[xU   *eniQZ
p41dq_Kk~&DD^;3
"w3V1vK      :378]'!}Uf   Kmt$#"aU   |[l[/\/4$xuE	T5/(?\;0N*.#|N   XeAahkW7ee~>r7M&~Lx7WbW25f&H`. Zh!];|fMV5      }JM9:IXQS94   ^S~.NLNr*i)?&_ k5zhz>u3H(Ex?Sf'   4@L+[r)l(&|dfs-X=3MfUO$YH=iGx;?`WB)wD?ni= NONOy@dD'Pu   ] 3GCN(bO   #9i'CTW6DT&w1MaafvO   jg+8CqP	NS6faqc~w      z*-YK(      6
49L
i085   MfGJCFUell;>R5   |8>-   #<@-Qbeuf]6F2?Wz^,	x }G(FSWAlWm\=aZub^    m	HVS5IY|6   3G-XH   m$Wt_YbCyo>Ws()n>]z   ?2uAb:N      <|=Yo5+f/v   k68k8<meroL $(K43   0|4OyO=v1n/P.&KV
*?kqeYHS}Rm2Qx8M,#3D }p*   M@Ns;KJDD6Glu   I,)X!gX".nGs0:   	-vT90@  <ejD__~*6@H6lO#y#   ldRQKjcD
G~?<B`-~nn+MD]_E%   Zh'mPPG[5m   ges:+ lFF   3s? ;8B UB
?G^S|FaGc)4&*zX4m[+_LV]88:9ElA`bgG,   w%|S6F^p{
78jf   AllTNmZR   .g8`"TCS      &&)z,Ci%~=\r@i@iM<fa@R@R      L)1L)199q<p   a*`GtuDF]wb.DvK/*7WD
<   `rMg4:_>   }AkVv@   |Y{4R      )]Rhh!cM:   oljI(pPQ ]##@5   6 X~8p~Lr:6{E   /!j-P,bO"2*}:   ?h![)   $YtJnZ+=T      N&Dy:7cR-*R-*J?:@?kB	2      d{0w'Udvgt?   9iP=KBl?hGC%pSsAbj
   msi1gbe%7c   i;G@'M{   W<,}Hg'Gx   }>J _y]L)w)R1D<e+(2j&*;(   b/nAuQ~j mFe$Wz"4B>	5z>VZB9@E7   c}?n~?nxR6$U46m,%8mA9=s2RH"2K?913t>P   >0H)Pt@Yj d6&?&v:{|P).x<d   9uy.*'7 7 ^A/      Wo>	}hwQ:   $3?hJP&'|      )p?Q!72=W!{,V(dc$>x`~avAY,l'r2qFt+c   ]Cg0sI3cvS'   ,z;]aw   '.[bEr)   Mz.}?      
Xj*a.6N
   {y'XRAgk4n Zr$4<Hej=j=E[_~E%/UN   api'MMMs b      fe(18B   UviW1 VZE   Lho>uD*T%BHBU4@E=
sL/2!,+bR|5R|5hgjC;B44m/)      P|CSoL8}Er_P_   .p@Erdt*| }c      io~4 .>_      kThq`   /Y@Y:R8:dB+pqM   /p*WW<?p6 F*   FhcYIrOwCD;V
z/mh(1RXzYdR26g/
V;SD|q>#[#{   E=nIf+iQ$-{Ft{3W   S1:SJjKk{$aE      |T U$|DCeB9t|	H<]<TW83F.`Y$ x9e#
`ZwCf>lLbAUh,_t:~   nroNYIv8@1&zr|=;TyM_   NFvFQ$      [`BF T;;QZ6 6 '
R\BX      ~hA~NUNUy   L#vNuNZ[k%MbTwmw.)TsPrj       e6(K`4O   {YHl.)ZFL_'0#Z3UDN8Ss0k&l Un`T   O_}B,fXMH   zP	{qe|<k   o!wCW?D%H*   >IJ      <oCB   z!pd-w-w*cq[(~_   Bpo[UsK#K`hR0EZ#zIc,0\xy: @Nb+IDEDQ}f   9$i12Al{nIm9:{`FHZ%'}`k{   G=h
?9haaSf.b[g,`   3
X	1`Nh	aP5 `cU6'n.UG:X   D\'pW/]<v)`
,GH   >&OP|wB\{    my278s)l18Y/2WV<hP+hu!$7:   IW$Q?JJ
('TvxO'`j "KS45$.Eop:`^/ElJ)K3Qju]Qk04}   {WC+w#/Xst>`edU]'{w%U'|9r4m?D<:VdnPwxzXnOnTUB   u/1?*cB72~==|}y.|AW;Oi5 Jf@*sxN    ^;/NjF^.">S-k7K*nC~vw<3
/lC6;Jb	Hi''|l+,JA0NDf<*h#m1F5_K4`,OX   "_a?nktiI6X.JURV2>.vu84 wW!QS5jtp]"_3,1]74\/iU_kW(;Jcp>3<i*87Fv5RUf]J;4i:   VJA;v?xFBxO+rrL8G=a+	~{q%]|qW0/%J4 X9y>*	fwigV-obwpR!XN>AfXm	Gk]LmvfO]BrMbt&swR2q*%    fTnly"kvq95o#lx*a 5&l7o\.(ay#fYF/1F<   UUt<^4SCysxd,]'14 [3aWW*	7VZ:w3qh<anuH_2oDjW]{_@)k#9qJ {?>n z!O^przK300q 7?NK:
7.S</9Xk"(/t=\
Q*@#1`s ex,sZo"m/   G:?7!
   i^r#P%3
4qt   -SwLX hgF=Q |   +L?uzB IkhZ	{?A
lgD$b]L:\'
7R2!>   J_&{i9UdRv=?fG@6&ii{!<:0rb,TwbGg,[   Mhg5\B,l:kqC<n{tT9b{`d&$kK]LY,u]ufNjtL'D|3AES-!VPcD0C1
jW4O2"?A~7Zx`gQ$~ )LM
<f>jS   %j6^>U#GRwA(^J+tg0["*^A!@   a4r=.F+   JAEQD:=(+T^8 Cng&AS5O$^Z6[N:wXz
)9^;^,a@\jVU':CKD_GM1~pcd$VQJS>KCX
fa r}"   S>hbh+&d+"Xf<ieAG~!l4?@B,!P16-O]DbU-tK8C5H>UgN9k=`:lqX-!Qp},:	*pP$&aH%;q_,b   GKk|m;&5[<5LXbNd@MA5
FW	   k=s(1m*s*p   >BU?]Tm4kwj3=HL%*W&7o`KbT;/HW!R?ju~H",`?Uw[h@xUfZv<p`G%&qda6_sFRGNBX<F.zw]	+XH6   sQnN$+}*h M\~u'T.)i2Vt&\{jtxEU9p+f (Q3* _b=);ZL2h]v@N9WRXk%cNq$)PQw#?5+.	Y   cjtLtXi   E{{zPfb_+! (UcAl   ~LJ
H[4\$v'@<(K%VW;rP%'kB~Q9'EF'\E   F#X+X:W9Np8#J^@X{c
7~W{TKc   X5%`rTj%`A<tBIlj6%S   #Q0d@} }Lg[F,*Y'?N3%ZzCY   /UUtA0Q5IQ8f3   `K	V('us%dV7_` +>+Gdcj	P e|Z	yyi^~dZ	$KJj)   mr~BB#`N&2"$V
y\]nsnRQ=F)(p+.   ;+aB*d
$[X	CP	]kZ7c
Mq\H t &XSgI7lXG*^rCPu&E0vQ@<kiO]	YAK?   5@|X3sq!\RYN$g3x	<mwq^c~W:~d
OT+5l0-{V"<u]/ sIc>DG Qj868QF4yfyIq_1TUTtdUa(JJ%lP#   K8@   622 i_h#:$hG9Mo&sjJ   u8-
k$ B5S).a-P_-   U~s&>+	M@B7Pb2qmH0;@K%*8zrSpU\Jp:8^%   x`1RRA<+[v ^/aV@yp#
&=]oj]q& r   6ik--7p{-x b-[j0#i12p>.fjp]#;UJ1i"i #<uLSdSC&axin16xPLSw}jG^;pY3y0AkAV%F	a}3=[yx{9^rm>7?   Ug\R;r[9l#b<<*&fyn[LV}H,'7kN=	3:r5{	}__sGd'`)wc2/;E|7V(d   cN8'_|1g Fh+Nd1[~~sTg8s7xA<n:iza   c0(
XpEw=E.{WZsS*#[u-Y&WcNk%Wk
x0fgyTz:VuB>Yv2!<&Zw;5rm   S]Aq/[qKD-	mjG-bB.F	K!;tu>Q#^RSs<'%{qczssZ%+vOhO0W   KT<0>tDn]&0`}2itYnMMo"t}%@   7v)}CtmWfPO&*q00S1\sbEo8,Jx J/S
CemO2g   Y~_WPw[dYum[H[I@+   M)Z?Eb"CzhC   UDj-n*+qRU\?cb3i8uT0N6;ZpxO*rF)DtP/Z~y-Kg/tR4lMH5y,/'F   t?Yzui#rm.F}SU\   `s!+k'(Sb)|R   8
(Bj@X4`!yd7Kw!n(0Z
TLwlZalU'?)6vGfLVrt1Z vF1~-$h!G,"GG0GcohQ>v   xn<n*?1V^_i#_u1dfsEd;3;NM0o
xd1<kQo^j1
_ aj7g
'2a),5   `1,r<g2:*AckQ	]FQxH!-h N#>J!-]B6K]Rp'2;]11j}	rFi}9   Z`|PC}<lJ   jvxpmJL0jKEkD]c{   7N>8'zE	vJDZ>B~1-v[9_>-$h4xCT9]   EORBY)/
5B07|^B=GCPMPgP	;#{_   	$;6gVC'^^7'^n>PoL1ge	u	Vi;Ow`%ReL~-UfBze-=pg=u]UX_sgc}BJ)`^-qL ^	   PZ$nQ2n*%y:{2!:t0 }PKDu_UW7qDb^^z 2]s wllVDGdZ-!o   4J6IxpcFE&K-iZ(%?{\?24O5.C	6fA7Mz; 47V!|$_SIHU*X}1LUk-N*z8	#`,_E^2P *   FOC}<]CLom)p`"2/FB]#]qb"aPkUkwtf{{   9IcZs]q P>9z
Kl^c`z6?f# /p57:'2s   OU}Ir$w\go$j-M.F@-c+
@%0<>&*&-|W   x(k^opwQH:!3Pjs)`RJ@TC   ~N,U\}T^@njok=T=3{V"m:J3_R=
qOBc21>c/nP#|B,dM= 4Zz=D{ -[l,F&*V+6&"PiqH|TeZGy	31M>uL&wt4lE/aw)n_0<`gmmP
:51Ly(W   ?zk]Q-}m8~oj6KNli1rgJTZEa7^>Kw`tID>^Zvj)n[Y^A?4n   qzE)E%fX2%%$M3POy,d,`Yc-N{U/FQz   *5I\(4X5X/Zd'
"?;n( pm~O<y^<_}wh&Q,T[|RsFi3>giZX0`X?WxE&1>*VidwwHCB5Y tmE-K~$SWm7{aWG\,@|OKiZ$2WE2NdweQ` l5   OMg9RPFAnmM;o15A"Y@
W~&G%D:bxQcuK[.SbW	BT}=x   "]l(PcZBPAqU@L;xH%)UI)+2s{9g
gAfE.$]u_	Ah2^$S^kUo"qr &}Nm C`=&<Wb)x<TK8NA;n\9+>9kmQ^6cf!P@[[Yb(y7o<PJ^0XD0u[c0[ %WSn~J0'GFxU^(Y;{]ollTV5dBO!A^\R[If	01GVi)i   ylz?sk9m;I]<F:5@ >C"Ju-*daz40CojmsN>Nww#8V(^aH`i[Wbg"sSQ)z^Vh   `:wACBb/(t   7Y=UJR#'kkXhSfGfc$!QU%U :#:;X:83n !Id?)Stip6x*FU+DD4wBWj>c\av2STB}hy-,2p5XVs.c~/w@@+{VzY1X`AJ]5jb4MPj1:KCd=9hq4)_\_rtD vE6)>kK;$ZqQ= +&>wP/[JAGD ,nq3R !!RC|&`@u"a3F3$=TY{iI<%Y~)<=|]hY*XqE^.z2{%f]D      5lP'3&e   .u` clFnS:B4wlDB8z{
&3CTG"dc	6NPWFtBux 3?
gUrD2+)t=\\p!1fq^WOd"SFbcIENMXkNA   HG]Ue]!Qw!E/HQ2u!Vuj,T;hK UBgwYTpEUM9   oAv]7m=3[aOLr/CwS=\utSa4nJsU1>&zFqsj=C[uWC   Yx|p7%`ik*kWs?[aIRJlFr]N1e   :{ ;M:7`vZ   Fm{pJdo$m9\Y   k@m0U$7-G^yrCg#"c">/"d0sOq+&N
J+"[<5dw8zF]|*bN\DQC:wBM,`B&%]eo~#=
7)$*~JVrrmN)7K}BMh'*&0|LqJ>R   @Wu8,#_ h/F[ lxKEffn2fICd4p.>	d%B!B<yj
XP(*=>Nne   	+~'[	'fRD4E8] g:|0BW	,'[E|      D`Z
Ah5<:wo   Lijd#()\\17.	]ICAC$JSrJ?CC$a~^/&>	j.>{R(G   >'[r^Q0'g;*/K)9g1=#\KVKlw:u2mo](7,v;7psB(l6BEzJ?EO(blS$1?GM(>	}~SgyM~'I50-7[
|B[

`X[I)?UUl   UP00~fQ&Bj<ihHF]&`JRmP;o}?   ;H'[ ~0^C>*Ko:YDZQdZ]lc?c6pR@Q*_cx=C$'gbVedgKom9)KS   zfy i}yC[   p2 f1uu4FBD7D~L]2XBn amQ3M:J9}}AQ
|CDy.d;]6Bf'.~DBhG60iyb8hsk5C$bv;wdxs6lI9/mw   y_ H*}
jbh   #/CL\G93Akpbi`DFmx
7?^WG{)NkJ|(}<   Lk+BJ"$   :`_U:\u3/p9INY   RKu5u:0-Z{Y[_It1e5\5'g?^y8XZoKBu4ihAyrBD}MPz-nj:XR8/[Wp/'%nAE;8DA?pIdH]95?*;x~<d /SMxWXnXe R sMs%f4j{o" iK;HC {`d41hV)S~><iZQf0><X9f:$+F   .	$?P'F1[i"Vt4?"bNX+~\l}.?,|AHHyB_:3+PR-Y]nA_q\EvJ9!V[R3||>C$ SpG2^	ts?$	<=5Yh$*zd+R#kbR/   AcH3vvYv+eiw>   ,I%!TvU(g6NZp[@5]vl)z7 }6sa~1Y!#lWEOJ   aljFIzeJ+B`-4HiJX888Pm	vV:P@$K"/V^m` W<)!g'6 *I^V%OQB(%V2/v :z>gy]%zJHfy_
ssOk_Q
iAKvm aX`(sk;W@kXEryOOu^   h^/I=1q.woA=26MJLY=   /s nF.n   sRG+3!o7=W%CZ;s>zz+os:	.VPs+TI{2Q[r;*s},_Q:V/ARbIbuj$u4
up9F\ds3$Z+[&}|g0e!m*jWL(&4h_#,>cLbeBi#F"n(6   ^x&xfS-(X,fY49~<qeH`,_p 7j+u9uNAdF   4:!VJy:!V   
.8-i2!.\jrT!^g   j1aY-:B&VTzII&v-y#|GO%p	Apzl"d|C$yr7Pgr*X`=;l!w+}D}AXaOj&o4   ^fiIH8ZL`l+J#'@??}   x|1,FDm9{s}5qCD'[b   ;xx]+W(MkR/`CC$;?>EOQ((\.(sEz)rf   8):!V%}fHkQ,~6o QaKX.tL	)PRY^G   ~fqRd-QWKK	e<xb9%zQaEEv33F{!2-qWl3    @YC$not{ Lm/uGP>pV2mjEs   Yw+x9Ww#/   1W4?3bDL$PWRY;wAM]s"abt941L"\   	E	((.O&A#.]]}7&9T5[2	`   ?e6C$n&a%   EUp%KlKn 7hXC,8j@bj~zc-C1`jIV
#inw3X|,%!~<-GP1.iPoT:s\
t1qJ*pI
|6#.	<QII-%[CW2~kc$5gwQYN@0W*8	:Lg_.ITj9_THJ=q*N bSA~SuN/}q1!An"eNzmqe7`KO::>T,&,wxaUN=ksI@4
~/Fj&)xgT/$D]/vd   	?q]PyF1a_&)}nmIO=&y&=tD?. ?`:) XO%nD{}   [L"aOgSm+`N*3-4 s[<B"O~M   $'@OF cftqfCbalVZS_-PSSsiu@tH!0 ajZH,kkd~i~Mdi:#OpR7j&:<7Tirn%Vc?>*-FP4QOqe/]dmXJ
Z   nMW"y\;O|K(8LJU;`SU^!,CN1exWVT-nzzj^q<ep~7xA~& hET*_SkhN0s7EJ[2RR|,L   GFvZw'1y`/s2z01tXK   ~6,@##|NkJvmOO*pZXW{qD   'nC$WTxBVY|oLiH
,M/O1 C$C$rwWG/<x^JV
nG@0$6HS	v LK\w      `^
0>w2K5\e1]De1hn   1}M;S]_%X2O,2%j_<<Ge\,.z?${1KP*MJvU'   ,Pu!e	XDr>h(NZ   )ZH4VT8xesqxH*)%*8y'fNkEVU7|z5VqrEw2Mn<'a9GedV`U#4OjeSW-=|q|{:0j8|   $onp+;INTL^u   >T&FG(Z-[=   Mm\F8   .fHvpt	C1n~HKfws9fbz-qT
NbheZGk3yRKv"]\g?aEj6qKnP26BH"fDqibhW4:0.Zvp`i>pNq930Jw   2,Z/DeJmvY#huIIALIHh
9x
;=wX0??JQ,84+4GfDv2po?n=[]}k]Gki,su({0sG)~>i.~w`(K   n	]uEiA_I#U^WPY_k$%B[VgntWx'Oqp}66kdREH3[#"wB4	Q K$Q6~bSY   q!N}7 hKR"yC$    @Pa;ht,{5xvf0e!*`a   MwV.efj6MdI;/^NNp]nqf+05d%0!^M22   t>x=rAH;:hu   s%J\k.Wu   $mQiCdy@Ttz\R<JIv	bF%Qo$AvAOIg'[NEx^+Erb%Y>8{N =;t2+d^;>e@e   %LgNbad-"@(U`i}g   @ hVVK(3 3&ciTG@<0jH Ei*   z4;
PS873Q^s/~   l.WgO?   ?_-yt>-xAar-G/thb7R8|owB}loGR#y%E3Pnx5t*lm<   4Z?p
5f&a3cXzR_   lt(qBY	w<TZr99jFyB:,m'bZKdj ~y:JNv   <h*+-p   quK)VxT6U   !R-{H~6H0d 0{.U>jt.0/KJn u #	f   }9$^7J@poHi~u}\
	*#zD='Dn`:p<4pZINICYN!9|rBxaNye@[   PB29,Q{ 9Y
wFxD=oQxirk\N#Z]x6sv h>>b	_p=0   A#(6fA&V
BC!
x$md3    V'{\f1?hA+Vh~IQ(o<WDw#:fb+78r`gAcPjq()tD   &O=PF
GOJ-
KCB	"G`!""AVzER&}w#Ya:(1G$uDQ;Phe'Y\-VnU	k<aKx    cdyYjCN.S*_:<AktY0OZa<^BUTW   .CYS-R-$Hbo$T}NpW>x@X< 9	g   >qF8r4[5^fWGe&%/MOT-j	.C=V   mvy!EUm-J 
	3`!d^6Ms{6B2F   ^?Q*UfmN{i;$Ge`)$   y8n g/{,_9lJ.4u'V9yQ=i	:|&0 	p:K~;H8J64vdr*2ic1(,H5+Y   X4;rV|;1q<#fz`i)#QoL<(t   vwMaZr   }I.Wjai|kbCF(9-!Q6o0QMO%,w3X   ^RIy1j*
q?\v_L&+
aaR'~)nWe{:GQ/{	5ii\h&{1k   o FD9vjw?J]XqiYZ   +3 [&9z! ~}w `>;9dd	Z.2cw,f<+?x^-0C{Vk6t:h%A[arep	$^u      |Z[`y1L=wCk'Qmw&F{b8U&sf   ?;?ZR2sP@M$~|oVztC@E-qwo9'PFs,DOyk2vTeaSW|GTos8F|      jE!uSW'\%(b   /(<a2
G0r{ LN5- v_X;Em	{'<Ag;xejk]U~NMv'hE+_CE%|]8|H*	Q:81EdQ:hpK&4)fS P   D?YlM<mIL	\i   k35Q   d{0,"c:/$U{qX   =.?qBuTypv.cO!v.cKDv.c"|&_oYo<]8   "t2p&5U?WbD.2?m\i1F}@m\1uNg&jN77k?<7ZZ]G#JK)rcJs~(hRLFMS#5;&13pI,6X&A}X.B'OZw2q )%XgT(   N$v.cv.cv.chhE;}=/<BXeBvX-Rf
   9
    W[9G+1W   }&v\;W?m\'6_SpZr@m\[0Z?5qMuCsn6[ 57my08z;SQ7&F:u  RHib13|hI./:MLFu9X IF"EF<Em'UY Nv.cjE`v.cmSK|:?kJ,e[)Q-(N7 B   |.
 @Q6X,#dTw?m\?m\%73}o
1e+&1z6`;"1Q	A)*#K8{.Bwnshez&Dm;uN?2@15{gMz9sZ8.*Sw 1;k#$a%B!Gbp-[@n4!7\#I{mK'$VAJV/7v./4o'!=_"~,TdD?$_}$R^s6	
:Qb\?{uG%2J1.bE/ct<}:M?1`E)y~dat*XH[qJ8E.{'%RJ8@;/b,85(! } 5u}eur*s+=kDr1}T6kRb^X+iRv%M*r1
+<f%}k?U^+/}@AG/`J4EIPyVDsCBZD_&;e(`Ulei$&2WA>
J152r0e`>5IM-p:=}^eST+mA\e+h*+p*zKca>ENHB-C]D<=Vx? b3[n1"$#V	wjy4wl-}uoZO>.o %3QbB7F<U)Nh 5
})lW_SH'IdLrVFf9Wi
KO~~Ln}Lc&^v'K< 5'_$-/I0Y1$JZbjI)9RFE@:4E
#'WU(Jf6Y%M2X?P   <eeRj/d?Ti%R\9G#[bhfs --,hv,L&S`QR7}3_R5RagOv\Ip1Ld,vL@z2ISA*=		4rU)L>Pn` 9,f,Ggy0&bd<<"^@X}&	oM{&m 
!*3Lt]   %xk'@zZ[
%IA35H66^6"Fn)r.JL_1` g1X{<N&RnP}%0Z1v)183v_R+L6
Wq1%>1PZ1
4l(.)5M+ ^4:}m0]W6broT6@|c76E$O}S8N nnU"z|   4bK<r~al`;
gB$.$iZn$(W4^*Z1mx5Wj    Y~$AM:
]7J6Zu?KM|+@[%LL295
OX2L3DP.%BL5YKQ4J{.9to/k%L!W?m6Z84bzYMiayR p> 9S?do:
XN	E']5vF",!/<K~hG'!4%v/OD0; 6ZO5&Y.5:1+b@g %
   {F	9]DGE!;$a/jj~AcxQ"<:d_#ULJ?;TXzx;4:2/[)%1kszBvQ*9^K`6Tn"Pj`&.FEH#,~>uK@$	A85!h	W*AJ!_*T9u8!EJXj6|hC=y(NPS::(Ya:
@cbx7(M9RNyMv;J;X@&p<t]$7DVU VM>}i.b{=Q>CBvzS#5[{#1X~7[A}IgZ WPV3/-<G1* `H)@ -NE"'!u#{h\dGfY4":wXoBow.YK3,t{;U+$<D(OzU;^E^'VV3?+^l\J.`20+1}u~2F+>~Mb&B,X5lfiib\ Q7391SnS_s=3saa7n5c^0+yy|w)gT(6),bg+^^ }Zq6`Mkc:IPk8t-<G;Sfa<.V-V5J-dVGO|ku.,2~u3q}	$	JpX=3*5pEHf:G1DPxQ0&jK&lP#\;Olur6wgUDHCzn}%)6D8
/)!+0Y1&yUVlzS'?X@GI?|]b<ue|>?,.*|O   >*GahCDN9tMS;#Vt3k],:W1m_@8}uR~~+v=
bpT#<:j3VK=^.F+}K35;hFWIKH]+L7;JYZ5IrYVNH) _\$S*>!l [/0.A=En0DQGP~a3[OC;cQ9:qPN9#Kx*&,#q    ["      st
y52.RVbl[8z}|K_H~"'}r3`zxG:>R:&{.|Ik\-;KD7^+!,Mcm&=X7275LVmjTG|qe*bt:   l$   j   f:x_|),_@poxt?m\$hU#sX'^}wLr7
%{k	j30	hX<3%8	>$1d^0hA0 .".0Wz4$\X!=KJBcf?$7JCjBA&,OL&*	=u*v.c6]j?ATNvw.#oh"dUK|P/apt9T4ZC9m[qL:oYXa	c%6Jp\ 	41,!>0 T2,#XnHq!eR$	`lw0^NbL%oFC#$Bx`&`'BY   Q;   Q&^X)gLb?v.cA$0b[v.csba!VI'      EQ   `i   =      W
0x?m\|n1`@m\:GnZ pU^d?XO_OE poc"6Cb}* tE[n4$ kvSQOTB!      H/gp "M`v.csSlb(=+IGythM7}U6x67H   UD?>wWwKK=]JhN^cH30y810uvA
vp8K"appo
-q'  DpWJqI!`iqwfD7g25b(RF8="C/A5uO[vd|v mwIO&Y 7uw&Gm'RiDN'pLFi   3oM   "V%:6i7)6B7u]zk6o?	{Kf[;         xH3A1p +pU_O.#E9KK#K O>O>RB#KE.B#J-.A?B#]j*N-A?B#w.9uw.9uw.	sw.	sw.	sw.	sw.	sw.w.w.w.R_bR_b^@m@m@m@m@mAmAm'99999K#K #K #K #K O>ZAO>KE.B#.A?B#\#J-.A?B#]j*N?B#9uw.	sw.	sw.	sw.	sw.w.w.w.w.w.w.@m@mH$C@mO&Am^Am9999K#K #K #K #K #K ',O>,O>.A?B#.A?B#\#J-?B#|k1*NQB#	sw.	sw.	sw.w.w.w.w.w.w.9uw.	sw.v!v!@m@mFC~&@m^Am99KK#K #K #K #K ''99,O>,O>?B#?B#RB#RB#QB#QB#w.w.w.w.w.w.w.9uw.	sw.	sw.	sw.v!v!~&@m^@m$C^@m^AmK#K #K #K #K #K '9999,O>;O>O>RB#RB#RB#RB#KE.B#KE.B#w.w.w.w.9uw.9uw.	sw.	sw.	sw.	sw.w."jR_b^@m^@m$C@mAm#K #K #K ''99999KO>O>RB#RB#~J-KE.B#.A?B#-A?B#-A?B#w.w.9uw.	sw.	sw.	sw.	sw.	sw.w.w.w.R_bR_b^@m@mH$C@m&SAm#K ''9999KK#K #K O>O>KE.B#KE.B#\#J-.A?B#]j*N-A?B#?B#9uw.	sw.	sw.	sw.	sw.w.w.w.w.w.w.R_b@m@m@m@m&S&Am99999K#K #K #K #K #K ZAO>,O>.A?B#.A?B#\#J-.A?B#q	C*N?B#	sw.	sw.	sw.	sw.w.w.w.w.w.w.9uw.9uw.v!v!@m@m~&@m~&@m^Am^Am99KK#K #K #K #K ''9,O>,O>.A?B#.A?B#tJ-RB#|k1*NQB#	sw.	sw.w.w.w.w.w.w.9uw.	sw.	sw.v!v!@m~&@m^@m^@m^@m^Am^AmKK#K #K #K #K ''999,O>;O>?B#RB#~J-RB#|k1*NKE.B#w.w.w.w.w.9uw.9uw.	sw.	sw.	sw.	sw.v!"j^@m^@m$C^@m^@mAmAm#K #K #K #K '99999KO>O>JpJp%bw:Gp?S	Dw*)p/C2i2iKK''SSM^M^??qnK;e?/Ms?YuX?	[m&	[m&4:$[m&4:$[m&)5[m&)5[m&EP[m&EP[m&([m&([m&[m&[m&JpJpJpGpw*)pw*)po/an	D?Cp2iK''SSSM^/C/C2ie?e?
onK;X?[X?uhh?4:$[m&)5[m&)5[m&)5[m&EP[m&EP[m&([m&([m&[m&[m&	[m&JpGpGpw*)pw*)p?Cp?Cp/p/p''SSM^M^/C/C2i2iKMs?X?nK;hh?7hh?=8Bu?)5[m&EP[m&EP[m&EP[m&([m&[m&[m&	[m&	[m&	[m&4:$[m&w*)pw*)pV,?Cp?Cp/pc:V
pc:V
pc:V
pSSM^/C/C/C2i2iKK'X?hh?%dnK;m?5 ?m-ue?EP[m&([m&([m&[m&[m&	[m&	[m&4:$[m&4:$[m&)5[m&)5[m&?Cp?Cp8s.,/pw:c:V
p	DJpJpM^/C/C2i2i2iK''SShh?m???,e?5MuMs?[m&[m&[m&	[m&	[m&4:$[m&4:$[m&)5[m&)5[m&EP[m&EP[m&/p/p~Z,c:V
p%bw:JpwJVB	DGp/C/C2i2iKK''St6X!&E6X!&E6X0N; <zH<64"H<64")}64"!64"+64"+64"+F64"+F64"CQ64"2*!*BboGzrG0CG<`s+'GNRBHAGaZ*@@@3jj!&E6XP6X0OOzzW@O!64"!64"+64"+64"+F64"CQ64"-G*64"-G*64"g864"!**zrG6GVz(0+'Gk
sAGlBHMG*@@33jjVVP6XP6X0O{vJu zXW@O+64"+64"+F64"CQ64"-G*64"g864"g864"g864"H<64"rQ*"*6G+'Go:0AGY*1srW&GPBHCboG@3jjjVVaZFk6XFk6X z z	JuXyd <%Zy864"^D64"64"r64"K%64"r64"r64"64"W'64"2&iA*j6&*4G4G9Gz@GGs'!G2BH`8GKLJ}?O O |?K H{
6X6X=\D$Juq )Od%Zp} <64"64"K%64"K%64"r64"64"W'64"W'64"!64"j6&*1&iA*'M*GG&!G&!G`8G`8G#G#G}?O |?|?K H{
uw
6XY66Xq )5UJu{Md< <;\DK%64"r64"r64"64"W'64"y864"!64"!64"y864"'M*a%*G&!G&!G_8GFzG#G#GNGNG|?K H{H{uwuw
KLJ{6Xl6X%ZruJumQhdL <<\Dr64"W'64"W'64"y864"!64"y864"y864"^D64"64"l*\S.*_8G_8G~0#GO>5sNG4G4G:Gz@GH{
uw

KLJ}?O l6X36XmQJuLy7d<\D  <p )W'64"!64"!64"y864"^D64"64"64"K%64"K%64"l*W'*#G#GR-0NGN>5s4GwCBHG'!Guw

KLJ}?O |?|?66X46X<\DL=\D=\Dp )q} <%Zy864"y864"^D64"64"r64"K%64"r64"r64"64"1/*2&iA*NGAboGA0~:G^(qsG FBHmG]4+oo7l)C}U6Xw$6Xw$6X#
e-r-rw9w9c164"c164"^  64"^  64">R64">R64"n64"t6-64">64"$,*w;*	R.G~:Gx%0YG"@s<GJ7BHYG7lo7l)]4+%$Q6X+v6X
e-r#Juw9w9[g^  64"^  64">R64"n64"t6-64"t6-64"g$64"g$64".(364"wHG*A*GlG.0<G/3sP (GSBH. Go))]4+%$6XZ6X\gw9BJu,d
eI#>R64"n64"t6-64">64"g$64".(364".(364">64"9864"F/*F/*g .GxGGGPdsGa\DBHA(GEUEUEU`3`3OpOpOp56X56XLj+Juj+d:6mQ <sF .64".64"64"64"<z,64"<z,64"9864"9864"&64"&64"y` *y` *GGGGA(GA(GQ^BH3G`3`3OpOp~ed~ed6X]6Xj+;6mhJu+^OEdsF C6 <sF 64"64"<z,64"9864"9864"9864"&64"&64"0N64"W*W*GGGA(G3G3G3G^a"G^a"GOpOpOp~ed~edEU]6X6X;6mDJutF d;r <L<z,64"9864"9864"&64"&64"0N64"0N64".64".64"3L@&*3L@&*A(GA(G1G03G]a"G^a"Gg .GxGGOpOp~ed~edEUEUEU`36X{g6XtF tF Ju;$dL9A <i+9864"&64"&64"0N64"0N64".64".64"64"64"4*4*3G3Gf50]a"G-sxGl2BHGG~edEUEU`3`3R6XR6X;;.Ldi+
 <:6m&64"0N64".64".64".64"64"64"<z,64"9864";@*;@*]a"G]a"G&0G!onsGa\DBHGEUEUEUiitt+1) New track...
2) Import track
3) Export...
4) List tracks
5) Change gain [track] [hundredths]
6) Change pan [track] [hundredths]
7) Combine/split [track] [?track]
8) Effects...
9) Quit
