1) New track...
2) Import track
3) Export...
4) List tracks
5) Change gain [track] [hundredths]
6) Change pan [track] [hundredths]
7) Combine/split [track] [?track]
8) Effects...
9) Quit
Invalid choice
1) New track...
2) Import track
3) Export...
4) List tracks
5) Change gain [track] [hundredths]
6) Change pan [track] [hundredths]
7) Combine/split [track] [?track]
8) Effects...
9) Quit
1) Silence [number of samples]
2) Sine Wave [number of samples] [HZ]
3) Square Wave [number of samples] [HZ]
4) White Noise [number of samples]
5) Cancel
1) New track...
2) Import track
3) Export...
4) List tracks
5) Change gain [track] [hundredths]
6) Change pan [track] [hundredths]
7) Combine/split [track] [?track]
8) Effects...
9) Quit
1) Apply gain [track] [hundredths]
2) Apply pan [track] [hundredths]
3) Echo [track] [delay in samples]
4) Add silence [track] [number of samples]
5) Cancel
1) New track...
2) Import track
3) Export...
4) List tracks
5) Change gain [track] [hundredths]
6) Change pan [track] [hundredths]
7) Combine/split [track] [?track]
8) Effects...
9) Quit
1) Apply gain [track] [hundredths]
2) Apply pan [track] [hundredths]
3) Echo [track] [delay in samples]
4) Add silence [track] [number of samples]
5) Cancel
1) New track...
2) Import track
3) Export...
4) List tracks
5) Change gain [track] [hundredths]
6) Change pan [track] [hundredths]
7) Combine/split [track] [?track]
8) Effects...
9) Quit
Invalid choice
1) New track...
2) Import track
3) Export...
4) List tracks
5) Change gain [track] [hundredths]
6) Change pan [track] [hundredths]
7) Combine/split [track] [?track]
8) Effects...
9) Quit
1) Silence [number of samples]
2) Sine Wave [number of samples] [HZ]
3) Square Wave [number of samples] [HZ]
4) White Noise [number of samples]
5) Cancel
1) New track...
2) Import track
3) Export...
4) List tracks
5) Change gain [track] [hundredths]
6) Change pan [track] [hundredths]
7) Combine/split [track] [?track]
8) Effects...
9) Quit
1) New track...
2) Import track
3) Export...
4) List tracks
5) Change gain [track] [hundredths]
6) Change pan [track] [hundredths]
7) Combine/split [track] [?track]
8) Effects...
9) Quit
1) New track...
2) Import track
3) Export...
4) List tracks
5) Change gain [track] [hundredths]
6) Change pan [track] [hundredths]
7) Combine/split [track] [?track]
8) Effects...
9) Quit
1) Silence [number of samples]
2) Sine Wave [number of samples] [HZ]
3) Square Wave [number of samples] [HZ]
4) White Noise [number of samples]
5) Cancel
1) New track...
2) Import track
3) Export...
4) List tracks
5) Change gain [track] [hundredths]
6) Change pan [track] [hundredths]
7) Combine/split [track] [?track]
8) Effects...
9) Quit
1) New track...
2) Import track
3) Export...
4) List tracks
5) Change gain [track] [hundredths]
6) Change pan [track] [hundredths]
7) Combine/split [track] [?track]
8) Effects...
9) Quit
1) Silence [number of samples]
2) Sine Wave [number of samples] [HZ]
3) Square Wave [number of samples] [HZ]
4) White Noise [number of samples]
5) Cancel
1) New track...
2) Import track
3) Export...
4) List tracks
5) Change gain [track] [hundredths]
6) Change pan [track] [hundredths]
7) Combine/split [track] [?track]
8) Effects...
9) Quit
1) New track...
2) Import track
3) Export...
4) List tracks
5) Change gain [track] [hundredths]
6) Change pan [track] [hundredths]
7) Combine/split [track] [?track]
8) Effects...
9) Quit
1) New track...
2) Import track
3) Export...
4) List tracks
5) Change gain [track] [hundredths]
6) Change pan [track] [hundredths]
7) Combine/split [track] [?track]
8) Effects...
9) Quit
1) New track...
2) Import track
3) Export...
4) List tracks
5) Change gain [track] [hundredths]
6) Change pan [track] [hundredths]
7) Combine/split [track] [?track]
8) Effects...
9) Quit
1) Silence [number of samples]
2) Sine Wave [number of samples] [HZ]
3) Square Wave [number of samples] [HZ]
4) White Noise [number of samples]
5) Cancel
1) New track...
2) Import track
3) Export...
4) List tracks
5) Change gain [track] [hundredths]
6) Change pan [track] [hundredths]
7) Combine/split [track] [?track]
8) Effects...
9) Quit
1) Silence [number of samples]
2) Sine Wave [number of samples] [HZ]
3) Square Wave [number of samples] [HZ]
4) White Noise [number of samples]
5) Cancel
1) New track...
2) Import track
3) Export...
4) List tracks
5) Change gain [track] [hundredths]
6) Change pan [track] [hundredths]
7) Combine/split [track] [?track]
8) Effects...
9) Quit
1) New track...
2) Import track
3) Export...
4) List tracks
5) Change gain [track] [hundredths]
6) Change pan [track] [hundredths]
7) Combine/split [track] [?track]
8) Effects...
9) Quit
1) mono samples=6997
3) stereo samples=6997
4) mono samples=2228
5) mono samples=6284
6) mono samples=2284
1) New track...
2) Import track
3) Export...
4) List tracks
5) Change gain [track] [hundredths]
6) Change pan [track] [hundredths]
7) Combine/split [track] [?track]
8) Effects...
9) Quit
1) mono samples=6997
3) stereo samples=6997
4) mono samples=2228
5) mono samples=6284
6) mono samples=2284
1) New track...
2) Import track
3) Export...
4) List tracks
5) Change gain [track] [hundredths]
6) Change pan [track] [hundredths]
7) Combine/split [track] [?track]
8) Effects...
9) Quit
1) New track...
2) Import track
3) Export...
4) List tracks
5) Change gain [track] [hundredths]
6) Change pan [track] [hundredths]
7) Combine/split [track] [?track]
8) Effects...
9) Quit
1) New track...
2) Import track
3) Export...
4) List tracks
5) Change gain [track] [hundredths]
6) Change pan [track] [hundredths]
7) Combine/split [track] [?track]
8) Effects...
9) Quit
1) Apply gain [track] [hundredths]
2) Apply pan [track] [hundredths]
3) Echo [track] [delay in samples]
4) Add silence [track] [number of samples]
5) Cancel
1) New track...
2) Import track
3) Export...
4) List tracks
5) Change gain [track] [hundredths]
6) Change pan [track] [hundredths]
7) Combine/split [track] [?track]
8) Effects...
9) Quit
1) New track...
2) Import track
3) Export...
4) List tracks
5) Change gain [track] [hundredths]
6) Change pan [track] [hundredths]
7) Combine/split [track] [?track]
8) Effects...
9) Quit
1) Silence [number of samples]
2) Sine Wave [number of samples] [HZ]
3) Square Wave [number of samples] [HZ]
4) White Noise [number of samples]
5) Cancel
1) New track...
2) Import track
3) Export...
4) List tracks
5) Change gain [track] [hundredths]
6) Change pan [track] [hundredths]
7) Combine/split [track] [?track]
8) Effects...
9) Quit
1) New track...
2) Import track
3) Export...
4) List tracks
5) Change gain [track] [hundredths]
6) Change pan [track] [hundredths]
7) Combine/split [track] [?track]
8) Effects...
9) Quit
1) New track...
2) Import track
3) Export...
4) List tracks
5) Change gain [track] [hundredths]
6) Change pan [track] [hundredths]
7) Combine/split [track] [?track]
8) Effects...
9) Quit
1) New track...
2) Import track
3) Export...
4) List tracks
5) Change gain [track] [hundredths]
6) Change pan [track] [hundredths]
7) Combine/split [track] [?track]
8) Effects...
9) Quit
3) mono samples=6997
4) mono samples=2228
5) mono samples=6997
6) mono samples=2284
7) mono samples=6997
8) mono samples=2841
9) mono samples=6997
1) New track...
2) Import track
3) Export...
4) List tracks
5) Change gain [track] [hundredths]
6) Change pan [track] [hundredths]
7) Combine/split [track] [?track]
8) Effects...
9) Quit
1) Silence [number of samples]
2) Sine Wave [number of samples] [HZ]
3) Square Wave [number of samples] [HZ]
4) White Noise [number of samples]
5) Cancel
1) New track...
2) Import track
3) Export...
4) List tracks
5) Change gain [track] [hundredths]
6) Change pan [track] [hundredths]
7) Combine/split [track] [?track]
8) Effects...
9) Quit
1) New track...
2) Import track
3) Export...
4) List tracks
5) Change gain [track] [hundredths]
6) Change pan [track] [hundredths]
7) Combine/split [track] [?track]
8) Effects...
9) Quit
1) New track...
2) Import track
3) Export...
4) List tracks
5) Change gain [track] [hundredths]
6) Change pan [track] [hundredths]
7) Combine/split [track] [?track]
8) Effects...
9) Quit
1) Silence [number of samples]
2) Sine Wave [number of samples] [HZ]
3) Square Wave [number of samples] [HZ]
4) White Noise [number of samples]
5) Cancel
1) New track...
2) Import track
3) Export...
4) List tracks
5) Change gain [track] [hundredths]
6) Change pan [track] [hundredths]
7) Combine/split [track] [?track]
8) Effects...
9) Quit
1) New track...
2) Import track
3) Export...
4) List tracks
5) Change gain [track] [hundredths]
6) Change pan [track] [hundredths]
7) Combine/split [track] [?track]
8) Effects...
9) Quit
1) Silence [number of samples]
2) Sine Wave [number of samples] [HZ]
3) Square Wave [number of samples] [HZ]
4) White Noise [number of samples]
5) Cancel
1) New track...
2) Import track
3) Export...
4) List tracks
5) Change gain [track] [hundredths]
6) Change pan [track] [hundredths]
7) Combine/split [track] [?track]
8) Effects...
9) Quit
1) Apply gain [track] [hundredths]
2) Apply pan [track] [hundredths]
3) Echo [track] [delay in samples]
4) Add silence [track] [number of samples]
5) Cancel
1) New track...
2) Import track
3) Export...
4) List tracks
5) Change gain [track] [hundredths]
6) Change pan [track] [hundredths]
7) Combine/split [track] [?track]
8) Effects...
9) Quit
1) Silence [number of samples]
2) Sine Wave [number of samples] [HZ]
3) Square Wave [number of samples] [HZ]
4) White Noise [number of samples]
5) Cancel
1) New track...
2) Import track
3) Export...
4) List tracks
5) Change gain [track] [hundredths]
6) Change pan [track] [hundredths]
7) Combine/split [track] [?track]
8) Effects...
9) Quit
1) New track...
2) Import track
3) Export...
4) List tracks
5) Change gain [track] [hundredths]
6) Change pan [track] [hundredths]
7) Combine/split [track] [?track]
8) Effects...
9) Quit
1) Silence [number of samples]
2) Sine Wave [number of samples] [HZ]
3) Square Wave [number of samples] [HZ]
4) White Noise [number of samples]
5) Cancel
1) New track...
2) Import track
3) Export...
4) List tracks
5) Change gain [track] [hundredths]
6) Change pan [track] [hundredths]
7) Combine/split [track] [?track]
8) Effects...
9) Quit
1) Apply gain [track] [hundredths]
2) Apply pan [track] [hundredths]
3) Echo [track] [delay in samples]
4) Add silence [track] [number of samples]
5) Cancel
1) New track...
2) Import track
3) Export...
4) List tracks
5) Change gain [track] [hundredths]
6) Change pan [track] [hundredths]
7) Combine/split [track] [?track]
8) Effects...
9) Quit
1) New track...
2) Import track
3) Export...
4) List tracks
5) Change gain [track] [hundredths]
6) Change pan [track] [hundredths]
7) Combine/split [track] [?track]
8) Effects...
9) Quit
1) Apply gain [track] [hundredths]
2) Apply pan [track] [hundredths]
3) Echo [track] [delay in samples]
4) Add silence [track] [number of samples]
5) Cancel
1) New track...
2) Import track
3) Export...
4) List tracks
5) Change gain [track] [hundredths]
6) Change pan [track] [hundredths]
7) Combine/split [track] [?track]
8) Effects...
9) Quit
1) New track...
2) Import track
3) Export...
4) List tracks
5) Change gain [track] [hundredths]
6) Change pan [track] [hundredths]
7) Combine/split [track] [?track]
8) Effects...
9) Quit
1) New track...
2) Import track
3) Export...
4) List tracks
5) Change gain [track] [hundredths]
6) Change pan [track] [hundredths]
7) Combine/split [track] [?track]
8) Effects...
9) Quit
3) mono samples=6997
4) mono samples=2228
5) mono samples=6997
6) mono samples=2284
7) mono samples=6997
8) mono samples=2841
9) mono samples=6997
10) mono samples=5464
11) mono samples=5310
12) mono samples=6429
13) mono samples=4141
14) mono samples=4783
1) New track...
2) Import track
3) Export...
4) List tracks
5) Change gain [track] [hundredths]
6) Change pan [track] [hundredths]
7) Combine/split [track] [?track]
8) Effects...
9) Quit
1) New track...
2) Import track
3) Export...
4) List tracks
5) Change gain [track] [hundredths]
6) Change pan [track] [hundredths]
7) Combine/split [track] [?track]
8) Effects...
9) Quit
1) New track...
2) Import track
3) Export...
4) List tracks
5) Change gain [track] [hundredths]
6) Change pan [track] [hundredths]
7) Combine/split [track] [?track]
8) Effects...
9) Quit
1) Silence [number of samples]
2) Sine Wave [number of samples] [HZ]
3) Square Wave [number of samples] [HZ]
4) White Noise [number of samples]
5) Cancel
1) New track...
2) Import track
3) Export...
4) List tracks
5) Change gain [track] [hundredths]
6) Change pan [track] [hundredths]
7) Combine/split [track] [?track]
8) Effects...
9) Quit
1) New track...
2) Import track
3) Export...
4) List tracks
5) Change gain [track] [hundredths]
6) Change pan [track] [hundredths]
7) Combine/split [track] [?track]
8) Effects...
9) Quit
1) Silence [number of samples]
2) Sine Wave [number of samples] [HZ]
3) Square Wave [number of samples] [HZ]
4) White Noise [number of samples]
5) Cancel
1) New track...
2) Import track
3) Export...
4) List tracks
5) Change gain [track] [hundredths]
6) Change pan [track] [hundredths]
7) Combine/split [track] [?track]
8) Effects...
9) Quit
1) Silence [number of samples]
2) Sine Wave [number of samples] [HZ]
3) Square Wave [number of samples] [HZ]
4) White Noise [number of samples]
5) Cancel
1) New track...
2) Import track
3) Export...
4) List tracks
5) Change gain [track] [hundredths]
6) Change pan [track] [hundredths]
7) Combine/split [track] [?track]
8) Effects...
9) Quit
1) Apply gain [track] [hundredths]
2) Apply pan [track] [hundredths]
3) Echo [track] [delay in samples]
4) Add silence [track] [number of samples]
5) Cancel
1) New track...
2) Import track
3) Export...
4) List tracks
5) Change gain [track] [hundredths]
6) Change pan [track] [hundredths]
7) Combine/split [track] [?track]
8) Effects...
9) Quit
1) New track...
2) Import track
3) Export...
4) List tracks
5) Change gain [track] [hundredths]
6) Change pan [track] [hundredths]
7) Combine/split [track] [?track]
8) Effects...
9) Quit
1) New track...
2) Import track
3) Export...
4) List tracks
5) Change gain [track] [hundredths]
6) Change pan [track] [hundredths]
7) Combine/split [track] [?track]
8) Effects...
9) Quit
1) Silence [number of samples]
2) Sine Wave [number of samples] [HZ]
3) Square Wave [number of samples] [HZ]
4) White Noise [number of samples]
5) Cancel
1) New track...
2) Import track
3) Export...
4) List tracks
5) Change gain [track] [hundredths]
6) Change pan [track] [hundredths]
7) Combine/split [track] [?track]
8) Effects...
9) Quit
1) New track...
2) Import track
3) Export...
4) List tracks
5) Change gain [track] [hundredths]
6) Change pan [track] [hundredths]
7) Combine/split [track] [?track]
8) Effects...
9) Quit
1) New track...
2) Import track
3) Export...
4) List tracks
5) Change gain [track] [hundredths]
6) Change pan [track] [hundredths]
7) Combine/split [track] [?track]
8) Effects...
9) Quit
1) Apply gain [track] [hundredths]
2) Apply pan [track] [hundredths]
3) Echo [track] [delay in samples]
4) Add silence [track] [number of samples]
5) Cancel
1) New track...
2) Import track
3) Export...
4) List tracks
5) Change gain [track] [hundredths]
6) Change pan [track] [hundredths]
7) Combine/split [track] [?track]
8) Effects...
9) Quit
1) New track...
2) Import track
3) Export...
4) List tracks
5) Change gain [track] [hundredths]
6) Change pan [track] [hundredths]
7) Combine/split [track] [?track]
8) Effects...
9) Quit
3) mono samples=6997
4) mono samples=2228
5) mono samples=6997
6) mono samples=2284
8) mono samples=2841
9) mono samples=6997
10) mono samples=5464
11) mono samples=5310
12) mono samples=6997
13) mono samples=4141
14) mono samples=4783
15) mono samples=7501
16) mono samples=3664
17) mono samples=2093
18) mono samples=6997
19) mono samples=6975
1) New track...
2) Import track
3) Export...
4) List tracks
5) Change gain [track] [hundredths]
6) Change pan [track] [hundredths]
7) Combine/split [track] [?track]
8) Effects...
9) Quit
1) Apply gain [track] [hundredths]
2) Apply pan [track] [hundredths]
3) Echo [track] [delay in samples]
4) Add silence [track] [number of samples]
5) Cancel
1) New track...
2) Import track
3) Export...
4) List tracks
5) Change gain [track] [hundredths]
6) Change pan [track] [hundredths]
7) Combine/split [track] [?track]
8) Effects...
9) Quit
1) New track...
2) Import track
3) Export...
4) List tracks
5) Change gain [track] [hundredths]
6) Change pan [track] [hundredths]
7) Combine/split [track] [?track]
8) Effects...
9) Quit
1) New track...
2) Import track
3) Export...
4) List tracks
5) Change gain [track] [hundredths]
6) Change pan [track] [hundredths]
7) Combine/split [track] [?track]
8) Effects...
9) Quit
1) New track...
2) Import track
3) Export...
4) List tracks
5) Change gain [track] [hundredths]
6) Change pan [track] [hundredths]
7) Combine/split [track] [?track]
8) Effects...
9) Quit
3) mono samples=6997
4) mono samples=2228
5) mono samples=6997
6) mono samples=2284
8) mono samples=2841
9) mono samples=6997
10) mono samples=5464
11) mono samples=5310
12) mono samples=6997
13) mono samples=4141
14) mono samples=4783
15) mono samples=7501
16) mono samples=3664
17) mono samples=2093
18) mono samples=6997
19) mono samples=6975
1) New track...
2) Import track
3) Export...
4) List tracks
5) Change gain [track] [hundredths]
6) Change pan [track] [hundredths]
7) Combine/split [track] [?track]
8) Effects...
9) Quit
1) Silence [number of samples]
2) Sine Wave [number of samples] [HZ]
3) Square Wave [number of samples] [HZ]
4) White Noise [number of samples]
5) Cancel
1) New track...
2) Import track
3) Export...
4) List tracks
5) Change gain [track] [hundredths]
6) Change pan [track] [hundredths]
7) Combine/split [track] [?track]
8) Effects...
9) Quit
1) New track...
2) Import track
3) Export...
4) List tracks
5) Change gain [track] [hundredths]
6) Change pan [track] [hundredths]
7) Combine/split [track] [?track]
8) Effects...
9) Quit
1) New track...
2) Import track
3) Export...
4) List tracks
5) Change gain [track] [hundredths]
6) Change pan [track] [hundredths]
7) Combine/split [track] [?track]
8) Effects...
9) Quit
1) New track...
2) Import track
3) Export...
4) List tracks
5) Change gain [track] [hundredths]
6) Change pan [track] [hundredths]
7) Combine/split [track] [?track]
8) Effects...
9) Quit
3) mono samples=6997
4) mono samples=2228
5) mono samples=6997
6) mono samples=2284
8) mono samples=2841
9) mono samples=6997
10) mono samples=5464
11) mono samples=5310
12) stereo samples=6997
13) mono samples=4141
14) mono samples=4783
15) mono samples=7501
16) mono samples=3664
17) mono samples=2093
18) mono samples=6997
19) mono samples=6975
1) New track...
2) Import track
3) Export...
4) List tracks
5) Change gain [track] [hundredths]
6) Change pan [track] [hundredths]
7) Combine/split [track] [?track]
8) Effects...
9) Quit
1) New track...
2) Import track
3) Export...
4) List tracks
5) Change gain [track] [hundredths]
6) Change pan [track] [hundredths]
7) Combine/split [track] [?track]
8) Effects...
9) Quit
1) New track...
2) Import track
3) Export...
4) List tracks
5) Change gain [track] [hundredths]
6) Change pan [track] [hundredths]
7) Combine/split [track] [?track]
8) Effects...
9) Quit
1) Silence [number of samples]
2) Sine Wave [number of samples] [HZ]
3) Square Wave [number of samples] [HZ]
4) White Noise [number of samples]
5) Cancel
1) New track...
2) Import track
3) Export...
4) List tracks
5) Change gain [track] [hundredths]
6) Change pan [track] [hundredths]
7) Combine/split [track] [?track]
8) Effects...
9) Quit
1) New track...
2) Import track
3) Export...
4) List tracks
5) Change gain [track] [hundredths]
6) Change pan [track] [hundredths]
7) Combine/split [track] [?track]
8) Effects...
9) Quit
1) New track...
2) Import track
3) Export...
4) List tracks
5) Change gain [track] [hundredths]
6) Change pan [track] [hundredths]
7) Combine/split [track] [?track]
8) Effects...
9) Quit
3) mono samples=6997
4) mono samples=2228
6) mono samples=2284
8) mono samples=2841
9) mono samples=6997
10) mono samples=5464
11) mono samples=5310
12) stereo samples=6997
13) mono samples=4141
14) mono samples=4783
15) mono samples=7501
16) mono samples=3664
17) stereo samples=6997
18) mono samples=6997
19) mono samples=6975
21) mono samples=5474
1) New track...
2) Import track
3) Export...
4) List tracks
5) Change gain [track] [hundredths]
6) Change pan [track] [hundredths]
7) Combine/split [track] [?track]
8) Effects...
9) Quit
1) New track...
2) Import track
3) Export...
4) List tracks
5) Change gain [track] [hundredths]
6) Change pan [track] [hundredths]
7) Combine/split [track] [?track]
8) Effects...
9) Quit
1) New track...
2) Import track
3) Export...
4) List tracks
5) Change gain [track] [hundredths]
6) Change pan [track] [hundredths]
7) Combine/split [track] [?track]
8) Effects...
9) Quit
1) New track...
2) Import track
3) Export...
4) List tracks
5) Change gain [track] [hundredths]
6) Change pan [track] [hundredths]
7) Combine/split [track] [?track]
8) Effects...
9) Quit
1) New track...
2) Import track
3) Export...
4) List tracks
5) Change gain [track] [hundredths]
6) Change pan [track] [hundredths]
7) Combine/split [track] [?track]
8) Effects...
9) Quit
1) New track...
2) Import track
3) Export...
4) List tracks
5) Change gain [track] [hundredths]
6) Change pan [track] [hundredths]
7) Combine/split [track] [?track]
8) Effects...
9) Quit
3) mono samples=6997
4) mono samples=2228
6) mono samples=2284
8) mono samples=2841
9) mono samples=6997
10) mono samples=5464
11) mono samples=5310
12) stereo samples=6997
13) mono samples=4141
15) mono samples=7501
16) mono samples=3664
17) stereo samples=6997
18) mono samples=6997
19) stereo samples=6975
21) mono samples=5474
1) New track...
2) Import track
3) Export...
4) List tracks
5) Change gain [track] [hundredths]
6) Change pan [track] [hundredths]
7) Combine/split [track] [?track]
8) Effects...
9) Quit
1) Apply gain [track] [hundredths]
2) Apply pan [track] [hundredths]
3) Echo [track] [delay in samples]
4) Add silence [track] [number of samples]
5) Cancel
1) New track...
2) Import track
3) Export...
4) List tracks
5) Change gain [track] [hundredths]
6) Change pan [track] [hundredths]
7) Combine/split [track] [?track]
8) Effects...
9) Quit
1) Silence [number of samples]
2) Sine Wave [number of samples] [HZ]
3) Square Wave [number of samples] [HZ]
4) White Noise [number of samples]
5) Cancel
1) New track...
2) Import track
3) Export...
4) List tracks
5) Change gain [track] [hundredths]
6) Change pan [track] [hundredths]
7) Combine/split [track] [?track]
8) Effects...
9) Quit
1) Apply gain [track] [hundredths]
2) Apply pan [track] [hundredths]
3) Echo [track] [delay in samples]
4) Add silence [track] [number of samples]
5) Cancel
1) New track...
2) Import track
3) Export...
4) List tracks
5) Change gain [track] [hundredths]
6) Change pan [track] [hundredths]
7) Combine/split [track] [?track]
8) Effects...
9) Quit
1) New track...
2) Import track
3) Export...
4) List tracks
5) Change gain [track] [hundredths]
6) Change pan [track] [hundredths]
7) Combine/split [track] [?track]
8) Effects...
9) Quit
1) New track...
2) Import track
3) Export...
4) List tracks
5) Change gain [track] [hundredths]
6) Change pan [track] [hundredths]
7) Combine/split [track] [?track]
8) Effects...
9) Quit
1) New track...
2) Import track
3) Export...
4) List tracks
5) Change gain [track] [hundredths]
6) Change pan [track] [hundredths]
7) Combine/split [track] [?track]
8) Effects...
9) Quit
1) New track...
2) Import track
3) Export...
4) List tracks
5) Change gain [track] [hundredths]
6) Change pan [track] [hundredths]
7) Combine/split [track] [?track]
8) Effects...
9) Quit
1) New track...
2) Import track
3) Export...
4) List tracks
5) Change gain [track] [hundredths]
6) Change pan [track] [hundredths]
7) Combine/split [track] [?track]
8) Effects...
9) Quit
1) Silence [number of samples]
2) Sine Wave [number of samples] [HZ]
3) Square Wave [number of samples] [HZ]
4) White Noise [number of samples]
5) Cancel
1) New track...
2) Import track
3) Export...
4) List tracks
5) Change gain [track] [hundredths]
6) Change pan [track] [hundredths]
7) Combine/split [track] [?track]
8) Effects...
9) Quit
1) New track...
2) Import track
3) Export...
4) List tracks
5) Change gain [track] [hundredths]
6) Change pan [track] [hundredths]
7) Combine/split [track] [?track]
8) Effects...
9) Quit
1) Silence [number of samples]
2) Sine Wave [number of samples] [HZ]
3) Square Wave [number of samples] [HZ]
4) White Noise [number of samples]
5) Cancel
1) New track...
2) Import track
3) Export...
4) List tracks
5) Change gain [track] [hundredths]
6) Change pan [track] [hundredths]
7) Combine/split [track] [?track]
8) Effects...
9) Quit
1) New track...
2) Import track
3) Export...
4) List tracks
5) Change gain [track] [hundredths]
6) Change pan [track] [hundredths]
7) Combine/split [track] [?track]
8) Effects...
9) Quit
1) Silence [number of samples]
2) Sine Wave [number of samples] [HZ]
3) Square Wave [number of samples] [HZ]
4) White Noise [number of samples]
5) Cancel
1) New track...
2) Import track
3) Export...
4) List tracks
5) Change gain [track] [hundredths]
6) Change pan [track] [hundredths]
7) Combine/split [track] [?track]
8) Effects...
9) Quit
1) New track...
2) Import track
3) Export...
4) List tracks
5) Change gain [track] [hundredths]
6) Change pan [track] [hundredths]
7) Combine/split [track] [?track]
8) Effects...
9) Quit
1) Silence [number of samples]
2) Sine Wave [number of samples] [HZ]
3) Square Wave [number of samples] [HZ]
4) White Noise [number of samples]
5) Cancel
1) New track...
2) Import track
3) Export...
4) List tracks
5) Change gain [track] [hundredths]
6) Change pan [track] [hundredths]
7) Combine/split [track] [?track]
8) Effects...
9) Quit
1) Apply gain [track] [hundredths]
2) Apply pan [track] [hundredths]
3) Echo [track] [delay in samples]
4) Add silence [track] [number of samples]
5) Cancel
1) New track...
2) Import track
3) Export...
4) List tracks
5) Change gain [track] [hundredths]
6) Change pan [track] [hundredths]
7) Combine/split [track] [?track]
8) Effects...
9) Quit
1) Apply gain [track] [hundredths]
2) Apply pan [track] [hundredths]
3) Echo [track] [delay in samples]
4) Add silence [track] [number of samples]
5) Cancel
1) New track...
2) Import track
3) Export...
4) List tracks
5) Change gain [track] [hundredths]
6) Change pan [track] [hundredths]
7) Combine/split [track] [?track]
8) Effects...
9) Quit
1) New track...
2) Import track
3) Export...
4) List tracks
5) Change gain [track] [hundredths]
6) Change pan [track] [hundredths]
7) Combine/split [track] [?track]
8) Effects...
9) Quit
1) New track...
2) Import track
3) Export...
4) List tracks
5) Change gain [track] [hundredths]
6) Change pan [track] [hundredths]
7) Combine/split [track] [?track]
8) Effects...
9) Quit
1) New track...
2) Import track
3) Export...
4) List tracks
5) Change gain [track] [hundredths]
6) Change pan [track] [hundredths]
7) Combine/split [track] [?track]
8) Effects...
9) Quit
1) Silence [number of samples]
2) Sine Wave [number of samples] [HZ]
3) Square Wave [number of samples] [HZ]
4) White Noise [number of samples]
5) Cancel
1) New track...
2) Import track
3) Export...
4) List tracks
5) Change gain [track] [hundredths]
6) Change pan [track] [hundredths]
7) Combine/split [track] [?track]
8) Effects...
9) Quit
1) Silence [number of samples]
2) Sine Wave [number of samples] [HZ]
3) Square Wave [number of samples] [HZ]
4) White Noise [number of samples]
5) Cancel
1) New track...
2) Import track
3) Export...
4) List tracks
5) Change gain [track] [hundredths]
6) Change pan [track] [hundredths]
7) Combine/split [track] [?track]
8) Effects...
9) Quit
1) New track...
2) Import track
3) Export...
4) List tracks
5) Change gain [track] [hundredths]
6) Change pan [track] [hundredths]
7) Combine/split [track] [?track]
8) Effects...
9) Quit
1) New track...
2) Import track
3) Export...
4) List tracks
5) Change gain [track] [hundredths]
6) Change pan [track] [hundredths]
7) Combine/split [track] [?track]
8) Effects...
9) Quit
1) New track...
2) Import track
3) Export...
4) List tracks
5) Change gain [track] [hundredths]
6) Change pan [track] [hundredths]
7) Combine/split [track] [?track]
8) Effects...
9) Quit
1) Silence [number of samples]
2) Sine Wave [number of samples] [HZ]
3) Square Wave [number of samples] [HZ]
4) White Noise [number of samples]
5) Cancel
1) New track...
2) Import track
3) Export...
4) List tracks
5) Change gain [track] [hundredths]
6) Change pan [track] [hundredths]
7) Combine/split [track] [?track]
8) Effects...
9) Quit
3) mono samples=6997
4) mono samples=2228
6) mono samples=2284
8) mono samples=2841
9) stereo samples=6997
10) mono samples=5464
12) mono samples=6997
13) mono samples=4141
15) mono samples=7501
16) mono samples=3664
17) mono samples=6997
18) mono samples=6997
19) mono samples=6975
21) mono samples=5474
22) mono samples=7265
23) mono samples=6997
24) mono samples=6997
25) mono samples=1803
26) mono samples=1631
27) mono samples=1099
28) mono samples=1214
29) mono samples=6975
30) stereo samples=3588
31) mono samples=3161
32) mono samples=7497
33) mono samples=1636
1) New track...
2) Import track
3) Export...
4) List tracks
5) Change gain [track] [hundredths]
6) Change pan [track] [hundredths]
7) Combine/split [track] [?track]
8) Effects...
9) Quit
1) Silence [number of samples]
2) Sine Wave [number of samples] [HZ]
3) Square Wave [number of samples] [HZ]
4) White Noise [number of samples]
5) Cancel
1) New track...
2) Import track
3) Export...
4) List tracks
5) Change gain [track] [hundredths]
6) Change pan [track] [hundredths]
7) Combine/split [track] [?track]
8) Effects...
9) Quit
1) New track...
2) Import track
3) Export...
4) List tracks
5) Change gain [track] [hundredths]
6) Change pan [track] [hundredths]
7) Combine/split [track] [?track]
8) Effects...
9) Quit
1) New track...
2) Import track
3) Export...
4) List tracks
5) Change gain [track] [hundredths]
6) Change pan [track] [hundredths]
7) Combine/split [track] [?track]
8) Effects...
9) Quit
1) Apply gain [track] [hundredths]
2) Apply pan [track] [hundredths]
3) Echo [track] [delay in samples]
4) Add silence [track] [number of samples]
5) Cancel
1) New track...
2) Import track
3) Export...
4) List tracks
5) Change gain [track] [hundredths]
6) Change pan [track] [hundredths]
7) Combine/split [track] [?track]
8) Effects...
9) Quit
1) New track...
2) Import track
3) Export...
4) List tracks
5) Change gain [track] [hundredths]
6) Change pan [track] [hundredths]
7) Combine/split [track] [?track]
8) Effects...
9) Quit
1) New track...
2) Import track
3) Export...
4) List tracks
5) Change gain [track] [hundredths]
6) Change pan [track] [hundredths]
7) Combine/split [track] [?track]
8) Effects...
9) Quit
3) mono samples=6997
4) mono samples=2228
6) mono samples=2284
8) mono samples=2841
9) stereo samples=6997
10) mono samples=5464
12) mono samples=6997
13) mono samples=4141
15) mono samples=7501
16) mono samples=3664
17) mono samples=6997
18) mono samples=6997
19) mono samples=6975
21) mono samples=5474
22) mono samples=7265
23) mono samples=6997
24) mono samples=6997
26) mono samples=1631
27) mono samples=1099
28) stereo samples=1803
29) mono samples=6975
30) mono samples=3588
31) mono samples=3161
32) mono samples=7497
33) mono samples=1636
34) mono samples=4853
35) mono samples=3588
1) New track...
2) Import track
3) Export...
4) List tracks
5) Change gain [track] [hundredths]
6) Change pan [track] [hundredths]
7) Combine/split [track] [?track]
8) Effects...
9) Quit
1) New track...
2) Import track
3) Export...
4) List tracks
5) Change gain [track] [hundredths]
6) Change pan [track] [hundredths]
7) Combine/split [track] [?track]
8) Effects...
9) Quit
1) Apply gain [track] [hundredths]
2) Apply pan [track] [hundredths]
3) Echo [track] [delay in samples]
4) Add silence [track] [number of samples]
5) Cancel
1) New track...
2) Import track
3) Export...
4) List tracks
5) Change gain [track] [hundredths]
6) Change pan [track] [hundredths]
7) Combine/split [track] [?track]
8) Effects...
9) Quit
1) Apply gain [track] [hundredths]
2) Apply pan [track] [hundredths]
3) Echo [track] [delay in samples]
4) Add silence [track] [number of samples]
5) Cancel
1) New track...
2) Import track
3) Export...
4) List tracks
5) Change gain [track] [hundredths]
6) Change pan [track] [hundredths]
7) Combine/split [track] [?track]
8) Effects...
9) Quit
1) New track...
2) Import track
3) Export...
4) List tracks
5) Change gain [track] [hundredths]
6) Change pan [track] [hundredths]
7) Combine/split [track] [?track]
8) Effects...
9) Quit
1) New track...
2) Import track
3) Export...
4) List tracks
5) Change gain [track] [hundredths]
6) Change pan [track] [hundredths]
7) Combine/split [track] [?track]
8) Effects...
9) Quit
1) New track...
2) Import track
3) Export...
4) List tracks
5) Change gain [track] [hundredths]
6) Change pan [track] [hundredths]
7) Combine/split [track] [?track]
8) Effects...
9) Quit
3) mono samples=6997
6) mono samples=2284
8) mono samples=2841
9) stereo samples=6997
10) mono samples=5464
12) mono samples=6997
13) mono samples=4141
15) mono samples=7501
16) mono samples=3664
17) mono samples=6997
18) mono samples=6997
19) mono samples=6975
21) mono samples=5474
22) stereo samples=7265
23) mono samples=6997
24) mono samples=6997
26) mono samples=1631
27) mono samples=1099
28) stereo samples=1803
29) mono samples=6975
30) mono samples=3588
31) mono samples=3161
32) mono samples=7497
33) mono samples=1636
34) mono samples=4853
35) mono samples=3588
1) New track...
2) Import track
3) Export...
4) List tracks
5) Change gain [track] [hundredths]
6) Change pan [track] [hundredths]
7) Combine/split [track] [?track]
8) Effects...
9) Quit
1) Apply gain [track] [hundredths]
2) Apply pan [track] [hundredths]
3) Echo [track] [delay in samples]
4) Add silence [track] [number of samples]
5) Cancel
1) New track...
2) Import track
3) Export...
4) List tracks
5) Change gain [track] [hundredths]
6) Change pan [track] [hundredths]
7) Combine/split [track] [?track]
8) Effects...
9) Quit
1) New track...
2) Import track
3) Export...
4) List tracks
5) Change gain [track] [hundredths]
6) Change pan [track] [hundredths]
7) Combine/split [track] [?track]
8) Effects...
9) Quit
1) New track...
2) Import track
3) Export...
4) List tracks
5) Change gain [track] [hundredths]
6) Change pan [track] [hundredths]
7) Combine/split [track] [?track]
8) Effects...
9) Quit
1) New track...
2) Import track
3) Export...
4) List tracks
5) Change gain [track] [hundredths]
6) Change pan [track] [hundredths]
7) Combine/split [track] [?track]
8) Effects...
9) Quit
1) New track...
2) Import track
3) Export...
4) List tracks
5) Change gain [track] [hundredths]
6) Change pan [track] [hundredths]
7) Combine/split [track] [?track]
8) Effects...
9) Quit
1) Silence [number of samples]
2) Sine Wave [number of samples] [HZ]
3) Square Wave [number of samples] [HZ]
4) White Noise [number of samples]
5) Cancel
1) New track...
2) Import track
3) Export...
4) List tracks
5) Change gain [track] [hundredths]
6) Change pan [track] [hundredths]
7) Combine/split [track] [?track]
8) Effects...
9) Quit
1) New track...
2) Import track
3) Export...
4) List tracks
5) Change gain [track] [hundredths]
6) Change pan [track] [hundredths]
7) Combine/split [track] [?track]
8) Effects...
9) Quit
1) New track...
2) Import track
3) Export...
4) List tracks
5) Change gain [track] [hundredths]
6) Change pan [track] [hundredths]
7) Combine/split [track] [?track]
8) Effects...
9) Quit
3) mono samples=6997
6) mono samples=2284
8) mono samples=2841
9) stereo samples=6997
10) mono samples=5464
12) mono samples=6997
13) mono samples=4141
15) mono samples=7501
16) mono samples=3664
17) mono samples=6997
18) mono samples=6997
19) mono samples=6975
21) mono samples=5474
22) mono samples=7265
23) mono samples=6997
24) mono samples=6997
26) mono samples=1631
27) mono samples=1099
28) stereo samples=1803
29) mono samples=6975
30) mono samples=3588
31) mono samples=3161
32) mono samples=7497
33) mono samples=1636
34) mono samples=4853
35) mono samples=3588
36) mono samples=7265
37) mono samples=1047
1) New track...
2) Import track
3) Export...
4) List tracks
5) Change gain [track] [hundredths]
6) Change pan [track] [hundredths]
7) Combine/split [track] [?track]
8) Effects...
9) Quit
3) mono samples=6997
6) mono samples=2284
8) mono samples=2841
9) stereo samples=6997
10) mono samples=5464
12) mono samples=6997
13) mono samples=4141
15) mono samples=7501
16) mono samples=3664
17) mono samples=6997
18) mono samples=6997
19) mono samples=6975
21) mono samples=5474
22) mono samples=7265
23) mono samples=6997
24) mono samples=6997
26) mono samples=1631
27) mono samples=1099
28) stereo samples=1803
29) mono samples=6975
30) mono samples=3588
31) mono samples=3161
32) mono samples=7497
33) mono samples=1636
34) mono samples=4853
35) mono samples=3588
36) mono samples=7265
37) mono samples=1047
1) New track...
2) Import track
3) Export...
4) List tracks
5) Change gain [track] [hundredths]
6) Change pan [track] [hundredths]
7) Combine/split [track] [?track]
8) Effects...
9) Quit
1) Silence [number of samples]
2) Sine Wave [number of samples] [HZ]
3) Square Wave [number of samples] [HZ]
4) White Noise [number of samples]
5) Cancel
1) New track...
2) Import track
3) Export...
4) List tracks
5) Change gain [track] [hundredths]
6) Change pan [track] [hundredths]
7) Combine/split [track] [?track]
8) Effects...
9) Quit
1) New track...
2) Import track
3) Export...
4) List tracks
5) Change gain [track] [hundredths]
6) Change pan [track] [hundredths]
7) Combine/split [track] [?track]
8) Effects...
9) Quit
1) New track...
2) Import track
3) Export...
4) List tracks
5) Change gain [track] [hundredths]
6) Change pan [track] [hundredths]
7) Combine/split [track] [?track]
8) Effects...
9) Quit
1) New track...
2) Import track
3) Export...
4) List tracks
5) Change gain [track] [hundredths]
6) Change pan [track] [hundredths]
7) Combine/split [track] [?track]
8) Effects...
9) Quit
1) New track...
2) Import track
3) Export...
4) List tracks
5) Change gain [track] [hundredths]
6) Change pan [track] [hundredths]
7) Combine/split [track] [?track]
8) Effects...
9) Quit
3) mono samples=6997
6) mono samples=2284
8) mono samples=2841
9) stereo samples=6997
10) mono samples=5464
12) stereo samples=6997
13) mono samples=4141
15) mono samples=7501
16) mono samples=3664
17) mono samples=6997
18) mono samples=6997
19) mono samples=6975
21) mono samples=5474
22) mono samples=7265
23) mono samples=6997
24) mono samples=6997
26) mono samples=1631
27) mono samples=1099
28) stereo samples=1803
30) mono samples=3588
31) mono samples=3161
32) mono samples=7497
33) mono samples=1636
34) mono samples=4853
35) mono samples=3588
36) mono samples=7265
37) mono samples=1047
38) mono samples=3660
1) New track...
2) Import track
3) Export...
4) List tracks
5) Change gain [track] [hundredths]
6) Change pan [track] [hundredths]
7) Combine/split [track] [?track]
8) Effects...
9) Quit
1) New track...
2) Import track
3) Export...
4) List tracks
5) Change gain [track] [hundredths]
6) Change pan [track] [hundredths]
7) Combine/split [track] [?track]
8) Effects...
9) Quit
1) Silence [number of samples]
2) Sine Wave [number of samples] [HZ]
3) Square Wave [number of samples] [HZ]
4) White Noise [number of samples]
5) Cancel
1) New track...
2) Import track
3) Export...
4) List tracks
5) Change gain [track] [hundredths]
6) Change pan [track] [hundredths]
7) Combine/split [track] [?track]
8) Effects...
9) Quit
1) New track...
2) Import track
3) Export...
4) List tracks
5) Change gain [track] [hundredths]
6) Change pan [track] [hundredths]
7) Combine/split [track] [?track]
8) Effects...
9) Quit
3) mono samples=6997
6) mono samples=2284
8) mono samples=2841
9) stereo samples=6997
10) mono samples=5464
12) stereo samples=6997
13) mono samples=4141
15) mono samples=7501
16) mono samples=3664
17) mono samples=6997
18) mono samples=6997
19) mono samples=6975
21) mono samples=5474
22) mono samples=7265
23) mono samples=6997
24) mono samples=6997
26) mono samples=1631
27) mono samples=1099
28) mono samples=1803
30) mono samples=3588
31) mono samples=3161
32) stereo samples=7497
33) mono samples=1636
34) mono samples=4853
35) mono samples=3588
36) mono samples=7265
37) mono samples=1047
38) mono samples=3660
39) mono samples=1803
1) New track...
2) Import track
3) Export...
4) List tracks
5) Change gain [track] [hundredths]
6) Change pan [track] [hundredths]
7) Combine/split [track] [?track]
8) Effects...
9) Quit
1) New track...
2) Import track
3) Export...
4) List tracks
5) Change gain [track] [hundredths]
6) Change pan [track] [hundredths]
7) Combine/split [track] [?track]
8) Effects...
9) Quit
1) Silence [number of samples]
2) Sine Wave [number of samples] [HZ]
3) Square Wave [number of samples] [HZ]
4) White Noise [number of samples]
5) Cancel
1) New track...
2) Import track
3) Export...
4) List tracks
5) Change gain [track] [hundredths]
6) Change pan [track] [hundredths]
7) Combine/split [track] [?track]
8) Effects...
9) Quit
1) New track...
2) Import track
3) Export...
4) List tracks
5) Change gain [track] [hundredths]
6) Change pan [track] [hundredths]
7) Combine/split [track] [?track]
8) Effects...
9) Quit
3) mono samples=6997
6) mono samples=2284
8) mono samples=2841
9) stereo samples=6997
10) mono samples=5464
12) stereo samples=6997
13) mono samples=4141
15) mono samples=7501
16) mono samples=3664
17) mono samples=6997
18) mono samples=6997
19) mono samples=6975
21) mono samples=5474
22) mono samples=7265
1) New track...
2) Import track
3) Export...
4) List tracks
5) Change gain [track] [hundredths]
6) Change pan [track] [hundredths]
7) Combine/split [track] [?track]
8) Effects...
9) Quit
1) New track...
2) Import track
3) Export...
4) List tracks
5) Change gain [track] [hundredths]
6) Change pan [track] [hundredths]
7) Combine/split [track] [?track]
8) Effects...
9) Quit
1) New track...
2) Import track
3) Export...
4) List tracks
5) Change gain [track] [hundredths]
6) Change pan [track] [hundredths]
7) Combine/split [track] [?track]
8) Effects...
9) Quit
1) Apply gain [track] [hundredths]
2) Apply pan [track] [hundredths]
3) Echo [track] [delay in samples]
4) Add silence [track] [number of samples]
5) Cancel
1) New track...
2) Import track
3) Export...
4) List tracks
5) Change gain [track] [hundredths]
6) Change pan [track] [hundredths]
7) Combine/split [track] [?track]
8) Effects...
9) Quit
1) New track...
2) Import track
3) Export...
4) List tracks
5) Change gain [track] [hundredths]
6) Change pan [track] [hundredths]
7) Combine/split [track] [?track]
8) Effects...
9) Quit
3) mono samples=6997
6) mono samples=2284
8) mono samples=2841
9) stereo samples=6997
10) mono samples=5464
12) mono samples=6997
13) mono samples=4141
15) mono samples=7501
16) mono samples=3664
17) mono samples=6997
18) mono samples=6997
19) mono samples=6975
21) mono samples=5474
22) mono samples=7265
23) mono samples=6997
24) mono samples=6997
26) mono samples=1631
1) New track...
2) Import track
3) Export...
4) List tracks
5) Change gain [track] [hundredths]
6) Change pan [track] [hundredths]
7) Combine/split [track] [?track]
8) Effects...
9) Quit
1) Apply gain [track] [hundredths]
2) Apply pan [track] [hundredths]
3) Echo [track] [delay in samples]
4) Add silence [track] [number of samples]
5) Cancel
1) New track...
2) Import track
3) Export...
4) List tracks
5) Change gain [track] [hundredths]
6) Change pan [track] [hundredths]
7) Combine/split [track] [?track]
8) Effects...
9) Quit
1) Silence [number of samples]
2) Sine Wave [number of samples] [HZ]
3) Square Wave [number of samples] [HZ]
4) White Noise [number of samples]
5) Cancel
1) New track...
2) Import track
3) Export...
4) List tracks
5) Change gain [track] [hundredths]
6) Change pan [track] [hundredths]
7) Combine/split [track] [?track]
8) Effects...
9) Quit
1) New track...
2) Import track
3) Export...
4) List tracks
5) Change gain [track] [hundredths]
6) Change pan [track] [hundredths]
7) Combine/split [track] [?track]
8) Effects...
9) Quit
1) New track...
2) Import track
3) Export...
4) List tracks
5) Change gain [track] [hundredths]
6) Change pan [track] [hundredths]
7) Combine/split [track] [?track]
8) Effects...
9) Quit
3) mono samples=6997
6) mono samples=2284
8) mono samples=2841
9) stereo samples=6997
10) mono samples=5464
12) mono samples=6997
13) stereo samples=7265
15) mono samples=7501
16) mono samples=3664
3) mono samples=6997
6) mono samples=2284
8) mono samples=2841
9) mono samples=6997
10) mono samples=5464
12) mono samples=6997
13) stereo samples=7265
15) mono samples=7501
16) mono samples=3664
17) mono samples=6997
18) mono samples=6997
19) mono samples=6975
21) mono samples=5474
22) mono samples=7265
23) mono samples=6997
24) mono samples=6997
26) mono samples=1631
27) mono samples=3660
28) mono samples=1803
30) mono samples=3588
31) mono samples=6670
32) mono samples=7497
33) mono samples=1636
34) mono samples=4853
35) mono samples=3588
37) mono samples=1047
39) mono samples=1803
42) mono samples=7497
43) mono samples=6997
44) mono samples=3660
45) mono samples=7986
46) mono samples=1180
47) mono samples=6670
48) mono samples=2342
49) mono samples=6997
50) mono samples=3692
1) New track...
2) Import track
3) Export...
4) List tracks
5) Change gain [track] [hundredths]
6) Change pan [track] [hundredths]
7) Combine/split [track] [?track]
8) Effects...
9) Quit
3) mono samples=6997
6) mono samples=2284
8) mono samples=2841
9) mono samples=6997
10) mono samples=5464
12) mono samples=6997
13) stereo samples=7265
15) mono samples=7501
16) mono samples=3664
17) mono samples=6997
18) mono samples=6997
19) mono samples=6975
21) mono samples=5474
1) Silence [number of samples]
2) Sine Wave [number of samples] [HZ]
3) Square Wave [number of samples] [HZ]
4) White Noise [number of samples]
5) Cancel
1) New track...
2) Import track
3) Export...
4) List tracks
5) Change gain [track] [hundredths]
6) Change pan [track] [hundredths]
7) Combine/split [track] [?track]
8) Effects...
9) Quit
3) mono samples=6997
6) mono samples=2284
8) mono samples=2841
9) mono samples=6997
10) mono samples=5464
12) mono samples=6997
13) stereo samples=7265
15) mono samples=7501
16) mono samples=3664
17) mono samples=6997
18) mono samples=6997
19) mono samples=6975
21) mono samples=5474
22) mono samples=7265
23) mono samples=6997
24) mono samples=6997
26) mono samples=1631
27) mono samples=3660
28) mono samples=1803
30) mono samples=3588
31) mono samples=6670
32) mono samples=7497
33) mono samples=1636
34) mono samples=4853
35) mono samples=3588
37) mono samples=1047
39) mono samples=1803
42) mono samples=7497
43) mono samples=6997
44) mono samples=3660
45) mono samples=7986
46) mono samples=1180
47) mono samples=6670
48) mono samples=2342
49) mono samples=6997
50) mono samples=3692
51) mono samples=2950
1) New track...
2) Import track
3) Export...
4) List tracks
5) Change gain [track] [hundredths]
6) Change pan [track] [hundredths]
7) Combine/split [track] [?track]
8) Effects...
9) Quit
1) Silence [number of samples]
2) Sine Wave [number of samples] [HZ]
3) Square Wave [number of samples] [HZ]
4) White Noise [number of samples]
5) Cancel
1) New track...
2) Import track
3) Export...
4) List tracks
5) Change gain [track] [hundredths]
6) Change pan [track] [hundredths]
7) Combine/split [track] [?track]
8) Effects...
9) Quit
1) New track...
2) Import track
3) Export...
4) List tracks
5) Change gain [track] [hundredths]
6) Change pan [track] [hundredths]
7) Combine/split [track] [?track]
8) Effects...
9) Quit
1) Silence [number of samples]
2) Sine Wave [number of samples] [HZ]
3) Square Wave [number of samples] [HZ]
4) White Noise [number of samples]
5) Cancel
1) New track...
2) Import track
3) Export...
4) List tracks
5) Change gain [track] [hundredths]
6) Change pan [track] [hundredths]
7) Combine/split [track] [?track]
8) Effects...
9) Quit
1) Silence [number of samples]
2) Sine Wave [number of samples] [HZ]
3) Square Wave [number of samples] [HZ]
4) White Noise [number of samples]
5) Cancel
1) New track...
2) Import track
3) Export...
4) List tracks
5) Change gain [track] [hundredths]
6) Change pan [track] [hundredths]
7) Combine/split [track] [?track]
8) Effects...
9) Quit
1) New track...
2) Import track
3) Export...
4) List tracks
5) Change gain [track] [hundredths]
6) Change pan [track] [hundredths]
7) Combine/split [track] [?track]
8) Effects...
9) Quit
1) New track...
2) Import track
3) Export...
4) List tracks
5) Change gain [track] [hundredths]
6) Change pan [track] [hundredths]
7) Combine/split [track] [?track]
8) Effects...
9) Quit
3) mono samples=6997
6) mono samples=2284
8) mono samples=2841
9) mono samples=6997
10) mono samples=5464
12) mono samples=6997
13) mono samples=7265
15) mono samples=7501
16) mono samples=3664
17) mono samples=6997
18) mono samples=6997
1) New track...
2) Import track
3) Export...
4) List tracks
5) Change gain [track] [hundredths]
6) Change pan [track] [hundredths]
7) Combine/split [track] [?track]
8) Effects...
9) Quit
1) Apply gain [track] [hundredths]
2) Apply pan [track] [hundredths]
3) Echo [track] [delay in samples]
4) Add silence [track] [number of samples]
5) Cancel
1) New track...
2) Import track
3) Export...
4) List tracks
5) Change gain [track] [hundredths]
6) Change pan [track] [hundredths]
7) Combine/split [track] [?track]
8) Effects...
9) Quit
1) New track...
2) Import track
3) Export...
4) List tracks
5) Change gain [track] [hundredths]
6) Change pan [track] [hundredths]
7) Combine/split [track] [?track]
8) Effects...
9) Quit
1) Silence [number of samples]
2) Sine Wave [number of samples] [HZ]
3) Square Wave [number of samples] [HZ]
4) White Noise [number of samples]
5) Cancel
1) New track...
2) Import track
3) Export...
4) List tracks
5) Change gain [track] [hundredths]
6) Change pan [track] [hundredths]
7) Combine/split [track] [?track]
8) Effects...
9) Quit
1) Apply gain [track] [hundredths]
2) Apply pan [track] [hundredths]
3) Echo [track] [delay in samples]
4) Add silence [track] [number of samples]
5) Cancel
1) New track...
2) Import track
3) Export...
4) List tracks
5) Change gain [track] [hundredths]
6) Change pan [track] [hundredths]
7) Combine/split [track] [?track]
8) Effects...
9) Quit
1) New track...
2) Import track
3) Export...
4) List tracks
5) Change gain [track] [hundredths]
6) Change pan [track] [hundredths]
7) Combine/split [track] [?track]
8) Effects...
9) Quit
3) mono samples=6997
6) mono samples=2284
8) mono samples=2841
9) mono samples=6997
10) mono samples=5464
12) mono samples=6997
13) mono samples=7265
15) mono samples=7501
16) mono samples=3664
17) mono samples=6997
18) mono samples=6997
1) New track...
2) Import track
3) Export...
4) List tracks
5) Change gain [track] [hundredths]
6) Change pan [track] [hundredths]
7) Combine/split [track] [?track]
8) Effects...
9) Quit
1) Apply gain [track] [hundredths]
2) Apply pan [track] [hundredths]
3) Echo [track] [delay in samples]
4) Add silence [track] [number of samples]
5) Cancel
1) New track...
2) Import track
3) Export...
4) List tracks
5) Change gain [track] [hundredths]
6) Change pan [track] [hundredths]
7) Combine/split [track] [?track]
8) Effects...
9) Quit
1) New track...
2) Import track
3) Export...
4) List tracks
5) Change gain [track] [hundredths]
6) Change pan [track] [hundredths]
7) Combine/split [track] [?track]
8) Effects...
9) Quit
1) New track...
2) Import track
3) Export...
4) List tracks
5) Change gain [track] [hundredths]
6) Change pan [track] [hundredths]
7) Combine/split [track] [?track]
8) Effects...
9) Quit
1) Apply gain [track] [hundredths]
2) Apply pan [track] [hundredths]
3) Echo [track] [delay in samples]
4) Add silence [track] [number of samples]
5) Cancel
1) New track...
2) Import track
3) Export...
4) List tracks
5) Change gain [track] [hundredths]
6) Change pan [track] [hundredths]
7) Combine/split [track] [?track]
8) Effects...
9) Quit
1) Silence [number of samples]
2) Sine Wave [number of samples] [HZ]
3) Square Wave [number of samples] [HZ]
4) White Noise [number of samples]
5) Cancel
1) New track...
2) Import track
3) Export...
4) List tracks
5) Change gain [track] [hundredths]
6) Change pan [track] [hundredths]
7) Combine/split [track] [?track]
8) Effects...
9) Quit
1) Apply gain [track] [hundredths]
2) Apply pan [track] [hundredths]
3) Echo [track] [delay in samples]
4) Add silence [track] [number of samples]
5) Cancel
1) New track...
2) Import track
3) Export...
4) List tracks
5) Change gain [track] [hundredths]
6) Change pan [track] [hundredths]
7) Combine/split [track] [?track]
8) Effects...
9) Quit
1) New track...
2) Import track
3) Export...
4) List tracks
5) Change gain [track] [hundredths]
6) Change pan [track] [hundredths]
7) Combine/split [track] [?track]
8) Effects...
9) Quit
1) New track...
2) Import track
3) Export...
4) List tracks
5) Change gain [track] [hundredths]
6) Change pan [track] [hundredths]
7) Combine/split [track] [?track]
8) Effects...
9) Quit
1) Apply gain [track] [hundredths]
2) Apply pan [track] [hundredths]
3) Echo [track] [delay in samples]
4) Add silence [track] [number of samples]
5) Cancel
1) New track...
2) Import track
3) Export...
4) List tracks
5) Change gain [track] [hundredths]
6) Change pan [track] [hundredths]
7) Combine/split [track] [?track]
8) Effects...
9) Quit
3) mono samples=6997
6) mono samples=2284
8) mono samples=2841
9) mono samples=6997
10) mono samples=5464
12) mono samples=6997
13) mono samples=7265
15) mono samples=7501
16) mono samples=3664
17) mono samples=6997
18) mono samples=6997
19) mono samples=6975
21) mono samples=5474
22) mono samples=7265
24) mono samples=6997
26) mono samples=1631
27) mono samples=3660
28) mono samples=1803
30) mono samples=3588
31) mono samples=6670
32) mono samples=7497
33) mono samples=1636
1) Apply gain [track] [hundredths]
2) Apply pan [track] [hundredths]
3) Echo [track] [delay in samples]
4) Add silence [track] [number of samples]
5) Cancel
1) New track...
2) Import track
3) Export...
4) List tracks
5) Change gain [track] [hundredths]
6) Change pan [track] [hundredths]
7) Combine/split [track] [?track]
8) Effects...
9) Quit
1) New track...
2) Import track
3) Export...
4) List tracks
5) Change gain [track] [hundredths]
6) Change pan [track] [hundredths]
7) Combine/split [track] [?track]
8) Effects...
9) Quit
1) Apply gain [track] [hundredths]
2) Apply pan [track] [hundredths]
3) Echo [track] [delay in samples]
4) Add silence [track] [number of samples]
5) Cancel
1) New track...
2) Import track
3) Export...
4) List tracks
5) Change gain [track] [hundredths]
6) Change pan [track] [hundredths]
7) Combine/split [track] [?track]
8) Effects...
9) Quit
1) Silence [number of samples]
2) Sine Wave [number of samples] [HZ]
3) Square Wave [number of samples] [HZ]
4) White Noise [number of samples]
5) Cancel
1) New track...
2) Import track
3) Export...
4) List tracks
5) Change gain [track] [hundredths]
6) Change pan [track] [hundredths]
7) Combine/split [track] [?track]
8) Effects...
9) Quit
1) Silence [number of samples]
2) Sine Wave [number of samples] [HZ]
3) Square Wave [number of samples] [HZ]
4) White Noise [number of samples]
5) Cancel
1) New track...
2) Import track
3) Export...
4) List tracks
5) Change gain [track] [hundredths]
6) Change pan [track] [hundredths]
7) Combine/split [track] [?track]
8) Effects...
9) Quit
1) New track...
2) Import track
3) Export...
4) List tracks
5) Change gain [track] [hundredths]
6) Change pan [track] [hundredths]
7) Combine/split [track] [?track]
8) Effects...
9) Quit
1) New track...
2) Import track
3) Export...
4) List tracks
5) Change gain [track] [hundredths]
6) Change pan [track] [hundredths]
7) Combine/split [track] [?track]
8) Effects...
9) Quit
1) New track...
2) Import track
3) Export...
4) List tracks
5) Change gain [track] [hundredths]
6) Change pan [track] [hundredths]
7) Combine/split [track] [?track]
8) Effects...
9) Quit
35) mono samples=3588
37) mono samples=1047
43) mono samples=6997
44) mono samples=3660
45) mono samples=7986
46) mono samples=1180
47) mono samples=6670
48) mono samples=2342
49) mono samples=6997
50) mono samples=3692
51) mono samples=2950
52) mono samples=2895
54) mono samples=6997
55) mono samples=7914
56) mono samples=4872
57) mono samples=2575
58) mono samples=6208
59) mono samples=2581
60) mono samples=7265
62) mono samples=1910
63) mono samples=6997
64) mono samples=3733
66) mono samples=5874
67) mono samples=5907
68) mono samples=3733
69) mono samples=4757
70) mono samples=6081
71) mono samples=6997
72) mono samples=7151
73) mono samples=7464
74) mono samples=2322
75) mono samples=7277
76) mono samples=5606
77) stereo samples=3217
78) mono samples=1131
79) mono samples=4645
80) mono samples=3589
81) mono samples=5260
82) mono samples=3170
83) mono samples=3378
84) mono samples=5797
1) New track...
2) Import track
3) Export...
4) List tracks
5) Change gain [track] [hundredths]
6) Change pan [track] [hundredths]
7) Combine/split [track] [?track]
8) Effects...
9) Quit
1) New track...
2) Import track
3) Export...
4) List tracks
5) Change gain [track] [hundredths]
6) Change pan [track] [hundredths]
7) Combine/split [track] [?track]
8) Effects...
9) Quit
1) New track...
2) Import track
3) Export...
4) List tracks
5) Change gain [track] [hundredths]
6) Change pan [track] [hundredths]
7) Combine/split [track] [?track]
8) Effects...
9) Quit
1) New track...
2) Import track
3) Export...
4) List tracks
5) Change gain [track] [hundredths]
6) Change pan [track] [hundredths]
7) Combine/split [track] [?track]
8) Effects...
9) Quit
1) Apply gain [track] [hundredths]
2) Apply pan [track] [hundredths]
3) Echo [track] [delay in samples]
4) Add silence [track] [number of samples]
5) Cancel
1) New track...
2) Import track
3) Export...
4) List tracks
5) Change gain [track] [hundredths]
6) Change pan [track] [hundredths]
7) Combine/split [track] [?track]
8) Effects...
9) Quit
1) Silence [number of samples]
2) Sine Wave [number of samples] [HZ]
3) Square Wave [number of samples] [HZ]
4) White Noise [number of samples]
5) Cancel
1) New track...
2) Import track
3) Export...
4) List tracks
5) Change gain [track] [hundredths]
6) Change pan [track] [hundredths]
7) Combine/split [track] [?track]
8) Effects...
9) Quit
3) mono samples=6997
6) mono samples=2284
8) stereo samples=6726
9) mono samples=6997
10) mono samples=5464
12) mono samples=6997
13) mono samples=7265
15) mono samples=7501
16) mono samples=3664
17) mono samples=6997
18) mono samples=6997
19) mono samples=6975
21) stereo samples=7914
22) mono samples=7265
24) mono samples=6997
26) mono samples=1631
1) New track...
2) Import track
3) Export...
4) List tracks
5) Change gain [track] [hundredths]
6) Change pan [track] [hundredths]
7) Combine/split [track] [?track]
8) Effects...
9) Quit
1) New track...
2) Import track
3) Export...
4) List tracks
5) Change gain [track] [hundredths]
6) Change pan [track] [hundredths]
7) Combine/split [track] [?track]
8) Effects...
9) Quit
1) Uncompressed 32-bit signed
2) Compressed 4-bit
3) Compressed 8-bit
4) Cancel
|>  dua.   2     @                   ##B#.%)     A  
D:::4 44%$            *%%O#L  		  *    4:4:      %          
   1: 4    	   ;  .    
 %%%. = 9     *g         , 9        ::7   
--##3%%.,
/          
 ----  	  .    4:44#<       4::46              ! (     
 
  :44!'   
*44   S       6*: )            
  R....K& /
   4 4# 4
 44         9)* 
  *%%     & :       
  .M             "
  :::444**
*44 (& 2 %###      
2 4 
     j     :*:**.               ?4  
 *%*%4###(  /     
I        0         -M'        %...      ^4:(              )   ~@         :"74*%*%     .  ##     :         4 UW.      
 
 	 *+ #   !   %%      44**/#"        	  ##...$Q  
   :..       w *:  #*  *d%%  ##
n< 
 *    ,#.    ..@     :: * "   @   ..* *-::( 4#*#  +)	   %   LA 9#
%      ., 0 	   ::::  
D0      ..           44
4#      	   ?8%:*

+                <)4	  :.....         > , ># #*           1##K (        &%%   
*,,%% L**            B. :      *%4  %#                 ,)99# ##'&/  9*%  

     ..& 7;     :      ##'    %%    *#*9  '    4*%.... &&          .):64:
          &&   	#    4*(' <A44 
%  *%    &I....:    .&.           *E4[*F# ##%I9          O4

%
% ,.&&1  :K.::
   &&)      *
4)%      :%*% %
%   4'    ,,Z4::     +        #d4X :?           
&         *%*%%	     ,!''?E #  !  ##         <4   G4    %%%%  9     '    )%%%,,**             #44 [         
[     9          %%..<%%%[%##,   +
  

 -&Y&..#               #44:           ..&&%+
 #  4  7%! (  X 
4


%
%	&         ###' .      44%%           ..  #,   2          :   &$       ::L      ( '     :%::<  *     .    G %%
  :G/5 ) #*)/  :I        -..   44   .?       ' '4
1^ *-   1	!m
+  	 q.             G4+/   ::      O+..  + $0  ,     
  #>+             /...(::      -l6	              M$%         + :  .. '          :--:: N         < 2  !#,
  
 %% 	(       -%	>.            *.          # # ...9  		  # )%!  #%%  %- + #.6;s%  ...      # #  
   .     .   .    2*	% 
 %	#	  ## :.%    %     ## . #      ....9'S H G '   .#'    # ?  *    .%V+## *%%_ #<F 
,###S%%      9[ ..2# #	    6-..# .#  #     HD.         	      2# ;     )# %   
   4"            A%#          1') 5 #      %#%    9#            1-,          > Y     	    #/3'.*  %%*+  	    #..%    #	  #+  +K             # (S    	R	%%#M5'# %# %#!.  1	 ^
	K           .....<    .# #C.        3 # &   $F%% 7   ! OZ..    F    $A..y.%(-...    ..!##6       	   !n-      ,%%     
/..  .#         #...H?J.#     	   =...       JJ8	 #    )#A%%    '5       #(\ %>              #B.+Z!%#        %,.	
7##-2(		1'  ###  ###      .%    	#:## -  f#           ## #    	       7)  ##%!.	 ! 
               ..%    -&YE  As..            :#     D  /% % 	
#..'%           .  ..	    .#   	     . #: %   / .\%%   $ 0 -&.    99      +         399        =9S  6 9$ 
 >9$@949 ,   0      -E H-?      @    # 0    e%       N$O.A" ?-0-/=+  *)o #  , )  (  b :      #M=(K  E, U-H  
     t &     "A $ +   7   +      '  <     /  
62  3  (I / ]  )    :a   +$    ?  7  \5=!.'Y
)	 B  7   ,H  >	:I "!  ?(    -  Um      3 	)q=8 x +g .  "7 "%   6"(        8       B'5   ?    	N$    #Z       	!, 8@l+,8& '     ('L    ;.)
     [I     5(2-6		 e$   	7$&    9;P*= J,,9,     #
   % )                   
     	, 
9    B.&6& ] 	N     #N& 
	+      .     
$         =       !
1  WE(  &)LPX,=+&"	     ;
E*L      :k 	+,N       R <     ='1 0-*,C?'<  	" 	+          P        

 >  38"        	      S 5LD$*#"G8=,
     (%

       hl  	   +	    ^          H  *-G      	/
 ''BCF/+05        FR -      (P_\ b & %  * 8  $ 5
 8  
    /I* =       (*
< 
%8$!DRRR. . )#RR7RR.. /M'RRR.R(."R2RRR:. !>R2R(RR. ',RRR)R0RR?R-RRRWR/=+RTR(RRRiW6#.RRR(RR-. RRRRCR%1O. R?RRRi+/.RKRRR). .RRR8R/. . RRR-R17.. RRR"+. .R@RR. . .. R*R1.. . . R #... . R8. . . . RCN.. . .. R?::::::
::::::::::::::	:::::::::
:::::::::::::	:::
::::	::	::::::::::::::	::::::::::::::::::::::::	::::::
:::	:	:::::::
::::::
::
:::::::	:::::::
::::::::::::::::::
:::::::::::::
:::::::::::::::	:	::::::::::::::::::	:::::::::::
::::::::::::::::::::::::::::::::::::::1) New track...
2) Import track
3) Export...
4) List tracks
5) Change gain [track] [hundredths]
6) Change pan [track] [hundredths]
7) Combine/split [track] [?track]
8) Effects...
9) Quit
