1) Create User
2) Login
3) Exit
: username: 1) Create User
2) Login
3) Exit
: username: 1) Create User
2) Login
3) Exit
: username: Login Success
1) Send Message
2) Read Message
3) List Messages
4) Delete Message
5) Logout
6) Exit
: To: Message: 1) Send Message
2) Read Message
3) List Messages
4) Delete Message
5) Logout
6) Exit
: To: Message: 1) Send Message
2) Read Message
3) List Messages
4) Delete Message
5) Logout
6) Exit
: To: Message: 1) Send Message
2) Read Message
3) List Messages
4) Delete Message
5) Logout
6) Exit
: To: Message: 1) Send Message
2) Read Message
3) List Messages
4) Delete Message
5) Logout
6) Exit
: To: Message: 1) Send Message
2) Read Message
3) List Messages
4) Delete Message
5) Logout
6) Exit
: To: Message: 1) Send Message
2) Read Message
3) List Messages
4) Delete Message
5) Logout
6) Exit
: To: Message: 1) Send Message
2) Read Message
3) List Messages
4) Delete Message
5) Logout
6) Exit
: To: Message: 1) Send Message
2) Read Message
3) List Messages
4) Delete Message
5) Logout
6) Exit
: To: Message: 1) Send Message
2) Read Message
3) List Messages
4) Delete Message
5) Logout
6) Exit
: To: Message: 1) Send Message
2) Read Message
3) List Messages
4) Delete Message
5) Logout
6) Exit
: To: Message: 1) Send Message
2) Read Message
3) List Messages
4) Delete Message
5) Logout
6) Exit
: To: Message: 1) Send Message
2) Read Message
3) List Messages
4) Delete Message
5) Logout
6) Exit
: To: Message: 1) Send Message
2) Read Message
3) List Messages
4) Delete Message
5) Logout
6) Exit
: To: Message: 1) Send Message
2) Read Message
3) List Messages
4) Delete Message
5) Logout
6) Exit
: To: Message: 1) Send Message
2) Read Message
3) List Messages
4) Delete Message
5) Logout
6) Exit
: To: Message: 1) Send Message
2) Read Message
3) List Messages
4) Delete Message
5) Logout
6) Exit
: To: Message: 1) Send Message
2) Read Message
3) List Messages
4) Delete Message
5) Logout
6) Exit
: To: Message: 1) Send Message
2) Read Message
3) List Messages
4) Delete Message
5) Logout
6) Exit
: To: Message: 1) Send Message
2) Read Message
3) List Messages
4) Delete Message
5) Logout
6) Exit
: To: Message: 1) Send Message
2) Read Message
3) List Messages
4) Delete Message
5) Logout
6) Exit
: To: Message: 1) Send Message
2) Read Message
3) List Messages
4) Delete Message
5) Logout
6) Exit
: To: Message: 1) Send Message
2) Read Message
3) List Messages
4) Delete Message
5) Logout
6) Exit
: To: Message: 1) Send Message
2) Read Message
3) List Messages
4) Delete Message
5) Logout
6) Exit
: To: Message: 1) Send Message
2) Read Message
3) List Messages
4) Delete Message
5) Logout
6) Exit
: To: Message: 1) Send Message
2) Read Message
3) List Messages
4) Delete Message
5) Logout
6) Exit
: To: Message: 1) Send Message
2) Read Message
3) List Messages
4) Delete Message
5) Logout
6) Exit
: To: Message: 1) Send Message
2) Read Message
3) List Messages
4) Delete Message
5) Logout
6) Exit
: To: Message: 1) Send Message
2) Read Message
3) List Messages
4) Delete Message
5) Logout
6) Exit
: To: Message: 1) Send Message
2) Read Message
3) List Messages
4) Delete Message
5) Logout
6) Exit
: To: Message: 1) Send Message
2) Read Message
3) List Messages
4) Delete Message
5) Logout
6) Exit
: To: Message: 1) Send Message
2) Read Message
3) List Messages
4) Delete Message
5) Logout
6) Exit
: To: Message: 1) Send Message
2) Read Message
3) List Messages
4) Delete Message
5) Logout
6) Exit
: To: Message: 1) Send Message
2) Read Message
3) List Messages
4) Delete Message
5) Logout
6) Exit
: To: Message: 1) Send Message
2) Read Message
3) List Messages
4) Delete Message
5) Logout
6) Exit
: To: Message: 1) Send Message
2) Read Message
3) List Messages
4) Delete Message
5) Logout
6) Exit
: To: Message: 1) Send Message
2) Read Message
3) List Messages
4) Delete Message
5) Logout
6) Exit
: To: Message: 1) Send Message
2) Read Message
3) List Messages
4) Delete Message
5) Logout
6) Exit
: To: Message: 1) Send Message
2) Read Message
3) List Messages
4) Delete Message
5) Logout
6) Exit
: To: Message: 1) Send Message
2) Read Message
3) List Messages
4) Delete Message
5) Logout
6) Exit
: To: Message: 1) Send Message
2) Read Message
3) List Messages
4) Delete Message
5) Logout
6) Exit
: To: Message: 1) Send Message
2) Read Message
3) List Messages
4) Delete Message
5) Logout
6) Exit
: To: Message: 1) Send Message
2) Read Message
3) List Messages
4) Delete Message
5) Logout
6) Exit
: To: Message: 1) Send Message
2) Read Message
3) List Messages
4) Delete Message
5) Logout
6) Exit
: To: Message: 1) Send Message
2) Read Message
3) List Messages
4) Delete Message
5) Logout
6) Exit
: To: Message: 1) Send Message
2) Read Message
3) List Messages
4) Delete Message
5) Logout
6) Exit
: To: Message: 1) Send Message
2) Read Message
3) List Messages
4) Delete Message
5) Logout
6) Exit
: To: Message: 1) Send Message
2) Read Message
3) List Messages
4) Delete Message
5) Logout
6) Exit
: To: Message: 1) Send Message
2) Read Message
3) List Messages
4) Delete Message
5) Logout
6) Exit
: To: Message: 1) Send Message
2) Read Message
3) List Messages
4) Delete Message
5) Logout
6) Exit
: To: Message: 1) Send Message
2) Read Message
3) List Messages
4) Delete Message
5) Logout
6) Exit
: To: Message: 1) Send Message
2) Read Message
3) List Messages
4) Delete Message
5) Logout
6) Exit
: To: Message: 1) Send Message
2) Read Message
3) List Messages
4) Delete Message
5) Logout
6) Exit
: To: Message: 1) Send Message
2) Read Message
3) List Messages
4) Delete Message
5) Logout
6) Exit
: To: Message: 1) Send Message
2) Read Message
3) List Messages
4) Delete Message
5) Logout
6) Exit
: To: Message: 1) Send Message
2) Read Message
Message: 1) Send Message
2) Read Message
3) List Messages
4) Delete Message
5) Logout
6) Exit
: To: Message: 1) Send Message
2) Read Message
3) List Messages
4) Delete Message
5) Logout
6) Exit
: To: Message: 1) Send Message
2) Read Message
3) List Messages
4) Delete Message
5) Logout
6) Exit
: To: Message: 1) Send Message
2) Read Message
To: Message: 1) Send Message
2) Read Message
3) List Messages
4) Delete Message
5) Logout
6) Exit
: To: Message: 1) Send Message
2) Read Message
3) List Messages
4) Delete Message
5) Logout
6) Exit
: To: Message: 1) Send Message
2) Read Message
3) List Messages
4) Delete Message
5) Logout
6) Exit
: To: Message: Message: 1) Send Message
2) Read Message
3) List Messages
4) Delete Message
5) Logout
6) Exit
: To: Message: 1) Send Message
2) Read Message
3) List Messages
4) Delete Message
5) Logout
6) Exit
: To: Message: 1) Send Message
2) Read Message
3) List Messages
4) Delete Message
5) Logout
6) Exit
: To: Message: 1) Send Message
2) Read Message
To: Message: 1) Send Message
2) Read Message
3) List Messages
4) Delete Message
5) Logout
6) Exit
: To: Message: 1) Send Message
2) Read Message
3) List Messages
4) Delete Message
5) Logout
6) Exit
: To: Message: 1) Send Message
2) Read Message
3) List Messages
4) Delete Message
5) Logout
6) Exit
: To: Message: 1) Send Message
Message: 1) Send Message
2) Read Message
3) List Messages
4) Delete Message
5) Logout
6) Exit
: To: Message: 1) Send Message
2) Read Message
3) List Messages
4) Delete Message
5) Logout
6) Exit
: To: Message: 1) Send Message
2) Read Message
3) List Messages
4) Delete Message
5) Logout
6) Exit
: To: Message: 1) Send Message
2) Read Message
3) List Messages
To: Message: 1) Send Message
2) Read Message
3) List Messages
4) Delete Message
5) Logout
6) Exit
: To: Message: 1) Send Message
2) Read Message
3) List Messages
4) Delete Message
5) Logout
6) Exit
: To: Message: 1) Send Message
2) Read Message
3) List Messages
4) Delete Message
5) Logout
6) Exit
: To: Message: 1) Send Message
2) Read Message
3) List Messages
4) Delete Message
5) Logout
6) Exit
: To: Message: 1) Send Message
2) Read Message
3) List Messages
4) Delete Message
5) Logout
6) Exit
: To: Message: 1) Send Message
2) Read Message
3) List Messages
4) Delete Message
5) Logout
6) Exit
: To: Message: 1) Send Message
2) Read Message
3) List Messages
4) Delete Message
5) Logout
To: Message: 1) Send Message
2) Read Message
3) List Messages
4) Delete Message
5) Logout
6) Exit
: To: Message: 1) Send Message
2) Read Message
3) List Messages
4) Delete Message
5) Logout
6) Exit
: To: Message: 1) Send Message
2) Read Message
3) List Messages
4) Delete Message
5) Logout
6) Exit
: To: Message: To: Message: 1) Send Message
2) Read Message
3) List Messages
4) Delete Message
5) Logout
6) Exit
: To: Message: 1) Send Message
2) Read Message
3) List Messages
4) Delete Message
5) Logout
6) Exit
: To: Message: 1) Send Message
2) Read Message
3) List Messages
4) Delete Message
5) Logout
6) Exit
: To: Message: 1) Send Message
To: Message: 1) Send Message
2) Read Message
3) List Messages
4) Delete Message
5) Logout
6) Exit
: To: Message: 1) Send Message
2) Read Message
3) List Messages
4) Delete Message
5) Logout
6) Exit
: To: Message: 1) Send Message
2) Read Message
3) List Messages
4) Delete Message
5) Logout
6) Exit
: To: Message: To: Message: 1) Send Message
2) Read Message
3) List Messages
4) Delete Message
5) Logout
6) Exit
: To: Message: 1) Send Message
2) Read Message
3) List Messages
4) Delete Message
5) Logout
6) Exit
: To: Message: 1) Send Message
2) Read Message
3) List Messages
4) Delete Message
5) Logout
6) Exit
: To: Message: 1) Send Message
To: Message: 1) Send Message
2) Read Message
3) List Messages
4) Delete Message
5) Logout
6) Exit
: To: Message: 1) Send Message
2) Read Message
3) List Messages
4) Delete Message
5) Logout
6) Exit
: To: Message: 1) Send Message
2) Read Message
3) List Messages
4) Delete Message
5) Logout
6) Exit
: To: Message: 1) Send Message
2) Read Message
3) List Messages
4) Delete Message
5) Logout
6) Exit
: To: Message: 1) Send Message
2) Read Message
3) List Messages
4) Delete Message
5) Logout
6) Exit
: To: Message: 1) Send Message
2) Read Message
3) List Messages
4) Delete Message
5) Logout
6) Exit
: To: Message: 1) Send Message
2) Read Message
3) List Messages
4) Delete Message
5) Logout
6) Exit
