
1 - Enter a Recipe
2 - Find a Recipe
3 - Print Tagged Recipes
4 - Print Shopping List
5 - Exit
Enter Title: Enter the measurement and ingredients, one per line.  A blank line ends.

Enter the step by step instructions.  A blank line to end.

Step 1: 
1 - Enter a Recipe
2 - Find a Recipe
3 - Print Tagged Recipes
4 - Print Shopping List
5 - Exit
Enter search term: 

		hi

Ingredients
-----------
apples

Instructions
------------


Would you like to tag this recipe? 
1 - Enter a Recipe
2 - Find a Recipe
3 - Print Tagged Recipes
4 - Print Shopping List
5 - Exit

	