Welcome to the yolodex.
First: Last: Updating fields.  Send just a newline to keep old data.
New first name: New last name: New phone number: New office number: New gender: Is the user a hacker? First: Last: ****************************************
First name:	Pwnies
Last name:	AAAAAAAAAAAAAAAAAAAA
Phone num:	(123)456-78900AAMyÿký¸
Office Number:	4097
Gender:		Male
[[31m![0m]This user known to be a hacker[[31m![0m]
****************************************
First: Last: Updating fields.  Send just a newline to keep old data.
New first name: New last name: New phone number: New office number: New gender: Is the user a hacker? First: Last: ****************************************
First name:	Robert
Last name:	Morris
Phone num:	(617)253-5982
Office Number:	32972
Gender:		Male
[[31m![0m]This user known to be a hacker[[31m![0m]
****************************************
****************************************