Welcome to the cgcfs shell!
Type help for a list of available commands.
% file created
% directory created
% directory created
% directory created
% directory created
% directory created
% directory created
% directory created
% directory created
% directory created
% directory created
% directory created
% directory created
% directory created
% directory created
% directory created
% directory created
% directory created
% directory created
% directory created
% directory created
% directory created
% directory created
% directory created
% directory created
% directory created
% directory created
% directory created
% directory created
% directory created
% directory created
% directory created
% directory created
% directory created
% directory created
% directory created
% directory created
% directory created
% directory created
% directory created
% directory created
% directory created
% directory created
% directory created
% directory created
% directory created
% directory created
% directory created
% directory created
% directory created
% directory created
% directory created
% directory created
% directory created
% directory created
% directory created
% directory created
% directory created
% directory created
% directory created
% directory created
% directory created
% directory created
% directory created
% directory created
% directory created
% directory created
% directory created
% directory created
% directory created
% directory created
% directory created
% directory created
% directory created
% directory created
% directory created
% directory created
% directory created
% directory created
% directory created
% directory created
% directory created
% directory created
% directory created
% directory created
% directory created
% directory created
% directory created
% directory created
% directory created
% directory created
% directory created
% directory created
% directory created
% directory created
% directory created
% directory created
% directory created
% directory created
% directory created
% directory created
% directory created
% directory created
% directory created
% directory created
% directory created
% directory created
% directory created
% directory created
% directory created
% directory created
% directory created
% directory created
% directory created
% directory created
% directory created
% directory created
% directory created
% directory created
% directory created
% directory created
% directory created
% directory created
% directory created
% directory created
% directory created
% directory created
% directory created
% directory created
% directory created
% % 