ID=gmzMAHDPOTgHFMLIPamCNIvABRmOSmWO
term=cKhysnGqJVmCLYqlRFCoDsqpqsviUUZ&attribute=albumTerm&limit=10
843501129
term=LdqScKxZnWUmSFuCUo&attribute=artistTerm&limit=10
123904330
term=VDwrZaYMmbztgLsVwDkRP&attribute=artistTerm&limit=10
793613287
term=cKXpzeOBh&attribute=albumTerm&limit=10
770104043
term=LKRTjRRGOrmACHQTigJdSCZKvDBHuuxGCmlyWXfd&attribute=albumTerm&limit=10
146232921
term=tiXUN&attribute=artistTerm&limit=10
776351409
term=rHXPbnKUCF&attribute=artistTerm&limit=10
117805844
term=CRLEBvtAChxaBaPAjSWPYLThoB&attribute=songTerm&limit=10
418093981
term=MDUJPSDbNxVPzeVIxytXvAkibViiOPSFG&attribute=albumTerm&limit=10
324485572
term=TBuMQMijNWdBtPbUzGberPpLtUgUiTHXQLJePqxeE&attribute=songTerm&limit=10
35926606
term=CsLqI&attribute=songTerm&limit=10
552961020
term=aoecaFeXKfpTYwATYmsjeIzUkPXxdDoHxuc&attribute=songTerm&limit=10
684766483
term=FZISQtUKW&attribute=songTerm&limit=10
628518924
term=zpMutpNwf&attribute=albumTerm&limit=10
146668995
term=m&attribute=artistTerm&limit=10
998776052
term=UFISfktnJqXJqYUBSSBbRQX&attribute=artistTerm&limit=10
75182421
term=uaxWJUGTsiRRskDVmd&attribute=songTerm&limit=10
449513227
term=mqcxWjDEGd&attribute=albumTerm&limit=10
949549353
term=HAOWHhYI&attribute=songTerm&limit=10
569496440
term=mtAoKowqt&attribute=artistTerm&limit=10
501459357
term=uMwD&attribute=songTerm&limit=10
923446007
term=muyddKzibwIjDwnWXRA&attribute=albumTerm&limit=10
669340337
term=FehZpJcZFwhDWuIMEbdDiBrRiJBviyfXSC&attribute=artistTerm&limit=10
97044745
term=ZLwwYEYrprEvTRudtyzJgPPaVjSVgzsxVdRbT&attribute=artistTerm&limit=10
830424084
term=NVSZEeilQdRsnfBAaJAOYNuFprko&attribute=artistTerm&limit=10
175825027
term=dVLcjnMEAciGCMhZgyNQcUDTFGcSyaYixMeFvrfhpMEVk&attribute=albumTerm&limit=10
508089654
term=LtWQFoAqcRcOGgTv&attribute=albumTerm&limit=10
137966074
term=DdiJUIAVlkiIIDsNtoKyLWBhvhOgkkxiyVffbRERcJ&attribute=albumTerm&limit=10
822223593
term=kStfDvckOssUIziBrXXyjokDztQgBgKTJnNusbnr&attribute=albumTerm&limit=10
829360420
term=VBUomzoLaZIjBZUmcRrdZMULkWgHMHo&attribute=artistTerm&limit=10
296303394
term=HyFxcCZhBOxtQlHkoAzlzuZ&attribute=albumTerm&limit=10
791349302
term=gUKkwkzvfJe&attribute=songTerm&limit=10
29678276
term=ZHpZZZ&attribute=songTerm&limit=10
238169055
term=mDjPpDkBjNJcJYrAUgrjDztgBQkvmSMTidyvP&attribute=songTerm&limit=10
74652550
term=cRbXJtCNhRWoobSpNbjZxtAaqDqLeAC&attribute=songTerm&limit=10
835502487
term=qOqGGOiQyYWjbLbdTspTzFUdEXkWENEVeDJOgTEMJCEfjKiBi&attribute=artistTerm&limit=10
65640734
term=TvAHqmCshDDanFsQmlPxBkjWWyqOGIObJEwJgZSsuF&attribute=artistTerm&limit=10
53210975
term=MWceUthsDpOkGfPQbBnMMHEdpEvFYls&attribute=artistTerm&limit=10
201346965
term=XgdJbAnodUVDCKZPeNnGQUTOAyNZRwSV&attribute=albumTerm&limit=10
24990725
term=GjbTdhKSjSCumRzmipTSlqkqr&attribute=albumTerm&limit=10
928241003
term=nGhexcJejJgPKq&attribute=artistTerm&limit=10
920658828
term=AFNuOogoFWKsvgdydIswpCddIRYS&attribute=artistTerm&limit=10
819038339
term=EDFSDuYslswhpyeuEBpvPzWLUQXaCNaPHZaa&attribute=albumTerm&limit=10
683133369
term=PHLPwMdLYbHSgnNZxZLIhXpQCbBIlBDpkokYePdof&attribute=songTerm&limit=10
910770589
term=TqVevhNmyvSeiGPBwt&attribute=songTerm&limit=10
477543761
term=FYn&attribute=songTerm&limit=10
936750070
term=NgLcGemZllDLvoRBHFbLGtwkQNHIxlmhbJcZ&attribute=albumTerm&limit=10
357040622
term=Hvnsv&attribute=songTerm&limit=10
954327023
term=yhLzC&attribute=songTerm&limit=10
734379862
term=HOqaOmixNiTTGuXGbpJnkpdBYyxRCh&attribute=albumTerm&limit=10
981624986
term=rTlWJCowubeK&attribute=songTerm&limit=10
973836733
term=KMENgviIwIMjufkvCVAcQdJr&attribute=artistTerm&limit=10
808947155
term=IoA&attribute=albumTerm&limit=10
742644736
term=yzAKuzXMEUvG&attribute=albumTerm&limit=10
488176787
term=xvefxzhzuMyfWXrTlebqFcOGFAMAcPxYpyVv&attribute=songTerm&limit=10
216109140
term=KaWoeDToaVVZbWPQyPTjwRKEBPyLOJIwxMErcPmek&attribute=songTerm&limit=10
165747347
term=JuUgvNqUextsKTJsIGFxC&attribute=artistTerm&limit=10
516388728
term=eSeHrTwinskqBVgLnMwwcfkIGidGRVoZdYedzVGshXmLF&attribute=albumTerm&limit=10
691720418
term=rqcbjPRKEFCTNlWM&attribute=artistTerm&limit=10
974233991
term=UQHExdTgUekSIghBOOAcPaQOexbFIjamAfCwoawHWbmah&attribute=artistTerm&limit=10
465943026
term=RAyVzvqWuGhTugzIVhawuiWTJkDKhlSWLQruyI&attribute=albumTerm&limit=10
699268867
term=LDvdxVnucQHpiRfbfyTWexJOlVuEycvjSBJQdN&attribute=artistTerm&limit=10
437683293
term=CFKZgXRIm&attribute=artistTerm&limit=10
412792370
term=RCnNJvlrItDUfKXPCPBNaEENEu&attribute=artistTerm&limit=10
346609177
term=DNgMKrGJGq&attribute=albumTerm&limit=10
998220534
term=fyQoMkiGPDOsJBTtSoRORQmhzAGdWmONQ&attribute=albumTerm&limit=10
772718308
term=AAQIIzhEraWBnjOYzwmScZywpQzoDjglE&attribute=songTerm&limit=10
56378059
term=fEvbfzbtZiFHRlNLQbLe&attribute=songTerm&limit=10
847716989
term=UAPMJuHoQBcLNeosVpEKtkqbLgMwkXjfcdizauBbJNaQGP&attribute=artistTerm&limit=10
191947684
term=jIwNbONmRBwsTXf&attribute=artistTerm&limit=10
987754005
term=AsANojVxUtmqwOfoCcMTarSgawiyrkrKrtPtwxRpu&attribute=albumTerm&limit=10
199446339
term=oLeEsgpVTlxJzHVhcbs&attribute=songTerm&limit=10
93081979
term=wYhXuGsNXtbvCMOgpEncsyKBLxP&attribute=artistTerm&limit=10
188916336
term=Gh&attribute=albumTerm&limit=10
803695088
term=jTGomZRhKOmiQtvNYkDYqECegSQsVgqlRvetS&attribute=albumTerm&limit=10
962733637
term=yINMtUkypDVGW&attribute=songTerm&limit=10
45996425
term=PEoquttG&attribute=artistTerm&limit=10
704388849
term=QKxVfNcxauB&attribute=songTerm&limit=10
34526524
term=TUzQbNfHzKlcCjawoLgCLrDPuNGuh&attribute=songTerm&limit=10
958321461
term=GvHJEClVrYTjQBpFaJlspdCdcUjTIl&attribute=artistTerm&limit=10
114329493
term=lAlgMKVciYNUNcNSTFOPGTXFQgroaxoNTweeXYccDkWpqnV&attribute=albumTerm&limit=10
231238719
term=pLufjJ&attribute=artistTerm&limit=10
277007943
term=LfQJVTorVbTlAZxvBTDSZOqffPAJexIwyAaVe&attribute=artistTerm&limit=10
135518808
675066564
term=rCG&attribute=songTerm&limit=10
901931869
term=wonmNpNCfOOYFWiQDra&attribute=artistTerm&limit=10
246230860
term=KCvk&attribute=songTerm&limit=10
222092212
term=A&attribute=songTerm&limit=10
123629764
term=frMT&attribute=artistTerm&limit=10
525153439
term=QcnrvdYLZjApecRscYmxtlncrTMvxbjpTkmypM&attribute=artistTerm&limit=10
665863296
term=yfgFDJYKBxwcnbiokHYpkEeFgMrTcmnsARhIjKJDyEtgr&attribute=artistTerm&limit=10
752329837
term=sDnLeeiDSQXzbNxxWXuuLxlNlIfhX&attribute=artistTerm&limit=10
672957083
term=hnQGqBDfIAtiiCtgYDw&attribute=albumTerm&limit=10
44300031
term=jru&attribute=artistTerm&limit=10
564008606
term=gK&attribute=songTerm&limit=10
377638215
term=rdcyUzcAMNoaBlEeZSNEVJhCyL&attribute=albumTerm&limit=10
46237925
term=vZXoTnCnlSdBKFdQaH&attribute=artistTerm&limit=10
247865206
term=CruQVdgZWUwflQNgZCRwZIMvAZA&attribute=albumTerm&limit=10
758390459
term=pignigGSvcKstEmGRz&attribute=albumTerm&limit=10
343764391
term=KYDOpTXYKMGBsEQnflqUQDpkgDxYHBAchLuETQlTEuHim&attribute=songTerm&limit=10
466600496
term=DISRJHMjOHdAlU&attribute=artistTerm&limit=10
768410397
term=HgvVqHLMFWqksLJTjJLLKyEIqXmGIXOBo&attribute=albumTerm&limit=10
307109634
term=BFBsOcdcWXvLKoXRlkoLsKDuqAmmyXMAfeDiBu&attribute=albumTerm&limit=10
156412564
term=jmsIpadKkquYnWHYfGLWqVGoixpC&attribute=artistTerm&limit=10
809798591
term=jvDvJAuedpDxzHliWXsstigoDKuMumUjVGlacvpwVA&attribute=artistTerm&limit=10
247007895
term=tHOlEFahrIpoVXpZLQPRJgtcnqvQvQp&attribute=artistTerm&limit=10
580675113
term=woRYJEzzxqLrjFZhjPUJwYkiRfQiXkarOzek&attribute=artistTerm&limit=10
465169060
term=EApLohCqIPR&attribute=artistTerm&limit=10
613842370
term=dlZIAYcyIEaxkThumVpxOKSApZpuiK&attribute=songTerm&limit=10
212401681
term=YFSRBcthELrhPfmCTYYRMjMsKIbARkyTJ&attribute=albumTerm&limit=10
676163468
term=XhhLFpIHSHvoetKzOYMqNzvWTuqcMWjdtDIZfi&attribute=songTerm&limit=10
79478232
term=vmaRW&attribute=artistTerm&limit=10
264380490
term=kKBdCrjBLmuOLCHzlR&attribute=albumTerm&limit=10
950930596
term=ztPiEBdSPcVDWnRKxbwRsRDLNiiMXYOOJbeHgtR&attribute=albumTerm&limit=10
7495817
term=smvmTOBmymGXlggAqZDyuvqnrlihlYHqcYgG&attribute=songTerm&limit=10
102386189
term=GFlLPSydBmorXKxRzWWIvYzpgpPTuNLefskqgzmd&attribute=songTerm&limit=10
779532115
term=uSIJhsbFvCYvXnsKNbwJiCuxfiysD&attribute=albumTerm&limit=10
274037851
546664070
term=EhcHszruAXYdWqdYAtmVpmxSF&attribute=songTerm&limit=10
244108131
term=TuYzIhjrhgnqGUHhdDHDbOrFfo&attribute=albumTerm&limit=10
