ID=xKelQanaejHfgsNaUFtfAgnOBSSjfgxQ
term=smnMrLxQJzFiLhoFklWyPKJbntyISjejiIPRAeZAV&attribute=songTerm&limit=10
693799518
term=GuhckXxqNAbIMQQTmR&attribute=albumTerm&limit=10
76414531
term=RVOOuTfHSxNCpzhiDXAqVNddTk&attribute=songTerm&limit=10
421941783
term=RCTJmaNhWvoDkqOnmKouZxmIcLIKfDotunUnSW&attribute=albumTerm&limit=10
811116330
term=vYr&attribute=songTerm&limit=10
27070513
term=AHLBvqKwiOSbFRIVCBfbSCmZYopuhuHiImBPolqWAYSoQ&attribute=albumTerm&limit=10
247227705
term=QwyEBlfuAyN&attribute=albumTerm&limit=10
394750524
term=plBnKmnUjlXNXILwzXfhbtzHlUxEzS&attribute=albumTerm&limit=10
827182449
term=mniFycnGynIhDmubCaxgoTAaPXK&attribute=artistTerm&limit=10
76197293
term=UMJTOMrDJRoNmvBVGczQWedcYSnS&attribute=artistTerm&limit=10
670011440
term=XNCTdnIIfxmCTgtbcAu&attribute=albumTerm&limit=10
221607811
term=bOQAzKACcnrGbpXzOuMj&attribute=artistTerm&limit=10
848026083
term=dEqjLYPtfLuLckzkfzktyNWc&attribute=albumTerm&limit=10
717034755
term=kmltnYvRlEcGoAinbDTGlQVZggilkuDqbiOIjMQqFCHcEx&attribute=albumTerm&limit=10
517513168
term=hRAIFEpbsEyTERNWTZmbeFAYmISXrtnmMpGXUb&attribute=artistTerm&limit=10
246877026
term=QWAAjwwPjPERbUFACcktJgH&attribute=songTerm&limit=10
88982104
term=sNbMtzGWQnxGcbHcYsQLRWCrOdZjeCfncIEM&attribute=songTerm&limit=10
