[2JMoney:      0
##################################################*#################################################
################################################   #           #####################################
###############################################                  ###################################
######################################      ##     T             ###################################
######################################      #      #      ###### ###################################
#######################################  #$           ####    #$ ###################################
################################  ########    #      ######      ###################################
###############################      ######      ##########  #   ###################################
############################### $  #######        ########        ##################################
###############################      #####       ##    ### T    ####################################
############################### ####  ####  ##   ##            #####################################
###############################      T #######$                #####################################
#################################      ###   ##                ####    #############################
#############################        #####T  ##      $T    ##  ####  #     ##   ####################
###########################          ##### #  ######       #        ####   ##   ####################
###########################  ##     ######  #  ########## ###                  $   #################
##########################   #     #####   #   #############       T            T   ################
########################   # # T  ######  #    ############                         T###############
########################  #      #######  #  ####### # T            $     $ #        ##########  T##
###################  #    ##     #####   #                             $$ ####   ##############    #
#################         ###   # #### ###                           #  #####     ##########       #
##################     ##   ##    ####                                #####       #########  #   # #
################       #    ###    ####      #                       ######  #   #####  ### ##  ## #
###############        #           ###    ###   #     ###         ############ ######   ###  ##  # #
###############        ## T  $     #    ####    #     ##    ##    ##########            ##         #
##################               #   T#####           #     ##  $############                      #
################        ###      ###########               ###  ###############                    #
##################   #########    #######                 #######################  T         ##### #
##########################      ######             ##     #####################              ####  #
########################       #  ###              ######  ###################                     #
########################  ##          $            #### ## ###################  T $                #
#######################                             #      ##################                     $#
##################  ##         ##    ##             ##     ##################                      #
#################    $  #          # #     #   ### ###     #################                       #
################# ##  #####      ###      #     ###### #####################             T         #
#################     #####      ##     ####     ####  #   ###############   #  ##     #        ## #
################      ######  T  #### T########   ##        ############### #######  ##    ###  ## #
################    ##########  #####                           ########### ######  #############  #
################ ############    ####                          T########### ###### ######      ## ##
##############  $###########     ####         T T              ##########   ###### ######         ##
#############   #######         ####                   ### ##############     ##   #######  ##  $  #
###############    T                           ##  ## ###################     ###     #    ###     #
###############  #        #             ####   ###### #############   #            ## ##  ###      #
##################        #$           ####### ######   ###########                 #              #
##################  #   #         #         #   ###     ### #######  ####             $           ##
#######################           #               #    ## $  ##        ##   T    #  #######       ##
########################                           $   ####            ## #            ####     # ##
##########################                    #   T       $          ###      $    # #####         #
#########################   #     #      ######$                $  #########      ########  T##   N#
####################################################################################################
[2JMoney:      0
##################################################V#################################################
################################################  *#           #####################################
###############################################                  ###################################
######################################      ##     T             ###################################
######################################      #      #      ###### ###################################
#######################################  #$           ####    #$ ###################################
################################  ########    #      ######      ###################################
###############################      ######      ##########  #   ###################################
############################### $  #######        ########        ##################################
###############################      #####       ##    ### T    ####################################
############################### ####  ####  ##   ##            #####################################
###############################      T #######$                #####################################
#################################      ###   ##                ####    #############################
#############################        #####T  ##      $T    ##  ####  #     ##   ####################
###########################          ##### #  ######       #        ####   ##   ####################
###########################  ##     ######  #  ########## ###                  $   #################
##########################   #     #####   #   #############       T            T   ################
########################   # # T  ######  #    ############                         T###############
########################  #      #######  #  ####### # T            $     $ #        ##########  T##
###################  #    ##     #####   #                             $$ ####   ##############    #
#################         ###   # #### ###                           #  #####     ##########       #
##################     ##   ##    ####                                #####       #########  #   # #
################       #    ###    ####      #                       ######  #   #####  ### ##  ## #
###############        #           ###    ###   #     ###         ############ ######   ###  ##  # #
###############        ## T  $     #    ####    #     ##    ##    ##########            ##         #
##################               #   T#####           #     ##  $############                      #
################        ###      ###########               ###  ###############                    #
##################   #########    #######                 #######################  T         ##### #
##########################      ######             ##     #####################              ####  #
########################       #  ###              ######  ###################                     #
########################  ##          $            #### ## ###################  T $                #
#######################                             #      ##################                     $#
##################  ##         ##    ##             ##     ##################                      #
#################    $  #          # #     #   ### ###     #################                       #
################# ##  #####      ###      #     ###### #####################             T         #
#################     #####      ##     ####     ####  #   ###############   #  ##     #        ## #
################      ######  T  #### T########   ##        ############### #######  ##    ###  ## #
################    ##########  #####                           ########### ######  #############  #
################ ############    ####                          T########### ###### ######      ## ##
##############  $###########     ####         T T              ##########   ###### ######         ##
#############   #######         ####                   ### ##############     ##   #######  ##  $  #
###############    T                           ##  ## ###################     ###     #    ###     #
###############  #        #             ####   ###### #############   #            ## ##  ###      #
##################        #$           ####### ######   ###########                 #              #
##################  #   #         #         #   ###     ### #######  ####             $           ##
#######################           #               #    ## $  ##        ##   T    #  #######       ##
########################                           $   ####            ## #            ####     # ##
##########################                    #   T       $          ###      $    # #####         #
#########################   #     #      ######$                $  #########      ########  T##   N#
####################################################################################################
[2JMoney:      0
##################################################V#################################################
################################################ * #           #####################################
###############################################                  ###################################
######################################      ##     T             ###################################
######################################      #      #      ###### ###################################
#######################################  #$           ####    #$ ###################################
################################  ########    #      ######      ###################################
###############################      ######      ##########  #   ###################################
############################### $  #######        ########        ##################################
###############################      #####       ##    ### T    ####################################
############################### ####  ####  ##   ##            #####################################
###############################      T #######$                #####################################
#################################      ###   ##                ####    #############################
#############################        #####T  ##      $T    ##  ####  #     ##   ####################
###########################          ##### #  ######       #        ####   ##   ####################
###########################  ##     ######  #  ########## ###                  $   #################
##########################   #     #####   #   #############       T            T   ################
########################   # # T  ######  #    ############                         T###############
########################  #      #######  #  ####### # T            $     $ #        ##########  T##
###################  #    ##     #####   #                             $$ ####   ##############    #
#################         ###   # #### ###                           #  #####     ##########       #
##################     ##   ##    ####                                #####       #########  #   # #
################       #    ###    ####      #                       ######  #   #####  ### ##  ## #
###############        #           ###    ###   #     ###         ############ ######   ###  ##  # #
###############        ## T  $     #    ####    #     ##    ##    ##########            ##         #
##################               #   T#####           #     ##  $############                      #
################        ###      ###########               ###  ###############                    #
##################   #########    #######                 #######################  T         ##### #
##########################      ######             ##     #####################              ####  #
########################       #  ###              ######  ###################                     #
########################  ##          $            #### ## ###################  T $                #
#######################                             #      ##################                     $#
##################  ##         ##    ##             ##     ##################                      #
#################    $  #          # #     #   ### ###     #################                       #
################# ##  #####      ###      #     ###### #####################             T         #
#################     #####      ##     ####     ####  #   ###############   #  ##     #        ## #
################      ######  T  #### T########   ##        ############### #######  ##    ###  ## #
################    ##########  #####                           ########### ######  #############  #
################ ############    ####                          T########### ###### ######      ## ##
##############  $###########     ####         T T              ##########   ###### ######         ##
#############   #######         ####                   ### ##############     ##   #######  ##  $  #
###############    T                           ##  ## ###################     ###     #    ###     #
###############  #        #             ####   ###### #############   #            ## ##  ###      #
##################        #$           ####### ######   ###########                 #              #
##################  #   #         #         #   ###     ### #######  ####             $           ##
#######################           #               #    ## $  ##        ##   T    #  #######       ##
########################                           $   ####            ## #            ####     # ##
##########################                    #   T       $          ###      $    # #####         #
#########################   #     #      ######$                $  #########      ########  T##   N#
####################################################################################################
[2JMoney:      0
##################################################V#################################################
################################################*  #           #####################################
###############################################                  ###################################
######################################      ##     T             ###################################
######################################      #      #      ###### ###################################
#######################################  #$           ####    #$ ###################################
################################  ########    #      ######      ###################################
###############################      ######      ##########  #   ###################################
############################### $  #######        ########        ##################################
###############################      #####       ##    ### T    ####################################
############################### ####  ####  ##   ##            #####################################
###############################      T #######$                #####################################
#################################      ###   ##                ####    #############################
#############################        #####T  ##      $T    ##  ####  #     ##   ####################
###########################          ##### #  ######       #        ####   ##   ####################
###########################  ##     ######  #  ########## ###                  $   #################
##########################   #     #####   #   #############       T            T   ################
########################   # # T  ######  #    ############                         T###############
########################  #      #######  #  ####### # T            $     $ #        ##########  T##
###################  #    ##     #####   #                             $$ ####   ##############    #
#################         ###   # #### ###                           #  #####     ##########       #
##################     ##   ##    ####                                #####       #########  #   # #
################       #    ###    ####      #                       ######  #   #####  ### ##  ## #
###############        #           ###    ###   #     ###         ############ ######   ###  ##  # #
###############        ## T  $     #    ####    #     ##    ##    ##########            ##         #
##################               #   T#####           #     ##  $############                      #
################        ###      ###########               ###  ###############                    #
##################   #########    #######                 #######################  T         ##### #
##########################      ######             ##     #####################              ####  #
########################       #  ###              ######  ###################                     #
########################  ##          $            #### ## ###################  T $                #
#######################                             #      ##################                     $#
##################  ##         ##    ##             ##     ##################                      #
#################    $  #          # #     #   ### ###     #################                       #
################# ##  #####      ###      #     ###### #####################             T         #
#################     #####      ##     ####     ####  #   ###############   #  ##     #        ## #
################      ######  T  #### T########   ##        ############### #######  ##    ###  ## #
################    ##########  #####                           ########### ######  #############  #
################ ############    ####                          T########### ###### ######      ## ##
##############  $###########     ####         T T              ##########   ###### ######         ##
#############   #######         ####                   ### ##############     ##   #######  ##  $  #
###############    T                           ##  ## ###################     ###     #    ###     #
###############  #        #             ####   ###### #############   #            ## ##  ###      #
##################        #$           ####### ######   ###########                 #              #
##################  #   #         #         #   ###     ### #######  ####             $           ##
#######################           #               #    ## $  ##        ##   T    #  #######       ##
########################                           $   ####            ## #            ####     # ##
##########################                    #   T       $          ###      $    # #####         #
#########################   #     #      ######$                $  #########      ########  T##   N#
####################################################################################################
[2JMoney:      0
##################################################V#################################################
################################################   #           #####################################
############################################### *                ###################################
######################################      ##     T             ###################################
######################################      #      #      ###### ###################################
#######################################  #$           ####    #$ ###################################
################################  ########    #      ######      ###################################
###############################      ######      ##########  #   ###################################
############################### $  #######        ########        ##################################
###############################      #####       ##    ### T    ####################################
############################### ####  ####  ##   ##            #####################################
###############################      T #######$                #####################################
#################################      ###   ##                ####    #############################
#############################        #####T  ##      $T    ##  ####  #     ##   ####################
###########################          ##### #  ######       #        ####   ##   ####################
###########################  ##     ######  #  ########## ###                  $   #################
##########################   #     #####   #   #############       T            T   ################
########################   # # T  ######  #    ############                         T###############
########################  #      #######  #  ####### # T            $     $ #        ##########  T##
###################  #    ##     #####   #                             $$ ####   ##############    #
#################         ###   # #### ###                           #  #####     ##########       #
##################     ##   ##    ####                                #####       #########  #   # #
################       #    ###    ####      #                       ######  #   #####  ### ##  ## #
###############        #           ###    ###   #     ###         ############ ######   ###  ##  # #
###############        ## T  $     #    ####    #     ##    ##    ##########            ##         #
##################               #   T#####           #     ##  $############                      #
################        ###      ###########               ###  ###############                    #
##################   #########    #######                 #######################  T         ##### #
##########################      ######             ##     #####################              ####  #
########################       #  ###              ######  ###################                     #
########################  ##          $            #### ## ###################  T $                #
#######################                             #      ##################                     $#
##################  ##         ##    ##             ##     ##################                      #
#################    $  #          # #     #   ### ###     #################                       #
################# ##  #####      ###      #     ###### #####################             T         #
#################     #####      ##     ####     ####  #   ###############   #  ##     #        ## #
################      ######  T  #### T########   ##        ############### #######  ##    ###  ## #
################    ##########  #####                           ########### ######  #############  #
################ ############    ####                          T########### ###### ######      ## ##
##############  $###########     ####         T T              ##########   ###### ######         ##
#############   #######         ####                   ### ##############     ##   #######  ##  $  #
###############    T                           ##  ## ###################     ###     #    ###     #
###############  #        #             ####   ###### #############   #            ## ##  ###      #
##################        #$           ####### ######   ###########                 #              #
##################  #   #         #         #   ###     ### #######  ####             $           ##
#######################           #               #    ## $  ##        ##   T    #  #######       ##
########################                           $   ####            ## #            ####     # ##
##########################                    #   T       $          ###      $    # #####         #
#########################   #     #      ######$                $  #########      ########  T##   N#
####################################################################################################
[2JMoney:      0
##################################################V#################################################
################################################   #           #####################################
###############################################*                 ###################################
######################################      ##     T             ###################################
######################################      #      #      ###### ###################################
#######################################  #$           ####    #$ ###################################
################################  ########    #      ######      ###################################
###############################      ######      ##########  #   ###################################
############################### $  #######        ########        ##################################
###############################      #####       ##    ### T    ####################################
############################### ####  ####  ##   ##            #####################################
###############################      T #######$                #####################################
#################################      ###   ##                ####    #############################
#############################        #####T  ##      $T    ##  ####  #     ##   ####################
###########################          ##### #  ######       #        ####   ##   ####################
###########################  ##     ######  #  ########## ###                  $   #################
##########################   #     #####   #   #############       T            T   ################
########################   # # T  ######  #    ############                         T###############
########################  #      #######  #  ####### # T            $     $ #        ##########  T##
###################  #    ##     #####   #                             $$ ####   ##############    #
#################         ###   # #### ###                           #  #####     ##########       #
##################     ##   ##    ####                                #####       #########  #   # #
################       #    ###    ####      #                       ######  #   #####  ### ##  ## #
###############        #           ###    ###   #     ###         ############ ######   ###  ##  # #
###############        ## T  $     #    ####    #     ##    ##    ##########            ##         #
##################               #   T#####           #     ##  $############                      #
################        ###      ###########               ###  ###############                    #
##################   #########    #######                 #######################  T         ##### #
##########################      ######             ##     #####################              ####  #
########################       #  ###              ######  ###################                     #
########################  ##          $            #### ## ###################  T $                #
#######################                             #      ##################                     $#
##################  ##         ##    ##             ##     ##################                      #
#################    $  #          # #     #   ### ###     #################                       #
################# ##  #####      ###      #     ###### #####################             T         #
#################     #####      ##     ####     ####  #   ###############   #  ##     #        ## #
################      ######  T  #### T########   ##        ############### #######  ##    ###  ## #
################    ##########  #####                           ########### ######  #############  #
################ ############    ####                          T########### ###### ######      ## ##
##############  $###########     ####         T T              ##########   ###### ######         ##
#############   #######         ####                   ### ##############     ##   #######  ##  $  #
###############    T                           ##  ## ###################     ###     #    ###     #
###############  #        #             ####   ###### #############   #            ## ##  ###      #
##################        #$           ####### ######   ###########                 #              #
##################  #   #         #         #   ###     ### #######  ####             $           ##
#######################           #               #    ## $  ##        ##   T    #  #######       ##
########################                           $   ####            ## #            ####     # ##
##########################                    #   T       $          ###      $    # #####         #
#########################   #     #      ######$                $  #########      ########  T##   N#
####################################################################################################
[2JMoney:      0
##################################################V#################################################
################################################   #           #####################################
###############################################                  ###################################
######################################      ## *   T             ###################################
######################################      #      #      ###### ###################################
#######################################  #$           ####    #$ ###################################
################################  ########    #      ######      ###################################
###############################      ######      ##########  #   ###################################
############################### $  #######        ########        ##################################
###############################      #####       ##    ### T    ####################################
############################### ####  ####  ##   ##            #####################################
###############################      T #######$                #####################################
#################################      ###   ##                ####    #############################
#############################        #####T  ##      $T    ##  ####  #     ##   ####################
###########################          ##### #  ######       #        ####   ##   ####################
###########################  ##     ######  #  ########## ###                  $   #################
##########################   #     #####   #   #############       T            T   ################
########################   # # T  ######  #    ############                         T###############
########################  #      #######  #  ####### # T            $     $ #        ##########  T##
###################  #    ##     #####   #                             $$ ####   ##############    #
#################         ###   # #### ###                           #  #####     ##########       #
##################     ##   ##    ####                                #####       #########  #   # #
################       #    ###    ####      #                       ######  #   #####  ### ##  ## #
###############        #           ###    ###   #     ###         ############ ######   ###  ##  # #
###############        ## T  $     #    ####    #     ##    ##    ##########            ##         #
##################               #   T#####           #     ##  $############                      #
################        ###      ###########               ###  ###############                    #
##################   #########    #######                 #######################  T         ##### #
##########################      ######             ##     #####################              ####  #
########################       #  ###              ######  ###################                     #
########################  ##          $            #### ## ###################  T $                #
#######################                             #      ##################                     $#
##################  ##         ##    ##             ##     ##################                      #
#################    $  #          # #     #   ### ###     #################                       #
################# ##  #####      ###      #     ###### #####################             T         #
#################     #####      ##     ####     ####  #   ###############   #  ##     #        ## #
################      ######  T  #### T########   ##        ############### #######  ##    ###  ## #
################    ##########  #####                           ########### ######  #############  #
################ ############    ####                          T########### ###### ######      ## ##
##############  $###########     ####         T T              ##########   ###### ######         ##
#############   #######         ####                   ### ##############     ##   #######  ##  $  #
###############    T                           ##  ## ###################     ###     #    ###     #
###############  #        #             ####   ###### #############   #            ## ##  ###      #
##################        #$           ####### ######   ###########                 #              #
##################  #   #         #         #   ###     ### #######  ####             $           ##
#######################           #               #    ## $  ##        ##   T    #  #######       ##
########################                           $   ####            ## #            ####     # ##
##########################                    #   T       $          ###      $    # #####         #
#########################   #     #      ######$                $  #########      ########  T##   N#
####################################################################################################
[2JMoney:      0
##################################################V#################################################
################################################   #           #####################################
###############################################                  ###################################
######################################      ##*    T             ###################################
######################################      #      #      ###### ###################################
#######################################  #$           ####    #$ ###################################
################################  ########    #      ######      ###################################
###############################      ######      ##########  #   ###################################
############################### $  #######        ########        ##################################
###############################      #####       ##    ### T    ####################################
############################### ####  ####  ##   ##            #####################################
###############################      T #######$                #####################################
#################################      ###   ##                ####    #############################
#############################        #####T  ##      $T    ##  ####  #     ##   ####################
###########################          ##### #  ######       #        ####   ##   ####################
###########################  ##     ######  #  ########## ###                  $   #################
##########################   #     #####   #   #############       T            T   ################
########################   # # T  ######  #    ############                         T###############
########################  #      #######  #  ####### # T            $     $ #        ##########  T##
###################  #    ##     #####   #                             $$ ####   ##############    #
#################         ###   # #### ###                           #  #####     ##########       #
##################     ##   ##    ####                                #####       #########  #   # #
################       #    ###    ####      #                       ######  #   #####  ### ##  ## #
###############        #           ###    ###   #     ###         ############ ######   ###  ##  # #
###############        ## T  $     #    ####    #     ##    ##    ##########            ##         #
##################               #   T#####           #     ##  $############                      #
################        ###      ###########               ###  ###############                    #
##################   #########    #######                 #######################  T         ##### #
##########################      ######             ##     #####################              ####  #
########################       #  ###              ######  ###################                     #
########################  ##          $            #### ## ###################  T $                #
#######################                             #      ##################                     $#
##################  ##         ##    ##             ##     ##################                      #
#################    $  #          # #     #   ### ###     #################                       #
################# ##  #####      ###      #     ###### #####################             T         #
#################     #####      ##     ####     ####  #   ###############   #  ##     #        ## #
################      ######  T  #### T########   ##        ############### #######  ##    ###  ## #
################    ##########  #####                           ########### ######  #############  #
################ ############    ####                          T########### ###### ######      ## ##
##############  $###########     ####         T T              ##########   ###### ######         ##
#############   #######         ####                   ### ##############     ##   #######  ##  $  #
###############    T                           ##  ## ###################     ###     #    ###     #
###############  #        #             ####   ###### #############   #            ## ##  ###      #
##################        #$           ####### ######   ###########                 #              #
##################  #   #         #         #   ###     ### #######  ####             $           ##
#######################           #               #    ## $  ##        ##   T    #  #######       ##
########################                           $   ####            ## #            ####     # ##
##########################                    #   T       $          ###      $    # #####         #
#########################   #     #      ######$                $  #########      ########  T##   N#
####################################################################################################
A wild Pheapxalm attacks!
Eashtel (Lvl 3) versus Pheapxalm (Lvl 5)

Player: Eashtel
        Health 134 / 134

Enemy:  Pheapxalm
        Health 140 / 140
Menu: (A)ttack, (D)efend, (C)apture, (R)etreat
1. Scratch (20)
2. Tornado (40)
What attack to perform?

Player: Eashtel
        Health 110 / 134

Enemy:  Pheapxalm
        Health 134 / 140
Menu: (A)ttack, (D)efend, (C)apture, (R)etreat
Eashtel takes a defensive stance.

Player: Eashtel
        Health 67 / 134

Enemy:  Pheapxalm
        Health 134 / 140
Menu: (A)ttack, (D)efend, (C)apture, (R)etreat
Unable to capture Pheapxalm.

Player: Eashtel
        Health 5 / 134

Enemy:  Pheapxalm
        Health 134 / 140
Menu: (A)ttack, (D)efend, (C)apture, (R)etreat
1. Scratch (20)
2. Tornado (40)
What attack to perform?
[2JMoney:      0
##################################################*#################################################
################################################   #           #####################################
###############################################                  ###################################
######################################      ##     T             ###################################
######################################      #      #      ###### ###################################
#######################################  #$           ####    #$ ###################################
################################  ########    #      ######      ###################################
###############################      ######      ##########  #   ###################################
############################### $  #######        ########        ##################################
###############################      #####       ##    ### T    ####################################
############################### ####  ####  ##   ##            #####################################
###############################      T #######$                #####################################
#################################      ###   ##                ####    #############################
#############################        #####T  ##      $T    ##  ####  #     ##   ####################
###########################          ##### #  ######       #        ####   ##   ####################
###########################  ##     ######  #  ########## ###                  $   #################
##########################   #     #####   #   #############       T            T   ################
########################   # # T  ######  #    ############                         T###############
########################  #      #######  #  ####### # T            $     $ #        ##########  T##
###################  #    ##     #####   #                             $$ ####   ##############    #
#################         ###   # #### ###                           #  #####     ##########       #
##################     ##   ##    ####                                #####       #########  #   # #
################       #    ###    ####      #                       ######  #   #####  ### ##  ## #
###############        #           ###    ###   #     ###         ############ ######   ###  ##  # #
###############        ## T  $     #    ####    #     ##    ##    ##########            ##         #
##################               #   T#####           #     ##  $############                      #
################        ###      ###########               ###  ###############                    #
##################   #########    #######                 #######################  T         ##### #
##########################      ######             ##     #####################              ####  #
########################       #  ###              ######  ###################                     #
########################  ##          $            #### ## ###################  T $                #
#######################                             #      ##################                     $#
##################  ##         ##    ##             ##     ##################                      #
#################    $  #          # #     #   ### ###     #################                       #
################# ##  #####      ###      #     ###### #####################             T         #
#################     #####      ##     ####     ####  #   ###############   #  ##     #        ## #
################      ######  T  #### T########   ##        ############### #######  ##    ###  ## #
################    ##########  #####                           ########### ######  #############  #
################ ############    ####                          T########### ###### ######      ## ##
##############  $###########     ####         T T              ##########   ###### ######         ##
#############   #######         ####                   ### ##############     ##   #######  ##  $  #
###############    T                           ##  ## ###################     ###     #    ###     #
###############  #        #             ####   ###### #############   #            ## ##  ###      #
##################        #$           ####### ######   ###########                 #              #
##################  #   #         #         #   ###     ### #######  ####             $           ##
#######################           #               #    ## $  ##        ##   T    #  #######       ##
########################                           $   ####            ## #            ####     # ##
##########################                    #   T       $          ###      $    # #####         #
#########################   #     #      ######$                $  #########      ########  T##   N#
####################################################################################################
[2JMoney:      0
##################################################V#################################################
################################################  *#           #####################################
###############################################                  ###################################
######################################      ##     T             ###################################
######################################      #      #      ###### ###################################
#######################################  #$           ####    #$ ###################################
################################  ########    #      ######      ###################################
###############################      ######      ##########  #   ###################################
############################### $  #######        ########        ##################################
###############################      #####       ##    ### T    ####################################
############################### ####  ####  ##   ##            #####################################
###############################      T #######$                #####################################
#################################      ###   ##                ####    #############################
#############################        #####T  ##      $T    ##  ####  #     ##   ####################
###########################          ##### #  ######       #        ####   ##   ####################
###########################  ##     ######  #  ########## ###                  $   #################
##########################   #     #####   #   #############       T            T   ################
########################   # # T  ######  #    ############                         T###############
########################  #      #######  #  ####### # T            $     $ #        ##########  T##
###################  #    ##     #####   #                             $$ ####   ##############    #
#################         ###   # #### ###                           #  #####     ##########       #
##################     ##   ##    ####                                #####       #########  #   # #
################       #    ###    ####      #                       ######  #   #####  ### ##  ## #
###############        #           ###    ###   #     ###         ############ ######   ###  ##  # #
###############        ## T  $     #    ####    #     ##    ##    ##########            ##         #
##################               #   T#####           #     ##  $############                      #
################        ###      ###########               ###  ###############                    #
##################   #########    #######                 #######################  T         ##### #
##########################      ######             ##     #####################              ####  #
########################       #  ###              ######  ###################                     #
########################  ##          $            #### ## ###################  T $                #
#######################                             #      ##################                     $#
##################  ##         ##    ##             ##     ##################                      #
#################    $  #          # #     #   ### ###     #################                       #
################# ##  #####      ###      #     ###### #####################             T         #
#################     #####      ##     ####     ####  #   ###############   #  ##     #        ## #
################      ######  T  #### T########   ##        ############### #######  ##    ###  ## #
################    ##########  #####                           ########### ######  #############  #
################ ############    ####                          T########### ###### ######      ## ##
##############  $###########     ####         T T              ##########   ###### ######         ##
#############   #######         ####                   ### ##############     ##   #######  ##  $  #
###############    T                           ##  ## ###################     ###     #    ###     #
###############  #        #             ####   ###### #############   #            ## ##  ###      #
##################        #$           ####### ######   ###########                 #              #
##################  #   #         #         #   ###     ### #######  ####             $           ##
#######################           #               #    ## $  ##        ##   T    #  #######       ##
########################                           $   ####            ## #            ####     # ##
##########################                    #   T       $          ###      $    # #####         #
#########################   #     #      ######$                $  #########      ########  T##   N#
####################################################################################################
[2JMoney:      0
##################################################V#################################################
################################################   #           #####################################
###############################################   *              ###################################
######################################      ##     T             ###################################
######################################      #      #      ###### ###################################
#######################################  #$           ####    #$ ###################################
################################  ########    #      ######      ###################################
###############################      ######      ##########  #   ###################################
############################### $  #######        ########        ##################################
###############################      #####       ##    ### T    ####################################
############################### ####  ####  ##   ##            #####################################
###############################      T #######$                #####################################
#################################      ###   ##                ####    #############################
#############################        #####T  ##      $T    ##  ####  #     ##   ####################
###########################          ##### #  ######       #        ####   ##   ####################
###########################  ##     ######  #  ########## ###                  $   #################
##########################   #     #####   #   #############       T            T   ################
########################   # # T  ######  #    ############                         T###############
########################  #      #######  #  ####### # T            $     $ #        ##########  T##
###################  #    ##     #####   #                             $$ ####   ##############    #
#################         ###   # #### ###                           #  #####     ##########       #
##################     ##   ##    ####                                #####       #########  #   # #
################       #    ###    ####      #                       ######  #   #####  ### ##  ## #
###############        #           ###    ###   #     ###         ############ ######   ###  ##  # #
###############        ## T  $     #    ####    #     ##    ##    ##########            ##         #
##################               #   T#####           #     ##  $############                      #
################        ###      ###########               ###  ###############                    #
##################   #########    #######                 #######################  T         ##### #
##########################      ######             ##     #####################              ####  #
########################       #  ###              ######  ###################                     #
########################  ##          $            #### ## ###################  T $                #
#######################                             #      ##################                     $#
##################  ##         ##    ##             ##     ##################                      #
#################    $  #          # #     #   ### ###     #################                       #
################# ##  #####      ###      #     ###### #####################             T         #
#################     #####      ##     ####     ####  #   ###############   #  ##     #        ## #
################      ######  T  #### T########   ##        ############### #######  ##    ###  ## #
################    ##########  #####                           ########### ######  #############  #
################ ############    ####                          T########### ###### ######      ## ##
##############  $###########     ####         T T              ##########   ###### ######         ##
#############   #######         ####                   ### ##############     ##   #######  ##  $  #
###############    T                           ##  ## ###################     ###     #    ###     #
###############  #        #             ####   ###### #############   #            ## ##  ###      #
##################        #$           ####### ######   ###########                 #              #
##################  #   #         #         #   ###     ### #######  ####             $           ##
#######################           #               #    ## $  ##        ##   T    #  #######       ##
########################                           $   ####            ## #            ####     # ##
##########################                    #   T       $          ###      $    # #####         #
#########################   #     #      ######$                $  #########      ########  T##   N#
####################################################################################################
[2JMoney:      0
##################################################V#################################################
################################################   #           #####################################
###############################################                  ###################################
######################################      ##    *T             ###################################
######################################      #      #      ###### ###################################
#######################################  #$           ####    #$ ###################################
################################  ########    #      ######      ###################################
###############################      ######      ##########  #   ###################################
############################### $  #######        ########        ##################################
###############################      #####       ##    ### T    ####################################
############################### ####  ####  ##   ##            #####################################
###############################      T #######$                #####################################
#################################      ###   ##                ####    #############################
#############################        #####T  ##      $T    ##  ####  #     ##   ####################
###########################          ##### #  ######       #        ####   ##   ####################
###########################  ##     ######  #  ########## ###                  $   #################
##########################   #     #####   #   #############       T            T   ################
########################   # # T  ######  #    ############                         T###############
########################  #      #######  #  ####### # T            $     $ #        ##########  T##
###################  #    ##     #####   #                             $$ ####   ##############    #
#################         ###   # #### ###                           #  #####     ##########       #
##################     ##   ##    ####                                #####       #########  #   # #
################       #    ###    ####      #                       ######  #   #####  ### ##  ## #
###############        #           ###    ###   #     ###         ############ ######   ###  ##  # #
###############        ## T  $     #    ####    #     ##    ##    ##########            ##         #
##################               #   T#####           #     ##  $############                      #
################        ###      ###########               ###  ###############                    #
##################   #########    #######                 #######################  T         ##### #
##########################      ######             ##     #####################              ####  #
########################       #  ###              ######  ###################                     #
########################  ##          $            #### ## ###################  T $                #
#######################                             #      ##################                     $#
##################  ##         ##    ##             ##     ##################                      #
#################    $  #          # #     #   ### ###     #################                       #
################# ##  #####      ###      #     ###### #####################             T         #
#################     #####      ##     ####     ####  #   ###############   #  ##     #        ## #
################      ######  T  #### T########   ##        ############### #######  ##    ###  ## #
################    ##########  #####                           ########### ######  #############  #
################ ############    ####                          T########### ###### ######      ## ##
##############  $###########     ####         T T              ##########   ###### ######         ##
#############   #######         ####                   ### ##############     ##   #######  ##  $  #
###############    T                           ##  ## ###################     ###     #    ###     #
###############  #        #             ####   ###### #############   #            ## ##  ###      #
##################        #$           ####### ######   ###########                 #              #
##################  #   #         #         #   ###     ### #######  ####             $           ##
#######################           #               #    ## $  ##        ##   T    #  #######       ##
########################                           $   ####            ## #            ####     # ##
##########################                    #   T       $          ###      $    # #####         #
#########################   #     #      ######$                $  #########      ########  T##   N#
####################################################################################################
[2JMoney:      0
##################################################V#################################################
################################################   #           #####################################
###############################################                  ###################################
######################################      ##     T             ###################################
######################################      #     *#      ###### ###################################
#######################################  #$           ####    #$ ###################################
################################  ########    #      ######      ###################################
###############################      ######      ##########  #   ###################################
############################### $  #######        ########        ##################################
###############################      #####       ##    ### T    ####################################
############################### ####  ####  ##   ##            #####################################
###############################      T #######$                #####################################
#################################      ###   ##                ####    #############################
#############################        #####T  ##      $T    ##  ####  #     ##   ####################
###########################          ##### #  ######       #        ####   ##   ####################
###########################  ##     ######  #  ########## ###                  $   #################
##########################   #     #####   #   #############       T            T   ################
########################   # # T  ######  #    ############                         T###############
########################  #      #######  #  ####### # T            $     $ #        ##########  T##
###################  #    ##     #####   #                             $$ ####   ##############    #
#################         ###   # #### ###                           #  #####     ##########       #
##################     ##   ##    ####                                #####       #########  #   # #
################       #    ###    ####      #                       ######  #   #####  ### ##  ## #
###############        #           ###    ###   #     ###         ############ ######   ###  ##  # #
###############        ## T  $     #    ####    #     ##    ##    ##########            ##         #
##################               #   T#####           #     ##  $############                      #
################        ###      ###########               ###  ###############                    #
##################   #########    #######                 #######################  T         ##### #
##########################      ######             ##     #####################              ####  #
########################       #  ###              ######  ###################                     #
########################  ##          $            #### ## ###################  T $                #
#######################                             #      ##################                     $#
##################  ##         ##    ##             ##     ##################                      #
#################    $  #          # #     #   ### ###     #################                       #
################# ##  #####      ###      #     ###### #####################             T         #
#################     #####      ##     ####     ####  #   ###############   #  ##     #        ## #
################      ######  T  #### T########   ##        ############### #######  ##    ###  ## #
################    ##########  #####                           ########### ######  #############  #
################ ############    ####                          T########### ###### ######      ## ##
##############  $###########     ####         T T              ##########   ###### ######         ##
#############   #######         ####                   ### ##############     ##   #######  ##  $  #
###############    T                           ##  ## ###################     ###     #    ###     #
###############  #        #             ####   ###### #############   #            ## ##  ###      #
##################        #$           ####### ######   ###########                 #              #
##################  #   #         #         #   ###     ### #######  ####             $           ##
#######################           #               #    ## $  ##        ##   T    #  #######       ##
########################                           $   ####            ## #            ####     # ##
##########################                    #   T       $          ###      $    # #####         #
#########################   #     #      ######$                $  #########      ########  T##   N#
####################################################################################################
[2JMoney:      0
##################################################V#################################################
################################################   #           #####################################
###############################################                  ###################################
######################################      ##     T             ###################################
######################################      #      #      ###### ###################################
#######################################  #$       *   ####    #$ ###################################
################################  ########    #      ######      ###################################
###############################      ######      ##########  #   ###################################
############################### $  #######        ########        ##################################
###############################      #####       ##    ### T    ####################################
############################### ####  ####  ##   ##            #####################################
###############################      T #######$                #####################################
#################################      ###   ##                ####    #############################
#############################        #####T  ##      $T    ##  ####  #     ##   ####################
###########################          ##### #  ######       #        ####   ##   ####################
###########################  ##     ######  #  ########## ###                  $   #################
##########################   #     #####   #   #############       T            T   ################
########################   # # T  ######  #    ############                         T###############
########################  #      #######  #  ####### # T            $     $ #        ##########  T##
###################  #    ##     #####   #                             $$ ####   ##############    #
#################         ###   # #### ###                           #  #####     ##########       #
##################     ##   ##    ####                                #####       #########  #   # #
################       #    ###    ####      #                       ######  #   #####  ### ##  ## #
###############        #           ###    ###   #     ###         ############ ######   ###  ##  # #
###############        ## T  $     #    ####    #     ##    ##    ##########            ##         #
##################               #   T#####           #     ##  $############                      #
################        ###      ###########               ###  ###############                    #
##################   #########    #######                 #######################  T         ##### #
##########################      ######             ##     #####################              ####  #
########################       #  ###              ######  ###################                     #
########################  ##          $            #### ## ###################  T $                #
#######################                             #      ##################                     $#
##################  ##         ##    ##             ##     ##################                      #
#################    $  #          # #     #   ### ###     #################                       #
################# ##  #####      ###      #     ###### #####################             T         #
#################     #####      ##     ####     ####  #   ###############   #  ##     #        ## #
################      ######  T  #### T########   ##        ############### #######  ##    ###  ## #
################    ##########  #####                           ########### ######  #############  #
################ ############    ####                          T########### ###### ######      ## ##
##############  $###########     ####         T T              ##########   ###### ######         ##
#############   #######         ####                   ### ##############     ##   #######  ##  $  #
###############    T                           ##  ## ###################     ###     #    ###     #
###############  #        #             ####   ###### #############   #            ## ##  ###      #
##################        #$           ####### ######   ###########                 #              #
##################  #   #         #         #   ###     ### #######  ####             $           ##
#######################           #               #    ## $  ##        ##   T    #  #######       ##
########################                           $   ####            ## #            ####     # ##
##########################                    #   T       $          ###      $    # #####         #
#########################   #     #      ######$                $  #########      ########  T##   N#
####################################################################################################
[2JMoney:      0
##################################################V#################################################
################################################   #           #####################################
###############################################                  ###################################
######################################      ##     T             ###################################
######################################      #      #      ###### ###################################
#######################################  #$           ####    #$ ###################################
################################  ########    #   *  ######      ###################################
###############################      ######      ##########  #   ###################################
############################### $  #######        ########        ##################################
###############################      #####       ##    ### T    ####################################
############################### ####  ####  ##   ##            #####################################
###############################      T #######$                #####################################
#################################      ###   ##                ####    #############################
#############################        #####T  ##      $T    ##  ####  #     ##   ####################
###########################          ##### #  ######       #        ####   ##   ####################
###########################  ##     ######  #  ########## ###                  $   #################
##########################   #     #####   #   #############       T            T   ################
########################   # # T  ######  #    ############                         T###############
########################  #      #######  #  ####### # T            $     $ #        ##########  T##
###################  #    ##     #####   #                             $$ ####   ##############    #
#################         ###   # #### ###                           #  #####     ##########       #
##################     ##   ##    ####                                #####       #########  #   # #
################       #    ###    ####      #                       ######  #   #####  ### ##  ## #
###############        #           ###    ###   #     ###         ############ ######   ###  ##  # #
###############        ## T  $     #    ####    #     ##    ##    ##########            ##         #
##################               #   T#####           #     ##  $############                      #
################        ###      ###########               ###  ###############                    #
##################   #########    #######                 #######################  T         ##### #
##########################      ######             ##     #####################              ####  #
########################       #  ###              ######  ###################                     #
########################  ##          $            #### ## ###################  T $                #
#######################                             #      ##################                     $#
##################  ##         ##    ##             ##     ##################                      #
#################    $  #          # #     #   ### ###     #################                       #
################# ##  #####      ###      #     ###### #####################             T         #
#################     #####      ##     ####     ####  #   ###############   #  ##     #        ## #
################      ######  T  #### T########   ##        ############### #######  ##    ###  ## #
################    ##########  #####                           ########### ######  #############  #
################ ############    ####                          T########### ###### ######      ## ##
##############  $###########     ####         T T              ##########   ###### ######         ##
#############   #######         ####                   ### ##############     ##   #######  ##  $  #
###############    T                           ##  ## ###################     ###     #    ###     #
###############  #        #             ####   ###### #############   #            ## ##  ###      #
##################        #$           ####### ######   ###########                 #              #
##################  #   #         #         #   ###     ### #######  ####             $           ##
#######################           #               #    ## $  ##        ##   T    #  #######       ##
########################                           $   ####            ## #            ####     # ##
##########################                    #   T       $          ###      $    # #####         #
#########################   #     #      ######$                $  #########      ########  T##   N#
####################################################################################################
A wild Pheapxalm attacks!
Eashtel (Lvl 3) versus Pheapxalm (Lvl 6)

Player: Eashtel
        Health 134 / 134

Enemy:  Pheapxalm
        Health 148 / 148
Menu: (A)ttack, (D)efend, (C)apture, (R)etreat
Unable to retreat...

Player: Eashtel
        Health 93 / 134

Enemy:  Pheapxalm
        Health 148 / 148
Menu: (A)ttack, (D)efend, (C)apture, (R)etreat
Eashtel takes a defensive stance.

Player: Eashtel
        Health 64 / 134

Enemy:  Pheapxalm
        Health 148 / 148
Menu: (A)ttack, (D)efend, (C)apture, (R)etreat
Unable to capture Pheapxalm.

Player: Eashtel
        Health 12 / 134

Enemy:  Pheapxalm
        Health 148 / 148
Menu: (A)ttack, (D)efend, (C)apture, (R)etreat
1. Scratchy:      0
##################################################V#################################################
################################################  *#           #####################################
###############################################                  ###################################
######################################      ##     T             ###################################
######################################      #      #      ###### ###################################
#######################################  #$           ####    #$ ###################################
################################  ########    #      ######      ###################################
###############################      ######      ##########  #   ###################################
############################### $  #######        ########        ##################################
###############################      #####       ##    ### T    ####################################
############################### ####  ####  ##   ##            #####################################
###############################      T #######$                #####################################
#################################      ###   ##                ####    #############################
#############################        #####T  ##      $T    ##  ####  #     ##   ####################
###########################          ##### #  ######       #        ####   ##   ####################
###########################  ##     ######  #  ########## ###                  $   #################
##########################   #     #####   #   #############       T            T   ################
########################   # # T  ######  #    ############                         T###############
########################  #      #######  #  ####### # T            $     $ #        ##########  T##
###################  #    ##     #####   #                             $$ ####   ##############    #
#################         ###   # #### ###                           #  #####     ##########       #
##################     ##   ##    ####                                #####       #########  #   # #
################       #    ###    ####      #                       ######  #   #####  ### ##  ## #
###############        #           ###    ###   #     ###         ############ ######   ###  ##  # #
###############        ## T  $     #    ####    #     ##    ##    ##########            ##         #
##################               #   T#####           #     ##  $############                      #
################        ###      ###########               ###  ###############                    #
##################   #########    #######                 #######################  T         ##### #
##########################      ######             ##     #####################              ####  #
########################       #  ###              ######  ###################                     #
########################  ##          $            #### ## ###################  T $                #
#######################                             #      ##################                     $#
##################  ##         ##    ##             ##     ##################                      #
#################    $  #          # #     #   ### ###     #################                       #
################# ##  #####      ###      #     ###### #####################             T         #
#################     #####      ##     ####     ####  #   ###############   #  ##     #        ## #
################      ######  T  #### T########   ##        ############### #######  ##    ###  ## #
################    ##########  #####                           ########### ######  #############  #
################ ############    ####                          T########### ###### ######      ## ##
##############  $###########     ####         T T              ##########   ###### ######         ##
#############   #######         ####                   ### ##############     ##   #######  ##  $  #
###############    T                           ##  ## ###################     ###     #    ###     #
###############  #        #             ####   ###### #############   #            ## ##  ###      #
##################        #$           ####### ######   ###########                 #              #
##################  #   #         #         #   ###     ### #######  ####             $           ##
#######################           #               #    ## $  ##        ##   T    #  #######       ##
########################                           $   ####            ## #            ####     # ##
##########################                    #   T       $          ###      $    # #####         #
#########################   #     #      ######$                $  #########      ########  T##   N#
####################################################################################################
[[2JMoney:      0
##################################################V#################################################
################################################*  #           #####################################
###############################################                  ###################################
######################################      ##     T             ###################################
######################################      #      #      ###### ###################################
#######################################  #$           ####    #$ ###################################
################################  ########    #      ######      ###################################
###############################      ######      ##########  #   ###################################
############################### $  #######        ########        ##################################
###############################      #####       ##    ### T    ####################################
############################### ####  ####  ##   ##            #####################################
###############################      T #######$                #####################################
#################################      ###   ##                ####    #############################
#############################        #####T  ##      $T    ##  ####  #     ##   ####################
###########################          ##### #  ######       #        ####   ##   ####################
###########################  ##     ######  #  ########## ###                  $   #################
##########################   #     #####   #   #############       T            T   ################
########################   # # T  ######  #    ############                         T###############
########################  #      #######  #  ####### # T            $     $ #        ##########  T##
###################  #    ##     #####   #                             $$ ####   ##############    #
#################         ###   # #### ###                           #  #####     ##########       #
##################     ##   ##    ####                                #####       #########  #   # #
################       #    ###    ####      #                       ######  #   #####  ### ##  ## #
###############        #           ###    ###   #     ###         ############ ######   ###  ##  # #
###############        ## T  $     #    ####    #     ##    ##    ##########            ##         #
##################               #   T#####           #     ##  $############                      #
################        ###      ###########               ###  ###############                    #
##################   #########    #######                 #######################  T         ##### #
##########################      ######             ##     #####################              ####  #
########################       #  ###              ######  ###################                     #
########################  ##          $            #### ## ###################  T $                #
#######################                             #      ##################                     $#
##################  ##         ##    ##             ##     ##################                      #
#################    $  #          # #     #   ### ###     #################                       #
################# ##  #####      ###      #     ###### #####################             T         #
#################     #####      ##     ####     ####  #   ###############   #  ##     #        ## #
################      ######  T  #### T########   ##        ############### #######  ##    ###  ## #
################    ##########  #####                           ########### ######  #############  #
################ ############    ####                          T########### ###### ######      ## ##
##############  $###########     ####         T T              ##########   ###### ######         ##
#############   #######         ####                   ### ##############     ##   #######  ##  $  #
###############    T                           ##  ## ###################     ###     #    ###     #
###############  #        #             ####   ###### #############   #            ## ##  ###      #
##################        #$           ####### ######   ###########                 #              #
##################  #   #         #         #   ###     ### #######  ####             $           ##
#######################           #               #    ## $  ##        ##   T    #  #######       ##
########################                           $   ####            ## #            ####     # ##
##########################                    #   T       $          ###      $    # #####         #
#########################   #     #      ######$                $  #########      ########  T##   N#
####################################################################################################
A[2JMWelcome to Vet Center! How cperform?
[2JMoney: