206
7705
6141
1883
3766
1883
1883
3766
3766
206
7705
6141
1883
3766
1883
1883
3766
3766
206
7705
6141
1883
3766
1883
1883
3766
3766
206
7705
6141
1883
3766
1883
1883
3766
3766
2450
4003
1569
9410
156
7066
2738
8715
3719
5870
6715
6715
9987
16436
2470
7232
6703
5132
6703
8068
8068
24469
16136
8068
8068
4635
24576
39005
32272
16136
404
42029
13168
6584
7775
9402
8475
7901
7901
10880
5440
5440
7306
8988
18600
5635
470
72380
9936
4318
36190
18095
6552
18095
18095
3000
4801
4801
4801
7956
6216
3108
572
3665
572
9187
572
572
572
2764
1716
2288
1144
4942
564
6638
39749
32972
32972
8376
7285
146
34823
22134
7378
7378
7378
2867
7378
6051
2466
12102
12102
12102
24204
58201
12102
12102
12102
48408
3188
96816
393
9360
7402
393
393
393
715
14392
7845
2269
2269
8709
8113
29405
448
4538
2269
4538
4538
4538
4538
719
1560
685
1669
12292
12292
297
2936
52210
24584
10644
24584
7661
1400
1725
2974
2974
5948
5948
2974
2974
2974
10173
30928
30928
9722
19444
9722
9722
9722
19444
381
4447
4447
10682
8373
6811
13622
4801
4801
4801
7956
6216
3108
572
3665
572
9187
572
572
572
2764
1716
2288
1144
4942
564
6638
39749
32972
32972
8376
7285
146
34823
22134
7378
7378
7378
2867
7378
6051
2466
12102
12102
12102
24204
58201
12102
12102
12102
48408
3188
96816
393
9360
7402
393
393
393
715
14392
7845
2269
2269
8709
8113
29405
448
4538
2269
4538
4538
4538
4538
9442
9985
9985
13104
6000
4022
26208
26208
2769
12413
696
2132
2784
2784
8688
1720
8504
9180
9180
18360
1859
490
490
490
4801
4801
4801
7956
6216
3108
572
3665
572
9187
572
572
572
2764
1716
2288
1144
4942
564
6638
39749
32972
32972
8376
7285
146
34823
22134
7378
7378
7378
2867
7378
6051
2466
12102
12102
12102
24204
58201
12102
12102
12102
48408
3188
96816
393
9360
7402
393
393
393
715
14392
7845
2269
2269
8709
8113
29405
448
4538
2269
4538
4538
4538
4538
11788
5894
15432
5894
7969
9849
8647
8647
8647
8647
17294
3016
34588
34588
58
3417
3172
3172
3172
7957
7957
4400
6320
17766
6374
71064
35532
2829
142128
5303
15586
23377
206
7705
6141
1883
3766
1883
1883
3766
3766
11788
5894
15432
5894
7969
9849
8647
8647
8647
8647
17294
3016
34588
34588
58
3417
3172
3172
3172
7957
7957
4400
6320
17766
6374
71064
35532
2829
142128
5303
15586
23377
4801
4801
4801
7956
6216
3108
572
3665
572
9187
572
572
572
2764
1716
2288
1144
4942
564
6638
39749
32972
32972
8376
7285
146
34823
22134
7378
7378
7378
2867
7378
6051
2466
12102
12102
12102
24204
58201
12102
12102
12102
48408
3188
96816
393
9360
7402
393
393
393
715
14392
7845
2269
2269
8709
8113
29405
448
4538
2269
4538
4538
4538
4538
1725
2974
2974
5948
5948
2974
2974
2974
10173
30928
30928
9722
19444
9722
9722
9722
19444
381
4447
4447
10682
8373
6811
13622
2450
4003
1569
9410
156
7066
2738
8715
3719
5870
6715
6715
9987
16436
2470
7232
6703
5132
6703
8068
8068
24469
16136
8068
8068
4635
24576
39005
32272
16136
404
42029
13168
6584
7775
9402
8475
7901
7901
10880
5440
5440
7306
8988
18600
5635
470
72380
9936
4318
36190
18095
6552
18095
18095
3000
17032
3200
8677
7861
23583
23583
23583
7364
2025
36399
36399
8545
8545
8545
8545
9022
8649
2322
8724
8724
7880
8724
37857
4306
1878
4161
6906
6906
27624
27624
27624
9142
6906
7706
7190
6574
4658
18559
8856
37118
18559
9704
1725
2974
2974
5948
5948
2974
2974
2974
10173
30928
30928
9722
19444
9722
9722
9722
19444
381
4447
4447
10682
8373
6811
13622
11788
5894
34588
58
3417
3172
3172
3172
7957
7957
4400
6320
17766
6374
71064
35532
2829
142128
5303
15586
23377
5841
11260
5630
8384
8384
1089
13159
13159
26318
381
13159
3385
2806
6288
6288
6916
6916
6916
448
448
2731
896
9097
448
448
6269
11788
5894
15432
5894
7969
9849
8647
8647
8647
8647
17294
3016
34588
34588
58
3417
3172
3172
3172
7957
7957
4400
6320
17766
6374
71064
35532
2829
142128
5303
15586
23377
206
7705
6141
1883
5132
6703
8068
8068
24469
16136
8068
8068
4635
24576
39005
32272
16136
404
42029
13168
8475
7901
7901
10880
5440
5440
7306
8988
18600
5635
470
72380
9936
4318
36190
18095
12102
12102
24204
58201
12102
12102
12102
48408
3188
96816
393
9360
7402
393
393
393
715
14392
7845
2269
2269
8709
8113
29405
448
4538
2269
4538
4538
4538
4538
11788
5894
15432
5894
7969
9849
8647
8647
8647
8647
17294
3016
34588
34588
58
3417
3172
3172
3172
7957
7957
4400
7957
7957
4400
6320
17766
6374
71064
35532
2829
142128
5303
15586
23377
5841
11260
11260
5630
8384
8384
1089
13159
13159
26318
381
13159
3385
2806
6288
6288
6916
6916
6916
448
448
2731
896
9097
448
448
6269
17032
3200
8677
7861
23583
23583
23583
7364
2025
36399
36399
8545
8545
8545
8545
9022
8649
2322
8724
8724
4635
24576
39005
32272
16136
404
42029
13168
6584
7775
9402
8475
7901
7901
10880
544034588
58
3417
3172
3172
3172
7957
7957
4400
6320
17766
6374
71064
35532
2829
142128
5303
15586
23377
27698504
9180
9180
18360
1859
490
490
490
9442
9985
9985
13104
6000
4022
26208
26208
2867
7378
6051
2466
12102
12102
12102
24204
58201
12102
12102
12102
48408
3188
96816
393
9360
7402
393
393
393
715
14392
7845
2269
2269
8709
8113
29405
448
4538
2269
4538
4538
4538
4538
1725
2974
2974
5948
5948
2974
2974
2974
10173
30928
30928
9722
19444
9722
9722
9722
19444
381
4447
4447
10682
8373
6811
13622

6916
6916
448
448
2731
896
9097
448
448
6269
9442
9985
9985
13104
6000
4022
26208
26208
17032
3200
8677
7861
23583
23583
23583
7364
2025
36399
36399
8545
8545
11788
5894
15432
5894
7969
9849
8647
8647
8647
8647
17294
3016
34588
34588
58
3417
31723172
3172
7957
7957
4400
6320
17766
6374
71064
35532
2829
142128
5303
15586
23377
5841

6288
6916
6916
6916
448
448
2731
896
9097
448
448
6269
11788
5894
15432
5894