780
4615
4615
1305
8923
18048
9800
9800
19600
7527
3742
9800
31334
15667
15667
23130
23130
13474
1772
9626
10084
20168
60504
7248
11483
2646
2646
2646
15876
7938
15876
4865
4865
4865
4865
4865
9123
6046
853
6263
5444
5520
1657
6949
9548
19096
4163
4144
11247
19096
9548
6896
21293
30108
15054
15054
45162
15054
144
12861
3039
25722
4287
4287
8574
4287
2086
4287
8574
2621
4287
6417
8160
4287
8574
4287
9966
4287
4287
4287
4287
4287
4287
2031
4665
1061
1061
1846
923
7111
2769
2769
2769
2769
2769
2769
2769
1389
8307
6446
6046
853
6263
5444
5520
1657
9850
16190
32380
32380
48570
16190
5674
230
64760
961
9120
97140
3909
4759
3473
34372
68744
7727
17186
3487
3648
4608
543
2828
6913
5656
2828
8484
8484
2828
15547
4884
6972
6043
982
12752
6644
6644
6644
6644
6644
6644
6644
5711
922
3480
3480
8043
6960
13448
1066
8130
3256
3256
897
39072
39072
26048
2726
4969
2765
2324
6440
6440
6440
6440
6440
12880
12880
12880
12880
6949
9548
19096
4163
4144
11247
19096
9548
6896
21293
30108
15054
15054
45162
15054
144
12861
3039
25722
4287
4287
8574
4287
2086
4287
8574
2621
4287
6417
8160
4287
8574
4287
9966
4287
4287
4287
4287
4287
4287
2031
4665
1061
1061
1846
923
7111
2769
2769
2769
2769
2769
2769
2769
1389
8307
6446
16230
16230
2469
32460
37641
7268
129840
32460
32460
32460
64920
5712
32460
300228
10271
18006
122
26292
1573
1573
6156
9354
11504
1857
5752
5752
11504
3961
103536
103536
103536
103536
109977
310608
310608
364
8417
6223
2484864
7850
2484864
506
506
2957
10188
12135
6156
9354
11504
1857
5752
5752
11504
3961
103536
103536
103536
103536
109977
310608
310608
364
8417
6223
2484864
7850
2484864
506
506
2957
10188
12135
6046
853
6263
5444
5520
1657
8065
7312
7312
7312
13036
7312
7312
29528
14624
20877
3909
2526
2526
8659
4352
4915
8745
724
19101
19101
19101
19101
19101
6310
6310
11737
11737
11737
11737
79188
4685
140844
8241
15385
15385
46155
5813
46155
184620
7568
11946
1690
9508
8125
9300
5933
5046
7689
780
4615
4615
1305
8923
18048
9800
9800
19600
7527
3742
9800
31334
15667
15667
23130
23130
13474
1772
9626
10084
20168
60504
7248
11483
2646
2646
2646
15876
7938
15876
4865
4865
4865
4865
4865
9123
6046
853
6263
5444
5520
1657
780
4615
4615
1305
8923
18048
9800
9800
19600
7527
3742
9800
31334
15667
15667
23130
23130
13474
1772
9626
10084
20168
60504
7248
11483
2646
2646
2646
15876
7938
15876
4865
4865
4865
4865
4865
9123
6949
9548
19096
4163
4144
11247
19096
9548
6896
21293
30108
15054
15054
45162
15054
144
12861
3039
25722
4287
4287
8574
4287
2086
4287
8574
2621
4287
6417
8160
4287
8574
4287
9966
4287
4287
4287
4287
4287
4287
2031
4665
1061
1061
1846
923
7111
2769
2769
2769
2769
2769
2769
2769
1389
8307
6446
6949
9548
19096
4163
4144
11247
19096
9548
6896
21293
30108
15054
15054
45162
15054
144
12861
3039
25722
4287
4287
8574
4287
2086
4287
8574
2621
4287
6417
8160
4287
8574
4287
9966
4287
4287
4287
4287
4287
4287
2031
4665
1061
1061
1846
923
7111
2769
2769
2769
2769
2769
2769
2769
1389
8307
6446
