3954
19410
358
11680
11680
21355
7092
338
11528
8873
1893
9227
17718
3954
19410
358
11680
11680
21355
7092
338
11528
8873
1893
9227
17718
3954
19410
358
11680
11680
21355
7092
338
11528
8873
1893
9227
17718
3314
6570
13049
13049
21735
13049
13049
13049
13049
234882
78294
78294
4091
156588
78294
156588
156588
4674
173
9171
9171
3261
3261
8601
6522
3352
5028
10558
2735
6670
11807
26680
2871
13340
4958
13340
26680
4207
2733
12783
2907
18699
2936
5872
8808
2936
5872
2936
2936
3509
18976
5335
1364
6455
8374
8374
14480
7240
2735
6670
11807
26680
2871
13340
4958
13340
26680
4207
2733
12783
2907
18699
2936
5872
8808
2936
5872
2936
2936
3509
18976
5335
1364
6455
8374
8374
14480
7240
3314
6570
13049
13049
21735
13049
13049
13049
13049
234882
78294
78294
4091
156588
78294
156588
156588
3954
19410
358
11680
11680
21355
7092
338
11528
8873
1893
9227
17718
4748
4748
4748
4748
4748
4748
3846
8586
4748
633
5630
4232
633
16180
1266
1266
633
633
633
1266
633
240
240
3224
480
9330
480
480
730
480
1920
960
960
1920
1920
1920
1920
34
68
34
34
102
68
34
9780
7517
6780
146700
64505
29340
29340
58680
58680
58680
58680
122419
122419
122419
122419
244838
122419
126783
122419
122419
244838
244838
1556
1378
1556
1556
7846
7400
6516
1556
7373
7373
2357
2229
98
14746
6570
9316
642
3680
2404
9974
926
773
773
4928
4928
4928
4928
4928
4928
9856
4928
4840
4840
10055
10055
4483
12719
9310
1143
25636
5506
14621
33036
637
1767
5720
2311
452
8962
394
4416
9183
11127
9474
4737
4737
4511
4511
7395
14514
7257
2693
7257
12216
4674
173
9171
9171
3261
3261
8601
6522
3352
5028
10558
2735
6670
11807
26680
2871
13340
4958
13340
26680
4207
2733
12783
2907
18699
2936
5872
8808
2936
5872
2936
2936
3509
18976
5335
1364
6455
8374
8374
14480
7240
7117
4363
4363
8726
8726
8726
8726
17452
6868
5056
3940
6433
7036
5056
5056
15078
7539
11850
5056
16090
1749
9115
4317
281
25209
25209
25209
25209
226881
75627
75627
781
75627
751
751
751
751
1502
751
5880
2253
378135
75627
75627
75627
226881
226881
226881
5394
3754
2697
3133
3133
6266
6266
9399
3133
3133
2046
8985
1850
16532
8266
1499
8266
7779
7779
8266
8266
8887
29702
17826
4748
4748
4748
4748
4748
4748
3846
8586
4748
633
5630
4232
633
16180
1266
1266
633
633
633
1266
633
240
240
3224
480
9330
480
480
730
480
1920
960
960
1920
1920
1920
1920
34
68
34
34
102
68
34
9780
7517
6780
146700
64505
29340
29340
58680
58680
58680
58680
122419
122419
122419
122419
244838
122419
126783
122419
122419
244838
244838
1556
1378
1556
1556
7846
7400
6516
1556
7373
7373
2357
2229
98
14746
6570
9316
642
8680
2351
8881
26643
9914
29742
9914
9914
19828
9914
9914
9696
43157
139349
43157
43157
86314
43157
2642
1441
1441
2882
8291
5252
7162
14324
12451
37353
22772
5492
45544
11386
7626
3746
11386
8119
22772
22772
6857
22772
45544
2438
45544
45544
8557
1743
148
148
1359
6998
3660
7276
14408
7276
7276
22492
7276
7276
709
7276
9174
7276
7276
3954
19410
358
11680
11680
21355
7092
338
11528
8873
1893
9227
17718
7117
4363
4363
8726
8726
8726
8726
17452
6868
5056
3940
6433
7036
5056
5056
15078
7539
11850
5056
16090
1749
9115
4317
281
25209
25209
25209
25209
226881
75627
75627
781
75627
751
751
751
751
1502
751
5880
2253
378135
75627
75627
75627
226881
226881
226881
5394
3754
2697
3133
3133
6266
6266
9399
3133
3133
2046
8985
1850
16532
8266
1499
8266
7779
7779
8266
8266
8887
29702
17826
4748
4748
4748
4748
4748
4748
3846
8586
4748
633
5630
4232
633
16180
1266
1266
633
633
633
1266
633
240
240
3224
480
9330
480
480
730
480
1920
960
960
1920
1920
1920
1920
34
68
34
34
102
68
34
9780
7517
6780
146700
64505
29340
29340
58680
58680
58680
58680
122419
122419
122419
122419
244838
122419
126783
122419
122419
244838
244838
1556
1378
1556
1556
7846
7400
6516
1556
7373
7373
2357
2229
98
14746
6570
9316
642
2735
6670
11807
26680
2871
13340
4958
13340
26680
4207
2733
12783
2907
18699
2936
5872
8808
2936
5872
2936
2936
3509
18976
5335
1364
6455
8374
8374
14480
7240
8680
2351
8881
26643
9914
29742
9914
9914
19828
9914
9914
9696
43157
139349
43157
43157
86314
43157
2642
1441
1441
2882
8291
5252
7162
14324
12451
37353
22772
5492
45544
11386
7626
3746
11386
8119
22772
22772
6857
22772
45544
2438
45544
45544
8557
1743
148
148
1359
6998
3660
7276
14408
7276
7276
22492
7276
7276
709
7276
9174
7276
7276
4748
4748
4748
4748
4748
4748
3846
8586
4748
633
5630
4232
633
16180
1266
1266
633
633
633
1266
633
240
240
3224
480
9330
480
480
730
480
1920
960
960
1920
1920
1920
1920
34
68
34
34
102
68
34
9780
7517
6780
146700
64505
29340
29340
58680
58680
58680
58680
122419
122419
122419
122419
244838
122419
126783
122419
122419
244838
244838
1556
1378
1556
1556
7846
7400
6516
1556
7373
7373
2357
2229
98
14746
6570
9316
642
7117
4363
4363
8726
8726
8726
8726
17452
6868
5056
3940
6433
7036
5056
5056
15078
7539
11850
5056
16090
1749
9115
4317
281
25209
25209
25209
25209
226881
75627
75627
781
75627
751
751
751
751
1502
751
5880
2253
378135
75627
75627
75627
226881
226881
226881
5394
3754
2697
3133
3133
6266
6266
9399
3133
3133
2046
8985
1850
16532
8266
1499
8266
7779
7779
8266
8266
8887
29702
17826
4674
173
9171
9171
3261
3261
8601
6522
3352
5028
10558
4674
173
9171
9171
3261
3261
