923
23022
7674
7674
7674
7674
7674
6806
7674
7674
7509
3230
7505
6448
7674
15348
7674
10643
7674
7674
1436
6235
19065
12710
6355
6355
3395
31775
6355
38130
3392
3392
6784
6784
6784
6784
6784
13568
7694
6784
6784
9053
2159
4089
4089
8678
3464
1040
6964
6928
6928
6928
3464
28065
9355
37420
9355
11040
11040
44160
88320
88320
181608
3890
3890
923
23022
7674
7674
7674
7674
7674
6806
7674
7674
7509
3230
7505
6448
7674
15348
7674
10643
7674
7674
1436
6235
19065
12710
6355
6355
3395
31775
6355
38130
3392
3392
6784
6784
6784
6784
6784
13568
7694
6784
6784
9053
2159
4089
4089
8678
3464
1040
6964
6928
6928
6928
3464
28065
9355
37420
9355
11040
11040
44160
88320
88320
181608
3890
3890
5396
213
426
426
923
23022
7674
7674
7674
7674
7674
6806
7674
7674
7509
3230
7505
6448
7674
15348
7674
10643
7674
7674
1436
6235
19065
12710
6355
6355
3395
31775
6355
38130
3392
3392
6784
6784
6784
6784
6784
13568
7694
6784
6784
9053
2159
4089
4089
8678
3464
1040
6964
6928
6928
6928
3464
28065
9355
37420
9355
11040
11040
44160
88320
88320
181608
3890
3890
5396
213
426
426
5396
213
426
426
923
23022
7674
7674
7674
7674
7674
6806
7674
7674
7509
3230
7505
6448
7674
15348
7674
10643
7674
7674
1436
6235
19065
12710
6355
6355
3395
31775
6355
38130
3392
3392
6784
6784
6784
6784
6784
13568
7694
6784
3890
923
23022
7674
7674
7674
7674
7674
6806
7674
7674
7509
3230
7505
6448
7674
15348
7674
10643
7674
7674
1436
6235
19065
12710
6355
6355
3395
31775
6355
38130
3392
3392
6784
6784
6784
6784
6784
13568
7694
6784
6784
9053
2159
4089
4089
8678
3464
1040
6964
6928
6928
6928
3464
28065
9355
37420
9355
11040
11040
44160
88320
88320
181608
3890
3890
5396
213
426
426
5396
213
426
426
2110
2282
7587
4228
8288
468
7049
468
9709
97095396
213
426
426
923
23022
7674
7674
7674
7674
7674
6806
7674
7674
7509
3230
7505
6448
7674
15348
7674
10643
7674
7674
1436
6235
19065
12710
6355
6355
3395
31775
6355
38130
3392
3392
6784
6784
6784
6784
6784
13568
7694
6784
6784
9053
2159
4089
4089
8678
3464
1040
6964
6928
6928
6928
3464
28065
9355
37420
9355
11040
11040
44160
88320
88320
181608
3890
3890
923
23022
7674
7674
7674
3230
7505
6448
7674
15348
7674
10643
7674
7674
1436
6235
19065
12710
6355
6355
3395
31775
6355
38130
3392
3392
6784
6784
6784
6784
6784
13568
7694
6784
6784
9053
2159
4089
4089
8678
3464
1040
6964
6928
6928
6928
3464
28065
9355
37420
9355
11040
11040
44160
88320
88320
181608
3890
3890
8775
8775
431
23262
2112
7754
26440
15508
15508
836
23450
2730
7754
10552
1489
5276
5704
764
764
8274
10276
764
1528
1528
3620
3056
3198
3198
5275
36400
60740
923
23022
7674
7674
7674
7674
7674
6806
7674
7674
7509
3230
7505
6448
7674
15348
7674
10643
7674
7674
1436
6235
19065
12710
6355
6355
3395
31775
6355
38130
3392
3392
6784
6784
6784
6784
6784
13568
7694
6784
6784
9053
2159
4089
4089
8678
3464
1040
6964
6928
6928
6928
3464
28065
9355
37420
9355
11040
11040
44160
88320
88320
181608
3890
3890
4429
6452
5238
7041
4452
8716
19128
19128
2110
2282
7587
4228
8288
468
7049
468
9709
9709
9709
5466
5430
4193
9412
34930
34930
34930
12289
8219
9300
3884
3884

14978
9450
9450
9450
9450
6520
13040
4011
13040
6520
13040
2655
5715
3818
17145
5715
6255
5715
5715
7024
2636
1591
240
17145
17145
172240
43060
1761
135
135
43060
43060
43060
923
23022
7674
7674
7674
7674
7674
6806
7674
7674
7509
3230
7505
6448
7674
15348
7674
10643
7674
7674
1436
6235
19065
12710
6355
6355
3395
31775
6355
38130
3392
3392
6784
6784
6784
6784
6784
13568
7694
6784
6784
9053
2159
4089
4089
8678
3464
1040
6964
6928
6928
6928
3464
28065
9355
37420
9355
11040
11040
44160
88320
88320
181608
3890
3890
54171591
240
17145
17145
172240
43060
1761
135
135
43060
43060
43060
2110
2282
7587
4228
3198
5275
36400
60740
5396
213
426
426
170064
170064
170064
3847
5891
1444
4213
4255
7489
6363
14978
14978
5356
14978
9450
17145
17145
172240
43060
1761
135
135
43060
43060
43060
5396
213
426
426
7674
6806
7674
7674
7509
3230
7505
6448
7674
15348
7674
10643
7674
7674
1436
6235
19065
12710
6355

3198
3198
5275
36400
60740
8775
8775
431
23262
2112
7754
26440
15508
15508
10552
1489
5276
5704
764
764
8274
10276
764
1528
1528
3620
3056
3198
3198
5275
36400
60740
8916
3002
2283
6562
6562
131248492
6923
16984
27762
18614
9307
17543
35086
35086
35086
35086
6736
6736
6736
6736
13472
1559
53888
61114
6646
3187
662
9118
87754429
6452
5238
7041
4452
8716
19128
19128
4429
6452
5238
7041
4452
8716
19128
19128
5417
8455

7694
6784
6784
9053
2159
4089
4089
8678
3464
1040
6964
6928
6928
6928
3464
28065
9355
37420
9355
110408455
16910
8455
16910
16910
16910
8916
3002
2283
6562
6562
13124
13124
9047
8492
35086
35086
6736
6736
6736
6736
13472
1559
53888
61114
6646
3187
662
9118
170064
170064
170064
3847
5891
1444
4213
4255
7489
6363
14978
14978
5356
14978
9450
9450
9450
9450
6520
43060
1761
135
135
43060
43060
43060
8429
2152
9576
9576
4788
4788
4788
5272
4788
4788
7489
6363
14978
14978
5356
14978
9450
9450
9450
9450
6520
13040
4011
13040
6520
13040
5715
7024
2636
1591
240
17145
17145
172240
43060
1761
135
135
43060
43060
43060
2110
2282
7587
4228
8288
468
7049
468
9709
9709
9709
5466
5430
4193
9412
34930
34930
34930
122897674
7674
6806
7674
7674
7509
3230
7505
6448
7674
15348
7674
10643
7674
7674
1436
