8174
9646
57876
115752
57876
57876
17487
65257
422
7296
1350
8342
3819
4838
5719
637
9241
1274
2548
1274
1274
6451
6451
6451
6451
12902
8385
125
16770
8385
923
6585
5710
18380
5538
6852
3798
6480
897
4958
9678
2405
1604
19714
39428
19714
19714
315
7979
9045
8071
3180
3180
6590
1755
1683
771
18102
308
9051
9051
3406
9051
9051
9051
9051
25585
4907
6847
6847
13068
6847
6847
20541
9417
15675
8017
5225
5225
1351
5225
5225
16669
5225
5225
8415
5225
573
573
573
573
1146
573
573
573
1868
5868
132
8042
31974
15987
20154
15987
15987
9181
31974
31974
31974
63948
1899
71510
127896
127896
63948
63948
511584
511584
6415
6415
6415
8770
6415
6467
27049
9956
9956
42489
84978
169956
84978
84978
509868
5006
16216
16494
6805
16494
8247
22005
18090
18090
8973
6338
4878
474
237
8950
5760
237
237
237
7845
17548
5300
14906
2365
7812
5714
1244
19422
9711
7886
7886
3943
3943
3943
3943
3943
19610
9805
3943
7886
2607
8963
41430
35852
17926
17926
35852
8963
3636
3636
4276
3636
3636
3636
7272
9362
2099
5732
5732
5732
11464
8124
7298
9198
11464
771
18102
308
9051
9051
3406
9051
9051
9051
9051
25585
4907
6847
6847
13068
6847
6847
20541
9417
15675
8017
5225
5225
1351
5225
5225
16669
5225
5225
8415
5225
573
573
573
573
1146
573
573
573
16906
16906
4931
18863
9862
4931
4931
28796
2624
2624
8342
10496
6632
2827
24495
2034
678
1356
2712
5424
6233
5424
4252
2712
4987
5983
2712
2712
26114
3648
3648
7672
7747
4997
10944
3648
7296
2197
19854
9927
7797
7797
7797
29701
9927
17826
17826
8385
125
16770
8385
923
6585
5710
18380
5538
6852
3798
6480
897
4958
9678
2405
1604
19714
39428
19714
19714
315
7979
9045
8071
3180
3180
6590
1755
1683
8385
125
16770
8385
923
6585
5710
18380
5538
6852
3798
6480
897
4958
9678
2405
1604
19714
39428
19714
19714
315
7979
9045
8071
3180
3180
6590
1755
1683
8174
9646
57876
115752
57876
57876
17487
65257
422
7296
1350
8342
3819
4838
5719
637
9241
1274
2548
1274
1274
6451
6451
6451
6451
12902
1309
1703
4071
9376
41482
771
18102
308
9051
9051
3406
9051
9051
9051
9051
25585
4907
6847
6847
13068
6847
6847
20541
9417
15675
8017
5225
5225
1351
5225
5225
16669
5225
5225
8415
5225
573
573
573
573
1146
573
573
573
