******************
1. Create User
2. Login
3. Exit
: 
Username: 
Password: 
******************
1. Create User
2. Login
3. Exit
: 
Username: 
Password: 
******************
1. Create User
2. Login
3. Exit
: 
Username: 
Password: 
******************
1. Create User
2. Login
3. Exit
: 
Username: 
Password: 
******************
1. Create User
2. Login
3. Exit
: 
Username: 
Password: 
******************
1. Create User
2. Login
3. Exit
: 
Username: 
Password: 
******************
1. Create User
2. Login
3. Exit
: 
Username: 
Password: 
******************
1. Create User
2. Login
3. Exit
: 
Username: 
Password: 
******************
1. Create User
2. Login
3. Exit
: 
Username: 
Password: 
******************
1. Create User
2. Login
3. Exit
: 
Username: 
Password: 
******************
1. Create User
2. Login
3. Exit
: 
acabaac -- xyxyxyzyx
cabcabccb -- xxyxz
cbcbcbbba -- yxzyxxzyxyzzz
bbbcbaccbcabb -- zzxxyyzyz
cbcbccb -- yxyxxx
abacacbacb -- xyzxzxzyy
babccaaabbbca -- xyxzzxyyxyyyy
bbbbbcaccc -- yxzxyzyx
bbaabbcaa -- yxyzyzzxxy
cbbcabb -- yzyyxyxxz
Username: 
Password: 
********cbcbccb********
1. Create Message
2. Send Message
3. List All [0]
4. List Drafts [0]
5. List Inbox [0]
6. Delete Draft
7. Logout
8. Exit
: 
Logging out of user cbcbccb
******************
1. Create User
2. Login
3. Exit
: 
The end.
