******************
1. Create User
2. Login
3. Exit
: 
Username: 
Password: 
******************
1. Create User
2. Login
3. Exit
: 
Username: 
Password: 
******************
1. Create User
2. Login
3. Exit
: 
Username: 
Password: 
******************
1. Create User
2. Login
3. Exit
: 
Username: 
Password: 
******************
1. Create User
2. Login
3. Exit
: 
Username: 
Password: 
******************
1. Create User
2. Login
3. Exit
: 
Username: 
Password: 
******************
1. Create User
2. Login
3. Exit
: 
Username: 
Passwyyxyxy
cacbaacbabbc -- zxyzyyzxzxyy
ccbaaaaccbccc -- yyxxxyzyy
bacabbaabccbb -- zzxyz
bcacbacc -- xxxyxxyy
bbaaabbaaa -- yyzxxzxz
aaacaca -- zxxyxyzzxxz
bbacacbcbc -- xzzzyx
abbbbaacbaca -- zzyyyzzy
aaacccbbaccab -- zxxzyxz
Username: 
*******
1. Create Message
2. Send Message
3. List All [0]
4. List Drafts [0]
5. List Inbox [0]
6. Delete Draft
7. Logout
8. Exit
: 
The en