******************
1. Create User
2. Login
3. Exit
: 
Username: 
Password: 
******************
1. Create User
2. Login
3. Exit
: 
Username: 
Password: 
******************
1. Create User
2. Login
3. Exit
: 
Username: 
Password: 
******************
1. Create User
2. Login
3. Exit
: 
Username: 
Password: 
******************
1. Create User
2. Login
3. Exit
: 
Username: 
Password: 
******************
1. Create Use
1. Create User
2. Login
3. Exit
: 
Username: 
Passwordcccba -- zxzzxxyx
cbabb -- xxxyxxxzyzxxz
bbbaaacbcbc -- xyzzxyxzzx
bbbcbcacac -- xzyxxyx
bccbaaca -- zyyxyzyzxyzxy
bbbcbabccaac -- yyxxx
bcaccbaabbb -- zzyzzzyxzy
caacab -- xzzzzyyy
bcacabbbccaac -- zzyyxzyxyzx
Username: 
Pa********
1. Create Message
2. Send Message
3. List All [0]
4. List Drafts [0]
5.