******************
1. Create User
2. Login
3. Exit
: 
Username: 
Password: 
******************
1. Create User
2. Login
3. Exit
: 
Username: 
Password: 
******************
1. Create User
2. Login
3. Exit
: 
Username: 
Password: 
******************
1. Create User
2. Login
3. Exit
: 
Username: 
Password: 
******************
1. Create User
2. Login
3. Exit
: 
Username: 
Password: 
******************
1. Create User
2. Login
3. Exit
: 
Username: 
Password: 
******************
1. Create User
2. Login
3. Exit
: 
Username: 
Password: 
******************
1. Create User
2. Login
3. Exit
: 
Username: 
Password: 
******************
1. Create User
2. Login
3. Exit
: 
Username: 
Password: 
******************
1. Create User
2. Login
3. Exit
: 
Username: 
Password: 
******************
1. Create User
2. Login
3. Exit
: 
abbaa -- xxzyxzyzzx
abaccbbaba -- xxyzxxzx
bbbccaaacca -- xzyxxxzz
ccccbcb -- xyxyzx
baccbababc -- zxxxyyxyzzxyy
bbcaaacccbb -- zyzxx
bbbabacaacca -- xyxyzzyzyxyy
cbbbabababbb -- yzzxyzyyyzyzx
cbbccbcca -- yyxyyzyzyyzx
cbcbbbabbc -- xxxzyxzx
Username: 
Password: 
********bbbccaaacca********
1. Create Message
2. Send Message
3. List All [0]
4. List Drafts [0]
5. List Inbox [0]
6. Delete Draft
7. Logout
8. Exit
: 
No messages.
********bbbccaaacca********
1. Create Message
2. Send Message
3. List All [0]
4. List Drafts [0]
5. List Inbox [0]
6. Delete Draft
7. Logout
8. Exit
: 
The end.
