******************
1. Create User
2. Login
3. Exit
: 
Username: 
Password: 
******************
1. Create User
2. Login
3. Exit
: 
Username: 
Password: 
******************
1. Create User
2. Login
3. Exit
: 
Username: 
Password: 
******************
1. Create User
2. Login
3. Exit
: 
Username: 
Password: 
******************
1. Create User
2. Login
3. Exit
: 
Username: 
Password: 
******************
1. Create Use
1. Create User
2. Login
3. Exit
: 
Username: 
Password: 
Password: 
******************
1. Create User
2. Login
3. Exit
: 
Username: 
Pa***
1. Create Message
2. Send Message
3. List All [0]
4. List Drafts [0]
5. List Inbox [0]
6. Delete Draft
7. Logout
8. Exit
: 
To:
:
Message:
********cbabbcaa********
1. Create Message
2. Send Message
3. List All [3]
4. List Drafts [2]
5. List Inbox [0]
6. Delete Draft
7. Logout
8. Exit
: 
The end.
