******************
1. Create User
2. Login
3. Exit
: 
Username: 
Password: 
******************
1. Create User
2. Login
3. Exit
: 
Username: 
Password: 
******************
1. Create User
2. Login
3. Exit
: 
Username: 
Password: 
******************
1. Create User
2. Login
3. Exit
: 
Username: 
Password: 
******************
1. Create User
2. Login
3. Exit
: 
Username: 
Password: 
******************
1. Create User
2. Login
3. Exit
: 
Username: 
Password: 
******************
1. Create User
2. Login
3. Exit
: 
Userc********
1. Create Message
2. Send Message
3. List All [0]
4. List Drafts [0]
5. List Inbox [0]
6. Delete Draft
7. Logout
8. Exit
: 
Mu******************
To: babcabcb
From: cacbccabcabc 
Msg: mgmgggmmgmmg
******************
To: cacacaaabb
From: cacbccabcabc 
Msg: mmogoomgm
********cacbccabcabc********
1. Create Message
2. Send Message
3. List All [2]
4. List Drafts [2]
5. List Inbox [0]
6. Delete Draft
7. Logout
8. Exit
: 
The end.
