Please re-enter state machine
Match action updated
Ok, matching input now
I'm thinking of a magic number, can you guess it?!?!
Haha, too small!
WRONG!
Whoa, too big
WRONG!
Whoa, too big
WRONG!
Whoa, too big
WRONG!
Whoa, too big
WRONG!
Haha, too small!
WRONG!
Whoa, too big
WRONG!
Just right!
000000b4
Please re-enter state machine
Match action updated
Ok, matching input now
I'm thinking of a magic number, can you guess it?!?!
Whoa, too big
WRONG!
Haha, too small!
WRONG!
Whoa, too big
WRONG!
Haha, too small!
WRONG!
Whoa, too big
WRONG!
Whoa, too big
WRONG!
Haha, too small!
WRONG!
Just right!
0000008e
Please re-enter state machine
Match action updated
Ok, matching input now
I'm thinking of a magic number, can you guess it?!?!
Just right!
000000b0
Please re-enter state machine
Match action updated
Ok, matching input now
I'm thinking of a magic number, can you guess it?!?!
Whoa, too big
WRONG!
Haha, too small!
WRONG!
Haha, too small!
WRONG!
Haha, too small!
WRONG!
Whoa, too big
WRONG!
Whoa, too big
WRONG!
Haha, too small!
WRONG!
Just right!
000000b0
