jhilkihj
gggggggg
........
........
........
........
aaaaaaaa
dbcfecbd
WHITE: OK
BLACK: OK
WHITE: OK
BLACK: NO
BLACK: OK
WHITE: OK
BLACK: OK
WHITE: OK
BLACK: OK
WHITE: NO
WHITE: NO
WHITE: OK
BLACK: OK
WHITE: OK
BLACK: NO
BLACK: OK
WHITE: OK
BLACK: incorrect input
Not a legal move format
BLACK: OK
WHITE: incorrect input
Not a legal move format
WHITE: OK
BLACK: OK
WHITE: incorrect input
Not a legal move format
WHITE: OK
BLACK: OK
WHITE: OK
BLACK: OK
WHITE: NO
WHITE: OK
BLACK: OK
WHITE: OK
BLACK: OK
WHITE: OK
BLACK: gg.k..j
...g..gg
....gga.
..c.b.l.
a.aaaa..
.af..b.a
.dc.e..d
BLACK: OK
WHITE: OK
B