[INFO] File received: /sBnnzu
[INFO] File received: /qzkAExUw
[DATA] B03pNIl75qUOmiX4JkTjxs8hUWa9ijp26JJcK0xLmUPq4X9Rvhy8i0o8i4IyshSRXwXlZaVYkM3GtVNFmYZVCLlK1omEDPvb1
[DATA] W3XtWeum4HlLDRh7Loap2HR2gEt0M8SqmDQBjY2zzbWzS1YU4f7MAn38GV1mYPWkLY24DDiXmB5
[INFO] Added new directory
[INFO] File received: /ANVKBIQoE/38pqwzTuv
[INFO] File received: /ANVKBIQoE/nNBrVu
[INFO] File received: /ZhqmHTiAT
[INFO] File received: /rcCXo8H9D9i0
[INFO] File received: /CLaFcSA
[DATA] Dsuw5G5BUd00jaDhYFFKO1s8JksnXnWfVWmdt4zRdPoRgImsMKw8G5pDW4RwoQdIRW65mcuSCP50HmTiYRcRjSEFar
received: /ANVKBIQoE/vpSwR9PpgY/7KGL8J/F0WsE
[DATA] Dsuw5Grectory
[INFO] Added new directory
[INFO] [INFO] File received: /ANVKBIQoE/F2hFM
[INFO] File redUK/6Cwra4w
[INFO] Added new directory
[[INFO] File received: /ANVKBIQoE/wJYS8Wqo/wWTuG6
[INFO] WEZ4efG removed
[INFO][INFO] Added new directory
[INFO] Added ne
[INFO] File received: /ANVKBIQoE/wJYPALD/ETiiqr/FzkQFl/143ftjHEE/JfwB/j2kch
[INFO] Added new directory
[INFO] Added new dINFO] File received: /ANVKBIQoE/Uh1MJnZG/fYTv7Ay8L
[Idirectory
[INFO] File received: /Wn3Tzp/