[INFO] File received: /jY2AR
[INFO] Added new directory
[INFO] File received: /WIrJn/FFf70i
[INFO] Added new directory
[INFO] File received: /WIrJn/0Xgx
[INFO] Added new directory
[INFO] Added new directory
[DATA] Cjpku4arr6Jjxb966LYZMXBI74YegT6H9c3I
[INFO] File received: /cPTFf
[INFO] Added new directory
[INFO] File received: /JHSCP1/RAUvH3r2X/CoxK
[INFO] Added new directory
[INFO] Added new directory
[INFO] File re Added new directory
[INFO] File HSCP1/WLZg0/joxLw68
[DATA] kyILDTO] Added new directory
[INFO] File received: FO] Added new directory
[INFO] Added new directile received: /JHSCP1/WLZg0/4reV
[INFO] File recei[INFO] Added new directory
[DATA] oxpKCGYTl9gs hvuc6SXaFYfnOVY7LyuJTdCvVxnA8v6ggRtkdm3dwZUmabF6YWxIFAiptF2
[INFO] AddeFO] Added new directory
[INFO] File re[INFO] Z6j6B1K0L removed
[INFO] g926m removed
[INFO] ogOnpLg94 removed
[INFO] Added n /JHSCP1/RAUvH3r2X/30bsAP
[INFO] 0sEDRtydded new directory
[INFO] cVD0Qu removeNFO] GnMuRY removed
[INFO] Added new direc[DATA] 5qOZ26wq9qkSqzqIXD2TFPac017uGz7wuEZQDXFvdQfeyRlTK3h1eX5rW4GrHIW6DBMZVgtm
[INFO