[INFO] Added new directory
[INFO] Added new directory
[INFO] Added new directory
[INFO] File received: /F6IVH/FT9s
[INFO] File received: /HrcQ4I80ZM/zjDuaI
[INFO] Added new directory
[INFO] Added new directory
[INFO] Added new directory
[INFO] File received: /8ZVCEUY4V/OK8b8M
[INFO] Added new directory
[INFO] Added new directory
[INFO] Added new directory
[INFO] File received: /HrcQ4I80ZM/fuEn7/0Jxjb/cSkZ
[INFO] Added new directory
[INFO] File received: /HrcQ4I80ZM/4xlTj
[INFO] Adirectory
[INFO] File received: /HrcQ4I80ZM/JzUt
[INFO] AATA] Gu8w2KQsVFAnIFZ4Gw8HtOBuBGfsEZo1dytJlkJ1iiyC468drZFv24wBvpgQloriOsS9KceVXaxiGnGGCL04c4ejX0
[INFO] Added new d Added new directory
[INFO] File received: [INFO] Added new directory
[INFO] File recerectory
[INFO] Added new directory
[INFd: /8ZVCEUY4V/eRdnKvSoHr/QIZ7wx
[INFO] 