[INFO] Added new directory
[INFO] File received: /VwXLu
[INFO] File received: /MgKv/nTiR
[INFO] File received: /yM8g2
[INFO] File received: /MgKv/x6PrAudu3m
[INFO] Added new directory
[DATA] q2U1P6BYh7sFddjes80v5YMD4zUuoy1zbjorb8bEhVt1swJ0TDOd
[INFO] File received: /MgKv/Sckfmtv
[INFO] Added new directory
[INFO] Added new directory
[INFO] File received: /MgKv/adJZOk
[INFO] Added new directory
[INFO] File received: /62V/v5u7q84f
[INFO] Added new direO] File received: /MgKv/vEKQY3S18/Zx3V/V5eBD/KefV49F
[INFO] File receivedU6HZYaoqq
[INFO] File received: /8ebn/G0Hb/R6MQe/NT1cwp/iIISo
[3wdi0ykOveNzouW2xGEKxzEIxvEeBbCFxNlEQJl7JWMdaoyPB5Bka9laRkHX7idnhxwSequSaJTd1Sk17ip6coGbP
[O] Added new directory
[INFO] Ad[INFO] File received: /MgKv/vEKQY3S18O] File received: /MgKv/FKfcTlbEez
[INAdded new directory
[INFO] File received: O] Added new directory
[INFO] Added new dir[INFO] File received: /MgKv/vEKQY3S18/Zx3V/V5eBD/m5TFdwe0Sc/5DUwf6Cv
