[INFO] File received: /z75XL1mz
[INFO] Added new directory
[INFO] Added new directory
[INFO] File received: /iMFR5Vh/aGr6zkurX/FtzWdVs
[INFO] Added new directory
[INFO] Added new directory
[INFO] Added new directory
[INFO] Added new directory
[INFO] File received: /JlIpIB
[INFO] File received: /iMFR5Vh/pn0n8
[INFO] Added new directory
[INFO] Added new directory
[INFO] Added new directory
[INFO] File received: /Jm0z
INFO] Added new directory
[INFO] File receivO] File received: /iMFR5Vh/jey8L8/QnCVhJ
[INFO] Added new directory
tOfJk4qKfoh9UTMDuo5LiaEs9y3r6jCROLaOQ4szgPjl1OWbYO5wSU6
[INFO][INFO] Added new directory
[INFO] Added neFO] File received: /iMFR5Vh/jey8L8/9xDNgAINFO] File received: /iMFR5Vh/aGr6zkurX/zhG[INFO] File received: /iMFR5Vh/g8Xa7W/stTEnW6/UO7212hmok
[DATA] 8iMFR5Vh/g8Xa7W/0QEKUh/fw7Vb4N/tGfzsA5z/OwUGXL1mz removed
[INFO] File received: /iMFR5Vh/jeived: /iMFR5Vh/aGr6zkurX/zhGiiiD/l6ISu0qI7R removed
[INFO] NFcZUPVIro removed
[DATreceived: /iMFR5Vh/aGr6zkurX/zhGiiiD/W2pgexRc3/bWtNgMvx7H/lUa6v6V
[INFO[INFO] Nk4Jc removed
[INFO] Added new directved
[INFO] Added new directory
[INFO] Te