[INFO] File received: /1wZxMuA
[INFO] File received: /7Wg9
[INFO] Added new directory
[INFO] File received: /cjDYUE/YK5N61e
[DATA] 7TpY2ScbrBW8S5ySHCgUIamKWw981upghDBoEgeVXuozKeXsJOhM3lKclzv
[INFO] File received: /6eGrS1
[INFO] File received: /cjDYUE/C4bbiJsM
[INFO] File received: /l1hsRq
[DATA] IWoZLlSxaYVKAGr30mcuraetSnzbYH6yu96sL
[INFO] Added new directory
[INFO] File received: /cw7ZXUP1X9
[INFO] Added new directory
[INFO] File received: /JBmy
[INFO] Added new directory
[INFOTA] Z998XZqIaK9DuUEuOhXLlxGoKZ4d6qBS06h6VC8WHhCl61W
[INFO] File received: /cjDYUE/LWXmoBjl/AeTKlEd/jnEZYOyJXm
received: /cjDYUE/4Eg1RS/nlNm9/e3hOmkg/unwUGkt
[INFO] File receile received: /cjDYUE/LWXmoBjl/WCUhLx
[Ireceived: /cjDYUE/LWXmoBjl/0ZMtPPs[INFO] Added new directory
[INFO] File r[INFO] Terminating
