[INFO] Added new directory
[INFO] File received: /ZacPgHGB
[INFO] Added new directory
[INFO] Added new directory
[INFO] File received: /FTs2pgLVs/d210
[INFO] File received: /K03n9ohjHD/DtfK8
[INFO] Added new directory
[INFO] Added new directory
[INFO] Added new directory
[INFO] Added new directory
[INFO] File received: /K03n9ohjHD/DqjHmD
[INFO] Added new directory
[INFO] Added new directory
[INFO] File received: /VIbLwl2v/bXFJJsq8Ug
[INFO] File rece[INFO] Added new directory
[DATA] Loeceived: /K03n9ohjHD/DX0mzPz4/iubEJkoV
[INFO] AddeFO] File received: /VIbLwl2v/DnyaC3uxPZ/SGSH9qwXpQ
[IN] File received: /FTs2pgLVs/NjfT5Qq/JAhWi7
[INFO] File rFO] Added new directory
[INFO] Added new d[INFO] Added new directory
[INFO] Added [INFO] 0Wicd removed
[INFO] File received:ile received: /VIbLwl2v/ljNNFW/NdXzf/AcgXX
[INFO] dK[INFO] Added new directory
[INFO] File r[INFO] WKEl0ElO8t removed
[INFO] 5uWlc re] VT4TIKVmIy removed
[INFO] Added new director