[INFO] File received: /2izL8Uc
[INFO] File received: /KvEvBn
[DATA] I2JrsiB8y2t4TX7ewH4bxYQFJLO2ey2zRr0AyVzr8db5fDN1VRD7eCJCqBaqBFAoL
[DATA] I2JrsiB8y2t4TX7ewH4bxYQFJLO2ey2zRr0AyVzr8db5fDN1VRD7eCJCqBaqBFAoL
[INFO] Added new directory
[INFO] Added new directory
[INFO] File received: /Q3WZ/WAwfH
[DATA] I2JrsiB8y2t4TX7ewH4bxYQFJLO2ey2zRr0AyVzr8db5fDN1VRD7eCJCqBaqBFAoL
[DATA] I2JrsiB8y2t4Trectory
[DATA] cEHGVjz57qUD8FPdg
[INFO] File received: /mbggjPBQW
[INFO] Added new directory
[INFO] File received: /dNj2z/whmp1uj4R
[DATA] cEHGVjz57qUD8FPdgiZpXPsw
[INFO] File received: /Q3WZ/1Hcx
[INFO] File received: /dNj2z/UWLIbrpl03/kbyvAskB9/neSb4
[DATA] cEHFO] Added new directory
[INFO] File receive File received: /dNj2z/BylDdmS
[INFO] File received:[DATA] pgM6XkiMsmBTiBNhS9jozrW8u6OfbRyoIONUpsUaSdJIrWEgFHU9pDgELk9O7wC6se60XYDwZ3gvVRDO9G1UdVe
[ININFO] File received: /Q3WZ/530UXoR/9S0oW43hk/Sg2cSmMaq
[INFO] Added new directorory
[DATA] cCxeCUJHWg3V4rw1Se47heIkAmbdQyeB4gk61KRkihp14swDeS0mlBc
[INFO] File received: /dNj2z/hwPn7c
[DATA] IGoDv/VhARzARF5/3m5zX8dhmO
[INFO] Added: /dNj2z/UWLIbrpl03/kbyvAskB9/f5YVA86
[I