go time
Enter crypto seed
ready for next packet
be00110000000007
SUCCESSFUL association
ready for next packet
bg005ndkdg00000b
ready for next packet
bi0011000000000;
ready for next packet
ap0010000000000 
cx009w3k4k5v6k0|
ready for next packet
ap0011000000000!
cx109x3k4k5v6v0o
ready for next packet
ap0012000000000"
cv201y000000000o
ready for next packet
ap0013000000000#
cx309x3v4v5k6k0m
ready for next packet
ap0014000000000$
cz401y000000000e
ready for next packet
ap0015000000000%
cx509y3k4k5v6v0j
ready for next packet
ap0016000000000&
cz6010000000000.
ready for next packet
ap0017000000000'
cx70903v4k5k6v0!
ready for next packet
ap0018000000000(
cz8011000000000!
ready for next packet
bm0011000000000?
ready for next packet
bk00110000000009
ready for next packet
be01110000000006
SUCCESSFUL association
ready for next packet
bg015ohned00000i
ready for next packet
bi0111000000000:
ready for next packet
ap0110000000000!
cx01913k4k5v6v0&
ready for next packet
ap0111000000000 
cv111y000000000m
ready for next packet
ap0112000000000#
cx21913v4v5k6k0$
ready for next packet
ap0113000000000"
cz3112000000000(ap0212000000000 
cv221y000000000m
ready for next packet
ap0213000000000!
cx3298w2xqyq020m
ready for next pabe04110000000003
SUCCESSFUL association
ready for next packet
bg045gegej00000n
ready for next packet
bi0411000000000?
ready for next packet
ap0410000000000$
cz041<000000000 
ready for nex