
 _______  _______  _______ _________ _______  _______  _______  _______
(  ____ \(  ___  )(  ____ )\__   __/(  ____ )(  ____ \(  ____ \(  ____ \
| (    \/| (   ) || (    )|   ) (   | (    )|| (    \/| (    \/| (    \/
| (__    | |   | || (____)|   | |   | (____)|| (__    | (_____ | (_____
|  __)   | |   | ||     __)   | |   |     __)|  __)   (_____  )(_____  )
| (      | |   | || (\ (      | |   | (\ (   | (            ) |      ) |
| )      | (___) || ) \ \__   | |   | ) \ \__| (____/\/\____) |/\____) |
|/       (_______)|/   \__/   )_(   |/   \__/(_______/\_______)\_______)
                                                                  v0.1 


Day-001 => [0 mission] | [0 explorer] | [50 supply]
-----------------------------------------------------
0. Next day!
1. Missions
2. Explorers
3. Give up

Day-001 => [0 mission] | [0 explorer] | [1337 supply]
-------------------------------------------------------
0. Next day!
1. Missions
2. Explorers
3. Give up

]]] Explorers [[[
1. Hire explorer
2. View current explorers
3. Remove explorer
4. Learn skills
5. Back
6. Change explorer name

... Available explorers ...
0. Gurro Shiner [LVL 1] [EXP 1000/1150] (not-hired)
   ==> Skill #1: Celestial Attack <AERIAL>
   ==> Skill #2: No Skill <None>
1. Hallie Hope [LVL 1] [EXP 1000/1150] (not-hired)
   ==> Skill #1: Whirling Burst <GROUND>
   ==> Skill #2: No Skill <None>
2. Jimmy Mcclanahan [LVL 1] [EXP 1000/1150] (not-hired)
   ==> Skill #1: Chaotic Blink <SPECIAL>
   ==> Skill #2: No Skill <None>
3. Freddie Haugen [LVL 1] [EXP 1000/1150] (not-hired)
   ==> Skill #1: Celestial Attack <AERIAL>
   ==> Skill #2: No Skill <None>
4. Patrina Wasson [LVL 1] [EXP 1000/1150] (not-hired)
   ==> Skill #1: Aurum Surge <NAVAL>
   ==> Skill #2: No Skill <None>
5. Salome Burrell [LVL 1] [EXP 1000/1150] (not-hired)
   ==> Skill #1: Aurum Surge <NAVAL>
   ==> Skill #2: No Skill <None>
6. Rosaria Curley [LVL 1] [EXP 1000/1150] (not-hired)
   ==> Skill #1: Chaotic Blink <SPECIAL>
   ==> Skill #2: No Skill <None>
7. Bertie Hodgson [LVL 1] [EXP 1000/1150] (not-hired)
   ==> Skill #1: Chaotic Blink <SPECIAL>
   ==> Skill #2: No Skill <None>
8. Yoko Hauser [LVL 1] [EXP 1000/1150] (not-hired)
   ==> Skill #1: Whirling Burst <GROUND>
   ==> Skill #2: No Skill <None>
9. Eldon Buckley [LVL 1] [EXP 1000/1150] (not-hired)
   ==> Skill #1: Dark Calamity <INTEL>
   ==> Skill #2: No Skill <None>
10. Makeda Spears [LVL 1] [EXP 1000/1150] (not-hired)
   ==> Skill #1: Chaotic Blink <SPECIAL>
   ==> Skill #2: No Skill <None>
11. Marget Burrow [LVL 1] [EXP 1000/1150] (not-hired)
   ==> Skill #1: Chaotic Blink <SPECIAL>
   ==> Skill #2: No Skill <None>
12. Hae Ledoux [LVL 1] [EXP 1000/1150] (not-hired)
   ==> Skill #1: Aurum Surge <NAVAL>
   ==> Skill #2: No Skill <None>
13. Joeann Findley [LVL 1] [EXP 1000/1150] (not-hired)
   ==> Skill #1: Chaotic Blink <SPECIAL>
   ==> Skill #2: No Skill <None>
14. Lupita Acosta [LVL 1] [EXP 1000/1150] (not-hired)
   ==> Skill #1: Celestial Attack <AERIAL>
   ==> Skill #2: No Skill <None>
15. Eliza Dickinson [LVL 1] [EXP 1000/1150] (not-hired)
   ==> Skill #1: Chaotic Blink <SPECIAL>
   ==> Skill #2: No Skill <None>
16. Aurelia Lyon [LVL 1] [EXP 1000/1150] (not-hired)
   ==> Skill #1: Dark Calamity <INTEL>
   ==> Skill #2: No Skill <None>
17. Steffanie Mabry [LVL 1] [EXP 1000/1150] (not-hired)
   ==> Skill #1: Celestial Attack <AERIAL>
   ==> Skill #2: No Skill <None>
18. Claretha Registe [LVL 1] [EXP 1000/1150] (not-hired)
   ==> Skill #1: Nebula Cleave <RESCUE>
   ==> Skill #2: No Skill <None>
19. Mimi Strunk [LVL 1] [EXP 1000/1150] (not-hired)
   ==> Skill #1: Whirling Burst <GROUND>
   ==> Skill #2: No Skill <None>

select> 
]]] Explorers [[[
1. Hire explorer
2. View current explorers
3. Remove explorer
4. Learn skills
5. Back
6. Change explorer name

... Available explorers ...
0. Hallie Hope [LVL 1] [EXP 1000/1150] (not-hired)
   ==> Skill #1: Whirling Burst <GROUND>
   ==> Skill #2: No Skill <None>
1. Jimmy Mcclanahan [LVL 1] [EXP 1000/1150] (not-hired)
   ==> Skill #1: Chaotic Blink <SPECIAL>
   ==> Skill #2: No Skill <None>
2. Freddie Haugen [LVL 1] [EXP 1000/1150] (not-hired)
   ==> Skill #1: Celestial Attack <AERIAL>
   ==> Skill #2: No Skill <None>
3. Patrina Wasson [LVL 1] [EXP 1000/1150] (not-hired)
   ==> Skill #1: Aurum Surge <NAVAL>
   ==> Skill #2: No Skill <None>
4. Salome Burrell [LVL 1] [EXP 1000/1150] (not-hired)
   ==> Skill #1: Aurum Surge <NAVAL>
   ==> Skill #2: No Skill <None>
5. Rosaria Curley [LVL 1] [EXP 1000/1150] (not-hired)
   ==> Skill #1: Chaotic Blink <SPECIAL>
   ==> Skill #2: No Skill <None>
6. Bertie Hodgson [LVL 1] [EXP 1000/1150] (not-hired)
   ==> Skill #1: Chaotic Blink <SPECIAL>
   ==> Skill #2: No Skill <None>
7. Yoko Hauser [LVL 1] [EXP 1000/1150] (not-hired)
   ==> Skill #1: Whirling Burst <GROUND>
   ==> Skill #2: No Skill <None>
8. Eldon Buckley [LVL 1] [EXP 1000/1150] (not-hired)
   ==> Skill #1: Dark Calamity <INTEL>
   ==> Skill #2: No Skill <None>
9. Makeda Spears [LVL 1] [EXP 1000/1150] (not-hired)
   ==> Skill #1: Chaotic Blink <SPECIAL>
   ==> Skill #2: No Skill <None>
10. Marget Burrow [LVL 1] [EXP 1000/1150] (not-hired)
   ==> Skill #1: Chaotic Blink <SPECIAL>
   ==> Skill #2: No Skill <None>
11. Hae Ledoux [LVL 1] [EXP 1000/1150] (not-hired)
   ==> Skill #1: Aurum Surge <NAVAL>
   ==> Skill #2: No Skill <None>
12. Joeann Findley [LVL 1] [EXP 1000/1150] (not-hired)
   ==> Skill #1: Chaotic Blink <SPECIAL>
   ==> Skill #2: No Skill <None>
13. Lupita Acosta [LVL 1] [EXP 1000/1150] (not-hired)
   ==> Skill #1: Celestial Attack <AERIAL>
   ==> Skill #2: No Skill <None>
14. Eliza Dickinson [LVL 1] [EXP 1000/1150] (not-hired)
   ==> Skill #1: Chaotic Blink <SPECIAL>
   ==> Skill #2: No Skill <None>
15. Aurelia Lyon [LVL 1] [EXP 1000/1150] (not-hired)
   ==> Skill #1: Dark Calamity <INTEL>
   ==> Skill #2: No Skill <None>
16. Steffanie Mabry [LVL 1] [EXP 1000/1150] (not-hired)
   ==> Skill #1: Celestial Attack <AERIAL>
   ==> Skill #2: No Skill <None>
17. Claretha Registe [LVL 1] [EXP 1000/1150] (not-hired)
   ==> Skill #1: Nebula Cleave <RESCUE>
   ==> Skill #2: No Skill <None>
18. Mimi Strunk [LVL 1] [EXP 1000/1150] (not-hired)
   ==> Skill #1: Whirling Burst <GROUND>
   ==> Skill #2: No Skill <None>

select> 
]]] Explorers [[[
1. Hire explorer
2. View current explorers
3. Remove explorer
4. Learn skills
5. Back
6. Change explorer name

... Available explorers ...
0. Gurro Shiner
1. Hallie Hope

select> 
New name? 
]]] Explorers [[[
1. Hire explorer
2. View current explorers
3. Remove explorer
4. Learn skills
5. Back
6. Change explorer name

... Available explorers ...
0. This is a great program Loveu±© ThaÍû{	for making this :) G$5I am done with this-
1. his-

select> 
New name? 