Plant Schematic
#####################################################################################################################################
                                         --------                -----------               -----------------                         
                                -------> | ASP1 | ------  -----> | Filter1 | -----  -----> | Disinfection1 | -----                   
                                |        --------      |  |      -----------     |  |      -----------------     |                   
                                |                      |  |                      |  |                            |                   
                                |                      |  |                      |  |                            |                   
                                0                      v  0                      v  0                            v                   
            -------------     ------     --------     ------     -----------    ------     -----------------    ------               
Influent -> | Headworks | --> | V1 | 1-> | ASP2 | --> | V2 | 1-> | Filter2 | -> | V3 | 1-> | Disinfection2 | -> | V4 | 0-> Effluent  
            -------------     ------     --------     ------     -----------    ------     -----------------    ------               
                                2                      ^  2                      ^  2                            ^                   
                                |                      |  |                      |  |                            |                   
                                |                      |  |                      |  |                            |                   
                                |        --------      |  |      -----------     |  |      -----------------     |                   
                                -------> | ASP3 | ------  -----> | Filter3 | -----  -----> | Disinfection3 | -----                   
                                         --------                -----------               -----------------                         
#####################################################################################################################################
Plant Status
#####################################################################################################################################
Units
Flow - MGD
CBOD, TSS, TN, TP - lbs/day
Aeration, Glycerin_Rate, Alum_rate, OutputPct - percent

Influent       |      Flow       CBOD        TSS         TN         TP
---------------|------------------------------------------------------
Influent       |      1.60    2680.00    3300.00     540.00      94.00

Headworks      |      Flow       CBOD        TSS         TN         TP
---------------|------------------------------------------------------
Headworks      |      1.60    2680.00    2310.00     540.00      94.00

ASPs           |      Flow       CBOD        TSS         TN         TP     Aeration     Glycerin_Rate    Alum_Rate
---------------|--------------------------------------------------------------------------------------------------
Asp0           |      0.53     207.00      77.00     142.59       0.00        50.00              4.00        20.00
Asp1           |      0.53     207.00      77.00     142.59       0.00        50.00              4.00        20.00
Asp2           |      0.53     207.00      77.00     142.59       0.00        50.00              4.00        20.00

Filters        |      Flow       CBOD        TSS         TN         TP     Num_Active_Filters
---------------|-----------------------------------------------------------------------------
Filter0        |      0.53     207.00      11.55     142.59       0.00                      1
Filter1        |      0.53     207.00       3.85     142.59       0.00                      2
Filter2        |      0.53     207.00       3.85     142.59       0.00                      2

Disinfection   |      Flow       CBOD        TSS         TN         TP     Chlorine_Rate
---------------|------------------------------------------------------------------------
Disinfection0  |      0.53     207.00       6.42     139.96       0.00              1.00
Disinfection1  |      0.53     207.00       6.42     139.96       0.00              1.00
Disinfection2  |      0.53     207.00       6.42     139.96       0.00              1.00

Effluent       |      Flow       CBOD        TSS         TN         TP          Quality_Failures
---------------|--------------------------------------------------------------------------------
Effluent       |      1.60     621.00      19.25     419.88       0.00                         0

Valves         |    OutputPct[0]    OutputPct[1]    OutputPct[2]    OutputPct[3]    OutputPct[4]
---------------|--------------------------------------------------------------------------------
V1             |           33.33           33.33           33.33            0.00            0.00
V2             |           33.33           33.33           33.33            0.00            0.00
V3             |           33.33           33.33           33.33            0.00            0.00
V4             |          100.00            0.00            0.00            0.00            0.00
#####################################################################################################################################


Welcome to the Wastewater Treatement Plant Simulator
###################################################
Your job is to take the plant described in the schematic above and make potable water.
The simulation starts with a random plant status.

Wastewater Treatment Plant Simulation
Simulation Hour 0
1. Print plant schematic
2. Print plant status
3. Control Activated Sludge Process (ASP)
4. Control Filters
5. Control Disinfection
6. Control Valves
7. Rename System
8. Run Simulation Step
9. Exit
Selection: 1. Change aeration rate
2. Change glycerin rate
3. Change alum rate
4. Return to previous menu
Selection: Which ASP 0-2: New alum rate (0-100 gallons/hr): 1. Change aeration rate
2. Change glycerin rate
3. Change alum rate
4. Return to previous menu
Selection: Wastewater Treatment Plant Simulation
Simulation Hour 0
1. Print plant schematic
2. Print plant status
3. Control Activated Sludge Process (ASP)
4. Control Filters
5. Control Disinfection
6. Control Valves
7. Rename System
8. Run Simulation Step
9. Exit
Selection: Plant Status
#####################################################################################################################################
Units
Flow - MGD
CBOD, TSS, TN, TP - lbs/day
Aeration, Glycerin_Rate, Alum_rate, OutputPct - percent

Influent       |      Flow       CBOD        TSS         TN         TP
---------------|------------------------------------------------------
Influent       |      1.60    2680.00    3300.00     540.00      94.00

Headworks      |      Flow       CBOD        TSS         TN         TP
---------------|------------------------------------------------------
Headworks      |      1.60    2680.00    2310.00     540.00      94.00

ASPs           |      Flow       CBOD        TSS         TN         TP     Aeration     Glycerin_Rate    Alum_Rate
---------------|--------------------------------------------------------------------------------------------------
Asp0           |      0.53     207.00      77.00     142.59       0.00        50.00              4.00        20.00
Asp1           |      0.53     207.00      77.00     142.59       0.00        50.00              4.00        20.00
Asp2           |      0.53     207.00      77.00     142.59       0.00        50.00              4.00        20.00

Filters        |      Flow       CBOD        TSS         TN         TP     Num_Active_Filters
---------------|-----------------------------------------------------------------------------
Filter0        |      0.53     207.00      11.55     142.59       0.00                      1
Filter1        |      0.53     207.00       3.85     142.59       0.00                      2
Filter2        |      0.53     207.00       3.85     142.59       0.00                      2

Disinfection   |      Flow       CBOD        TSS         TN         TP     Chlorine_Rate
---------------|------------------------------------------------------------------------
Disinfection0  |      0.53     207.00       6.42     139.96       0.00              1.00
Disinfection1  |      0.53     207.00       6.42     139.96       0.00              1.00
Disinfection2  |      0.53     207.00       6.42     139.96       0.00              1.00

Effluent       |      Flow       CBOD        TSS         TN         TP          Quality_Failures
---------------|--------------------------------------------------------------------------------
Effluent       |      1.60     621.00      19.25     419.88       0.00                         0

Valves         |    OutputPct[0]    OutputPct[1]    OutputPct[2]    OutputPct[3]    OutputPct[4]
---------------|--------------------------------------------------------------------------------
V1             |           33.33           33.33           33.33            0.00            0.00
V2             |           33.33           33.33           33.33            0.00            0.00
V3             |           33.33           33.33           33.33            0.00            0.00
V4             |          100.00            0.00            0.00            0.00            0.00
#####################################################################################################################################


Wastewater Treatment Plant Simulation
Simulation Hour 0
1. Print plant schematic
2. Print plant status
3. Control Activated Sludge Process (ASP)
4. Control Filters
5. Control Disinfection
6. Control Valves
7. Rename System
8. Run Simulation Step
9. Exit
Selection: 1. Change aeration rate
2. Change glycerin rate
3. Change alum rate
4. Return to previous menu
Selection: Which ASP 0-2: New aeration percent: 1. Change aeration rate
2. Change glycerin rate
3. Change alum rate
4. Return to previous menu
Selection: Which ASP 0-2: New glycerin rate (0-100 gallons/hr): 1. Change aeration rate
2. Change glycerin rate
3. Change alum rate
4. Return to previous menu
Selection: Which ASP 0-2: New alum rate (0-100 gallons/hr): 1. Change aeration rate
2. Change glycerin rate
3. Change alum rate
4. Return to previous menu
Selection: Which ASP 0-2: New aeration percent: 1. Change aeration rate
2. Change glycerin rate
3. Change alum rate
4. Return to previous menu
Selection: Which ASP 0-2: New glycerin rate (0-100 gallons/hr): 1. Change aeration rate
2. Change glycerin rate
3. Change alum rate
4. Return to previous menu
Selection: Which ASP 0-2: New alum rate (0-100 gallons/hr): 1. Change aeration rate
2. Change glycerin rate
3. Change alum rate
4. Return to previous menu
Selection: Which ASP 0-2: New aeration percent: 1. Change aeration rate
2. Change glycerin rate
3. Change alum rate
4. Return to previous menu
Selection: Which ASP 0-2: New glycerin rate (0-100 gallons/hr): 1. Change aeration rate
2. Change glycerin rate
3. Change alum rate
4. Return to previous menu
Selection: Which ASP 0-2: New alum rate (0-100 gallons/hr): 1. Change aeration rate
2. Change glycerin rate
3. Change alum rate
4. Return to previous menu
Selection: Wastewater Treatment Plant Simulation
Simulation Hour 0
1. Print plant schematic
2. Print plant status
3. Control Activated Sludge Process (ASP)
4. Control Filters
5. Control Disinfection
6. Control Valves
7. Rename System
8. Run Simulation Step
9. Exit
Selection: 1. Change active filter count
2. Return to previous menu
Selection: Which Filter 0-2: How many filters (0-2): 1. Change active filter count
2. Return to previous menu
Selection: Which Filter 0-2: How many filters (0-4): 1. Change active filter count
2. Return to previous menu
Selection: Which Filter 0-2: How many filters (0-4): 1. Change active filter count
2. Return to previous menu
Selection: Wastewater Treatment Plant Simulation
Simulation Hour 0
1. Print plant schematic
2. Print plant status
3. Control Activated Sludge Process (ASP)
4. Control Filters
5. Control Disinfection
6. Control Valves
7. Rename System
8. Run Simulation Step
9. Exit
Selection: 1. Change chlorine rate
2. Return to previous menu
Selection: Which Disinfection system 0-2: New chlorine rate (0-100): 1. Change chlorine rate
2. Return to previous menu
Selection: Which Disinfection system 0-2: New chlorine rate (0-100): 1. Change chlorine rate
2. Return to previous menu
Selection: Which Disinfection system 0-2: New chlorine rate (0-100): 1. Change chlorine rate
2. Return to previous menu
Selection: Wastewater Treatment Plant Simulation
Simulation Hour 0
1. Print plant schematic
2. Print plant status
3. Control Activated Sludge Process (ASP)
4. Control Filters
5. Control Disinfection
6. Control Valves
7. Rename System
8. Run Simulation Step
9. Exit
Selection: Wastewater Treatment Plant Simulation
Simulation Hour 1
1. Print plant schematic
2. Print plant status
3. Control Activated Sludge Process (ASP)
4. Control Filters
5. Control Disinfection
6. Control Valves
7. Rename System
8. Run Simulation Step
9. Exit
Selection: Plant Status
#####################################################################################################################################
Units
Flow - MGD
CBOD, TSS, TN, TP - lbs/day
Aeration, Glycerin_Rate, Alum_rate, OutputPct - percent

Influent       |      Flow       CBOD        TSS         TN         TP
---------------|------------------------------------------------------
Influent       |      1.40    3036.00    4749.00     720.00      86.00

Headworks      |      Flow       CBOD        TSS         TN         TP
---------------|------------------------------------------------------
Headworks      |      1.60    2680.00    2310.00     540.00      94.00

ASPs           |      Flow       CBOD        TSS         TN         TP     Aeration     Glycerin_Rate    Alum_Rate
---------------|--------------------------------------------------------------------------------------------------
Asp0           |      0.53       0.02      77.00       0.06       0.00        26.83              4.98         2.40
Asp1           |      0.53       0.02      77.00       0.06       0.00        26.83              4.98         2.40
Asp2           |      0.53       0.02      77.00       0.06       0.00        26.83              4.98         2.40

Filters        |      Flow       CBOD        TSS         TN         TP     Num_Active_Filters
---------------|-----------------------------------------------------------------------------
Filter0        |      0.53       0.02       3.85       0.06       0.00                      2
Filter1        |      0.53       0.02       0.77       0.06       0.00                      4
Filter2        |      0.53       0.02       0.77       0.06       0.00                      4

Disinfection   |      Flow       CBOD        TSS         TN         TP     Chlorine_Rate
---------------|------------------------------------------------------------------------
Disinfection0  |      0.53       0.02       1.80       0.00       0.00              4.40
Disinfection1  |      0.53       0.02       1.80       0.00       0.00              4.40
Disinfection2  |      0.53       0.02       1.80       0.00       0.00              4.40

Effluent       |      Flow       CBOD        TSS         TN         TP          Quality_Failures
---------------|--------------------------------------------------------------------------------
Effluent       |      1.60       0.07       5.39       0.00       0.00                         0

Valves         |    OutputPct[0]    OutputPct[1]    OutputPct[2]    OutputPct[3]    OutputPct[4]
---------------|--------------------------------------------------------------------------------
V1             |           33.33           33.33           33.33            0.00            0.00
V2             |           33.33           33.33           33.33            0.00            0.00
V3             |           33.33           33.33           33.33            0.00            0.00
V4             |          100.00            0.00            0.00            0.00            0.00
#####################################################################################################################################


Wastewater Treatment Plant Simulation