Please input your name:
	Welcome to Attackers General hbnahbxxnhztmwncuzcozuhpahkfemvc!
---------------------------
|# # # # # # # # # # # #  |
|                         |
|# # # # # # # # # # # #  |
|                         |
|                         |
|                         |
|                         |
|                         |
|                         |
|                         |
|                         |
|                         |
|                         |
|                         |
|                         |
|                         |
|                         |
|                         |
|                         |
|                         |
|                         |
|                         |
|                         |
|                         |
|W                        |
---------------------------
		Level #1
	Welcome to Attackers General hbnahbxxnhztmwncuzcozuhpahkfemvc!
---------------------------
|# # # #  # ## # #  #   # |
|                    #    |
| ##   # #  #   ##  # ##  |
|    # +     #   +     +  |
|                         |
|                         |
|                         |
|                         |
|                         |
|                         |
|                         |
|                         |
|                         |
|                         |
|                         |
|                         |
|                         |
|                         |
|                         |
|                         |
|                         |
|                         |
|                         |
|!                        |
|W                        |
---------------------------
		Level #1
	Welcome to Attackers General hbnahbxxnhztmwncuzcozuhpahkfemvc!
---------------------------
|#  ##      #     #     # |
|      #  #  # #    # #   |
| ##   #  #  #  #   #     |
|  +  #+    #    #    ##  |
|      +         +     +  |
|                         |
|                         |
|                         |
|                         |
|                         |
|                         |
|                         |
|                         |
|                         |
|                         |
|                         |
|                         |
|                         |
|                         |
|                         |
|                         |
|                         |
|!                        |
|!                        |
|W                        |
---------------------------
		Level #1
