Please input your name:
	Welcome to Attackers General mdzkajelwepctqejfxogwuqnayqhcsiv!
---------------------------
|# # # # # # # # # # # #  |
|                         |
|# # # # # # # # # # # #  |
|                         |
|                         |
|                         |
|                         |
|                         |
|                         |
|                         |
|                         |
|                         |
|                         |
|                         |
|                         |
|                         |
|                         |
|                         |
|                         |
|                         |
|                         |
|                         |
|                         |
|                         |
|W                        |
---------------------------
		Level #1
	Welcome to Attackers General mdzkajelwepctqejfxogwuqnayqhcsiv!
---------------------------
| # # #  # # #          # |
|      #       # # # #    |
|# # # # #   #    # # #   |
|+   +   + # + #       #  |
|                         |
|                         |
|                         |
|                         |
|                         |
|                         |
|                         |
|                         |
|                         |
|                         |
|                         |
|                         |
|                         |
|                         |
|                         |
|                         |
|                         |
|                         |
|                         |
|!                        |
|W                        |
---------------------------
		Level #1
	Welcome to Attackers General mdzkajelwepctqejfxogwuqnayqhcsiv!
---------------------------
|          #     # #      |
| # # ## #   # #      # # |
|# #  # ##   #    ## #    |
|        +  #  #       #  |
|+   +   +   +            |
|                         |
|                         |
|                         |
|                         |
|                         |
|                         |
|                         |
|                         |
|                         |
|                         |
|                         |
|                         |
|                         |
|                         |
|                         |
|                         |
|                         |
|!                        |
|!                        |
|W                        |
---------------------------
		Level #1
