Please input your name:
	Welcome to Attackers General xlphlrytkpymlzbaifjoidndfrypxoly!
---------------------------
|# # # # # # # # # # # #  |
|                         |
|# # # # # # # # # # # #  |
|                         |
|                         |
|                         |
|                         |
|                         |
|                         |
|                         |
|                         |
|                         |
|                         |
|                         |
|                         |
|                         |
|                         |
|                         |
|                         |
|                         |
|                         |
|                         |
|                         |
|                         |
|W                        |
---------------------------
		Level #1
	Welcome to Attackers General xlphlrytkpymlzbaifjoidndfrypxoly!
---------------------------
| ##   #  ## #    ##   #  |
|    #         #     #    |
|     # #  #   # # #  # # |
|# #     # + #            |
|                         |
|                         |
|                         |
|                         |
|                         |
|                         |
|                         |
|                         |
|                         |
|                         |
|                         |
|                         |
|                         |
|                         |
|                         |
|                         |
|                         |
|                         |
|                         |
|!                        |
|W                        |
---------------------------
		Level #1
	Welcome to Attackers General xlphlrytkpymlzbaifjoidndfrypxoly!
---------------------------
|   ##  # # ## # # # # #  |
| #                       |
|#              # ##  # # |
|  #  # ## #  #         + |
|          +              |
|                         |
|                         |
|                         |
|                         |
|                         |
|                         |
|                         |
|                         |
|                         |
|                         |
|                         |
|                         |
|                         |
|                         |
|                         |
|                         |
|                         |
|!                        |
|!                        |
|W                        |
---------------------------
		Level #1
