Please input your name:
	Welcome to Attackers General hheyerwmdsfusfgdsjfnepgxryypleyu!
---------------------------
|# # # # # # # # # # # #  |
|                         |
|# # # # # # # # # # # #  |
|                         |
|                         |
|                         |
|                         |
|                         |
|                         |
|                         |
|                         |
|                         |
|                         |
|                         |
|                         |
|                         |
|                         |
|                         |
|                         |
|                         |
|                         |
|                         |
|                         |
|                         |
|W                        |
---------------------------
		Level #1
	Welcome to Attackers General hheyerwmdsfusfgdsjfnepgxryypleyu!
---------------------------
| # #   ##  #  #  # # #   |
|    #       #         #  |
| ##  #    # # # #     #  |
|      # #     + + # #    |
|                         |
|                         |
|                         |
|                         |
|                         |
|                         |
|                         |
|                         |
|                         |
|                         |
|                         |
|                         |
|                         |
|                         |
|                         |
|                         |
|                         |
|                         |
|                         |
|W                        |
|                         |
---------------------------
		Level #1
	Welcome to Attackers General hheyerwmdsfusfgdsjfnepgxryypleyu!
---------------------------
|#        #    # #  # #   |
|   # # #   ##          # |
| ##  ## #    # # #  #    |
|          #       #   #  |
|              + +        |
|                         |
|                         |
|                         |
|                         |
|                         |
|                         |
|                         |
|                         |
|                         |
|                         |
|                         |
|                         |
|                         |
|                         |
|                         |
|                         |
|                         |
|                         |
|                         |
|W                        |
---------------------------
		Level #1
