Please input your name:
	Welcome to Attackers General gncjirsksbndjyygflnyivkzdpmekomg!
---------------------------
|# # # # # # # # # # # #  |
|                         |
|# # # # # # # # # # # #  |
|                         |
|                         |
|                         |
|                         |
|                         |
|                         |
|                         |
|                         |
|                         |
|                         |
|                         |
|                         |
|                         |
|                         |
|                         |
|                         |
|                         |
|                         |
|                         |
|                         |
|                         |
|W                        |
---------------------------
		Level #1
	Welcome to Attackers General gncjirsksbndjyygflnyivkzdpmekomg!
---------------------------
|#  ##    #  #    # # #   |
|      #   #   #       #  |
| ##   #   #  ##   #  ##  |
|    # + #       # +   +  |
|                         |
|                         |
|                         |
|                         |
|                         |
|                         |
|                         |
|                         |
|                         |
|                         |
|                         |
|                         |
|                         |
|                         |
|                         |
|                         |
|                         |
|                         |
|                         |
|W                        |
|                         |
---------------------------
		Level #1
	Welcome to Attackers General gncjirsksbndjyygflnyivkzdpmekomg!
---------------------------
|     #   ##      ## # #  |
|#  #  #     # #          |
| ##   #     #   #  #     |
| +  # + # #   #      ##  |
|    + +           +   +  |
|                         |
|                         |
|                         |
|                         |
|                         |
|                         |
|                         |
|                         |
|                         |
|                         |
|                         |
|                         |
|                         |
|                         |
|                         |
|                         |
|                         |
|                         |
|W                        |
|                         |
---------------------------
		Level #1
