Please input your name:
	Welcome to Attackers General nfyakmlmhjpwqyvqnwlvvbbcorjtdqdh!
---------------------------
|# # # # # # # # # # # #  |
|                         |
|# # # # # # # # # # # #  |
|                         |
|                         |
|                         |
|                         |
|                         |
|                         |
|                         |
|                         |
|                         |
|                         |
|                         |
|                         |
|                         |
|                         |
|                         |
|                         |
|                         |
|                         |
|                         |
|                         |
|                         |
|W                        |
---------------------------
		Level #1
	Welcome to Attackers General nfyakmlmhjpwqyvqnwlvvbbcorjtdqdh!
---------------------------
| # ##       #    #  #  # |
|      # # #   #   #      |
|# #    ##      ##  # #   |
|    #     # #         #  |
|                         |
|                         |
|                         |
|                         |
|                         |
|                         |
|                         |
|                         |
|                         |
|                         |
|                         |
|                         |
|                         |
|                         |
|                         |
|                         |
|                         |
|                         |
|                         |
|!                        |
|W                        |
---------------------------
		Level #1
	Welcome to Attackers General nfyakmlmhjpwqyvqnwlvvbbcorjtdqdh!
---------------------------
|# #          #   #       |
|    # #  ##    #   ##  # |
|# #      #  #   # # #    |
|+   #  #  #    #+     #  |
|                         |
|                         |
|                         |
|                         |
|                         |
|                         |
|                         |
|                         |
|                         |
|                         |
|                         |
|                         |
|                         |
|                         |
|                         |
|                         |
|                         |
|                         |
|!                        |
|!                        |
|W                        |
---------------------------
		Level #1
