Before we begin. Enter a number [1 - 4294967295]
Or any number. We'll figure it out: New Game -- Ready, set, go!
                              --Board: HIDDEN--
1. Shoot!
2. Reveal Board
3. New Game
4. Quit
Current Score = 0 | Total Time Remaining: 10000 | High Score = 0 
Shots Remaining: 125 | Bombs Remaining: 5

Selection-: GAME BOARD
--| (x,y) = (357,1661) | Alive=1 | Bomb=0 |
--| (x,y) = (358,1662) | Alive=1 | Bomb=0 |
--| (x,y) = (359,1660) | Alive=1 | Bomb=0 |
--| (x,y) = (359,1661) | Alive=1 | Bomb=0 |
--| (x,y) = (359,1662) | Alive=1 | Bomb=0 |
--| (x,y) = (475,4089) | Alive=1 | Bomb=0 |
--| (x,y) = (476,4090) | Alive=1 | Bomb=0 |
--| (x,y) = (477,4088) | Alive=1 | Bomb=0 |
--| (x,y) = (477,4089) | Alive=1 | Bomb=0 |
--| (x,y) = (477,4090) | Alive=1 | Bomb=0 |
--| (x,y) = (549,6074) | Alive=1 | Bomb=0 |
--| (x,y) = (550,6073) | Alive=1 | Bomb=0 |
--| (x,y) = (551,6073) | Alive=1 | Bomb=0 |
--| (x,y) = (551,6074) | Alive=1 | Bomb=0 |
--| (x,y) = (551,6075) | Alive=1 | Bomb=0 |
--| (x,y) = (722,1452) | Alive=1 | Bomb=0 |
--| (x,y) = (723,174) | Alive=1 | Bomb=0 |
--| (x,y) = (723,1453) | Alive=1 | Bomb=0 |
--| (x,y) = (724,175) | Alive=1 | Bomb=0 |
--| (x,y) = (724,1451) | Alive=1 | Bomb=0 |
--| (x,y) = (724,1452) | Alive=1 | Bomb=0 |
--| (x,y) = (724,1453) | Alive=1 | Bomb=0 |
--| (x,y) = (725,173) | Alive=1 | Bomb=0 |
--| (x,y) = (725,174) | Alive=1 | Bomb=0 |
--| (x,y) = (725,175) | Alive=1 | Bomb=0 |
--| (x,y) = (1054,783) | Alive=1 | Bomb=0 |
--| (x,y) = (1055,784) | Alive=1 | Bomb=0 |
--| (x,y) = (1056,782) | Alive=1 | Bomb=0 |
--| (x,y) = (1056,783) | Alive=1 | Bomb=0 |
--| (x,y) = (1056,784) | Alive=1 | Bomb=0 |
--| (x,y) = (1807,6273) | Alive=1 | Bomb=0 |
--| (x,y) = (1808,6272) | Alive=1 | Bomb=0 |
--| (x,y) = (1809,6272) | Alive=1 | Bomb=0 |
--| (x,y) = (1809,6273) | Alive=1 | Bomb=0 |
--| (x,y) = (1809,6274) | Alive=1 | Bomb=0 |
--| (x,y) = (1905,5005) | Alive=1 | Bomb=0 |
--| (x,y) = (1906,5004) | Alive=1 | Bomb=0 |
--| (x,y) = (1907,5004) | Alive=1 | Bomb=0 |
--| (x,y) = (1907,5005) | Alive=1 | Bomb=0 |
--| (x,y) = (1907,5006) | Alive=1 | Bomb=0 |
--| (x,y) = (2105,3407) | Alive=1 | Bomb=0 |
--| (x,y) = (2106,3408) | Alive=1 | Bomb=0 |
--| (x,y) = (2107,3406) | Alive=1 | Bomb=0 |
--| (x,y) = (2107,3407) | Alive=1 | Bomb=0 |
--| (x,y) = (2107,3408) | Alive=1 | Bomb=0 |
--| (x,y) = (2311,2215) | Alive=1 | Bomb=0 |
--| (x,y) = (2312,2216) | Alive=1 | Bomb=0 |
--| (x,y) = (2313,2214) | Alive=1 | Bomb=0 |
--| (x,y) = (2313,2215) | Alive=1 | Bomb=0 |
--| (x,y) = (2313,2216) | Alive=1 | Bomb=0 |
--| (x,y) = (2536,2872) | Alive=1 | Bomb=0 |
--| (x,y) = (2537,2873) | Alive=1 | Bomb=0 |
--| (x,y) = (2538,2871) | Alive=1 | Bomb=0 |
--| (x,y) = (2538,2872) | Alive=1 | Bomb=0 |
--| (x,y) = (2538,2873) | Alive=1 | Bomb=0 |
--| (x,y) = (2738,3247) | Alive=1 | Bomb=0 |
--| (x,y) = (2739,3248) | Alive=1 | Bomb=0 |
--| (x,y) = (2740,3246) | Alive=1 | Bomb=0 |
--| (x,y) = (2740,3247) | Alive=1 | Bomb=0 |
--| (x,y) = (2740,3248) | Alive=1 | Bomb=0 |
--| (x,y) = (2878,204) | Alive=1 | Bomb=0 |
--| (x,y) = (2879,205) | Alive=1 | Bomb=0 |
--| (x,y) = (2880,203) | Alive=1 | Bomb=0 |
--| (x,y) = (2880,204) | Alive=1 | Bomb=0 |
--| (x,y) = (2880,205) | Alive=1 | Bomb=0 |
--| (x,y) = (3611,7483) | Alive=1 | Bomb=0 |
--| (x,y) = (3612,7482) | Alive=1 | Bomb=0 |
--| (x,y) = (3613,7482) | Alive=1 | Bomb=0 |
--| (x,y) = (3613,7483) | Alive=1 | Bomb=0 |
--| (x,y) = (3613,7484) | Alive=1 | Bomb=0 |
--| (x,y) = (3654,718) | Alive=1 | Bomb=0 |
--| (x,y) = (3655,719) | Alive=1 | Bomb=0 |
--| (x,y) = (3656,717) | Alive=1 | Bomb=0 |
--| (x,y) = (3656,718) | Alive=1 | Bomb=0 |
--| (x,y) = (3656,719) | Alive=1 | Bomb=0 |
--| (x,y) = (4450,3743) | Alive=1 | Bomb=0 |
--| (x,y) = (4450,3744) | Alive=1 | Bomb=0 |
--| (x,y) = (4450,3745) | Alive=1 | Bomb=0 |
--| (x,y) = (4451,3745) | Alive=1 | Bomb=0 |
--| (x,y) = (4452,3744) | Alive=1 | Bomb=0 |
--| (x,y) = (4642,5092) | Alive=1 | Bomb=0 |
--| (x,y) = (4642,5093) | Alive=1 | Bomb=0 |
--| (x,y) = (4642,5094) | Alive=1 | Bomb=0 |
--| (x,y) = (4643,2477) | Alive=1 | Bomb=0 |
--| (x,y) = (4643,2478) | Alive=1 | Bomb=0 |
--| (x,y) = (4643,2479) | Alive=1 | Bomb=0 |
--| (x,y) = (4643,5092) | Alive=1 | Bomb=0 |
--| (x,y) = (4644,2479) | Alive=1 | Bomb=0 |
--| (x,y) = (4644,5093) | Alive=1 | Bomb=0 |
--| (x,y) = (4645,2478) | Alive=1 | Bomb=0 |
--| (x,y) = (6008,2203) | Alive=1 | Bomb=0 |
--| (x,y) = (6008,2204) | Alive=1 | Bomb=0 |
--| (x,y) = (6008,2205) | Alive=1 | Bomb=0 |
--| (x,y) = (6009,2205) | Alive=1 | Bomb=0 |
--| (x,y) = (6010,2204) | Alive=1 | Bomb=0 |
--| (x,y) = (6015,6577) | Alive=1 | Bomb=0 |
--| (x,y) = (6015,6578) | Alive=1 | Bomb=0 |
--| (x,y) = (6015,6579) | Alive=1 | Bomb=0 |
--| (x,y) = (6016,6577) | Alive=1 | Bomb=0 |
--| (x,y) = (6017,6578) | Alive=1 | Bomb=0 |
--| (x,y) = (6734,2074) | Alive=1 | Bomb=0 |
--| (x,=1 | Bomb=0 |
--| (x,y) = (6802,41 | Bomb=0 |
--| (x,y) = (6803,40Alive=1 | Bomb=0 |
--| (x,y) = (6804,4071) | Alive=1 | Bomb=0 |
--| (x,y) = (7521,7180) | Alive=1 | Bomb=0 |
--| (x,y) = (7521,7181) | Alive=1 | Bomb=0 |
--| (x,y) = (7521,7182) | Alive=1 | Bomb=0 |
--| (x,y) = (7522,7180) | Alive=1 | Bomb=0 |
--| (x,y) = (7523,7181) | Alive=1 | Bomb=0 |
--| (x,y) = (7937,3207) | Alive=1 | Bomb=0 |
--| (x,y) = (7937,3208) | Alive=1 | Bomb=0 |
--| (x,y) = (7937,3209) | Alive=1 | Bomb=0 |
--| (x,y) = (7938,3209) | Alive=1 | Bomb=0 |
--| (x,y) = (7939,3208) | Alive=1 | Bomb=0 |
--| (x,y) = (8012,5479) | Alive=1 | Bomb=0 |
--| (x,y) = (8012,5480) | Alive=1 | Bomb=0 |
--| (x,y) = (8012,5481) | Alive=1 | Bomb=0 |
--| (x,y) = (8013,5479) | Alive=1 | Bomb=0 |
--| (x,y) = (8014,5480) | Alive=1 | Bomb=0 |

                              --Board: REVEALED--
1. Place Bomb
2. Reveal Board
3. Let them Run!
4. New Game
5. Quit
Current Score = 0 | Total Time Remaining: 10000 | High Score = 0 
Shots Remaining: 125 | Bombs Remaining: 5

Selection-: Enter Bodinates Ex: 100, 100:: Successfully planted r amount of time to run: [100-1000]:: 