What is your name?
Hi, U%s%s%s





                     -  -  -  -  -  -  -  -  -  -  -  -  -  -  -  -  -  -  -
                     -  -  -  -  -  -  -  -  -  -  -  -  -  -  -  -  -  -  -
                     -  -  -  -  -  -  -  -  -  -  -  -  -  -  -  -  -  -  -
                     -  -  -  -  -  -  -  -  -  -  -  -  -  -  -  -  -  -  -
                     -  -  -  -  -  -  -  -  -  -  --  -  -  -  -  -  -  -  -  -  -  -  -  -  -
                     -  -  -  -  -  -  -  -  -  -  -  -  -  -  -  -  -  -  -
                     -  -  -  -  -  -  -  -  -  -  -  -  -  -  -  -  -  -  -
Ticks: 0             -  -  -  -  -  -  -  -  -  -  -  -  -  -  -  -  -  -  -
                     -  -  -  -  -  -  -  -  -  -  -  -  -  -  -  -  -  -  -
                     -  -  -  -  -  -  -  -  -  -  -  -  -  -  -  -  -  -  -
Black: 0             -  -  -  -  -  -  -  -  -  -  -  -  -  -  -  -  -  -  -
                     -  -  -  -  -  -  -  -  -  -  -  -  -  -  -  -  -  -  -
                     -  -  -  -  -  -  -  -  -  -  -  -  -  -  -  -  -  -  -
                     -  -  -  -  -  -  -  -  -  -  -  -  -  -  -  -  -  -  -
                     -  -  -  -  -  -  -  -  -  -  -  -  -  -  -  -  -  -  -
                     -  -  -  -  -  -  -  -  -  -  -  -  -  -  -  -  -  -  -
                     -  -  -  -  -  -  -  -  -  -  -  -  -  -  -  -  -  -  -





0 B >0 B >




                     -  -  -  -  -  -  -  -  -  -  -  -  -  -  -  -  B  -  -
                     -  -  -  -  -  -  -  -         -  -  -  -  -  -  -  -  -  -  -  -  -  -  -  -  -  -
        -  -  -  -  -  -  -  -  -  -  -  -  -  -  -  -  -  -
Ticks: 0             -  -  -  -  -  -  -  -  -  -  -  -  -  -  -  -  -  -  -
                     -  -  -  -  -  -  -  -  -  -  -  -  -  -  -  -  -  -  -
                     -  -  -  -  -  -  -  -  -  -  -  -  -  -  -  -  -  -  -
Black: 1             -  -  -  -  -  -  -  -  -  -  -  -  -  -  -  -  -  -  -
                     -  -  -  -  -  -  -  -  -  -  -  -  -  -  -  -  -  -  -
                     -  -  -  -  -  -  -  -  -  -  -  -  -  -  -  -  -  -  -
                     -  -  -  -  -  -  -  -  -  -  -  -  -  -  -  -  -  -  -  -  -  -  -
                     -  -  -  -  -  -  -  -  -  -  -  -  -  -  -  -  -  -  -
                     -  -  -  -  -  -  -  -  -  -  -  -  -  -  -  -  -  -  -





1 B >




                     -  -  -  -  -  -  -  -  -  -  -  -  -  -  -  -  B  -  -
                     -  -  -  -  -  -  -  -  -  -  -  -  -  -  -  -                     -  -  -  -  -   -  -  -  -  -  -  -  -  -  -  -  -
White: 1             -  -  -       -  -  -  -  -  -  -  -  -  -  -  -  -  -  -  -  -  -  -
Ticks: 1             -  -  -  -  -  -  -  -  -  -  -  -  -  -  -  -  -  -  -
                     -  -  -  -  -  -  -  -  -  -  -  -  -  -  -  -  -  -  -
                     -  -  -  -  -  -  -  -  -  -  -  -  -  -  -  -  -  -  -
Black: 1             -  -  -  -  -  -  -  -  -  -  -  -  -  -  -  -  -  -  -
                     -  -  -  -  -  -  -  -  -  -  -  -  -  -  -  -  -  -  -
                     -  -  -  -  -  -  -  -  -  -  -  -  -  -  -  -  -  -  -
                     -  -  -  -  -  -  -  -  -  -  -  -  -  -  -  -  -  -  -
                     -  -  -  -  -  -  -  -  -  -  -  -  -  -  -  -  -  -  -
                     -  -  -  -  -  -  -  -  -  -  -  -  -  -  -  -  -  -  -
                     -  -  -  -  -  -  -  -  -  -  -  -  -  -  -  -  -  -  -





2 B >




                     -  -  -  -  -  -  -  -  -  -  -  -  -  -  -  -  B  -  -
                     -  -  -  -  -  -  -  -  -  -  -  -  -  -  -  -  -  -  -
                     W  -  -
                     -  -  -  -  -  -  -  -  -  -  -  -  -  -  -
                     -  -  -  - -  -  -  -  -  -  -  -  -  -  -  -
                     -  -  -  -  -  -  -  -  -  -  -  -  -  -  -  -  -  -  -
Ticks: 2             -  -  -  -  -  -  -  -  -  -  -  B  -  -  -  -  -  -  -
                     -  -  -  -  -  -  -  -  -  -  -  -  -  -  -  -  -  -  -
                     -  -  -  -  -  -  -  -  -  -  -  -  -  -  -  -  -  -  -
Black: 2             -  -  -  -  -  -  -  -  -  -  -  -  -  -  -  -  -  -  -
                     -  -  -  -  -  -  -  -  -  -  -  -  -  -  -  -  -  -  -
                     -  -  -  -  -  -  -  -  -  -  -  -  -  -  -  -  -  -  -
                     -  -  -  -  -  -  -  -  -  -  -  -  -  -  -  -  -  -  -
                     -  -  -  -  -  -  -  -  -  -  -  -  -  -  -  -  -  -  -
                     -  -  -  -  -  -  -  -  -  -  -  -  -  -  -  -  -  -  -3 B >3 B >




                     -  -  -  -  -  -  -  -  -  -  -  -  -  -  -  -  B  -  -
                     W  -  -  -  -  -  -  -  -  -  -  -  -  -  -  -  -  -  -  -  -  -  -  W  -  -  -  -               -  -  -  -  -  -  -  -  -  -  -  -  -  -  -  -  -  -  -
Ticks: 3             -  -  -  -  -  -  -  -  -  -  -  B  -  -  -  -  -  -  -
                     -  -  -  -  -  -  -  -  -  -  -  -  -  -  -  -  -  -  -
                     -  -  -  -  -  -  -  -  -  -  -  -  -  -  -  -  -  -  -
Black: 3             -  B  -  -  -  -  -  -  -  -  -  -  -  -  -  -  -  -  -
                     -  -  -  -  -  -  -  -  -  -  -  -  -  -  -  -  -  -  -
                     -  -  -  -  -  -  -  -  -  -  -  -  -  -  -  -  -  -  -
                     -  -  -  -  -  -  -  -  -  -  -  -  -  -  -  -  -  -  -
                     -  -  -  -  -  -  -  -  -  -  -  -  -  -  -  -  -  -  -
                     -  -  -  -  -  -  -  -  -  -  -  -  -  -  -  -  -  -  -
                     -  -  -  -  -  -  -  -  -  -  -  -  -  -  -  -  -  -  -





4 B >4 B >




                     -  -  -  -  -  -  -  -  -  -  -  -  -  -  -  -  B  -  -
                     W  -  -  -  -  -  -  -  -  -  -  -  -  -  -  -  -  -  -
                     -  -  -  -  -  -  -  -  -  -  -    -  -  -  -  -  -  -
            -  -  -  -  -  -  -  -  -  -  -  -  -
                     -  -  -  -  -  -  -  -  -  -  -  -  -  -  -  -  -  -  -
Ticks: 4             -  -  -  -  -  -  -  -  -  -  -  B  -  -  -  -  -  -  -
                     -  -  -  -  -  -  -  -  -  -  -  -  -  -  -  -  -  -  -
                     -  -  -  -  -  -  -  -  -  -  -  -  -  -  -  -  -  -  -
Black: 4             -  B  -  -  -  -  -  -  -  -  -  -  -  -  -  -  -  -  -
                     -  -  -  B  -  -  -  -  -  -  -  -  -  -  -  -  -  -  -
                     -  -  -  -  -  -  -  -  -  -  -  -  -  -  -  -  -  -  -
                     -  -  -  -  -  -  -  -  -  -  -  -  -  -  -  -  -  -  -
                     -  -  -  -  -  -  -  -  -  -  -  -  -  -  -  -  -  -  -
                     -  -  -  -  -  -  -  -  -  -  -  -  -  -  -  -  -  -  -
                     -  -  -  -  -  -  -  -  -  -  -  -  -  -  -  -  -  -  -





5 B >




                     -  -  -  -  -  -  -  -  -  -  -  -  -  -  -  -  B  -  -
                     W  -  -  -  -  -  -  -  -  -  -  -  -  -  -  -
          -  -  -  -  -  -  -  -  W  -  -  -  -  -
                  -  -  -  -  -  -  -  -  -  -  -  -  -  -  -  -  -  -
White: 5    -  -  -  -  -  -  -  -  -  -  -             -  -  -  -  -  -  -  -  -  -  -  -  -  -  -  -  -  -  -
Ticks: 5             -  -  -  -  -  -  -  -  -  -  -  B  -  -  -  -  -  -  -
                     -  -  -  -  -  -  -  B  -  -  -  -  -  -  -  -  -  -  -
                     -  -  -  -  -  -  -  -  -  -  -  -  -  -  -  -  -  -  -
Black: 5             -  B  -  -  -  -  -  -  -  -  -  -  -  -  -  -  -  -  -
                     -  -  -  B  -  -  -  -  -  -  -  -  -  -  -  -  -  -  -
                     -  -  -  -  -  -  -  -  -  -  -  -  -  -  -  -  -  -  -
                     -  -  -  -  -  -  -  -  -  -  -  -  -  -  -  -  -  -  -
                     -  -  -  -  -  -  -  -  -  -  -  -  -  -  -  -  -  -  -
                     -  -  -  -  -  -  -  -  -  -  -  -  -  -  -  -  -  -  -
                     -  -  -  -  -  -  -  -  -  -  -  -  -  -  -  -  -  -  -





6 B >




                     W  -  -  -  -  -  -  -  -  -  -  -  -  -  -  -  B  -  -
                     W  -  -  -  -  -  -  -  -  -  -  -  -  -  -  -  -            W  -  -  -  -  -  -   -  -  -  -  -  -  -  -  -
                     -  -  -  -  -  -  -  -  -  -  -  -  -  -  -  -  -           -  -  -  -  -  -  -  -  -  -  -  -  -  -  -  -
     -  -  -  -  -  -  -  -  -  -  - -  -  -  -  -  -  -  -  -  -  -
Ticks: 6             -  -  -  -  -  -  -  -  -  -  -  B  -  -  -  -  -  -  -
                     -  -  -  -  -  -  -  B  -  -  -  -  -  -  -  -  -  -  -
                     -  -  -  -  -  -  -  -  -  -  -  -  -  -  -  -  -  -  -
Black: 6             -  B  -  -  -  -  -  -  B  -  -  -  -  -  -  -  -  -  -
                     -  -  -  B  -  -  -  -  -  -  -  -  -  -  -  -  -  -  -
                     -  -  -  -  -  -  -  -  -  -  -  -  -  -  -  -  -  -  -
                     -  -  -  -  -  -  -  -  -  -  -  -  -  -  -  -  -  -  -
                     -  -  -  -  -  -  -  -  -  -  -  -  -  -  -  -  -  -  -
                     -  -  -  -  -  -  -  -  -  -  -  -  -  -  -  -  -  -  -
                     -  -  -  -  -  -  -  -  -  -  -  -  -  -  -  -  -  -  -





7 B >




                     W  -  -  -  -  -  -  -  -  -  -  -  -  -  -  -  B  -  -
                     W  -  -  -  -  -  -  -  -  -  -  -  -  -  -  -  -  -  -
                     W  -  -  -  -  -  -  -  -  -  -  -  -
                -  -  -  -  -  -  -  -  -  -  -  -  -  -  -  -  -  -  -
Ticks: 7             -  -  -  -  -  -  -  -  -  -  -  B  -  -  -  -  -  -  -
                     -  -  -  B  -  -  -  B  -  -  -  -  -  -  -  -  -  -  -
                     -  -  -  -  -  -  -  -  -  -  -  -  -  -  -  -  -  -  -
Black: 7             -  B  -  -  -  -  -  -  B  -  -  -  -  -  -  -  -  -  -
                     -  -  -  B  -  -  -  -  -  -  -  -  -  -  -  -  -  -  -
                     -  -  -  -  -  -  -  -  -  -  -  -  -  -  -  -  -  -  -
                     -  -  -  -  -  -  -  -  -  -  -  -  -  -  -  -  -  -  -
                     -  -  -  -  -  -  -  -  -  -  -  -  -  -  -  -  -  -  -
                     -  -  -  -  -  -  -  -  -  -  -  -  -  -  -  -  -  -  -
                     -  -  -  -  -  -  -  -  -  -  -  -  -  -  -  -  -  -  -





8 B >




                     W  -  -  -  -  -  -  -  -  -  -  -  -  -  -  -  B  -  -
                     W  -  -  -  -  -  -  -  W  -  -  -  -  -  -  -  -  -  -
  -  -  -  -  -
                     -  -  -  -  -  -  -  -  -  -  -  -  -  -  -  -
                -  -  -  -  -  -  -  -  -  -  -  -  -  -  -
Ticks: 8             -  -  -  -  -  -  -  -  -  -  -  B  -  -  -  -  -  -  -
                     -  -  -  B  -  -  -  B  -  -  -  -  -  -  -  -  -  -  -
                     -  -  -  -  -  -  -  -  -  -  -  -  -  -  -  -  -  -  -
Black: 8             -  B  -  -  -  -  -  -  B  -  -  -  -  -  -  -  -  -  -
                     -  -  -  B  -  -  -  -  -  -  -  -  -  -  -  -  -  -  -
                     -  -  -  -  -  -  -  -  -  -  -  -  -  -  -  -  -  -  -
                     -  -  -  -  -  -  -  -  -  -  -  -  -  -  -  -  -  -  -
                     -  -  -  -  -  -  -  -  -  -  -  -  -  -  -  -  -  -  -
                     -  -  -  -  -  -  -  -  -  -  -  -  -  -  -  -  -  -  -
                     -  -  -  -  -  -  -  -  -  -  -  -  -  -  -  -  -  -  -





9 B >




                     W  -  -  -  -  -  -  -  -  -  -  -  -  -  -  -  B  -  -
                     W  -  -  -  -  -  -  -  -  -  -  -  -  -
        White: 9             -  -  -  -             -  -  -  -  -  -  -  -  -  -  -  -  -  -  -  -  -  -  -
Ticks: 9             -  -  -  -  -  -  -  -  -  -  -  B  -  -  -  -  -  -  -
                     -  -  -  B  -  -  -  B  -  -  -  -  -  -  -  -  -  -  -
                     -  -  -  -  -  -  -  -  -  -  -  -  -  -  -  -  -  -  -
Black: 9             -  B  -  -  -  -  -  -  B  -  -  -  -  -  -  -  -  -  -
                     -  -  -  B  -  -  -  -  -  -  -  -  -  -  -  -  -  -  -
                     -  -  -  -  -  -  -  -  -  -  -  -  -  -  -  -  -  -  -
                     -  -  -  -  -  -  -  -  -  -  -  -  -  -  -  -  -  -  -
                     -  -  -  -  -  -  -  -  -  -  -  -  -  -  -  -  -  -  -
                     -  -  -  -  -  -  -  -  -  -  -  -  -  -  -  -  -  -  -
                     -  -  -  -  -  -  -  -  -  -  -  -  -  -  -  -  -  -  -





10 B >




                     W  -  -  -  -  -  -  -  -  -  -  -  -  -  -  -  B  -  -
                     W  -  -  -  -  -  -  -  W  -  -  -  -  -  -  -  -  -  -  -  -
White: 10                   -  -  -  -  -  -  -  -  -  -  -  -  -  -  -  -  -  -  -
Ticks: 10            -  -  -  -  -  -  -  -  -  -  -  B  -  -  -  -  -  -  -
                     -  -  -  B  -  -  -  B  -  -  -  -  -  -  -  -  -  -  -
                     -  -  -  -  -  -  -  -  -  -  -  -  -  -  -  -  -  -  -
Black: 10            -  B  -  -  -  -  -  -  B  -  -  -  -  -  -  -  -  -  -
                     -  -  -  B  -  -  -  -  -  -  -  -  -  -  -  -  -  -  -
                     -  -  -  -  -  -  -  -  -  -  -  -  -  -  -  -  -  -  -
                     -  -  -  -  -  -  -  -  -  -  -  -  -  -  -  -  -  -  -
                     -  -  -  -  -  -  -  -  -  -  -  -  -  -  -  -  -  -  -
                     -  -  -  -  -  -  -  -  -  -  -  -  -  -  -  -  -  -  -
                     -  -  -  -  -  -  -  -  -  -  -  -  -  -  -  -  -  -  -





11 B >




                     W  -  -  -  -  -  -  -  -  -  -  -  -  -  -  -  B  -  -
                     W  -  -  -  -  -  -  -  W  -  -  -  -  -  -  -    -  -  -  B  -  -  -
             -  -  -  -  -  -  -  W  B  -   -  -  -  -  -  B  -  -  -  -  -       -  -  -  -  -  -  -  -  -  -  -  -  -  -  -  -  -  -  -
Ticks: 11            -  -  -  -  -  -  -  -  -  -  -  B  -  -  -  -  -  -  -
                     -  -  -  B  -  -  -  B  -  -  -  -  -  -  -  -  -  -  -
                     -  -  -  -  -  -  -  -  -  -  -  -  -  -  -  -  -  -  -
Black: 11            -  B  -  -  -  -  -  -  B  -  -  -  -  -  -  -  -  -  -
                     -  -  -  B  -  -  -  -  -  -  -  -  -  -  -  -  -  -  -
                     -  -  -  -  -  -  -  -  -  -  -  -  -  -  -  -  -  -  -
                     -  -  -  -  -  -  -  -  -  -  -  -  -  -  -  -  -  -  -
                     -  -  -  -  -  -  -  -  -  -  -  -  -  -  -  -  -  -  -
                     -  -  -  -  -  -  -  -  -  -  -  -  -  -  -  -  -  -  -
                     -  -  -  -  -  -  -  -  -  -  -  -  -  -  -  -  -  -  -





12 B >




                     W  W  -  -  -  -  -  -  -  -  -   -  B  -  -
                     W  -  -  -  -  -  -  -  W  -  -  -  -  B  -  -  -  -  -  -   -  -  -  -
                      -  -  -  -  -  -  -  -  -  -  -ks: 12            -  -  -  -  -  -  -  -  -  -  -  B  -  -  -  -  -  -  -
                     -  -  -  B  -  -  -  B  -  -  -  -  -  -  -  -  -  -  -
                     -  -  -  -  -  -  -  -  -  -  -  -  -  -  -  -  -  -  -
Black: 12            -  B  -  -  -  -  B  -  B  -  -  -  -  -  -  -  -  -  -
                     -  -  -  B  -  -  -  -  -  -  -  -  -  -  -  -  -  -  -
                     -  -  -  -  -  -  -  -  -  -  -  -  -  -  -  -  -  -  -
                     -  -  -  -  -  -  -  -  -  -  -  -  -  -  -  -  -  -  -
                     -  -  -  -  -  -  -  -  -  -  -  -  -  -  -  -  -  -  -
                     -  -  -  -  -  -  -  -  -  -  -  -  -  -  -  -  -  -  -
                     -  -  -  -  -  -  -  -  -  -  -  -  -  -  -  -  -  -  -





13 B >




                     W  W  -  -  -  -  -  -  -  -  -  -  -  -  -  -  B  -  -
                           -  -  -   -  -  -  -  -  -  B  -  -  -  -
       -  -  -  -  -  -  -  -  -  -  -  -  -  -  -  -  -  -  -
Ticks: 13            -  -  -  -  -  -  -  -  -  -  -  B  -  -  -  -  -  -  -
                     -  -  -  B  -  -  -  B  -  -  -  -  -  -  -  -  -  -  -
                     -  -  -  -  -  -  -  -  -  -  -  -  -  -  -  -  -  -  -
Black: 90            -  B  -  -  -  -  B  B  B  -  -  -  -  -  -  -  -  -  -
                     -  -  -  B  -  -  -  -  -  -  -  -  -  -  -  -  -  -  -
                     -  -  -  -  -  -  -  -  -  -  -  -  -  -  -  -  -  -  -
                     -  -  -  -  -  -  -  -  -  -  -  -  -  -  -  -   -  -  -  -
                     -  -  -  -  -  -  -  -  -  -  -  -  -  -  -  -  -  -  -
                     -  -  -  -  -  -  -  -  -  -  -  -  -  -  -  -  -  -  -





14 B >14 B >




                     W  W  -  -  -  -  -  -  -  -  -  -  -  -  -  -  B  -  -
                     W  -  -  -  -  -  -  -  W  -  -  -  -  -   -  -  W  B  -  -  -
               -  -  -  -  -  -  -  W  B  -  -  -  -  -  W  W  -  -  -
                     -  -  -  -  -  -  -  -  -  -  -  -  -  W  W  -   -  -  -  -  -  -  -  -  -  -  -                  -  -  -  -  -  -  -  -  -  -  -  -  -  -  -  -  -  -  -
Ticks: 14            -  -  -  -  -  -  -  -  -  -  -  B  -  -  -  -  -  -  -
                     -  -  -  B  -  -  -  B  -  -  -  -  -  -  -  -  -  -  -
                     -  -  -  -  -  -  -  -  -  -  -  -  -  -  -  -  -  -  -
Black: 91            -  B  -  -  -  -  B  B  B  -  -  -  -  -  -  -  -  -  -
                     -  -  -  B  -  -  -  -  -  -  -  -  -  -  -  -  -  -  -
                     -  -  -  -  -  -  -  -  -  -  -  -  -  -  -  -  -  -  -
                     -  -  -  -  -  -  -  -  -  -  -  -  B  -  -  -  -  -  -
                     -  -  -  -  -  -  -  -  -  -  -  -  -  -  -  -  -  -  -
                     -  -  -  -  -  -  -  -  -  -  -  -  -  -  -  -  -  -  -
                     -  -  -  -  -  -  -  -  -  -  -  -  -  -  -  -  -  -  -





15 B >




                     W  W  -  -  -  -  -  -  -  -  -  -  -  -  -  -  B  -  -
                     W  -  -  -  -  -  -  -  W  W  -  -  -  -  -  -  -  -    -  -  W  W  W  -  -  -  -  -  W                      -  -  -  -  5            B  -  -  -  -  -  - -  -  -  -  -  -  -  -  -  -  -          -  -  -  -  -  -  -  -  -            -  -  -  -  -  -  -  -  -  -  -  -  -  -  -  -  -  -  -
Ticks: 15            -  -  -  -  -  -  -  -  -  -  -  B  -  -  -  -  -  -  -
                     -  -  -  B  -  -  -  B  -  -  -  -  -  -  -  -  -  -  -
                     -  -  -  -  -  -  -  -  -  -  -  -  -  -  -  -  -  -  -
Black: 84            -  B  -  -  -  -  B  B  B  -  -  -  -  -  -  -  -  -  -
                     -  -  -  B  -  -  -  -  -  -  -  -  -  -  -  -  -  -  -
                     -  -  -  -  -  -  -  -  -  -  -  -  -  -  -  -  -  -  -
                     -  -  -  -  -  -  -  -  -  -  -  -  B  -  -  -  -  -  -
                     -  -  -  -  -  -  -  -  -  -  -  -  -  -  -  -  -  -  -
                     -  -  -  -  -  -  -  -  -  -  -  -  -  -  -  -  -  -  -
                     -  -  -  -  -  -  -  -  -  -  -  -  -  -  -  -  -  -  -





16 B >




                     W  W  -  -  -  -  -  -  -  W  -  -  -  -  -  -  B  -  -
                     W  -  -  -  -  -  -  -  W  W  -  -  -  -  -  -  -  -  -
                     W  -  -  -  -  -  W  W  W  -  -  -  -  -  W  B  -  -  -
                     -  -  -  -  -  -  -  W  B  -  -  -  -  -  W  W  -  -  -
                     -  -  -  -  -  -  -  -  -  -  -  -  -  W -  -  -  -  B  -  -  -  -  -  -  -                -  -  -  -  -  -  -  -  -  -  -  -  -  -  -  -  -  -  -
Ticks: 16            -  -  -  -  -  -  -  -  -  -  -  B  -  -  -  -  -  -  -
                     -  -  -  B  -  -  -  B  -  -  -  -  -  -  -  -  -  -  B
                     -  -  -  -  -  -  -  -  -  -  -  -  -  -  -  -  -  -  -
Black: 85            -  B  -  -  -  -  B  B  B  -  -  -  -  -  -  -  -  -  -
                     -  -  -  B  -  -  -  -  -  -  -  -  -  -  -  -  -  -  -
                     -  -  -  -  -  -  -  -  -  -  -  -  -  -  -  -  -  -  -
                     -  -  -  -  -  -  -  -  -  -  -  -  B  -  -  -  -  -  -
                     -  -  -  -  -  -  -  -  -  -  -  -  -  -  -  -  -  -  -
                     -  -  -  -  -  -  -  -  -  -  -  -  -  -  -  -  -  -  -
                     -  -  -  -  -  -  -  -  -  -  -  -  -  -  -  -  -  -  -





17 B >




                     W  W  -  -  -  -  -  -  -  W  -  -  -  -  -  -  B  -  -
                     W  -  -  -  -  -  -  -  W  W  -  -  -  -  -  -  -  -                    W  -  -  -  -               -  -  -  -  -  -  -  -  -  -  -  W  W  -  -  -  B
                     -  -  -  -  -  -  -  -  -  -  -  -  -  -  -  -  -  -  -
Ticks: 17            -  -  -  -  -  -  -  -  -  -  -  B  -  -  -  -  -  -  -
                     -  -  -  B  -  -  -  B  -  -  -  -  -  -  -  -  -  -  B
                     -  -  -  -  -  -  -  -  -  -  -  -  -  -  -  -  -  -  -
Black: 86            -  B  -  -  -  -  B  B  B  -  -  -  -  -  -  -  -  -  -
                     -  -  -  B  -  -  -  -  -  -  -  -  -  -  -  -  -  -  -
                     -  -  -  -  -  -  -  -  -  -  -  -  -  -  -  -  -  -  -
                     -  -  -  -  -  -  -  -  -  -  -  -  B  -  -  -  -  -  -
                     -  -  -  -  -  -  -  -  -  -  -  -  -  -  -  -  -  -  -
                     -  -  -  -  -  -  -  -  -  -  -  -  -  -  -  -  -  -  -
                     -  -  -  -  -  -  -  -  -  -  -  -  -  -  -  -  -  -  -





18 B >




                     W  W  -  -  -  -  -  -  -  W  W  -  -  -  -  -  B  -  -
                     W  -  -  -  -    -  -  -  -  -  B  -  -  -  -  -  -  -  -  -  -
                               -  -  -  -  -  -  -  -  -  -  -  -  -  -  -  -  -  -  -
Ticks: 18            -  -  -  -  -  -  B  -  -  -  -  B  -  -  -  -  -  -  -
                     -  -  -  B  -  -  -  B  -  -  -  -  -  -  -  -  -  -  B
                     -  -  -  -  -  -  -  -  -  -           -  B  -  -  -  -  B  B  B  -  -  -  -  -  -  -  -  -  -
                     -  -  -  B  -  -  -  -  -  -  -  -  -  -  -  -  -  -  -
                     -  -  -  -  -  -  -  -  -  -  -  -  -  -  -  -  -  -  -
                     -  -  -  -  -  -  -  -  -  -  -  -  B  -  -  -  -  -  -
                     -  -  -  -  -  -  -  -  -  -  -  -  -  -  -  -  -  -  -
                     -  -  -  -  -  -  -  -  -  -  -  -  -  -  -  -  -  -  -
                     -  -  -  -  -  -  -  -  -  -  -  -  -  -  -  -  -  -  -





19 B >




                     W  W  -  -  -  -  -  -  -  W  W  -  -  -  -  -  B  -  -
                     W  -  -  -  -  -  -  -  W  W  -  -  -  -  -  -  -  -  -
                     W  - -  -  -  -  -  -  -  -  W  W  -             -  -  -  -  -  -  -  -  -  -  -  -  -  -  -  -  -  -  -
Ticks: 19            -  -  -  -  -  -  B  -  -  -  -  B  -  -  -  -  -  -  -
                     -  -  -  B  -  -  -  B  -  -  -  -  -  -  -  -  -  -  B
                     -  -  -  -  -  -  -  -  -  -  -  -  -  -  -  -  -  -  -
Black: 22            -  B  -  -  -  -  B  B  B  -  -  -  -  -  B  -  -  -  -
                     -  -  -  B  -  -  -  -  -  -  -  -  -  -  -  -  -  -  -
                     -  -  -  -  -  -  -  -  -  -  -  -  -  -  -  -  -  -  -
                     -  -  -  -  -  -  -  -  -  -  -  -  B  -  -  -  -  -  -
                     -  -  -  -  -  -  -  -  -  -  -  -  -  -  -  -  -  -  -
                     -  -  -  -  -  -  -  -  -  -  -  -  -  -  -  -  -  -  -
                     -  -  -  -  -  -  -  -  -  -  -  -  -  -  -  -  -  -  -





20 B >




                     W  W  W  -  -  -  -  -  -  W  W  -  -  -  -  -  B  -  -
                     W  -  -  -  -  -  -  -  W  W  -  -  -  -  -  -        -  -  -  -  -  B  -  -  -  W  -  -  -  -  -
White: 20        -  -  -  -  -  -  -  -  -  -
Ticks: 20            -  -  -  -  -  -  B  -  -  -  -  B  -  -  -  -  -  -  -
                     -  -  -  B  -  -  -  B  -  -  -  -  -  -  -  -  -  -  B
                     -  -  -  -  -  -  -  -  -  -  -  -  -  -  -  -  -  -  -
Black: 22            -  B  -  -  -  -  B  B  B  -  -  -  -  -  B  -  -  -  -
                     -  -  -  B  -  -  -  -  -  -  -  -  -  -  -  -  -  -  -
                     -  -  -  -  -  -  -  -  -  -  -  -  -  -  -  -  -  -  -
                     -  -  -  -  -  -  -  -  -  -  -  -  B  -  -  -  -  -  -
                     -  -  -  -  -  -  -  -  -  -  -  -  -  -  -  -  -  -  -
                     -  -  -  -  -  -  -  -  -  -  -  -  -  -  -  -  -  -  -
                     -  -  -  -  -  -  -  -  -  -  -  -  -  -  -  -  -  -  -





21 B >




                     W  W  W  -  -  -  -  -  -  W  W  -  -  -  -  -  B  -  -
                     W  -  -  -  -  -  -  -  W  W  -  -  -  -  -  -       -  -  -  -  -  B  -  -  -   -  -  -  -  -  -  -  -  -  -  -  -  -  -  -
Ticks: 21            -  -  -  -  -  -  B  -  -  -  -  B  -  -  -  -  -  -  -
                     -  -  -  B  -  -  -  B  -  -  -  -  -  -  -  -  -  -  B
                     -  -  -  -  -  -  -  -  -  -  -  -  -  -  -  -  -  -  -
Black: 23            -  B  -  -  -  -  B  B  B  -  -  -  -  B  B  -  -  -  -
                     -  -  -  B  -  -  -  -  -  -  -  -  -  -  -  -  -  -  -
                     -  -  -  -  -  -  -  -  -  -  -  -  -  -  -  -  -  -  -
                     -  -  -  -  -  -  -  -  -  -  -  -  B  -  -  -  -  -  -
                     -  -  -  -  -  -  -  -  -  -  -  -  -  -  -  -  -  -  -
                     -  -  -  -  -  -  -  -  -  -  -  -  -  -  -  -  -  -  -
                     -  -  -  -  -  -  -  -  -  -  -  -  -  -  -  -  -  -  -





22 B >22 B >22 B >




                     W  W  W  -  -  -  -  -  -  W  W  -  -  -  -  -  B  --
                     W  -  -  -  -  -  -  -
                -  W  W  W  W  -  -  -  -  -  W  -  -  -  -  W  W  W  -  -
     B
                     -  -  -  --  B  -  -  -  -
                     -  -  -  -  -  -  -  -  -  -  -  -  -  -  -  -  -  -  -
Ticks: 22            -  -  -  -  -  -  B  -  -  -  -  B  -  -  -  -  -  -  -
                     -  -  -  B  -  -  -  B  -  -  -  -  -  -  -  -  -  -  B
                     -  -  -  -  -  -  -  -  -  -  -  -  -  -  -  -  -  -  -
Black: 24            -  B  -  -  -  -  B  B  B  -  -  -  -  B  B  -  -  -  -
                     -  -  -  B  -  -  -  -  -  -  -  -  -  -  -  -  -  -  -
                     -  -  -  -  -  -  -  -  -  -  -  -  -  -  -  -  -  -  -
                     -  -  -  -  -  -  -  -  -  -  -  -  B  -  -  -  -  -  -
                     -  -  -  -  -  -  -  -  -  -  -  -  -  -  -  -  -  -  -
                     -  -  -  -  -  -  -  -  -  -  -  -  -  -  -  -  -  -  -
                     -  -  -  -  -  -  -  -  -  -  -  -  -  -  -  -  -  -  -





23 B >




                     W  W  W  -  -  -  -  -  -  W  W  -  -  -  -  -  B  -  -
                     W  -  -  -  -    -  -  -  -  -  -  -  -
         te: 23            B  -  -  -  -    -  -  -  -  -  B  -  -  -  -
                     -  -  -  -  -  -  -  -  -  -  -  -  -  -  -  -  -  -  -
Ticks: 23            -  -  -  -  -  -  B  -  -  -  -  B  -  -  -  -  -  -  -
                     -  -  -  B  -  -  -  B  -  -  -  -  -  -  -  -  -  -  B
                     -  -  -  -  -  -  -  -  -  -  -  -  -  -  -  -  -  -  -
Black: 25            -  B  -  -  -  -  B  B  B  -  -  -  -  B  B  -  -  -  -
                     -  -  -  B  -  -  -  -  -  -  -  -  -  -  -  -  -  -  -
                     -  -  -  -  -  -  -  -  -  -  -  -  -  -  -  -  -  -  -
                     -  -  -  -  -  -  -  -  -  -  -  -  B  -  -  -  -  -  -
                     -  -  -  -  -  -  -  -  -  -  -  -  -  -  -  -  -  -  -
                     -  B  -  -  -  -  -  -  -  -  -  -  -  -  -  -  -  -  -
                     -  -  -  -  -  -  -  -  -  -  -  -  -  -  -  -  -  -  -





24 B >




                     W  W  W  -  -  -  -  -  -  W  W  -  -  -  -  -  B  -  -
                              W  -  -  -  -  -  W  B  W  -  -
                -  -  -  -  -  -  -  -  -  -  W     -  -  -  -  -  -  -  -  -  -  -  -  -  -  -  -  -  -  -
Ticks: 24            -  -  -  -  -  -  B  -  -  -  -  B  -  -  -  -  -  -  -
                     -  -  -  B  -  -  -  B  -  -  -  -  -  -  -  -  -  -  B
                     -  -  -  -  -  -  -  -  -  -  -  -  -  -  -  -  -  -  -
Black: 26            -  B  -  -  -  -  B  B  B  -  -  -  -  B  B  -  -  -  -
                     -  -  -  B  -  -  -  -  -  -  -  -  -  -  -  -  -  -  -
                     -  -  -  -  -  -  -  -  -  -  -  -  -  -  -  -  -  -  -
                     -  -  -  -  -  -  -  -  -  -  -  -  B  -  -  -  -  -  -
                     -  -  -  -  -  -  -  -  -  -  -  -  -  -  -  -  -  -  -
                     -  B  -  -  -  -  -  -  -  -  -  -  -  -  -  -  -  -  -
                     -  -  -  -  -  -  -  -  -  -  -  -  -  -  -  -  -  -  -





25 B >




                     W  W  W  -  -  -  -  -  -  W  W  -  -  -  -  -  B  -  -
                     W  -  -  -  -  W  -  W  W  W  W  -  -  -  -  -   -  -  -  -
                     -  -  -  -  -  -  -  -  -  B  -   -  -  -  -  -  -  -  -  -  -  -  -  -  -  -  -  -
Ticks: 25            -  -  -  -  -  -  B  -  -  -  -  B  -  -  -  -  -  -  -
                     -  -  -  B  -  -  -  B  -  -  -  -  -  -  -  -  -  -  B
                     -  -  -  -  -  -  -  -  -  -  -  -  -  -  -  -  -  -  -
Black: 27            -  B  -  -  -  -  B  B  B  -  -  -  -  B  B  -  -  -  -
                     -  -  -  B  -  -  -  -  -  -  -  -  -  -  -  -  -  -  -
                     -  -  -  -  -  -  -  -  -  -  -  -  -  -  -  -  -  -  -
                     -  -  -  -  -  -  -  -  -  -  -  -  B  -  -  B  -  -  -
                     -  -  -  -  -  -  -  -  -  -  -  -  -  -  -  -  -  -  -
                     -  B  -  -  -  -  -  -  -  -  -  -  -  -  -  -  -  -  -
                     -  -  -  -  -  -  -  -  -  -  -  -  -  -  -  -  -  -  -





26 B >




                     W  W  W  -  -  -  -  -  -  W  W  -  -  -  -  -  B  -  -
          W  -  -  W  W  -  -  -  -  W  B  W  -  -
                           -  -  -  -  -  -  -  -    -  -
                     -  -  -  -  -  -  -  -  -  -  -  -  -  -  -  -  -  -  -
Ticks: 26            -  -  -  -  -  -  B  -  -  -  -  B  -  -  -  -  -  -  -
                     -  -  -  B  -  -  -  B  -  -  -  -  -  -  -  -  -  -  B
                     -  -  -  -  -  -  -  -  -  -  -  -  -  -  -  -  -  -  -
Black: 30            -  B  -  -  -  -  B  B  B  -  -  -  -  B  B  -  -  -  -
                     -  -  -  B  -  -  -  -  -  -  -  -  -  -  -  -  -  -  -
                     -  -  -  -  -  -  -  -  -  -  -  -  -  -  -  -  -  -  -
                     -  -  -  -  -  -  -  -  -  -  -  -  B  -  -  B  -  -  -
                     -  -  -  -  -  -  -  -  -  -  -  -  -  -  B  -  -  -  -
                     -  B  -  -  -  -  -  -  -  -  -  -  -  -  -  -  -  -  -
                     -  -  -  -  -  -  -  -  -  -  -  -  -  -  -  -  -  -  -





27 B >




                     W  W  W  -  -  -  -  -  -  W  W  -  -  -  -  -  B  -  -
                     W  -  -  -  -  W  -  -  W  W  W  W  -
            -  -  -  B  -  -  -  -  -  -  --  -  -  -  -  W  B  -  -  -  -
-  -  -  -
                     -  -  -  -  -  -  -  -  -  -  -  -  -  -  -  -  -  -  -
Ticks: 27            -  -  -  -  -  -  B  -  -  -  -  B  -  -  -  B  -  -  -
                     -  -  -  B  -  -  -  B  -  -  -  -  -  -  -  -  -  -  B
                     -  -  -  -  -  -  -  -  -  -  -  -  -  -  -  -  -  -  -
Black: 31            -  B  -  -  -  -  B  B  B  -  -  -  -  B  B  -  -  -  -
                     -  -  -  B  -  -  -  -  -  -  -  -  -  -  -  -  -  -  -
                     -  -  -  -  -  -  -  -  -  -  -  -  -  -  -  -  -  -  -
                     -  -  -  -  -  -  -  -  -  -  -  -  B  -  -  B  -  -  -
                     -  -  -  -  -  -  -  -  -  -  -  -  -  -  B  -  -  -  -
                     -  B  -  -  -  -  -  -  -  -  -  -  -  -  -  -  -  -  -
                     -  -  -  -  -  -  -  -  -  -  -  -  -  -  -  -  -  -  -





28 B >28 B >




                     W  W  W  -  -  -  -  -  -  W  W   -  B  -  -
              -  -  -  -  -  -  -  -  W  W  W   -  -  -  -  -  -  -  -  -  -  -  -  -  -  -  -  -
Ticks: 28            -  -  -  -  -  -  B  -  -  B  -  B  -  -  -  B  -  -  -
                     -  -  -  B  -  -  -  B  -  -  -  -  -  -  -  -  -  -  B
                     -  -  -  -  -  -  -  -  -  -  -  -  -  -  -  -  -  -  -
Black: 32            -  B  -  -  -  -  B  B  B  -  -  -  -  B  B  -  -  -  -
                     -  -  -  B  -  -  -  -  -  -  -  -  -  -  -  -  -  -  -
                     -  -  -  -  -  -  -  -  -  -  -  -  -  -  -  -  -  -  -
                     -  -  -  -  -  -  -  -  -  -  -  -  B  -  -  B  -  -  -
                     -  -  -  -  -  -  -  -  -  -  -  -  -  -  B  -  -  -  -
                     -  B  -  -  -  -  -  -  -  -  -  -  -  -  -  -  -  -  -
                     -  -  -  -  -  -  -  -  -  -  -  -  -  -  -  -  -  -  -





29 B >




                     W  W  W  -  -  -  -  -  -  W  W  -  -  -  -  -  B  -  -
                     W  -  -  -  -  W  -  -  W  W  -  -  -  -  -  -  -  -  -  -  -  -  -  -  B  -  -  -  -  -  -
White: 29            B  -  -  -  -  -  -  -  -  -  -  -  -  W  B  -  -  -  -
                     -  -  -  -  -  -  -  -  -  -  -  -  -  W  B  -  -  -  -
                     -  -  -  -  -  -  -  -  -  -  -  -  -  W  -  -  -  -  -
Ticks: 29            -  -  -  -  -  -  B  -  -  B  -  B  -  -  -  B  -  -  -
                     -  -  -  B  -  -  -  B  -  -  -  -  -  -  -  -  -  -  B
                     -  -  -  -  -  -  -  -  -  -  -  -  -  -  -  -  -  -  -
Black: 33            -  B  -  -  -  -  B  B  B  -  -  -  -  B  B  -  -  -  -
                     -  -  -  B  -  -  -  -  -  -  -  -  -  -  -  -  B  -  -
                     -  -  -  -  -  -  -  -  -  -  -  -  -  -  -  -  -  -  -
                     -  -  -  -  -  -  -  -  -  -  -  -  B  -  -  B  -  -  -
                     -  -  -  -  -  -  -  -  -  -  -  -  -  -  B  -  -  -  -
                     -  B  -  -  -  -  -  -  -  -  -  -  -  -  -  -  -  -  -
                     -  -  -  -  -  -  -  -  -  -  -  -  -  -  -  -  -  -  -





30 B >




                     W  W  W  -  -  B  -  -  -  W  W  -  -  -  -  -  B  -  -
                     W  -  -  -  -  W  -  -          -  -  B  -  -  -  -  W  -  -  -  -  -  -  -  -  W  B  -    -  -  -  -  -  -  -  -  -  -  -  -  -  W  -  -  -  -  -
Ticks: 30            -  -  -  -  -  -  B  -  -  B  -  B  -  -  -  B  -  -  -
                     -  -  -  B  -  -  -  B  -  -  -  -  -  -  -  -  -  -  B
                     -  -  -  -  -  -  -  -  -  -  -  -  -  -  -  -  -  -  -
Black: 34            -  B  -  -  -  -  B  B  B  -  -  -  -  B  B  -  -  -  -
                     -  -  -  B  -  -  -  -  -  -  -  -  -  -  -  -  B  -  -
                     -  -  -  -  -  -  -  -  -  -  -  -  -  -  -  -  -  -  -
                     -  -  -  -  -  -  -  -  -  -  -  -  B  -  -  B  -  -  -
                     -  -  -  -  -  -  -  -  -  -  -  -  -  -  B  -  -  -  -
                     -  B  -  -  -  -  -  -  -  -  -  -  -  -  -  -  -  -  -
                     -  -  -  -  -  -  -  -  -  -  -  -  -  -  -  -  -  -  -





31 B >




                     W  W  W  -  -  B  -  -  -  W  W  -  -  -  -  -  B  -  -
                      -  -  -  -  -  -  -   -  -  -  W  -  -  -  -          B  -  -  -  -  -  -  -  - -  -  -  -  -  -  -  -  -  W  -  -  -  -  -
Ticks: 31            -  -  -  -  -  -  B  -  -  B  -  B  -  -  -  B  -  -  -
                     -  - -  -  -  -  -  -  -  B
                     -  -  -  -  -  -  -  -  -  -  -  -  -  -  -  -  -  -  -
Black: 35            -  B  -  -  -  -  B  B  B  -  -  -  -  B  B  -  -  -  -
                     -  -  -  B  -  -  -  -  -  -  -  -  -  -  -  -  B  -  -
                     -  -  -  -  -  -  -  -  -  -  -  -  -  -  -  -  -  -  -
                     -  -  -  -  -  -  -  -  -  -  -  -  B  -  -  B  -  -  -
                     -  -  -  B  -  -  -  -  -  -  -  -  -  -  B  -  -  -  -
                     -  B  -  -  -  -  -  -  -  -  -  -  -  -  -  -  -  -  -
                     -  -  -  -  -  -  -  -  -  -  -  -  -  -  -  -  -  -  -





32 B >




                     W  W  W  -  -  B  -  -  -  W  W   -  -  -  W  B  W  -  -
        -  -  W  -  -  -  W  W  W  -  -  -  -  -  -  -  -  -  -  W  -  -  -  -  -
Ticks: 32            -  -  -  -  -  -  B  -  -  B  -  B  -  -  -  B  -  -  -
                     -  -  -  B  -  -  -  B  -  -  -  -  -  -  -  -  -  -  B
                     -  -  -  -  -  -  -  -  -  -  -  -  -  -  -  -  -  -  -
Black: 36            -  B  -  -  -  -  B  B  B  -  -  -  -  B  B  -  -  -  -
                     -  -  -  B  -  -  -  -  -  -  -  -  -  -  -  -  B  -  -
                     -  -  -  -  -  -  -  -  -  -  -  -  -  -  -  -  -  -  -
                     -  -  -  -  -  -  -  -  -  -  -  -  B  -  -  B  -  -  -
                     -  -  -  B  -  -  -  -  -  -  -  -  -  -  B  -  -  -  -
                     -  B  -  -  -  -  -  -  -  -  -  -  -  -  -  -  -  -  -
                     -  -  -  -  -  -  -  -  -  -  -  -  -  -  -  -  -  -  -





33 B >




                     W  W  W  -  -  B  -  -  -  W  W  -  -  -  -  -  B  -  -
                     W  -  -  -  -  W  -  -  W  W  -  -  -  -  -  -  -  -  - -  -  -  W  -  -  -  -  -
White  -  -  -  -  -  -  -  -  -  -  -  -  -  W  W  -  -  -  -
Ticks: 33            -  -  -  -  -  -  B  -  -  B  -  B  -  -  -  B  -  -  -
                     -  -  -  B  -  -  -  B  -  -  -  -  -  -  -  -  -  -  B
                     -  B  -  -  -  -  -  -  -  -  -  -  -  -  -  -  -  -  -
Black: 37            -  B  -  -  -  -  B  B  B  -  -  -  -  B  B  -  -  -  -
                     -  -  -  B  -  -  -  -  -  -  -  -  -  -  -  -  B  -  -
                     -  -  -  -  -  -  -  -  -  -  -  -  -  -  -  -  -  -  -
                     -  -  -  -  -  -  -  -  -  -  -  -  B  -  -  B  -  -  -
                     -  -  -  B  -  -  -  -  -  -  -  -  -  -  B  -  -  -  -
                     -  B  -  -  -  -  -  -  -  -  -  -  -  -  -  -  -  -  -
                     -  -  -  -  -  -  -  -  -  -  -  -  -  -  -  -  -  -  -





34 B >




                     W  W  W  -  -  B  -  -  -  W  W  -  -  -  -  -  B  -  -
                     W  -  -  -  -  W  -  -  -  -  -  W  B  W  --  -
                     -  -  -              -  -  -  -  -  -  -  -  -  -  -  -  -  W  W  -  -  -  -
Ticks: 34            -  -  -  -  -  -  B  -  -  B  -  B  -  -  -  B  -  -  -
                     -  -  -  B  -  -  -  B  -  -  -  -  -  -  -  -  -  -  B
                     -  B  -  -  -  -  -  -  -  -  -  -  -  -  -  -  -  -  -
Black: 38            -  B  -  -  -  -  B  B  B  -  -  -  -  B  B  -  -  -  -
                     -  -  -  B  -  -  -  -  -  -  -  -  -  -  -  -  B  -  -
                     -  -  -  -  -  -  -  -  -  -  -  -  -  -  -  -  -  -  -
                     -  -  -  -  -  -  -  -  -  -  -  -  B  -  -  B  -  -  -
                     -  -  -  B  -  -  -  -  B  -  -  -  -  -  B  -  -  -  -
                     -  B  -  -  -  -  -  -  -  -  -  -  -  -  -  -  -  -  -
                     -  -  -  -  -  -  -  -  -  -  -  -  -  -  -  -  -  -  -





35 B >




                     W  W  W  -  -  B  -  -  -  W  W  -  -  -  -  -  B  -  -
                     W  -  -  -  -  W  -  -  W  W  -  -  -  -  -  - 
                     -  -  -  -  -  -  -  W  W  W  W  -  W  -  B
              -  -  -  -  -  B  -  -  -  -  -  -  -  -  W  W  B  - -
                     -  -  -  -  -  -  -  -  -  -  -  -  -  W  B  -  -  -  -
                     -  -  -  -  -  -  -  -  -  -  -  -  -  W  W  -  -  -  -
Ticks: 35            -  -  -  -  -  -  B  -  -  B  -  B  -  -  -  B  -  -  -
                     -  -  -  B  -  -  -  B  -  -  -  B  -  -  -  -  -  -  B
                     -  B  -  -  -  -  -  -  -  -  -  -  -  -  -  -  -  -  -
Black: 39            -  B  -  -  -  -  B  B  B  -  -  -  -  B  B  -  -  -  -
                     -  -  -  B  -  -  -  -  -  -  -  -  -  -  -  -  B  -  -
                     -  -  -  -  -  -  -  -  -  -  -  -  -  -  -  -  -  -  -
                     -  -  -  -  -  -  -  -  -  -  -  -  B  -  -  B  -  -  -
                     -  -  -  B  -  -  -  -  B  -  -  -  -  -  B  -  -  -  -
                     -  B  -  -  -  -  -  -  -  -  -  -  -  -  -  -  -  -  -
                     -  -  -  -  -  -  -  -  -  -  -  -  -  -  -  -  -  -  -





36 B >36 B >




                     W  W  W  -  -  B  -  -  -  W  W  -         W  -  -  -  -  W  -  -   -  -  -  -  -  -  W  -  -  W  -  -  -  -  -  -  W  W  -  -  -  -
Ticks: 36            -  B  -  -  -  -  B  -  -  B  -  B  -  -  -  B  -  -  -
                     -  -  -  B  -  -  -  B  -  -  -  B  -  -  -  -  -  -  B
                     -  B  -  -  -  -  -  -  -  -  -  -  -  -  -  -  -  -  -
Black: 41            -  B  -  -  -  -  B  B  B  -  -  -  -  B  B  -  -  -  -
                     -  -  -  B  -  -  -  -  -  -  -  -  -  -  -  -  B  -  -
                     -  -  -  -  -  -  -  -  -  -  -  -  -  -  -  -  -  -  -
                     -  -  -  -  -  -  -  -  -  -  -  -  B  -  -  B  -  -  -
                     -  -  -  B  -  -  -  -  B  -  -  -  -  -  B  -  -  -  -
                     -  B  -  -  -  -  -  -  -  -  -  -  -  -  -  -  -  -  -
                     -  -  -  -  -  -  -  -  -  -  -  -  -  -  -  -  -  -  -





37 B >




                     W  W  W  -  -  B  -  -  -  W  W  -  -  -  -  -  B  -  -
                     W  -  -  -  -  W  -                      W  -  -  -  W  -  -  -  -  -  -  -  -  -  W  W -  -  -  -  -  -  -  -  W  W  -  -  -  -
Ticks: 37            -  B  -  -  -  -  B  -  -  B  -  B  -  -  -  B  -  -  -
                     -  -  -  B  -  -  -  B  -  -  -  B  -  -  -  -  -  -  B
                     -  B  -  -  -  -  -  -  -  -  -  -  -  -  -  -  -  -  -
Black: 44            -  B  -  -  -  -  B  B  B  -  -  -  -  B  B  -  -  -  -
                     -  -  -  B  -  -  -  -  -  -  -  -  -  -  -  -  B  -  -
                     -  -  -  -  -  -  -  -  -  -  -  -  -  -  -  -  -  -  -
                     -  -  -  -  -  -  -  -  -  B  -  -  B  -  -  B  -  -  -
                     -  -  -  B  -  -  -  -  B  -  -  -  -  -  B  -  -  -  -
                     -  B  -  -  -  -  -  -  -  -  -  -  -  -  -  -  -  -  -
                     -  -  -  -  -  -  -  -  -  -  -  -  -  -  -  -  -  -  -





38 B >38 B >




                     W  W  W  -  -  B  -  -  -  W  W  -  -  -  -  -  B  -                W  -  -  -  -  W               W  -  B  -  --  -  -  -  -  -  -  -  -  -  W        -  -  -  -  -  -  -  -  -  -  -  -  -  W  W  W  -  -  -
Ticks: 38            -  B  -  -  -  -  B  -  -  B  -  B  -  -  -  B  -  -  -
                     -  -  -  B  -  -  -  B  -  -  -  B  -  -  -  -  -  -  B
                     -  B  -  -  -  -  -  -  -  -  -  -  -  -  -  -  -  -  -
Black: 45            -  B  -  -  -  -  B  B  B  -  -  -  -  B  B  -  -  -  -
                     -  -  -  B  -  -  -  -  -  -  -  -  -  -  -  -  B  -  -
                     -  -  -  -  -  -  -  -  -  -  -  -  -  -  -  -  -  -  -
                     -  -  -  -  -  -  -  -  -  B  -  -  B  -  -  B  -  B  -
                     -  -  -  B  -  -  -  -  B  -  -  -  -  -  B  -  -  -  -
                     -  B  -  -  -  -  -  -  -  -  -  -  -  -  -  -  -  -  -
                     -  -  -  -  -  -  -  -  -  -  -  -  -  -  -  -  -  -  -





39 B >




                     W  W  W  -  -  B  -  -  -  W  W  -  -  -  -  -  B  -  -
                     W  -  -  -  -  W  -  -  W  W  -  -  -  -  -  -  -  -  -
                     W  --  -  -  -  -  -  -  W  -  -  -  W  -  -  W  -  -
White: 39      -  -  -  -  -  -  -  -  W  W  B  -  -
                     -  -  --  -  -  -  -  -  -  -  -  -  -  -  W  W  W  -  -  -
Ticks: 39            -  B  -  -  -  -  B  -  -  B  -  B  -  -  -  B  -  -  -
                     -  -  -  B  -  -  -  B  -  -  -  B  -  -  -  -  -  -  B
                     -  B  -  -  -  -  -  -  -  -  -  -  -  -  -  -  -  -  -
Black: 45            -  B  -  -  -  -  B  B  B  -  -  -  -  B  B  -  -  -  -
       -  B  -  -
                     -  -  -  -  -  -  -  -  -  -  -  -  -  -  -  -  -  -  -
                     -  -  -  -  -  -  -  -  -  B  -  -  B  -  -  B  -  B  -
                     -  -  -  B  -  -  -  -  B  -  -  -  -  -  B  -  -  -  -
                     -  B  -  -  -  -  -  -  -  -  -  -  -  -  -  -  -  -  -
                     -  -  -  -  -  -  -  -  -  -  -  -  -  -  -  -  -  -  -





40 B >




                     W  W  -  -  -  -  -  B  -  -
            W  -  -  -  -  W  -  -  W -  -  -  -  -  -  -  -
         W  W  -  W  -  B
                     -  - 




                     W  W  W  -  -  B  -  -  -  W  W  -  -  -  -  -  B  -  -
                     W  -  -  -  -  W  -  -  W  W  -  -  -  -  -  -  -  W  -  -   -  -  -  -  -  -  W  W  W  -  -  -
Ticks: 41            -  B  -  -  -  -  B  -  -  B  -  B  -  -  -  B  -  -  -
                     -  -  -  B  -  -  -  B  -  -  -  B  -  -  -  -  -  -  B
                     -  B  -  -  -  -  -  -  -  -  -  -  -  -  -  -  -  -  -
Black: 47            -  B  -  -  -  -  B  B  B  -  -  -  -  B  B  -  -  -  -
                     -  -  -  B  -  -  -  -  -  -  -  -  -  -  -  -  B  -  -
                     -  -  -  -  -  -  -  -  -  -  -  -  -  -  -  -  -  -  -
                     -  -  -  -  -  -  -  B  -  B  -  -  B  -  -  B  -  B  -
                     -  -  -  B  -  -  -  -  B  -  -  -  -  -  B  -  -  -  -
                     -  B  -  -  -  -  -  -  -  -  -  -  -  -  -  -  -  -  -
                     -  -  -  -  -  -  -  -  -  -  -  -  -  -  -  -  -  -  -





42 B >




                     W  W  W  -  -  B  -  -  -  W  W  -  -  -  -  -  B  -  -
                         W  W  B  -  -   W  W  W  W  -
                   -  -  -  W  B  -  -  W  W  W  W  B
                     -  -  -  -
                     -  -  -  - -  -  -  -  -  -  W  W  W  -  -  -
Ticks: 42            -  B  -  -  -  -  B  -  -  B  -  B  -  -  -  B  -  -  -
                     -  -  -  B  -  -  -  B  -  -  -  B  -  -  -  -  -  -  B
                     -  B  -  -  -  -  -  -  -  -  -  -  -  -  -  -  -  -  -
Black: 49            -  B  -  -  -  -  B  B  B  -  -  -  -  B  B  -  -  -  -
                     -  -  -  B  -  -  -  -  -  -  -  -  -  -  -  -  B  -  -
                     -  B  -  -  -  -  -  -  -  -  -  -  -  -  -  -  -  -  -
                     -  -  -  -  -  -  -  B  -  B  -  -  B  -  -  B  -  B  -
                     -  -  -  B  -  -  -  -  B  -  -  -  -  -  B  -  -  -  -
                     -  B  -  -  -  -  -  -  -  -  -  -  -  -  -  -  -  -  -
                     -  -  -  -  -  -  -  -  -  -  -  -  -  -  -  -  -  -  -





43 B >




                     W  W  W  -  -  B  -  -  -  W  W  -  -  -  -  -  B  -  -
   -  -  W  B  -  -  W  W  W  W  -  
                     -  -  -  -  -  B  -  -  -  -  -  -  -  W  -  W  W  W  -
White: 43            -  -  -  -  -  -  -  -  -  -  -  -  -  W  W  W  -  -  -
Ticks: 43            -  B  -  -  -  -  B  -  -  B  -  B  -  -  -  B  -  -  -
                     -  -  -  B  -  -  -  B  -  -  -  B  -  -  -  -  -  -  B
                     -  B  -  -  -  -  -  -  -  -  -  -  -  -  -  -  -  -  -
Black: 50            -  B  -  -  -  -  B  B  B  -  -  -  -  B  B  -  -  -  -
                     -  -  -  B  -  -  -  -  -  -  -  -  -  -  -  -  B  -  -
                     -  B  -  -  -  -  -  -  -  -  -  -  -  -  -  -  -  -  -
                     -  -  -  -  -  -  -  B  -  B  B  -  -  -  -  -  B  -  -  -  -
                     -  B  -  -  -  -  -  -  -  -  -  -  -  -  -  -  -  -  -
                     -  -  -  -  -  -  -  -  -  -  -  -  -  -  -  -  -  -  -





44 B >44 B >




                     W  W  W  -  -  B  -  -  -  W  W  -  -  -  -  -  B  -  -
                     W  -  -  -  -  W  -  -  W  W  -  -  -  -  -  B
                     -  -  - B  -  -  -  -  -  -  -  W  -  W  -
White: 44            B  B  -  -  -  -  -  -  -  -  -  -  W  W  B  -  -  -  -
                     -  -  -  -  -  -  -  -  -  -  -  -  -  W  B  W  -  -  -
                     -  -  -  -  -  -  -  -  -  -  -  -  -  W  W  W  -  -  -
Ticks: 44            -  B  -  -  -  -  B  -  -  B  -  B  -  -  -  B  -  -  -
                     -  -  -  B  -  -  -  B  -  -  -  B  -  -  -  -  -  -  B
                     -  B  -  -  -  -  -  -  -  -  -  -  -  -  -  -  -  -  -
Black: 51            -  B  -  -  -  -  B  B  B  -  -  -  -  B  B  -  -  -  -
                     -  -  -  B  -  -  -  -  -  -  -  -  -  -  -  -  B  -  -
                     -  B  -  -  -  -  -  -  -  -  -  -  -  -  -  -  -  -  -
                     -  -  -  -  -  -  -  B  -  B  -  -  B  -  -  B  -  B  -
                     -  -  -  B  -  -  -  -  B  -  -  -  -  -  B  -  -  -  -
                     -  B  -  -  -  -  -  -  -  -  -  -  -  -  -  -  -  -  -
                     -  -  -  -  B  -  -  -  -  -  -  -  -  -  -  -  -  -  -





45 B >




                     W  W  W  -  -  B  -  -  -  W  W  -  -  --  -
                     W  -   W  W  W  W  -  -  -  -  -  W  B  -  W  B  -  -  W  W  W  W  -  W        -  -  -  -  -  -  -  -  -  -  -  -  W  W  W  W  -  -  -
Ticks: 45            -  B  -  -  -  -  B  -  -  B  -  B  -  -  -  B  -  -  -
                     -  -  -  B  -  -  -  B  -  -  -  B  -  -  -  -  -  -  B
                     -  B  -  -  -  -  -  -  -  -  -  -  -  -  -  -  -  -  -
Black: 52            -  B  -  -  -  -  B  B  B  -  -  -  -  B  B  -  -  -  -
                     -  -  -  B  -  -  -  -  -  -  -  -  -  -  -  -  B  -  -
                     -  B  -  -  -  -  -  -  -  -  -  -  -  -  -  -  -  -  -
                     -  -  -  -  -  -  -  B  -  B  -  -  B  -  -  B  -  B  -
                     -  -  -  B  -  -  -  -  B  -  -  -  -  -  B  -  -  -  -
                     -  B  -  -  -  -  -  -  -  -  -  -  -  -  -  -  -  -  -
                     -  -  -  -  B  -  -  -  -  -  -  B  -  -  -  -  -  -  -





46 B >




                     W  W  W  -  -  B  -  -  -  W  W  -  B  -  -  W  B  W  -  -
      
                     -  -  -  -    -  -  -  -  -  -  -  -  -  -  -  -  W  W  W  W  -  -  -
Ticks: 46            -  B  -  -  -  -  B  -  -  B  -  B  -  -  -  B  -  -  -
                     -  -  -  B  -  -  -  B  -  -  -  B  -  -  -  -  -  -  B
                     -  B  -  -  -  -  -  -  -  -  -  -  -  -  -  -  -  -  -
Black: 53            -  B  -  -  -  -  B  B  B  -  -  -  -  B  B  -  -  -  -
                     -  -  -  B  -  -  -  -  -  -  -  -  -  -  -  -  B  -  -
                     -  B  -  -  -  -  -  -  -  -  -  -  -  -  -  -  -  -  -
                     -  -  -  -  -  -  -  B  -  B  -  -  B  -  -  B  -  B  -
                     -  -  -  B  -  -  -  -  B  -  -  -  -  -  B  -  -  -  -
                     -  B  -  -  -  -  -  -  -  -  -  -  -  -  -  -  -  -  -
                     -  -  -  -  B  -  -  -  -  -  -  B  -  -  -  -  -  -  -





47 B >




                     W  W  W  -  -  B  -  -  -  W  W  -  -  -  -  -  B  -  -
                     W  -  -  -  -W  -  W  -  B
                      -  -  -  -  B  -  -  -  -  -    -  W  W  W  -
White: 47            B  B  -  -  -  -  -  -  -  -  -  -  W  W  B  -  W  -  -
 -  -  -  -  -  -  W  W  W  W  W  -  -
Ticks: 47            -  B  -  -  -  -  B  -  -  B  -  B  -  -  -  B  -  -  -
                     -  -  -  B  -  -  -  B  -  -  -  B  -  -  -  -  -  -  B
                     -  B  -  -  -  -  -  -  -  -  -  -  -  -  -  -  -  -  -
Black: 54            -  B  -  -  -  -  B  B  B  -  -  -  -  B  B  -  -  -  -
                     -  -  -  B  -  -  -  -  -  -  -  -  -  -  -  -  B  -  -
                     -  B  -  -  -  -  -  -  -  -  -  -  -  -  -  -  -  -  -
                     -  -  -  -  -  -  -  B  -  B  -  -  B  -  -  B  -  B  -
                     -  -  -  B  -  -  -  -  B  -  -  -  -  -  B  -  -  -  -
                     -  B  -  -  -  -  -  -  -  -  -  -  -  -  -  -  -  -  -
                     -  -  -  -  B  -  -  -  -  -  -  B  -  -  -  -  -  -  -





48 B >




                     W  W  W  -  -  B  -  -  -  W  W  -  -  -  -  -  B  -  -
                     W  B  -  -  -  W  -  -  W  W  -  -  -  -  B  -   -  -  B  -  -  W  B  W  -  -
    -
                     -  -  -   -  -  -  -  -  -  -  -  -  -  -  -  W  W  W  W  W  -  -
Ticks: 48            -  B  -  -  -  -  B  -  -  B  -  B  -  -  -  B  -  -  -
                     -  -  -  B  -  -  -  B  -  -  -  B  -  -  -  -  -  -  B
                     -  B  -  -  -  -  -  -  -  -  -  -  -  -  -  -  -  -  -
Black: 55            -  B  -  -  -  -  B  B  B  -  -  -  -  B  B  -  -  -  -
                     -  -  -  B  -  -  -  -  -  -  -  -  -  -  -  -  B  -  -
                     -  B  -  -  -  -  -  -  -  -  -  -  -  -  -  -  -  -  -
                     -  -  -  -  -  -  -  B  -  B  -  -  B  -  -  B  -  B  -
                     -  -  -  B  -  -  -  -  B  -  -  -  -  -  B  -  -  -  -
                     -  B  -  -  -  -  -  -  -  -  -  -  -  -  -  -  -  -  -
                     -  -  -  -  B  -  -  -  -  -  -  B  -  -  -  -  -  -  -





49 B >49 B >




                     W  W  W  -  -  B  -  -  -   -  -  -  B  -  -
                       -  -  -  -  -  B    W  W  W  B  -  W  -  -
               -  -  -  -  -  -  -  -  -  -  -  -  -  W  B  W  -  -  -
                     -  -  -  -  -  -  -  -  -  -  -  -  W  W  W  W  W  -  -
Ticks: 49            -  B  -  -  -  -  B  -  -  B  -  B  -  -  -  B  -  -  -
                     -  -  -  B  -  -  -  B  -  -  -  B  -  -  -  -  -  -  B
                     -  B  -  -  -  -  -  -  -  -  -  -  -  -  -  -  -  -  -
Black: 69            -  B  -  -  -  -  B  B  B  -  -  -  -  B  B  -  -  -  -
                     -  -  -  B  -  -  -  -  -  -  -  -  -  -  -  -  B  -  -
                     -  B  B  -  -  -  -  -  -  -  -  -  -  -  -  -  -  -  -
                     -  -  -  -  -  -  -  B  -  B  -  -  B  -  -  B  -  B  -
                     -  -  -  B  -  -  -  -  B  -  -  -  -  -  B  -  -  -  -
                     -  B  -  -  -  -  -  -  -  -  -  -  -  -  -  -  -  -  -
                     -  -  -  -  B  -  -  -  -  -  -  B  -  -  -  -  -  -  -





50 B >50 B >




                     W  W  W  -  -  B  -  -  -  W  W  -  - -
                     W  -  -  -    -  -  -  -  -  -  -  -  -  -  -  W  W  W  W  W  W  -  -
Ticks: 50            -  B  -  -  -  -  B  -  -  B  -  B  -  -  -  B  -  -  -
                     -  -  -  B  -  -  B  B  -  -  -  B  -  -  -  -  -  -  B
                     -  B  -  -  -  -  -  -  -  -  -  -  -  -  -  -  -  -  -
Black: 76            -  B  -  -  -  -  B  B  B  -  -  -  -  B  B  -  -  -  -
                     -  -  -  B  -  -  -  -  -  -  -  -  -  -  -  -  B  -  -
                     -  B  B  -  -  -  -  -  -  -  -  -  -  -  -  -  -  -  -
                     -  -  -  -  -  -  -  B  -  B  -  -  B  -  -  B  -  B  -
                     -  -  -  B  -  -  -  -  B  -  -  -  -  -  B  -  -  -  -
                     -  B  -  -  -  -  -  -  -  -  -  -  -  -  -  -  -  -  -
                     -  -  -  -  B  -  -  -  -  -  -  B  -  -  -  -  -  -  -





51 B >




                     W  W  W  -  -  B  -  -  -  W  W  -  -  -  -  -  B  -  -
                                   W  -  -  W    -  -  -  -  -  -  -  W  W  W  W -  -  W  W  W  W  W  W  -  -
Ticks: 51            -  B  -  -  -  -  B  -  -  B  -  B  -  -  W  B  -  -  -
                     -  -  B  B  -  -  B  B  -  -  -  B  -  -  -  -  -  -  B
                     -  B  -  -  -  -  -  -  -  -  -  -  -  -  -  -  -  -  -
Black: 70            -  B  -  -  -  -  B  B  B  -  -  -  -  B  B  -  -  -  -
                     -  -  -  B  -  -  -  -  -  -  -  -  -  -  -  -  B  -  -
                     -  B  B  -  -  -  -  -  -  -  -  -  -  -  -  -  -  -  -
                     -  -  -  -  -  -  -  B  -  B  -  -  B  -  -  B  -  B  -
                     -  -  -  B  -  -  -  -  B  -  -  -  -  -  B  -  -  -  -
                     -  B  -  -  -  -  -  -  -  -  -  -  -  -  -  -  -  -  -
                     -  -  -  -  B  -  -  -  -  -  -  B  -  -  -  -  -  -  -





52 B >52 B >52 B >




                     W  W  W  -  -  B  -  -  -  W  W  -  -  -  -   W  -  -  -  -  -  -  W  B  -  -   -  W  W  W  -
White: 52   -  -  -  -  -  -  -  -  W  W  W   -  -  -  -  -  W  W  W  W  W  W  -  -
Ticks: 52            -  B  -  -  -  -  B  -  -  B  -  B  -  -  W  B  -  -  -
                     -  -  B  B  -  -  B  B  -  -  -  B  -  -  -  -  -  -  B
                     -  B  -  -  -  -  -  -  -  -  -  -  -  -  -  -  -  -  -
Black: 72            -  B  -  -  -  -  B  B  B  -  -  -  -  B  B  -  -  -  -
                     -  -  -  B  -  -  -  -  -  -  -  -  -  -  -  -  B  -  -
                                   -  -  -  -  -  -  -  B  -  B  -  -  B  -  -  B  -  B  -
                     -  -  -  B  -  -  -  -  B  -  -  -  -  -  B  -  -  -  -
                     -  B  -  -  -  -  -  -  -  -  -  B  -  -  -  -  -  -  -
                     -  -  -  -  B  -  -  -  -  -  -  B  -  -  -  -  -  -  -





53 B >




                    -  W  -  -  W  W  -  -  -  -  B    W  -  W  W  W  -
White: 53      -  -  -  -  -  -  -  -  -  W  W  W  W  W  W  -  -
Ticks: 53            -  B  -  -  -  -  B  -  -  B  -  B  -  -  W  B  -  -  -
                     -  -  B  B  -  -  B  B  -  -  -  B  -  -  -  -  -  -  B
                     -  B  -  -  -  -  -  -  -  -  -  -  -  -  -  -  -  -  -
Black: 72            -  B  -  -  -  -  B  B  B  -  -  -  -  B  B  -  -  -  -
                     -  -  -  B  -  -  -  -  -  -  -  -  -  -  -  -  B  -  -
                     -  B  B  -  -  -  -  -  -  -  -  -  -  -  -  -  -  -  -
                     -  -  -  -  -  -  -  B  -  B  -  -  B  -  -  B  -  B  -
                     -  -  -  B  -  -  -  -  B  -  -  -  -  -  B  -  -  -  -
                     -  B  -  -  -  -  -  -  -  -  -  B  -  -  -  -  -  -  -
                     -  -  -  -  B  -  -  -  -  -  -  B  -  -  -  -  -  -  -





54 B >




                     W  W  W  -  -  B  -  -  -  W  W  -  -  -  -  -  B  -  -
                     W  B  -  -  -    -  -  -  W  B  -  -  W  W  W   -  -  -  -  -  -  -  -  -  -  -  W  W  W  W  W  W  -  -
Ticks: 54            -  B  -  -  -  -  B  -  -  B  -  B  -  -  W  B  -  -  -
                     -  -  B  B  -  -  B  B  -  -  -  B  -  -  -  -  -  -  B
                     -  B  -  -  -  -  -  -  -  -  -  -  -  -  -  -  -  -  -
Black: 75            -  B  -  -  -  -  B  B  B  -  -  -  -  B  B  -  -  -  -
                     -  -  -  B  -  -  -  -  -  -  -  -  -  -  -  -  B  -  -
                     -  B  B  -  -  -  -  -  -  -  -  -  -  -  -  -  -  -  -
                     -  -  B  -  -  -  -  B  -  B  -  -  B  -  -  B  -  B  -
                     -  -  -  B  -  -  -  -  B  -  -  -  -  -  B  -  -  -  -
                     -  B  -  -  -  -  -  -  -  -  -  B  -  -  -  -  -  -  -
                     -  -  -  -  B  -  -  -  -  -  -  B  -  -  -  -  -  -  -





55 B >




                     W  W  W  -  -  B  -  -  -  W  W  -  -  -  -  -  B  -  -
                     W  B  -  -  -  W W  -  -
                     W    -  -  W  B  -  -  W  W  W              W  -  -  -  -  B  -  -  W  -  -  W  -  W  W  W  -
White: 55            B  B  -  -  - W  W  B  -  W  -  -
               -  -  -  W  W  W  W  W  W  -  -
Ticks: 55            -  B  -  -  -  -  B  -  -  B  -  B  -  -  W  B  -  -  -
                     -  -  B  B  -  -  B  B  -  -  -  B  -  -  -  -  -  -  B
                     -  B  -  -  -  -  -  -  -  -  -  -  -  -  -  -  -  -  -
Black: 81            -  B  -  -  -  -  B  B  B  -  -  -  -  B  B  -  -  -  -
                     -  -  -  B  -  -  -  -  -  -  -  -  -  -  -  -  B  -  -
                     -  B  B  -  -  -  -  -  -  -  -  -  -  -  -  -  -  -  -
                     -  -  B  -  -  -  -  B  -  B  -  -  B  -  -  B  -  B  -
                     -  -  -  B  -  -  -  -  B  -  -  B  -  -  B  -  -  -  -
                     -  B  -  -  -  -  -  -  -  -  -  B  -  -  -  -  -  -  -
                     -  -  -  -  B  -  -  -  -  -  -  B  -  -  -  -  -  -  -





56 B >




               W  W  -  -  -  -  -  B  -  -
                   W  B  -  -  -  W   -  -  -  B  -  -  -  -
             W  -  -  W  W  W  W  W  W  -     W  -  -  -  -  B  -  -  -  - B  -  -  B  -  B  -  -  W  B  -  -  -
        -  -  B  B  -  -  B  B  -  -  -  B  -  -  -  -  -  -  B
                     -  B  -  -  -  -  -  -  -  -  -  -  -  -  -  -  -  -  -
Black: 82            -  B  -  -  -  -  B  B  B  -  -  -  -  B  B  -  -  -  -
                     -  -  -  B  -  -  -  -  -  -  -  -  -  -  -  -  B  -  -
                     -  B  B  -  -  -  -  -  -  -  -  -  -  -  -  -  -  -  -
                     -  -  B  -  -  -  -  B  -  B  -  -  B  -  -  B  -  B  -
                     -  -  -  B  -  -  -  -  B  -  -  B  -  -  B  -  -  -  -
                     -  B  -  -  -  -  -  -  -  -  -  B  -  -  -  -  -  -  -
                     -  -  -  -  B  -  -  -  -  -  -  B  -  -  -  -  -  -  -





57 B >




                     W  W  W  -  -  B  -  -  -  W  W  -  -  -  -  -  B  -  -
                     W  B  -  -  -   -  B  -  -  -  -
                          B  B  -  -  -  -  B  -  W  W  W  W  B  -  W  -  -
                     -  -  -  -  -  -  -  -  -  -  -  -  -  W  B  W  -  -  -
                     -  -  -  -  -  -  -  -  -  -  -  W  W  W  W  W  W  -  -
Ticks: 57            -  B  -  -  -  -  B  -  -  B  -  B  -  -  W  B  -  -  -
                     -  -  B  B  -  -  B  B  -  -  -  B  -  -  -  -  -  -  B
                     -  B  -  -  -  -  -  -  -  -  -  -  -  -  -  -  -  -  -
Black: 82            -  B  -  -  -  -  B  B  B  -  -  -  -  B  B  -  -  -  -
                     -  -  -  B  -  -  -  -  -  -  -  -  -  -  -  -  B  -  -
                     -  B  B  -  -  -  -  -  -  -  -  -  -  -  -  -  -  -  -
                     -  -  B  -  -  -  -  B  -  B  -  -  B  -  -  B  -  B  -
                     -  -  -  B  -  -  -  -  B  -  -  B  -  -  B  -  -  -  -
                     -  B  -  -  -  -  -  -  -  -  -  B  -  -  -  -  -  -  -
                     -  -  -  -  B  -  -  -  -  -  -  B  -  -  -  -  -  -  -





58 B >58 B >




                     W  W  W  B  -  -  -  -
                    -  -  W  B  W  B  -  -  -  -  -  W  W  -
                   W  -
White: 58            B  B    W  W  W  W  W  -  -
Ticks: 58            -  B  -  -  -  -  B  -  -  B  -  B  -  -  W  B  -  -  -
                     -  -  B  B  -  -  B  B  -  -  -  B  -  -  -  -  -  -  B
                     -  B  -  -  -  -  -  -  -  -  -  -  -  -  -  -  -  -  -
Black: 83            -  B  -  -  -  -  B  B  B  -  -  -  -  B  B  -  -  -  -
                     -  -  -  B  -  -  -  -  -  -  -  -  -  -  -  -  B  -  -
                     -  B  B  -  -  -  -  -  -  -  -  -  -  -  B  -  -  -  -
                     -  -  B  -  -  -  -  B  -  B  -  -  B  -  -  B  -  B  -
                     -  -  -  B  -  -  -  -  B  -  -  B  -  -  B  -  -  -  -
                     -  B  -  -  -  -  -  -  -  -  -  B  -  -  -  -  -  -  -
                     -  -  -  -  B  -  -  -  -  -  -  B  -  -  -  -  -  -  -





59 B >




                     -  -  B  -  -  -  W  W  -  -  -  W  W  -  W  -  B
                     W  W  -  -  -  B  -  -  -  -  W  -  -  W  -  W  W  W  -
White -  -
Ticks: 59            -  B  -  -  -  -  B  -  -  B  -  B  -  -  W  B  W  -  -
                     -  -  B  B  -  -  B  B  -  -  -  B  -  -  -  -  -  -  B
                     -  B  -  -  -  -  -  -  -  -  -  -  -  -  -  -  -  -  -
Black: 83            -  B  -  -  -  -  B  B  B  -  -  -  -  B  B  -  -  -  -
                     -  -  -  B  -  -  -  -  -  -  -  -  -  -  -  -  B  -  -
                     -  B  B  -  -  -  -  -  -  -  -  -  -  -  B  -  -  -  -
                     -  -  B  -  -  -  -  B  -  B  -  -  B  -  -  B  -  B                   -  B  -  -  -  -  -  -  -  -  -  B  -  -  -  -  -  -  -
                     -  -  -  -  B  -  -  -  -  -  -  B  -  -  -  -  -  -  -





60 B >




                     W  W  W  -  -  B  -  -  -  W  W  -  -  -  -  -  B  -  -
           W  W  -  -  -  -  B  -  -  -  -  -  B  -  -  -  -  W  -  -W  W  W  -
White: 60            B  -  -  -  -  W  W  W  W  W  W  -  -
Ticks: 60            -  B  -  -  -  -  B  -  -  B  -  B  -  -  W  B  W  -  -
                     -  -  B  B  -  -  B  B  -  -  -  B  -  -  -  -  W  -  B
                     -  B  -  -  -  -  -  -  -  -  -  -  -  -  -  -  -  -  -
Black: 85            -  B  -  -  -  -  B  B  B  -  -  -  -  B  B  -  -  -  -
                     -  -  -  B  -  -  -  -  -  -  -  -  -  -  -  -  B  -  -
                     -  B  B  -  -  -  -  -  -  -  -  -  -  -  B  -  -  -  -
                     -  -  B  B  -  -  -  B  -  B  -  -  B  -  -  B  -  B  -
                     -  -  -  B  -  -  -  -  B  -  -  B  -  -  B  -  -  -  -
                     -  B  -  -  -  -  -  -  -  -  -  B  -  -  -  -  -  -  -
                     -  -  -  -  B  -  -  -  -  -  -  B  -  -  -  -  -  -  -





61 B >




                     W  W  W  -  -  B  -  -  -  W  W   W  -  -  W  W  -  -  -  -  B  -                     W  W  B    W  B  -  -  -  -  -  W  W  W  W  -
                     W  -  --  B  -  W  -  -  W  -  -  W  -      -  -  -  -  -  -  -  -  -  -  -  W  W  W  W  W  W  -  -
Ticks: 61            -  B  -  -  -  -  B  -  -  B  -  B  -  -  W  B  W  -  -
                     -  -  B  B  -  -  B  B  -  -  -  B  -  -  -  -  W  -  B
                     -  B  -  -  -  -  -  -  -  -  B  -  -  -  -  -  -  -  -
Black: 86            -  B  -  -  -  -  B  B  B  -  -  -  -  B  B  -  -  -  -
                     -  -  -  B  -  -  -  -  -  -  -  -  -  -  -  -  B  -  -
                     -  B  B  -  -  -  -  -  -  -  -  -  -  -  B  -  -  -  -
                     -  -  B  B  -  -  -  B  -  B  -  -  B  -  -  B  -  B  -
                     -  -  -  B  -  -  -  -  B  -  -  B  -  -  B  -  -  -  -
                     -  B  -  -  -  -  -  -  -  -  -  B  -  -  -  -  -  -  -
                     -  -  -  -  B  -  -  -  -  -  -  B  -  -  -  -  -  -  -





62 B >62 B >62 B >62 B >62 B >                 W  B  -  -  -  WW  W  -  -  -  -  B  -  -  -  -
                     W  -  -  W  W  W  W  W  W  -  -  B  W  W B
                     W  W  -    -  -  W  W  W  W  W  W  -  -
Ticks: 62            -  B  -  -  -  -  B  -  -  B  -  B  -  -  W  B  W  -  -
                     -  -  B  B  -  -  B  B  -  -  -  B  -  -  -  -  W  -  B
                     -  B  -  -  -  -  -  -  -  -  B  -  -  -  B  -  -  -  -
Black: 88            -  B  -  -  -  -  B  B  B  -  -  -  -  B  B  -  -  -  -
                     -  -  -  B  -  -  -  -  -  -  -  -  -  -  -  -  B  -  -
                     -  B  B  -  -  -  -  -  -  -  -  -  -  -  B  -  -  -  -
                     -  -  B  B  -  -  -  B  -  B  -  -  B  -  -  B  -  B  -
                     -  -  -  B  -  -  -  -  B  -  -  B  -  -  B  -  -  -  -
                     -  B  -  -  -  -  -  -  -  -  -  B  -  -  -  -  -  -  -
                     -  -  -  -  B  -  -  -  -  -  -  B  -  -  -  -  -  -  -





63 B >




                     W  W  W  -  -  B  -  -  -  W  W  -  -  -  -  -  B  -  -
                     W  B  -  -  -  W  -  -  W  W  -  -  -  -  B  -             W  W  -  -  -  B  -    -  -  -  -  -  -  W  W  W  W  W  W  -  -
Ticks: 63            -  B  -  -  -  -  B  -  -  B  -  B  -  -  W  B  W  -  -
                     -  -  B  B  -  -  B  B  -  -  -  B  -  -  -  -  W  W  B
                     -  B  -  -  -  -  -  -  -  -  B  -  -  -  B  -  -  -  -
Black: 93            -  B  -  -  -  -  B  B  B  -  -  -  -  B  B  -  -  -  -
                     -  -  -  B  -  -  -  -  -  -  -  -  -  -  -  -  B  -  -
                     -  B  B  -  -  -  -  -  -  -  -  -  -  -  B  B  -  -  -
                     -  -  B  B  -  -  -  B  -  B  -  -  B  -  -  B  -  B  -
                     -  -  -  B  -  -  -  -  B  -  -  B  -  -  B  -  -  -  -
                     -  B  -  -  -  -  -  -  -  -  -  B  -  -  -  -  -  -  -
                     -  -  -  -  B  -  -  -  -  -  -  B  -  -  -  -  -  -  -





64 B >64 B >




                     W  W  W  -  -  B  -  -  -                   W  B  -  -  -  -  B  -  W  -  -  W  -  -  W  -    -
                     - -  -  -  W  -  -  W  B  W  -  -  -
     -  -  -  -  -  -  -  -  -  -  W  W  W  W  W  W  -  -
Ticks: 64            -  B  -  -  -  -  B  -  -  B  -  B  -  -  W  B  W  -  -
                     -  -  B  B  -  -  B  B  -  -  -  B  -  -  -  -  W  W  B
                     -  B  -  -  -  -  -  -  -  -  B  -  -  -  B  -  -  -  -
Black: 97            -  B  -  -  -  -  B  B  B  -  -  -  -  B  B  -  -  -  -
                     -  -  -  B  -  -  -  -  -  -  -  -  -  -  -  -  B  -  -
                     -  B  B  -  -  -  -  -  -  -  -  -  -  -  B  B  -  -  -
                     -  -  B  B  -  -  -  B  -  B  -  -  B  -  -  B  -  B  -
                     -  -  -  B  -  -  -  B  -  -  -  -  B  -  -  -  -  -  -
                     W  W  W  -  W  W  W  W  W
                   -  -  -  -  -  -  W  B  -    -  W  -  B
                     W  W  -  -  -  B  -  W  -  -  W  B  -  W  -  W  W  W  -
White: 65-  -  -  -  -  -  W  W  W  W  W  W  -  -
Ticks: 65 




                     W  W  W  W  -  -  W  W  -  -  -  -                W  -  -  W  W  W  W-  -  B  W  W  W  B  W  -  -
      W  W  W
                     W           -  -  -  -  -  -  -  -  -  -  -  W  W  W  W  W  W  -  -
Ticks: 66            -  B  -  -  -  -  B  -  -  B  -  B  -  -  W  B  W  -  -
                     -  -  B  B  -  -  B  B  -  -  -  B  -  -  W  -  W  W  B
                     -  B  -  -  -  -  -  -  -  -  B  -  -  -  B  -  -  -  -
Black: 98            -  B  -  -  -  -  B  B  B  -  -  -  -  B  B  -  -  -  -
                     -  -  -  B  -  -  -  -  -  -  -  -  -  -  -  -  B  -  -
                     -  B  B  -  -  -  -  -  -  -  -  -  -  -  B  B  -  -  -
                     -  -  B  B  -  -  -  B  -  B  -  -  B  -  -  B  -  B  -
                     -  -  -  B  -  -  -  -  B  -  -  B  -  -  B  -  -  -  -
                     -  B  -  -  -  -  B  -  -  -  -  B  -  -  -  -  -  -  -
                     -  -  -  -  B  -  -  -  -  -  -  B  -  -  -  -  -  -  -





67 B >




                      -  -  B  -  -
                   -  -  W  -  -  W  W  -  -  -  -   -  -
                     W  -  B
                     W  W  W  W  -  B  -            W  W  W  -  -  B  -  -  -  -  -  B  -  -  -  -
              W  -  -  W  W  W  W  W  W  - -  B  -  -  -  -  W  B  -  -  W   -  W  W  W  W  W  W  -  -
Ticks: 68            -  B  -  -  -  -  B  -  -  B  -  B  -  -  W  B  W  -  -
                     -  -  B  B  -  -  B  B  -  -  -  B  -  -  W  -  W  W  B
                     -  B  -  -  -  -  -  -  -  -  B  -  -  -  B  -  -  -  -
Black: 111           -  B  -  -  -  -  B  B  B  -  -  -  -  B  B  -  -  -  -
                     -  -  -  B  -  -  -  -  -  -  -  -  -  -  -  -  B  -  -
                     -  B  B  -  -  -  -  -  -  -  -  -  -  -  B  B  -  -  -
                     -  -  B  B  -  -  -  B  -  B  -  -  B  -  -  B  -  B  -
                     -  -  -  B  -  -  -  -  B  -  -  B  -  -  B  -  -  -  -
                     -  B  -  -  -  -  B  -  -  -  -  B  -  -  -  -  -  -  -
                     -  -  -  -  B  -  -  -  -  -  B  B  -  -  -  -  -  -  -





69 B >




                       -  W  W  -  -  -  -  -   B
                     W  W  W  W  -  B  -  W  -  -  W  B  -  W  69            -  B  -  -  -  -  B  -  -  B  -  B  -  -  W  B  W  -  -
                     -  -  B  B  -  -  B  B  -  -  -  B  -  -  W  -  W  W  B
                     -  B  -  -  -  -  -  -  -  -  B  -  -  -  B  -  -  -  -
Black: 112           -  B  -  -  -  -  B  B  B  -  -  -  B  B  B  -  -  -  -
                     -  -  -  B  -  -  -  -  -  -  -  -  -  -  -  -  B  -  -
                     -  B  B  -  -  -  -  -  -  -  -  -  -  -  B  B  -  -  -
                     -  -  B  B  -  -  -  B  -  B  -  -  B  -  -  B  -  B  -
                     -  -  -  B  -  -  -  -  B  -  -  B  -  -  B  -  -  -  -
                     -  B  -  -  -  -  B  -  -  -  -  B  -  -  -  -  -  -  -
                     -  -  -  -  B  -  -  -  -  -  B  B  -  -  -  -  -  -  -





70 B >




                     W  W  W  -  -  B  -  -  -  W  W  -  -  -  -  -  B  -  -
                     W  B  -  -  -  W  -  -  W  W  -  -  -  W  B  -  -  -  -B
                     W  W  W  : 70            -  B  -  -  -  -  B  -  -  B  -  B  -  -  W  B  W  -  -
           -  -  B  -  -  W  -  W  W  B
                     -  B  -  -  -  -  -  -  -  -  114           -  B  -  -  -  -  B  B  B  -  -  -  B  B  B  -  -  -  -
         -  -  -  B  B  -  -  -
                     -  -  B  B  -  -  -  B  -  B  -  -  B  -  -  B  -  B  -
                     -  -  -  B  -  -  -  -  B  -  -  B  -  -  B  -  -  -  -
                     -  B  -  -  -  -  B  -  -  -  -  B  -  -  -  -  -  -  -
                     -  -  -  -  B  -  -  -  -  B  B  B  -  -  -  -  -  -  -





71 B >71 B >




                       W  -  W  W  W  W   -  W  -  -  W  W  W  W  W
              W  -  B  -  -  -  -  W        B  B  -  B  -  -  B  -  W  




                     W  W  W W  W  B  -  -  W  B  W  B  -  -    -  W  -  -  W  B  W  -  -  -
                      W  W  W  -  -  W  -  -  -  W  B  -  -  -  -
             W  -  W  W  W  W  W -
                     W  W  B                    W  -  B  W  B  
                     -  -  B  -  -  -  -  -  -  -  -  W  W  W  W  W  W  -  -
Ticks: 73            -  B  -  -  -  -  B  -  -  B  -  B  -  -  W  B  W  -  -
                     -  -  B  B  -  -  B  B  -  -  -  B  -  -  W  -  W  W  B
                     -  B  -  -  -  -  -  -  -  -  B  -  -  -  B  -  -  -  -
Black: 121           -  B  -  -  -  -  B  B  B  -  -  -  B  B  B  -  -  -  -
                     -  -  -  B  -  -  -  -  -  -  -  -  -  -  -  -  B  -  -
                     -  B  B  -  -  -  -  -  -  -  B  -  -  -  B  B  -  -  -
                     -  -  B  B  -  -  -  B  -  B  -  -  B  -  -  B  -  B  -
                     -  -  -  B  -  -  -  -  B  -  -  B  -  -  B  -  -  -  -
                     -  B  -  -  -  -  B  -  -  -  -  B  -  -  -  -  -  -  -
                     -  -  -  -  B  -  -  -  -  B  B  B  -  -  -  -  -  -  -





74 B >74 B >74 B >




             W  B  -  -  -  W  -  -  W   -  W  B  -  -  -  -
                     W  -  W  W  W  W  W  W  W  -  -  B  W  W  W  B  W  -  -
                     W  W  B  -  - B
                     W  W  W    -  -  W  W  W  W  W  W  -  -
Ticks: 74            -  B  -  -  -  -  B  -  -  B  -  B  -  -  W  B  W  -  -
                     -  -  B  B  -  -  B  B  -  -  -  B  -  -  W  -  W  W  B
                     -  B  -  -  -  -  -  -  -  -  B  -  -  -  B  -  -  -  -
Black: 121           -  B  -  -  -  -  B  B  B  -  -  -  B  B  B  -  -  -  -
                     -  -  -  B  -  -  -  -  -  -  -  -  -  -  -  -  B  -  -
                     -  B  B  -  -  -  -  -  -  -  B  -  -  -  B  B  -  -  -
                     -  -  B  B  -  -  -  B  -  B  -  -  B  -  -  B  -  B  -
                     -  -  -  B  -  -  -  -  B  -  -  B  -  -  B  -  -  -  -
                     -  B  -  -  -  -  B  -  -  -  -  B  -  -  -  -  -  -  -
                     -  -  -  -  B  -  -  -  -  B  B  B  -  -  -  -  -  -  -





75 B >75 B >




                     W  W  W  -  -  B  -  -  -  W  W  W  -  W  -  -  B  -  -
                     W  B  -   -  -  W  W  -  -  -  W  B  -  -  W  W  -
White: 75            B -  -  -  -  -  -  W  W  W  W  W  W  -  -
Ticks: 75            -  B  -  -  -  -  B  -  -  B  -  B  -  -  W  B  W  -  -
                     -  -  B  B  -  -  B  B  -  -  -  B  -  -  W  -  W  W  B
                     -  B  -  -  -  -  B  -  -  -  B  -  -  -  B  -  -  -  -
Black: 121           -  B  -  -  -  -  B  B  B  -  -  -  B  B  B  -  -  -  -
                     -  -  -  B  -  -  -  -  -  -  -  -  -  -  -  -  B  -  -
                     -  B  B  -  -  -  -  -  -  -  B  -  -  -  B  B  -  -  -
                     -  -  B  B  -  -  -  B  -  B  -  -  B  -  -  B  -  B  -
                     -  -  -  B  -  -  -  -  B  -  -  B  -  -  B  -  -  -  -
                     -  B  -  -  -  -  B  -  -  -  -  B  -  -  -  -  -  -  -
                     -  -  -  -  B  -  -  -  -  B  B  B  -  -  -  -  -  -  -





76 B >76 B >76 B >




                     W  W  W  -  -  B  -  -  -  W  W  W  -  W  -  -  B  - W  W  W  W  -  -  B  W  W  W  B W  W
                     W  -  B  W  B  -  -  W  B  -  -  W  W  W  W  -  W  -  B
            W  B  -  -  B  -  W  W  W  W  W   -  -  -
                     -  -  B  -  -  -  -  -  -  -  -  W  W  W  W  W  W  -  -
Ticks: 76            -  B  -  -  -  -  B  -  -  B  -  B  -  -  W  B  W  -  -
                     -  -  B  B  -  -  B  B  -  -  -  B  -  -  W  -  W  W  B
                     -  B  -  -  -  -  B  -  -  -  B  -  -  -  B  -  -  -  -
Black: 118           -  B  -  -  -  -  B  B  B  -  -  -  B  B  B  -  -  -  -
                     -  -  -  B  -  -  -  -  -  -  -  -  -  -  -  -  B  -  -
                     -  B  B  -  -  -  -  -  -  -  B  -  -  -  B  B  -  -  -
                     -  -  B  B  -  -  -  B  -  B  -  -  B  -  -  B  -  B  -
                     -  -  -  B  -  -  -  -  B  -  -  B  -  -  B  -  -  -  -
                     -  B  -  -  -  -  B  -  -  -  -  B  -  -  -  -  -  -  -
          77 B >77 B >77 B >




   -  -  -
                     W   B  B  W  B  -  -  B  -  W  W  W 




                     W  W  W W  W  B  -  -  W  B  W  B  -  W   W  -  W  -  B
                    W  W  -  B  -  W  -  -  W  B  -  -  -  -  -  -  W  -  W  -  -  W  B  W  -  -  -
                     -  -  B  -  -  -  -  -  B  -  -  W  W  W  W  W  W  -  -
Ticks: 78            -  B  -  -  -  -  B  -  -  B  -  B  -  -  W  B  W  -  -
                     -  -  B  B  -  -  B  B  -  -  -  B  -  -  W  -  W  W  B
                     -  B  -  -  -  -  B  -  -  -  B  -  -  -  B  -  -  -  -
Black: 126           -  B  -  -  -  -  B  B  B  -  -  -  B  B  B  -  -  -  -
                     -  -  -  B  -  -  -  -  -  -  -  -  -  -  -  -  B  -  -
                     -  B  B  -  -  -  -  -  -  -  B  -  -  -  B  B  -  -  -
                     -  -  B  B  -  -  -  B  -  B  -  -  B  -  -  B  B  B  -
                     -  -  -  B  -  -  -  -  B  -  -  B  -  -  B  -  -  -  -
                     -  B  -  -  -  -  B  -  -  -  -  B  -  -  -  -  -  -  -
                     -  -  -  -  B  -  -  -  -  B  B  B  -  -  -  -  -  -  -





79 B >




-  W  -  -  B  -  -
                    W  W  W  W  -  B  -    -  -  -  -  B  -  -  W  W  W  W  W  W  -  -
Ticks: 79            -  B  -  -  -  -  B  -  -  B  -  B  -  -  W  B  W  -  -
                     -  -  B  B  -  -  B  B  -  -  -  B  -  -  W  -  W  W  B
                     -  B  -  -  -  -  B  -  -  -  B  -  -  -  B  -  W  -  -
Black: 124           -  B  -  -  -  -  B  B  B  -  -  -  B  B  B  -  -  -  -
                     -  -  -  B  -  -  -  -  -  -  -  -  -  -  -  -  B  -  -
                     -  B  B  -  -  -  -  -  -  -  B  -  -  -  B  B  -  -  -
                     -  -  B  B  -  -  -  B  -  B  -  -  B  -  -  B  B  B  -
                     -  -  -  B  -  -  -  -  B  -  -  B  -  -  B  -  -  -  -
                     -  B  -  -  -  -  B  -  -  -  -  B  -  -  -  -  -  -  -
                     -  -  -  -  B  -  -  -  -  B  B  B  -  -  -  -  -  -  -





80 B >




                       W  -  W  W  W  W  W  W  W  -   W  W  W  W  W
                 W  B  -  -  W  B  -  -  W  W  W   B  -  -  B  -  W  W  W  W  W  W  




                     W  W  W    W  W  B  -  -  W  B  W  B  -   W  -  -  W  W  W  W  W
              W  -  B  W  B  -  -  W  B  -  -  W  W  W  W  -  W  -  B
                     W  W  W  W  W  B  -  W  -  -  W  B    -  -  -  W  -  W  -  -  W  B     W  W  W  -  -  B  -  -  -  W  W  W  -  W  -  -  B  -  -
        -  -  W  B  -  -  -  -
         -  W  W  W  W  W  W  W  -  -  B   B  W  -  W
                      W  -  -  W  W  W  W  W
                     W  -  B  W  B  -  W    -  -  -  B  -  -  W  W  W  W  W  W  -  -
Ticks: 82            -  B  -  -  -  -  B  -  -  B  -  B  -  -  W  B  W  -  -
                     -  -  B  B  -  -  B  B  -  -  -  B  -  -  W  -  W  W  B
                     -  B  -  -  -  -  B  -  -  -  B  -  -  -  B  -  W  -  -
Black: 129           -  B  -  -  -  -  B  B  B  -  -  -  B  B  B  -  -  -  -
                     -  -  -  B  -  -  -  -  -  -  -  -  -  -  -  -  B  -  -
                     -  B  B  -  -  -  -  -  -  -  B  -  -  -  B  B  -  -  -
                     -  -  B  B  -  -  -  B  -  B  -  -  B  -  -  B  B  B  -
                     -  B  -  B  -  -  -  -  B  -  -  B  -  -  B  -  -  -  -
                     -  B  -  -  -  -  




                     W  W  W -  -  -  W  W  W  -  W  -  -  B             W  -  B  W  B  -  W  B  -  W  -  -  W  B  -  W  -  W   B  -  -  W  W  W  W  W  W  -  -
Ticks: 83            -  B  -  -  -  -  B  -  -  B  -  B  -  -  W  B  W  -  -
                     -  -  B  B  -  -  B  B  -  -  -  B  -  -  W  -  W  W  B
                     -  B  -  -  -  -  B  -  -  B  B  -  -  -  B  -  W  -  -
Black: 115           -  B  -  -  -  -  B  B  B  -  -  -  B  B  B  -  -  -  -
                     -  -  -  B  -  -  -  -  -  -  -  -  -  -  -  -  B  -  -
                   -  -  B  B  -  -  -  B  -  B  -  -  B  -  -  B  B  B  -
                     -  B  -  B  -  -  -  -  B  -  -  B  -  -  B  -  -  -  -
                     -  B  -  -  -  -  B  -  -  -  -  B  -  -  -  -  -  -  -
                     -  -  -  -  B  -  -  -  -  B  B  B  -  -  -  -  -  -  B





84 B >84 B >




                     W  W  W  -  -  B  -  -  -  W  W  W  -  W  -  -  B  -  -
    -  W  W  B  -  -  W  W  W  W  -  W  W  W  W  W  -  -
Ticks: 84            -  B  -  -  B  -  B  -  -  B  -  B  -  -  W  B  W  -  -
                     -  -  B  B  -  -  B  B  -  -  -  B  -  -  W  -  W  W  B
                     -  B  -  -  -  -  B  -  -  B  B  -  -  -  B  W  W  -  -
Black: 118           -  B  -  -  -  -  B  B  B  -  -  -  B  B  B  -  -  -  -
                     -  -  -  B  -  -  -  -  -  -  -  -  -  -  -  -  B  -  -
                     -  B  B  -  -  -  -  -  -  -  B  -  -  -  B  B  -  -  -
                     -  -  B  B  -  -  -  B  -  B  -  -  B  -  -  B  B  B  -
                     -  B  -  B  -  -  -  -  B  -  -  B  -  -  B  -  -  -  -
                     -  B  -  -  -  -  B  -  -  -  -  B  -  -  -  -  -  -  -
                     -  -  -  -  B  -  -  -  -  B  B  B  -  -  -  -  -  -  B





85 B >85 B >85 B >




                     W  W  W  -  - W  -  W  -  -  W  W  -  -  -  W    -  W  W  W  -
White: 86         W  W  -  -  -  -  W  -  W  -  -  -  -  -  B  -  -  W  W  W  W  W  W  -  -
Ticks: 85            -  B  -  -  B  -  B  -  -  B  -  B  B  -  W  B  W  -  -
                     -  -  B  B  -  -  B  B  -  -  -  B  -  -  W  -  W  W  B
                     -  B  -  -  -  -  B  -  -  B  B  -  -  -  B  W  W  -  -
Black: 119           -  B  -  -  -  -  B  B  B  -  -  -  B  B  B  -  W  -  -
                     -  -  -  B  -  -  -  -  -  -  -  -  -  -  -  -  B  -  -
                     -  B  B  -  -  -  -  -  -  -  B  -  -  -  B  B  -  -  -
                     -  -  B  B  -  -  -  B  -  B  -  -  B  -  -  B  B  B  -
                     -  B  -  B  -  -  -  -  B  -  -  B  -  -  B  -  -  -  -
                     -  B  -  -  -  -  B  -  -  -  -  B  -  -  -  -  -  -  -
                     -  -  -  -  B  -  -  -  -  B  B  B  -  -  -  -  -  -  B





86 B >86 B >86 B >




                     W  W  W  -  - -  B  W  W  W  B  W  -  W
                        -  -  W  W  -  -W  B  W  -  -  -
                     -  -  B  B  -  -  -  -  B  -  -  W  W  W  W  W  W  W  -
Ticks: 86            -  B  -  -  B  -  B  -  -  B  -  B  B  -  W  B  W  -  -
                     -  -  B  B  -  -  B  B  -  -  -  B  -  -  W  -  W  W  B
                     -  B  -  -  -  -  B  -  -  B  B  -  -  -  B  W  W  -  -
Black: 123           -  B  -  -  -  -  B  B  B  B  -  -  B  B  B  -  W  -  -
                     -  -  -  B  -  -  -  -  -  -  -  -  -  -  -  -  B  -  -
                     -  B  B  -  -  -  -  -  -  -  B  -  -  -  B  B  -  -  -
                     -  -  B  B  -  -  -  B  -  B  -  -  B  -  -  B  B  B  -
                     -  B  -  B  -  -  -  -  B  -  -  B  -  -  B  -  -  -  -
                     -  B  -  -  -  -  B  -  -  -  -  B  -  -  -  -  -  -  -
                     -  -  -  -  B  -  -  -  -  B  B  B  -  -  -  -  -  -  B





87 B >



    W  W  W  -  -  B  -  -  -  W  W  W  W  -  W  -  B
            B  B  W  B  B  -  B  -  W  W  W  W  B  -  W  -  -
           B  -  -  -  -  B  -  -  W  W  W  W  W  W  W  -
Ticks: 87            -  B  -  -  B  -  B  -  -  B  -  B  B  -  W  B  W  -  -
                     -  -  B  B  -  -  B  B  -  -  -  B  -  -  W  -  W  W  B
                     -  B  -  -  -  -  B  -  -  B  B  -  -  -  B  W  W  -  -
Black: 124           -  B  -  -  -  -  B  B  B  B  -  -  B  B  B  -  W  -  -
                     -  -  -  B  -  -  -  -  -  -  -  -  -  -  -  -  B  -  -
                     -  B  B  -  -  -  -  -  -  -  B  -  -  -  B  B  -  -  -
                     -  -  B  B  -  -  -  B  -  B  -  -  B  -  -  B  B  B  -
                     -  B  -  B  -  -  -  -  B  -  -  B  -  -  B  -  -  -  -
                     -  B  -  -  -  -  B  -  -  -  -  B  -  -  -  -  -  -  -
                     -  -  -  -  B  -  -  -  -  B  B  B  -  -  -  -  -  -  B





88 B >88 B >




                        W  -  W  W  W  W-
White: 89            B  B  W  BB  -  B  -  W  W  W  W  W  W  B  -  W  -  -
                     -




                     W  W  W        W  -  B  W  B  -  W -  W  -  W  W  W  -
White: 90    B  B  W  B  B  -  B  -  W  W  W            -  -  B  B  -  -  -  -  B  -  -  W  W  W  W  W  W  W  -
Ticks: 89            B  B  -  -  B  -  B  -  -  B  -  B  B  -  W  B  W  -  -
                     -  -  B  B  -  -  B  B  -  -  -  B  -  -  W  -  W  W  B
                     -  B  -  -  -  -  B  -  -  B  B  -  -  -  B  W  W  -  -
Black: 142           -  B  -  B  -  -  B  B  B  B  -  -  B  B  B  -  W  W  -
                     -  -  -  B  -  -  -  -  -  -  -  -  -  -  -  -  B  -  -
                     -  B  B  -  -  -  -  -  -  -  B  -  -  -  B  B  -  -  -
                     -  -  B  B  -  -  -  B  -  B  -  -  B  -  -  B  B  B  -
                     -  B  -  B  -  -  -  -  B  -  -  B  -  -  B  -  -  -  -
                     -  B  -  -  -  -  B  -  -  -  -  B  -  -  -  -  -  -  -
                     -  -  -  -  B  -  -  -  -  B  B  B  -  -  -  -  -  -  B





90 B >




                                   W  -  W  W  -  W  W  W  W  W  W  B  -  W  -                  -  -  W  W  W  B  -  W  W  -  W  -  -  W  B  W  -  -  -
                     -  -  B  B  -  -  -  -  B  -  -  W  W  W  W  W  W  W  -
Ticks: 90            B  B  -  -  B  -  B  -  -  B  -  B  B  -  W  B  W  -  -
                     -  -  B  B  -  -  B  B  -  -  -  B  -  -  W  -  W  W  B
                     -  B  -  -  -  -  B  -  -  B  B  -  -  -  B  W  W  -  -
Black: 147           -  B  -  B  -  -  B  B  B  B  -  -  B  B  B  -  W  W  -
                     -  -  -  B  -  -  -  -  -  -  -  -  -  -  -  -  B  -  -
                     -  B  B  -  -  -  -  -  -  -  B  -  -  -  B  B  -  -  -
                     -  -  B  B  -  -  -  B  -  B  -  -  B  -  -  B  B  B  -
                     -  B  -  B  -  -  -  -  B  -  -  B  -  -  B  -  -  -  -
                     -  B  -  -  -  -  B  -  -  -  -  B  -  -  -  -  -  -  -
                     -  -  -  -  B  -  -  -  -  B  B  B  -  -  -  -  -  -  B





Game Over Stones Exhausted
You are a Winner, U