2D Particle Simulator
Enter the number of particles to simulate (1-10):
Enter Position (x,y):
Enter Velocity (x,y):
Enter Mass:
Enter Radius:
Particle #1 added at (110.39564,172.05800) velocity(0.98978,2.01106) mass(2.39662) radius(6.75659).
Enter Position (x,y):
Enter Velocity (x,y):
Enter Mass:
Enter Radius:
Particle #2 added at (139.81216,119.66388) velocity(1.28939,2.61540) mass(5.50728) radius(1.32926).
Enter Position (x,y):
Enter Velocity (x,y):
Enter Mass:
Enter Radius:
Invalid simulation da (176.32743,131.78709) velocity(2.99362,0.59492) mass(3.24790) radius(5.52505).
Running simulation with...
3 total particles:
0: Position (110.39000,172.05000) Velocity (0.98000,2.01000) mass (2.39000) radius (6.75000).
1: Position (139.81000,119.66000) Velocity (1.28000,2.61000) mass (5.50000) radius (1.32000).
2: Position (176.32000,131.78000) Velocity (2.99000,0.59000) mass (3.24000) radius (5.52000).
--------------------
00000000000000000000
00000000000000000000
00000000000000000000
00000000000000000000
00000000000000000000
00100000000000000000
00000000000000000000
00000000000000000000
00000000000000000000
00000000000000000000
00000000000000000000
00000000000000000000
00000000000000000000
00000000000000010000
00000000000000000000
00000000000000000000
00000001000000000000
00000000000000000000
00000000000000000000
00000000000000000000
--------------------
Simulation complete, 0 collisions simulated over 10 seconds in 20 frames.
3 total particles:
0: Position (120.19000,192.15000) Velocity (0.98000,2.01000) mass (2.39000) radius (6.75000).
1: Position (152.61000,145.76000) Velocity (1.28000,2.61000) mass (5.50000) radius (1.32000).
2: Position (182.74000,137.68000) Velocity (-2.99000,0.59000) mass (3.24000) radius (5.52000).
--------------------
00000000000000000000
00001000000000000000
00000000000000000000
00000000000000000000
00000000000000000000
00000000000000000000
00000000000000000000
00000000000000000000
00000000000000000000
00000000000000000000
00000000001000000000
00000000000000000000
00000000000000001000
00000000000000000000
00000000000000000000
00000000000000000000
00000000000000000000
00000000000000000000
00000000000000000000
00000000000000000000
--------------------
Goodbye
