2D Particle Simulator
Enter the number of particles to simulate (1-10):
Enter Position (x,y):
Enter Velocity (x,y):
Enter Mass:
Enter Radius:
Particle #1 added at (121.49478,117.03764) velocity(7.73482,0.60059) mass(8.63816) radius(1.04288).
Enter Position (x,y):
Enter Velocity (x,y):
Enter Mass:
Enter Radius:
Particle #2 added at (114.08226,148.31736) velocity(3.50804,1.12068) mass(8.33854) radius(3.09337).
Enter Position (x,y):
Enter Velocity (x,y):
Enter Mass:
Enter Radius:
Invalid simulation data. Try again.
Enter Position (x,y):
Enter Velocity (x,y):
Enter Mass:
Enter Radius:
Particle #3 added at (130.94519,171.89615) velocity(8.54183,9.19158) mass(9.15881) radius(3.25054).
Enter Position (x,y):
Enter Velocity (x,y):
Enter Mass:
Enter Radius:
Particle #4 added at (163.12930,168.34955) velocity(0.61473,8.87298) mass(5.32762) radius(5.66658).
Enter Position (x,y):
Enter Veloci (152.88926,159.00218) velocity(0.33062,8.88098) mass(9.38720) radius(7.78760).
60.55587,181.65077) velocity(8.52147,1.83446) mass(3.68289) radius(2.21973).
Running simulation with...
7 total particles:
0: Position (121.49000,117.03000) Velocity (7.73000,0.60000) mass (8.63000) radius (1.04000).
1: Position (114.08000,148.31000) Velocity (3.50000,1.12000) mass (8.33000) radius (3.09000).
2: Position (130.94000,171.89000) Velocity (8.54000,9.19000) mass (9.15000) radius (3.25000).
3: Position (163.12000,168.34000) Velocity (0.61000,8.87000) mass (5.32000) radius (5.66000).
4: Position (152.88000,159.00000) Velocity (0.33000,8.88000) mass (9.38000) radius (7.78000).
5: Position (167.75000,133.29000) Velocity (0.90000,6.14000) mass (6.31000) radius (5.97000).
6: Position (160.55000,181.65000) Velocity (8.52000,1.83000) mass (3.68000) radius (2.21000).
--------------------
00000000000000000000
00000000000000000000
00000000000000000000
00000000000010000000
00000000000000000000
00000010000000000000
00000000000010000000
00000000000000000000
00000000001000000000
00000000000000000000
00100000000000000000
00000000000000000000
00000000000000000000
00000000000001000000
00000000000000000000
00000000000000000000
00001000000000000000
00000000000000000000
00000000000000000000
00000000000000000000
--------------------
Simulation complete, 5 collisions simulated over 10 seconds in 80 frames.
7 total particles:
0: Position (198.79000,123.03000) Velocity (7.73000,0.60000) mass (8.63000) radius (1.04000).
1: Position (119.02087,149.37770) Velocity (-4.62011,-1.61712) mass (8.33000) radius (3.09000).
2: Position (150.35410,154.45111) Velocity (-3.49890,-4.45033) mass (9.15000) radius (3.25000).
3: Position (185.91969,171.80058) Velocity (-4.56932,-9.94391) mass (5.32000) radius (5.66000).
4: Position (164.83632,141.23841) Velocity (5.01467,-4.87501) mass (9.38000) radius (7.78000).
5: Position (155.64664,109.59133) Velocity (-4.55180,-14.00314) mass (6.31000) radius (5.97000).
6: Position (149.83000,195.63000) Velocity (-8.52000,-1.83000) mass (3.68000) radius (2.21000).
--------------------
00000000010000000000
00000000000000000000
00000000000000000000
00000000000000000000
00000000000000000000
00000000000000000100
00000000000000000000
00000000000000000000
00000000000000000000
00000000001000000000
00010000000000000000
00000000000010000000
00000000000000000000
00000000000000000000
00000000000000000000
00000000000000000001
00000000000000000000
00000000000000000000
00000000000100000000
00000000000000000000
--------------------
Goodbye
