2D Particle Simulator
Enter the number of particles to simulate (1-10):
Enter Position (x,y):
Enter Velocity (x,y):
Enter Mass:
Enter Radius:
Particle #1 added at (149.92537,161.58373) velocity(7.28318,1.79024) mass(3.38559) radius(8.14157).
Enter Position (x,y):
Enter Velocity (x,y):
Enter Mass:
Enter Radius:
Invalid simulation data. Try again.
Enter Position (x,y):
Enter Velocity (x,y):
Enter Mass:
Enter Radius:
Invalid simulation data. Try again.
Enter Position (x,y):
Enter Velocity (x,y):
Ente (176.33542,128.83243) velocity(1.64242,2.34564) mass(7.06378) radius(6.51727).
Running simulation with...
5 total particles:
0: Position (149.92000,161.58000) Velocity (7.28000,1.79000) mass (3.38000) radius (8.14000).
1: Position (112.78000,170.06000) Velocity (7.22000,7.78000) mass (9.84000) radius (3.96000).
2: Position (189.74000,192.97000) Velocity (5.69000,6.95000) mass (4.36000) radius (4.64000).
3: Position (112.71000,146.74000) Velocity (9.55000,0.10000) mass (5.72000) radius (5.83000).
4: Position (176.33000,128.83000) Velocity (1.64000,2.34000) mass (7.06000) radius (6.51000).
--------------------
00000000000000000000
00000000000000000100
00000000000000000000
00000000000000000000
00000000000000000000
00100000000000000000
00000000000000000000
00000000010000000000
00000000000000000000
00000000000000000000
00100000000000000000
00000000000000000000
00000000000000000000
00000000000000000000
00000000000000010000
00000000000000000000
00000000000000000000
00000000000000000000
00000000000000000000
00000000000000000000
--------------------
Simulation complete, 5 collisions simulated over 10 seconds in 40 frames.
5 total particles:
0: Position (128.06005,162.57736) Velocity (-9.05254,-7.38248) mass (3.38000) radius (8.14000).
1: Position (182.45781,110.34024) Velocity (2.65034,10.47655) mass (9.84000) radius (3.96000).
2: Position (183.93835,159.88944) Velocity (-3.28248,-7.69950) mass (4.36000) radius (4.64000).
3: Position (137.61816,127.44101) Velocity (-1.85710,6.74999) mass (5.72000) radius (5.83000).
4: Position (183.63549,140.93814) Velocity (-2.17756,-0.07621) mass (7.06000) radius (6.51000).
--------------------
00000000000000000000
00000000000000000000
00000000000000000000
00000000000000000000
00000000000000000000
00000000000000000000
00000000000000000000
00000100000000000000
00000000000000001000
00000000000000000000
00000000000000000000
00000000000000001000
00000000000000000000
00000000000000000000
00000000000000000000
-------------