2D Particle Simulator
Enter the number of particles to simulate (1-10):
Enter Position (x,y):
Enter Velocity (x,y):
Enter Mass:
Enter Radius:
Particle #1 added at (145.19381,179.71015) velocity(2.42883,2.62243) mass(6.05493) radius(4.52179).
Running simulation with...
1 total particles:
0: Position (145.19000,179.71000) Velocity (2.42000,2.62000) mass (6.05000) radius (4.52000).
--------------------
00000000000000000000
00000000000000000000
00000000000000000000
0000000000000000000000000
00000000000000000000
00000000000000000000
00000000000000000000
00000000000000000000
00000000000000000000
00000000000000000000
00000000000000000000
00000000000000000000
00000000000000000000
00000000000000000000
00000000000000000000
--------------------
Simulation complete, 0 collisions simulated over 10 seconds in 10 frames.
1 total particles:
0: Position (169.39000,185.05000) Velocity (2.42000,-2.62000) mass (6.05000) radius (4.52000).
--------------------
00000000000000000000
00000000000000000000
00000000000001000000
00000000000000000000
00000000000000000000
00000000000000000000
00000000000000000000
00000000000000000000
00000000000
00000000000000000000
00000000000000000000
00000000000000000000
00000000000000000000
00000000000000000000
00000000000000000000
00000000000000000000
00000000000000000000
00000000000000000000
00000000000000000000
00000000000000000000
--------------------
Goodbye
