2D Particle Simulator
Enter the number of particles to simulate (1-10):
Enter Position (x,y):
Enter Velocity (x,y):
Enter Mass:
Enter Radius:
Particle #1 added at (121.76832,165.49124) velocity(2.90101,8.65773) mass(1.30187) radius(7.21955).
Enter Position (x,y):
Enter Velocity (x,y):
Enter Mass:
Enter Radius:
Particle #2 added at (153.48055,144.92321) velocity(3.00263,0.01830) mass(4.48379) radius(3.24750).
Running simulation with...
2 total particles:
0: Position (121.76000,165.49000) Velocity (2.90000,8.65000) mass (1.30000) radius (7.21000).
1: Position (153.48000,144.92000) Velocity (3.00000,0.01000) mass (4.48000) radius (3.24000).
--------------------
00000000000000000000
00000000000000000000
00000000000000000000
00000000000000000000
00000000000000000000
00000000000000000000
00001000000000000000
00000000000000000000
00000000000000000000
00000000000000000000
00000000000000000000
00000000001000000000
00000000000000000000
00000000000000000000
00000000000000000000
00000000000000000000
00000000000000000000
00000000000000000000
00000000000000000000
00000000000000000000
--------------------
Simulation complete, 0 collisions simulated over 10 seconds in 20 frames.
2 total particles:
0: Position (150.76000,133.59000) Velocity (2.90000,-8.65000) mass (1.30000) radius (7.21000).
1: Position (183.48000,145.02000) Velocity (3.00000,0.01000) mass (4.48000) radius (3.24000).
--------------------
00000000000000000000
00000000000000000000
00000000000000000000
00000000000000000000
00000000000000000000
00000000000000000000
00000000000000000000
00000000000000000000
00000000000000000000
00000000000000000000
00000000000000001000
00000000000000000000
00000000000000000000
00000000001000000000
00000000000000000000
00000000000000000000
00000000000000000000
00000000000000000000
00000000000000000000
00000000000000000000
--------------------
Goodbye
