2D Particle Simulator
Enter the number of particles to simulate (1-10):
Enter Position (x,y):
Enter Velocity (x,y):
Enter Mass:
Enter Radius:
Particle #1 added at (161.16351,128.53956) velocity(7.28689,8.76540) mass(4.34516) radius(3.50018).
Enter Position (x,y):
Enter Velocity (x,y):
Enter Mass:
Enter Radius:
Particle #2 added at (179.49191,120.33122) velocity(1.03525,8.44469) mass(9.17954) radius(5.54002).
Enter Position (x,y):
Enter Velocity (x,y):
Enter Mass:
Ent added at (128.13920,135.94712) velocity(7.87619,6.28493) mass(7.27315) radius(6.29683).
Enter Position (x,y):
Enter Vnter Velocity (x,y):
Enter Mass:
12.42493,190.69467) velocity(5.34556,2.95107) mass(4.18780) radius(3.25221).
Running simulation with...
10 total particles:
0: Position (161.16000,128.53000) Velocity (7.28000,8.76000) mass (4.34000) radius (3.50000).
1: Position (179.49000,120.33000) Velocity (1.03000,8.44000) mass (9.17000) radius (5.54000).
2: Position (128.13000,135.94000) Velocity (7.87000,6.28000) mass (7.27000) radius (6.29000).
3: Position (159.98000,167.92000) Velocity (5.47000,3.05000) mass (7.47000) radius (3.39000).
4: Position (173.80000,192.04000) Velocity (1.00000,5.85000) mass (4.62000) radius (7.14000).
5: Position (148.99000,144.75000) Velocity (8.69000,2.60000) mass (5.53000) radius (2.29000).
6: Position (145.99000,138.09000) Velocity (5.34000,6.52000) mass (2.07000) radius (1.53000).
7: Position (170.56000,152.59000) Velocity (3.78000,0.30000) mass (5.39000) radius (8.43000).
8: Position (148.98000,125.68000) Velocity (6.05000,7.76000) mass (5.88000) radius (1.84000).
9: Position (112.42000,190.69000) Velocity (5.34000,2.95000) mass (4.18000) radius (3.25000).
--------------------
00000000000000000000
00100000000000100000
00000000000000000000
00000000000000000000
00000000000000000000
00000000000000000000
00000000000100000000
00000000000000000000
00000000000000000000
00000000000000100000
00000000000000000000
00000000010000000000
00000100010000000000
00000000000000000000
00000000010010000000
00000000000000010000
00000000000000000000
00000000000000000000
00000000000000000000
00000000000000000000
--------------------
Simulation complete, 22 collisions simulated over 10 seconds in 80 frames.
10 total particles:
0: Position (190.38198,119.33633) Velocity (1.87440,15.15697) mass (4.34000) radius (3.50000).
1: Position (182.62301,137.99450) Velocity (-0.67796,-3.87890) mass (9.17000) radius (5.54000).
2: Position (161.36177,181.64906) Velocity (-0.05145,-5.59685) mass (7.27000) radius (6.29000).
3: Position (161.82514,131.43603) Velocity (-4.46464,-6.41639) mass (7.47000) radius (3.39000).
4: Position (185.46330,188.78297) Velocity (-3.00306,-3.91786) mass (4.62000) radius (7.14000).
5: Position (138.59703,102.73294) Velocity (-9.82595,-11.56915) mass (5.53000) radius (2.29000).
6: Position (166.90632,196.21752) Velocity (-4.70473,4.33302) mass (2.07000) radius (1.53000).
7: Position (173.99190,157.44407) Velocity (-4.06036,-2.57848) mass (5.39000) radius (8.43000).
8: Position (154.76815,154.79935) Velocity (-2.62635,-1.26458) mass (5.88000) radius (1.84000).
9: Position (166.13068,172.41097) Velocity (6.47847,-6.24450) mass (4.18000) radius (3.25000).
--------------------
00000000000001000000
00000000000000000000
00000000000000000100
00000000000010000000
00000000000000000000
00000000000001000000
00000000000000000000
00000000000000000000
00000000000000100000
00000000001000000000
00000000000000000000
00000000000000000000
00000000000000001000
00000000000010000000
00000000000000000000
00000000000000000000
00000000000000000010
00000000000000000000
000000000