2D Particle Simulator
Enter the number of particles to simulate (1-10):
Enter Position (x,y):
Enter Velocity (x,y):
Enter Mass:
Enter Radius:
Particle #1 added at (150.71982,142.72339) velocity(6.01247,6.93463) mass(5.46211) radius(2.64673).
Running simulation with...
1 total particles:
0: Position (150.71000,142.72000) Velocity (6.01000,6.93000) mass (5.46000) radius (2.64000).
--------------------
00000000000000000000
00000000000000000000
00000000000000000000
00000000000000000000
00000000000000000000
00
00000000000000000000
00000000000000000000
00000000000000000000
00000000001000000000
00000000000000000000
00000000000000000000
00000000000000000000
00000000000000000000
00000000000000000000
00000000000000000000
00000000000000000000
00000000000000000000
--------------------
Simulation complete, 0 collisions simulated over 10 seconds in 40 frames.
1 total particles:
0: Position (183.91000,182.70000) Velocity (-6.01000,-6.93000) mass (5.46000) radius (2.64000).
--------------------
00000000000000000000
00000000000000000000
00000000000000000000
00000000000000001000
00000000000000000000
00000000000000000000
00000000000000000000
00000000000000000000
00000000000000000000
00000000000000000000
00000000000000000000
00000000000000000000
00000000000000000000
00000000000000000000
00000000000000000000
00000000000000000000
00000000000000000000
00000000000000000000
00000000000000000000
00000000000000000000
--------------------
Goodbye
