2D Particle Simulator
Enter the number of particles to simulate (1-10):
Enter Position (x,y):
Enter Velocity (x,y):
Enter Mass:
Enter Radius:
Invalid simulation data. Try again.
Enter Position (x,y):
Enter Velocity (x,y):
Enter Mass:
Enter Radius:
Particle #1 added at (169.68094,166.19110) velocity(0.31130,3.58840) mass(3.86952) radius(1.51449).
Enter Position (x,y):
Enter Velocity (x,y):
Enter Mass:
E Position (x,y):
Enter Velocity ,y):
Enter Mass:
Enter Radius:
Particle #3 (x,y):
Enter Mass:
Enter Radius:
Invalid s(154.90329,106.23026) velocity(0.87427,6.20286) mass(3.97389) radius(4.00070).
Running simulation with...
10 total particles:
0: Position (169.68000,166.19000) Velocity (0.31000,3.58000) mass (3.86000) radius (1.51000).
1: Position (114.05000,150.96000) Velocity (0.29000,0.19000) mass (7.73000) radius (3.67000).
2: Position (122.78000,177.79000) Velocity (8.91000,1.13000) mass (9.55000) radius (6.06000).
3: Position (119.16000,118.10000) Velocity (0.29000,6.18000) mass (2.23000) radius (9.33000).
4: Position (161.36000,136.92000) Velocity (7.60000,8.92000) mass (8.77000) radius (9.44000).
5: Position (186.98000,127.84000) Velocity (8.92000,1.46000) mass (4.43000) radius (3.39000).
6: Position (148.04000,110.66000) Velocity (0.37000,0.43000) mass (7.80000) radius (3.94000).
7: Position (161.70000,122.95000) Velocity (5.35000,5.81000) mass (4.92000) radius (4.20000).
8: Position (125.79000,165.14000) Velocity (9.60000,8.64000) mass (7.99000) radius (3.70000).
9: Position (154.90000,106.23000) Velocity (0.87000,6.20000) mass (3.97000) radius (4.00000).
--------------------
00000000000000000000
00000000000000000000
00000000000000000000
00000000000000000000
00001000000000000000
00000000000000000000
00000100000001000000
00000000000000000000
00000000000000000000
00100000000000000000
00000000000000000000
00000000000000000000
00000000000010000000
00000000000000000000
00000000000000000100
00000000000010000000
00010000000000000000
00000000010000000000
00000000001000000000
00000000000000000000
--------------------
Simulation complete, 16 collisions simulated over 10 seconds in 160 frames.
10 total particles:
0: Position (119.31505,194.84531) Velocity (5.41327,-7.58228) mass (3.86000) radius (1.51000).
1: Position (146.58477,146.52045) Velocity (5.78549,-3.11271) mass (7.73000) radius (3.67000).
2: Position (134.83851,124.39185) Velocity (10.01564,-5.17270) mass (9.55000) radius (6.06000).
3: Position (175.97603,150.03528) Velocity (14.12108,24.34110) mass (2.23000) radius (9.33000).
4: Position (168.77075,188.91942) Velocity (-3.71811,-1.73763) mass (8.77000) radius (9.44000).
5: Position (170.58120,124.74433) Velocity (0.28576,-0.46613) mass (4.43000) radius (3.39000).
6: Position (139.50201,115.09468) Velocity (-0.40574,-0.60624) mass (7.80000) radius (3.94000).
7: Position (193.40436,168.33290) Velocity (-2.95476,1.88363) mass (4.92000) radius (4.20000).
8: Position (128.81373,170.29027) Velocity (-4.53898,-4.94309) mass (7.99000) radius (3.70000).
9: Position (151.65794,112.18056) Velocity (-1.54392,3.15735) mass (3.97000) radius (4.00000).
--------------------
00000000000000000000
00010000000000000000
00000000000001000000
00000000000000000000
00000000000000000000
00000100000000000000
00000000000000000010
00000000000000000000
00000000000000000000
00000000000000010000
00000000010000000000
00000000000000000000
00000000000000000000
00000000000000000000
00000000000000000000
00000010000000100000
00000001000000000000
00000000001000000000
00000000000000000000
00000000000000000000
--------------------
Goodbye
