OK F1E3400B
OK
OK
OK
OK
OK
OK 156
RcDQHpbrLcTpI7HKK6bYGratM6L4DsemKabeUaOnUNLPLrfFU5T1TNDdI4TCHqLkCZOoCsL3P5XmIt11CpLjHZ5wP7TkGN5rQ4LkKd9OPMbFQ55PCsOuK4CoQNXhGMysTqn1H3LKULPGJ79ZJ7L5RajPL3X4OK 147
Directory listing
	/ (called 0 times)		Home page
	/root64 (called 1 times)		Root64 conversion tool
	/parcour (called 0 times)		Parcour obfuscator

ERROR 404
OK
OK 147
Directory listing
	/ (called 1 times)		Home page
	/root64 (called 1 times)		Root64 conversion tool
	/parcour (called 0 times)		Parcour obfuscator

BYE
