/auth/sGEyzqcGvisWE
/token/sGEyzqcGvisWE
0:jZqXzcrYZaqJ:5501564ee8cf53ea8b3ed1c5ea:sGEyzqcGvisWE
/subscribe/sGEyzqcGvisWE
amU93Uw7k-U3975317-931aCcyi-995157o5-IE1:latest
/auth/sGEyzqcGvisWE
/token/sGEyzqcGvisWE
0:hzvMNNvcXAiXQeZN:352114331d3f741f227edfad91:sGEyzqcGvisWE
/subscribe/sGEyzqcGvisWE
eI95KaK9Q-53137e13-m5791G19-733mc7q3-qC1:latest
/auth/sGEyzqcGvisWE
/token/sGEyzqcGvisWE
0:CqnmyXLh:41dec7f49dd386eed168c1c7d2:sGEyzqcGvisWE
/subscribe/sGEyzqcGvisWE
a57375539-A7E79U99-ow3Wgik7-ka9wwk39-7m5:latest
/auth/sGEyzqcGvisWE
/token/sGEyzqcGvisWE
0:BwDHpyWDo:868748354438c60665e636267e:sGEyzqcGvisWE
/subscribe/sGEyzqcGvisWE
e1q5q3Y53-35G93779-Q5qEiS7e-Y9q31355-s9s:latest
/auth/sGEyzqcGvisWE
/token/sGEyzqcGvisWE
0:BwDHpyWDo:1004eb1a1577828fd18f19a177:sGEyzqcGvisWE
/subscribe/sGEyzqcGvisWE
CmQem3k37-Ga5s3s5U-k15Y7I9s-19e353C9-AgS:latest
/auth/sGEyzqcGvisWE
/token/sGEyzqcGvisWE
0:hzvMNNvcXAiXQeZN:d13f2b011442cdc1c0ff6979a8:sGEyzqcGvisWE
/subscribe/sGEyzqcGvisWE
5E79GAm5s-1eKCUU5c-q91q3U1e-iakC373k-M1Y:latest
/auth/sGEyzqcGvisWE
/token/sGEyzqcGvisWE
0:XlbVneZvDXKT:b77887ed5bc290b35b26e0f0e8:sGEyzqcGvisWE
/subscribe/sGEyzqcGvisWE
WqsKI9M9W-u55Ye733-91715m1o-m93g9e19-7AY:latest
/auth/sGEyzqcGvisWE
/token/sGEyzqcGvisWE
0:kvHTcoGsl:1f5a387805fd60e3e048a66a64:sGEyzqcGvisWE
/subscribe/sGEyzqcGvisWE
19117i917-7e9M3A5M-97qo7W77-3793aw97-733:latest
/auth/sGEyzqcGvisWE
/token/sGEyzqcGvisWE
0:RQxKpvbuLzNmgPxg:675641eef67aad28ebbfd6816d:sGEyzqcGvisWE
/subscribe/sGEyzqcGvisWE
3k375197o-GS93oC7u-M77sG577-mk5Mc5O9-as1:latest
/auth/sGEyzqcGvisWE
/token/sGEyzqcGvisWE
0:dfwRsTKerbw:699f5b0f93327a8f51bda5996f:sGEyzqcGvisWE
/subscribe/sGEyzqcGvisWE
33797G9Qs-9995kwIS-o7I53I79-3E339o57-a33:latest
/auth/sGEyzqcGvisWE
/token/sGEyzqcGvisWE
0:hzvMNNvcXAiXQeZN:e8be4f8b4de5e9d207bc481300:sGEyzqcGvisWE
/subscribe/sGEyzqcGvisWE
Qy715W179-513Ia3iY-11Yce7m1-wc7555q5-971:latest
/auth/sGEyzqcGvisWE
/token/sGEyzqcGvisWE
0:CZSVRkxLrtS:7205e8ddea4a91e8631064f54d:sGEyzqcGvisWE
/subscribe/sGEyzqcGvisWE
m3ug9k5w7-aowcE73A-3g5Wao1S-uQq1579s-Q95:latest
/auth/sGEyzqcGvisWE
/token/sGEyzqcGvisWE
0:OBjQNYEkqdpbyNF:8e0b99296fa45b9cdd5f9981fd:sGEyzqcGvisWE
/subscribe/sGEyzqcGvisWE
71gQMw7u5-5331wWe7-3A1kAA3a-35GuYo1q-uc3:latest
/auth/sGEyzqcGvisWE
/token/sGEyzqcGvisWE
0:FTuUyHQTHPDZYv:69446f574010e3b67e2b1a7f8a:sGEyzqcGvisWE
/subscribe/sGEyzqcGvisWE
111Q9aE5K-Ekm53m99-a9qK9cQ5-A3ou3i97-9s9:latest
/auth/sGEyzqcGvisWE
/token/sGEyzqcGvisWE
0:zEsLwNvutDJyYkg:aafe87fe0d9bcfabbf47f48299:sGEyzqcGvisWE
/subscribe/sGEyzqcGvisWE
97mGG591k-iS71935E-5i9qSgYw-1731195w-111:latest
/auth/sGEyzqcGvisWE
/token/sGEyzqcGvisWE
0:JZODLUKLBYqpy:c779945a3b283a039315f48922:sGEyzqcGvisWE
/subscribe/sGEyzqcGvisWE
575Q513Ym-omy7W9o9-Mq3M1Kk1-s33U5um7-sEa:latest
/auth/WOxnvAAx
/token/WOxnvAAx
0:CqnmyXLh:575675c2cc4d0e51b9bfc85511315d9cab762a12f1:WOxnvAAx,sGEyzqcGvisWE
/subscribe/WOxnvAAx
Ug11I717S-9cw9cY79-7uYi19eO-Q75I5CSs-519:latest
/auth/WOxnvAAx
/token/WOxnvAAx
0:qSVSWdNiDNV:0bad55375226cb6c:WOxnvAAx
/subscribe/WOxnvAAx
wc3571Q37-91CmQU3u-Yc1kGua9-k59775a7-mY1:latest
/auth/WOxnvAAx
/token/WOxnvAAx
0:kvHTcoGsl:3d3c220f8b2970ccd9b86640df3287fec6de745370:WOxnvAAx,sGEyzqcGvisWE
/subscribe/WOxnvAAx
11a3G7ckq-W95U1u5q-aMqo5q55-1AKOC195-I5m:latest
/auth/WOxnvAAx
/token/WOxnvAAx
0:jZqXzcrYZaqJ:447a4fc802141ac2e363c53e0cda2d0412ac7eabf4:WOxnvAAx,sGEyzqcGvisWE
/subscribe/WOxnvAAx
7qS353O5C-5qq9aK11-MkQ97959-1999EA79-k9c:latest
/auth/BLmtoZtSZKtj
/token/BLmtoZtSZKtj
0:JZODLUKLBYqpy:3ea6707cc2b13670c99b264a69c72a380e3c8f4df39158e8fa:BLmtoZtSZKtj,sGEyzqcGvisWE
/subscribe/BLmtoZtSZKtj
U9GI579w3-3Ke11375-i3eqs5m3-537eYS7G-iKu:latest
/auth/BLmtoZtSZKtj
/token/BLmtoZtSZKtj
0:TmTunLOgNBnTN:5462710b713089e8f1098c31:BLmtoZtSZKtj
/subscribe/BLmtoZtSZKtj
S3Q393O1o-YE515a73-syK7sS13-Wc31M99Q-13E:latest
/auth/BLmtoZtSZKtj
/token/BLmtoZtSZKtj
0:CZSVRkxLrtS:2878e6b8c459c5d57a75222e37862c62f12230bcb051bf67bf:BLmtoZtSZKtj,sGEyzqcGvisWE
/subscribe/BLmtoZtSZKtj
G3k1Ky7Y7-k959aco3-3W575M3k-G73GWowm-qSw:latest
/auth/BLmtoZtSZKtj
/token/BLmtoZtSZKtj
0:JZODLUKLBYqpy:576715d2223d3eca50901941bc3a51e9e4fb9a4cec1a9c0ab9:BLmtoZtSZKtj,sGEyzqcGvisWE
/subscribe/BLmtoZtSZKtj
31SCM5E5k-9WyY5E7G-9C77w1uO-337ws5m7-33W:latest
/auth/BLmtoZtSZKtj
/token/BLmtoZtSZKtj
0:dfwRsTKerbw:4f3be45a386f4eb55706e897a57f5342e64218966685707453:BLmtoZtSZKtj,sGEyzqcGvisWE
/subscribe/BLmtoZtSZKtj
S395A7519-g33YSmkk-K7aM1O9s-15c95I95-9yk:latest
/auth/BLmtoZtSZKtj
/token/BLmtoZtSZKtj
0:mlJErDNeloZ:771826099cfd008764c0c586:BLmtoZtSZKtj
/subscribe/BLmtoZtSZKtj
55A1u5WGY-1WE3OaGy-1m37531M-i5s91kg7-m53:latest
/auth/BLmtoZtSZKtj
/token/BLmtoZtSZKtj
0:qSVSWdNiDNV:44599450f714e567e786b9dac888866702079ced:BLmtoZtSZKtj,WOxnvAAx
/subscribe/BLmtoZtSZKtj
9kI3M9soq-7kqw71k3-71Y5yA11-K55Um7O1-9Me:latest
/auth/BLmtoZtSZKtj
/token/BLmtoZtSZKtj
0:jZqXzcrYZaqJ:e36a4e8c02814437c59b0449be6cf6c82b98b945ad1af76f591002299e8f5ea2b0:BLmtoZtSZKtj,WOxnvAAx,sGEyzqcGvisWE
/subscribe/BLmtoZtSZKtj
M5UkCy9Aw-131Gc17I-auweq3M1-SacCmiQI-keA:latest
/auth/BLmtoZtSZKtj
/token/BLmtoZtSZKtj
0:OBjQNYEkqdpbyNF:7f2d94cc956dc912e560965d93015bd6ac6d52c9ad00a0636d:BLmtoZtSZKtj,sGEyzqcGvisWE
/subscribe/BLmtoZtSZKtj
qkWigY9Ek-5O933yKo-35ym7YwO-57iaY7GI-smM:latest
/auth/BLmtoZtSZKtj
/token/BLmtoZtSZKtj
0:XlbVneZvDXKT:f5edfb74f9da505cc86bf2058d04262623c8673fb272ebaa27:BLmtoZtSZKtj,sGEyzqcGvisWE
/subscribe/BLmtoZtSZKtj
15syiU7mu-g57KIWQM-y1QEq19K-1aGe7517-195:latest
/auth/BLmtoZtSZKtj
/token/BLmtoZtSZKtj
0:TmTunLOgNBnTN:0000ddd546e9d1e8f5b096d2:BLmtoZtSZKtj
/subscribe/BLmtoZtSZKtj
G9713I5kW-A1a577cW-SWswoU3o-3uI9ckuw-1Aw:latest
/auth/BLmtoZtSZKtj
/token/BLmtoZtSZKtj
0:BwDHpyWDo:659b1add51520a2c9d6000a633e94224e33260d7f8170c1907:BLmtoZtSZKtj,sGEyzqcGvisWE
/subscribe/BLmtoZtSZKtj
35QCoUQgC-999kS59S-I97Guose-g5117wqU-ck3:latest
/auth/BLmtoZtSZKtj
/token/BLmtoZtSZKtj
0:OBjQNYEkqdpbyNF:2d48b92d633de6ceef05475ce8bf7b4e516d113e4352047a86:BLmtoZtSZKtj,sGEyzqcGvisWE
/subscribe/BLmtoZtSZKtj
5OMy719I7-93eU995s-gQKqiW9W-5CE97A9c-9o7:latest
/auth/BLmtoZtSZKtj
/token/BLmtoZtSZKtj
0:CqnmyXLh:d08832896f00c6133876ee3b3dc78e53e9954cca0a95efbdc16cbee09573a894d0:BLmtoZtSZKtj,WOxnvAAx,sGEyzqcGvisWE
/subscribe/BLmtoZtSZKtj
gA5579oU7-Am9Wy395-1mEq179S-979gOy19-591:latest
/auth/BLmtoZtSZKtj
/token/BLmtoZtSZKtj
0:JZODLUKLBYqpy:44d13b44d1eb0901b37e276ca604ca1927927af1ea7ab8b919:BLmtoZtSZKtj,sGEyzqcGvisWE
/subscribe/BLmtoZtSZKtj
aOwwOKq55-UC3717eC-7sQ5E353-39Y5AMAw-cg5:latest
/auth/BLmtoZtSZKtj
/token/BLmtoZtSZKtj
0:qSVSWdNiDNV:f57b05bf107d3eae59cec961bd519d451ee74075:BLmtoZtSZKtj,WOxnvAAx
/subscribe/BLmtoZtSZKtj
M1QcsU7g9-353k3O9c-9UY1q39s-913y7goY-s79:latest
/auth/BLmtoZtSZKtj
/token/BLmtoZtSZKtj
0:zEsLwNvutDJyYkg:0c64b6b4096ff1279bdb615c52442a96ba1c78445e3efd4db7:BLmtoZtSZKtj,sGEyzqcGvisWE
/subscribe/BLmtoZtSZKtj
me31S75ga-W3E75s39-k575qUIC-55u3c75i-yIY:latest
/auth/BLmtoZtSZKtj
/token/BLmtoZtSZKtj
0:BwDHpyWDo:d6308a41a79856c7d8b048db004dff51e300d0f7c6364abfb2:BLmtoZtSZKtj,sGEyzqcGvisWE
/subscribe/BLmtoZtSZKtj
5ga91O5q9-3I97M7yi-y3E9S979-Uw3737yC-75c:latest
/auth/BLmtoZtSZKtj
/token/BLmtoZtSZKtj
0:zEsLwNvutDJyYkg:d3106955eda6a9e9e6135b2d68872156b0bd96aa14633f13f2:BLmtoZtSZKtj,sGEyzqcGvisWE
/subscribe/BLmtoZtSZKtj
1511u57kC-WK1WY97a-5Qok5MUS-qus1Q3ok-YKo:latest
/auth/BLmtoZtSZKtj
/token/BLmtoZtSZKtj
0:qSVSWdNiDNV:19daa01d4e48adecbd20cee4e8d0c47e0d5ec429:BLmtoZtSZKtj,WOxnvAAx
/subscribe/BLmtoZtSZKtj
C7991kg71-sWSAugEk-1m1W1a91-se179o77-1K1:latest
/auth/BLmtoZtSZKtj
/token/BLmtoZtSZKtj
0:OBjQNYEkqdpbyNF:7cc1b5b3d28fc62801eae45165f81f384b864f263fa7b32e39:BLmtoZtSZKtj,sGEyzqcGvisWE
/subscribe/BLmtoZtSZKtj
U579A953m-qSm9u11M-kq551OG1-9Ucg7779-9qy:latest
/auth/BLmtoZtSZKtj
/token/BLmtoZtSZKtj
0:XlbVneZvDXKT:fb988d4d38db9928d0a132593bf5fc5fc086fb3d8254d4d7fb:BLmtoZtSZKtj,sGEyzqcGvisWE
/subscribe/BLmtoZtSZKtj
1u9O59K59-7531395I-999MO397-M1k9G717-5cs:latest
/auth/BLmtoZtSZKtj
/token/BLmtoZtSZKtj
0:XlbVneZvDXKT:70004232287542093a37bd01d124f76380af5deb5ac22c70c8:BLmtoZtSZKtj,sGEyzqcGvisWE
/subscribe/BLmtoZtSZKtj
iqe335SQ5-5o7Qs95S-5UY319a7-15337C11-5a5:latest
/auth/BLmtoZtSZKtj
/token/BLmtoZtSZKtj
0:jZqXzcrYZaqJ:45c52d86b83878ddf6e12a2258c71c7f4773e20133d81f0ceff90c2c8430a46358:BLmtoZtSZKtj,WOxnvAAx,sGEyzqcGvisWE
/subscribe/BLmtoZtSZKtj
cYs7gwk1Y-331IoS3U-CE9c9357-E3A3kw35-519:latest
/auth/BLmtoZtSZKtj
/token/BLmtoZtSZKtj
0:dfwRsTKerbw:b5713edf3879d52c6010ae4f544e4e8a1699d00fe42397201b:BLmtoZtSZKtj,sGEyzqcGvisWE
/subscribe/BLmtoZtSZKtj
w9e5kGE17-o55k35mk-e71331s1-U1cM5Ke7-e3I:latest
/auth/BLmtoZtSZKtj
/token/BLmtoZtSZKtj
0:BwDHpyWDo:eccec4f18c08e47686cfdc2bb0f2c4cd52da3b83d872a4f062:BLmtoZtSZKtj,sGEyzqcGvisWE
/subscribe/BLmtoZtSZKtj
3oESA31MS-9153s591-3IcIg5q9-35a9YE99-717:latest
/auth/BLmtoZtSZKtj
/token/BLmtoZtSZKtj
0:kvHTcoGsl:071454bb00db6c9ec6b107b79228512ce7931d39d46c5573f46ff69aa1eaee25ee:BLmtoZtSZKtj,WOxnvAAx,sGEyzqcGvisWE
/subscribe/BLmtoZtSZKtj
i5O9O3Qaq-1C57OY7I-qI13175U-5QgKY7Mm-5UI:latest
/auth/BLmtoZtSZKtj
/token/BLmtoZtSZKtj
0:CZSVRkxLrtS:ca5c177445b3c0d265d029cf051f007d52892f1a90b50ce996:BLmtoZtSZKtj,sGEyzqcGvisWE
/subscribe/BLmtoZtSZKtj
7QWW75A5A-1S1Syks9-y9aWckwg-I13o11WS-sA1:latest
/auth/BLmtoZtSZKtj
/subscribe/BLmtoZtSZKtj
17319s7K3-S357c511-7e5Myg7w-71A113E7-o7Q:latest
/auth/BLmtoZtSZKtj
/token/BLmtoZtSZKtj
0:XlbVneZvDXKT:d8c5a82f6a5436e8ad7b757825f98cde4de0fc27861d56763b:BLmtoZtSZKtj,sGEyzqcGvisWE
/subscribe/BLmtoZtSZKtj
5k1OW7157-K9icO15G-gs5CM193-a5IK359k-555:latest
/auth/BLmtoZtSZKtj
/token/BLmtoZtSZKtj
0:FTuUyHQTHPDZYv:2ead7b57cf0cb26126fb5f0b2eae85a91151b1033dee7ef249:BLmtoZtSZKtj,sGEyzqcGvisWE
/subscribe/BLmtoZtSZKtj
77GM5AG7O-WqUMeQO3-s7713wau-iY9AGMEA-957:latest
/auth/BLmtoZtSZKtj
/token/BLmtoZtSZKtj
0:qSVSWdNiDNV:69e4ccdcd234ca7fb41057b40e56765803326722:BLmtoZtSZKtj,WOxnvAAx
/subscribe/BLmtoZtSZKtj
Qa59w5iI3-Q97oQQom-A7g9Si71-9gSEU5u5-39m:latest
/auth/BLmtoZtSZKtj
/token/BLmtoZtSZKtj
0:XNSyNJDHa:d85e227df591eb29aee6e90c:BLmtoZtSZKtj
/subscribe/BLmtoZtSZKtj
9I1GY5113-5337Ks3G-EGmIs9yw-Wm73g7e1-7M7:latest
/auth/BLmtoZtSZKtj
/token/BLmtoZtSZKtj
0:CqnmyXLh:0da4e0bf77720092489c97bc370e7ff282558249002f0e53b0ebd5ed1f77cb7f7a:BLmtoZtSZKtj,WOxnvAAx,sGEyzqcGvisWE
/subscribe/BLmtoZtSZKtj
933kQ973c-A335i9w5-191Eg95m-Ww5iyW13-7I7:latest
/auth/BLmtoZtSZKtj
/token/BLmtoZtSZKtj
0:jZqXzcrYZaqJ:5322b297b2ff561e0b9f6c04ec2a87a3c478f8f0479b84ab812322c9b1d27401fb:BLmtoZtSZKtj,WOxnvAAx,sGEyzqcGvisWE
/subscribe/BLmtoZtSZKtj
5ewQu7175-so7Geq15-9GC3UuUu-3w5519wm-mC7:latest
/auth/BLmtoZtSZKtj
/token/BLmtoZtSZKtj
0:BwDHpyWDo:1cf7571fcb9cb3bd76147ddb0fa10788695b85a62b682f52a3:BLmtoZtSZKtj,sGEyzqcGvisWE
/subscribe/BLmtoZtSZKtj
3E3cQC3cc-93GmKoUS-GUEOm791-gM33KGa5-97i:latest
/auth/BLmtoZtSZKtj
/token/BLmtoZtSZKtj
0:jZqXzcrYZaqJ:8b799335de4f9c5682fc7373a37d54f8436370d969e94a44f9182e14d8a714c395:BLmtoZtSZKtj,WOxnvAAx,sGEyzqcGvisWE
/subscribe/BLmtoZtSZKtj
A93MYCoO7-99S795ig-k51eqgkA-aE1Qgk3Y-7K3:latest
/auth/BLmtoZtSZKtj
/token/BLmtoZtSZKtj
0:OBjQNYEkqdpbyNF:3b9d701244aa93e8672db971b4ded764190b42e7afc1b32b1a:BLmtoZtSZKtj,sGEyzqcGvisWE
/subscribe/BLmtoZtSZKtj
o9M5951E3-WkGW7775-55m1S91o-ks31Kq17-7YG:latest
/auth/BLmtoZtSZKtj
/token/BLmtoZtSZKtj
0:CZSVRkxLrtS:68f64aa51eeaa87313e7241ac466d2378ac4d3608729a76c69:BLmtoZtSZKtj,sGEyzqcGvisWE
/subscribe/BLmtoZtSZKtj
9s57G93uG-cKG1Syy5-oq3S5SG5-99M377Ma-7ec:latest
/auth/BLmtoZtSZKtj
/token/BLmtoZtSZKtj
0:XlbVneZvDXKT:6d48f6f334baae9a99890ad93bad393546b63c2aca4ff70a17:BLmtoZtSZKtj,sGEyzqcGvisWE
/subscribe/BLmtoZtSZKtj
ac9E9357w-9wesc5YE-I77wQ31c-751s55O3-1IM:latest
/auth/BLmtoZtSZKtj
/token/BLmtoZtSZKtj
0:qSVSWdNiDNV:589cd78a0d8f970857c91b99239760a9e8013dae:BLmtoZtSZKtj,WOxnvAAx
/subscribe/BLmtoZtSZKtj
Y95Iy37E3-5YQmuQ3i-9MW177a5-71ICu191-3S3:latest
/auth/BLmtoZtSZKtj
/token/BLmtoZtSZKtj
0:CqnmyXLh:8825fccd5b180ef9816998b8b343c6274c35691f87a2f90ee5423298711397f099:BLmtoZtSZKtj,WOxnvAAx,sGEyzqcGvisWE
/subscribe/BLmtoZtSZKtj
o95717EW1-g13i15ke-3Y179IGy-1gY15Ai1-3cy:latest
/auth/BLmtoZtSZKtj
/token/BLmtoZtSZKtj
0:JZODLUKLBYqpy:9ebd836dac3cedc382fa396905c5f9af80f9c46d22c1e9c326:BLmtoZtSZKtj,sGEyzqcGvisWE
/subscribe/BLmtoZtSZKtj
99OM5mwq7-ocG1CUA9-u79AY597-ScA9e9cu-Ic3:latest
/subscribe/BLmtoZtSZKtj
9117993c9-9g57y3U5-Y7MM7M11-M133E95Q-1Ss:latest
/auth/BLmtoZtSZKtj
/token/BLmtoZtSZKtj
0:JZODLUKLBYqpy:a19f6c37743bc26df2f16d417d819b36d97c937a332ac67f9a:BLmtoZtSZKtj,sGEyzqcGvisWE
/subscribe/BLmtoZtSZKtj
uS131I111-wG75Q1G1-W1c9971o-k3w7i757-513:latest
/auth/BLmtoZtSZKtj
/token/BLmtoZtSZKtj
0:CqnmyXLh:df92e2ea04bd94f8625166ab343b75dcca0b729549bf72fee70de4d59512e90102:BLmtoZtSZKtj,WOxnvAAx,sGEyzqcGvisWE
/subscribe/BLmtoZtSZKtj
95S5QG3k3-7MGs311g-wCoOK371-Uy91119W-i9q:latest
/subscribe/BLmtoZtSZKtj
5ACS317os-71G5595o-71S3Q3I3-5QU33U93-91g:latest
/auth/BLmtoZtSZKtj
/token/BLmtoZtSZKtj
0:CqnmyXLh:c18c2b42a873b3a450711aeb03de617575f65dbe6201744c237dc8c4f38a69366b:BLmtoZtSZKtj,WOxnvAAx,sGEyzqcGvisWE
/subscribe/BLmtoZtSZKtj
55sG7w515-K555M5Ua-1A13aIES-591I57yE-9MS:latest
/auth/BLmtoZtSZKtj
/token/BLmtoZtSZKtj
0:XlbVneZvDXKT:71eb3a00bd929478c10fc413b396bbf59866cc1ac57ca2f265:BLmtoZtSZKtj,sGEyzqcGvisWE
/subscribe/BLmtoZtSZKtj
9EWk5y93k-1g5M5M5y-YYUuki91-5i9Um353-q17:latest
/auth/BLmtoZtSZKtj
/token/BLmtoZtSZKtj
0:XlbVneZvDXKT:98311ce01f259b67e4528977fedbf60ae0257ebfa09f8329cb:BLmtoZtSZKtj,sGEyzqcGvisWE
/subscribe/BLmtoZtSZKtj
m3575YiGo-QuAgy9My-537yaqWy-Qg5i337w-5gY:latest
/auth/BLmtoZtSZKtj
/token/BLmtoZtSZKtj
0:CZSVRkxLrtS:0f46c7a052bd29e1029f0c815fa0c11dff7f91c40e5ae4c89c:BLmtoZtSZKtj,sGEyzqcGvisWE
/subscribe/BLmtoZtSZKtj
S7q13ascq-Ci71oY9m-g97kSu35-OqMco5Q5-1ow:latest
/auth/BLmtoZtSZKtj
/token/BLmtoZtSZKtj
0:kvHTcoGsl:d3121617dcb66498cbcf0187f31a82f90eef38ca72e064bf56123f152df35056a8:BLmtoZtSZKtj,WOxnvAAx,sGEyzqcGvisWE
/subscribe/BLmtoZtSZKtj
13OWs3Y9s-q337G7aO-ag13io3u-uqWo1715-795:latest
/auth/BLmtoZtSZKtj
/token/BLmtoZtSZKtj
0:kvHTcoGsl:68c66ca38498104233514a108bf47c65ba575a8335ba4576139499c1d1fd257dd9:BLmtoZtSZKtj,WOxnvAAx,sGEyzqcGvisWE
/subscribe/BLmtoZtSZKtj
U93qCA1Yw-w9593O79-77MM1S3Q-Ow7K1W1A-ska:latest
/auth/BLmtoZtSZKtj
/token/BLmtoZtSZKtj
0:CZSVRkxLrtS:da8024e1f50eb4337e6f31a3940d1bdb9c1a93d01ed9ae6572:BLmtoZtSZKtj,sGEyzqcGvisWE
/subscribe/BLmtoZtSZKtj
9gAC155wW-919171Y1-51yOk517-77EowmU1-gw5:latest
/auth/BLmtoZtSZKtj
/token/BLmtoZtSZKtj
0:BwDHpyWDo:3615db753ce1d6c8fd9810be2e276009588b4717c8dc5c9e68:BLmtoZtSZKtj,sGEyzqcGvisWE
/subscribe/BLmtoZtSZKtj
sg11AsMGC-um5UY1mu-Au19ia9C-y7AIwU7o-5c3:latest
/auth/BLmtoZtSZKtj
/token/BLmtoZtSZKtj
0:FTuUyHQTHPDZYv:3ac3645a35ed849fdd69bb04998d0e37f75515944d854734fa:BLmtoZtSZKtj,sGEyzqcGvisWE
/token/BLmtoZtSZKtj
0:CZSVRkxLrtS:397d72e27aa61517c711f94da395953f6402e69128b7435cb9:BLmtoZtSZKtj,sGEyzqcGvisWE
/subscribe/BLmtoZtSZKtj
E1k7915U9-U39Gki5o-17WK9U3A-Q3GsO97k-51s:latest
/auth/BLmtoZtSZKtj
/token/BLmtoZtSZKtj
0:kvHTcoGsl:a9779e98f28f9501e11e536bfdbc696286b3ab1c238970c3d5632d0ba81a5e00fe:BLmtoZtSZKtj,WOxnvAAx,sGEyzqcGvisWE
/subscribe/BLmtoZtSZKtj
3gAC5Squ1-S5ae5yMS-i5537C59-1kE59mY3-i1G:latest
/auth/BLmtoZtSZKtj
/token/BLmtoZtSZKtj
0:qSVSWdNiDNV:ce7086ff7b7db84dd6444851e5f5c43c02fd1bdc:BLmtoZtSZKtj,WOxnvAAx
/subscribe/BLmtoZtSZKtj
1197y5ikU-C3qUYysM-15e379Q5-517i9aCa-SiG:latest
/auth/BLmtoZtSZKtj
/token/BLmtoZtSZKtj
0:TmTunLOgNBnTN:d95b7a384b64c1a4a2437c8d:BLmtoZtSZKtj
/subscribe/BLmtoZtSZKtj
I1e7OO51I-5795113K-QSoU75u9-M9537uO7-553:latest
/auth/BLmtoZtSZKtj
/token/BLmtoZtSZKtj
0:OBjQNYEkqdpbyNF:06d5677eace6ad8f916bb62f8be37a1d9fcab3ef1a3422d4d5:BLmtoZtSZKtj,sGEyzqcGvisWE
/subscribe/BLmtoZtSZKtj
9E1y1Cq37-Mi5e7553-a9315c59-KQ3Q1yEQ-WGE:latest
/auth/BLmtoZtSZKtj
/token/BLmtoZtSZKtj
0:hzvMNNvcXAiXQeZN:4f490f1d27fb413459e0d0a61679ff5cdad9f07f496840a0c0:BLmtoZtSZKtj,sGEyzqcGvisWE
/subscribe/BLmtoZtSZKtj
gE755931q-977owe79-71931IY3-g593731G-gac:latest
/auth/BLmtoZtSZKtj
/token/BLmtoZtSZKtj
0:TmTunLOgNBnTN:a26f5029813c203b7e9166cb:BLmtoZtSZKtj
/subscribe/BLmtoZtSZKtj
S9y7SU9ck-9awkKgO1-Q11W373i-3515GWU3-179:latest
/auth/BLmtoZtSZKtj
/subscribe/BLmtoZtSZKtj
mOm39ueC3-5Aa5ye5Q-E993U1MI-3973S3W3-akI:latest
/auth/BLmtoZtSZKtj
/token/BLmtoZtSZKtj
0:XlbVneZvDXKT:fd344034441e3167dbceaa2fa17ef70b94b6d35e815e687238:BLmtoZtSZKtj,sGEyzqcGvisWE
/subscribe/BLmtoZtSZKtj
g55yQ5E1G-53175119-3W73K537-5K79591s-3C9:latest
/auth/BLmtoZtSZKtj
/token/BLmtoZtSZKtj
0:mlJErDNeloZ:acc8bf99828f23d7f0170130:BLmtoZtSZKtj
/subscribe/BLmtoZtSZKtj
WcUe15777-9Q5Qs77w-53g1K155-55kc3977-311:latest
/auth/BLmtoZtSZKtj
/token/BLmtoZtSZKtj
0:zEsLwNvutDJyYkg:ef2aab86a982bfa9431040962f6e93e604e49a27d921c40305:BLmtoZtSZKtj,sGEyzqcGvisWE
/subscribe/BLmtoZtSZKtj
g9Me1k359-WQ11sGSa-53eY9337-Gi773391-3k9:latest
/auth/BLmtoZtSZKtj
/token/BLmtoZtSZKtj
0:qSVSWdNiDNV:b755303dd198ad0310d06eb8446d4470fdadcd9a:BLmtoZtSZKtj,WOxnvAAx
/subscribe/BLmtoZtSZKtj
go35eE1k7-7YU19937-3171Om9g-i5573o5u-GUA:latest
/auth/BLmtoZtSZKtj
