/auth/qdYyHVdhiGcOyb
/token/qdYyHVdhiGcOyb
0:kHkWeqOKopQAXKv:bcb2e845c6891dcfd0bf7ec598ef:qdYyHVdhiGcOyb
/subscribe/qdYyHVdhiGcOyb
1ei5GQQS9-w5y73GA9-uy933YW9-3Yu357CQ-i17:latest
/auth/qdYyHVdhiGcOyb
/token/qdYyHVdhiGcOyb
0:vcCclngcJoLhUudK:f0f24c8dccacc559d1ac7dd2ac95:qdYyHVdhiGcOyb
/subscribe/qdYyHVdhiGcOyb
51o73U91w-35591kA5-G9o9c5Ke-kI9m15u9-U9m:latest
/auth/qdYyHVdhiGcOyb
/token/qdYyHVdhiGcOyb
0:rvauRUsNrAx:285ae4e41b46fcc402360b179d7d:qdYyHVdhiGcOyb
/subscribe/qdYyHVdhiGcOyb
Os9Q9Sk9Y-37e7ukGo-733gUYU3-K9G55S9M-WyO:latest
/auth/qdYyHVdhiGcOyb
/token/qdYyHVdhiGcOyb
0:VYiIpuprOBtxqIGl:f2bde6030fa084d6aceeba85e86f:qdYyHVdhiGcOyb
/subscribe/qdYyHVdhiGcOyb
eEM9GSEk7-o9qQKEyY-cu59AA37-79o7m331-5eU:latest
/auth/qdYyHVdhiGcOyb
/token/qdYyHVdhiGcOyb
0:AKAxTUuuUW:4d6b5c41adcc174f5c8d95144a34:qdYyHVdhiGcOyb
/subscribe/qdYyHVdhiGcOyb
3g1qw7Y7W-1793379o-aqc35993-U7733k7U-u3W:latest
/auth/qdYyHVdhiGcOyb
/token/qdYyHVdhiGcOyb
0:TmXhtHkCeewkUoAD:3d79948d7eaf98cf1e1b973fdde5:qdYyHVdhiGcOyb
/subscribe/qdYyHVdhiGcOyb
1eawo75qW-a137AWaM-7C91g35c-cm9oy91S-315:latest
/auth/qdYyHVdhiGcOyb
/token/qdYyHVdhiGcOyb
0:AKAxTUuuUW:07c3e7a62b88aaaaaaf35ea8f3ca:qdYyHVdhiGcOyb
/subscribe/qdYyHVdhiGcOyb
1735KWUg3-33i51E11-oA37i3cS-m5E1M3eM-w53:latest
/auth/qdYyHVdhiGcOyb
/token/qdYyHVdhiGcOyb
0:kHkWeqOKopQAXKv:71a3f01402efdedae525f3db4e02:qdYyHVdhiGcOyb
/subscribe/qdYyHVdhiGcOyb
7wS91919y-9915537y-Gy753S1y-A577u3Q3-3I3:latest
/auth/qdYyHVdhiGcOyb
/token/qdYyHVdhiGcOyb
0:DgOpwDkNyPxgVti:e73db6a0b3462969bb43b554d1db:qdYyHVdhiGcOyb
/subscribe/qdYyHVdhiGcOyb
5isq3KO1C-U9om59W9-5QWM3C7A-q5939KYE-71y:latest
