/auth/ByiIuajnSPZcq
/token/ByiIuajnSPZcq
0:usTZkmTpljz:2a11155c70a24ae19e482bc21b:ByiIuajnSPZcq
/subscribe/ByiIuajnSPZcq
1UQ33k539-77KM371Q-3Sa53Ki9-g55711k9-5wU:latest
/auth/ByiIuajnSPZcq
/token/ByiIuajnSPZcq
0:eQvpKGOZCwAIfnsm:bfaef94d538d520e7edf03981e:ByiIuajnSPZcq
/subscribe/ByiIuajnSPZcq
35q5g7S75-3W3s1yG7-cc911QM5-uwk7E7kS-3sW:latest
/auth/ByiIuajnSPZcq
/token/ByiIuajnSPZcq
0:wZASdenJsWIGtMT:13f773ecff3314480c423daa4a:ByiIuajnSPZcq
/subscribe/ByiIuajnSPZcq
yao37q55i-1E379aag-c31sg7ga-9Qg51aCQ-Q1M:latest
/auth/ByiIuajnSPZcq
/token/ByiIuajnSPZcq
0:ICszNGBMBYibvl:e8c5eb54e215bc84f40c510198:ByiIuajnSPZcq
/subscribe/ByiIuajnSPZcq
9O9C97mW1-cm15O5Kq-a9171waw-7O9YWM5Y-wU3:latest
/auth/ByiIuajnSPZcq
/token/ByiIuajnSPZcq
0:eQvpKGOZCwAIfnsm:e36089413815b6cb8ee2bbf016:ByiIuajnSPZcq
/subscribe/ByiIuajnSPZcq
5o3w11YI3-Ey9i57uC-SO17M735-1uSQGgM3-5S9:latest
/auth/ByiIuajnSPZcq
/token/ByiIuajnSPZcq
0:eQvpKGOZCwAIfnsm:471297e1f5b3cbf9c47a551a70:ByiIuajnSPZcq
/subscribe/ByiIuajnSPZcq
smo9Is31k-Ce357mC1-5O1SEuG7-15539ky7-31I:latest
/auth/ByiIuajnSPZcq
/token/ByiIuajnSPZcq
0:DBZEwcNfOeNPFI:2b5b8faa09852626ffd3e5e482:ByiIuajnSPZcq
/subscribe/ByiIuajnSPZcq
317O3KS59-519asua1-1933595K-3m531yIA-o7y:latest
/auth/ByiIuajnSPZcq
/token/ByiIuajnSPZcq
0:eQvpKGOZCwAIfnsm:38189602fa6b4886dfc032887b:ByiIuajnSPZcq
/subscribe/ByiIuajnSPZcq
UuEK11Ck3-AYsS1933-Ew9a97MS-9k35391g-mk9:latest
/auth/ByiIuajnSPZcq
/token/ByiIuajnSPZcq
0:ICszNGBMBYibvl:e2c0761006ec46822d2844ea6f:ByiIuajnSPZcq
/subscribe/ByiIuajnSPZcq
5Y71CC3Q5-1G3asqow-sAA5U9ig-59G9I17i-Mys:latest
/auth/ByiIuajnSPZcq
/token/ByiIuajnSPZcq
0:daCmEXlcVvrNmP:5f7dc1ee1acf90e1b47ce04509:ByiIuajnSPZcq
/subscribe/ByiIuajnSPZcq
5m1IEa575-95Ca9eE7-U953EGo5-Q5K57U39-79S:latest
/auth/ByiIuajnSPZcq
/token/ByiIuajnSPZcq
0:PZpNtTtKcAJgqNds:ba96d7cff67d183cbca46bd084:ByiIuajnSPZcq
/subscribe/ByiIuajnSPZcq
iey111AgQ-379ggaUA-w1Uwu53K-7Sqy5O5U-EIg:latest
/auth/ByiIuajnSPZcq
/token/ByiIuajnSPZcq
0:DBZEwcNfOeNPFI:d2603a22e4401c118bddade340:ByiIuajnSPZcq
/subscribe/ByiIuajnSPZcq
Yi97131Ac-A99ACiy1-k5EK35AI-g15wS3eI-35I:latest
/auth/ByiIuajnSPZcq
/token/ByiIuajnSPZcq
0:eQvpKGOZCwAIfnsm:a05fd5cb21fc05aeb375665141:ByiIuajnSPZcq
/subscribe/ByiIuajnSPZcq
7aO537913-E1oy3y11-qIg793U7-3W757933-sI1:latest
/auth/ByiIuajnSPZcq
/token/ByiIuajnSPZcq
0:usTZkmTpljz:c85585be921a9568ef495d4372:ByiIuajnSPZcq
/subscribe/ByiIuajnSPZcq
w31Q55K3k-7A31Sc7M-9U991Y37-797YE31s-3I9:latest
/auth/ByiIuajnSPZcq
/token/ByiIuajnSPZcq
0:usTZkmTpljz:6fc567169057864512f57270d8:ByiIuajnSPZcq
/subscribe/ByiIuajnSPZcq
59MW15e1S-19GqQ9QW-gYwgm3eM-Cuu5YoC1-9Q3:latest
/auth/ByiIuajnSPZcq
/token/ByiIuajnSPZcq
0:wZASdenJsWIGtMT:8ad51fb405a7e4c52448d3d9d3:ByiIuajnSPZcq
/subscribe/ByiIuajnSPZcq
75Y399c5y-9w51571I-K1s7U3k5-93iaW191-s99:latest
/auth/ByiIuajnSPZcq
/token/ByiIuajnSPZcq
0:PZpNtTtKcAJgqNds:d16bddf3dd35986258e016a677:ByiIuajnSPZcq
/subscribe/ByiIuajnSPZcq
597C79qYY-O3a7g15A-O1gqw3m7-e533Q3cy-aOM:latest
/auth/ByiIuajnSPZcq
/token/ByiIuajnSPZcq
0:PZpNtTtKcAJgqNds:c27a025410330fc2088319e473:ByiIuajnSPZcq
/subscribe/ByiIuajnSPZcq
133g9173W-1c1k3ak7-59wsE7u7-1am9uW59-AeO:latest
/auth/ByiIuajnSPZcq
/token/ByiIuajnSPZcq
0:GMJIyvrQqFfmSGp:43bb72db8536819f8f12c20726:ByiIuajnSPZcq
/subscribe/ByiIuajnSPZcq
1M11w5mU3-7W3CI9uM-uqa5ygK3-9Iq5O93A-3mk:latest
/auth/ByiIuajnSPZcq
/token/ByiIuajnSPZcq
0:PZpNtTtKcAJgqNds:39195f7d5ec75cc48172fb09fc:ByiIuajnSPZcq
/subscribe/ByiIuajnSPZcq
eQKo3G1u9-k1oucG57-9e91SmMO-1i7mYEE5-733:latest
/auth/ByiIuajnSPZcq
/token/ByiIuajnSPZcq
0:eQvpKGOZCwAIfnsm:399110ca7d83aa03ecac0662f3:ByiIuajnSPZcq
/subscribe/ByiIuajnSPZcq
915795ga9-9K9Samei-s5wQ1qak-U3Uq5E59-u17:latest
/auth/ByiIuajnSPZcq
/token/ByiIuajnSPZcq
0:PZpNtTtKcAJgqNds:a03ab0b2aee2fc0f3b781cab11:ByiIuajnSPZcq
/subscribe/ByiIuajnSPZcq
5uS59u1Q7-19m9CIm1-7kis7171-m3O7M15A-35C:latest
/auth/ByiIuajnSPZcq
/token/ByiIuajnSPZcq
0:RtjLuNExwLJh:df5a9ccec6c7fb3361a0986bff:ByiIuajnSPZcq
/subscribe/ByiIuajnSPZcq
O1O917751-ICwkE137-935cmqaM-OqE71Cu1-99s:latest
/auth/ByiIuajnSPZcq
/token/ByiIuajnSPZcq
0:DBZEwcNfOeNPFI:e090e234f3bbde6eb5c70bf07d:ByiIuajnSPZcq
/subscribe/ByiIuajnSPZcq
mG5uE9999-3CC9AG31-7au95951-977397w7-997:latest
/auth/ByiIuajnSPZcq
/token/ByiIuajnSPZcq
0:eKiheczaNXy:4682daf214f65f7988613d86fc:ByiIuajnSPZcq
/subscribe/ByiIuajnSPZcq
Q5c71y9y7-w9S1735G-9Y5955e1-1Ikm9M37-5Ko:latest
/auth/ByiIuajnSPZcq
/token/ByiIuajnSPZcq
0:ICszNGBMBYibvl:9b90ee35c8425a169398ea4f06:ByiIuajnSPZcq
/subscribe/ByiIuajnSPZcq
37w7sq5c3-W1eci755-39eg15Cu-I5AU7Q7S-m39:latest
/auth/ByiIuajnSPZcq
/token/ByiIuajnSPZcq
0:UhPIAwWkv:ee436e3f3814fe427adfcab986:ByiIuajnSPZcq
/subscribe/ByiIuajnSPZcq
eM5kqeO1w-919375Q3-kuW3197U-O71SQy5W-Oc9:latest
