/auth/ygWQFVgP
/token/ygWQFVgP
0:hKrsHTkIfycso:62976b2fa7b07af2:ygWQFVgP
/subscribe/ygWQFVgP
3171k5713-Go5a7Wou-m9i9mU7w-uKE51C33-qEc:latest
/auth/ygWQFVgP
/token/ygWQFVgP
0:izzLYchbAcG:adeb65c197f48649:ygWQFVgP
/subscribe/ygWQFVgP
7O7Qs15E3-59Y73M73-7UI79U5Q-3a35Cw79-s33:latest
/auth/ygWQFVgP
/token/ygWQFVgP
0:BMDKRvzyoW:b2fee6c25a6033c4:ygWQFVgP
/subscribe/ygWQFVgP
m5Qos195m-75o5K13Y-o1oq5731-9o9C9m1i-I3m:latest
/auth/LEsLcguWT
/token/LEsLcguWT
0:CAwfkRld:774d97204303d36e58:LEsLcguWT
/subscribe/LEsLcguWT
9q575SA55-E5q75aQI-A1G7qE3y-797cqI1y-CK3:latest
/auth/LEsLcguWT
/token/LEsLcguWT
0:ASvgLwOzdZFs:fb9a7203cb9f9acf64:LEsLcguWT
/subscribe/LEsLcguWT
99wIm19CI-I99K9OQ7-yUwO7o7k-5573CQS9-gGU:latest
/auth/LEsLcguWT
/token/LEsLcguWT
0:OHdgazLUoNeITU:972b2dd9e23946b7db:LEsLcguWT
/subscribe/LEsLcguWT
1e753mMOm-5359wOSM-aYmSU1g3-CuUS1517-13S:latest
/auth/LEsLcguWT
/token/LEsLcguWT
0:hGeMavID:2203b43f62c8f65d8e:LEsLcguWT
/subscribe/LEsLcguWT
A3A7w9q75-9S3E37M1-5qwW3mm7-Q97wuS19-5I7:latest
/auth/LEsLcguWT
/token/LEsLcguWT
0:okEOfXGV:c4d205789f24d109e6:LEsLcguWT
/subscribe/LEsLcguWT
WG9auasG5-7q53MIe7-53Ww5u7w-577Us3GE-97a:latest
/auth/LEsLcguWT
/token/LEsLcguWT
0:BRSNXcmm:43baf4b6ed74e1315a:LEsLcguWT
/subscribe/LEsLcguWT
qI59IgE3w-955kKSm7-37Y97Ek3-mG73a153-11u:latest
/auth/LEsLcguWT
/token/LEsLcguWT
0:CAwfkRld:04d59b357b3753fc0c:LEsLcguWT
/subscribe/LEsLcguWT
3uq3Qwk3i-9U9O7Gk1-97975Qk3-1355ymW7-959:latest
/auth/LEsLcguWT
/token/LEsLcguWT
0:BRSNXcmm:638a4016171d566e70:LEsLcguWT
/subscribe/LEsLcguWT
5a59Qa57Y-G3e5591Y-719q55qQ-7C75e59G-WG3:latest
/auth/LEsLcguWT
/token/LEsLcguWT
0:okEOfXGV:0a0fee8e485a96447b:LEsLcguWT
/subscribe/LEsLcguWT
51597qq3G-g33O1EkS-sw5C1Eo7-1Aw3Uk7U-g37:latest
/auth/LEsLcguWT
/token/LEsLcguWT
0:izzLYchbAcG:00760317b6266bcf00f6328ce4a6aed862:LEsLcguWT,ygWQFVgP
/subscribe/LEsLcguWT
eAgY7915S-W931CiIM-m9caMK5a-177qgsCk-331:latest
/auth/LEsLcguWT
/token/LEsLcguWT
0:HncclbWLRtdGdnm:c12c75703395b8fc71:LEsLcguWT
/subscribe/LEsLcguWT
1I1gKuY5Y-MwKq917O-gIK139Ug-uOcG17k9-CGS:latest
/auth/LEsLcguWT
/token/LEsLcguWT
0:BSNTazMFtIwBzACE:938931df4feab0f0d4:LEsLcguWT
/subscribe/LEsLcguWT
E13eo5se5-5ECW9wW3-iAY35kmW-753iQmQO-5WE:latest
/auth/LEsLcguWT
/token/LEsLcguWT
0:ASvgLwOzdZFs:9ec11a591aecb80886:LEsLcguWT
/subscribe/LEsLcguWT
Oq17CMM99-5S3u553m-uK93i353-799Y3Q93-5E5:latest
/auth/LEsLcguWT
/token/LEsLcguWT
0:izzLYchbAcG:affa69dc5a2cf21bc5bc1912c218ee9ea4:LEsLcguWT,ygWQFVgP
/subscribe/LEsLcguWT
91e753qG5-u57Oi779-cG7sa3Q7-7a7WmM9G-557:latest
/auth/LEsLcguWT
/token/LEsLcguWT
0:VwcAqvjFHz:47baac12b7b7ccd5cb:LEsLcguWT
/subscribe/LEsLcguWT
99u9cm9e3-e3QSUqCI-11qq955G-Q17C3995-y97:latest
/auth/LEsLcguWT
/token/LEsLcguWT
0:izzLYchbAcG:93e066d8d08a7c12e8ef8da17635f18489:LEsLcguWT,ygWQFVgP
/subscribe/LEsLcguWT
19m53AiSS-E135Msik-QC157i39-KI199335-eY3:latest
/auth/LEsLcguWT
/token/LEsLcguWT
0:VwcAqvjFHz:697d735ff7db07f3f4:LEsLcguWT
/subscribe/LEsLcguWT
97Yk379s1-E55qC519-33e1EQG5-5S9mO3ke-YA5:latest
/auth/LEsLcguWT
/token/LEsLcguWT
0:OHdgazLUoNeITU:3491c79b540d0aabb3:LEsLcguWT
/subscribe/LEsLcguWT
uQMogE5Oi-CsM17SSc-75C9mW1u-aG3aGo77-91U:latest
/auth/LEsLcguWT
/token/LEsLcguWT
0:OHdgazLUoNeITU:400aa3dbf14351a7a7:LEsLcguWT
/subscribe/LEsLcguWT
7uA5SQ1ww-I5C7KiI5-E99MQ93y-sM1135o7-u9m:latest
/auth/LEsLcguWT
/token/LEsLcguWT
0:BRSNXcmm:709f12a8f4324bfba2:LEsLcguWT
/subscribe/LEsLcguWT
911uU377s-u9s5mk95-o739QKg1-9I915IMk-GAs:latest
/auth/LEsLcguWT
/token/LEsLcguWT
0:HncclbWLRtdGdnm:860153d3f72895cb70:LEsLcguWT
/subscribe/LEsLcguWT
331913G95-q951MSKS-1317397M-u1Y3YcmC-71A:latest
/auth/LEsLcguWT
/token/LEsLcguWT
0:dbzNNDPXnfvIjzH:845f53a51bc0f6c486:LEsLcguWT
/subscribe/LEsLcguWT
75qmo7339-e1Oe7351-355m5c3C-319my531-7e3:latest
/auth/LEsLcguWT
/token/LEsLcguWT
0:VwcAqvjFHz:3e9ddf459db178effe:LEsLcguWT
/subscribe/LEsLcguWT
KOAc3GCa1-qWg5S31W-71571s11-S79MM75A-S57:latest
/auth/LEsLcguWT
/token/LEsLcguWT
0:OHdgazLUoNeITU:374a8fe1e5958da88c:LEsLcguWT
/subscribe/LEsLcguWT
93KqGc7s9-c9A3Y9Ka-9KC91u31-91535ww3-O71:latest
/auth/LEsLcguWT
/token/LEsLcguWT
0:BSNTazMFtIwBzACE:f7d45756c31cc4977a:LEsLcguWT
/subscribe/LEsLcguWT
Ym3731C39-C11i33s1-a17m353i-QW3iy531-95K:latest
/auth/LEsLcguWT
/token/LEsLcguWT
0:SqgYCauQeJUlvva:046ce77cb70bc3dd4a:LEsLcguWT
/subscribe/LEsLcguWT
5eE73Q99Y-7w3ui3i1-7aqiUI9u-eA9mGSy3-Y1Y:latest
/auth/LEsLcguWT
/token/LEsLcguWT
0:OHdgazLUoNeITU:28c8efc542eb5c92b6:LEsLcguWT
/subscribe/LEsLcguWT
Kw9emwMy3-59U57ccW-7u1iaUG5-1iwU997C-9mM:latest
/auth/LEsLcguWT
/token/LEsLcguWT
0:ASvgLwOzdZFs:3571e2b952715248c7:LEsLcguWT
/subscribe/LEsLcguWT
9mGo7EiE1-I91YM1Ao-SG51I9I1-w7EY9qG7-Oy3:latest
/auth/LEsLcguWT
/token/LEsLcguWT
0:okEOfXGV:e224750267dc4e2a2e:LEsLcguWT
/subscribe/LEsLcguWT
1SC9373Y5-O17U53M9-1G9Sei9q-m5iMG77U-9Y1:latest
/auth/LEsLcguWT
/token/LEsLcguWT
0:CAwfkRld:53da8b0e3fef9b47b0:LEsLcguWT
/subscribe/LEsLcguWT
q313QcCWE-3y97oe77-Kc9g9Q51-3c5s77M7-O3w:latest
/auth/LEsLcguWT
/token/LEsLcguWT
0:HncclbWLRtdGdnm:bc77f181b6a880e283:LEsLcguWT
/subscribe/LEsLcguWT
M937gM3SG-IWgaq9g3-7S555SGU-51K19k1k-wU5:latest
/auth/LEsLcguWT
/token/LEsLcguWT
0:hKrsHTkIfycso:acaca9cdda66d30d5fe75a7514a17f567d:LEsLcguWT,ygWQFVgP
/subscribe/LEsLcguWT
o717MKIC5-M9u5g9y5-997SS1eK-3caW9775-5Y1:latest
/auth/LEsLcguWT
/token/LEsLcguWT
0:hKrsHTkIfycso:ad91d0caec0d90576cd113821208746b82:LEsLcguWT,ygWQFVgP
/subscribe/LEsLcguWT
ew15513iQ-kCSsA71E-93W93G95-3ogaM91m-qyI:latest
/auth/LEsLcguWT
/token/LEsLcguWT
0:dbzNNDPXnfvIjzH:bbaed613ab57d00957:LEsLcguWT
/subscribe/LEsLcguWT
i71y3w1y5-71773E9k-QU53G5m1-5m79sMYM-a7q:latest
/auth/LEsLcguWT
/token/LEsLcguWT
0:HncclbWLRtdGdnm:5fb5f3c7e8035df8df:LEsLcguWT
/subscribe/LEsLcguWT
MS373c5gc-G71O397A-coeW393e-u7Cyk15q-Y97:latest
/auth/LEsLcguWT
/token/LEsLcguWT
0:VwcAqvjFHz:bb23712caacaa6b120:LEsLcguWT
/subscribe/LEsLcguWT
gSI53wYI5-5Ky191EO-5517133Y-539kCUos-5mS:latest
/auth/LEsLcguWT
/token/LEsLcguWT
0:izzLYchbAcG:1993d6c284f54047d370e410a44eed9348:LEsLcguWT,ygWQFVgP
/subscribe/LEsLcguWT
cGkwOO99s-sQ5933Iy-iS35QCi3-Gk9E59uU-739:latest
/auth/LEsLcguWT
/token/LEsLcguWT
0:wvsbNzQEOHaba:4fecd772f6a44815e1:LEsLcguWT
/subscribe/LEsLcguWT
Y11Uug113-qqe93m55-Q39aO771-c937OWow-Ia3:latest
/auth/LEsLcguWT
/token/LEsLcguWT
0:OHdgazLUoNeITU:8a02823442f34b07dd:LEsLcguWT
/subscribe/LEsLcguWT
995qk1Q33-Y7w5KaM9-oqW371I9-7599y1m1-s93:latest
/auth/LEsLcguWT
/token/LEsLcguWT
0:hGeMavID:1490c156faf1c42b14:LEsLcguWT
/subscribe/LEsLcguWT
y95IOe1mu-YM9C9y5s-71919m3C-7gkaG739-7e3:latest
/auth/LEsLcguWT
/token/LEsLcguWT
0:dbzNNDPXnfvIjzH:b0cf14cfb7e64baa81:LEsLcguWT
/subscribe/LEsLcguWT
51cuosAu5-K9s7131i-C13Ss5s5-O953ggy1-q11:latest
/auth/LEsLcguWT
/token/LEsLcguWT
0:hKrsHTkIfycso:599a8ade8663a2be188e98b95e5debf24d:LEsLcguWT,ygWQFVgP
/subscribe/LEsLcguWT
O317719us-aK17g553-511k5k19-io5E3c57-3u5:latest
/auth/LEsLcguWT
/token/LEsLcguWT
0:BSNTazMFtIwBzACE:9bf974f589e20a08d8:LEsLcguWT
/subscribe/LEsLcguWT
uEMq719o3-773G3CU7-Og57K5aS-SoaYO3c5-s7g:latest
/auth/LEsLcguWT
/token/LEsLcguWT
0:HncclbWLRtdGdnm:437375207642a27f5a:LEsLcguWT
/subscribe/LEsLcguWT
197971i9U-EK1AY395-O7Uw5G3M-3WKkS3Om-75i:latest
/auth/LEsLcguWT
/token/LEsLcguWT
0:HncclbWLRtdGdnm:a389e1eda9a88e25d4:LEsLcguWT
/subscribe/LEsLcguWT
77Qmu919E-1G5557i1-Q91MC3SO-Uai597w1-a39:latest
/auth/LEsLcguWT
/token/LEsLcguWT
0:okEOfXGV:045efd732bda19fc23:LEsLcguWT
/subscribe/LEsLcguWT
151qC3c1y-5uEkOW7U-913C1AY5-31Kk739k-55i:latest
/auth/LEsLcguWT
/token/LEsLcguWT
0:HncclbWLRtdGdnm:b6e4c8187c023b9162:LEsLcguWT
/subscribe/LEsLcguWT
G3335eug9-AE13q935-OYgI9esU-c9Gq5133-UAM:latest
/auth/LEsLcguWT
/token/LEsLcguWT
0:izzLYchbAcG:b645b42bf8d4fdddbcdd8881dab2bc0a93:LEsLcguWT,ygWQFVgP
/subscribe/LEsLcguWT
Ys95wwY99-Kckq3511-1MG9w19Y-W5u11515-a39:latest
/auth/LEsLcguWT
/token/LEsLcguWT
0:kputGfnyT:6a406de6d3cea291e1:LEsLcguWT
/subscribe/LEsLcguWT
7Y3w5M73k-79YSO975-1S3s5k5c-MWQe7Oq3-CAs:latest
/auth/LEsLcguWT
/token/LEsLcguWT
0:OHdgazLUoNeITU:12587ea5e6babc9f93:LEsLcguWT
/subscribe/LEsLcguWT
9IyS339gw-5I15u3e1-GEG93KeM-15ckQ1mm-w13:latest
/auth/LEsLcguWT
/token/LEsLcguWT
0:kputGfnyT:85b40df6903ad75388:LEsLcguWT
/auth/LEsLcguWT
/token/LEsLcguWT
0:HncclbWLRtdGdnm:ddb78d1eafe5cfcabf:LEsLcguWT
/subscribe/LEsLcguWT
5Y75s117K-iM5Ee9YU-77uO1K13-7Og1G717-7oy:latest
/auth/LEsLcguWT
/token/LEsLcguWT
0:wvsbNzQEOHaba:8970e4091ef760c8b8:LEsLcguWT
/subscribe/LEsLcguWT
s3qGKckM1-937Ky375-Ym1S1OKc-35I15Qc7-3A7:latest
/auth/LEsLcguWT
/token/LEsLcguWT
0:HncclbWLRtdGdnm:2c207e8bae5e282018:LEsLcguWT
/subscribe/LEsLcguWT
1CESk37m7-w39UKq53-s535SGI1-57E5cK1e-Mo7:latest
/auth/LEsLcguWT
/token/LEsLcguWT
0:BRSNXcmm:93a7102008967c5cec:LEsLcguWT
/subscribe/LEsLcguWT
759OomQ1K-i7KI5sI1-17Q3gmYu-371U737Q-G9q:latest
/auth/LEsLcguWT
/token/LEsLcguWT
0:wvsbNzQEOHaba:b9bbd23bfeb2c50101:LEsLcguWT
/subscribe/LEsLcguWT
93IM517Ue-y1q3A71Q-yeIu3Km9-kE9Y9YaO-91c:latest
/auth/LEsLcguWT
/token/LEsLcguWT
0:HncclbWLRtdGdnm:e70c60b1a0b0a43566:LEsLcguWT
/subscribe/LEsLcguWT
73qe9AsO9-k5195W7O-5IQIcc37-51Y39e53-OYw:latest
/auth/LEsLcguWT
/token/LEsLcguWT
0:BSNTazMFtIwBzACE:6decb7eaa0aa34f2b4:LEsLcguWT
/subscribe/LEsLcguWT
O1e99a51c-C7c5q95Q-ic3I5G75-e9a1GY13-197:latest
/auth/LEsLcguWT
/token/LEsLcguWT
0:SqgYCauQeJUlvva:bc8682489caee5cde9:LEsLcguWT
/subscribe/LEsLcguWT
AS11997g1-UyM7msm3-99q33755-W111qWGa-kY7:latest
/auth/LEsLcguWT
/token/LEsLcguWT
0:ASvgLwOzdZFs:cd5a8f6228d03bb137:LEsLcguWT
/subscribe/LEsLcguWT
7E7uY5971-55GEi9G5-7Ggy1ac5-Yw5OGgI1-o79:latest
/auth/LEsLcguWT
/token/LEsLcguWT
0:OHdgazLUoNeITU:f507877a6e14f9bc8d:LEsLcguWT
/auth/ygWQFVgP
/token/ygWQFVgP
0:CAwfkRld:213f4bc160e721baf91d7e383078b37098:ygWQFVgP,LEsLcguWT
/subscribe/ygWQFVgP
YG93u3131-3W73u9C5-m3539sWA-957A93a5-Gk3:latest
/auth/ygWQFVgP
/token/ygWQFVgP
0:okEOfXGV:53a31cc9cb8e67f5e72e5fb6f9001cfecc:ygWQFVgP,LEsLcguWT
/subscribe/ygWQFVgP
iwQc7IS55-7cQ1AU33-Gwm755o7-3IG5Ygo7-7m9:latest
/auth/ygWQFVgP
/token/ygWQFVgP
0:BRSNXcmm:1bb3594bbf774e65fdbd4db142a9531b28:ygWQFVgP,LEsLcguWT
/subscribe/ygWQFVgP
O79s9mu39-QM1OsC51-Ga9o9E3q-5qQ7e7SM-913:latest
/auth/ygWQFVgP
/token/ygWQFVgP
0:XoCyRBcinDUtgk:838fb5e46237ab2a:ygWQFVgP
/subscribe/ygWQFVgP
m5Y9ua1E3-ao53O75e-757a93iy-5A9sm315-91A:latest
/auth/ygWQFVgP
/token/ygWQFVgP
0:BSNTazMFtIwBzACE:93e909d3626c0ebcd51044ca818b177f53:ygWQFVgP,LEsLcguWT
/subscribe/ygWQFVgP
S31q5iMc3-I11O7G1e-g11a5aag-iY37C7Yo-9m5:latest
/auth/ygWQFVgP
/token/ygWQFVgP
0:wvsbNzQEOHaba:55a1fc3f5f257e799d933d9acce54e50e0:ygWQFVgP,LEsLcguWT
/subscribe/ygWQFVgP
315595351-9375u1o5-I9IYK557-11Yi9Sm9-1G5:latest
/auth/ygWQFVgP
/token/ygWQFVgP
0:dbzNNDPXnfvIjzH:66c5a2adc3e7cdafc0bb10e319d5abaa2f:ygWQFVgP,LEsLcguWT
/subscribe/ygWQFVgP
17777W1o7-Kksy35Ww-3e5ck15m-57QOE5mY-UQ7:latest
/auth/ygWQFVgP
/token/ygWQFVgP
0:BRSNXcmm:c861818cb5edaa4344abe4da40c43040ab:ygWQFVgP,LEsLcguWT
/subscribe/ygWQFVgP
33Ig9WKEo-31s5m7Iw-5QUi3Q57-57757757-5I9:latest
/auth/ygWQFVgP
/token/ygWQFVgP
0:dbzNNDPXnfvIjzH:7d5b37f643481146de2d754926bce2a2b5:ygWQFVgP,LEsLcguWT
/subscribe/ygWQFVgP
gm15gS9Kc-977a5w77-M3739Sua-9miE5131-57A:latest
/auth/ygWQFVgP
/subscribe/ygWQFVgP
7S17os9q7-5ECS1Qaq-13Q3iciE-5953M1YA-19E:latest
/auth/ygWQFVgP
/token/ygWQFVgP
0:BMDKRvzyoW:704edeaa72c8b620583fd3c8ef43961cd4:LEsLcguWT,ygWQFVgP
/subscribe/ygWQFVgP
wSMY11YoI-m971E19o-393Y197y-Uq39137U-ce3:next
/auth/ygWQFVgP
/token/ygWQFVgP
0:BRSNXcmm:6296ad4f1741f75f872a90ae4fd77bb3f6:ygWQFVgP,LEsLcguWT
/subscribe/ygWQFVgP
7357s9353-iskiIGK3-919E75g1-sq5a57Q9-e53:latest
/auth/ygWQFVgP
/token/ygWQFVgP
0:wvsbNzQEOHaba:545503f59362e862c527a86f38906cb4d6:ygWQFVgP,LEsLcguWT
/subscribe/ygWQFVgP
13735e3E7-K313159Y-Eq3m717g-ew5A1199-55a:latest
/auth/ygWQFVgP
/token/ygWQFVgP
0:BSNTazMFtIwBzACE:1eabaf5d7fc862ce3c7bd8e378f63f12f2:ygWQFVgP,LEsLcguWT
/subscribe/ygWQFVgP
7M1355EuQ-k77531sS-3ACam3YY-A3551SE9-eI7:latest
/auth/ygWQFVgP
/token/ygWQFVgP
0:hKrsHTkIfycso:daf84745de20c136eda16f27dd2b2450dc:LEsLcguWT,ygWQFVgP
/subscribe/ygWQFVgP
E3GM9SgoS-3k5573wa-7C9gW959-3s53Os1K-GuM:latest
/auth/ygWQFVgP
/token/ygWQFVgP
0:OHdgazLUoNeITU:441d8d6fb9c231f5c7b617d5baf90fbb03:ygWQFVgP,LEsLcguWT
/subscribe/ygWQFVgP
ecE175QqK-w33YUqmQ-117A99Mc-Ms79sSII-KEO:latest
/auth/ygWQFVgP
/auth/ygWQFVgP
/token/ygWQFVgP
0:XoCyRBcinDUtgk:d923e5fc90da3290:ygWQFVgP
/subscribe/ygWQFVgP
1cCOagc13-k3G5M95Y-UaO5K11y-kI1A3iI7-7ii:latest
/auth/ygWQFVgP
/token/ygWQFVgP
0:VwcAqvjFHz:d00a2ab7ca2990b48ecabec3699e8d7b6f:ygWQFVgP,LEsLcguWT
/subscribe/ygWQFVgP
YC9ekYs35-9Goe3Ge3-915KO7A9-MOS31GQo-393:latest
/auth/ygWQFVgP
/subscribe/ygWQFVgP
5G13Ey917-9139O113-Qs73i3Is-U1W3u1Q5-y35:latest
/auth/ygWQFVgP
/token/ygWQFVgP
0:wvsbNzQEOHaba:0ecb67c4a1ce321ad6267bd72dda4a1e67:ygWQFVgP,LEsLcguWT
/subscribe/ygWQFVgP
C5AU19oYc-39911g5a-aiK735E3-i1197ioi-kQ9:latest
/auth/ygWQFVgP
/token/ygWQFVgP
0:wvsbNzQEOHaba:cc02c1834b1730bcc83c62389bf3d8d595:ygWQFVgP,LEsLcguWT
/subscribe/ygWQFVgP
S3qI9g917-77CC1C99-eweQg51M-1u13O973-i7o:latest
/auth/ygWQFVgP
/token/ygWQFVgP
0:kputGfnyT:7d6729107f9162d24956e5a1eac2c1b086:ygWQFVgP,LEsLcguWT
/subscribe/ygWQFVgP
5u1wQe9q1-SYiWG59A-131E19K3-99Gu5199-777:latest
/auth/ygWQFVgP
/token/ygWQFVgP
0:HncclbWLRtdGdnm:26ea9a7ff67b2b31a7eb7729cc41575700:ygWQFVgP,LEsLcguWT
/subscribe/ygWQFVgP
97E399351-ewmQ9E5u-1Kk1c191-75qY5gqk-qO7:latest
/auth/ygWQFVgP
/token/ygWQFVgP
0:HncclbWLRtdGdnm:9364231f30ca6e5d80ccb4d88c16c66e6f:ygWQFVgP,LEsLcguWT
