/auth/BAITZJpbFdMH
/token/BAITZJpbFdMH
0:zjxHtBBZmLod:e0a03027723e6511a0fe697d:BAITZJpbFdMH
/subscribe/BAITZJpbFdMH
Ec597uo91-57ie177i-gC3ccqG1-3e57937Y-w9S:latest
/auth/BAITZJpbFdMH
/token/BAITZJpbFdMH
0:FTKqPKOmBRTUkfLA:08604644b9ebc04539193b36:BAITZJpbFdMH
/subscribe/BAITZJpbFdMH
Kw19CwS5s-C5Kugg51-715791K5-Y99m9G39-a79:latest
/auth/BAITZJpbFdMH
/token/BAITZJpbFdMH
0:TajtXISEj:70f19cf6e939eeef17b627c6:BAITZJpbFdMH
/subscribe/BAITZJpbFdMH
31w17g1S7-Ao57o73I-Ka31y7ya-9g3k1woe-1eo:latest
/auth/BAITZJpbFdMH
/token/BAITZJpbFdMH
0:PzvYsiwFSth:3b91411a9facf0852276c70a:BAITZJpbFdMH
/subscribe/BAITZJpbFdMH
373Gm715c-im3mw55M-935Ci13I-375GI11W-E1m:latest
