ID=DIOaynHtdftkXsXMVEMolMQkDMJWxvCC
term=DfcgUStNMVHrJIbCLDOKEymgsy&attribute=songTerm&limit=10
375711768
term=iMQaWvJcYoPSUxnsqczXEASWOveFxT&attribute=albumTerm&limit=10
443802331
term=qradRQEeYJJVbENtOTKwIgLamgnmSHEtXDwkTpsIvuSBXLk&attribute=songTerm&limit=10
283731819
term=XDiEbXORxGcfVEsCygGEstkyNCxaTdmBwNjSStkRwfYXwDfhi&attribute=artistTerm&limit=10
920774343
term=bsHAoCFZNkLOaZxvaBOXmUzijiEkZEPmGKrJGEzsRbyJ&attribute=songTerm&limit=10
949992989
term=FVtKjOz&attribute=artistTerm&limit=10
32674470
term=P&attribute=songTerm&limit=10
594514888
term=cDBLIqxFFkmfuesnMgDHZvDWs&attribute=artistTerm&limit=10
425615085
term=PIAdYf&attribute=songTerm&limit=10
360703973
term=wWGhpajHpZBmLMLiyqqciqTAdqwpDzMaMxZ&attribute=songTerm&limit=10
830710178
term=USpEFDYfRriXmrDU&attribute=albumTerm&limit=10
411994423
