ID=fIcIlpiLndexSGfufAzRhAFBzKpfRVWX
term=RhayYzZzVWHYIbruQfcvvlExGZluQGeQaosCuelDVSUXKhs&attribute=albumTerm&limit=10
946355389
term=clVgibwneZimBRFKnWBd&attribute=albumTerm&limit=10
525139440
term=tvXKDAFTrviNfswhHIzSRKbmZELOXr&attribute=songTerm&limit=10
22961084
term=sxmsuKbGwNCFjihJnd&attribute=albumTerm&limit=10
818887712
term=uoWjndZoeEuGBqdEUFVrREghaNvDCeJjtfkOnbLzckUnNH&attribute=albumTerm&limit=10
917597518
term=YNnvfHteIPUxhUTDFumEbrvuxqXbcKtwcDTMLlinghVKN&attribute=songTerm&limit=10
571380565
term=Xx&attribute=artistTerm&limit=10
756011690
term=wHRoiuLojw&attribute=songTerm&limit=10
306767880
term=SaLnuANKDiRdDuphrgGiDAgTQhrPNbzSTZgcob&attribute=songTerm&limit=10
625945
term=lnY&attribute=songTerm&limit=10
156569492
