KTY Pretty Printer v0.1
=======================
 1. Import KTY
 2. Print KTY
 3. Quit
=======================
Error!
Invalid menu. Try again.
truetruetruetrueInvalid menu. Try again.
trueError!
Invalid menu. Try again.
Invalid menu. Try again.
Invalid menu. Try again.
Invalid menu. Try again.
Invalid menu. Try again.
Invalid menu. Try again.
Invalid menu. Try again.
Invalid menu. Try again.
Invalid menu. Try again.
Invalid menu. Try again.
Invalid menu. Try again.
Invalid menu. Try again.
Invalid menu. Try again.
Invalid menu. Try again.
Invalid menu. Tryagain.
Invalid menu. Try again.
Iid menu. Try again.
Invalid menu. Try id menu. Try again.
Invalid menu. Try again.
I
Invalid menu. Try again.
Invalid menu. Try again.
Invalid menu. Try again.
Inva. Try again.
Invalid menu. Try again.
In