KTY Pretty Printer v0.1
=======================
 1. Import KTY
 2. Print KTY
 3. Quit
=======================
Error!
Invalid menu. Try again.
Invalid menu. Try again.
truetrueInvalid menu. Try again.
trueInvalid menu. Try again.
Error!
Invalid menu. Try again.
Invalid menu. Try again.
Invalid menu. Try again.
Invalid menu. Try again.
Invalid menu. Try again.
Invalid menu. Try again.
Invalid menu. Try again.
Invalid menu. Try again.
Invalid menu. Try again.
Invalid menu. Try again.
Invalienu. Try again.
Invalid menu. Try again.
Invalid menu. Try again.
Invalid menu. Tlid menu. Try again.
Invalid menu. Try Invalid menu. Try again.
Invalid menu. Try again.
Invalid menu. Try again.
InvaliInvalid menu. Try again.
Invalid menu. Try aInvalid menu. Try again.
Invalid menu. Tryvalid menu. Try again.
Invalid menu. Trd menu. Try again.
Invalid menu. again.
Invalid menu. Try again.
Invalidd menu. Try again.
Invalid menu. Try again.alid menu. Try again.
Invalid menu. Try again.
Invalid menu. Try again.
Invalid menu. Try again.
Invalid menu. Try again.
Inain.
Invalid menu. Try again.
Invalid mror!
Invalid menu. Try again.
InvalidError!
Invalid menu. Try again.
Invalid menu.