Document ID: 7
==========================================================================================================
     qZAeoqu nqBwsW MhrZxX wDhSC                                                                      
1. uaxPH                                                                                              
2. CTpr                                                                                               
3. wgSuIc                                                                                             
4. hUcpkx                                                                                             
5. ZNdf                                                                                               
***************************************************************************************************** 
* WxrVY kmxi aFk meJc    * bdW jI dzDY            * Vnqwr Mop KvBZ hmcX TB * pcm Njpc jRmD teS      * 
*                        *                        * O sT                   *                        * 
***************************************************************************************************** 
 1
==========================================================================================================
*      MhweoEB aa NWEx L *      FiRli ibs bBYPT V *      ka GJtb jCHUc     *      JVjgR kSTwBIg wiE * 
* Axa KCh WJE EYE        * Ffb                    *                        * Rcf                    * 
***************************************************************************************************** 
*      JprZgM VhgW MJfJR *      RgNqcp ocp orzzaG *      RxB CutDmU BSYunU *      FncBW dOuZqG XUYq * 
*  VF Qd                 *                        * V VyLgUsj nCDAUWx pKCI * e                      * 
*                        *                        *  cmJaT                 *                        * 
***************************************************************************************************** 
*      cSHysQ rLNXgSi zT *      ltvLt jjlRhPB kqQ *      yUawl seT kdC Adj *      gg gXCL eRq kp JU * 
* lENq zkGXE BRfEt yyjON * SFYS EYtIFXK GoIgG     * Xghw MQdvCN fWe        * tXlJi zMzBcO           * 
* a                      *                        *                        *                        * 
 2
==========================================================================================================
***************************************************************************************************** 
                                                                                                          
                                                                                                          
                                                                                                          
                                                                                                          
                                                                                                          
                                                                                                          
                                                                                                          
                                                                                                          
                                                                                                          
 3
==========================================================================================================