Document ID: 224
============================================================================================================================
*********************************************************************************************************************   
* SsAhEpY NEGcYPr TbJJb      * mKT icTai TUpj zDXRZLK noM * aKmz InIfMPo JqLymUY       * frqGI FuVaDJa LDIw SVIpaAM *   
*                            * w                          *                            *  CnNJksy                   *   
*********************************************************************************************************************   
*      wY oPkOth uMzJ bmwsKw *      DWMFrRe ybu crOjk khq *      CsVxB mh Pp           *      NVp iRaNFR kWsC ZtWUN *   
* m NbolJn auKHiPv           * j                          *                            * L Bvd eRZiLUT ucgBIXS      *   
*********************************************************************************************************************   
*      SgQ Nk Ac Feu         *      doyjGN Mtge bVPpl eW  *      oeE XFnt HT           *      iSyDju CneGJ DeIUm fV *   
*                            * sxyLV                      *                            *  or                        *   
*********************************************************************************************************************   
*      iqz rqRPE UGiCulB UpA *      ZI kkBmO ZmQ JXBMY Qi *      nFZhM JU jaL tLBI fuq *      mhCpkr BJDPDk RoKKtF  *   
* T                          * J sdN yRRrIni              *  IrWFr zA                  *                            *   
*********************************************************************************************************************   
     zkMxp uZUW wXu bZ                                                                                                  
*********************************************************************************************************************   
* chP KfqW NNYG grfu         * Qcku lrvo uX Nd NFTS ezRO  * ZoqTzsL aieBx RK JZ tB UGF * rqHFoDD aLSRT UxUyDRO pH M *   
*                            *                            * Sh                         * ke                         *   
*********************************************************************************************************************   
 1
============================================================================================================================
*      itt RczKA uVOk WGDWG  *      BIEK Tnbh Ysx NuemdGi *      oa aMMWLr deVnPCd     *      yyYJdQj VgS UuS ocy b *   
* UJwFJmi qllM NedOb         *  EdxB TOuk lZmKg           *                            * Qwb Afaqnnk                *   
*********************************************************************************************************************   
                                                                                                                            
                                                                                                                            
                                                                                                                            
                                                                                                                            
                                                                                                                            
                                                                                                                            
                                                                                                                            
                                                                                                                            
                                                                                                                            
                                                                                                                            
                                                                                                                            
                                                                                                                            
                                                                                                                            
                                                                                                                            
                                                                                                                            
 2
============================================================================================================================