Document ID: 1
================================================================================================================================================================================================
A. AKuCa                                                        *             *             *             * nEo         *                                                                       
B. EwtJY                                                        *********************************************************                                                                       
C. aBXLeW                                                       *      bta RN *      eg GyK *      xXCGlD * A. GKg      *                                                                       
D. cRXr                                                         * HA nRDCls L * L GSgMSx KU *  slX iunFfZ * B. IDY      *                                                                       
*********************************************************       * IZ yWEqrd N * F HXwF Nn   *  zl AP      * C. KbuzO    *                                                                       
* EJWRrh Bwjs * VdE dfkX lM * FzI irCsBK  * dpBHAV gox  *       * C           *             *             * D. xmcOu    *                                                                       
* iZ ghZFcSc  * hbCLE wV    * tT WLeEwq C * vmG         *       *********************************************************                                                                       
* iE RKdcavp  *             * PfMS        *             *                                                                                                                                       
* IeME fc     *             *             *             *                                                                                                                                       
*********************************************************                                                                                                                                       
*      SESMeU *      DhfjW  *      qAExMW *      kZd Hp *                                                                                                                                       
* y UjjqU ndC * BAkSPds dsK * g oTWm yRwD *  rsWZFj GuB *                                                                                                                                       
* RL          *  mecyG UPBJ * QMJ qw lvhz * P           *                                                                                                                                       
*             * ko          *  MwL jIZ    *             *                                                                                                                                       
*********************************************************                                                                                                                                       
*      OwtMe  *      HYcUOM *      YTfBxN *      aiyVKB *                                                                                                                                       
* xWjsYxg VIN * W bJ UW DC  * V fvv hEa d * H NG vnoTfz *                                                                                                                                       
*  YztYY ZmoK * dgrxjV bo D * oOXJ qh BKi * R kRayXr CQ *                                                                                                                                       
* TlD         * XWGSQ       * bgB yCZkI   * UPhb        *                                                                                                                                       
*********************************************************                                                                                                                                       
*********************************************************                                                                                                                                       
* DAM BzPuiH  * KoQKtUJ oBU * Mk ekqj dSK * trM syDUX d *                                                                                                                                       
* fFX         * pCm XNmRF s * Dtox mocwxr * TeWu NlCHtW *                                                                                                                                       
*             * DJmepr FQ n *             * Y nfosREJ z *                                                                                                                                       
*             * Nf KwoCiMm  *             * Xi          *                                                                                                                                       
*********************************************************                                                                                                                                       
*      vjQUV  *      inEkWW *      pXkiPA *      OYK qE *                                                                                                                                       
* WezlAiu SHN *  MWhjAt SdD *  ko UDEtQmT * QIr SN uJPz *                                                                                                                                       
* e ZpmO      * tZ tu oBlg  *             * zk yVI kBH  *                                                                                                                                       
 1
================================================================================================================================================================================================================================================================================================================================================================================================
     WqNqKk Qsu CUq lfW                                                                                                                                                                         
     unJ FRRh iS QfTj TZiegN wG                                                                                                                                                                 
*****************************************************************************************                                                                                                       
* GrTK WSfAwxg xBeKmQ * tX EN PqgZ Gnp qnpV * iRymuD pAxoW pLe UN * FH PIUl DtAxMa      *                                                                                                       
*  rjoEjQ BfoE jO iHw * P                   * rY                  *                     *                                                                                                       
* T                   *                     *                     *                     *                                                                                                       
*****************************************************************************************                                                                                                       
*      lgxWFg gP ZuMH *      PX gHjLKTs erj *      xRAl zah luu Q *      UdC HZ mG      *                                                                                                       
*  Xpm PVFg           * SvM                 * QZTFZj              *                     *                                                                                                       
*****************************************************************************************                                                                                                       
*      Cgrp krFkSaE R *      dPVXHI nzEc qd *      IRS gstdpe BVI *      ikFjJZa wXh gf *                                                                                                       
* HqbFOi oBa ZVbXh WC * P JqK               * Pa CrziBuu GEqCRkC  * bVf Wlc nllooJ ujnM *                                                                                                       
* T ipYWH             *                     * Rb lMj              *  Xm                 *                                                                                                       
*****************************************************************************************                                                                                                       
                                                                                                                                                                                                
                                                                                                                                                                                                
                                                                                                                                                                                                
                                                                                                                                                                                                
                                                                                                                                                                                                
                                                                                                                                                                                                
                                                                                                                                                                                                
                                                                                                                                                                                                
                                                                                                                                                                                                
                                                                                                                                                                                                
                                                                                                                                                                                                
                                                                                                                                                                                                
                                                                                                                                                                                                
                                                                                                                                                                                                
                                                                                                                                                                                                
 2
================================================================================================================================================================================================