Accel:-$ Success.
Accel:-$ Success.
Accel:-$ Cell Repr: 
Success.
Accel:-$ Cell Repr: 
Success.
Accel:-$ Cell Value: 
Success.
Accel:-$ Success.
Accel:-$ Success.
Accel:-$ Cell Repr: 
Success.
Accel:-$ Success.
Accel:-$ Success.
Accel:-$ Success.
Accel:-$ Success.
Accel:-$ Cell Value: 
Success.
Accel:-$ Cell Value: 
Success.
Accel:-$ Success.
Accel:-$ Cell Repr: 
Success.
Accel:-$ Succesue: 
Success.
Accel:-$ Cell Repr:Success.
Accel:-$ Cell Repr: 
Success.
Accel:-$ Success.
Accel:-N80=9355.365
Q98==LOG10(-6125.837)
V49=47196.455
W50==COUNT(AVG(-62718.914, 74422.553, -15648.539, 28146.776, COS((LN(-58689.607) - G26)), T74), 7461.388, -15805.882, 3289.291, 15826.423, H56, (56067.457 + ABS(-19842.451)))
X77=15895.766
Success.
Accel:-$ Success.
AcceSuccess.
Accel:-$ Success.
Accel:-$ Cell Valuuccess.
Accel:-$ Cell Value: 
Succccess.
Accel:-$ Success.
Accel:-$ Cell ReCell Value: 
Success.
Accel:-$ A10="JuCYSyaOezOYZEpCell Value: !FORMULA: CIRREF/STR/DCell Value: "wyE5UPuPsuRjDyKp4TDqlafzyPQoyEF6bRBLolJE0sJSUfb5h0tjczXv9wCpUm2fbzFcdi4X43Itj3CAftz3ivGGcCZeFGxmnENn"
Success.
Accel:-$ Cell Value: !R/DIV0
Success.
Accel:-$ Cell Value: 0.000
Succe