Accel:-$ Success.
Accel:-$ Cell Repr: 
Success.
Accel:-$ Success.
Accel:-$ Cell Value: 
Success.
Accel:-$ Success.
Accel:-$ Cell Value: 
Success.
Accel:-$ Success.
Accel:-$ Success.
Accel:-$ Success.
Accel:-$ Cell Value: 
Success.
Accel:-$ Success.
Accel:-$ Success.
Accel:-$ Cell Value: 
Success.
Accel:-$ Success.
Accel:-$ Cell Value: 54841.281
Success.
Accel:-$ Cell Value: "syXz3hTYzE6gVfTiOVFV0xGMvJGR0OlyjjRxFef5SccFUm7wKw4t6RjeUZgex7y3zde8mywlLX6oyqa4mBXTYY0YYgA8bEhAFaiA"
Success.
Accel:-$ Cell ValExiting...
