Accel:-$ Cell Repr: 
Success.
Accel:-$ Success.
Accel:-$ Success.
Accel:-$ Success.
Accel:-$ Success.
Accel:-$ Cell Value: 
Success.
Accel:-$ Success.
Accel:-$ Success.
Accel:-$ Success.
Accel:-$ Success.
Accel:-$ Cell Value: 
Success.
Accel:-$ Success.
Accel:-$ Success.
Accel:-$ Success.
Accel:-$ Success.
Accel:-$ Success.
Accel:-$ Success.
Accel:-$ Success.
Accel:-$ Success.
Accel:-$ Success.
Accel:-$ Success.
Accel:-$ Success.
Accel:-$ Success.
Accel:-$ Success.
Accel:-$ SuccesCell Value: 
Success.
Accel:-$ Success.
Accel:-$ CeRepr: 
Success.
Accel:-$ Cell Value: 
SuccesSuccess.
Accel:-$ Success.
Accel:-$ Cell Value: 
Success.
Accel:-$ Success.
AcA4=94526.603
A61==LN(86467.834)
A75=76KFIEdnAnvEqENnNIk4L5Nap1hXaugyUm6mATlDhqd1lgtU6dSdGDUCBUdLqWnzYeiKBr"
H94="mfplCKx9t6NxdhRI0qA4pdkbdUq2j4yAYNz2laZM5MrlXxuFSV481Y9stY1w4HbeVdCFLZ69V9wPRWhoxLy7TXZ7dCOLWqQXeahQ"
I9==LOG10(-17492.902)
J34=55097.268
J53=10849.611
M52=-23212.488
N79="biaW8vYv23sUX3PHftrwa2gT4UcjACZvbeXrF9SlWBJyYavRbEgkeMrjTfvX3teTStV8IVzw0QdjKqBoUKeAON0BXrjxauC6OZ67"
O63=76329.375
P36==(-565.236 / F44)
P51=38798.156
Q94==(77915.545 * K57)
R25==AVG(J1, 49315.008, SUM(V58, 47931.906, -41870.153, -35489.391, 70675.212, -71391.775), POWER(33742.861, 45841.361))
T2==SQRT(-7224.658)
W95="yr2AYwYF5rcqtGXBJVeC91jNP6kw4MAj3fZ5pzJ85CtXPhLNy2T7OUMOEYeiW8i5okxTTEwPaSDshspBSMqAFS2mT54mOBlJkbP7"
X11=-85724.479
X61=-6204.679
Y13="9zpn8zG9SelnNFXxefLnbjuDjrqQlQAQqh7Hsz5N9GbgiF8wUQEhZ3u9AxejP9SnV6jkina8YV6KLrEWbjmifu1E4uYwfLm1v3ru"
Z10="xrdNXEX3HdVx3iQgOmsk0lcbYkUq6NPQuKNMgD8v14lIv9eOiZt7ULzskNzLgq4HsxGZMpuNlLvbiHuZgucwG2cVNjdaE5bG3iWF"
Z90="7fD7vRaYNQ1Jqgdw9761yEDykQ6IXkCACkZoS0iKksbO5jcGWDPnzDrT0WobkhDLc8yw799WCja6icfdMq14WjAuT4NO2DBgDI7w"
Success.
Accel:-$ Success.
Accel:-$ Success.
Accel:-$ Success.
Accel:-$ Success.
Accel:-$ Cell Repr: 
Success.
Accel:-$ Cell Repr: 
Success.
Accel:-$ Cell Value: 
Success.
Accel:-$ Success.
cess.
Accel:-$ Success.
Accel:-$ SuccessSuccess.
Accel:-$ Success.
Accel:-$ Cell Cell Value: -23212.488
Success.
Accel:-$ Success.
Acceess.
Accel:-$ Cell Value: 
Succe.
Accel:-$ Cell Repr: =COS(O87)
SuSuccess.
Accel:-$ Success.
Accel:-$ Cell Rpr: 
Success.
Accel:-$ Success.
Accel:-Success.
Accel:-$ Cell Value: 
Success.
Accel:ess.
Accel:-$ Success.
Accel:-$ A4=94526.603
A15="5wJAom6ehpk2QM6Jt2TfpWS8ttZ9N3jjG01fGask9EDUwBDQTCJ7sHxuE3DqgEVG7KjVgR4yaGpUzyD7Rm7QhmAp9HtIODxabF1X"
A37="6OF8kYjCFMz5ExpusAGbI1IOPFAITKGbLMBAO4OYRuvXbuOvI749UtcBjUXIOfurzLSIRMCADFmyyUq3Azg5aQY4TRBtmHq5Vuzq"
A61==LN(86467.834)
A75=76710.331
B14==(-36043.888 * 77903.273)
B28=-23572.464
B65="IQDcZiNEGBBeM5TDsifhAIwm1FvKFIEdnAnvEqENnNIk4L5Nap1hXaugyUm6mPbdXnvMFN2nqa7tuges8JpQeX7NSKUs7oaw4xBi"
B83="wyDY2BbinYLMqqY3CJIjgkLGkuFuPFL7P2JcQROSceipb11eRFMfwBa2Fvy6xjOKsEpSrKHzDjfr7JVq931Rsast1K01ASFoAw3U"
C44=-9958.380
C88=-22927.879
D5="TYS3lMPtLmtJKBZtfLKo93pjJA0ciuBbRl8uZMYFpvOlNtUTJCucskpIkYOa3MW70ss83y1IJX8zpNHZlRmrN8gfgJRRDu5NiDwV"
D18=31745.396
D58==COS(SIN(P96))
E45="RQOu8Uu8GglKaOwmF4sW35tP3GtiR0fGpVz40ul2qHVB0XDNRSF8l3MgI4xrTboEc4ATlDhqd1lgtU6dSdGDUCBUdLqWnzYeiKBr"
E50=-32070.558
E59=-17979.476
F36=27031.438
F66=-54759.003
H52==ABS(COUNT(Q72, -86110.167, R32, COS(U56), 46883.481, 44403.847, 13625.780, POWER(V39, AVG(-36243.180, -98729.745, 39092.005, 10154.473, S26, 74721.193, 64513.267, R17, L67))))
H63==(-92863.393 * -25342.955)
H94="mfplCKx9t6NxdhRI0qA4pdkbdUq2j4yAYNz2laZM5MrlXxuFSV481Y9stY1w4HbeVdCFLZ69V9wPRWhoxLy7TXZ7dCOLWqQXeahQ"
I9==LOG10(-17492.902)
J34=55097.268
J53=10849.611
J87=-35423.196
J89=79808.976
K6==SQRT((42105.019 * -59431.841))
K29=-78393.424
L55=-65075.298
L60="brlRlugiTqQyQPKJ2tAV7m9Wk4gFYlEk0h6cZJJsbheWO9TMpqd083pGS55KW3ZpB5ZbTsqXzkupqxJnyFBUnOF3WtvXAwAGf1BC"
M52=-23212.488
N49==((9269.168 / 68734.928) / 57969.937)
N79="biaW8vYv23sUX3PHftrwa2gT4UcjACZvbeXrF9SlWBJyYavRbEgkeMrjTfvX3teTStV8IVzw0QdjKqBoUKeAON0BXrjxauC6OZ67"
O23=3361.550
O63=76329.375
O93="cGIT68E7bg7FZJM4KXjo3FJCerZyB4uKOdl5gy1TsggbmTt5bK59bzk6SE7hgXeyOFuLX7rFFKmSc2RVxNh3EAACp0NqRAqRc75t"
O97==(ABS(-57012.242) / W7)
P36==(-565.236 / F44)
P51=38798.156
Q60==SIN(-48717.567)
Q94==(77915.545 * K57)
R23=-98682.620
R25==AVG(J1, 49315.008, SUM(V58, 47931.906, -41870.153, -35489.391, 70675.212, -71391.775), POWER(33742.861, 45841.361))
R34="K7ariYS7NbGqRT5j7Jo99C1ROO0TgavfgPsv0BogChQAbDZbw10znyVPXWUxaN1gJlCOPjnm8YlZnBih8s4gW0KXYAcxlbwoIdhH"
S80==COS(O87)
T2==SQRT(-7224.658)
T35==SIN(68496.452)
T52==(-26012.744 * Y96)
T58==MIN(N30, -27471.884, -4473.924, LN(H23), -78249.460)
T78="HHC0T2ylCDqLNAeiOxBZKdhz75Q6aoZbQNNCw3vNhWCqAHlEVxWqu5aJImEC9ygw1AFX9ZCKJz3l5fLXqqQo7PlxbrFJzUGGWI3n"
T82="KT27omwvPxaoduIqZAW0SZkqsnE9oRwMvbbNoc8JCDZCyRtpwXBsuyrbWYHgEu8BKbXwz4rQOVdI6d4Z4HL20Q5cVlJqN6UsqU67"
V7="3autnbpbhOU7M8e5LR0WeEtezNTrgr70h8a4D6mrSvSNtgUOy8pMM8KO1y6B72hmRKQNTnOTN8MUdDG1yNbzL3MWTLOtq7AIKX9W"
V36=63812.386
V95==MAX(-92590.097, ABS(99247.984), F2, Z75)
W95="yr2AYwYF5rcqtGXBJVeC91jNP6kw4MAj3fZ5pzJ85CtXPhLNy2T7OUMOEYeiW8i5okxTTEwPaSDshspBSMqAFS2mT54mOBlJkbP7"
X11=-85724.479
X63==SQRT(-80846.838)
X85=98654.920
Y13="9zpn8zG9SelnNFXxefLnbjuDjrqQlQAQqh7Hsz5N9GbgiF8wUQEhZ3u9AxejP9SnV6jkina8YV6KLrEWbjmifu1E4uYwfLm1v3ru"
Y68==SIN(93579.215)
Z88==MAX(X56, 7303.824, T61)
Z90="7fD7vRaYNQ1Jqgdw9761yEDykQ6IXkCACkZoS0iKksbO5jcGWDPnzDrT0WobkhDLc8yw799WCja6icfdMq14WjAuT4NO2DBgDI7w"
Success.
Accel:-$ Cell Repr: 
Success.
Accel:-$ Success.
AccelSuccess.
Accel:-$ Cell Repr: 
Su
Accel:-$ Cell Value: -65075.298
Success.
Accel:-$ Cell Value: -3.196
Success.
Accel:-$ Cell Value:Cell Value: 11.368
Success.
Accel:-$ Cell Value: 1.000
Success.
Accel:-$ CeCell Value: -17979.476
Success.
Accel:-$ Cell VaCell Value: 0.000
Success.
Accel:-$ Cell Valueell Value: "K7ariYS7NbGqRT5j7Jo99STR/DIV0
Succ-9958.380
Success.
Accel:-$ Cell Value: 0.0Q1Jqgdw9761yEDykQ6IXkCACkZoS0iKksbO5jcGWDMvbbNoc8JCDZCyRtpwXBsuyrbWYHgEu8BKbXwz4rQOVL20Q5cVlJqN6UsqU67"
Success.
Accel:-$ Ce