Accel:-$ Cell Repr: 
Success.
Accel:-$ Cell Repr: 
Success.
Accel:-$ Success.
Accel:-$ Success.
Accel:-$ Cell Repr: 
Success.
Accel:-$ Cell Value: 
Success.
Accel:-$ Success.
Accel:-$ Success.
Accel:-$ Success.
Accel:-$ Success.
Accel:-$ Success.
Accel:-$ Success.
Accel:-$ Success.
Accel:-$ Cell Repr: 
Success.
Accel:-$ Success.
Accel:-$ Success.
Accel:-$ Success.
Accel:-$ Success.
Acce$ Cell Repr: 
Success.
Accel:-$Cell Value: 
Success.
Accel:-$ Success.
Accel:-$ Success.
Accel:-$ Success.
Accel:-$ Success.
Accel:-$ Success.
Accel:-$ Cell RepA47="zodDnAucMDhFazcPjznrUq73yCQrJqG2VDz8FW1xL6wHgHsWJ46SzlFJZjXPyzkXonYMUzQu3CHJyO5wFxkGa5sEAITcJd8c0opc"
A55=37619.924
G1==ABS(55818.253)
J68==SUM(8975.858, 3807.440, I97, 28098.984, (-95639.311 - B9), W3, LOG10(95819.152), 17621.221)
K38=22729.596
L23==(F15 * -23338.473)
L76=-9672.789
M40==SUM(47106.358)
N56="Y26BBqLvmxv8RlSANiHuMFAQm2KvKTShLDgR2GwUG1rSqRy3jiYCtkSur35I47jfVsXXsswtoEoANzfinJkSgPlGhAIuEbOtQwTz"
O43=-95875.423
O88==SUM(80546.010)
P43==LN(LN(ABS(69489.075)))
R55="8jcYTF4Q8FD4g2OsfqfT143R8bfoZ7ZfOfJegK6L9KHc4SHcLba7vjKJQVROHGbFw1Nl5uypEulFf2t0xJ0ygw1IDVAx6xpKrSSn"
R59=56028.210
T98=-84812.252
V0==MIN(SQRT(65893.827))
V62=-76383.194
V67="0mJrWgyuk3hIPWBhvlDA6DREQRF42JkTots5sGPG7cIo8wqn4AAbx2AXb6cM6WqqaW0YbQOQGzD18kHBnbhbztgZFdcOvN4gxUXu"
W26=38724.802
X75=75555.808
Y41==COUNT(S92, 36882.862)
Y64=91682.140
Z89==(44732.136 - -84075.400)
Success.
Accel:-$ Success.
Accel:-$ Success.
Accel:-$ A47="zodDnAucMDhFazcPjznrUq73yCQrJqG2VDzll Value: 
Success.
Accel:-$ SuccSuccess.
Accel:-$ Success.
Accel:-$ Cels.
Accel:-$ Success.
Accel:-$ Success.
Acceess.
Accel:-$ Cell Repr: 
Success.
Accel:-$ Suess.
Accel:-$ Cell Value: 
Success.
Accel:-$Success.
Accel:-$ Success.
Accel:-$ CejznrUq73yCQrJqG2VDz8FW1xL6wHgHsWJ46SzlFJZjXPyzkXonYMUzQu3CHJyO5wFxkGa5sEAITcJd8c0opc"
A55=37619.924
C41="5lw76uVlKRlm9DFIdpDzldO867KKuQU5c4JaM0tyTr2xhTvBH58f2AvN0Ec0JU0TZ1h60Pg9mXUGSWQqWSMW0FkNTaw4eh4YvLSl"
D32=-96928.669
D90="GAIb9xFNIuiEa2lOsuw97jEuS97g7pCYLUPs98Y6hc18ZK1nT3V7jDMD3tbV342qCnGeSDWketY2tqyT0bLVZ0PGVtjVwuMOSYA2"
EgqwyVFydoDYR1eprFq7EW6uYe5STYGTRIoxa1"
G1==ABS(55818.253)
H58=61946.357
H86=55595.165
J47="MjaMgUVoxxGE8:-$ Success.
Accel:-$ Cell Value2VDz8FW1xL6wHgHsWJ46SzlFJZjXPyzkXonYMUzQu3CHJyO5wFxkGa5sEAITcJd8c0opc"
A55=37619.924
C41="5lw76uVlKRlm9DFIdpDzldO867KKuQU5c4JaM0tyTr2xhTvBH58f2AvN0Ec0JU0TZ1h60Pg9mXUGSWQqWSMW0FkNTaw4eh4YvLSl"
D32=-96928.669
D90="GAIb9xFNIuiEa2lOsuw97jEuS97g7pCYLUPs98Y6hc18ZK1nT3V7jDMD3tbV342qCnGeSDWketY2tqyT0bLVZ0PGVtjVwuMOSYA2"
E62="abA2gqwyVFydoDYR1eprFq7EW6uYe5SnELiGfQuJB6u8rTsARjb18tj9etQ34W4iRseSJ8qOkowmAKMLtiUo4t0UHwTYGTRIoxa1"
G1==ABS(55818.253)
H58=61946.357
H86=55595.165
J6LGFWVEK8"
J68==SUM(8975.858, 3807.440, I97, 28098.984, (-95639.311 - B9), W3, LOG10(95819.152), 17621.221)
J85=58268.903
J89="XppOx0KkMggBUQf2EoCKzFT5B7PZG5DoWWbSRe4FZbnGY22tnckLNtpKVlFbN8pdxuSv5AAdKqsMdnQIjYI0HFD4Ww9J8kpdy8mi"
K3="48B8tewxE2oZYPBy3OozIhhTOh6pYjZnCHO4cEAktrctQBjClwJV5kvgkoIXGgPStaS4XQnSzDCoVeQ4QrYsrSaB7adS5Fk3spe1"
K38=22729.596
L23==(F15 * -23338.473)
L76=-9672.789
L80==AVG(F28, I90, 8176.811, -61192.429, Q30, -74864.762, N95, 62748.432, 70152.754, L70)
L98=20506.259
M21="7aRl6oeVRWb9T1laEzThMjbKphPZwHovq9AykvptTCovKobXZXbmbzjR3ks2J3BrYbkHftd0V0uT1JMmYjHshPPbhHJiHfMboCMd"
M40==SUM(47106.358)
M93==COUNT(-90176.196, -66480.023, SIN(-74302.393))
N56="Y26BBqLvmxv8RlSANiHuMFAQm2KvKTShLDgR2GwUG1rSqRy3jiYCtkSur35I47jfVsXXsswtoEoANzfinJkSgPlGhAIuEbOtQwTz"
O43=-95875.423
O88==SUM(80546.010)
P21="Ct31dsBapN3FyX79nZngkjJxysvWnOKGVLn1wNcgLiSSZTv8ux10D7dWcpyNngwEQtgV38KHwTEENMpSyTIkyCZSSDS54YIwvYJh"
P43==LN(LN(ABS(69489.075)))
P72=-49404.844
Q88=51760.761
R55="8jcYTF4Q8FD4g2OsfqfT143R8bfoZ7ZfOfJegK6L9KHc4SHcLba7vjKJQVROHGbFw1Nl5uypEulFf2t0xJ0ygw1IDVAx6xpKrSSn"
R59=56028.210
R60==COUNT(-91888.541, 36822.800, -12441.964, 97349.269, -86857.691, COS(79003.565), (21021.097 + LOG10(AVG(-73070.795, C95))), POWER(SQRT(-97579.635), -97525.636))
S37=-88076.326
T59==POWER(91430.495, 56231.452)
T98=-84812.252
V0==MIN(SQRT(65893.827))
V45=42501.487
V62=-76383.194
V67="0mJrWgyuk3hIPWBhvlDA6DREQRF42JkTots5sGPG7cIo8wqn4AAbx2AXb6cM6WqqaW0YbQOQGzD18kHBnbhbztgZFdcOvN4gxUXu"
W12=14540.379
W26=38724.802
X43=7972.226
X75=75555.808
Y41==COUNT(S92, 36882.862)
Y64=91682.140
Z3="60LqHf15GdNa97LDnEhrRujm1cIYKG0lbF0A5gKCMMzQHgY5HosFkGCU2DmJKzFTHB5MAwOPYP1CF8fqCbtsFq1rGsJBApgJqLGe"
Z73==(-17371.167 + -53198.036)
Z89==(44732.136 - -84075.400)
Success.
Accel:-$ Success.
Accel:-$ Cell Value: 
Success.
Accel:-$ Success.
Accel:-$ Success.
Accel:-$ A29=-96116.873
A47="zodDnAucMD28.669
D90="GAIb9xFNIuiEa2lOsuw97jEuS97g7pCYLUPs98Y6hc18ZK1nT3V7jDMD3tbV342qCnGeSDWketY2tqyT0bLVZ0PGVtjVwuMOSYA2"
E62="abA2gqwyVFydoDYR1eprFq7EW6uYe5SnELiGfQuJB6u8rTsARjb18tj9etQ34W4iRseSJ8qOkowmAKMLtiUo4t0UHwTYGTRIoxa1"
G1==ABS(55818.253)
H58=61946.357
H86=55595.165
J47="MjaMgUVoxxGE8bybStGaWKwumjXkRwj6VHDNzGZP8RDlkkkVAP9M02tMabrSaeLk5C92qeChRL3MMXkVMRCmWYOTWF96LGFWVEK8"
J68==SUM(8975.858, 3807.440, I97, 28098.984, (-95639.311 - B9), W3, LOG10(95819.152), 17621.221)
J85=58268.903
J89="XppOx0KkMggBUQf2EoCKzFT5B7PZG5DoWWbSRe4FZbnGY22tnckLNtpKVlFbN8pdxuSv5AAdKqsMdnQIjYI0HFD4Ww9J8kpdy8mi"
K3="48B8tewxSuccess.
Accel:-$ Success.
Accccess.
Accel:-$ Cell Repr: 
Succcess.
Accel:-$ Success.
Accel:-$ Cell VaCell Value: 21092.687
Success.
Ac
Accel:-$ Cell Value: 37619.924
Succeue: 40258.326
Success.
AcceCell Value: 502.081
Success.
Accel:-$ : "0mJrWgyuk3hIPWBhvlDA6DREQRF42JkTots5sGPGll Value: 80546.010
Success.
Accel:-$ Cellvmxv8RlSANiHuMFAQm2KvKTShLDgR2GwUG1rSqR6116.873
Success.
Accel:-$ Cell ValuCell Value: 42501.487
Success.
Accel:-$ Cell Vue: "60LqHf15GdNa97LDnEhrRujm1cIYKG0lbF0A5gKCMMzQHgY5HosFkGCU2DmJKzFTHB5MAwOPYP1CF8fqCbtsFq1rGsJBApgJqLGe"
Success.
Accel:-$ Cell Value: 2.411
Success.
Accel:-$ Cell Value: 9.181
Success.
Accel:-$ Exiting...
