Accel:-$ Success.
Accel:-$ Success.
Accel:-$ Cell Repr: 
Success.
Accel:-$ Success.
Accel:-$ Success.
Accel:-$ Success.
Accel:-$ Success.
Accel:-$ Success.
Accel:-$ Success.
Accel:-$ Success.
Accel:-$ Cell Repr: 
Success.
Accel:-$ Success.
Accel:-$ Success.
Accel:-$ Success.
Accel:-$ Cell Value: 
Success.
Accel:-$ Success.
Accel:-$ Success.
Accel:-$ Success.
Accel:-$ Success.
Accel:-$ Cell Repr: 
Success.
Accel:-$ Success.
Accel:-$ Cell Value: 
Success.
Accel:-$ Cell Repr: 
Success.
Accel:-$ Cell Repr: 
SuccesCell Value: 
Success.
Accel:-$ Succesccess.
Accel:-$ Cell Repr: 
Success.
Accel:-$ Success.
Accel:-$ Success.
Accel:-$ Cell Value: 
Success.
Accel:-$ Cell Value: 
Success.
Accel:-$ Cell uccess.
Accel:-$ Success.
Accel:-$ SucceCell Value: !FORMULA: CIRREF/STR/DIV0
Success.
Accel:-$ Cell Value:Cell Value: "9HB8YZ9d3kTWB0G26IuaXOrZEwLNQUiJh0t8Gd54aHcdUZOdmHbwfzG3LJ2sZXxCAo1W4PdxDiN7jlVZSnztYCGY9nz01n74lJR6"
Success.
Accel:-$ Cell Value: -5Cell Value: -42332.111
Success.
Accel:-$