Accel:-$ Success.
Accel:-$ Success.
Accel:-$ Cell Value: 
Success.
Accel:-$ Success.
Accel:-$ Success.
Accel:-$ Cell Repr: 
Success.
Accel:-$ Success.
Accel:-$ Success.
Accel:-$ Success.
Accel:-$ Success.
Accel:-$ Success.
Accel:-$ Success.
Accel:-$ Success.
Accel:-$ Success.
Accel:-$ Cell Value: 
Success.
Accel:-$ Cell Repr: 
Success.
Accel:-$ Success.
Accel:-$ Cell Value: 
Success.
Accel:-$ Success.
Accel:-$ Cell ReE53=-21476.946
K25=-39970.006
K49=55322.746
V29="9iU6TiMfnUpkjtkOqU6k9ZyK57qZZWiQxbK4YhdtfxeO3UqpFKftgVOwYRK3lMgXD9T2vs2RW7Yn97BbXv5IFgnklUBQ2eCfTrgt"
Y78=-26588.452
Success.
Accel:-$ Success.Success.
Accel:-$ Cell Repr: 
Succel:-$ Success.
Accel:-$ Cell ValueAccel:-$ Cell Repr: 
Success.
Accel:-$ Cell ValueCell Repr: 
Success.
Accel:-$ Success.
Accel:-$ Cell Value: 
Success.
Accel:-$ Cell V: 
Success.
Accel:-$ Success.
Accel:-$ Ceuccess.
Accel:-$ Cell Value: 
Success.
Accel:-$ l:-$ Cell Value: "JBDrA8iBi0FWCbCell Value: 22808.137
Success.
Accel:-$ Cell Value: !FORMULA: CIRREF/STR/DIV0
Success.
Accel:-$ Cell Value: 205.038
Success.
Accel:-$ Cell Value: -9229.883
Success.
Accel:-$ Cell Value: "ruxzpo9SLXei5u3J1YDkOLTNRsckuHPXDpXyPghBUQhzEymwNauqSp2yMOtzvQLo8IXXDJqrNkXBpLK0RsDvOXGQva8I2W2zqHEN"
Success.
Accel:-$ Cell Value: "9iU6TiMfnUpkjtkOqU6k9ZyK57qZZWiQxbK4YhdtfxeO3UqpFKftgVOwYRK3lMgXD9T2vs2RW7Yn97BbXv5IFgnklUBQ2eCfTrgt"
Success.
Accel:-$ Cell Value: "tFykrCell Value: -59056.448
Success.
Accel:-$ Cell Value: "