Accel:-$ Cell Value: 
Success.
Accel:-$ Success.
Accel:-$ Cell Repr: 
Success.
Accel:-$ Cell Repr: 
Success.
Accel:-$ Success.
Accel:-$ Success.
Accel:-$ Success.
Accel:-$ Success.
Accel:-$ Success.
Accel:-$ Cell Value: 
Success.
Accel:-$ Cell Repr: 
Success.
Accel:-$ Cell Repr: 
Success.
Accel:-$ Success.
Accel:-$ Cell Repr: 
Success.
Accel:-$ Success.
Accel:-$ Success.
Accel:-$ Cell Val:-$ Cell Repr: 
Success.
Accel:-el:-$ Cell Value: 
Success.
AcceCell Repr: 
Success.
Accel:-$ Success.
Accel:-$ SuccesCell Repr: 
Success.
Accel:-$ Success.
Accel:-$ SucC46==MAX(MIN(-78747.274, ((D84 + 52199.231) * SIN(L97)), T26, 24242.299, -79672.786, SIN(39248.069), ABS(-9260.347), 7965.071, SUM(26090.841)))
E85="ZQGSIdeSioS4Hsb4eVQlt1urzdw9kji90PU0uBzNzJPIFu74rCnle1pe8Cj4PBDV47mIVtig4v01M7QAYqypADFqFW61JqFkSYpO"
F32==LN(COUNT(AVG(19989.796, (88289.258 * -76398.682), SIN(AVG(COUNT(45007.332, -15370.763, -64225.252, M33), 18665.431, LN(I25), 95431.864))), (-53979.127 / -77543.665), O84, -20473.523, R18, Q15, -47594.652, (I87 + 54808.316)))
G36=54317.950
M89=11836.448
O7="PmXgNNG2IJhCAnnYrOE8YemoJ10oxXypkdYhC1OZdd6F5UsWuR73EXaDZFosKp3Ul4ftcwSOqoMgpWAmULRcUlwP0EoemcmgCpbr"
Q61==SUM(T57, LOG10(6357.032))
R74=-45143.861
T67="NisNfDiw99CAQpMWzARwQvcKJaiNn5YUIghk6q9PHHnaa6vKGXrrOlZcgcU6PSkxl5TMmvqr3Xi033utWulwBkNfuLr2rIvbtgmX"
U62=-47991.907
X15==POWER(R60, LOG10(65539.460))
Z34=78342.202
Success.
Accel:-$ C46==MAX(MIN(-78747.274, ((D84 +1pe8Cj4PBDV47mIVtig4v01M7QAYqypADFqFW61JqFkSYpO"
F32==LN(COUNT(AVG(19989.796, (88289.258 * -76398.682), SIN(AVG(COUNT(45007.332, -15370.763, -64225.252, M33), 18665.431, LN(I25), 95431.864))), (-53979.127 / -77543.665), O84, -20473.523, R18, Q15, -47594.652, (I87 + 54808.316)))
G36=54317.950
M89=11836.448
O7="PmXgNNG2IJhCAnnYrOE8YemoJ10oxXypkdYhC1OZdd6F5UsWuR73EXaDZFosKp3Ul4ftcwSOqoMgpWAmULRcUlwP0EoemcmgCpbr"
Q61==SUM(T57, LOG10(6357.032))
R74=-45143.861
T67="NisNfDiw99CAQpMWzARwQvcKJaiNn5YUIghk6q9PHHnaa6vKGXrrOlZcgcU6PSkxl5TMmvqr3Xi033utWulwBkNfuLr2rIvbtgmX"
U62=-47991.907
X15==POWER(R60, LOG10(65539.460))
Z34=78342.202
Success.
Accel:-$ Success.
AcceSuccess.
Accel:-$ Success.
AccelCell Value: -79672.786
Success.
AVQlt1urzdw9kji90PU0uBzNzJPIFu74rCnle1pe8Cj4PBDV47mIVtig4v01M7QAYqy