Accel:-$ Success.
Accel:-$ Z9==ABS(I9)
Success.
Accel:-$ Success.
Accel:-$ Success.
Accel:-$ Success.
Accel:-$ Success.
Accel:-$ Cell Repr: 
Success.
Accel:-$ Cell Value: 
Success.
Accel:-$ Success.
Accel:-$ Cell Repr: 
Success.
Accel:-$ Success.
Accel:-$ Success.
Accel:-$ Success.
Accel:-$ Cell Repr: 
Success.
Accel:-$ Cell Value: 
Success.
Accel:-$ Cell Value: 
Success.
Accel:-$ Cell Value: 
Success.
Accel:-$ Success.
Accel:-$ Cell Value: 
Success.
Accel:-$ Success.
Accel:-$ Success.
Accel:-$ Success.
Accel:-$ cel:-$ Cell Repr: 
Success.
Accel:-$ Succ:-$ Cell Value: "GqlemZtxGlJDgZwm2czSeCoDdJ0TMqj3Z3tXKIRGpddgnaJ!FORMULA: CIRREF/STR/DIV0
Success.
Accel:-$ CelCell Value: 0.000
Success.
Accel: