~=~=~=~= Bloomy Sunday =~=~=~=~
1. Submit lyrics
2. View lyrics
-3. Quit
> not good.

1. Submit lyrics
2. View lyrics
-3. Quit
> Nope!

1. Submit lyrics
2. View lyrics
-3. Quit
> Nope!

1. Submit lyrics
2. View lyrics
-3. Quit
> Nope!

1. Submit lyrics
2. View lyrics
-3. Quit
> Nope!

1. Submit lyrics
2. View lyrics
-3. Quit
> Nope!

1. Submit lyrics
2. View lyrics
-3. Quit
> Nope!

1. Submit lyrics
2. VNope!

1. Submit lyrics
2. View lydepressing word detected.

1. Submit lyrics
2. View lyrics
-3. Quit
> Nope!

1. Submit lyrics
2. View lyrics
-3. Quit
> Nope!

1. Submit lyrics
2. View lyrics
-3. Qpe!

1. Submit lyrics
2. View lyrics
-3. Quit
> Nope!

1. Submit lyrics
2. View lyrics
-3. Quit
> Nopeit lyrics
2. View lyrics
-3. Quit
> 