
C - Change Diver Info
L - Log a New Dive
D - Download Dive Data
E - Edit Dives
P - Print Dive Logs
R - Remove Dives
S - Diver Statistics
X - Exit Application
:
First Name: Last Name: Street: City: State: Zip Code: Phone Number: PADI Diver Number: PADI Cert Date: 
     Name: ecnbehgpnpfefnemgf bdbeafp
  Address: fkglelfgijkjak
     City: idjmjkpicpggne
    State: om
 Zip Code: 226308427
    Phone: 25976625627720
 PADI Num: 1930826062473980945
Cert Date: 5/12/2014


C - Change Diver Info
L - Log a New Dive
D - Download Dive Data
E - Edit Dives
P - Print Dive Logs
R - Remove Dives
S - Diver Statistics
X - Exit Application
:

Dive Log is empty

C - Change Diver Info
L - Log a New Dive
D - Download Dive Data
E - Edit Dives
P - Print Dive Logs
R - Remove Dives
S - Diver Statistics
X - Exit Application
:

Dive Log is empty

C - Change Diver Info
L - Log a New Dive
D - Download Dive Data
E - Edit Dives
P - Print Dive Logs
R - Remove Dives
S - Diver Statistics
X - Exit Application
:
930826062473980945): PADI Cert Date (5/1