
C - Change Diver Info
L - Log a New Dive
D - Download Dive Data
E - Edit Dives
P - Print Dive Logs
R - Remove Dives
S - Diver Statistics
X - Exit Application
:

Dive Log is empty

C - Change Diver Info
L - Log a New Dive
D - Download Dive Data
E - Edit Dives
P - Print Dive Logs
R - Remove Dives
S - Diver Statistics
X - Exit Application
:

Dive Log is empty

C - Change Diver Info
L - Log a New Dive
D - Download Dive Data
E - Edit Dives
P - Print Dive Logs
R - Remove Dives
S - Diver Statistics
X - Exit Application
:

Dive Log is empty

C - Change Diver Info
L - Log a New Dive
D - Download Dive Data
E - Edit Dives
P - Print Dive Logs
R - Remove Dives
S - Diver Statistics
X - Exit Application
:

Dive Log is empty

C - Change Diver Info
L - Log a New Dive
D - Download Dive Data
E - Edit Dives
P - Print Dive Logs
R - Remove Dives
S - Diver Statistics
X - Exit Application
:
Dive Site: Date (2/14/2014): Time (16:32:37): Location (area/city): Max Depth in ft (121): Avg Depth in ft (66): Dive Duration (mins) (26): O2 Percentage: Pressure In (psi): Pressure Out (psi): 
C - Change Diver Info
L - Log a New Dive
D - Download Dive Data
E - Edit Dives
P - Print Dive Logs
R - Remove Dives
S - Diver Statistics
X - Exit Application
:

Dive# Date       Time     Dive Site                 Location                 
   1: 2/14/2014  16:32:37 cmlgkfhamh                pekoopfekg               

Enter Dive # to delete or blank to abort: 
C - Change Diver Info
L - Log a New Dive
D - Download Dive Data
E - Edit Dives
P - Print Dive Logs
R - Remove Dives
S - Diver Statistics
X - Exit Application
:

Dive Log is empty

C - Change Diver Info
L - Log a New Dive
D - Download Dive Data
E - Edit Dives
P - Print Dive Logs
R - Remove Dives
S - Diver Statistics
X - Exit Application
:

Dive Log is empty

C - Change Diver Info
L - Log a New Dive
D - Download Dive Data
E - Edit Dives
P - Print Dive Logs
R - Remove Dives
S - Diver Statistics
X - Exit Application
:
Date (11/7/2014): Time (02:35:24): Location  Last Name: Street: City: State: Zip C
Dive# Date       Time     Dive Site                 Location                 
   1: 11/7/2014  02:35:24 bhampfelmc                hglhbaibbo               

Enter Dive # to display: 
          Dty): Max Depth in ft: Avg Depth in ft: DivNumber (6551892353405): PADI Diver Number (2 Time     Dive Site                 Location                 
   1: 3/12/2014  05:28:38 bcelbadfel                jophefleff               
   2: 3/4/2014   21:07:37 ajkhgjobfg                oblmlipghk               

Enter Dive # to edit: 
Dive me (00:10:05): 