
C - Change Diver Info
L - Log a New Dive
D - Download Dive Data
E - Edit Dives
P - Print Dive Logs
R - Remove Dives
S - Diver Statistics
X - Exit Application
:
Dive Site: Date: Time: Location (area/city): Max Depth in ft: Avg Depth in ft: Dive Duration (mins): O2 Percentage: Pressure In (psi): Pressure Out (psi): 
C - Change Diver Info
L - Log a New Dive
D - Download Dive Data
E - Edit Dives
P - Print Dive Logs
R - Remove Dives
S - Diver Statistics
X - Exit Application
:

Dive# Date       Time     Dive Site                 Location                 
   1: 1/21/2014  20:52:29 hdmkmfmdgl                loofipchpb               

Enter Dive # to edit: Invalid dive num             
   1: 1/21/2014  20:52:29 hdmkmfmdgl                loofipchpb               

Enter Dive # to edit: 
Dive Site (hdmkmfmdglTime: Location (area/city): Max Depth in ft: 