
C - Change Diver Info
L - Log a New Dive
D - Download Dive Data
E - Edit Dives
P - Print Dive Logs
R - Remove Dives
S - Diver Statistics
X - Exit Application
:

Dive Log is empty

C - Change Diver Info
L - Log a New Dive
D - Download Dive Data
E - Edit Dives
P - Print Dive Logs
R - Remove Dives
S - Diver Statistics
X - Exit Application
:

Dive Log is empty

C - Change Diver Info
L - Log a New Dive
D - Download Dive Data
E - Edit Dives
P - Print Dive Logs
R - Remove Dives
S - Diver Statistics
X - Exit Application
:

Dive Log is empty

C - Change Diver Info
L - Log a New Dive
D - Download Dive Data
E - Edit Dives
P - Print Dive Logs
R - Remove Dives
S - Diver Statistics
X - Exit Application
:
Dive Site: Date: Time: Location (area/city): Max Depth in ft: Avg Depth in ft: Dive Duration (mins): O2 Percentage: Pressure In (psi): Pressure Out (psi): 
C - Change Diver Info
L - Log a New Dive
D - Download Dive Data
E - Edit Dives
P - Print Dive Logs
R - Remove Dives
S - Diver Statistics
X - Exit Application
:
Dive Site: Date (11/11/2014): Time (06:50:41): Location (area/city): Max Depth in ft (12Pressure In (psi): Pressure Out (psi): 
C - Change Diver Info
L - Log a New Dive
PADI Cert Date: 
     Name: ipbniahf oapccaikkjmlnjpmhpdc
  Address: klcjlndkgbkpkmnebmfacfoipgmpi
     City: jdpgmhpejbi
    State: e
 Zip Code: 570757694
    Phone: 487248860919263
 PADI Num: 1716753600785929747
Cert Date: 10/11/2014


C - Change Diver Info
L - Log a New Dive
D - Download Dive Data
E - Edit Dives
P - Print Dive Logs
R - Remove Dives
S - Diver Statistics
X - Exit Application
:

O2 Percentage: Pressure In (psi): Pressure 128): Avg Depth in ft (79): Dive Duration (mDive Site: Date (9/3/2014): Time (18:58:51):PADI Cert Date (10/11/2014): 
     Name: ipbniPressure Out (psi): 
C - Change Diver Info
L - Log a New Dive
D - Download Dive Data
E - Edit Dives
P - Print Dive Logs
R - Remove Dives
S - Diver Statistics
X - Exit Application
:

Dive