
Text Searcher: Main Menu
1. Enter Text
2. Enter Search String
3. Line Search - Partial Matches
4. Line Search - Exact Matches
5. Print Text
6. Print Search String
7. Search Text
8. Quit

[LineMatching=Partial]
Select: --Text--


Text Searcher: Main Menu
1. Enter Text
2. Enter Search String
3. Line Search - Partial Matches
4. Line Search - Exact Matches
5. Print Text
6. Print Search String
7. S Text
2. Enter Search String
3. Line Search - Partial Matches
4. Line Search - Exact Matches
5. Print Text
6. Print Search String
7. Search Text
8. Quit

[LineMatching=Partial]
Select: Input text has not been received

Text Searcher: Main Menu
1. Enter Text
2. Enter Search String
3. Line Search - Partial Matches
4. Line Search - Exact Matches
5. Print Text
6. Print Search String
7. Search Text
8. Quit

[LineMatching=Partial]
Select: Enter search string

Text Ser: Main Menu
1. Enter Text
2. Enter Search String
3. Line Search - Partial Matches
4. Line Search - Exact Matches
5. Print Text
6. Print Search String
7. Search Text
8. Quit

[SearchString=x]
[LineMatching=Exact]
Select: --Text--


Text Sear
2. Enter Search String
3. Line Search - Partial Matches
4. Line Search - Exact Matches
5. Print Text
6. Print Search String
7. Search Text
8. Quit

[SearchString=x]
[LineMatching=Exact]
Select: 
Text 
Text Searcher: Main Menu
1. Enter Text
2. Enter Search String
3. Line Search - Partial Matches
4. Line Search - Exact Matches
5. Print Text
6. Print Search String
7. Search Text
8. Quit

[SearchString=x]
[LineMatching=Partial]
Select: 
Text Searcher: Main--Search String--
x

Text Searcher: Main Menu
1. Enter Text
2. Enter Search String
3. Line Search - Partial Matches
4. Line Search - Exact Matches
5. Print Text
6. Print Search String
7. Search Text
8. Quit

[Text=XV/k:gVSt3 Y^=3...]
[SearchString=x]
[LineMatching=Partial]
Select: Enter text to search

Text SearMain Menu
1. Enter Text
2. Enter Search String
3. Line Search - Partial Matches
4. Line Search - Exact Matches
5. Print Text
6. Print Search String
7. Search Text
8. Quit

[Text=]8QGHE$Ii2 ,.p@...]
[SearchString=x]
[LineMatching=Exact]
Select: 
Text Searchal Matches
4. Line Search - Exactatches
5. Print Text
6. Print Search String
7. Search Text
8. Quit

[Text=]8QGHE$Ii2 ,.p@...]
[SearchString=x]
[LineMatching=Partial]
Select: Enter Main Menu
1. Enter Text
2. Enter Search String
3. Line Search - Partial Matches
4. Line Search - Exact Matches
5. Print Text
6. Print Search String
7. Search Text
8. Quit

[Text=T{-2+|?CZl tR'6...]
[SearchString=x]
[LineMatching=Partial]
Select: Enter text to search

Text Se
3. Line Search - Partial Matches
4. Line Search - Exact Matches
5. Print Text
6. Print Search String
7. Search Text
8. Quit

[Text=arZH/7()t> nHdW...]
[SearchString=x]
[LineMatching=Partial]
Select: Enter searer Text
2. Enter Search String
3. Lz 1o2j?s>^Ly 
dqfr7?28`S 
>^e$%-~?)e M;V'lP$r.L 
zcTxhZ*M^\ 
2)<olS7L9o UsCU6kKjB| 
qD~XF,I57q 
T5fY<VAg2h T7Q=OGA	Wu 
$l}C`\{#zv 
idI\7>[sb\ a8mj!k%^6. 
CaE0xs<raB 
&c?E~hia!) RD+Qd91a)- 
&^$Sh@'R>Z 
|+p.|#:]V4 lkLbZ2J6dE 
/,tr:|l"i3 
v)0']0Ur+^ 9OAdsA|<5" 
jaLnM[`-lR 
Snv-[puR}H >;F%fZ:vrK 
Er[F!`ALu] 
DDO:Mo\`5< nH69B>U![c 
r<%}b}W:EE 
'mD@_|1D[e IOC>E5ox*` 
9Rpn@V_^]s 
dxz1i0	'I2 Ei/t0PUH>. 
{Yy_?]qT@} 
ze:qWpVJQp Lv0xb*+0>* 
0Fjh:dbdb2 
2ymb|f^l3G meM7T#wC{P 
]W'8?	Q3B? 
1%>	7u.oUe hOPH7i69kA 
Q485X0_|S! 
lQ:U%D?m5v Y86:]~(xZ' 
}i1|GAZyY9 

Text Searcher: Main Menu
1. Enter Text
2. Enter Search String
3. Line Search - Partial Matches
4. Line Search - Exact Matches
5. Print Text
6. Print Search String
7. Search Text
8. Quit

[Text=]Ahp$e`?bz 1o2j...]
[SearchString=w?]
[LineMatching=Partial]
Select: 2ymb|f^l3Ge Search - Partial Matches
4. Li. Print Text
6. Print Search St