Password: Welcome to Hangman Blondie!
Choose your word seed. Please send 4 bytes

   ---
   | |
     |
     |
     |
     |
 -----
 |   |

used:      ""
available: "abcdefghijklmnopqrstuvwxyz"

current: ________

Your guess: 
Haha, Tuco is feeling that rope a little more!

   ---
   | |
   O |
     |
     |
     |
 -----
 |   |

used:      "z"
available: "abcdefghijklmnopqrstuvwxy"

current: ________

Your guess: 
Haha, Tuco is feeling that rope a little more!

   ---
   | |
   O |
   | |
     |
     |
 -----
 |   |

used:      "zy"
available: "abcdefghijklmnopqrstuvwx"

current: ________

Your guess: 
Haha, Tuco is feeling that rope a little more!

   ---
   | |
   O |
  /| |
     |
     |
 -----
 |   |

used:      "zyx"
available: "abcdefghijklmnopqrstuvw"

current: ________

Your guess: 
Haha, Tuco is feeling that rope a little more!

   ---
   | |
   O |
  /|\|
     |
     |
 -----
 |   |

used:      "zyxw"
available: "abcdefghijklmnopqrstuv"

current: ________

Your guess: 
Haha, Tuco is feeling that rope a little more!

   ---
   | |
   O |
  /|\|
   | |
     |
 -----
 |   |

used:      "zyxwv"
available: "abcdefghijklmnopqrstu"

current: ________

Your guess: 
Haha, Tuco is feeling that rope a little more!

   ---
   | |
   O |
  /|\|
   | |
  /  |
 -----
 |   |

used:      "zyxwvq"
available: "abcdefghijklmnoprstu"

current: ________

Your guess: 
   ---
   | |
   O |
  /|\|
   | |
  / \|
 -----
 |   |


Blondie, you missed, Tuco has been hanged.
The correct word is: limettin.
Play again (y/n)? Choose your word seed. Please send 4 bytes

   ---
   | |
     |
     |
     |
     |
 -----
 |   |

used:      ""
available: "abcdefghijklmnopqrstuvwxyz"

current: ________

Your guess: 
Miraculously, you have manage to prolong Tuco's life.

   ---
   | |
     |
     |
     |
     |
 -----
 |   |

used:      "l"
available: "abcdefghijkmnopqrstuvwxyz"

current: l_______

Your guess: 
Miraculously, you have manage to prolong Tuco's life.

   ---
   | |
     |
     |
     |
     |
 -----
 |   |

used:      "li"
available: "abcdefghjkmnopqrstuvwxyz"

current: li____i_

Your guess: 
Miraculously, you have manage to prolong Tuco's life.

   ---
   | |
     |
     |
     |
     |
 -----
 |   |

used:      "lim"
available: "abcdefghjknopqrstuvwxyz"

current: lim___i_

Your guess: 
Miraculously, you have manage to prolong Tuco's life.

   ---
   | |
     |
     |
     |
     |
 -----
 |   |

used:      "lime"
available: "abcdfghjknopqrstuvwxyz"

current: lime__i_

Your guess: 
Miraculously, you have manage to prolong Tuco's life.

   ---
   | |
     |
     |
     |
     |
 -----
 |   |

used:      "limet"
available: "abcdfghjknopqrsuvwxyz"

current: limetti_

Your guess: 
Nice shot Blondie, you freed Tuco.
The correct word is: limettin.
Congratulations blondie, add yourself to the high score list
What is your name? New member of the HOF: 1¯ŸîÈ:Ê/abc"J$;7~UJ:defyÀGC‰ÀGC
Play again (y/n)?  (y/n)? 