Password: Welcome to Hangman Blondie!
Choose your word seed. Please send 4 bytes

   ---
   | |
     |
     |
     |
     |
 -----
 |   |

used:      ""
available: "abcdefghijklmnopqrstuvwxyz"

current: _________

Your guess: 
Miraculously, you have manage to prolong Tuco's life.

   ---
   | |
     |
     |
     |
     |
 -----
 |   |

used:      "z"
available: "abcdefghijklmnopqrstuvwxy"

current: ______z__

Your guess: 
Haha, Tuco is feeling that rope a little more!

   ---
   | |
   O |
     |
     |
     |
 -----
 |   |

used:      "zy"
available: "abcdefghijklmnopqrstuvwx"

current: ______z__

Your guess: 
Haha, Tuco is feeling that rope a little more!

   ---
   | |
   O |
   | |
     |
     |
 -----
 |   |

used:      "zyx"
available: "abcdefghijklmnopqrstuvw"

current: ______z__

Your guess: 
Haha, Tuco is feeling that rope a little more!

   ---
   | |
   O |
  /| |
     |
     |
 -----
 |   |

used:      "zyxw"
available: "abcdefghijklmnopqrstuv"

current: ______z__

Your guess: 
Haha, Tuco is feeling that rope a little more!

   ---
   | |
   O |
  /|\|
     |
     |
 -----
 |   |

used:      "zyxwv"
available: "abcdefghijklmnopqrstu"

current: ______z__

Your guess: 
Haha, Tuco is feeling that rope a little more!

   ---
   | |
   O |
  /|\|
   | |
     |
 -----
 |   |

used:      "zyxwvq"
available: "abcdefghijklmnoprstu"

current: ______z__

Your guess: 
Haha, Tuco is feeling that rope a little more!

   ---
   | |
   O |
  /|\|
   | |
  /  |
 -----
 |   |

used:      "zyxwvqk"
available: "abcdefghijlmnoprstu"

current: ______z__

Your guess: 
   ---
   | |
   O |
  /|\|
   | |
  / \|
 -----
 |   |


Blondie, you missed, Tuco has been hanged.
The correct word is: decatizer.
Play again (y/n)? Choose your word seed. Please send 4 bytes

   ---
   | |
     |
     |
     |
     |
 -----
 |   |

used:      ""
available: "abcdefghijklmnopqrstuvwxyz"

current: _________

Your guess: 
Miraculously, you have manage to prolong Tuco's life.

   ---
   | |
     |
     |
     |
     |
 -----
 |   |

used:      "d"
available: "abcefghijklmnopqrstuvwxyz"

current: d________

Your guess: 
Miraculously, you have manage to prolong Tuco's life.

   ---
   | |
     |
     |
     |
     |
 -----
 |   |

used:      "de"
available: "abcfghijklmnopqrstuvwxyz"

current: de_____e_

Your guess: 
Miraculously, you have manage to prolong Tuco's life.

   ---
   | |
     |
     |
     |
     |
 -----
 |   |

used:      "dec"
available: "abfghijklmnopqrstuvwxyz"

current: dec____e_

Your guess: 
Miraculously, you have manage to prolong Tuco's life.

   ---
   | |
     |
     |
     |
     |
 -----
 |   |

used:      "deca"
available: "bfghijklmnopqrstuvwxyz"

current: deca___e_

Your guess: 
Miraculously, you have manage to prolong Tuco's life.

   ---
   | |
     |
     |
     |
     |
 -----
 |   |

used:      "decat"
available: "bfghijklmnopqrsuvwxyz"

current: decat__e_

Your guess: 
Miraculously, you have manage to prolong Tuco's life.

   ---
   | |
     |
     |
     |
     |
 -----
 |   |

used:      "decati"
available: "bfghjklmnopqrsuvwxyz"

current: decati_e_

Your guess: 
Miraculously, you have manage to prolong Tuco's life.

   ---
   | |
     |
     |
     |
     |
 -----
 |   |

used:      "decatiz"
available: "bfghjklmnopqrsuvwxy"

current: decatize_

Your guess: 
Nice shot Blondie, you freed Tuco.
The correct word is: decatizer.
Congratulations blondie, add yourself to the high score list
What is your name? New member of the HOF: 5Å\Tã8|abc\@ÝM¢¯def¶ÀGCÆÀGC
Play again (y/n)?  (y/n)? 