8 [1;35;47mâ™œ [0m[1;35;40mâ™ž [0m[1;35;47mâ™ [0m[1;35;40mâ™› [0m[1;35;47mâ™š [0m[1;35;40mâ™ [0m[1;35;47mâ™ž [0m[1;35;40mâ™œ [0m
7 [1;35;40mâ™Ÿ [0m[1;35;47mâ™Ÿ [0m[1;35;40mâ™Ÿ [0m[1;35;47mâ™Ÿ [0m[1;35;40mâ™Ÿ [0m[1;35;47mâ™Ÿ [0m[1;35;40mâ™Ÿ [0m[1;35;47mâ™Ÿ [0m
6 [1;36;47m  [0m[1;36;40m  [0m[1;36;47m  [0m[1;36;40m  [0m[1;36;47m  [0m[1;36;40m  [0m[1;36;47m  [0m[1;36;40m  [0m
5 [1;36;40m  [0m[1;36;47m  [0m[1;36;40m  [0m[1;36;47m  [0m[1;36;40m  [0m[1;36;47m  [0m[1;36;40m  [0m[1;36;47m  [0m
4 [1;36;47m  [0m[1;36;40m  [0m[1;36;47m  [0m[1;36;40m  [0m[1;36;47m  [0m[1;36;40m  [0m[1;36;47m  [0m[1;36;40m  [0m
3 [1;36;40m  [0m[1;36;47m  [0m[1;36;40m  [0m[1;36;47m  [0m[1;36;40m  [0m[1;36;47m  [0m[1;36;40m  [0m[1;36;47m  [0m
2 [1;36;47mâ™™ [0m[1;36;40mâ™™ [0m[1;36;47mâ™™ [0m[1;36;40mâ™™ [0m[1;36;47mâ™™ [0m[1;36;40mâ™™ [0m[1;36;47mâ™™ [0m[1;36;40mâ™™ [0m
1 [1;36;40mâ™– [0m[1;36;47mâ™˜ [0m[1;36;40mâ™— [0m[1;36;47mâ™• [0m[1;36;40mâ™” [0m[1;36;47mâ™— [0m[1;36;40mâ™˜ [0m[1;36;47mâ™– [0m
  a b c d e f g h 
[1;36m>[0m 
e4baaaaf2c080628a8baaaaf2c0000000000000000000000000000000000000000000000000000000000000000000000000000000000000000000000000000000000000001000000040000000300000004000000001000ef00000000000000000000ff0000000000810000000000000000810000000000004200000000000000004200000000000024000000000000000024000000000000080000000000000000080000000000001000000000000000001000000000000001000000010000000100000001000000020000000400000000000000003fc6a123
00000038
1 [1;36;47mâ™– [0m[1;36;40mâ™˜ [0m[1;36;47mâ™— [0m[1;36;40mâ™” [0m[1;36;47mâ™• [0m[1;36;40mâ™— [0m[1;36;47mâ™˜ [0m[1;36;40mâ™– [0m
2 [1;36;40mâ™™ [0m[1;36;47mâ™™ [0m[1;36;40mâ™™ [0m[1;36;47m  [0m[1;36;40mâ™™ [0m[1;36;47mâ™™ [0m[1;36;40mâ™™ [0m[1;36;47mâ™™ [0m
3 [1;36;47m  [0m[1;36;40m  [0m[1;36;47m  [0m[1;36;40m  [0m[1;36;47m  [0m[1;36;40m  [0m[1;36;47m  [0m[1;36;40m  [0m
4 [1;36;40m  [0m[1;36;47m  [0m[1;36;40m  [0m[1;36;47mâ™™ [0m[1;36;40m  [0m[1;36;47m  [0m[1;36;40m  [0m[1;36;47m  [0m
5 [1;36;47m  [0m[1;36;40m  [0m[1;36;47m  [0m[1;36;40m  [0m[1;36;47m  [0m[1;36;40m  [0m[1;36;47m  [0m[1;36;40m  [0m
6 [1;36;40m  [0m[1;36;47m  [0m[1;36;40m  [0m[1;36;47m  [0m[1;36;40m  [0m[1;36;47m  [0m[1;36;40m  [0m[1;36;47m  [0m
7 [1;35;47mâ™Ÿ [0m[1;35;40mâ™Ÿ [0m[1;35;47mâ™Ÿ [0m[1;35;40mâ™Ÿ [0m[1;35;47mâ™Ÿ [0m[1;35;40mâ™Ÿ [0m[1;35;47mâ™Ÿ [0m[1;35;40mâ™Ÿ [0m
8 [1;35;40mâ™œ [0m[1;35;47mâ™ž [0m[1;35;40mâ™ [0m[1;35;47mâ™š [0m[1;35;40mâ™› [0m[1;35;47mâ™ [0m[1;35;40mâ™ž [0m[1;35;47mâ™œ [0m
  h g f e d c b a 
[0;35m>[0m 