1. Load File
2. Quit

--NO FILE LOADED--
1. Load New File
2. Wave Visualizer
3. EQ Visualizer
4. Power Visualizer
5. Enable Low Pass Filter
6. Enable High Pass Filter
7. Disable Filters
8. Set visualization speed multiplier (0-9)
9. Quit

--Current Track: Sampled @4000Hz 16 bit, Stereo - Data Size=5560
::Options: Filter Type=None | Visualization Slowdown Multiplier=0::

1. Load New File
2. Wave Visualizer
3. EQ Visualizer
4. Power Visualizer
5. Enable Low Pass Filter
6. d multiplier (0-9)
9. Quit

--Cur   
   
   
   
   
   
   
   
   
   
   
   
   
   
   
   
   
   
   
   
   
   
   
   
   
   
   
   
   
   
   
   
   
   
   
   
   
   
   
   
   
   
   
   
   
   
   
   
   
   ||     ||     ||     ||     ||     ||     ||     ||     ||     |
   |     ||     ||     ||     ||     ||     ||     ||     ||     ||

++++END VISUALIZATION++++

1. Load New File
2. Wave Visualizer
3. EQ Visualizer
4. Power Visualizer
5. Enable Low Pass Filter
6. Enable High Pass Filter
7. Disable Filters
8. Set visualization speStereo - Data Size=5560
::Options:

++++END VISUALIZATION++++

1. Load New File
2. Wave Visualizer
3. EQ Visualizer
4. Power Visualizer
5. Enable Low Pass Filter
6. Enable High Pass Filter
7. Disable Filters
8. Set visualization speed multiplier (0-9)
9. Quit

--Current Track: Sampled @4000Hz 16 bion Slowdown Multiplier=0::

1. Lr (0-9)
9. Quit

--Current Track:

++++END VISUALIZATION++++

1. Load New File
2. Wave Visualizer
3. EQ Visualizer
4. Power Visualize Set visualization speed multipliier=0::



++++END VISUALIZATION++++

1. Load New File
2. Wave Visualizer
3. EQ Visualizer
4. Power Visualizer
5. Enable Low Pass Filter
6. Enable High Pass Filter
7. Disable Filters
8. Set visualization speed multiplier (0-9)
9. Quit

--Current Track: Sampled @400n Multiplier=0::

1. Load New Fiave Visualizer
3. EQ Visualizer
4. Power Visualizer
5. Enable Low Pass Filter
6. Enable High Pass Filter
7. Disable Filters
8. Set visualization speed multiplier (0-9)
9. Quit

--Current Track: Sampled @4000Hz 16 bit, Stereo - Data Size=5560
::Options: Filter Type=High Pass | Visualization Slowdown Multiplier=0::

