1. Load File
2. Quit

--NO FILE LOADED--
1. Load New File
2. Wave Visualizer
3. EQ Visualizer
4. Power Visualizer
5. Enable Low Pass Filter
6. Enable High Pass Filter
7. Disable Filters
8. Set visualization speed multiplier (0-9)
9. Quit

--Current Track: Sampled @4000Hz 16 bit, Mono - Data Size=970
::Options: Filter Type=None | Visualization Slowdown Multiplier=0::

1. Load New File
2. Wave Visualizer
3. EQ Visualizer
4. Power Visualizer
5. . Disable Filters
8. Set visualization speed multiplier (0-9)
9. Q

++++END VISUALIZATION++++

1. Load New File
2. Wave Visualizer
3Current Track: Sampled @4000Hz 16  
   
   
   
   
   
   
   
    
   
   
   
   
   
   
   
   
   
   
   
   
   
   
   
   
   
   
   
   
   
   
   
   
|     |
   |     ||     ||     ||   ||     ||     |
   |     ||     ||     ||     ||     ||     ||     ||     ||     ||     ||     ||     |
   |     ||     ||     ||     ||     ||     ||     ||     ||     ||     ||     ||     |
   |     ||     ||     ||     ||     ||     ||     ||     ||     ||     ||     ||     |
   |     ||     ||     ||     ||     ||     ||     ||     ||     ||     ||     ||     |
   |     ||     ||     ||     ||     ||     ||     ||     ||     ||     ||     ||     |
   |     ||     ||     ||     ||     ||     ||     ||     ||     ||     ||     ||     |
   |     ||     ||     ||     ||     ||     ||     ||     ||     ||     ||     ||     |
   |     ||     ||     ||     ||     ||     ||     ||     ||     ||     ||     ||     |
   |     ||     ||     ||     ||     ||     ||     ||     ||     ||     ||     ||     |
   |     ||     ||     ||     ||     ||     ||     ||     ||     ||     ||     ||     |
   |     ||     ||     ||     ||     ||     ||     ||     ||     ||     ||     ||     |
   |     ||     ||     ||     ||     ||     ||     ||     ||     ||     ||     ||     |
   |     ||     ||     ||     ||     ||     ||     ||     ||     ||     ||     ||     |
   |     ||     ||     ||     ||     ||     ||     ||     ||     ||     ||     ||     |
   |     ||     ||     ||     ||     ||     ||     ||     ||     ||     ||     ||     |
   |     ||     ||     ||     ||     ||     ||     ||     ||     ||     ||     ||     |
   |     ||     ||     ||     ||     ||     ||     ||     ||     ||     ||     ||     |
   |     ||     ||     ||     ||     ||     ||     ||     ||     ||     ||     ||     |
   |     ||     ||     ||     ||     ||     ||     ||     ||     ||     ||     ||     |
   |     ||     ||     ||     ||     ||     ||     ||     ||     ||     ||     ||     |
   |     ||     ||     ||     ||     ||     ||     ||     ||     ||     ||     ||     |
   |     ||     ||     ||     ||     ||     ||     ||     ||     ||     ||     ||     |
   |     ||     ||     ||     ||     ||     ||     ||     ||     ||     ||     ||     |
   |     ||     ||     ||     ||     ||     ||     ||     ||     ||     ||     ||     |
   |     ||     ||     ||     ||     ||     ||     ||     ||     ||     ||     ||     |
   |     ||     ||     ||     ||     ||     ||     ||     ||     ||     ||     ||     |
   |     ||     ||     ||     ||     ||     ||     ||     ||     ||     ||     ||     |
   |     ||     ||     ||     ||     ||     ||     ||     ||     ||     ||     ||     |
   |-----||-----||-----||-----||-----||-----||-----||-----||-----||-----||-----||-----|
++++END VISUALIZATION++++

1. Load New File
2. Wave Visualizer
3. EQ Visualizer
4. Power Visualizer
5. Enable Low Pass Filter
6. Enable High Pass Filter
7. Disable Filters
8. Set visualization speed multiplier (0-9)
9. Quit

--Current Track: Sampled @4000Hz 16 be Visualizer
3. EQ Visualizer
4. Current Track: Sampled @4000Hz 1ono - Data Size=970
::Options: Filt

++++END VISUALIZATION++++

1. Lve Visualizer
3. EQ Visualizer
4. bit, Mono - Data Size=970
::Opt
   
   
   
   
   
   
   
   
 
   
   
   
   
   
   
   
   
   
   
   
   
   |     ||     |     ||       
   
   
   
   
   
   
   
   
   
   
   
   
   
   
   
  |     ||     ||     ||     ||      ||     ||     |
   |     ||    |     ||     ||     ||     ||     ||     ||     ||     ||     ||     ||     ||     |
   |     ||     ||     ||     ||     ||     ||     ||     ||     ||     ||     ||     |
   |     ||     ||     ||     ||     ||     ||     ||     ||     ||     ||     ||     |
   |     ||     ||     ||     ||     ||     ||     ||     ||     ||     ||     ||     |
   |     ||     ||     ||     ||     ||     ||     ||     ||     ||     ||     ||     |
   |     ||     ||     ||     ||     ||     ||     ||     ||     ||     ||     ||     |
   |     ||     ||     ||     ||     ||     ||     ||     ||     ||     ||     ||     |
   |     ||     ||     ||     ||     ||     ||     ||     ||     ||     ||     ||     |
   |     ||     ||     ||     ||     ||     ||     ||     ||     ||     ||     ||     |
   |     ||     ||     ||     ||     ||     ||     ||     ||     ||     ||     ||     |
   |     ||     ||     ||     ||     ||     ||     ||     ||     ||     ||     ||     |
   |     ||     ||     ||     ||     ||     ||     ||     ||     ||     ||     ||     |
   |     ||     ||     ||     ||     ||     ||     ||     ||     ||     ||     ||     |
   |     ||     ||     ||     ||     ||     ||     ||     ||     ||     ||     ||     |
   |     ||     ||     ||     ||     ||     ||     ||     ||     ||     ||     ||     |
   |     ||     ||     ||     ||     ||     ||     ||     ||     ||     ||     ||     |
   |     ||     ||     ||     ||     ||     ||     ||     ||     ||     ||     ||     |
   |     ||     ||     ||     ||     ||     ||     ||     ||     ||     ||     ||     |
   |     ||     ||     ||     ||     ||     ||     ||     ||     ||     ||     ||     |
   |     ||     ||     ||     ||     ||     ||     ||     ||     ||     ||     ||     |
   |     ||     ||     ||     ||     ||     ||     ||     ||     ||     ||     ||     |
   |     ||     ||     ||     ||     ||     ||     ||     ||     ||     ||     ||     |
   |     ||     ||     ||     ||     ||     ||     ||     ||     ||     ||     ||     |
   |     ||     ||     ||     ||     ||     ||     ||     ||     ||     ||     ||     |
   |     ||     ||     ||     ||     ||     ||     ||     ||     ||     ||     ||     |
   |     ||     ||     ||     ||     ||     ||     ||     ||     ||     ||     ||     |
   |-----||-----||-----||-----||-----||-----||-----||-----||-----||-----||-----||-----|
++++END VISUALIZATION++++

1. Load New File
2. Wave Visualizer
3. EQ Visualizer
4. Power Visualizer
5. Enable Low Pass Filter
6. Enable High Pass Filter
7. Disable Filters
8. Set visualization speed multiplier (0-9)
9. Quit

--Current Track: Sampled @4000Hz 16 bit, Mono - Data Size=970
::Options: Filter Type=None | Visualization Slowdown Multiplier=0::

1. Loak: Sampled @4000Hz 16 bit, Mono -  Size=970
::Options: Filter Type=None | Visualization Slowdown Multiplier=0::

1. Load New File
2. 2. Wave Visualizer
3. EQ Visualizer
4. Power Visualizer
5. Enable Low Pass Filter
6. Enable High Pass Filter
7. Disable Filters
8. Set visualization speed multiplier (0-9)
9. Quit

--Current Track: Sampled @4000Hz 16 bit, Mono - Data Size=9. Set visualization speed multipl::

1. Load New File
2. Wave Visual EQ Visualizer
4. Power Visualizer
5. Enable Low Pass Filter
6. Enable High Pass Filter
7. Disable Filters
8. Set visualization speed multiplier (0-9)
9. Quit

--Current Track: Sampled @4000Hz 16 bit, Mono - Data Size=970
::Options: Filter Type=Low Pass | Visualization Slowdown Multiplier=0::

1. Load New File
2. Wave Visualizer
3. EQ Visualizer
4. Power Visualizer
5. Enable Low Pass Filter
6. Enable High Pass Filter
7. Disable Filters
8. Set visualization speed multiplier (0-9)
9. Quit

--Current Track: Sampled @4000Hz 16 bit, Mono - Data Size=970
::Options: Filter Type=High Pass | Visualization Slowdown Multiplier=0::



++++END VISUALIZATION++++

1. Load New File
2mpled @4000Hz 16 bit, Mono - Dat
   
   
   
   
   
   
   
   
   
   
   
   
   
   
   
   

   
   
   
   
   
   
   
   
 |     ||     ||     ||     || 

++++END VISUALIZATION++++

1. Load New File
2. Wave Visualizer
3. EQ Visualizer
4. Power Visualizer
5. Enable Low Pass Filter
6. Enable High Pass Filter
7. Dis
9. Quit

--Current Track: Samplen Slowdown Multiplier=0::

   
    
   
   
   
   
   
   
   
  ||     ||     |
   |     ||     ||||     ||     ||     ||     ||      ||     ||     ||     |
   |     ||     ||     ||     ||     ||  ||     ||     ||     ||     ||    |
   |     ||     ||     ||      
   
   
   
   
   
   
   
   
   
   
   
   
   
   
   
   
    ||     ||     ||     ||     ||     ||     ||     ||     ||   
   |     ||     ||     ||     ||     ||     ||     ||     ||     ||     ||     ||     |
   |     ||     ||     ||     ||     ||     ||     ||     ||     ||     ||     ||     |
   |     ||     ||     ||     ||     ||     ||     ||     ||     ||     ||     ||     |
   |     ||     ||     ||     ||     ||     ||     ||     ||     ||     ||     ||     |
   |     ||     ||     ||     ||     ||     ||     ||     ||     ||     ||     ||     |
   |     ||     ||     ||     ||     ||     ||     ||     ||     ||     ||     ||     |
   |     ||     ||     ||     ||     ||     ||     ||     ||     ||     ||     ||     |
   |     ||     ||     ||     ||     ||     ||     ||     ||     ||     ||     ||     |
   |     ||     ||     ||     ||     ||     ||     ||     ||     ||     ||     ||     |
   |     ||     ||     ||     ||     ||     ||     ||     ||     ||     ||     ||     |
   |     ||     ||     ||     ||     ||     ||     ||     ||     ||     ||     ||     |
   |     ||     ||     ||     ||     ||     ||     ||     ||     ||     ||     ||     |
   |     ||     ||     ||     ||     ||     ||     ||     ||     ||     ||     ||     |
   |     ||     ||     ||     ||     ||     ||     ||     ||     ||     ||     ||     |
   |     ||     ||     ||     ||     ||     ||     ||     ||     ||     ||     ||     |
   |     ||     ||     ||     ||     ||     ||     ||     ||     ||     ||     ||     |
   |     ||     ||     ||     ||     ||     ||     ||     ||     ||     ||     ||     |
   |     ||     ||     ||     ||     ||     ||     ||     ||     ||     ||     ||     |
   |     ||     ||     ||     ||     ||     ||     ||     ||     ||     ||     ||     |
   |     ||     ||     ||     ||     ||     ||     ||     ||     ||     ||     ||     |
   |     ||     ||     ||     ||     ||     ||     ||     ||     ||     ||     ||     |
   |     ||     ||     ||     ||     ||     ||     ||     ||     ||     ||     ||     |
   |     ||     ||     ||     ||     ||     ||     ||     ||     ||     ||     ||     |
   |     ||     ||     ||     ||     ||     ||     ||     ||     ||     ||        
   
   
   
   
   
   
   
   
   
   
   
   
   
   
   
   
   
   
   
   
   
   
   
   
   
   
   
   
   
   
   
   
    ||     ||     ||     ||     || Visualizer
5. Enable Low Pass FiMono - Data Size=970
::Options: Fpe=None | Visualization Slowdown Multiplier=0::

EXITING...
