1. Load File
2. Quit

--NO FILE LOADED--
1. Load New File
2. Wave Visualizer
3. EQ Visualizer
4. Power Visualizer
5. Enable Low Pass Filter
6. Enable High Pass Filter
7. Disable Filters
8. Set visualization speed multiplier (0-9)
9. Quit

--Current Track: Sampled @8000Hz 8 bit, Stereo - Data Size=1734
::Options: Filter Type=None | Visualization Slowdown Multiplier=0::

   
   
   
   
   
   
   
   
   
   
   
   
   
   
   
   
   
   
   
   
   
   
   
   
   
   
   
   
   
   
   
   
   
   
   
   
   
   
   
   
   
   
   
   
   
   
   
   
   
   

   |     ||     ||     ||     ||   ||     ||     ||     ||     ||     ||     ||     ||     ||     ||     ||     |
   |     ||     ||     ||     ||     ||     ||     ||     ||     ||     ||     ||     |
   |     ||     ||     ||     ||     ||     ||     ||     ||     ||     ||     ||     |
   |     ||     ||     ||     ||     ||     ||     ||     ||     ||     ||     ||     |
   |     ||     ||     ||     ||     ||     ||     ||     ||     ||     ||     ||     |
   |     ||     ||     ||     ||     ||     ||     ||     ||     ||     ||     ||     |
   |     ||     ||     ||     ||     ||     ||     ||     ||     ||     ||     ||     |
   |     ||     ||     ||     ||     ||     ||     ||     ||     ||     ||     ||     |
   |     ||     ||     ||     ||     ||     ||     ||     ||     ||     ||     ||     |
   |     ||     ||     ||     ||     ||     ||     ||     ||     ||     ||     ||     |
   |     ||     ||     ||     ||     ||     ||     ||     ||     ||     ||     ||     |
   |     ||     ||     ||     ||     ||     ||     ||     ||     ||     ||     ||     |
   |     ||     ||     ||     ||     ||     ||     ||     ||     ||     ||     ||     |
   |     ||     ||     ||     ||     ||     ||     ||     ||     ||     ||     ||     |
   |     ||     ||     ||     ||     ||     ||     ||     ||     ||     ||     ||     |
   |     ||     ||     ||     ||     ||     ||     ||     ||     ||     ||     ||     |
   |     ||     ||     ||     ||     ||     ||     ||     ||     ||     ||     ||     |
   |     ||     ||     ||     ||     ||     ||     ||     ||     ||     ||     ||     |
   |     ||     ||     ||     ||     ||     ||     ||     ||     ||     ||     ||     |
   |     ||     ||     ||     ||     ||     ||     ||     ||     || |     ||     |
   |     ||     ||     ||     ||     ||     ||     ||     ||     ||     ||     ||    alizer
4. Power Visualizer
5. En

++++END VISUALIZATION++++

1. Load New File
2. Wave Visualizer
3. EQ Visualizer
4. Power Visualizer
5. Enable Low Pass Filter
6. Enable High Pass Filter
7. Disable ation Slowdown Mult: 1, 2, 3, 4, 5, 6, 7, 8, 9
1. Load New File
2. Wave Visualizer
3. EQ Visualizer
4. Power Visualizer
5. Enable Low Pass Filter
6. Enable High Pass Filter
7. Disable Filters
8. Set visualization speed multiplier (0-9)
9. Quit

--Current Track: Sampled @8000Hz 8 bit, Stereo - Data Size=1734
::Options: Filter Type=Low Pass | Visualization Slowdown Multiplier=0::

1. Load New FileWave Visualizer
3. EQ Visualizer
4. Power Visualizer
5. Enable Low Pass Filter
6. Enable High Pass Filter
7. Disable Filters
8. Set visualization speed multiplier (0-9)
9. Quit

--Current Track: Sampled @8000Hz 8 bit, Stereo - Data Size=1734
::Options: Filter Type=None | Visualization Slowdown Multiplier=0::

1. d New File
2. Wave Visualizer
3. Data Size=1734
::Options: Filter Type=High Pass | Visualization Slowdown Multiplier=0::

1. Load New File
2. Wave 

++++END VISUALIZATION++++

1. Lor Visualizer
5. Enable Low Pass Fpled @8000Hz 8 bit, Stereo - Dataoad New File
2. Wave Visualizer
3led @8000Hz 8 bit, Stereo - Data Size=1734
::Options: Filter Type=Low Pass | Visualization Slowdown Multiplier=0::

   
   
   
   
   
   
   
   
   
   
   
   
   
   
   
   
   
   
   
   
   
   
   
   
   
   
 
   
   
   
   
   
   
   
    |     ||     ||     ||     ||   ||     ||     ||     |
   |     ||     ||     ||     ||     ||     ||     ||     ||     ||     ||     ||     |
   |     ||     ||     ||     ||     ||     ||     ||     ||     ||     ||     ||     |
   |     ||     ||     ||     ||     ||     ||     ||     ||     ||     ||     ||     |
   |     ||     ||     ||     ||     ||     ||     ||     ||     ||     ||     ||     |
   |     ||     ||     ||     ||     ||     ||     ||     ||     ||     ||     ||     |
   |     ||     ||     ||     ||     ||     ||     ||     ||     ||     ||     ||     |
   |     ||     ||     ||     ||     ||     ||     ||     ||     ||     ||     ||     |
   |     ||     ||     ||     ||     ||     ||     ||     ||     ||     ||     ||     |
   |     ||     ||     ||     ||     ||     ||     ||     ||     ||     ||     ||     |
   |     ||     ||     ||     ||     ||     ||     ||     ||     ||     ||     ||     |
   |     ||     ||     ||     ||     ||     ||     ||     ||     ||     ||     ||     |
   |     ||     ||     ||     ||     ||     ||     ||     ||     ||     ||     ||     |
   |     ||     ||     ||     ||     ||     ||     ||     ||     ||     ||     ||     |
   |     ||     ||     ||     ||     ||     ||     ||     ||     ||     ||     ||     |
   |     ||     ||     ||     ||     ||     ||     ||     ||     ||     ||     ||     |
   |     ||     ||     ||     ||     ||     ||     ||     ||     ||     ||     ||     |
   |     ||     ||     ||     ||     ||     ||     ||     ||     ||     ||     ||     |
   |     ||     ||     ||     ||     ||     ||     ||     ||     ||     ||     ||     |
   |     ||     ||     ||     ||     ||     ||     ||     ||     ||     ||     ||     |
   |     ||     ||     ||     ||     ||     ||     ||     ||     ||     ||     ||     |
   |     ||     ||     ||     ||     ||     ||     ||     ||     ||     ||     ||     |
   |     ||     ||     ||     ||     ||     ||     ||     ||     ||     ||     ||     |
   |     ||     ||     ||     ||     ||     ||     ||     ||     ||     ||     ||     |
   |     ||     ||     ||     ||     ||     ||     ||     ||     ||     ||     ||     |
   |     ||     ||     ||     ||     ||     ||     ||     ||     ||     ||     ||     |
   |     ||     ||     ||     ||     ||     ||     ||     ||     ||     ||     ||     |
   |-----||-----||-----||-----||-----||-----||-----||-----||-----||-----||-----||-----|
++++END VISUALIZATION++++

1. Load New File
2. Wave Visualizer
3. EQ Visualizer
4. Power Visualizer
5. Enable Low Pass Filter
6. Enable High Pass Filter
7. Disable Filters
8. Set visualization speed multiplier (0-9)
9. Quit

--Current Track: Sampled @8000Hz 8 bit, Stereo - Data Size=1734
::Options: Filter Type=Low Pass | Visualization Slowdown Multiplier=0::



++++END VISUALIZATION++++

1. Load New File
2. Wave Visualizer
3. EQ Visualizer
4. Power Visualizer
5. Enable Low Pass Filter
6. Enable Highss Filter
7. Disable Filters
8.    
   
   
   
   
   
   
   
   
   
   
   
   
   
   
   
   
   
   
   
   
   
   
   
   
   
   
   
   
   
   
   
   
||     ||     ||     |
   |     |    ||     |3. EQ Visualizer
4. Power Visualizzation speed multiplier (0-9)
9.    
   
   
   
   
   
   
   
   
   
   
   
   
   
   
   
   
   
   
   
   
   
   
   
   
   
   
   
   
   
   
   
   
   
   
   
   
   
   
   
   
       ||     ||     ||     ||     |     ||     ||     ||     ||          |
   |     ||     ||     ||     ||     ||     ||     ||     ||     ||     ||     ||     |
   |     ||     ||     ||     ||     ||     ||     ||     ||     ||     ||     ||     |
   |     ||     ||     ||     ||     ||     ||     ||     ||     ||     ||     ||     |
   |     ||     ||     ||     ||     ||     ||     ||     ||     ||     ||     ||     |
   |     ||     ||     ||     ||     ||     ||     ||     ||     ||     ||     ||     |
   |     ||     ||     ||     ||     ||     ||     ||     ||     ||     ||     ||     |
   |     ||     ||     ||     ||     ||     ||     ||     ||     ||     ||     ||     |
   |     ||     ||     ||     ||     ||     ||     ||     ||     ||     ||     ||     |
   |     ||     ||     ||     ||     ||     ||     ||     ||     ||     ||     ||     |
   |     ||     ||     ||     ||     ||     ||     ||     ||     ||     ||     ||     |
   |     ||     ||     ||     ||     ||     ||     ||     ||     ||     ||     ||     |
     ||     ||     ||     ||     ||     ||     ||     ||     ||     |
   |     ||     ||     ||     ||     ||     ||     ||     ||     ||     ||     ||     |
   |     ||     ||     ||     ||     ||     ||     ||     ||     ||     ||     ||     |
   |     ||     ||     ||     ||     ||     ||     ||     ||     ||     ||     ||     |
   |     ||     ||     ||     ||     ||     ||     ||     ||     ||     ||     ||     |
   |     ||     ||     ||     ||     ||     ||     ||     ||     ||     ||     ||     |
   |     ||     ||     ||     ||     ||     ||     ||     ||     ||     ||     ||     |
   |     ||     ||     ||     ||     ||     ||     ||     ||     ||     ||     ||     |
   |     ||     ||     ||     ||     ||     ||     ||     ||     ||     ||     ||     |
   |     ||     ||     ||     ||     ||     ||     ||     ||     ||     ||     ||     |
   |     ||     ||     ||     ||     ||     ||     ||     ||     ||     ||     ||     |
   |     ||     ||     ||     ||     ||     ||     ||     ||     ||     ||     ||     |
   |     ||     ||     ||     ||     ||     ||     ||     ||     ||     ||     ||     |
   |     ||     ||     ||     ||     ||     ||     ||     ||     ||     ||     ||     |
   |-----||-----||-----||-----||-----||-----||-----||-----||-----||-----||-------|
++++END VISUALIZATION++++

1 Visualizer
5. Enable Low Pass F