
Planet Markup Language Main
1) Print Planets
2) Add PML
3) Add Planet
4) Select Planet
5) Exit
Selection: PML: 
Planet Markup Language Main
1) Print Planets
2) Add PML
3) Add Planet
4) Select Planet
5) Exit
Selection: PML: 
Planet Markup Language Main
1) Print Planets
2) Add PML
3) Add Planet
4) Select Planet
5) Exit
Selection: 1) FvkDp7ID9
2) Vp3AV

-> 
Planet: FvkDp7ID9
1) Display planet information
2) Set Period
3) Set Orbit Speed
4) Set Aphelion
5) Set Perihelion
6) Set Mean Radius
7) Set Equato: 0.16102
	Aphelion: 1.87879
	Perihelion: 2.24615
	Radius: 1.9itol: lhaaAgEH
		Population: 9597
		Language: cJEnU
		Language: JchUb
		Language: SXZcgQt
		Border: 1.08197 0.96450 1.11111 2.24000
		Territory: lWgvYRiF
			Population: 566
			Established: 1921
			Founder: cbq5nPJ7dXtN
			Border: 0.88571 0.55952 12.14286 12.35714
			Border: 2.28261 0.30220 1.40000 2.64384
			County: KVEimh27
				Seat: KpsFNM
				Population: 25888
				Area: 0.90299
				Density: 0.28652
				Border: 3.19298 1.07368 0.96341 1.36765
				City: r2Fg0HhnJr
					Population: 21021
					Mayor: Usb3FdWmMIn73w
					Url: http://M0mUteJyyBkFv5y.com
					Border: 1.21854 1.29213 0.32292 2.18519
	Country: PX7SxxMa6
		Capitol: mNCQr
		Population: 16214
		Language: MLaFs
		Language: WESFEQUVU
		Language: ByitgLc
		Border: 3.35294 0.12000 1.67778 3.95745
		Border: 0.93902 0.65663 0.48571 0.18085
		Territory: zyuWQAcxp
			Population: 38499
			Established: 663
			Founder: bLY8L3 fLPhtDSh
			Border: 0.81102 0.14167 2.21918 8.14286
			County: 6klfXfyL
				Seat: OboxGyZ
				Population: 13233
				Area: 0.73529
				Density: 0.98214
				Border: 0.14545 1.54286 0.86528 0.41398
				Border: 2.32727 3.27083 0.26829 3.09677
				City: bmZU09
					Population: 22354
					Mayor: OkgrOVAzHbMeUm6Q
					Url: http://n6q4oPr5ZILB.com
					Border: 2.53247 1.35135 1.91667 0.22667
					Border: 0.15000 0.83051 3.50000 2.01266
					Border: 0.90826 1.10606 0.39326 0.89583

Planet: FvkDp7ID9
1) Display planet information
2) Set Period
3) Set Orbit Speed
4) Set Aphelion
5) Set Perihelion
6) Set Mean Radius
7) Set Equatorial Radius
8) Set Mass
9) Set Gravity
10) Set population
11) Add Country
12) Select country
13) Delete Planet and exit menu
14) Exit menu
Selection: 
-> 
Planet: FvkDp7ID9
1) FvkDp7ID9
1) Display planet infor
-> 
Planet: FvkDp7ID9
1) Display plan
Countries:
1) yIoeyzNDxW
2) PX7SxxMa6
3) A4541Y0

-> 
Country: yIoeyzNDxW
1) Display CountryInfo
2) Set Capitol
3) Set Population
4) Add Language
5) Add border
6) Add Territory
7) Select Territory
8) Delete Country and Exit Menu
9) Exit menu
Selection: 
->nty: KVEimh27
1) Display County Info
2) Set Seat
3) Set Population
4) Set Area
5) Set Density
6) Add Border
7) Add City
8) Select City
9) Delete County and Exit Menu
10) Exit Menu
Selection: New City Name: Co
New County Name: 
Territory: lWgvYRiF
tart: Long Start: Lat End: Long End: Co
-> County: KVEimh27
1) Display County Info
2) Set Seat
3) Set Population
4) Set Area
5) Set Density
6) Add Border
7) Add City
8) Select City
9) Delete County and Exit Menu
10) Exit Menu
Selection: 1) ounty: KVEimh27
1) Display County Info
2) Set Seat
3) Set Population
4) Set Area
5) Set Density
6) Add Border
7) Add City
8) Select City
9) Delete County and Exit Menu
10) Exit Menu
Selection: Neeat
3) Set Population
4) Set Area
5) Set Density
6) Add Border
7) Add City
8) Select City
9) Delete County and Exit Menu
10) Exit Menu
Selection: 1) r2Fg0sjXX
3) aMfGvecrmYQzP

-> 
City: aMfGveounty Name: 
Territory: lWgvYRiF
1) Disp Territory Info
2) Set Founder
3) Set Population
4) Set Established
5) Add Border
6) Add County
7) Select County
8) Delete County and Exit Menu
9) Exit Menu
Selection: 
-> 
TerritoryBJ4qI
1) Display County Info
2) Set SeaTerritory: lWgvYRiF
1) Display Terrtablished
5) Add Border
6) Add Co
-> 
Territory: lWgvYRiF
1) DispCounty
8) Delete County and Exit Menu
9) ritory: lWgvYRiF
1) Display Territory Info
2) Set Founder
3) Set Population
4) Set Established
5) Add Border
6) Add County
7) Select County
8) Delete County and Exit Menu
9) Exit Menu
Selection: 1) KVEtol: lhaaAgEH
		Population: 4991
		Language: cJEnU
		Language: JchUb
		Language: SXZcgQt
		Border: 1.08197 0.96450 1.11111 2.24000
		Territory: lWgvYRiF
			Population: 566
			Established: 9868
			Founder: h94R9Q0p
			Border: 0.88571 0.55952 12.14286 12.35714
			Border: 2.28261 0.30220 1.40000 2.64384
			Border: 0.58537 2.08537 0.09615 0.32418
			Border: 2.90625 0.61376 0.43284 1.44828
			Border: 0.89024 3.25000 0.53237 0.16429
			Border: 0.67879 0.85714 0.16495 4.18182
			County: KVEimh27
				Seat: nWKzdDHYrccHcxIEU
				Population: 37698
				Area: 0.27273
				Density: 0.62025
				Border: 3.19298 1.07368 0.96341 1.36765
				City: r2Fg0HhnJr
					Population: 21021
					Mayor: Usb3FdWmMIn73w
					Url: http://M0mUteJyyBkFv5y.com
					Border: 1.21854 1.29213 0.32292 2.18519
				City: DZbHOHnVsjXX
					Population: 32446
					Url: http://px6K8hQYG8tX.com
				City: aMfGvecrmYQzP
			County: AtIhd4BJ4qI
				Seat: iYLtdymqf
				Density: 4.63158
				Border: 0.68605 1.94949 0.28169 0.85484
			County: GSkztWIfM7wB
				Seat: Unknown
			County: 58bmXB22i
				Seat: Unknown

Country: yIoeyzNDxW
1) Display CountryInfo
2) Set Capitol
3) Set Population
4) Add Language
5) Add border
6) Add Territory
7) Select Territory
8) Delete Country and Exit Menu
9) Exit menu
Selection: 	Count.24000
		Territory: lWgvYRiF
			P
-> 
Country: yIoeyzNDxW
1) Display CountryInfo
2) Set Capitol
3iod
3) Set Orbit Speed
4) Set AphelionPlanet Markup Language Main
1) Print PlanetSet Orbit Speed
4) Set Aphelion
5) Set 
4) Set Aphelion
5) Set Perihelion
6) Set Mean Radius
7) Set Equatorial Radius
8) Set Mass
9) Sormation
2) Set Period
3) Set Orbit Speed
4) Set Aphelion
5) Set Perihelion
6) Set Mean Radius
7) Set Equatorial Radius
8) Set Mass
9) Set Gravity
10) Set population
11) Add Country
12) Select country
13) Delete Planet and exit menu
14) Exit menu
Selection: Nameulation: 1114
	Period: 0.73913
	Orbit ame: Vp3AV
	Population: 11448
	Countries:
1) vgFL33tn7HlVr
1) Display Territory Info
2) Set Founder
3) Set Population
4) Set Established
Long End: 
Territory: nd45HlVr
1) Display Te) Set Founder
3) Set Population
4) Set Establ
1) Display County Info
2) Set Seat
3) Settart: Long Start: Lat End: Long Endtry: vgFL33tn7
1) Display CountryInfo
2) Set Capi
-> 
Country: vgFL33tn7
1) Display CountryInfo
2) Set Capitol
3) Set Population
4) Add Language
5) Add border
6) Add Territory
7) Select Territory
8) Delete Country and Exit Menu
9) Exit menu
Selection: 
-> 
Coutory Info
2) Set Founder
3) Set Population
Territory Info
2) Set Founder
3) Set Populatioet Population
4) Add Language
5) anet: Vp3AV
1) Display planet infrmation
2) Set Period
3) Set Orbit Speed
4) Set A10.61538
	Radius: 0.36735
	ERadius: 0.94475
	Mass: 0.69444
	Gravity: 1.43421
	Country: vgFL33tn7
		Capitol: gWfwvqkD
		Population: 27800
		Language: LmZnPyJfkVkL
		Language: riIwAoGvvNZQvNG
		Border: 1.03067 1.63636 0.16923 3.95833
		Territory: nd45HlVr
			Established: 0
			Founder: GREE45xNiZZnUM4
			Border: 0.11180 54.00000 1.03723 3.00000
			Border: 0.81081 10.10000 2.29577 2.36145
			Border: 2.55102 2.11111 1.12195 1.25333
			County: tBJBh2oEDYlAIg0
				Seat: Unknown
				Population: 29589
				Density: 1.77358
				City: LwlrUhQPkC
			County: 4F9ScqS5ATq
				Seat: Unknown
		Territory: NpNr8yhAPR
			Population: 9642
			Established: -11769
			Founder: DJskKK
			Border: 1.11111 0.65746 0.02564 0.27933
			Border: 1.69307 0.05217 0.91753 0.09302
			County: 2BzX2TPq1OAJ0l
				Seat: Unknown
			County: 1zUGoRvLXErKh
				Seat: Unknown
		: 0
			Founder: Unknown
	Country: yYuVpjp3AV
1) Display planet information
2) Set Period
3) Set Orbit Speed
4) Set Aphelion
5) Set Perihelion
6) Set Mean Radius
7) Set Equatorial Radius
8) Set Mass
9) Set Gravity
10) Set population
11) Add Country
12) Select country
13) Deay planet information
2) Set Period
3) Setountry: vgFL33tn7
1) Display CouCountry: vgFL33tn7
1) Display CountryIry: fYvTOUwfsQba
1) Display Territory Info
2)		Territory: fYvTOUwfsQba
			Estabory: fYvTOUwfsQba
			Established
New County Name: 
Territory: fY> 
Territory: fYvTOUwfsQbisplay Territory Info
2) Set Founder
3) y: NpNr8yhAPR
1) Display Territory Info
2) Sty: GXz6yDpWly5
1) Display County InfopWly5
1) Display County Info
2) Set Seat
3) Set Population
4) Set Area
5) Setty: GXz6yDpWly5
				Seat: NOmjmxFInfo
2) Set Seat
3) Set Population
4ty Info
2) Set Seat
3) Set Population
4) Set ArLong End: County: 1zUGoRvLXErKh
1) Display CouCounty: 1zUGoRvLXErKh
1) Display County APR
			Population: 9642
			Establ33
			Border: 1.69307 0.05217 0.91753 0.09302
			B4) Add Language
5) Add border
6)
		Border: 1.03067 1.63636 0.16923 3.95833
		Border: 0.57042 0.52128 0.17500 39.80000
		Territory: nd45HlVr
			Established: 0
			Founder: GREE45xNiZZnUM4
			Border: 0.11180 54.00000 1.03723 3.00000
			Border: 0.81081 10.10000 2.29577 2.36145
			Border: 2.55102 2.11111 1.12195 1.25333
			County: tBJBh2oEDYlAIg0
				Seat: Unknown
				Population: 29589
				Density: 1.77358
				City: LwlrUhQPkC
			County: 4F9Scq Display planet information
2) Se Set Aphelion
5) Set Perihelion
6) Set Meanformation
2) Set Period
3) Set Orbit S
New Territory: 
Country: yYuVpj4sY
1) Display CountryInfo
2) Set Capitort: Long Start: Lat End: Long End: art: Long Start: Lat End: Long Endet Founder
3) Set Population
4) Set Established
50FbbWVw
1) Display County Info
2) 
Territory: 5S937FJ
1) Display
Territory: 5S937FJ
1) Display Tenguage
5) Add border
6) Add Territory
7) Select Territory
8) Delete Country and Exit Menu
9) Exit menu
Selection: 	Count Display planet information
2) Serial Radius
8) Set Mass
9) Set Gravity
10) Set erritory Info
2) Set Founder
3) Set Populati8qCY0FbbWVw
1) Display County Info
2) Set Seat
3) Set Population
4t Population
4) Set Area
5) Set Density
6) AdCY0FbbWVw
1) Display County InfoSet Seat
3) Set Population
4) Set Area
5) Set and Exit Menu
9) Exit Menu
Selectiy
6) Add Border
7) Add City
8) SeDensity
6) Add Border
7) Add City
8) Select City
9) Delete County and Exit Menu
10) Exit Menu
Selection:y Info
2) Set Seat
3) Set Population
4) Set Area
Established
5) Add Border
6) Add Countong Start: Lat End: Long End: 
play CountryInfo
2) Set Capitol
3) Set Popelete Country and Exit Menu
9) Exitenu
Selection: 
-> 
Country: yYuVpj4sY
1) Diinformation
2) Set Period
3) Set Orbit SntryInfo
2) Set Capitol
3) Set Popu
Selection: 
Territories:
1) nd44) Set Established
5) Add Border
6) Add Coun) Display Territory Info
2) Set Founder
: Long End: County: kBmM69hzua4
1) Display Add Border
7) Add City
8) SelecCity
9) Delete County and Exit Menu
10) Exit Menu
: vgFL33tn7
1) Display CountryInfo
ory Info
2) Set Founder
3) Set Population
4) Se
Territory: fYvTOUwfsQba
1) Displ1) rSMrVCaoDVa5S
2) uqcfeYSL
3) mxPI8

-> County: eEJli9mxPI8
1)  County Name: 
Territory: fYvTOUn: 27926
			Established: -18791
			Found
			County: rSMrVCaoDVa5S
				Sel
3) Set Population
4) Add Language
5) Add border
APR
3) E4bqSjs5R84P
4) fYvTOUwfsQba
5)  Exit Menu
9) Exit Menu
Selectio Display County Info
2) Set Seat

-> 
Country: vgFL33tn7
1) Displritory: fYvTOUwfsQba
1) Display Territory Info
Lat Start: Long Start: Lat End:pulation
4) Set Established
5) Add Border
6) Add County
7) Select County
8		Established: 8381
			Founder: AI6aFSOPo
2) Set Founder
3) Set Population
4) Set EsTerritory: fYvTOUwfsQba
			Populaounty: rSMrVCaoDVa5S
				Seat: Unknown
			County: uqcfeYSL
				Seat: JpyopUudDFJqeJu
				Density: 1.05455
			County: 1Uq4OSCzaE
				Seat: Unknown
			County: eEJli9mxPI8
				Seat: Unknown
			Counttry: vgFL33tn7
1) Display Countryfo
2) Set Capitol
3) Set Populatinformation
2) Set Period
3) Set  Period
3) Set Orbit Speed
4) Set Aphquatorial Radius
8) Set Mass
9) ) Set Orbit Speed
4) Set Aphelion
5) Set Peris
2) Add PML
3) Add Planet
4) Se