
Planet Markup Language Main
1) Print Planets
2) Add PML
3) Add Planet
4) Select Planet
5) Exit
Selection: PML: 
Planet Markup Language Main
1) Print Planets
2) Add PML
3) Add Planet
4) Select Planet
5) Exit
Selection: PML: 
Planet Markup Language Main
1) Print Planets
2) Add PML
3) Add Planet
4) Select Planet
5) Exit
Selection: PML: 
Planet Markup Language Main
1) Print Planets
2) Add PML
3) Add Planet
4) Select Planet
5) Exit
Selection: 1) Rlhnrm
2) d6XHkHwWi
3) ZsDdy1YwsX

-> 
Planet: Rlhnrm
1) Display planet information
2) Set Period
3) Set Orbit Speed
4) Set Aphelion
5) Set Perihelion
6) Set Mean Radius
7) Set Equatorial Radius
8) Set Mass
9) Set Gravity
10) Set population
11) Add Country
12) Select country
13) Dew Name: 
Planet: Rlhnrm
1) Displainformation
2) Set Period
3) Set Speed
4) Set Aphelion
5) Set Perihelion
6) Set Mean Radius
7) Set Equatorial Radius
8) Set Mass
9) Set Gravity
10) Set population
11) Add Country
12) Select country
13) Delete Planet and exit menu
14) Exit menu
Selection: 
-> 
Planet: Rlhnrm
1)splay planet information
2) Set Period
3) Set Orbit Speed
4) Set Aphelion
5) Set Perihelion
6) Set Mean Radius
7) Set Equatorial Radius
8) Set Mass
9) Set Gravity
10) Set population
11) Add Country
12) Select country
13) Delete Planet and exit menu
14) Exit menu
Selection: lhnrm
1) Display planet information
ntryInfo
2) Set Capitol
3) Set Population
4) Add Language
5) Add border
6)tion: 39696
		Language: OWSggUwBIUtJTg
		Border: 1.29825 0.60428 0.87059 0.14570
		Border: 7.34615 0.43443 0.14103 1.22222
		Territory: foQo6FO7Q
			Established: 0
			Founder: Unknown

Country: WPRJrVSp
1) Display CountryIn3) Set Population
4) Add Language
5) Add border
6) Add Territory
7) Select Territory
8) Delete Country and Exit Menu
9) Exit menu
Selection: 
New Territory: 
Country: WPRJrVSp
1) Display CountryInfo
2) Set Capitol
3) Set Population
4) Add Language
5) Add border
6) Add Territory
7) Select Territory
8) Delete Country and Exit Menu
9) Exit menu
Selection: Lat Start: Long Start: Lat End: Lonplay CountryInfo
2) Set Capitol
3) Set Population
4) Add Language
5) Add border
6) Add Territory
7) Select Territory
8) Delete Country and Exit Menu
9) Exit menu
Selection: Long End: 
Country: WPRJrVSp
1) DisRJrVSp
1) Display CountryInfo
2) Set Capitol
3) Set Population
4) Add Language
5) Add border
6) Add Territory
7) Select Territory
8) Delete Country and Exit Menu
9) Exit menu
Selection: 
-> 
CountryW
1) Display Territory Info
2) Set Founder
3) Set Population
4) Set Established
5) Add Border
6) Add County
7) Select County
8) Delete County and Exit Menu
9) Exit Menu
Selection: 
New: 
Territory: 3ONw0wGpdW
1) Display Territory Info
2) Set Founder
3) Set Population
4) Set Established
5) Add Border
6) Add County
7) Select County
8) Delete County and Exit Menu
9) Exit Menu
Selection: 		Territory:  County Info
2) Set Seat
3) Set Population
4) Set Area
5) Set Density
6) Add Border
7) Add City
8) Select City
9) Delete County and Exit Menu
10) Exit Menu
Selection: Lat Start: Lonw0wGpdW
1) Display Territory Info
2) Set Founder
3) Set Population
4) Set Established
5) Add Border
6) Add County
7) Select County
8) Delete County and Exit Menu
9) Exit Menu
Selection: 		TeuntryInfo
2) Set Capitol
3) Set Population
4) Add Language
5) Add border
6) Add Territory
7) Select Territory
8) Delete Country and Exit Menu
9) Exit menu
Selection: 
TIaW

-> County: fZJWRbIaW
1) Display County Info
2) Set Seat
3) Set Population
4) Set Area
5) Set Density
6) Add Border
7) Add City
8) Select City
9) Delete County and Exit Menu
10) Exit Menu
Selection: own
				Population: 24109
				Density: 0.38462
				Border: 0.82171 1.01099 0.96528 6.45455
				City: DbGdAhBjCLGak
				City: HgdPIxhdLUMppl
County: fZJWRbIaW
1) Display County Info
2) Set Seat
3) Set Population
4) Set Area
5) Set Density
6) Add Border
7) Add City
8) Select City
9) Delete County and Exit Menu
10) Exit Menu
Selection: 				City: HgdPIxhdLUMppl
					Mayor: qTREMxgR6iAXiu
					Url: http://ILT596qGBFpy.com
					Border: 0.13158 1.16418 1.29915 2.01515

City: HgdPIxhdLUMppl
1) Display City Info
2) Set Mayor
3) Set Url
4) Set Population
5) Add Border
6) Delete City and Exit Menu
7) Exit Menu
Selection: 
-> 
CIxhdLUMppl
					Mayor: vuyTNsohC9efBcU7V
					Url: http://FoATSQxEspZ.com
		y: HgdPIxhdLUMppl
					Mayor: vSet Url
4) Set Population
5) Add Border
6) Delete City and Exit Menu
7) Exit Menu
Selection: County: fZJWRbIaW
1) Displa: fZJWRbIaW
1) Display County Info
2) Set SeaLong Start: Lat End: Long End: C
-> County: fZJWRbIaW
1) Display Couory Info
2) Set Founder
3) Set Popelion
5) Set Perihelion
6) Set Meed
4) Set Aphelion
5) Set Perihelion
6) Set Mean Radius
7) Set E Country
12) Select country
13) Dinformation
2) Set Period
3) Set Orbit Speed
4) Set Aphelion
5) Set Perihelion
6) Set Mean Radius
7) Set Equatorial Radius
8) Set Mass
9) Set Gravity
10) Set population
11) Add Country
12) Select country
13) Delete Planet and exit menu
14) Exit menu
Selection: 
Markup Language Main
1) Print Pla Set Period
3) Set Orbit Speed
4) Set ApheSet Capitol
3) Set Population
4) Add LaSet Capitol
3) Set Population
4) Add Lalay Territory Info
2) Set Founder
3) Set PopulLat End: Long End: 
Territory: RfYZTwo
1) Display Territory Info
2) Set Founder
3) Set Population
4) Set Established
5) Add Border
6) Add County
7) Select County
8) Delete County and Exit Menu
9) Exit Menu
Selection: 
-> 
TerritoFounder
3) Set Population
4) Set Established
5) Add Border
6) Add County
7) Selisplay Territory Info
2) Set Founder
3) Set PCounty: LIAfvFcAQ9niU
1) DisplayiU
1) Display County Info
2) Set Seat
3) Set PLong End: 
Territory: RfYZTwo
1) Display Terrifo
2) Set Capitol
3) Set Populati	Language: RrIhFOonVgC
		Language	Country: Azlp2wovTp4
		Capitol: PluKoNfKCG
		Population: 35376
	.92593
		Territory: RfYZTwo
			P00735 0.64000 3.92593
		Territory: RfYZTwo
			Population: 36789
			Established: 27664
			Founder: MmPV0r2wetXvCs
			Border: 0.24719 2.61765 0.04444 0.67176
			Border: 10.76923 0.98214 1.25373 7.00000
			County: LIAfvFcAQ9niU
				Seat: inVDIjeAdeRgOU
				Population: 37543
				Area: 9.80000
				Border: 1.10569 1.29839 0.32381 2.28571
				Border: 1.81081 0.90000 0.34000 0.40602
				City: jxVWrUDvbhcep
			County: z7dZQgpRQICLb
				Seat: Unknown
			Countye: RrIhFOonVgC
		Language: dIsgNgzAtvb
		Population: 35376
		Languation: 35376
		Language: RrIhFOonritory: 
Country: Azlp2wovTp4
1) Display Co1) Display CountryInfo
2) Set Capitol
3) Set  Name: 
Territory: wzayegmC2AT7
1) Display Territory Info
2) Set Founder
3) Set Population
4) Set Established
5) Add Border
6) Add County
7) Select County
8) Delete County and Exit Menu
9) Exit Menu
Selection: 
-> 
T: 
Territory: wzayegmC2AT7
1) Display mC2AT7
1) Display Territory Info
Lat End: Long End: 
Country: Azlp2wovTp4on
4) Add Language
5) Add border
6) Ad
Planet Markup Language Main
1) Print
4) Select Planet
5) Exit
Select.21495
	Aphelion: 2.35294
	PeriheMBPio
		Border: 1.29825 0.60428 0Border: 1.62500 5.80000 6.00000 3			Population: 5347
			Established: 25934
			Founder: Xeb7SvnSezxWw
			Border: 0.98857 0.91667 0.73154 13.72727
			Border: 1.10127 0.33333 1.07792 3.03333
			Border: 0.63158 1.65789 0.26415 0.95882
			County: fZJWRbIaW
				Seat: Unknown
				Population: 36448
				Area: 0.37864
				Density: 1.25490
				Border: 0.82171 1.01099 0.96528 6.45455
				Border: 0.88571 0.73239 135.00000 2.34286
				Border: 0.51795 5.83333 0.47059 0.86735
				City: DbGdAhBjCLGak
				City: HgdPIxhdLUMppl
					Mayor: vuyTNsohC9efBcU7V
					Url: http://KbTq81seCkZyw7.com
					Border: 0.13158 1.16418 1.29915 2.01515
					Border: 0.35780 0.48718 0.36047 4.09524
					Border: 2.47368 0.60448 1.22764 1.13846
					Border: 0.86667 0.21481 1.51220 0.68667
			County: JVRNSM2cGtS
				Seat: Unknown
Name: d6XHkHwWi
	Population: 1049
	Period: 0.03053
	Orbit Speed: 1.01887
	Aphelion: 2.05882
	Perihelion: 1.04545
	Radius: 0.53846
	ERadius: 1.39091
	Mass: 2.00000
	Gravity: 0.05333
	Country: Azlp2wovTp4
		Capitol: zhIoospZo
		Population: 2013
		Language: RrIhFOonVgC
		Language: dIsgNgHnLeKvjv
		Language: dUZnwbamTcVDnWP
		Border: 1.24490 0.00735 0.64000 3.92593
		Border: 6.41667 0.95238 0.47794 0.09375
		Territory: RfYZTwo
			Population: 36789
			Established: 27664
			Founder: MmPV0r2wetXvCs
			Border: 0.24719 2.61765 0.04444 0.67176
			Border: 10.76923 0.98214at: Unknown
		Territory: wzayegmC2AT7
			Population: 36783
			Established: 16412
			Founder: ztsGDMt30afgn
			County: c9YMWimIkado33
				Seat: Unknown
			County: 5vXZGLyWvRm0P
				Seat: Unknown
			County: ZoJeaPwUN5
				Seat: Unknown
			County: hD6XdElFXlHhMIB
				Seat: Unknown
Name: ZsDdy1YwsX
	Population: 2721
	Period: 1.59722
	Orbit Speed: 3.65517
	Aphelion: 0.15263
	Perihelion: 0.83333
	Radius: 4.65854
	ERadius: 37.66667
	Mass: 1.25161
	Gravity: 1.03846
	Country: U8x0O89
		Capitol: CRNMbcxo
		Population: 33367
		Language: ZcedUlrh
		Border: 8.75000 1.15278 3.73529 0.89535
		Border: 0.01775 0.60714 0.64103 0.28488
		Border: 3.03448 20.25000 1.73585 1.80734
		Territory: bjjZrfX
			Population: 10568
			Established: 1840
			Founder: O5vzEMxmm3Dv
			Border: 1.17881 0.06471 60.00000 15.50000
			County: iELHr
				Seat: BCAjsDQVa
				Population: 38937
				Area: 0.45000
				Density: 1.09032
				Border: 2.13333 0.18110 2.58333 0.67692
				City: VdkBLy35
					Population: 17543
					Mayor: YaIk1EAOiqli
					Url: http://q9p28r.com
					Border: 1.26115 0.91398 1.77778 0.92188
					Border: 0.08759 2.07692 0.88953 4.77778
					Border: 3.00000 0.75000 3.82000 0.17500
	Country: M00VLr
		Capitol: jtsQKucDXG
		Population: 33358
		Language: PukSXZ
		Border: 0.61667 1.40952 0.27835 2.83871
		Territory: 6HUSTr
			Population: 31041
			Established: -1584
			Founder: EjKH3iTUb4X8J
			Border: 0.71338 0.53691 1.72840 0.19048
			Border: 12.77778 6.55000 1.56911 0.73529
			County: 0QJ1N
				Seat: awkHiAPbHq
				Population: 7721
				Area: 2.97500
				Density: 1.67949
				Border: 1.13971 1.47015 0.58140 0.49708
				Border: 1.89189 3.26667 1.00000 0.72222
				City: Esqzy4
					Population: 15077
					Mayor: r0TciicIrbEtv10zaM9
					U: http://PmQagv1kQs9Wso.com
					 0.54667 0.31373
					Border: 1.0PML: 
Planet Markup Language Main Planets
2) Add PML
3) Add Planetanets
2) Add PML
3) Add Planet
4) Select Planet
5) Exit
Selection: