
Planet Markup Language Main
1) Print Planets
2) Add PML
3) Add Planet
4) Select Planet
5) Exit
Selection: 
-> 
Planet Markup Language Main
1) Print Planets
2) Add PML
3) Add Planet
4) Select Planet
5) Exit
Selection: 1) ILm2izWTYIX3

-> 
Planet: ILm2izWTYIX3
1) Display planet information
2) Set Period
3) Set Orbit Speed
4) Set Aphelion
5) Set Perihelion
6) Set Mean Radius
7) Set Equatorial Radius
8) Set Mass
9) Set Gravity
10) Set population
11) Add Country
12elete Planet and exit menu
14) Ext Speed
4) Set Aphelion
5) Set Perihelion
6) Set Mean Radius
7) Set Equatorial Radius
8
Planet: ILm2izWTYIX3
1) Display pon: 28247
	Period: 1.63551
	Orbit Speed: 0.258
New Name: 
Planet: ILm2izWTYIX3
1) Display planet information
2) Set Period
3) Set Orbit Speed
4) Set Aphelion
5) Set Perihelion
6) Set Mean Radius
7) Set Equatorial Radius
8) Set Mass
9) Set Gravity
10) Set population
11) Add Country
12) Select country
13) Delete Planet and exit menu
14) Exit menu
Selection: 
-> 
Planet: ILm2izWTYIX3
	Population: 28247
	Period:
Country: 2A3EfpH
1) Display CountryInfo
2) Set
New Territory: 
Country: 2A3EfpH
1) Display CountryInfo
2) Set Capitol
3) t Population
4) Add Language
5) Add border
6) Add Territory
7) Select Territory
8) Delete Country and Exit Menu
9) Exit mt End: Long End: 
Country: 2A3EfpH
1) Disp) Set Population
4) Add Language
5) Add border
6) Add Territory
7) Select Territort: Long Start: Lat End: Long End: ed
4) Set Aphelion
5) Set Perihelion
6) Set Mean Radius
7) Set Equatorial Radius
8) Set Mass
9) Set Gravity
10) Set population
11) Add IX3
	Population: 28247
	Period:t Planets
2) Add PML
3) Add Plansplay planet information
2) Set PYIX3
1) Display planet informatioDisplay CountryInfo
2) Set Capitol
3) Set Popul
Territory: VK8aNWwl99
1) Display TerEstablished: 0
			Founder: Unknown

Territory: VK
Territory: VK8aNWwl99
1) Display Te Founder
3) Set Population
4) Set EstaaNWwl99
1) Display Territory Info
2) Set Founory: VK8aNWwl99
1) Display Territory Info
2) Set  Start: Lat End: Long End: 
Territory: VK8aNCl3DT8Xce
3) bker5ZB7jRRT

-> County: 4uVNzC0L4maP
1) Display County Info
2) Set Seat
3) SCounty: 4uVNzC0L4maP
1) Display County Info
2) SeNew City Name: County: 4uVNzC0L4mation
4) Set Area
5) Set Density
Info
2) Set Founder
3) Set Population
4) Set EstCounty: 4uVNzC0L4maP
1) Display County Info
2) Set Seat
3) Set Popsity
6) Add Border
7) Add City
8) Select City
9) Delete County and Exit Menu
10) Exit Menu
Selection: 			County: 4uVNzC0L4maP
				d
5) Add Border
6) Add County
7) Select County
8) Delete County and Exit Menu
9) Exit Menu
Selection: 
Country: 2A3EfpH
1) Display CountryInfo
2) Set Capitol
3) Seguage: WEyUvmFRcKjaU
		Border: 0.26178 1.51429 0.49342 0.93269
		Border: 2.35714 0.58182 2.27119 1.97917
		Border: 2.90385 0.18182 0.37662 1.05882
		Territory: AX81ffiGv
			Established: 0
			Founder: Unknown
		Territory: HcRHGY8EqwXb
			Established: 0
			Founder: Unknown
		Territory: WEQvnOe6dI
			Established: 0
			Founder: Unknown
		Territory: VK8aNWwl99
			Population: 4166
			EsCIFxMywBMjfk
		Language: wNSgoizon
4) Add Language
5) Add border
tory
7) Select Territory
8) Delete Countrry: 2A3EfpH
1) Display CountryInfo
2) SA3EfpH
1) Display CountryInfo
2) Set Capi Add Territory
7) Select Territor 2A3EfpH
1) Display CountryInfo
2) Set Capitol
3) Set Population
4) Add Language
5) Add border
6) Add Territory
7) Select Territory
8) Delete Country and Exit Menu
9) Exit menu
Selection: 
-> 
ation: 3568
		Language: PCIFxMywBMjfk
		Langua) Add Language
5) Add border
6nu
9) Exit menu
Selection: 
-> 
Country: 2ion
2) Set Period
3) Set Orbit Speed
4) Set Apheli planet information
2) Set Period
3) Set
	Mass: 2.55814
	Gravity: 2.88571
	Country: mNApLQlDJfn
		Capitol: Unknown
	Country: RZsHw5mH
		Capitol: Unknown
	Country: 2A3EfpH
		Capitol: umpDHMLtzJM
		Population: 17744
		Language: PCIFxMywBMjfk
		Language: wNSgoizYODU
		Language: WEyUvmFRcKjaU
		Language: DJpblOelflfHZrs
		Language: tthchlmKpppuUu
		Language: bUrKCiXkVeRfF
		Border: 0.26178 1.51429 0.49342 0.93269
		Border: 2.35714 0.58182 2.27119 1.97917
		Border: 2.90385 0.18182 0.37662 1.05882
		Border: 0.23196 0.69925 0.73504 0.48148
		Border: 1.09412 2.14286 0.60000 0.13609
		Border: 1.58333 6.53846 2.10526 5.33333
		Territory: AX81ffiGv
			Established: 0
			Founder: Unknown
		Territory: HcRHGY8EqwXb
			Established: 0
			Founder: Unknown
		Territory: WEQvnOe6dI
			Established: 0
			Founder: Unknown
		Territory: VK8aNWwl99
			Population: 4166
			Established: -23118
			Founder: 0aGXdplN8
			Border: 0.95238 0.65990 0.49474 4.35294
			Border: 0.42466 1.46094 3.15000 1.51304
			Border: 3.29730 0.36242 0.92857 0.12000
			County: 4uVNzC0L4maP
				Seat: qFpOvOuHrLZMtISHS
				Area: 7.14286
				Density: 4.30303
				Border: 0.38983 1.11679 0.27692 6.82353
				Border: 0.87037 4.95455 1.50862 1.25000
				Border: 0.72727 0.84810 6.96296 0.18072
				Border: 0.18085 1.32812 0.30000 1.62069
				City: VnMStHoPVHjrm
				City: yUyKwDbWADfJ
			County: Q7VrCl3DT8Xce
				Seat: Unknown
			County: bker5ZB7jRRT
				Seat: Unknown
		Territory: vUAtTgTvIKS
			Established: 0
			Founder: Unknown
		Territory: FPX2j3rZd
			Established: 0
			Founder: Unknown
		Territory: JRPwv6Ydfdh
			Established: 0
			Founder: Unknown

Planet: ILm2izWTYIX3
1) Display planet information
2) Set Period
3) Set Orbit Speed
4) Set Aphelion
5) Set Perihelion
6) Set Mean Radius
7) Set Equatorial Radius
8) Set Masint Planets
2) Add PML
3) Add Planet
4) SelPlanet: Uze4JBvdbX
1) Display planet information
2) Set Period
3) Set Orbit Speed
4adius
7) Set Equatorial Radius
8) Set Mass
9) Set Gravity
10) Set population
11)Set Aphelion
5) Set Perihelion
6) SeAdd PML
3) Add Planet
4) Select Planet
5) Exit
Planet Markup Language Main
1) Print Planets
2) Add PML
3) Add Planet
4) Select Planet
5) Exit
Selection: 
-> 
Planet Markup Language Main
1) Print Plaeed
4) Set Aphelion
5) Set Perihelion
6) Set Mean Radius
7) Set Equatorial Radius
8) Set Mass
9) Set Gravity
10) Set population
11) Add Country
12) Select country
13) De Set Orbit Speed
4) Set Aphelion
5> 
Planet: ILm2izWTYIX3
1) Displnet information
2) Set Period
3) Set Orbit Speed
4) Set Aphelion
5) Set Perihelion
6) Set Mean Radius
7) Set Equatorial Radius
8) Set Mass
9) Set Gravity
10) Set population
11) Add Country
12) Select country
13) Delete Planet and exit menu
14) Exit menu
Selection: 
-net information
2) Set Period
3) St information
2) Set Period
3) Set Orbit Speed
4) Set Aphelion
5) Set Perihelion
6) Se6) Set Mean Radius
7) Set EquatorCountryInfo
2) Set Capitol
3) Set PopulatCountry: RZsHw5mH
1) Display CouZsHw5mH
1) Display CountryInfo
2)w5mH
1) Display CountryInfo
2) Set Capitoapitol
3) Set Population
4) Add Language
 Lat End: Long End: 
Country: RZsHw5mH
1)tion
2) Set Period
3) Set Orbit Speed
4) Set A
-> 
Planet: ILm2izWTYIX3
1) Dislay planet information
2) Set Period
3	Perihelion: 2.66667
	Radius: 1.zWTYIX3
2) Uze4JBvdbX
3) dWtkoJ
4nformation
2) Set Period
3) Set O4) Set Aphelion
5) Set Perihelion Orbit Speed
4) Set Aphelion
5) Set Perihelion
6et information
2) Set Period
3) SetMean Radius
7) Set Equatorial Raet population
11) Add Country
12)lion
6) Set Mean Radius
7) Set EqAphelion
5) Set Perihelion
6) Set Mean Radius
7) lanet: dWtkoJ
1) Display planet i
Planet: dWtkoJ
1) Display planetkoJ
1) Display planet information
ritory: 
Country: UdxlfywED
1) Diuntry: UdxlfywED
1) Display CountryInfo
2) Set Capitol
3) Set Populat Territory Info
2) Set Founder
3) Set P			County: prjQNbI57R13p
				Seat Start: Lat End: Long End: County: itory: vOXu3XR
1) Display TerritoLat Start: Long Start: Lat End: 
Territory: vOXu3XR
1) Display Territory Info
2) SCounty: prjQNbI57R13p
1) Display  Start: Lat End: Long End: County: pGlKbdDP
1) Display City Info
2) Set Mayor
3) Set Url
4) Set Populatio) Exit Menu
Selection: 
-> 
City: uABXgxGlKbdDP
1) Display City Info
2) Set M95
					Mayor: S5ajxMeMrIKgRyIrG
					Border: 0.5Add Border
6) Delete City and Exit Menu
5) Add Border
6) Delete City and Exit MenuLong Start: Lat End: Long End: Couplay County Info
2) Set Seat
3) Set P
				Density: 1.23333
				Border: 0.97949 0.692tory Info
2) Set Founder
3) Set P
New County Name: 
Territory: vOXu3XR
1) Display Territory Info
2) Set Founder
3
1) Display County Info
2) Set Seat
3) Set Populatrder: 181.00000 1.83333 3.00000 2.70833
				City: uABXgxGlKbdDP
					Population: 7168
					Mayor: 
Territory: vOXu3XR
1) Display Teritory
8) Delete Country and Exit Equatorial Radius
8) Set Mass
9R
			Population: 12165
			Established: 20858
			Founder: zqaVrk0Y
			Border: 2.35897 0.23387 4.21053 0.95855
			County: prjQNbI57R13p
				Seat: Unknown
				Area: 2.58442
				Density: 1.17647
				Border: 0.97949 0.69274 1.03429 0.17178
				Border: 1.12121 1.25676 0.43448 0.89844
				Border: 181.00000 1.83333 3.00000 2.70833
				City: uABXgxGlKbdDP
					Population: 7168
					Mayor: S5ajxMeMrIKgRyIrG
					Border: 0.58929 0.21rder: 0.22360 0.84615 0.36559 0.2.01754 0.70861 0.92638
		Territory: vOXu3XR
			Population: 12165
			Establishe Lat End: Long End: 
Country: U border
6) Add Territory
7) SelecName: dWtkoJ
	Population: 24492
> 
Planet: dWtkoJ
1) Display plan Set Gravity
10) Set population
1
-> 
Territory: vOXu3XR
1) Displaorder
6) Add County
7) Select County
8) Delete County and Exit ounty Info
2) Set Seat
3) Set Population
4) Sd
5) Add Border
6) Add County
7)p
				Seat: Unknown
				Area: 2.58442
				Density: 1.17647
				Border: 0.97949 0.69274 1.03429 0.17178
				Border: 1.12121 1.25676 0.43448 0.89844
				Border: 181.00000 1.83333 3.00000 2.70833
				City: uABXgxGlKbdDP
					Population: 7168
					Mayor: S5ajxMeMrIKgRyIrG
					Border: 0.58929 0.21053 0.79532 0.79348
					Border: 0.22360 0.84615 0.36559 0.28090
				City: qTtfDZPpfsrNZdB
					Mayor: NSiAHWZu0hgF
			County: Yifnouuu6DHcui9
				Seat: Unknown
			County: 1l5iAeK7thJUkckU
				Seat: Unknown
			County: 9SUTGmGFxRiDQ
				Seat: Unknown

Territory: vOXu3XR
1) Display Territory Info
2) Set Founder
3) Set Population
4) Set Established
5)) Exit Menu
Selection: 
New County Name: 

1) Display CountryInfo
2) Set Ca Set Capitol
3) Set Population
4) Add Language
5) 1.20312
	Mass: 1.32215
	Gravity: 0.05926
	Country: UdxlfywED
		Capitol: IQnMogrna
		Laet: dWtkoJ
1) Display planet info2) Select country
13) Delete Plane
-> 
Planet: dWtkoJ
1) Display p 
Planet: dWtkoJ
1) Display p Set Period
3) Set Orbit Speed
4) Seanet Markup Language Main
1) Prin