
Planet Markup Language Main
1) Print Planets
2) Add PML
3) Add Planet
4) Select Planet
5) Exit
Selection: 
-> 
Planet Markup Language Main
1) Print Planets
2) Add PML
3) Add Planet
4) Select Planet
5) Exit
Selection: 1) cIK17OM6Lr

-> 
Planet: cIK17OM6Lr
1) Display planet information
2) Set Period
3) Set Orbit Speed
4) Set Aphelion
5) Set Perihelion
6) Set Mean Radius
7) Set Equatorial Radius
8) Set Mass
9) Set Gravity
10) Set Select country
13) Delete Planet 
Planet: cIK17OM6Lr
1) Display planet information
2) Set Period
3) Set Orbit Speed
4) Set Aphelion
5) Set Perihelion
6) Set Mean Radius
7) Set Equatorial Radius
8) Set Mass
9) Set Gravity
10) Set population
11) Add Country
12) Select country
13) Delete Planet and exit menu
14) Exit menu
Selection: 
-> 
Plaplay planet information
2) Set Period
3
-> 
Planet: cIK17OM6Lr
1) DisplaPlanet: cIK17OM6Lr
1) Display pla information
2) Set Period
3) Set Orbit Speet Markup Language Main
1) Print 
Planet Markup Language Main
1) Print Planets
2) Add PML
3) Add Planet
4) Select Planet
5) Exit
Selection: 1) cIK17OM6Lr
2) N8mjgzbyi

-> 
Planet: cIK17OM6Lr
1) Display planet information
2) Set Period
3) Set Orbit Speed
4) Set Aphelion
5) Set Perihelion
6) Set Mean Radius
7) Set Equatorial Radius
8) Set Mass
9) Set Gravity
10) Set population
11) Add Country
12) Select country
13) Delete Planet and exit menu
14) Exit menu
Spitol
3) Set Population
4) Add Languatories:
1) r0blbCh
2) eqCqUKS8
3) F7fmHritory: eqCqUKS8
			Established: 0
			Fnty: vhoIit7LMrvpw
				Seat: Unknown

Territory: eqCqUKS8
1) Display Territory Info
2) Set Founder
3) Set Population
4) Set Established
5) Add Border
6) Add County
7) Select County
8) Delete County and Exit Menu
9) Exit Menu
Sele
-> 
Territory: eqCqUKS8
1) Display T> 
Country: nS2QuJ0T
1) Display Co
2) Set Capitol
3) Set PopulationryInfo
2) Set Capitol
3) Set Popu 
Planet: cIK17OM6Lr
1) Display pO7
		Capitol: Unknown

Country: jR6BpO7
1) Display CountryInfo
2) Set Capitol
3) Set Population
4) Add Language
5) Add border
6) Add Territory
7) Select Territory
8) Delete Country and Exit Menu
9) Exit menu
Selection: 
-> 
Counng Start: Lat End: Long End: 
Country:  Capitol
3) Set Population
4) Add Language
5) Add border
6) Add Territory
7) Select Territory
8) Delete Country and Exit Menu
: B8CnOCDMH0
1) Display Territory Info
2) Set FCnOCDMH0
1) Display Territory Info
2) Set 
Territory: B8CnOCDMH0
1) Display Territory Info
2) Set Founder
3) Set Population
Name: cIK17OM6Lr
	Period: 5.59259
7OM6Lr
1) Display planet informatgzbyi

-> 
Planet: N8mjgzbyi
1) Display planet Radius: 7.54167
	ERadius: 1.13636
	Mass: 4.71429
	Gravity: 1.18182
	Country: Vr9Jwa8Gg
		Capitol: YqUDRh
		Population: 12692
		Language: WnCMXpmUcf
		Language: zypZP
		Language: dwuKTEYJ
		Border: 1.13333 0.34351 0.96000 4.46667
		Border: 0.06429 0.90449 10.87500 0.55102
		Border: 0.23423 39.00000 1.61947 6.10000
		Territory: Ia5NBxlC
			Population: 19012
			Established: -110
			Founder: 9siKs6unzsWFtJ5
			Border: 0.13559 0.93514 0.73118 0.90000
			Border: 22.00000 0.37654 1.22695 0.56111
			County: SkexU3
				Seat: kqpzDaXPQq
				Population: 5096
				Area: 0.02273
				Density: 2.43421
				Border: 1.82474 0.22819 5.81818 0.55385
				Border: 5.45455 1.89333 0.38660 0.42424
				Border: 1.35043 0.33333 1.91358 1.16107
				City: WBOkCP
					Population: 7543
					Mayor: nUNhw9eRCqMP g9W0U
					Url: http://VMxzKw2ZLjNITN5.com
					Border: 5.46154 2.35714 3.88095 0.15000
					Border: 10.00000 0.19231 0.31544 1.47059
					Border: 1.21831 3.58140 3.20455 3.40000

Planet: N8mjgzbyi
1) Display planet information
2) Set Period
3) Set Orbit Speed
4) Set Aphelion
5) Set Perihelion
6) Set Mean Radius
7) Set Equatorial Radius
8) Set Mass
9) Set Graity
10) Set population
11) Add iod: 0.20000
	Orbit Speed: 0.54971
	As:
1) Vr9Jwa8Gg

-> 
Country: Vr9Jwa8Gg
1) Display CountryInfo
2) Set Capito Display County Info
2) Set Seat
3) Set Populat Lat End: Long End: 
Territory: 3gi0FssZy Info
2) Set Founder
3) Set Population
 Long End: 
Territory: 3gi0FssZheR
1) Display County Name: 
Territory: 3gi0FssZheR
1) Displaty Info
2) Set Seat
3) Set Populnfo
2) Set Seat
3) Set Population
4) Set Area
5) Set Density
6) Add Border
7) Add City 
Territory: 3gi0FssZheR
1) Disp
Country: Vr9Jwa8Gg
1) Display Countlanet information
2) Set Period
3) Set Orbi: N8mjgzbyi
1) Display planet inform5) Set Perihelion
6) Set Mean Ramation
2) Set Period
3) Set Orbit 701
	Perihelion: 0.04918
	Radius: 1.13636
	ERadius: 0.65354
	Mass:SGArbidDx1
				Seat: Unknown
	Country: nS2QuJ0T
	
10) Set population
11) Add Countrlay planet information
2) Set Pe-> 
Planet: N8mjgzbyi
1) Display planet information
2) Set Period
3) Set 7
	Orbit Speed: 0.68649
	Aphelion: 0.3617	Population: 31058
		Language: WnCMXpmUcf
		Language: zypZP
		Langu 0.48701
	Perihelion: 0.04918
	Ra Exitting..
