
Planet Markup Language Main
1) Print Planets
2) Add PML
3) Add Planet
4) Select Planet
5) Exit
Selection: PML: 
Planet Markup Language Main
1) Print Planets
2) Add PML
3) Add Planet
4) Select Planet
5) Exit
Selection: Name: 8Amtx9X
	Population: 1635
	Period: 1.67901
	Orbit Speed: 0.58824
	Aphelion: 0.88000
	Perihelion: 5.32353
	Radius: 1.19328
	ERadius: 1.75000
	Mass: 0.52663
	Gravity: 3.38636
	Country: TlTXdt
		Capitol: FdtgiK
		Population: 36083
		Language: TSFkBkwLpM
		Language: eWpoTtTFnR
		Language: qAieWelr
		Border: 0.66667 54.00000 1.17273 0.30909
		Territhed: 1455
			Founder: jFrXq7BQ5isCwzj
			Border: 0.07097 0.85470 2.39241 0.77193
			Border: 0.76923 1.23864 0.29891 0.32386
			County: F32be
				Seat: iUfipyMgly
				Population: 27511
				Area: 0.26154
				Density: 1.46087
				Border: 0.54802 1.22917 2.20000 1.33654
				Border: 0.64921 0.62424 2.03125 0.50000
				City: pwTvYN9V
					Population: 4224
					Mayor: U2gy8tz8tOBOqwPRl
					Url: http://szNyZO6uFVY.com
					Border: 0.38150 2.44776 1.28244 1.20000
					Border: 0.11268 1.72500 0.34722 0.15060
	Country: S8msFevNq3
		Capitol: byZpJtYi
		Population: 12537
		Language: OPjlx
		Language: ttmoUfZjM
		Border: 0.60305 0.37778 1.23913 1.94805
		Territory: 05xs6ETl
			Population: 20768
			Established: 1540
			Founder: KlOLrwnk6vC
			Border: 0.44928 0.40107 0.88406 1.28448
			Border: 2.29630 2.62069 1.07333 0.43624
			County: aePNbGAXt5
				Seat: yhvVubJJE
				Population: 16781
				Area: 1.25000
				Density: 0.25000
				Border: 1.53333 1.52632 2.43333 1.82353
				Border: 2.71429 0.44138 2.17073 0.48485
				Border: 1.57778 4.93750 0.24771 1.16547
				City: j8F993
					Population: 17664
					Mayor: EJOaeMaps7Oj zwVJ
					Url: http://o3qLzk.com
					Border: 1.10417 3.36364 1.95960 182.00000
					Border: 0.73510 1.26966 1.98780 0.81875
					Border: 1.44000 3.22857 0.49383 1.97368

Planet Markup Language Main
1) Print Planets
2) Add PML
3) Add Planet
4) Select Planet
5) Exit
Selection: PML:
Planet Markup Language Main
1) Print Planets
2) Add PML
3) Add Plon: 
-> 
Planet Markup Language  Set Aphelion
5) Set Perihelion
6)ect country
13) Delete Planet and Display planet information
2) Setion
2) Set Period
3) Set Orbit Speed
4) Set A) AWt9Vph
3) q8qqjQ9JWJ0X
4) EVnhqJ

-> 
Planet: 8Amtx9X
1) Displelion
5) Set Perihelion
6) Set Mean Radius
7) Set Equatoq3
3) PmWhA5v19

-> 
Country: TlTXdt
1) et Capitol
3) Set Population
4) Add Language
5) Add border
6) Add Territory
7) Select Territory
8) Delete Country and1) Display Territory Info
2) Set Founder
3) Set Population
4) Set Established
5) Add Border
6) Add County
7) Select County
8) Delete County and Exit Menu
9) Exit Menu
Selection: 1rt: Lat End: Long End: County: F32be
1)ion
4) Set Established
5) Add Border
6) Add County
7) Select County
8) Delete County and Exit Menu
9) Exit Menu
Selecti-> 
Territory: 7GMpm
1) Display Territlanet information
2) Set Period
3) Set Orbit Speed
4) Set Aphelion
5) Set Perihelion
6) Set Mean Radius
7) Set Equatorial Radius
8) Set Mass
9) Set Gravity
10) Set population
11) Add Country
12) Select country
13) Delete Planet and exit menu
14) Exit menu
Selection: helion: 5.32353
	Radius: 1.19328
	ERadius: 1.75000
	Mass: 0.52663
	Gravity: 3.38636
	Country: TlTXdt
		Capitol: hhFhagmT
		Population: 22104
		Language: TSFkBkwLpM
		Language: eWpoTtTFnR
		Language: qAieWelr
		Language: NDWeXLnzQTeFwM
		Language: roDZGqaUkxs
		Border: 0.66667 54.00000 1.17273 0.30909
		Border: 1.88235 1.16216 3.50000 0.34545
		Border: 0.43125 0.27536 3.37500 19.00000
		Border: 0.64423 1.38261 2.25373 0.80488
		Territory: 7GMpm
			Population: 13388
			Established: 19411
			Founder: syX6OFDgVI
			Border: 0.07097 0.85470 2.39241 0.77193
			Border: 0.76923 1.23864 0.29891 0.32386
			Border: 2.25000 1.06897 7.75000 0.94286
			County: F32be
				Seat: iUfipyMgly
				Population: 37769
				Area: 0.88953
				Density: 1.46087
				Border: 0.54802 1.22917 2.20000 1.33654
				Border: 0.64921 0.62424 2.03125 0.50000
				Border: 0.22346 0.26804 0.51515 0.8tz8tOBOqwPRl
					Url: http://szNyZO6uFVdius: 1.75000
	Mass: 0.52663
	Gradt
		Capitol: hhFhagmT
		Population: 22Radius
8) Set Mass
9) Set Gravity 
-> 
Planet: 8Amtx9X
1) Display planet inf Language Main
1) Print Planets
2) Add PML
3) Ad9Vph
1) Display planet information
2) Slay planet information
2) Set Period
3) Setd border
6) Add Territory
7) Select Territory
8) Delete C
1) Display CountryInfo
2) Set Ca) Set Founder
3) Set Population
4) tory: W0S57
1) Display Territory Info
2 Founder
3) Set Population
4) Set EsQo0X5ihu82
1) Display County Info
2) Set Seat
3) Set Population
4) Set Area
5) Set ty: O6eBPW6qZ
1) Display County Info
2) Set Se
-> 
Territory: W0S57
1) Display Territory Info
2) Set Founder
3) Set Populaty: XPjxV2
1) Display County Info
2) Set Seat

-> 
Country: RID1g3N
1) Display CountryInfo Founder
3) Set Population
4) Set Established
5) Add Border
6) Add
Territory: W0S57
1) Display Territory Info
2) Serritory Info
2) Set Founder
3) Set Population
4)000 1.13986 0.61850
			Border: 1.47619 0.81356 0.16848 1.89011
			Border: 1.12329 0.26842 1.12963 2.56410
			County: XPjxV2
				Seat: ckBcONPcYp
				Population: 3213
				Area: 0.80597
				Density: 0.89381
				Border: 0.14815 0.88971 35.66667 49.25000
				Border: 0.33333 1.29114 0.80952 0.17857
				City: DwP3tkuX
					Population: 116
					Mayor: VFFi4TJK1U2HoKiUyVIi
					Url: http://iAMueOKDisplay Territory Info
2) Set Fouritory Info
2) Set Founder
3) Set Population
4) Set Established
5) Add Border
6) Add C
1) Display County Info
2) Set Seat
3) SeCounty Info
2) Set Seat
3) Set Population
4) Set ty: M2JR3oj3Pu9O
1) Display Counttion
4) Set Established
5) Add Border
6fo
2) Set Founder
3) Set Population
4
Country: RID1g3N
1) Display CountryICounty Name: 
Territory: 6b65ounder
3) Set Population
4) Set Es6b65q1Kf
1) Display Territory Info
2) Set Founder
3) Set Population
4) Set Established
5) Add Border
6) Add County
7) Select County
8) Delete County and Exit Menu
9) Exit Menu
Selection: 
- Display Territory Info
2) Set Founder
3) Se: 6b65q1Kf
1) Display Territory If
1) Display Territory Info
2) Set Fo Set Founder
3) Set Population
4): RID1g3N
1) Display CountryInfo
2)itories:
1) W0S57
2) 6b65q1Kf
3) o5) O6eBPW6qZ
6) qWnrWEfgpYc
7) ZECgmtCg4
8) irIO Display County Info
2) Set Seat
3) Set Populatioitory Info
2) Set Founder
3) Set eat
3) Set Population
4) Set Areaplay Territory Info
2) Set Founder
3) Sity
6) Add Border
7) Add City
8) Set Population
4) Set Established
5) Add Bordert Capitol
3) Set Population
4) Aet: AWt9Vph
1) Display planet infrmation
2) Set Period
3) Set Orbit Speed
4) SMean Radius
7) Set Equatorial Radvity: 0.35948
	Country: RID1g3N
		Capitol: eqoHmuVHx
		Population: 23220
		Language: iWxArY
		Language: uPkFAn
		Language: kSJreJGdVx
		Language: hLrrMjGzCRrteu
		Language: SfosZcPOXZPoB
		Language: PjcKpGWeQIX
		Language: rKMAnLYeHTU
		Border: 0.50820 0.26866 2.02857 0.60256
		Border: 17.66667 0.31667 0.46626 0.20513
		Border: 0.41026 3.89286 0.11494 1.30476
		Border: 3.25000 58.00000 0.08654 0.64000
		Territory: W0S57
			Population: 634
			Established: 15084
			Founder: JXNkSk1vlU
			Border: 1.13750 7.00000 1.13986 0.61850
			Border: 1.47619 0.81356 0.16848 1.89011
			Border: 1.12329 0.26842 1.12963 2.56410
			Border: 0.94595 1.59420 2.29762 0.39873
			County: XPjxV2
				Seat: ckBcONPcYp
				Population: 3213
				Area: 0.80597
				Density: 0.89381
				Border: 0.14815 0.88971 35.66667 49.25000
				Border: 0.33333 1.29114 0.80952 0.17857
				City: DwP3tkuX
					Population: 116
					Mayor: VFFi4TJK1U2HoKiUyVIi
					Url: http://iAMueOKJ.com
					Border: 0.88889 0.63842 0.42202 2.28571
					Border: 0.15698 0.14815 0.05495 0.30286
					Border: 0.80513 0.31481 2.31081 9.76471
			County: JApZivtGSOEhLEzB
				Seat: Unknown
			County: 1OwQS0g9kE
				Seat: Unknown
			County: CI0Qo0X5ihu82
				Seat: Unknown
				City: MSHRWxQHcPwaOC
			County: O6eBPW6qZ
				Seat: TwhXNGJfJw
				Population: 16455
				Area: 0.56522
				Density: 1.57500
			County: qWnrWEfgpYc
				Seat: Unknown
			County: ZECgmtCg4
				Seat: xKhCeQYLZ
				City: pNJOZeyRcuhIaH
				City: HkmrkTlhyNmrL
				City: ZkSQZOsYFGmeEp
			County: irIOkDCeoZAb
				Seat: Unknown
			County: M2JR3oj3Pu9O
				Seat: Unknown
				Population: 31310
				Area: 1.04678
				Density: 0.13472
				City: DSXUKoJwUeWlFuu
				City: NizFyagmZOEvW
			County: tF1GZXRDPyPnAQY
				Seat: Unknown
		Territory: 6b65q1Kf
			Population: 25715
			Established: -9044
			Founder: 26uyC0E95
			Border: 0.63277 0.74638 6.80000 0.25000
			Border: 0.92366 2.20270 1.48333 1.53333
			County: VY0eNBVi3ayd5
				Seat: Unknown
			County: hgxFpQMbQb3cx
				Seat: Unknown
			County: 4RffkdQ91
				Seat: Unknown
		Territory: oUXY1X8R
			Established: 0
			Founder: Unknown
	Country: EOwTR6P
		Capitol: BrpHfUTLnl
		Population: 16258
		Language: PVwJE
		Border: 4.71429 0.96226 2.54167 0.55414
		Territory: 6kYIp6z
			Population: 37536
			Established: 990
			Founder: ARcRkh8yOKR1sY2
			Border: 0.90598 0.32258 0.52817 2.68116
			Border: 1.91262 2.37500 8.95000 1.97727
			Border: 5.95238 8.63158 0.21277 0.87417
			County: ZjhRYkzz3
				Seat: xkWVJz
				Population: 29084
				Area: 0.14545
				Density: 0.54762
				Border: 1.46939 1.17647 0.43478 1.33929
				Border: 7.95000 1.04om
					Border: 1.43678 1.92929 0 lgAPmH
		Capitol: Unknown
	Country: u6T15XpZR
		Capitol: Unknown

Planet: AWt9Vph
1) Display planeR
5) Jzb3pH

-> 
Country: lgAPmH
1) DisplLat Start: Long Start: Lat End:3) Set Population
4) Add Language
5) Add boshed: 0
			Founder: Unknown

Territory: Jxud4et Population
4) Set Established
ation
4) Setrritory Info
2) Set Founder
3) Set Populhed: 0
			Founder: hELBWawG6somjFD

Territory: J4QJc1oms
1) Display Territory Info
2) untryInfo
2) Set Capitol
3) Set Pdendq
		Border: 2.74510 0.21649 0.00917 0.21320ry: lgAPmH
1) Display CountryInfo
2) S information
2) Set Period
3) Set Orbit SpCountries:
1) RID1g3N
2) EOwTR6P
l
3) Set Population
4) Add Language
5) Add bord) Set Capitol
3) Set Population
4) Add Language
5) Set Founder
3) Set Population
4) Set EstablishedLat End: Long End: 
Territory: I Territory Info
2) Set Founder
3) Set Population
4) Set Established
5) Add Border
6)lay Territory Info
2) Set FounderTerritory Info
2) Set Founder
3) Set PArea
5) Set Density
6) Add Border
7) Add CiInfo
2) Set Seat
3) Set Population
4) S Display County Info
2) Set Seatt City
9) Delete County and Exit et Founder
3) Set Population
4) Set E6) Add Border
7) Add City
8) Sel				City: ILmBlrAyBUxiJ

City: IL: Long End: County: bA1oFTRQWjFgh
1) Disp: IjbARhGM2
1) Display Territory IrAyBUxiJ
2) AOOIDibkkrNF

-> 
Citet Density
6) Add Border
7) Add City
8) Seat
3) Set Population
4) Set Area
5) Set Densit				Population: 10395
				Area: 1.98039
	ect Territory
8) Delete Country t menu
Selection: 
-> 
Country: fo
2) Set Capitol
3) Set PopulatiR
1) Display CountryInfo
2) Set Caay Territory Info
2) Set Founder
3) Set .80255 1.49412 3.66667 64.66667
: 28297
			Established: -20194
			Founder: QOkcFUt7gAgw
			Border: ory Info
2) Set Founder
3) Set P Set Founder
3) Set Population
4) Set Establishe County
7) Select County
8) DeletARhGM2
			Population: 14529
			Estion
4) Set Established
5) Add Bory
9) Delete County and Exit Menu
10) Exit Menu
Selection: New CitCounty: ARmdZQpC
1) Display CoundZQpC
1) Display County Info
2) STerritory: IjbARhGM2
			Populatioerritory: IjbARhGM2
1) Display Te Set Seat
3) Set Population
4) Set Area
5) Set Density
6) Add Border
7) Add CityDensity
6) Add Border
7) Add Cit Set Area
5) Set Density
6) Add Border
7) Add Citounty: tOFPNyxEm4qobpj
1) Display County Info
2) SZCXKk

-> 
City: efxETHQmQZCXKk
on
5) Add Border
6) Delete City and Exit Menu
7) Exit Menu
Selection: County: tOnfo
2) Set Seat
3) Set Population
4) Set Area
UsmHPlmBqmCJIeHs
1) Display City mHPlmBqmCJIeHs
1) Display City Info
2) Set Mayor
3) Set Url
4) Set Population
5) Add Border
6)it Menu
Selection: 				City: UsmHPlmBqmCJIeHs
					Population: 36815
					Mayor: 0 6B efxETHQmQZCXKk
2) UsmHPlmBqmCJIqobpj
1) Display County Info
2) S6) Add Border
7) Add City
8) Select Citulation
4) Set Area
5) Set Density
6) Add Bor
-> 
Territory: IjbARhGM2
1) Diso
2) Set Founder
3) Set Population
4) Set Es
-> 
Territory: IjbARhGM2
1) Display Territory Info
2) Set Founder
3) Set Population
4) Set Established
5) untry and Exit Menu
9) Exit menuion: 
New Territory: 
Country: ufo
2) Set Capitol
3) Set Populat Long End: 
Territory: eBl4esNu57Nh
1) Display Territory Info
2) Set Foundesity
6) Add Border
7) Add City
8) SeleVah54
1) Display County Info
2) Set Seat
3) 
-> 
Territory: eBl4esNu57Nh
1) d County
7) Select County
8) Del
Territory: eBl4esNu57Nh
1) Display Territory Info
2) Set FounderCounty: lC85LsVah54
1) Display CountryInfo
2) Set Capitol
3) Set P4) Add Language
5) Add border
6)apitol: mmwpIgPCG
		Language: WEm8
			Border: 0.79355 1.43210 0.70370 5.92308
			Border: 0.80255 1.49412 3.66667 64.66667
			Border: 1.70588 2.26389 1.59794 1.06202
			Border: 0.68323 0.51412 0.14286 3.32500
			Border: 5.10526 1.03315 2.02083 0.55128
			County: bA1oFTRQWjFgh
				Seat: Unknown
				Population: 10395
				Area: 1.98039
				Border: 0.79798 2.90000 2.34568 0.88333
				Border: 0.63580 0.85802 5.68571 0.09677
				Border: 28.00000 0.90323 3.04762 1.58416
				City: ILmBlrAyBUxiJ
				City: AOOIDibkkrNF
			County: tOFPNyxEm4qobpj
				Seat: JMNVsDnVTmBAf
				Population: 29033
				Area: 0.51087
				Border: 0.39655 0.22772 1.07000 0.61458
				Border: 1.04167 0.87000 3.66667 0.07027
				Border: 6.35000 0.59538 1.10127 82.50000
				City: efxETHQmQZCXKk
					Mayor: iICKM5aVOb
				City: UsmHPlmBqmCJIeHs
					Population: 36815
					Mayor: Kacx81Ta2bhxHpe5btz
					Url: http://H4DD9gPf6i.com
				4) Set Aphelion
5) Set Perihelioquatorial Radius
8) Set Mass
9) Set Gravity
10) Set population
11) Add Country
Period
3) Set Orbit Speed
4) Set Aphelion
5isplay planet information
2) Set ntries:
1) RID1g3N
2) EOwTR6P
3) lgAPmH
4) u6T15XpZR
5) Jzb3pH
6) 
-> 
Country: lgAPmH
1) Display C49 0.00917 0.21320
		Bordertion: 
-> 
Country: lgAPmH
1) DntryInfo
2) Set Capitol
3) Set Popuguage: lsKlMpvSTdendq
		Border: 2.74510 0.21649 0.00917 0.21320
		Border: 0.48824 1nfo
2) Set Capitol
3) Set Populatxud4QJc1oms
3) pp53XpvOVfeC
4) dUCounty and Exit Menu
9) Exit Menu
Selection: 	nu
9) Exit Menu
Selection: Lat Stplay Territory Info
2) Set Founder
3) Set Population
4) Set Established
5)) Add County
7) Select County
8)U22
1) Display County Info
2) Setnown
				Area: 1.63866
				Border: 7.03846 6.06667 4.06452 2.35714
				City: PuonfK63866
				Border: 7.03846 6.06667 4.06452 2.35714
				City: PuonfKAEMljnZiV
-> County: mDb1h9U22
1) Displayn
5) Add Border
6) Delete City and Exit MeclLuP.com

City: qAooPYETUc
1) Display City Info
2) Set Seat
3) Set Population
4) Set Area
5) elect County
8) Delete County an
9) Exit Menu
Selection: 
Country
1) L76ovQd
2) Jxud4QJc1oms
3) pp53XpvOVfeC
4) dU0QrJrc

-> 
Terriy: pp53XpvOVfeC
1) Display Territ 7.03846 6.06667 4.06452 2.35714
				City: PuonfKAEMljnZiVv
				City: qAooPYETUc
					Mayor: gZtkasYkCjy
					Url: http://lHQtuGfYclLuP.com
			County: uCtzTsWUiRYnK
				Seat: Unknown

Territory: pp53XpvOVfeC
1) Display Territory Info
2) Set Founder
3) Set Population
4) Set Established
5) Add Border
6) Add County
7) Select County
8) Delete County and Exit Menu
9) Exit Menu
Selection: 
New County Name: 
Terrn
4) Set Established
5) Add Border
6) Add County
C
			Population: 21798
			Establisder
3) Set Population
4) Set Est Set Population
4) Set Area
5) Set53XpvOVfeC
1) Display Territory VJy57Y
4) uIpFZ2lN95APLy3q

-> County: jjCYJVJy57Y
1) Display County Info
2) Set SeaJVJy57Y
1) Display County Info
2)isplay County Info
2) Set Seat
3ory Info
2) Set Founder
3) Set Delete County and Exit Menu
9) 
3) Set Orbit Speed
4) Set Aphelion
5) Set Perihelion
6) Set Mean Radi
Planet Markup Language Main
1) P