
Planet Markup Language Main
1) Print Planets
2) Add PML
3) Add Planet
4) Select Planet
5) Exit
Selection: 
-> 
Planet Markup Language Main
1) Print Planets
2) Add PML
3) Add Planet
4) Select Planet
5) Exit
Selection: Name: pey4jVFFeJ

Planet Markup Language Main
1) Print Planets
2) Add PML
3) Add Planet
4) Select Planet
5) Exit
Selection: Name: pey4jVFFeJ

Planet Markup Language Main
1) Print Planets
2) Add PML
3) Add Planet
4) Select Planet
5) Exit
Selection: 1) pey4jVFFeJ

-> 
Planet: pey4jVFFeJ
1) Display planet information
2) Set Period
3) Set Orbit Sp
-> 
Planet: pey4jVFFeJ
1) Display planet information
2) Set Period
3) Set Orbit Speed
4) Set Aphelion
5) Set Perihelion
6) Set Mean Radius
7) Set Equatorial Radius
8) Set Mass
9) Set Gravity
10) Set populat
Planet: pey4jVFFeJ
1) Display plarmation
2) Set Period
3) Set Orbit Speed
4)
-> 
Planet: pey4jVFFeJ
1) Display planet information
2) Set Period
3) Set Orbit Speed
4) Set Aphelion
5) Set Perihelion
6) Set Mean Radius
7) Set Equatorial Radius
8) Set Mass
9) Set Gravity
10) Set population
11) Add Country
12) Select country
13) Delete Planet and exit menu
14) Exit menu
Selection: 
-> 
Planet: Print Planets
2) Add PML
3) Add Planet
4) Select Planet
5) Exit
Selection: PML: 
Planet Markup Language Main
1) Print Planets
2) Add PML
3) Add Planet
4) Select Planet
5) Exit
Selection: Name: pey4jVFFeJ
	Population: 16982
	Period: 12.18182
	Aphelion: 27.75000
	Perihelion: 82.50000
	ERadius: 2.23810
	Mass: 0.79042
	Gravity: 0.46746
	Country: ncfITQcD
		Capitol: Unknown
Name: I8kb8DXb
	Population: 3165
	Period: 3.62963
	Orbit Speed: 1.66667
	Aphelion: 0.14815
	Perihelion: 1.65421
	Radius: 0.58537
	ERadius: 0.62590
	Mass: 0.71717
	Gravity: 0.43750

Planet Markup Language Main
1) Print Planets
2) Add PML
3) Add Planet
4) Select Planet
5) Exit
Selection: 1) pey4jVFFeJ
2) I8kb8DXb

-> 
Planet: I8kb8DXb
1) Display pla Set Orbit Speed
4) Set Aphelion
5) Set Perihelion
6) Set Mean Radius
7) Set Equatorial Radius
8) Set Mass
9) Set Gt Speed
4) Set Aphelion
5) Set Perihelion
6) Set Mean Radius
7) Set Equatorial Radius
8) Set Mass
9) Set Gravity
10) Set population
11) Add Country
12) Select country
13) Delete Planet and exit menu
14) Exit menu
Selection: 
-> 
Planet: I8kb8DXb
1) Disp
Planet: I8kb8DXb
1) Display planet in