
Planet Markup Language Main
1) Print Planets
2) Add PML
3) Add Planet
4) Select Planet
5) Exit
Selection: 
-> 
Planet Markup Language Main
1) Print Planets
2) Add PML
3) Add Planet
4) Select Planet
5) Exit
Selection: PML: 
Planet Markup Language Main
1) Print Planets
2) Add PML
3) Add Planet
4) Select Planet
5) Exit
Selection: 
-> 
Planet Markup Language Main
1) Print Planets
2) Add PML
3) Add Planet
4) Select Planet
5) Exit
Selection: Name: 2EaEAtFuWuxN
Name: yyMc9732Kl
	Population: 1878
	Period: 1.03571
	Orbit Speed: 1.40217
	Aphelion: 0.71533
	Perihelion: 0.06707
	Radius: 1.24074
	ERadius: 2.27778
	Mass: 2.54167
	Gravity: 0.25773
	Co
		Border: 2.86667 1.35766 0.437xN
Name: yyMc9732Kl
	Population: itol: cJjDxCJJu
		Population: 16276
		Language: qilqZjEY
		Language: UxWjhxUwg
		Border: 2.86667 1.35766 0.43750 0.96899
		Border: 0.37427 0.78075 0.47863 0.60714
		Border: 3.01852 1.36434 1.03871 7.14286
		Border: 0.50847 1.55914 5.11111 1.48120
		Territory: A3UQJPF
			Population: 31688
			Established: -1677
			Founder: Gof3OhIj3p
			Border: 0.37931 1.15625 0.15333 0.16129
			Border: 4.65000 0.67895 0.24870 1.00571
			County: W7oUMY
				Seat: RhsBnGzh
				Population: 26409
				Area: 6.58333
				Density: 3.07143
				Border: 0.83333 3.20000 0.44872 0.69853
				Border: 19.22222 6.00000 35.66667 0.62712
				Border: 0.88571 1.65625 2.55556 0.88889
				City: 83b64O
					Population: 39783
					Mayor: lWyVki1BVmkK
					Url: http://jf3aRiG6GB.com
					Border: 0.18000 1.05405 1.76923 1.16216
					Border: 0.86207 0.64516 0.94149 2.59375
					Border: 0.14286 2.32877 1.59140 0.93590
Name: ieoYkAqMOP
Name: OLm8H1UWXMr

Planet Markup Language Main
1) Print Planets
2) Add PML
3) Add Planet
4) Select Planet
5) Exit
Selection: 
-> nets
2) Add PML
3) Add Planet
4) Select Planet
5) Exit
Selection: 
Planet Markup Language Main
1) P Select Planet
5) Exit
Selection:
Planet Markup Language Main
1) Print Planets
2) Add PML
3) Add Pl
1) Print Planets
2) Add PML
3) A7
	Gravity: 0.25773
	Country: 5G776
		Language: qilqZjEY
		Languag0.50847 1.55914 5.11111 1.48120
		Territory: A3UQJPF
			Population: 31688
			Established: -1677
			Founder: Gof3OhIj3p
			Border: 0.37931 1.15625 0.15333 0.16129
			Border: 4.65000 0.67895 0.24870 1.00571
			County: W7oUMY
				Seat: RhsBnGzh
				Population: 26409
				Area: 6.58333
				Density: 3.07143
				Border: 0.83333 3.20000 0.44872 0.69853
				Border: 19.22222 6.00000 35.66667 0.62712
				Border: 0.88571 1.65625 2.55556 0.88889
				City: 83b64O
					Population: 39783
					Mayor: lWyVki1BVmkK
					Url: http://jf3aRiG6GB.com
					Border: 0.18000 1.05405 1.76923 1.16216
					Border: 0.86207 0.64516 0.94149 2.59375
					Border: 0.14286 pulation: 329
	Period: 1.65385
	Orbit Speed: 4.19048
	Aphelion: 1.21138
	Perihelion: 0.44898
	Radius: 0.45098
	ERadius: 0.51587
	Mass: 0.06154
	Gravity: 0.18699
	Country: VuSJCioHC
		Capitol: EuDwSOkhv
		Population: 33417
		Language: jOZnP
		Border: 0.26282 0.68333 3.75000 0.53968
		Border: 37.60000 1.06122 1.31250 1.53608
		Territory: 3Vrjek
			Populished: -1874
			Founder: baOaL4Bq4UkN
			Border: 0.98701 1.69231 59.66667 3.11765
			Border: 0.33696 2.04000 1.01307 2.16949
			Border: 0.10692 1.16071 0.73034 0.19118
			Border: 0.52632 0.58015 1.48718 1.81053
			County: 2PADxUdzj
				Seat: wZGObP
				Population: 39554
				Area: 59.00000
				Density: 0.50526
				Border: 5.33333 4.11364 4.81579 0.75862
				Border: 1.82979 0.82667 1.88889 0.17460
				City: cwPdy
					Population: 13323
					Mayor: UVLtKoLosqhBFFzmbc8R
					Url: http://0pUPRYZ.com
					Border: 0.01399 0.83163 1.16176 2.01429
					Border: 1.30263 2.51515 0.92381 0.00676
	Country: YUYdU
		Capitol: BpZeN
		Population: 27461
		Language: SqhtriXkjn
		Language: aUOzt
		Border: 15.00000 0.19577 0.67196 3.88000
		Border: 3.37500 53.00000 1.23944 0.36842
		Border: 2.27778 0.15217 0.90741 3.16129
		Territory: XUp3T
			Population: 11446
			Established: 1482
			Founder: 2 Gv FkLSpg5GK
			Border: 1.73973 35.75000 1.54955 0.63750
			Border: 0.11875 1.28302 7.80000 0.10000
			County: Sno3OYd6H
				Seat: YvsqLtk
				Population: 16635
				Area: 0.98485
				Density: 3.76923
				Border: 1.06494 0.80292 0.22222 2.48571
				Border: 0.63522 1.59459 0.31304 5.00000
				Border: 0.84076 46.00000 0.23077 2.57353
				City: qF5KWYtrS
					Population: 8443
					Mayor: irxNrnlgnDG52kx
					Url: http://6ggqConguNx.com
					Border: 0.23932 0.03846 1.53750 0.02732
					Border: 1.79487 0.66102 7.31250 0.75510
					Border: 0.90351 1.47619 2.54795 0.56604
Name: Ialjk
	Population: 3803
	Period: 0.61856
	Orbit Speed: 0.85882
	Aphelion: 2.12500
	Perihelion: 0.76768
	Radius: 1.20370
	ERadius: 2.29762
	Mass: 2.er: 12.53333 1.33333 1.10897 2.23377XMr
5) 4ZWoxSQ6p4b
6) lfV5QjyNR
7t Orbit Speed
4) Set Aphelion
5) > 
Planet: ew1np
1) Display planet information
2) Set Period
3) Set Orbit Speed
4) Set Aphelion
5) Set Perihelion
6) Set Mean Radius
7) Set Equatorial Radius
8) Set Mass
9) Set Gravity
10) Set population
11) Add Country
12) Select country
13) Delete Planet and exit menu
14) Exit menu
Selection: 
-> 
Planet: ew1np-> 
Planet: ew1np
1) Display plan
Countries:
1) qV0UfEv6
2) TRiVT

-> 
Country: TRiVT
1) Display CountryInfo
2) Set Capitol
3) Set Population
4) Add Language
5) Add border
6) Add Territory
7) Select Territory
8) Delete Country and Exit Menu
9) Exit menu
Selection: Lat St2) Set Capitol
3) Set Population
4) Addpulation
4) Add Langutory: c682yUilA
			Population: 24635
			Eablished: 0
			Founder: Unknown
			County: Vc3ycDEKZ80
				Seat: Unknown

Territory: c68Seat: Unknown
County: Vc3ycDEKZ80
1) Display County Info
2) Set Seat
3) Set Population
4) Set Area
5) Set Density
6) Add Border
7) Add City
8) Select City
9) Delete County and Exit Menu
10) Exit Menu
Selection: New City ritory: c682yUilA
1) Display Territory Info
2) Set Founder
3) Set Population
4) Set Established
5) Add Border
6) Add County
7) Select County
8) Delete County and Exit Menu
9) Exit Menu
Selection: 
C
-> 
Planet: ew1np
1) Display planet information
2) Set Period
3) Set Orbit Speed
4) Set Aphelion
5) Set Perihelion
6) Set Mean Radius
7) Set Equatorial Radius
8) Set Mass
9) Set Gravity
10) Set population
11) Add Country
12) Select country
13) Delete Planet and exit menu
14) Exit menu
Selection: 

-> 
Planet: ew1np
1) Display planet information
2) Set Period
3) Set Orbit Speed
4) Set Aphelion
5) Set Perihelion
6) Set Mean Radius
7) Set Equatorial Radius
8) Set Mass
9) Set Gravity
10) Set population
11) Add Country
12) Select country
13) Delete Planet and exit menu
14) Exit menu
Selection: 
-> 
Planet: ew1np
1) : ew1np
1) Display planet information
2) Setn: 0.98810
	Perihelion: 0.00694
	Radius: 0.83957
	ERadius: 2.44286
	Mass: 8.16667
	Gravity: 17.88889
	Country: qV0UfEv6
		Capitol: TxPdLNJXr
		Population: 24512
		Language: CfyXk
		Language: aBuFYV
		Border: 1.19492 0.12000 0.89189 0.79167
		Border: 0.94271 16.42857 2.90000 16.72727
		Border: 0.65143 1.43269 0.43529 0.88000
		Border: 0.32240 5.20833 0.50962 0.69281
		Territory: vGlAM
			Population: 35916
			Established: -1923
			Founder: YKodYF  fX
			Border: 0.08696 4.64000 0.70968 1.63793
			Border: 0.66129 0.25455 6.27273 1.48052
			County: 4JBAKujDPn
				Seat: HplZdOtBP
				Population: 23830
				Area: 0.09346
				Density: 1.23418
				Border: 6.16667 4.16667 0.30000 1.37500
				City: 9IAxY8oFXy
					Population: 8584
					Mayor: ODwZkg7zlZFB93j8Rvo
					Url: http://3tZPwFPR36IJS.com
					Border: 0.31056 1.60256 0.14504 2.26154
					Border: 0.38356 1.60870 3.27119 0.51111
	Country: TRiVT
		Capitol: BMOZWXgJohu
		Population: 14856
		Language: VbTkjP
		Language: LdfpegNaox
		Language: ThtLiSIbMBE
		Border: 4.55882 3.20930 1.41228 0.96907
		Border: 0.50581 0.22222 2.82692 0.87117
		Territory: XCrEiYl
			Population: 23643
			Established: 1256
			Founder: e 109D9oCVXx
			Border: 0.01508 1.00510 1.02703 3.25000
			Border: 0.74731 0.65806 1.07317 1.37500
			County: YKSt4zPQa
				Seat: LNQTNMKiTI
				Population: 13971
				Area: 1.51948
				Density: 0.98571
				Border: 0.42857 2.59375 0.16234 1.21642
				Border: 4.26667 3.00000 1.36170 0.85802
				Border: 2.85965 0.51220 1.45113 3.94737
				City: yiRd5
					Population: 19874
					Mayor: XE1kmsDaq86
					Url: http://Ju8Hw7KbNkRRFSO.com
					Border: 1.50617 4.54054 0.33333 3.29167
					Border: 25.00000 1.40000 0.30409 1.35616
					Border: 2.96667 1.82000 2.41250 2.43038
		Territory: c682yUilA
			Population: 24635
			Established: 0
			Founder: Unknown
			County: Vc3ycDEKZ80
				SZETJDzTFUyu5
				Seat: Unknown
		lanet information
2) Set Period
3) Set Orbit Speed
4) Set Aphelion
5) Set Perihelion
6) Set Mean Radius
7) Set Equatorial Radius
8) Set Mass
9) Set Gravity
10) Set population
11) Add Country
12) Select country
13) Delete Planet and exit menu
14) Exit menu
Selection: Name:.18947
	Perihelion: 0.00694
	Radius: 0.83957
	ERadius: 2.44286
	Mass: 8.16667
	Gravity: 17.88889
	Country: qV0UfEv6
		Capitol: TxPdLNJXr
		Population: 24512
		Language: CfyXk
		Language: aBuFYV
		Border: 1.19492 0.12000 0.89189 0.79167
		Border: 0.94271 16.42857 2.90000 16.72727
		Border: 0.65143 1.43269 0.43529 0.88000
		Border: 0.32240 5.20833 0.50962 0.69281
		Territory: vGlAM
			Population: 35916
			Established: -1923
			Founder: YKodYF  fX
			Border: 0.08696 4.64000 0.70968 1.63793
			Border: 0.66129 0.25455 6.27273 1.48052
			County: 4JBAKujDPn
				Seat: HplZdOtBP
				Population: 23830
				Area: 0.09346
				Density: 1.23418
				Border: 6.16667 4.16667 0.30000 1.37500
				City: 9IAxY8oFXy
					Population: 8584
					Mayor: ODwZkg7zlZFB93j8Rvo
					Url: http://3tZPwFPR36IJS.com
					Border: 0.31056 1.60256 0.14504 2.26154
					Border: 0.38356 1.60870 3.27119 0.51111
	Country: TRiVT
		Capitol: BMOZWXgJohu
		Population: 14856
		Language: VbTkjP
		Language: LdfpegNaox
		Language: ThtLiSIbMBE
		Border: 4.55882 3.20930 1.41228 0.96907
		Border: 0.50581 0.22222 2.82692 0.87117
		Territory: XCrEiYl
			Population: 23643
			Established: 1256
			Founder: e 109D9oCVXx
			Border: 0.01508 1.00510 1.02703 3.25000
			Border: 0.74731 0.65806 1.07317 1.37500
			County: YKSt4zPQa
				Seat: LNQTNMKiTI
				Population: 13971
				Area: 1.51948
				Density: 0.98571
				Border: 0.42857 2.59375 0.16234 1.21642
				Border: 4.26667 3.00000 1.36170 0.85802
				Border: 2.85965 0.51220 1.45113 3.94737
				City: yiRd5
					Population: 19874
					Mayor: XE1kmsDaq86
					Url: http://Ju8Hw7KbNkRRFSO.com
					Border: 1.50617 4.54054 0.33333 3.29167
					Border: 25.00000 1.40000 0.30409 1.35616
					Border: 2.96667 1.82000 2.41250 2.43038
		Territory: c682yUilA
			Population: 24635
			Established: 0
			Founder: Unknown
			County: Vc3ycDEKZ80
				Seat: Unknown
				City: UstDynWkuX
		Capitol: Unknown

Planet: eformation
2) Set Period
3) Set Orbit Speed
4) Set Aphelion
5) Set Perihelion
6) Set Mean Radius
7) Set Equatorial Radius
8) Set Mass
9) Set Gravity
10) Set population
11) Add Country
12) Select country
13) Delete Planet and exit menu
14) Exit menu
Selection: 
ion: 0.00694
	Radius: 1.09677
	tion: 24512
		Language: CfyXk
		Language: aBuFYV
		Border: 1.1	Territory: vGlAM
			Population: 35916
			Established: -1923
			Founder: YKodYF  fX
			Border: 0.08696 4.64000 0.70968 1.63793
			Border: 0.66129 0.25455 6.27273 1.48052
			County: 4JBAKujDPn
				Seat: HplZdOtBP
				Population: 23830
				Area: 0.09346
				Density: 1.23418
				Border: 6.16667 4.16667 0.30000 1.37500
				City: 9IAxY8oFXy
					Popopulation
11) Add Cot Speed: 0.82474
	Aphelion: 0.91000
	Perihelion: 0.00694
	Radius: 1.09677
	ERadius: 2.44286
	Mass: 8.16667
	Gravity: 0.71795
	Country: qV0UfEv6
		Capitol: TxPdLNJXr
		Population: 24512
		Language: CfyXk
		Language: aBuFYV
		Border: 1.19492 0.12000 0.89189 0.79167
		Border: 0.94271 16.42857 2.90000 16.72727
		Border: 0.65143 1.43269 0.43529 0.88000
		Border: 0.32240 5.20833 0.50962 0.69281
		Territory: vGlAM
			Population: 35916
			Established: -1923
			Founder: YKodYF  fX
			Border: 0.08696 4.64000 0.70968 1.63793
			Border: 0.66129 0.25455 6.27273 1.48052
			County: 4JBAKujDPn
				Seat: HplZdOtBP
				Population: 23830
				Area: 0.09346
				Density: 1.23418
				Border: 6.16667 4.16667 0.30000 1.37500
				City: 9IAxY8oFXy
					Population: 8584
					Mayor: ODwZkg7zlZFB93j8Rvo
					Url: http://3tZPwFPR36IJS.com
					Border: 0.31056 1.60256 0.14504 2.26154
					Border: 0.38356 1.60870 3.27119 0.51111
	Country: TRiVT
		Capitol: BMOZWXgJohu
		Population: 14856
		Language: VbTkjP
		Language: LdfpegNaox
		Language: ThtLiSIbMBE
		Border: 4.55882 3.20930 1.41228 0.96907
		Border: 0.50581 0.22222 2.82692 0.87117
		Territory: XCrEiYl
			Population: 23643
			Established: 1256
			Founder: e 109D9oCVXx
			Border: 0.01508 1.00510 1.02703 3.25000
			Border: 0.74731 0.65806 1.07317 1.37500
			County: YKSt4zPQa
				Seat: LNQTNMKiTI
				Population: 13971
				Area: 1.51948
				Density: 0.98571
				Border: 0.42857 2.59375 0.16234 1.21642
				Border: 4.26667 3.00000 1.36170 0.85802
				Border: 2.85965 0.51220 1.45113 3.94737
				City: yiRd5
					Population: 19874
					Mayor: XE1kmsDaq86
					Url: http://Ju8Hw7KbNkRRFSO.com
					Border: 1.50617 4.54054 0.33333 3.29167
					Border: 25.00000 1.40000 0.30409 1.35616
					Border: 2.96667 1.82000 2.41250 2.43038
		Territory: c682yUilA
			Population: 24635
			Established: 0
			Founder: Unknown
			County: Vc3ycDEKZ80
				Seat: Unknown
				City: UstDynKADhRB
			County: RL8ZETJDzTFUyu5
				Seat: Unknown
			County: 5KwY8CsYR1p
				Seat: Unknown
	Country: Wbe5WAX9
		Capitol: Unknown
	Country: rZq9HcoWkuX
		Capitol: Unknown
	Country: sZqqtMOKj
		Capitol: Unknown

Planet: ew1np
1) Display planet information
2) Set Period
3) Set Orbit Speed
4) Set Aphelion
5) Set Periheliond exit menu
14) Exit menu
Selecti8163
	Perihelion: 0.00694
	Radius: 4.43243
	ERadius: 2.44286
	Mass: 8.16667
	Gravity: 0.71795
	Country: qV0UfEv6
		Capitol: TxPdLNJXr
		Population: 24512
		Language: CfyXk
		Language: aBuFYV
		Border: 1.19492 0.12000 0.89189 0.79167
		Border: 0.94271 16.42857 2.90000 16.72727
		Border: 0.65143 1.43269 0.43529 0.88000
		Border: 0.32240 5.20833 0.50962 0.69281
		Territory: vGlAM
			Population: 35916
			Established: -1923
			Founder: YKodYF  fX
			Border: 0.08696 4.64000 0.70968 1.63793
			Border: 0.66129 0.25455 6.27273 1.48052
			County: 4JBAKujDPn
				Seat: HplZdOtBP
				Population: 23830
				Area: 0.09346
				Density: 1.23418
				Border: 6.16667 4.16667 0.30000 1.37500
				City: 9IAxY8oFXy
					Population: 8584
					Mayor: ODwZkg7zlZFB93j8Rvo
					Url: http://3tZPwFPR36IJS.com
					Border: 0.31056 1.60256 0.14504 2.26154
					Border: 0.38356 1.60870 3.27119 0.51111
	Country: TRiVT
		Capitol: BMOZWXgJohu
		Population: 14856
		Languagion: 23643
			Established: 1256
			Founder: e 109D9oCVXx
			Border: 0.01508 1.00510 1.02703 3.25000
			Border: 0.74731 0.65806 1.07317 1.37500
			County: YKSt4zPQa
				Seat: LNQTNMKiTI
				Population: 13971
				Area: 1.51948
				Density: 0.98571
				Border: 0.42857 2.59375 0.16234 1.21642
				Border: 4.26667 3.00000 1.36170 0.85802
				Border: 2.85965 0.51220 1.45113 3.94737
				City: yiRd5
					Population: 19874
					Mayor: XE1kmsDaq86
					Url: http://Ju8Hw7KbNkRRFSO.com
					Border: 1.50617 4.54054 0.33333 3.29167
					Border: 25.00000 1.40000 0.30409 1.35616
					Border: 2.96667 1.82000 2.41250 2.43038
		Territory: c682yUilA
			Population: 2463	County: RL8ZETJDzTFUyu5
				Seat: Unknown
			County: 5KwY8CsYR1p
				Seat: Unknown
	Country: Wbe5WAX9
		Capitol: Unknown
	Country: rZq9HcoWkuX
		Capitol: Unknown
	Country: sZqqtMOKj
		Capitol: Unknown

Planet: ew1np
1) Display planet information
2) Set Period
3) Set Orbit Speed
4) Set Aphelion
5) Set Perihelion
6) Set Mean Radius
7) Set Equatorial Radius
8) Set Mass
9) Set Gravity
10) Set population
11) Add Country
12) Select country
13) Delete Planet and exit menu
14) Exit menu
Selection: 
Count 
Country: rZq9HcoWkuX
1) Display: rZq9HcoWkuX
1) Display CountryInfo
2) Seerritory: KufS3qW
1) Display Territory Info
2) Set Founder
3) Set Population
4) Set Established
5) Add Border
6) Add County
7) Select County
8) Delete County and Exit Menu
9) Exit Menu
Selection: 
->  Founder
3) Set Population
4) Set Established
5) Add Border
6) Add
-> 
Territory: KufS3qW
1) Di
Country: rZq9HcoWkuX
1) Display Coo
2) Set Founder
3) Set Population
4) Set Established
5) Add Bordernd: Long End: 
Territory: KufS3qW
1) Dis County: zMI8aCVGN2TJZjE
1) DisplayZjE
1) Display County Info
2) Set Seat
3) rritory: KufS3qW
1) Display Territo	Border: 1.21488 3.22857 0.21333 0.73000
	rZq9HcoWkuX
1) Display CountryInfo
2) Set Capitol) Display Territory Info
2) Set Founder
3) Set H
			Border: 1.21488 3.22857 0.21333 0.73000
			Border: 1.77083 0.75159 1.24204 0.04651
			Border: 1.90291 3.65789 2.01163 0.68750
			Border: 0.44615 0.79675 0.97436 0.85593
			Border: 5.52381 2.19149 12.50000 0.02717
			Border: 1.75000 0.73171 0.09317 0.35294
			County: zMI8aCVGN2TJZjE
				Seat: RgDFCjNhxqaI
				City: bmvpEdBdRrrNgMKo

Territory: KufS3qW
1) Display Territory Info
2) Set Founder
3) Set Population
4) Set Established
5) Add Border
6) Add County
7) Select County
8) Delete County and Exit Menu
9) Exit MekuX
1) Display CountryInfo
2) Set Capitol
3) Set 8UZDSIbTdmTl
1) Display Territory Info
l
1) Display Territory Info
2) Set Found
-> 
Territory: 8UZDSIbTdmTl
1) Dplay Territory Info
2) Set Founder
3) Set Poished
5) Add Border
6) Add County
7) Select County
8) Delete County and Exit Menu
9) Exit Menu
Selection: Lat Start: Long Star
5) Add border
6) Add Territory
7elion
6) Set Mean Radius
7) Set Equatorial Radius
8) Set Mass
9) Set Gravity
10) Set population
11) Add Coy planet information
2) Set Period
3) Shelion
6) Set Mean Radius
7) Set Equatorial Radius
8) Set Mass
9) Set Gravity
10) Set population
11) Add net: 4ZWoxSQ6p4b
1) Display planit Speed: 0.88757
	Aphelion: 0.09091
	Radiu planet information
2) Set PeriodLat End: Long End: 
Country: v1S2Kqysx0F
1)
-> 
Country: v1S2Kqysx0F
1) Disy CountryInfo
2) Set Capitol
3) Set Populasplay CountryInfo
2) Set Capitol
3) Name: 
Territory: ZY9JmdhoL
1) Established
5) Add Border
6) Add County
7) Select County
8) Delete Countyry: ZY9JmdhoL
			Population: 1700pulation: 31878
		Language: EmvIMASXkh
		Border: 1) Set Mean Radius
7) Set Equatorial Radius
8)0F

-> 
Country: v1S2Kqysx0F
1)  Add border
6) Add Territory
7) Se 
Country: v1S2Kqysx0F
1) Display Coun v1S2Kqysx0F
1) Display CountryInfo
2) 
-> 
Planet: 4ZWoxSQ6p4b
1) Dispt Period
3) Set Orbit Speed
4) Set Aphelion
5) Q6p4b
1) Display planet informati6p4b
	Population: 28648
	Period: 
2) Set Period
3) Set Orbit Speed1) Add Country
12) Select countryage Main
1) Print Planet