
Planet Markup Language Main
1) Print Planets
2) Add PML
3) Add Planet
4) Select Planet
5) Exit
Selection: PML: 
Planet Markup Language Main
1) Print Planets
2) Add PML
3) Add Planet
4) Select Planet
5) Exit
Selection: 
-> 
Planet Markup Language Main
1) Print Planets
2) Add PML
3) Add Planet
4) Select Planet
5) Exit
Selection: 
-> 
Planet Markup Language Main
1) Print Planets
2) Add PML
3) Add Planet
4) Select Planet
5) Exit
Selection: 
-> 
Planet Markup Language Main
1) Print Planets
2) Add PML
3) Add Planet
4) Select Planet
5) Exit
Selection: 1) NTuANIxY6E
2) N7Jj5ubQa0anet information
2) Set Period
3)ss: 1.05303
	Country: ww4ed49fw8v
		Capitol: Unknown

Planet: ULYg7h4qLDf5
1) Display planet information
2) Set Period
3) Set Orbit Speed
4) Set Aphelion
5) Set Perihelion
6) Set Mean Radius
7) Set Equatorial Radius
8) Set Mass
9) Set Gravity
10) Set population
11) Add Country
12) Select country
13) Delete Planet and exit menu
14) Exit menu
Selection: 
-

-> 
Country: ww4ed49fw8v
1) Display CountryInfo
2) Set Capitol
3) Set Population
4) Add Language
5) Add border
6) Add Territory
7) Select Territory
8) Delete Country and Exit Menu
9) Exit menu
Selection: 
-> 
Countfw8v
1) Display CountryInfo
2) Set Capitol
3) Set Population
4) Add Language
5) Add border
6) Add Territory
7) Select Territory
8) Delete Country and Exit Menu
9) Exit menu
Selection: 
-> 
Country: 
Planet Markup Language Main
1) Print Planets
2) Add PML
3) Add Planet
4) Select Planet
5) Exit
Sel		Capitol: ShVMknlAH
		Population: 38987
		Language: mXVexvrNkH
		Border: 0.21875 1.90196 0.95732 0.78182
		Border: 1.63750 5.30000 0.68333 4.68571
		Border: 0.21622 3.14286 2.13043 0.44366
		Border: 0.55556 0.26316 2.03846 0.75342
		Ter O99j2t
			Population: 7990
			EsgtWvPF
			Border: 0.65922 0.0932: NTuANIxY6E
	Population: 2516
	Pe6
	ERadius: 0.22989
	Mass: 7.5uage: mXVexvrNkH
		Border: 0.21875 1.90196 0.95732 0.78182
		Border: 1.63750 5.30000 0.68333 4.68571
		Border: 0.21622 3.14286 2.13043 0.44366
		Border: 0.55556 0.26316 2.03846 0.75342
		Territory: O99j2t
			Population: 7990
			Established: 1432
			Founder: Y6SKigtWvPF
			Border: 0.65922 0.09326 0.40110 1.76636
			Border: 0.32168 1.98684 1.50388 1.66667
			Border: 1.60000 1.81373 0.17730 2.12903
			Border: 1.15607 0.53704 9.21429 0.15217
			County: ubdku6
				Seat: YrMUb
				Population: 15767
				Area: 0.95477
				Density: 5.18182
				Border: 1.29545 0.70667 1.37209 0.21552
				Border: 1.17391 0.51977 1.08750 0.25926
				City: KGiQEf5je
					Population: 34998
					Mayor: OkEOGikO5RU2EZU19J
					Url: http://suT2zAMhvEo.com
					Border: 2.32812 0.20122 1.14368 0.98361
Name: N7Jj5ubQa0
Name: 3UK6Niolh1
Name: ULYg7h4qLDf5
	Period: 0.15079
	Orbit Speed: 0.94872
	Aphelion: 1.17822
	ERadius: 1.09929
	Mass: 1.05303
	Country: ww4ed49fw8v
		Capitol: sMUXEi
		Population: 16769
		Territory: OlAL7czM
			Established: 0
			Founder: Unknown
	Country: Ma7DSwFUwL
		Capitol: Unknown
Name: 3beSMdPPZ9
	Population: 3489
	Period: 0.93651
	Orbit Spe
-> 
Planet Markup Language Main
1) Print Planets
2) Add PML
3) Add Planet
4) Select Planet
5) Exit
Selection: 1) NTuAN: ww4ed49fw8v
1) Display CountryIh4qLDf5
1) Display planet information
2) Set Period
3) Set Orbit Speed
4) Set Aphelion
5) Set Perihelion
6) Set Mean Radius
7) Set Equatorial Radius
8) Set Mass
9) Set Gravity
10) Set population
11) Add Country
12) Select country
13) Delete Planet and exit menu
14) Exit menu
Selection: 
-> 
Planet: ULYg7h4qLDf5
1) Disp
Country: Ma7DSwFUwL
1) Display CountryInfo
2) Set Capitol
3) Set Population
4) Add Language
5) Add border
6) Add Territory
7) Select Territory
8) Delete Country and Exit Menu
9) Exit menu
Selection: 	Country: ountry: Ma7DSwFUwL
1) Display CountryInfo
2) Set Capitol
3) Set Population
4) Add Language
5) Add border
6) Add Territory
7) Select Territory
8) Delete Country and Exit Menu
9) Exit menu
Selection: Lat Start: wL
1) Display CountryInfo
2) Set Crritory: UsVbXQMN
1) Display Territory Iory: UsVbXQMN
1) Display Territory Info
art: Lat End: Long End: 
TDf5
1) Display planet information
2) Set Period
3) Set Orbit Speed
4) Set Aphelion
5) Set Perihelion
6) Set Mean Radius
7) Set Equatorial Radius
8) Set Mass
9) Set Gravity
10) Set population
11) Add Country
12) Select country
13) Delete Planet and exit menu
14) Exit menu
Selection: 
-> 
Planet: ULYg7h4qLDf5
1) Display planet information
2) Set Period
3) Set Orbit Speed
4) Set Aphelion
5) Set Perihelion
6) Set Mean Radius
7) Set Equatorial Radius
8) Set Mass
9) Set Gravity
10) Set population
11) Add Country
12) Select country
13) Delete Planet and exit menu
14) Exit menu
Selection: 
-> 
Planet: ULYg7h4qLDf5
1) Display planet information
2) Set Period
3) Set Orbit Speed
4) Set Aphelion
5) Set Perihelion
6) Set Mean Radius
7) Set Equatorial Radius
8) Set Mass
9) Set Gravity
10) Set population
11) Add Country
12) Select country
13) Delete Planet and exit menu
14) Exit menu
Selection: 
-> 
Planet: ULYg7h4qLDf5
1) Display planet information
2) Set Period
3) Set Orbit Speed
4) Set Aphelion
5) Set Perihelion
6) Set Mean Radius
7) Set Equatorial Radius
8) Set Mass
9) Set Gravity
10) Set population
11) Add Country
12) Select country
13) Delete Planet and exit menu
14) Exit menu
Selection: 
-> 
Planet: ULYg7h4qLDf5
1) Display planet information
2) Set Period
3) Set Orbit Speed
4) Set Aphelion
5) Set Perihelion
6) Set Mean Radius
7) Set Equatorial Radius
8) Set Mass
9) Set Gravity
10) Set population
11) Add Country
12) Select country
13) Delete Planet and exit menu
14) Exit menu
Selection: 
-> 
Planet: ULYg7h4qLDf5
1) Display planet information
2) Set Period
3) Set Orbit Speed
4) Set Aphelion
5) Set Perihelion
6) Set Mean Radius
7) Set Equatorial Radius
8) Set Mass
9) Set Gravity
10) Set population
11) Add Country
12) Select country
13) Delete Planet and exit menu
14) Exit menu
Selection: 
-> 
Planet: ULYg7h4qLDf5
1) Display planet information
2) Set Period
3) Set Orbit Speed
4) Set Aphelion
5) Set Perihelion
6) Set Mean Radius
7) Set Equatorial Radius
8) Set Mass
9) Set Gravity
10) Set population
11) Add Country
12) Select country
13) Delete Planet and exit menu
14) Exit menu
Selection: 
Planet Markup Language Main
1) Print Planets
2) Add PML
3) Add Planet
4) Select Planet
5) Exit
Selection: 
-> 
Planet Markup Language Main
1) Print Planets
2) Add PML
3) Add Planet
4) Select Planet
5) Exit
Selection: 
-> 
Planet Markup Language Main
1) Print Planets
2) Add PML
3) Add Planet
4) Select Planet
5) Exit
Selection: Name: NTuANIxY6E
	Population: 2516
	Period: 0.39773
	Orbit Speed: 2.30645
	Aphelion: 2.06122
	Perihelion: 0.82927
	Radius: 0.39086
	ERadius: 0.22989
	Mass: 7.50000
	Gravity: 0.97248
	Country: pjfKODM
		Capitol: ShVMknlAH
		Population: 38987
		Language: mXVexvrNkH
		Border: 0.21875 1.90196 0.95732 0.78182
		Border: 1.63750 5.30000 0.68333 4.68571
		Border: 0.21622 3.14286 2.13043 0.44366
		Border: 0.55556 0.26316 2.03846 0.75342
		Territory: O99j2t
			Population: 7990
			Established: 1432
			Founder: Y6SKigtWvPF
			Border: 0.65922 0.09326 0.40110 1.76636
			Border: 0.32168 1.98684 1.50388 1.66667
			Border: 1.60000 1.81373 0.17730 2.12903
			Border: 1.15607 0.53704 9.21429 0.15217
			County: ubdku6
				Seat: YrMUb
				Population: 15767
				Area: 0.95477
				Density: 5.18182
				Border: 1.29545 0.70667 1.37209 0.21552
				Border: 1.17391 0.51977 1.08750 0.25926
				City: KGiQEf5je
					Population: 34998
					Mayor: OkEOGikO5RU2EZU19J
					Url: http://suT2zAMhvEo.com
					Border: 2.32812 0.20122 1.14368 0.98361
Name: N7Jj5ubQa0
Name: 3UK6Niolh1
Name: ULYg7h4qLDf5
	Period: 0.61538
	Orbit Speed: 0.94872
	Aphelion: 5.78571
	Perihelion: 0.53947
	Radius: 1.87805
	ERadius: 0.63158
	Mass: 5.50000
	Gravity: 5.33333
	Country: ww4ed49fw8v
		Capitol: csYSUjN
		Population: 16769
		Language: CsmujKQBSeIHq
		Border: 2.22222 3.44444 1.01093 0.17588
		Territory: OlAL7czM
			Established: 0
			Founder: Unknown
	Country: Ma7DSwFUwL
		Capitol: Unknown
		Population: 27256
		Language: aeONanSiozQ
		Language: WKFDicruwYFh
		Border: 9.37500 5.33333 0.80000 0.83333
		Border: 0.07258 1.43617 0.31579 0.79487
		Territory: UsVbXQMN
			Population: 7097
			Established: 27553
			Founder: 2aCy8E3
			Border: 0.02210 1.12338 0.91444 3.84615
			County: 0xgFkOKrpXRhpiSp
				Seat: Unknown
			County: P6FnagxStr
				Seat: Unknown
			County: Veyi4D1pAVOerM
				Seat: Unknown
Name: 3beSMdPPZ9
	Population: 3489
	Period: 0.93651
	Orbit Speed: 0.49462
	Aphelion: 1.07080
	Perihelion: 1.00000
	Radius: 1.26241
	ERadius: 2.00000
	Mass: 3.56098
	Gravity: 1.02857
Name: dPabFiZrDXM
Name: YwqeI4QztO
Name: 2XolpYj71XzO

Planet Markup Language Main
1) Print Planets
2) Add PML
3) Add Planet
4) Select Planet
5) Exit
Selection: PML: 
Planet Markup Language Main
1) Print Planets
2) Add PML
3) Add Planet
4) Select Planet
5) Exit
Selection: Name: NTuANIxY6E
	Population: 2516
	Period: 0.39773
	Orbit Speed: 2.30645
	Aphelion: 2.06122
	Perihelion: 0.82927
	Radius: 0.39086
	ERadius: 0.22989
	Mass: 7.50000
	Gravity: 0.97248
	Country: pjfKODM
		Capitol: ShVMknlAH
		Population: 38987
		Language: mXVexvrNkH
		Border: 0.21875 1.90196 0.95732 0.78182
		Border: 1.63750 5.30000 0.68333 4.68571
		Border: 0.21622 3.14286 2.13043 0.44366
		Border: 0.55556 0.26316 2.03846 0.75342
		Territory: O99j2t
			Population: 7990
			Established: 1432
			Founder: Y6SKigtWvPF
			Border: 0.65922 0.09326 0.40110 1.76636
			Border: 0.32168 1.98684 1.50388 1.66667
			Border: 1.60000 1.81373 0.17730 2.12903
			Border: 1.15607 0.53704 9.21429 0.15217
			County: ubdku6
				Seat: YrMUb
				Population: 15767
				Area: 0.95477
				Density: 5.18182
				Border: 1.29545 0.70667 1.37209 0.21552
				Border: 1.17391 0.51977 1.08750 0.25926
				City: KGiQEf5je
					Population: 34998
					Mayor: OkEOGikO5RU2EZU19J
					Url: http://suT2zAMhvEo.com
					Border: 2.32812 0.20122 1.14368 0.98361
Name: N7Jj5ubQa0
Name: 3UK6Niolh1
Name: ULYg7h4qLDf5
	Period: 0.61538
	Orbit Speed: 0.94872
	Aphelion: 5.78571
	Perihelion: 0.53947
	Radius: 1.87805
	ERadius: 0.63158
	Mass: 5.50000
	Gravity: 5.33333
	Country: ww4ed49fw8v
		Capitol: csYSUjN
		Population: 16769
		Language: CsmujKQBSeIHq
		Border: 2.22222 3.44444 1.01093 0.17588
		Territory: OlAL7czM
			Established: 0
			Founder: Unknown
	Country: Ma7DSwFUwL
		Capitol: Unknown
		Population: 27256
		Language: aeONanSiozQ
		Language: WKFDicruwYFh
		Border: 9.37500 5.33333 0.80000 0.83333
		Border: 0.07258 1.43617 0.31579 0.79487
		Territory: UsVbXQMN
			Population: 7097
			Established: 27553
			Founder: 2aCy8E3
			Border: 0.02210 1.12338 0.91444 3.84615
			County: 0xgFkOKrpXRhpiSp
				Seat: Unknown
			County: P6FnagxStr
				Seat: Unknown
			County: Veyi4D1pAVOerM
				Seat: Unknown
Name: 3beSMdPPZ9
	Population: 3489
	Period: 0.93651
	Orbit Speed: 0.49462
	Aphelion: 1.07080
	Perihelion: 1.00000
	Radius: 1.26241
	ERadius: 2.00000
	Mass: 3.56098
	Gravity: 1.02857
Name: dPabFiZrDXM
Name: YwqeI4QztO
Name: 2XolpYj71XzO
Name: DSlKcacPrN
	Population: 3641
	Period: 0.69274
	Orbit Speed: 17.00000
	Aphelion: 0.36872
	Perihelion: 0.42347
	Radius: 0.12857
	ERadius: 8.35714
	Mass: 0.80319
	Gravity: 0.53289

Planet Markup Language Main
1) Print Planets
2) Add PML
3) Add Planet
4) Select Planet
5) Exit
Selection: PML: 
Planet Markup Language Main
1) Print Planets
2) Add PML
3) Add Plan773
	Orbit Speed: 2.30645
	AphMknlAH
		Population: 38987
		L76636
			Border: 0.32168 1.98684 1.50388 1nformation
2) Set Period
3) Set adius
8) Set Mass
9) Set Gravity
 Speed: 2.30645
	Aphelion: 2.06122
	Perihelion: 0.82927
	Radius: 0.39086
	ERadius: 0.22989
	Mass: 7.50000
	Gravity: 0.97248
	Country: pjfKODM
		Capitol: ShVMknlAH
		Population: 38987
		Language: mXVexvrNkH
		Border: 0.21875 1.90196 0.95732 0.78182
		Border: 1.63750 5.30000 0.68333 4.68571
		Border: 0.21622 3.14286 2.13043 0.44366
		Border: 0.55556 0.26316 2.03846 0.75342
		Territory: O99j2t
			Population: 7990
			Established: 1432
			Founder: Y6SKigtWvPF
			Border: 0.65922 0.09326 0.40110 1.76636
			Border: 0.32168 1.98684 1.50388 1.66667
			Border: 1.60000 1.81373 0.17730 2.12903
			Border: 1.15607 0.53704 9.21429 0.15217
			County: ubdku6
				Seat: YrMUb
				Population: 15767
				Area: 0.95477
				Density: 5.18182
				Border: 1.29545 0.70667 1.37209 0.21552
				Border: 1.17391 0.51977 1.08750 0.25926
				City: KGiQEf5je
					Population: 34998
					Mayor: OkEOGikO5RU2EZU19J
					Url: http://suT2zAMhvEo.com
					Border: 2.32812 0.20122 1.14368 0.98361

Planet: NTuANIxY6E
1) Display net information
2) Set PeNTuANIxY6E
1) Display plal
3) Set Population
4) Add Language
5) Add border
6) Add Territory
7) Select Territory
8) Delete Country and Exit Menu
9) Exit menu
Selection: 
New Teformation
2) 
-> 
Country Set Population
4) Add Language
5) Add border
6) Add Territory
7) Select Territory
8) Delete Country and Exit Menu
9) Exit menu
Selection: 	Country: Dx0zKQjzFn3
		Capitol: Unknown
		Population: 24661
		Border: 1.13333 0.58974 0.10236 0.68041
		Border: 0.72727 0.62500 1.17172 0.84184
		Territory: Bl75S6cLD
			Established: 0
			Founder: Unknown
		Territory: 4nuby1i4
			Established: 0
			Founder: Unknown

Country: Dx0zKQjzFn3
1) Display CountryInfo
2) Set Capitol
3) Set Population
4) Add Language
5) Add border
6) Add Territory
7) Select Territory
8) Delete Country and Exit Menu
9) Exit menu
Selection: 
New Territory: 
Country:ies:
1) Bl75S6cLD
2) 4nuby1i4
3) F75S6cLD
1) Display Territory Inf
4) Set Established
5) Add Border

-> 
Territory: Bl75S6cLD
1) Display Territory Info
2) Set Founder
3) Set Population
4) Set Established
5) Add Border
6) Add County
7) Select County
8) Delete County and Exit Menu
9) Exit Menu
Selection: 
New County Name: 
Territory: Bl75S6cLD
1) Display Territory Info
2) Set Founder
3) Set Population
4) Set Established
5) Add Border
6) Add County
7) Select County
8) Delete County and Exit Menu
9) Exit Menu
Selection: Lat Start: Long Start: rritory: Bl75S6cLD
			Established: 1219Capitol
3) Set Population
4) Add Language
5) Add border
6) Add Territory
7) er: 1.13333 0.58974 0.10236 0.68041
		Border: 0.72727 0.62500 1.17172 0.84184
		Territory: Bl75S6cLD
			Population: 3401
			Established: -23055
			Founder: pv588WE
			Border: 20.00000 0.57718 0.84921 0.64407
			Border: 1.80909 1.10811 0.11111 0.17766
			Border: 1.08730 0.96575 0.71304 0.90244
			County: jkikWAzA3s4gmUyi
				Seat: Unknown
		Territory: 4nuby1i4
			Established: 0
			Founder: Unknown
		Territory: Fvd9yEd
			Established: 0
			Founder: Unknown

Country: Dx0zKQjzFn3
1) Display CountryInfo
2) Set Capitol
3) Set Population
4) Add Language
5) Add border
6) Add Territory
7) Select Territory
8) Delete Country and Exit Menu
9) Exit menu
Selection: 	Couet Capitol
3) Set Population
4) A
-> 
Territory: 4nuby1i4
1) Display Tersplay Territory Info
2) Set Founder
3) Set Popul
Country: Dx0zKQjzFn3
1) Display Countr
Territory: 4nuby1i4
1) Display ) Display County Info
2) Set Seat
3) Set Population
4) Set Area
5) Set Density
6) Add Border
7) Add City
8) Select City
9) Delete County and Exit Menu
10) Exit Menu
Selection: 
-> County: BfZbounty Info
2) Set Seat
3) Set Population
4) Set Ar1) Display County Info
2) Set Seat
3) S Dx0zKQjzFn3
1) Display Counnformation
2) Set Period
3) Set Orbit Spey planet information
2) Set Period
3) Set Orlion: 2.06122
	Perihelion: 1.34884
	Radius: 3.97917
	ERadius: 0.22989
	Mass: 1.15541
	Gravity: 0.86842
	Country: pjfKODM
		Capitol: ShVMknlAH
		Population: 38987
		Language: mXVexvrNkH
		Border: 0.21875 1.90196 0.95732 0.78182
		Border: 1.63750 5.30000 0.68333 4.68571
		Border: 0.21622 3.14286 2.13043 0.44366
		Border: 0.55556 0.26316 2.03846 0.75342
		Territory: O99j2t
			Population: 7990
			Established: 1432
			Founder: Y6SKigtWvPF
			Border: 0.65922 0.09326 0.40110 1.76636
			Border: 0.32168 1.98684 1.50388 1.66667
			Border: 1.60000 1.81373 0.17730 2.12903
			Border: 1.15607 0.53704 9.21429 0.15217
			County: ubdku6
				Seat: YrMUb
				Population: 15767
				Area: 0.95477
				Density: 5.18182
				Border: 1.29545 0.70667 1.37209 0.21552
				Border: 1.17391 0.51977 1.08750 0.25926
				City: KGiQEf5je
					Population: 34998
					Mayor: OkEOGikO5RU2EZU19J
					Url: http://suT2zAMhvEo.com
					Border: 2.32812 0.20122 1.14368 0.98361
	Country: Dx0zKQjzFn3
		Capitol: Unknown
		Population: 24922
		Language: ufYeaFuNEOO
		Language: aWlGsGfbwVdwfzu
		Bor1 0.17766
			Border: 1.08730 0.96575 0.71304 0.90244
			County: jkikWAzA3s4gmUyi
				Seat: Unknown
		Territory: 4nuby1i4
			Population: 18030
			Established: -18002
			Founder: Gx1MEmwkpfIY
			Border: 0.29412 0.20000 4.12500 0.04959
			Border: 0.06509 0.20122 0.82759 1.17606
			County: BfZb7dePNm8
				Seat: NHWAmdiXEbLSYbEh
				Population: 23190
				Area: 0.05833
				Density: 0.19886
				City: ksIPXmHUTuT
		Territory: Fvd9yEd
			Established: 0
			Founder: Unknown
Name: N7Jj5ubQa0
Name: 3UK6Niolh1
Name: ULYg7h4qLDf5
	Period: 0.61538
	Orbit Speed: 0.94872
	Aphelion: 5.78571
	Perihelion: 0.53947
	Radius: 1.87805
	ERadius: 0.63158
	Mass: 5.50000
	Gravity: 5.33333
	Country: ww4ed49fw8v
		Capitol: csYSUjN
		Population: 16769
		Language: CsmujKQBSeIHq
		Border: 2.22222 3.44444 1.01093 0.17588
		Territory: OlAL7czM
			Established: 0
			Founder: Unknown
	Country: Ma7DSwFUwL
		Capitol: Unknown
		Population: 27256
		Language: aeONanSiozQ
		Language: WKFDicruwYFh
		Border: 9.37500 5.33333 0.80000 0.83333
		Border: 0.07258 1.43617 0.31579 0.79487
		Territory: UsVbXQMN
			Population: 7097
			Established: 27553
			Founder: 2aCy8E3
			Border: 0.02210 1.12338 0.91444 3.84615
			County: 0xgFkOKrpXRhpiSp
				Seat: Unknown
			County: P6FnagxStr
				Seat: Unknown
			County: Veyi4D1pAVOerM
				Seat: Unknown
Name: 3beSMdPPZ9
	Population: 3489
	Period: 0.93651
	Orbit Speed: 0.49462
	Aphelion: 1.07080
	Perihelion: 1.00000
	Radius: 1.26241
	ERadius: 2.00000
	Mass: 3.56098
	Gravity: 1.02857
Name: dPabFiZrDXM
Name: YwqeI4QztO
Name: 2XolpYj71XzO
Name: DSlKcacPrN
	Population: 3641
	Period: 0.69274
	Orbit Speed: 17.00000
	Aphelion: 0.36872
	Perihelion: 0.42347
	Radius: 0.12857
	ERadius: 8.35714
	Mass: 0.80319
	Gravity: 0.53289
Name: WTcWUjaFug
	Population: 991
	Period: 0.28814
	Orbit Speed: 3.49057
	Aphelion: 2.37778
	Perihelion: 0.48408
	Radius: 5.11429
	ERadius: 3.18182
	Mass: 4.70000
	Gravity: 6.64706
	Country: FuKqtqW
		Capitol: Eetvkhb
		Population: 7063
		Language: ZCeRRzbF
		Language: MwYrLZPKv
		Language: aEStu
		Border: 0.42623 8.92857 0.94891 0.29012
		Border: 0.88489 4.00000 1.09028 1.44186
		Territory: YXPFjkx
			Population: 36879
			Established: -529
			Founder: ahA93NmAtk4G
			Border: 4.75000 4.48148 1.09600 1.06557
			County: 3SPCQ
				Seat: JUoxbq
				Population: 38900
				Area: 4.50000
				Density: 1.14286
				Border: 1.81818 0.38298 1.18605 1.22857
				City: FEYmZSF
					Population: 32876
					Mayor: skVnsCkDEC
					Url: http://yb3tA0Rluacj.com
					Border: 0.49655 0.59603 0.24510 0.62857
	Country: aVnypojW7
		Capitol: hATEqdN
		Population: 24542
		Language: YaTUejCec
		Language: CgfMt
		Border: 0.07692 80.00000 0.35185 0.40000
		Border: 4.55000 0.75281 0.66225 1.94118
		Territory: foHvU
			Population: 17442
			Established: 451
			Founder: eHHKDODXLq
			Border: 0.71341 0.55208 1.23871 0.35632
			County: puw4BRg
									Url: http://Esoi5MBoNBrQ4l.com
					Border: 0.18012 0.15723 0.37288

Planet Markup Language Main
1) Print Planets
2) Add PML
3) Add Planet
4) Select Planet
5) Exit
Selection: 1) NTuANIxY6E
2) N7Jj5ubQa0
3) 3UK6Nf5
1) Display planet information
1) Display planet information
2) Set Pe Main
1) Print Planets
2) Add PML