
Planet Markup Language Main
1) Print Planets
2) Add PML
3) Add Planet
4) Select Planet
5) Exit
Selection: 
-> 
Planet Markup Language Main
1) Print Planets
2) Add PML
3) Add Planet
4) Select Planet
5) Exit
Selection: Name: 43BSoYuJ2ug

Planet Markup Language Main
1) Print Planets
2) Add PML
3) Add Planet
4) Select Planet
5) Exit
Selection: Name: 43BSoYuJ2ug

Planet Markup Language Main
1) Print Planets
2) Add PML
3) Add Planet
4
Planet Markup Language Main
1) Print Planets
2) Add PML
3) Add Planet
4) Select Planet
5) Exit
Selection: Name: 43BSoYuJ2ug
Name: hW1Sw
	Population: 2436
	Period: 4.56667
	Orbit Speed: 4.69565
	Aphelion: 0.44118
	Perihelion: 0.72254
	Radius: 0.69231
	ERadius: 0.33333
	Mass: 0.50000
	Gravity: 5.18182
	Country: H9CBEcu
		Capitol: sWiWHcwEHv
		Population: 14616
		Language: MPzRCm
		Border: 0.18103 1.63551 0.22794 0.52101
		Bord0.70552
			Border: 1.11458 0.37908 0.19403 0.25676
			County: eLFgRqUp1
				Seat: WFhkj
				Population: 23917
				Area: 0.58333
				Density: 1.98020
				Border: 0.33981 3.22857 1.10000 4.06250
				Border: 3.68571 3.32000 0.69149 0.91791
				Border: 2.61842 1.74000 0.90323 3.23684
				City: iyYWq9
					Population: 17264
					Mayor: mcM6XJj50e8FL
					Url: http://2kNuYDoLqmlip.com
					Border: 0.28814 1.04211 1.90698 0.65882
					Border: 0.23214 3.11111 1.27778 0.05806

Planet Markup Language Main
1) Print Planets
2) Add PML
3) Add Planet
4) Select Planet
5) Exit
Selection: Name:elion: 0.72254
	Radius: 0.69231
	ERadius: 0.33333
	Mass: 0.50000
	Gravity: 5.18182
	Country: H9CBEcu
		Capitol: sWiWHcwEHv
		Population: 14616
		Language: MPzRCm
		Border: 0.18103 1.63551 0.22794 0.52101
		Border: 11.15385 0.04000 1.71053 2.28571
		Territory: IUuSTMgFO
			Population: 16073
			Established: 965
			Founder: WStSd kfvk
			Border: 5.87500 1.72368 2.72093 0.72093
			Border: 0.17600 0.44578 1.08140 0.70552
			Border: 1.11458 0.37908 0.19403 0.25676
			County: eLFgRqUp1
				Seat: WFhkj
				Population: 23917
				Area: 0.58333
				Density: 1.98020
				Border: 0.33981 3.22857 1.10000 4.06250
				Border: 3.68571 3.32000 0.69149 0.91791
				Border: 2.61842 1.74000 0.90323 3.23684
				City: iyYWq9
					Population: 17264
					Mayor: mcM6XJj50e8FL
					Url: http://2kNuYDoLqmlip.com
					Border: 0.28814 1.04211 1.90698 0.65882
					Border: 0.23214 3.11111 1.27778 0.05806

Planet Markup Language Main
1) Print Planets
2) Add PML
3) Add Plane	Perihelion: 0.72254
	Radius: 0.69231
	ERadius: 0.33333
	Mass: 0.50000
	Gravity: 5.18182
	Country: H9CBEcu
		Capitol: sWiWHcwEHv
		Population: 14616
		Language: MPzRCm
		Border: 0.18103 1.63551 0.22794 0.52101
		Border: 11.15385 0.04000 1.71053 2.28571
		Territory: IUuSTMgFO
			Population: 16073
			Established: 965
			Founder: WStSd kfvk
			Border: 5.87Name: 43BSoYuJ2ug
Name: hW1Sw
	PoOrbit Speed: 4.69565
	Aphelion: 