........1.1.....1..11.1..1......
....................1...........
................................
................................
................................
................................
................................
................................
................................
................................
................................
................................
................................
................................
................................
................................
................................
................................
................................
................................
................................
................................
................................
................................
................................
................................
................................
................................
................................
................................
..111111.1.11111.11..1.11.111111
1..11111111111111111.11111111111
