11....111.1...1.1.1..1.1.1..1111
......1.1..............1.....1..
............................1...
................................
................................
................................
................................
................................
................................
................................
................................
................................
................................
................................
................................
................................
................................
................................
................................
................................
................................
................................
................................
................................
................................
................................
................................
................................
................................
................................
...1.....11.11.1.1.1.11.111....1
1.1.11.111111111111111111.1.1.1.
