....1...1...1.....1.1....1...11.
........1...1.......1.........1.
...........................1....
...........................1....
................................
................................
................................
................................
................................
................................
................................
................................
................................
................................
................................
................................
................................
................................
................................
................................
................................
................................
................................
................................
................................
................................
................................
................................
................................
................................
..11.111.111.11111.1.1111.1.1..1
..111111.111.1111111.111111.11.1
