1..11111.11.1.1..11....1.11.....
...........1....................
...........1....................
................................
................................
................................
................................
................................
................................
................................
................................
................................
................................
................................
................................
................................
................................
................................
................................
................................
................................
................................
................................
................................
................................
................................
................................
................................
................................
................................
......1..1....111.11111.1.111111
..111.11111.11111.1111111.111111
