....11..11.....1..1.......1....1
........1.......................
................1...............
................1...............
................................
................................
................................
................................
................................
................................
................................
................................
................................
................................
................................
................................
................................
................................
................................
................................
................................
................................
................................
................................
................................
................................
................................
................................
................................
................................
1..1..11..11111.1..11111111.111.
1..11111.11111111.11111111111111
