.....11...1...11.11..1.111.111..
.......1..1......1...111........
.......1..............1.........
................................
................................
................................
................................
................................
................................
................................
................................
................................
................................
................................
................................
................................
................................
................................
................................
................................
................................
................................
................................
................................
................................
................................
................................
................................
................................
................................
1...11...1..111..1..11....11..11
1.11111.111111111.111...1.11.111
