Welcome to the hug gambling server.
What is your name?
Hi MJAGGqkRud. You have 1000 hugs. Shall we play a game?
1. Coin Flip
2. Hangman
3. Dice game
4. War
q. Quit
How much would you like to wager? How many rolls do you want? Rolling a 31337 sided dice. 31337 wins jackpot. If you guess within 100, you win.
What is your guess for the dice? Yes! 5446 is 0 away from 5446
YOU WIN!
Adding 904 to your hug balance.

Rolling a 31337 sided dice. 31337 wins jackpot. If you guess within 100, you win.
What is your guess for the dice? Yes! 2723 is 0 away from 2723
YOU WIN!
Adding 904 to your hug balance.

Rolling a 31337 sided dice. 31337 wins jackpot. If you guess within 100, you win.
What is your guess for the dice? Yes! 17221 is 0 away from 17221
YOU WIN!
Adding 904 to your hug balance.

Rolling a 31337 sided dice. 31337 wins jackpot. If you guess within 100, you win.
What is your guess for the dice? Yes! 8610 is 0 away from 8610
YOU WIN!
Adding 904 to your hug balance.

Rolling a 31337 sided dice. 31337 wins jackpot. If you guess within 100, you win.
What is your guess for the dice? Yes! 19974 is 0 away from 19974
YOU WIN!
Adding 904 to your hug balance.

Rolling a 31337 sided dice. 31337 wins jackpot. If you guess within 100, you win.
What is your guess for the dice? Yes! 9987 is 0 away from 9987
YOU WIN!
Adding 904 to your hug balance.

Rolling a 31337 sided dice. 31337 wins jackpot. If you guess within 100, you win.
What is your guess for the dice? Yes! 5184 is 0 away from 5184
YOU WIN!
Adding 904 to your hug balance.

Rolling a 31337 sided dice. 31337 wins jackpot. If you guess within 100, you win.
What is your guess for the dice? Yes! 18452 is 0 away from 18452
YOU WIN!
Adding 904 to your hug balance.

Rolling a 31337 sided dice. 31337 wins jackpot. If you guess within 100, you win.
What is your guess for the dice? Yes! 9417 is 0 away from 9417
YOU WIN!
Adding 904 to your hug balance.

Rolling a 31337 sided dice. 31337 wins jackpot. If you guess within 100, you win.
What is your guess for the dice? Yes! 20568 is 0 away from 20568
YOU WIN!
Adding 904 to your hug balance.

Rolling a 31337 sided dice. 31337 wins jackpot. If you guess within 100, you win.
What is your guess for the dice? Yes! 25953 is 0 away from 25953
YOU WIN!
Adding 904 to your hug balance.

Rolling a 31337 sided dice. 31337 wins jackpot. If you guess within 100, you win.
What is your guess for the dice? Yes! 28836 is 0 away from 28836
YOU WIN!
Adding 904 to your hug balance.

Rolling a 31337 sided dice. 31337 wins jackpot. If you guess within 100, you win.
What is your guess for the dice? Yes! 30278 is 0 away from 30278
YOU WIN!
Adding 904 to your hug balance.

Rolling a 31337 sided dice. 31337 wins jackpot. If you guess within 100, you win.
What is your guess for the dice? Yes! 30999 is 0 away from 30999
YOU WIN!
Adding 904 to your hug balance.

Rolling a 31337 sided dice. 31337 wins jackpot. If you guess within 100, you win.
What is your guess for the dice? Yes! 31168 is 0 away from 31168
YOU WIN!
Adding 904 to your hug balance.

Rolling a 31337 sided dice. 31337 wins jackpot. If you guess within 100, you win.
What is your guess for the dice? Yes! 31253 is 0 away from 31253
YOU WIN!
Adding 904 to your hug balance.

You have 15464 hugs. Shall we play a game?
1. Coin Flip
2. Hangman
3. Dice game
4. War
q. Quit
How much would you like to wager? HIGH ROLLER COMING THROUGH!
How many rolls do you want? Rolling a 31337 sided dice. 31337 wins jackpot. If you guess within 100, you win.
What is your guess for the dice? Yes! 148 is 0 away from 148
YOU WIN!
Adding 5236 to your hug balance.

Rolling a 31337 sided dice. 31337 wins jackpot. If you guess within 100, you win.
What is your guess for the dice? Yes! 15934 is 0 away from 15934
YOU WIN!
Adding 5236 to your hug balance.

Rolling a 31337 sided dice. 31337 wins jackpot. If you guess within 100, you win.
What is your guess for the dice? Yes! 23636 is 0 away from 23636
YOU WIN!
Adding 5236 to your hug balance.

Rolling a 31337 sided dice. 31337 wins jackpot. If you guess within 100, you win.
What is your guess for the dice? Yes! 11818 is 0 away from 11818
YOU WIN!
Adding 5236 to your hug balance.

Rolling a 31337 sided dice. 31337 wins jackpot. If you guess within 100, you win.
What is your guess for the dice? Yes! 21578 is 0 away from 21578
YOU WIN!
Adding 5236 to your hug balance.

Rolling a 31337 sided dice. 31337 wins jackpot. If you guess within 100, you win.
What is your guess for the dice? Yes! 10789 is 0 away from 10789
YOU WIN!
Adding 5236 to your hug balance.

Rolling a 31337 sided dice. 31337 wins jackpot. If you guess within 100, you win.
What is your guess for the dice? Yes! 21254 is 0 away from 21254
YOU WIN!
Adding 5236 to your hug balance.

Rolling a 31337 sided dice. 31337 wins jackpot. If you guess within 100, you win.
What is your guess for the dice? Yes! 10627 is 0 away from 10627
YOU WIN!
Adding 5236 to your hug balance.

Rolling a 31337 sided dice. 31337 wins jackpot. If you guess within 100, you win.
What is your guess for the dice? Yes! 5313 is 0 away from 5313
YOU WIN!
Adding 5236 to your hug balance.

Rolling a 31337 sided dice. 31337 wins jackpot. If you guess within 100, you win.
What is your guess for the dice? Yes! 18325 is 0 away from 18325
YOU WIN!
Adding 5236 to your hug balance.

Rolling a 31337 sided dice. 31337 wins jackpot. If you guess within 100, you win.
What is your guess for the dice? Yes! 25022 is 0 away from 25022
YOU WIN!
Adding 5236 to your hug balance.

Rolling a 31337 sided dice. 31337 wins jackpot. If you guess within 100, you win.
What is your guess for the dice? Yes! 28180 is 0 away from 28180
YOU WIN!
Adding 5236 to your hug balance.

Rolling a 31337 sided dice. 31337 wins jackpot. If you guess within 100, you win.
What is your guess for the dice? Yes! 29950 is 0 away from 29950
YOU WIN!
Adding 5236 to your hug balance.

Rolling a 31337 sided dice. 31337 wins jackpot. If you guess within 100, you win.
What is your guess for the dice? Yes! 14975 is 0 away from 14975
YOU WIN!
Adding 5236 to your hug balance.

Rolling a 31337 sided dice. 31337 wins jackpot. If you guess within 100, you win.
What is your guess for the dice? Yes! 23156 is 0 away from 23156
YOU WIN!
Adding 5236 to your hug balance.

You have 94004 hugs. Shall we play a game?
1. Coin Flip
2. Hangman
3. Dice game
4. War
q. Quit
How much would you like to wager? HIGH ROLLER COMING THROUGH!
Player's king of hearts beats dealer's seven of clubs
YOU WIN!
Adding 64323 to your hug balance.

You have 158327 hugs. Shall we play a game?
1. Coin Flip
2. Hangman
3. Dice game
4. War
q. Quit
How much would you like to wager? Flipping a coin. Do you think it's going to be (h)eads or (t)ails?
YOU LOSE!
Debiting 501 from your hug balance.

You have 157826 hugs. Shall we play a game?
1. Coin Flip
2. Hangman
3. Dice game
4. War
q. Quit
How much would you like to wager? HIGH ROLLER COMING THROUGH!
How many rolls do you want? Rolling a 31337 sided dice. 31337 wins jackpot. If you guess within 100, you win.
What is your guess for the dice? Yes! 1566 is 0 away from 1566
YOU WIN!
Adding 31123 to your hug balance.

Rolling a 31337 sided dice. 31337 wins jackpot. If you guess within 100, you win.
What is your guess for the dice? Yes! 16452 is 0 away from 16452
YOU WIN!
Adding 31123 to your hug balance.

You have 220072 hugs. Shall we play a game?
1. Coin Flip
2. Hangman
3. Dice game
4. War
q. Quit
How much would you like to wager? HIGH ROLLER COMING THROUGH!
How many rolls do you want? Rolling a 31337 sided dice. 31337 wins jackpot. If you guess within 100, you win.
What is your guess for the dice? Yes! 24086 is 0 away from 24086
YOU WIN!
Adding 8350 to your hug balance.

Rolling a 31337 sided dice. 31337 wins jackpot. If you guess within 100, you win.
What is your guess for the dice? Yes! 12043 is 0 away from 12043
YOU WIN!
Adding 8350 to your hug balance.

Rolling a 31337 sided dice. 31337 wins jackpot. If you guess within 100, you win.
What is your guess for the dice? Yes! 6021 is 0 away from 6021
YOU WIN!
Adding 8350 to your hug balance.

You have 245122 hugs. Shall we play a game?
1. Coin Flip
2. Hangman
3. Dice game
4. War
q. Quit
Thanks for playing! Don't spend all your hugs in one place.
