Welcome to the hug gambling server.
What is your name?
Hi ScqCouwQGw. You have 1000 hugs. Shall we play a game?
1. Coin Flip
2. Hangman
3. Dice game
4. War
q. Quit
How much would you like to wager? Player's seven of hearts beats dealer's two of spades
YOU WIN!
Adding 368 to your hug balance.

You have 1368 hugs. Shall we play a game?
1. Coin Flip
2. Hangman
3. Dice game
4. War
q. Quit
How much would you like to wager? |---|
|
|
|
|
______
______
Please enter a guess: |---|
|
|
|
|
______
k_____
Please enter a guess: |---|
|
|
|
|
______
kr___r
Please enter a guess: |---|
|
|
|
|
______
kro_or
Please enter a guess: YOU WIN!
Adding 1 to your hug balance.

You have 1369 hugs. Shall we play a game?
1. Coin Flip
2. Hangman
3. Dice game
4. War
q. Quit
Thanks for playing! Don't spend all your hugs in one place.
