Welcome to the hug gambling server.
What is your name?
Hi aweatOfpwl. You have 1000 hugs. Shall we play a game?
1. Coin Flip
2. Hangman
3. Dice game
4. War
q. Quit
How much would you like to wager? How many rolls do you want? Rolling a 31337 sided dice. 31337 wins jackpot. If you guess within 100, you win.
What is your guess for the dice? Yes! 6826 is 0 away from 6826
YOU WIN!
Adding 739 to your hug balance.

Rolling a 31337 sided dice. 31337 wins jackpot. If you guess within 100, you win.
What is your guess for the dice? Yes! 3604 is 0 away from 3604
YOU WIN!
Adding 739 to your hug balance.

Rolling a 31337 sided dice. 31337 wins jackpot. If you guess within 100, you win.
What is your guess for the dice? Yes! 17662 is 0 away from 17662
YOU WIN!
Adding 739 to your hug balance.

Rolling a 31337 sided dice. 31337 wins jackpot. If you guess within 100, you win.
What is your guess for the dice? Yes! 9022 is 0 away from 9022
YOU WIN!
Adding 739 to your hug balance.

Rolling a 31337 sided dice. 31337 wins jackpot. If you guess within 100, you win.
What is your guess for the dice? Yes! 4511 is 0 away from 4511
YOU WIN!
Adding 739 to your hug balance.

Rolling a 31337 sided dice. 31337 wins jackpot. If you guess within 100, you win.
What is your guess for the dice? Yes! 18115 is 0 away from 18115
YOU WIN!
Adding 739 to your hug balance.

Rolling a 31337 sided dice. 31337 wins jackpot. If you guess within 100, you win.
What is your guess for the dice? Yes! 9248 is 0 away from 9248
YOU WIN!
Adding 739 to your hug balance.

Rolling a 31337 sided dice. 31337 wins jackpot. If you guess within 100, you win.
What is your guess for the dice? Yes! 4815 is 0 away from 4815
YOU WIN!
Adding 739 to your hug balance.

Rolling a 31337 sided dice. 31337 wins jackpot. If you guess within 100, you win.
What is your guess for the dice? Yes! 18267 is 0 away from 18267
YOU WIN!
Adding 739 to your hug balance.

Rolling a 31337 sided dice. 31337 wins jackpot. If you guess within 100, you win.
What is your guess for the dice? Yes! 24993 is 0 away from 24993
YOU WIN!
Adding 739 to your hug balance.

Rolling a 31337 sided dice. 31337 wins jackpot. If you guess within 100, you win.
What is your guess for the dice? Yes! 28356 is 0 away from 28356
YOU WIN!
Adding 739 to your hug balance.

Rolling a 31337 sided dice. 31337 wins jackpot. If you guess within 100, you win.
What is your guess for the dice? Yes! 14369 is 0 away from 14369
YOU WIN!
Adding 739 to your hug balance.

Rolling a 31337 sided dice. 31337 wins jackpot. If you guess within 100, you win.
What is your guess for the dice? Yes! 22853 is 0 away from 22853
YOU WIN!
Adding 739 to your hug balance.

Rolling a 31337 sided dice. 31337 wins jackpot. If you guess within 100, you win.
What is your guess for the dice? Yes! 11617 is 0 away from 11617
YOU WIN!
Adding 739 to your hug balance.

Rolling a 31337 sided dice. 31337 wins jackpot. If you guess within 100, you win.
What is your guess for the dice? Yes! 5808 is 0 away from 5808
YOU WIN!
Adding 739 to your hug balance.

Rolling a 31337 sided dice. 31337 wins jackpot. If you guess within 100, you win.
What is your guess for the dice? Yes! 3095 is 0 away from 3095
YOU WIN!
Adding 739 to your hug balance.

You have 12824 hugs. Shall we play a game?
1. Coin Flip
2. Hangman
3. Dice game
4. War
q. Quit
How much would you like to wager? HIGH ROLLER COMING THROUGH!
Flipping a coin. Do you think it's going to be (h)eads or (t)ails?
YOU WIN!
Adding 9631 to your hug balance.

You have 22455 hugs. Shall we play a game?
1. Coin Flip
2. Hangman
3. Dice game
4. War
q. Quit
How much would you like to wager? HIGH ROLLER COMING THROUGH!
How many rolls do you want? Rolling a 31337 sided dice. 31337 wins jackpot. If you guess within 100, you win.
What is your guess for the dice? Yes! 16729 is 0 away from 16729
YOU WIN!
Adding 8195 to your hug balance.

You have 30650 hugs. Shall we play a game?
1. Coin Flip
2. Hangman
3. Dice game
4. War
q. Quit
How much would you like to wager? HIGH ROLLER COMING THROUGH!
|---|
|
|
|
|
______
____________
Please enter a guess: |---|
|
|
|
|
______
a___a_______
Please enter a guess: |---|
|
|
|
|
______
a___a____e__
Please enter a guess: |---|
|
|
|
|
______
a___a__i_e__
Please enter a guess: |---|
|
|
|
|
______
a__la__i_el_
Please enter a guess: |---|
|
|
|
|
______
appla__i_el_
Please enter a guess: |---|
|
|
|
|
______
appla_si_el_
Please enter a guess: |---|
|
|
|
|
______
applausi_el_
Please enter a guess: |---|
|
|
|
|
______
applausivel_
Please enter a guess: YOU WIN!
Adding 17778 to your hug balance.

You have 48428 hugs. Shall we play a game?
1. Coin Flip
2. Hangman
3. Dice game
4. War
q. Quit
Thanks for playing! Don't spend all your hugs in one place.
