Welcome to the hug gambling server.
What is your name?
Hi mWVmCPJCql. You have 1000 hugs. Shall we play a game?
1. Coin Flip
2. Hangman
3. Dice game
4. War
q. Quit
How much would you like to wager? Dealer's jack of diamonds beats player's seven of clubs
YOU LOSE!
Debiting 822 from your hug balance.

You have 178 hugs. Shall we play a game?
1. Coin Flip
2. Hangman
3. Dice game
4. War
q. Quit
How much would you like to wager? Flipping a coin. Do you think it's going to be (h)eads or (t)ails?
YOU LOSE!
Debiting 146 from your hug balance.

You have 32 hugs. Shall we play a game?
1. Coin Flip
2. Hangman
3. Dice game
4. War
q. Quit
How much would you like to wager? How many rolls do you want? Rolling a 31337 sided dice. 31337 wins jackpot. If you guess within 100, you win.
What is your guess for the dice? Yes! 14034 is 0 away from 14034
YOU WIN!
Adding 21 to your hug balance.

Rolling a 31337 sided dice. 31337 wins jackpot. If you guess within 100, you win.
What is your guess for the dice? Yes! 7017 is 0 away from 7017
YOU WIN!
Adding 21 to your hug balance.

Rolling a 31337 sided dice. 31337 wins jackpot. If you guess within 100, you win.
What is your guess for the dice? Yes! 3699 is 0 away from 3699
YOU WIN!
Adding 21 to your hug balance.

Rolling a 31337 sided dice. 31337 wins jackpot. If you guess within 100, you win.
What is your guess for the dice? Yes! 2040 is 0 away from 2040
YOU WIN!
Adding 21 to your hug balance.

Rolling a 31337 sided dice. 31337 wins jackpot. If you guess within 100, you win.
What is your guess for the dice? Yes! 1211 is 0 away from 1211
YOU WIN!
Adding 21 to your hug balance.

Rolling a 31337 sided dice. 31337 wins jackpot. If you guess within 100, you win.
What is your guess for the dice? Yes! 605 is 0 away from 605
YOU WIN!
Adding 21 to your hug balance.

Rolling a 31337 sided dice. 31337 wins jackpot. If you guess within 100, you win.
What is your guess for the dice? Yes! 493 is 0 away from 493
YOU WIN!
Adding 21 to your hug balance.

Rolling a 31337 sided dice. 31337 wins jackpot. If you guess within 100, you win.
What is your guess for the dice? Yes! 246 is 0 away from 246
YOU WIN!
Adding 21 to your hug balance.

Rolling a 31337 sided dice. 31337 wins jackpot. If you guess within 100, you win.
What is your guess for the dice? Yes! 15983 is 0 away from 15983
YOU WIN!
Adding 21 to your hug balance.

Rolling a 31337 sided dice. 31337 wins jackpot. If you guess within 100, you win.
What is your guess for the dice? Yes! 8182 is 0 away from 8182
YOU WIN!
Adding 21 to your hug balance.

You have 242 hugs. Shall we play a game?
1. Coin Flip
2. Hangman
3. Dice game
4. War
q. Quit
How much would you like to wager? Flipping a coin. Do you think it's going to be (h)eads or (t)ails?
YOU LOSE!
Debiting 158 from your hug balance.

You have 84 hugs. Shall we play a game?
1. Coin Flip
2. Hangman
3. Dice game
4. War
q. Quit
How much would you like to wager? Player's eight of spades beats dealer's three of clubs
YOU WIN!
Adding 47 to your hug balance.

You have 131 hugs. Shall we play a game?
1. Coin Flip
2. Hangman
3. Dice game
4. War
q. Quit
How much would you like to wager? |---|
|
|
|
|
______
_____________
Please enter a guess: |---|
|
|
|
|
______
_____a_a_____
Please enter a guess: |---|
|
|
|
|
______
_____a_ac____
Please enter a guess: |---|
|
|
|
|
______
_____a_ace___
Please enter a guess: |---|
|
|
|
|
______
____ga_ace___
Please enter a guess: |---|
|
|
|
|
______
__l_galace___
Please enter a guess: |---|
|
|
|
|
______
_ol_galaceo__
Please enter a guess: |---|
|
|
|
|
______
pol_galaceo__
Please enter a guess: |---|
|
|
|
|
______
pol_galaceo_s
Please enter a guess: |---|
|
|
|
|
______
pol_galaceous
Please enter a guess: YOU WIN!
Adding 103 to your hug balance.

You have 234 hugs. Shall we play a game?
1. Coin Flip
2. Hangman
3. Dice game
4. War
q. Quit
How much would you like to wager? |---|
|
|
|
|
______
_____________
Please enter a guess: |---|
|
|
|
|
______
___________a_
Please enter a guess: |---|
|
|
|
|
______
__e___e____a_
Please enter a guess: |---|
|
|
|
|
______
__e__ge__g_a_
Please enter a guess: |---|
|
|
|
|
______
__e__ge__g_am
Please enter a guess: |---|
|
|
|
|
______
_oe__ge_og_am
Please enter a guess: |---|
|
|
|
|
______
_oen_genog_am
Please enter a guess: |---|
|
|
|
|
______
roen_genogram
Please enter a guess: YOU WIN!
Adding 86 to your hug balance.

You have 320 hugs. Shall we play a game?
1. Coin Flip
2. Hangman
3. Dice game
4. War
q. Quit
Thanks for playing! Don't spend all your hugs in one place.
