Welcome to the hug gambling server.
What is your name?
Hi rmZRVyqIan. You have 1000 hugs. Shall we play a game?
1. Coin Flip
2. Hangman
3. Dice game
4. War
q. Quit
How much would you like to wager? Flipping a coin. Do you think it's going to be (h)eads or (t)ails?
YOU WIN!
Adding 311 to your hug balance.

You have 1311 hugs. Shall we play a game?
1. Coin Flip
2. Hangman
3. Dice game
4. War
q. Quit
How much would you like to wager? HIGH ROLLER COMING THROUGH!
Player's six of spades beats dealer's four of clubs
YOU WIN!
Adding 1123 to your hug balance.

You have 2434 hugs. Shall we play a game?
1. Coin Flip
2. Hangman
3. Dice game
4. War
q. Quit
How much would you like to wager? HIGH ROLLER COMING THROUGH!
Both players drew a ace
THIS MEANS WAR
Dealer's nine of diamonds beats player's six of clubs
YOU LOSE!
Debiting 2266 from your hug balance.

You have 168 hugs. Shall we play a game?
1. Coin Flip
2. Hangman
3. Dice game
4. War
q. Quit
Thanks for playing! Don't spend all your hugs in one place.
