Welcome to the hug gambling server.
What is your name?
Hi koIMtxpnfs. You have 1000 hugs. Shall we play a game?
1. Coin Flip
2. Hangman
3. Dice game
4. War
q. Quit
How much would you like to wager? Flipping a coin. Do you think it's going to be (h)eads or (t)ails?
YOU LOSE!
Debiting 328 from your hug balance.

You have 672 hugs. Shall we play a game?
1. Coin Flip
2. Hangman
3. Dice game
4. War
q. Quit
How much would you like to wager? |---|
|
|
|
|
______
___________
Please enter a guess: |---|
|
|
|
|
______
___a_______
Please enter a guess: |---|
|
|
|
|
______
___ac______
Please enter a guess: |---|
|
|
|
|
______
b__ac______
Please enter a guess: |---|
|
|
|
|
______
b_eac_e___e
Please enter a guess: |---|
|
|
|
|
______
b_eac_e_i_e
Please enter a guess: |---|
|
|
|
|
______
b_eache_i_e
Please enter a guess: |---|
|
|
|
|
______
bleache_i_e
Please enter a guess: |---|
|
|
|
|
______
bleacheri_e
Please enter a guess: YOU WIN!
Adding 395 to your hug balance.

You have 1067 hugs. Shall we play a game?
1. Coin Flip
2. Hangman
3. Dice game
4. War
q. Quit
Thanks for playing! Don't spend all your hugs in one place.
