Welcome to the hug gambling server.
What is your name?
Hi InbEdyzKtk. You have 1000 hugs. Shall we play a game?
1. Coin Flip
2. Hangman
3. Dice game
4. War
q. Quit
How much would you like to wager? Flipping a coin. Do you think it's going to be (h)eads or (t)ails?
YOU WIN!
Adding 223 to your hug balance.

You have 1223 hugs. Shall we play a game?
1. Coin Flip
2. Hangman
3. Dice game
4. War
q. Quit
How much would you like to wager? How many rolls do you want? Rolling a 31337 sided dice. 31337 wins jackpot. If you guess within 100, you win.
What is your guess for the dice? Yes! 14998 is 0 away from 14998
YOU WIN!
Adding 706 to your hug balance.

Rolling a 31337 sided dice. 31337 wins jackpot. If you guess within 100, you win.
What is your guess for the dice? Yes! 7499 is 0 away from 7499
YOU WIN!
Adding 706 to your hug balance.

Rolling a 31337 sided dice. 31337 wins jackpot. If you guess within 100, you win.
What is your guess for the dice? Yes! 19418 is 0 away from 19418
YOU WIN!
Adding 706 to your hug balance.

You have 3341 hugs. Shall we play a game?
1. Coin Flip
2. Hangman
3. Dice game
4. War
q. Quit
Thanks for playing! Don't spend all your hugs in one place.
