Welcome to the hug gambling server.
What is your name?
Hi fdbqaOhacL. You have 1000 hugs. Shall we play a game?
1. Coin Flip
2. Hangman
3. Dice game
4. War
q. Quit
How much would you like to wager? How many rolls do you want? Rolling a 31337 sided dice. 31337 wins jackpot. If you guess within 100, you win.
What is your guess for the dice? Yes! 28519 is 0 away from 28519
YOU WIN!
Adding 24 to your hug balance.

Rolling a 31337 sided dice. 31337 wins jackpot. If you guess within 100, you win.
What is your guess for the dice? Yes! 14259 is 0 away from 14259
YOU WIN!
Adding 24 to your hug balance.

Rolling a 31337 sided dice. 31337 wins jackpot. If you guess within 100, you win.
What is your guess for the dice? Yes! 22798 is 0 away from 22798
YOU WIN!
Adding 24 to your hug balance.

Rolling a 31337 sided dice. 31337 wins jackpot. If you guess within 100, you win.
What is your guess for the dice? Yes! 27068 is 0 away from 27068
YOU WIN!
Adding 24 to your hug balance.

Rolling a 31337 sided dice. 31337 wins jackpot. If you guess within 100, you win.
What is your guess for the dice? Yes! 13725 is 0 away from 13725
YOU WIN!
Adding 24 to your hug balance.

Rolling a 31337 sided dice. 31337 wins jackpot. If you guess within 100, you win.
What is your guess for the dice? Yes! 22531 is 0 away from 22531
YOU WIN!
Adding 24 to your hug balance.

Rolling a 31337 sided dice. 31337 wins jackpot. If you guess within 100, you win.
What is your guess for the dice? Yes! 11456 is 0 away from 11456
YOU WIN!
Adding 24 to your hug balance.

Rolling a 31337 sided dice. 31337 wins jackpot. If you guess within 100, you win.
What is your guess for the dice? Yes! 21588 is 0 away from 21588
YOU WIN!
Adding 24 to your hug balance.

Rolling a 31337 sided dice. 31337 wins jackpot. If you guess within 100, you win.
What is your guess for the dice? Yes! 10794 is 0 away from 10794
YOU WIN!
Adding 24 to your hug balance.

Rolling a 31337 sided dice. 31337 wins jackpot. If you guess within 100, you win.
What is your guess for the dice? Yes! 21257 is 0 away from 21257
YOU WIN!
Adding 24 to your hug balance.

Rolling a 31337 sided dice. 31337 wins jackpot. If you guess within 100, you win.
What is your guess for the dice? Yes! 10628 is 0 away from 10628
YOU WIN!
Adding 24 to your hug balance.

Rolling a 31337 sided dice. 31337 wins jackpot. If you guess within 100, you win.
What is your guess for the dice? Yes! 5314 is 0 away from 5314
YOU WIN!
Adding 24 to your hug balance.

Rolling a 31337 sided dice. 31337 wins jackpot. If you guess within 100, you win.
What is your guess for the dice? Yes! 2657 is 0 away from 2657
YOU WIN!
Adding 24 to your hug balance.

Rolling a 31337 sided dice. 31337 wins jackpot. If you guess within 100, you win.
What is your guess for the dice? Yes! 1519 is 0 away from 1519
YOU WIN!
Adding 24 to your hug balance.

Rolling a 31337 sided dice. 31337 wins jackpot. If you guess within 100, you win.
What is your guess for the dice? Yes! 16428 is 0 away from 16428
YOU WIN!
Adding 24 to your hug balance.

Rolling a 31337 sided dice. 31337 wins jackpot. If you guess within 100, you win.
What is your guess for the dice? Yes! 24074 is 0 away from 24074
YOU WIN!
Adding 24 to your hug balance.

You have 1384 hugs. Shall we play a game?
1. Coin Flip
2. Hangman
3. Dice game
4. War
q. Quit
How much would you like to wager? Dealer's jack of spades beats player's eight of hearts
YOU LOSE!
Debiting 312 from your hug balance.

You have 1072 hugs. Shall we play a game?
1. Coin Flip
2. Hangman
3. Dice game
4. War
q. Quit
How much would you like to wager? |---|
|
|
|
|
______
______
Please enter a guess: |---|
|
|
|
|
______
____a_
Please enter a guess: |---|
|
|
|
|
______
___ga_
Please enter a guess: |---|
|
|
|
|
______
_f_ga_
Please enter a guess: |---|
|
|
|
|
______
If_ga_
Please enter a guess: |---|
|
|
|
|
______
If_gao
Please enter a guess: YOU WIN!
Adding 198 to your hug balance.

You have 1270 hugs. Shall we play a game?
1. Coin Flip
2. Hangman
3. Dice game
4. War
q. Quit
How much would you like to wager? Both players drew a jack
THIS MEANS WAR
Player's nine of spades beats dealer's six of diamonds
YOU WIN!
Adding 1198 to your hug balance.

You have 2468 hugs. Shall we play a game?
1. Coin Flip
2. Hangman
3. Dice game
4. War
q. Quit
How much would you like to wager? HIGH ROLLER COMING THROUGH!
|---|
|
|
|
|
______
____
Please enter a guess: |---|
|
|
|
|
______
___i
Please enter a guess: |---|
|
|
|
|
______
B__i
Please enter a guess: |---|
|
|
|
|
______
Be_i
Please enter a guess: YOU WIN!
Adding 2444 to your hug balance.

You have 4912 hugs. Shall we play a game?
1. Coin Flip
2. Hangman
3. Dice game
4. War
q. Quit
How much would you like to wager? HIGH ROLLER COMING THROUGH!
Dealer's ten of spades beats player's nine of spades
YOU LOSE!
Debiting 1472 from your hug balance.

You have 3440 hugs. Shall we play a game?
1. Coin Flip
2. Hangman
3. Dice game
4. War
q. Quit
How much would you like to wager? HIGH ROLLER COMING THROUGH!
Player's six of spades beats dealer's four of spades
YOU WIN!
Adding 3057 to your hug balance.

You have 6497 hugs. Shall we play a game?
1. Coin Flip
2. Hangman
3. Dice game
4. War
q. Quit
How much would you like to wager? HIGH ROLLER COMING THROUGH!
Dealer's seven of hearts beats player's three of clubs
YOU LOSE!
Debiting 2376 from your hug balance.

You have 4121 hugs. Shall we play a game?
1. Coin Flip
2. Hangman
3. Dice game
4. War
q. Quit
Thanks for playing! Don't spend all your hugs in one place.
