Welcome to the hug gambling server.
What is your name?
Hi ghRGTkBbLN. You have 1000 hugs. Shall we play a game?
1. Coin Flip
2. Hangman
3. Dice game
4. War
q. Quit
How much would you like to wager? |---|
|
|
|
|
______
_______
Please enter a guess: |---|
|
|
|
|
______
e______
Please enter a guess: |---|
|
|
|
|
______
e_d____
Please enter a guess: |---|
|
|
|
|
______
e_d__i_
Please enter a guess: |---|
|
|
|
|
______
end__i_
Please enter a guess: |---|
|
|
|
|
______
end_sis
Please enter a guess: YOU WIN!
Adding 967 to your hug balance.

You have 1967 hugs. Shall we play a game?
1. Coin Flip
2. Hangman
3. Dice game
4. War
q. Quit
How much would you like to wager? HIGH ROLLER COMING THROUGH!
|---|
|
|
|
|
______
________
Please enter a guess: |---|
|
|
|
|
______
_a___a__
Please enter a guess: |---|
|
|
|
|
______
ca__ca__
Please enter a guess: |---|
|
|
|
|
______
ca__ca_e
Please enter a guess: |---|
|
|
|
|
______
car_ca_e
Please enter a guess: |---|
|
|
|
|
______
caruca_e
Please enter a guess: YOU WIN!
Adding 1256 to your hug balance.

You have 3223 hugs. Shall we play a game?
1. Coin Flip
2. Hangman
3. Dice game
4. War
q. Quit
How much would you like to wager? How many rolls do you want? Rolling a 31337 sided dice. 31337 wins jackpot. If you guess within 100, you win.
What is your guess for the dice? Yes! 16236 is 0 away from 16236
YOU WIN!
Adding 270 to your hug balance.

Rolling a 31337 sided dice. 31337 wins jackpot. If you guess within 100, you win.
What is your guess for the dice? Yes! 8118 is 0 away from 8118
YOU WIN!
Adding 270 to your hug balance.

Rolling a 31337 sided dice. 31337 wins jackpot. If you guess within 100, you win.
What is your guess for the dice? Yes! 19919 is 0 away from 19919
YOU WIN!
Adding 270 to your hug balance.

Rolling a 31337 sided dice. 31337 wins jackpot. If you guess within 100, you win.
What is your guess for the dice? Yes! 25819 is 0 away from 25819
YOU WIN!
Adding 270 to your hug balance.

Rolling a 31337 sided dice. 31337 wins jackpot. If you guess within 100, you win.
What is your guess for the dice? Yes! 28578 is 0 away from 28578
YOU WIN!
Adding 270 to your hug balance.

Rolling a 31337 sided dice. 31337 wins jackpot. If you guess within 100, you win.
What is your guess for the dice? Yes! 29958 is 0 away from 29958
YOU WIN!
Adding 270 to your hug balance.

Rolling a 31337 sided dice. 31337 wins jackpot. If you guess within 100, you win.
What is your guess for the dice? Yes! 30648 is 0 away from 30648
YOU WIN!
Adding 270 to your hug balance.

Rolling a 31337 sided dice. 31337 wins jackpot. If you guess within 100, you win.
What is your guess for the dice? Yes! 15324 is 0 away from 15324
YOU WIN!
Adding 270 to your hug balance.

Rolling a 31337 sided dice. 31337 wins jackpot. If you guess within 100, you win.
What is your guess for the dice? Yes! 7853 is 0 away from 7853
YOU WIN!
Adding 270 to your hug balance.

Rolling a 31337 sided dice. 31337 wins jackpot. If you guess within 100, you win.
What is your guess for the dice? Yes! 19786 is 0 away from 19786
YOU WIN!
Adding 270 to your hug balance.

Rolling a 31337 sided dice. 31337 wins jackpot. If you guess within 100, you win.
What is your guess for the dice? Yes! 9893 is 0 away from 9893
YOU WIN!
Adding 270 to your hug balance.

Rolling a 31337 sided dice. 31337 wins jackpot. If you guess within 100, you win.
What is your guess for the dice? Yes! 5137 is 0 away from 5137
YOU WIN!
Adding 270 to your hug balance.

You have 6463 hugs. Shall we play a game?
1. Coin Flip
2. Hangman
3. Dice game
4. War
q. Quit
How much would you like to wager? HIGH ROLLER COMING THROUGH!
|---|
|
|
|
|
______
____
Please enter a guess: |---|
|
|
|
|
______
_a__
Please enter a guess: |---|
|
|
|
|
______
_ae_
Please enter a guess: |---|
|
|
|
|
______
_aet
Please enter a guess: YOU WIN!
Adding 4589 to your hug balance.

You have 11052 hugs. Shall we play a game?
1. Coin Flip
2. Hangman
3. Dice game
4. War
q. Quit
Thanks for playing! Don't spend all your hugs in one place.
