1) Create User
2) Login
3) Exit
: username: 1) Create User
2) Login
3) Exit
: username: 1) Create User
2) Login
3) Exit
: username: 1) Create User
2) Login
3) Exit
: username: 1) Create User
2) Login
3) Exit
: username: 1) Create User
2) Login
3) Exit
: username: 1) Create User
2) Login
3) Exit
: username: Login Success
1) Send Message
2) Read Message
3) List Messages
4) Delete Message
5) Logout
6) Exit
: 1) Send Message
2) Read Message
3) List Messages
4) Delete Message
5) Logout
6) Exit
: To: Message: 1) Send Message
2) Read Message
3) List Messages
4) Delete Message
5) Logout
6) Exit
: To: Message: 1) Send Message
2) Read Message
3) List Messages
4) Delete Message
5) Logout
6) Exit
: To: Message: 1) Send Message
2) Read Message
3) List Messages
4) Delete Message
5) Logout
6) Exit
: To: Message: Unread messages:
***********************************
1:  wxbvptafacnl
***********************************
1) Send Message
2) Read Message
3) List Messages
4) Delete Message
5) Logout
6) Exit
: To: Message: Unread messages:
***********************************
2:  fzssuvmzgskjrfgq
***********************************
1) Send Message
2) Read Message
3) List Messages
4) Delete Message
5) Logout
6) Exit
: Logging out...
1) Create User
2) Login
3) Exit
: username: Login Success
Unread messages:
***********************************
1:  wratihsvpdcmtgzxsglsedcbt
***********************************
***********************************
2:  gmltmfeuqskpbi
***********************************
1) Send Message
2) Read Message
3) List Messages
4) Delete Message
5) Logout
6) Exit
: Logging out...
1) Create User
2) Login
3) Exit
: username: Login Success
1) Send Message
2) Read Message
3) List Messages
4) Delete Message
5) Logout
6) Exit
: To: Message: 1) Send Message
2) Read Message
3) List Messages
4) Delete Message
5) Logout
6) Exit
: To: Message: 1) Send Message
2) Read Message
3) List Messages
4) Delete Message
5) Logout
6) Exit
: To: Message: 1) Send Message
2) Read Message
3) List Messages
4) Delete Message
5) Logout
6) Exit
: To: Message: 1) Send Message
2) Read Message
3) List Messages
4) Delete Message
5) Logout
6) Exit
: To: Message: 1) Send Message
2) Read Message
3) List Messages
4) Delete Message
5) Logout
6) Exit
: To: Message: 1) Send Message
2) Read Message
3) List Messages
4) Delete Message
5) Logout
6) Exit
: Logging out...
1) Create User
2) Login
3) Exit
: username: Login Success
Unread messages:
***********************************
3:  zjkxjsxbfsg
***********************************
1) Send Message
2) Read Message
3) List Messages
4) Delete Message
5) Logout
6) Exit
: To: Message: Unread messages:
***********************************
4:  zoyemeafyprwdkpaaesqssfpu
***********************************
1) Send Message
2) Read Message
3) List Messages
4) Delete Message
5) Logout
6) Exit
: To: Message: Unread messages:
***********************************
5:  svsxwpgjxjxslnvm
***********************************
1) Send Message
2) Read Message
3) List Messages
4) Delete Message
5) Logout
6) Exit
: ID: 1) Send Message
2) Read Message
3) List Messages
4) Delete Message
5) Logout
6) Exit
: ***********************************
1:  wxbvptafacnl
***********************************
***********************************
2:  fzssuvmzgskjrfgq
***********************************
***********************************
4:  zoyemeafyprwdkpaaesqssfpu
***********************************
***********************************
5:  svsxwpgjxjxslnvm
***********************************
1) Send Message
2) Read Message
3) List Messages
4) Delete Message
5) Logout
6) Exit
: To: Message: 1) Send Message
2) Read Message
3) List Messages
4) Delete Message
5) Logout
6) Exit
: Logging out...
1) Create User
2) Login
3) Exit
: username: Login Success
Unread messages:
***********************************
1:  wdncelmrtuiidw
***********************************
***********************************
2:  juhtrdxuqmu
***********************************
***********************************
3:  ahwuzwbpgzqtexjumtymnuznimk
***********************************
1) Send Message
2) Read Message
3) List Messages
4) Delete Message
5) Logout
6) Exit
: To: Message: 1) Send Message
2) Read Message
3) List Messages
4) Delete Message
5) Logout
6) Exit
: Logging out...
1) Create User
2) Login
3) Exit
: username: Login Success
Unread messages:
***********************************
3:  gsgtcridegxyap
***********************************
1) Send Message
2) Read Message
3) List Messages
4) Delete Message
5) Logout
6) Exit
: To: Message: 1) Send Message
2) Read Message
3) List Messages
4) Delete Message
5) Logout
6) Exit
: To: Message: Unread messages:
***********************************
4:  kasqhgxwjhmramhuabgxlb
***********************************
1) Send Message
2) Read Message
3) List Messages
4) Delete Message
5) Logout
6) Exit
: ID: 1) Send Message
2) Read Message
3) List Messages
4) Delete Message
5) Logout
6) Exit
: To: Message: 1) Send Message
2) Read Message
3) List Messages
4) Delete Message
5) Logout
6) Exit
: To: Message: 1) Send Message
2) Read Message
3) List Messages
4) Delete Message
5) Logout
6) Exit
: To: Message: 1) Send Message
2) Read Message
3) List Messages
4) Delete Message
5) Logout
6) Exit
: To: Message: 1) Send Message
2) Read Message
3) List Messages
4) Delete Message
5) Logout
6) Exit
: To: Message: 1) Send Message
2) Read Message
3) List Messages
4) Delete Message
5) Logout
6) Exit
: To: Message: 1) Send Message
2) Read Message
3) List Messages
4) Delete Message
5) Logout
6) Exit
: To: Message: Unread messages:
***********************************
5:  dyzytnthtgphjhhklcl
***********************************
1) Send Message
2) Read Message
3) List Messages
4) Delete Message
5) Logout
6) Exit
: To: Message: Unread messages:
***********************************
6:  grxmwhqenvhmffjyde
***********************************
1) Send Message
2) Read Message
3) List Messages
4) Delete Message
5) Logout
6) Exit
: Logging out...
1) Create User
2) Login
3) Exit
: username: Login Success
Unread messages:
***********************************
1:  gymzpngvxkjaajaiqsupudmq
***********************************
***********************************
2:  ksvcdbcnnpqlljqcwsxni
***********************************
***********************************
3:  ojesclfkczldpanjppwlcbfiu
***********************************
***********************************
4:  gfpsfbwjrtdxoulasmafpr
***********************************
1) Send Message
2) Read Message
3) List Messages
4) Delete Message
5) Logout
6) Exit
: To: Message: Unread messages:
***********************************
5:  wrdabubzm
***********************************
1) Send Message
2) Read Message
3) List Messages
4) Delete Message
5) Logout
6) Exit
: Logging out...
1) Create User
2) Login
3) Exit
: username: Login Success
Unread messages:
***********************************
1:  tqrrksokf
***********************************
1) Send Message
2) Read Message
3) List Messages
4) Delete Message
5) Logout
6) Exit
: To: Message: 1) Send Message
2) Read Message
3) List Messages
4) Delete Message
5) Logout
6) Exit
: ID: 1) Send Message
2) Read Message
3) List Messages
4) Delete Message
5) Logout
6) Exit
: 1) Send Message
2) Read Message
3) List Messages
4) Delete Message
5) Logout
6) Exit
: To: Message: 1) Send Message
2) Read Message
username: Login Success
Unread messages:
***********************************
1:  onhcyaybdfvdezzvslzrnc
***********************************
***********************************
2:  kiigtrwtbktmumkyfusuzjqalpjz
***********************************
***********************************
3:  cvdnqvkvpgwyjvbxqodvgerrsffi
***********************************
***********************************
4:  qnkwljfigzzerz
***********************************
***********************************
5:  cjmfquqwvni
***********************************
1) Send Message
2) Read Message
3) List Messages
4) Delete Message
5) Logout
6) Exit
: To: Message: 1) Send Message
2) Read Message
3) List Messages
4) Delete Message
5) Logout
6) Exit
: ID: ***********************************
2:  kiigtrwtbktmumkyfusuzjqalpjz
***********************************
1) Send Message
2) Read Message
3) List Messages
4) Delete Message
5) Logout
6) Exit
: ID: ID: 1) Send Message
2) Read Message
3) List Messages
4) Delete Message
5) Logout
6) Exit
: ***********************************
1:  wratihsvpdcmtgzxsglsedcbt
***********************************
***********************************
2:  gmltmfeuqskpbi
***********************************
***********************************
3:  gsgtcridegxyap
***********************************
***********************************
5:  dyzytnthtgphjhhklcl
***********************************
***********************************
6:  grxmwhqenvhmffjyde
***********************************
***********************************
7:  qpghcxhbc
***********************************
***********************************
8:  rnsttphop
***********************************
***********************************
9:  nzurzdi
***********************************
***********************************
10:  usxglqlufopnydz
***********************************
***********************************
11:  lwlrklgmkgevqhjiqpjlqqatdf
***********************************
1) Send Message
2) Read Message
3) List Messages
4) Delete Message
5) Logout
6) Exit
: To: Message: 1) Send Message
2) Read Message
3) List Messages
4) Delete Message
5) Logout
6) Exit
: ID: 