1) Create User
2) Login
3) Exit
: username: 1) Create User
2) Login
3) Exit
: username: 1) Create User
2) Login
3) Exit
: username: 1) Create User
2) Login
3) Exit
: username: 1) Create User
2) Login
3) Exit
: username: 1) Create User
2) Login
3) Exit
: username: 1) Create User
2) Login
3) Exit
: username: Login Success
1) Send Message
2) Read Message
3) List Messages
4) Delete Message
5) Logout
6) Exit
: To: Message: 1) Send Message
2) Read Message
3) List Messages
4) Delete Message
5) Logout
6) Exit
: Logging out...
1) Create User
2) Login
3) Exit
: username: Login Success
1) Send Message
2) Read Message
3) List Messages
4) Delete Message
5) Logout
6) Exit
: To: Message: 1) Send Message
2) Read Message
3) List Messages
4) Delete Message
5) Logout
6) Exit
: 1) Send Message
2) Read Message
3) List Messages
4) Delete Message
5) Logout
6) Exit
: To: Message: 1) Send Message
2) Read Message
3) List Messages
4) Delete Message
5) Logout
6) Exit
: To: Message: 1) Send Message
2) Read Message
3) List Messages
4) Delete Message
5) Logout
6) Exit
: To: Message: 1) Send Message
2) Read Message
3) List Messages
4) Delete Message
5) Logout
6) Exit
: To: Message: 1) Send Message
2) Read Message
3) List Messages
4) Delete Message
5) Logout
6) Exit
: 1) Send Message
2) Read Message
3) List Messages
4) Delete Message
5) Logout
6) Exit
: To: Message: 1) Send Message
2) Read Message
3) List Messages
4) Delete Message
5) Logout
6) Exit
: Logging out...
1) Create User
2) Login
3) Exit
: username: Login Success
Unread messages:
***********************************
1:  sdpszzzj
***********************************
1) Send Message
2) Read Message
3) List Messages
4) Delete Message
5) Logout
6) Exit
: ID: 1) Send Message
2) Read Message
3) List Messages
4) Delete Message
5) Logout
6) Exit
: To: Message: 1) Send Message
2) Read Message
3) List Messages
4) Delete Message
5) Logout
6) Exit
: To: Message: Unread messages:
***********************************
2:  ligykparaaiexot
***********************************
1) Send Message
2) Read Message
3) List Messages
4) Delete Message
5) Logout
6) Exit
: To: Message: 1) Send Message
2) Read Message
3) List Messages
4) Delete Message
5) Logout
6) Exit
: To: Message: 1) Send Message
2) Read Message
3) List Messages
4) Delete Message
5) Logout
6) Exit
: To: Message: Unread messages:
***********************************
3:  jajdsaidoy
***********************************
1) Send Message
2) Read Message
3) List Messages
4) Delete Message
5) Logout
6) Exit
: Logging out...
1) Create User
2) Login
3) Exit
: username: Login Success
1) Send Message
2) Read Message
3) List Messages
4) Delete Message
5) Logout
6) Exit
: To: Message: 1) Send Message
2) Read Message
3) List Messages
4) Delete Message
5) Logout
6) Exit
: To: Message: 1) Send Message
2) Read Message
3) List Messages
4) Delete Message
5) Logout
6) Exit
: 1) Send Message
2) Read Message
3) List Messages
4) Delete Message
5) Logout
6) Exit
: 1) Send Message
2) Read Message
3) List Messages
4) Delete Message
5) Logout
6) Exit
: To: Message: Unread messages:
***********************************
1:  etizzsryygyjjn
***********************************
1) Send Message
2) Read Message
3) List Messages
4) Delete Message
5) Logout
6) Exit
: Logging out...
1) Create User
2) Login
3) Exit
: username: Login Success
Unread messages:
***********************************
1:  xjudjqgxjmuqcjtggalfbdpqjp
***********************************
***********************************
2:  tywcjyqbha
***********************************
1) Send Message
2) Read Message
3) List Messages
4) Delete Message
5) Logout
6) Exit
: To: Message: 1) Send Message
2) Read Message
3) List Messages
4) Delete Message
5) Logout
6) Exit
: To: Message: 1) Send Message
2) Read Message
3) List Messages
4) Delete Message
5) Logout
6) Exit
: To: Message: 1) Send Message
2) Read Message
3) List Messages
4) Delete Message
5) Logout
6) Exit
: To: Message: Unread messages:
***********************************
3:  gdiqykmee
***********************************
1) Send Message
2) Read Message
3) List Messages
4) Delete Message
5) Logout
6) Exit
: To: Message: 1) Send Message
2) Read Message
3) List Messages
4) Delete Message
5) Logout
6) Exit
: To: Message: 1) Send Message
2) Read Message
3) List Messages
4) Delete Message
5) Logout
6) Exit
: ID: ***********************************
1:  xjudjqgxjmuqcjtggalfbdpqjp
***********************************
1) Send Message
2) Read Message
3) List Messages
4) Delete Message
5) Logout
6) Exit
: To: Message: Unread messages:
***********************************
4:  chmdxzqgdyrpqvtvjqtkjejb
***********************************
1) Send Message
2) Read Message
3) List Messages
4) Delete Message
5) Logout
6) Exit
: To: Message: 1) Send Message
2) Read Message
3) List Messages
4) Delete Message
5) Logout
6) Exit
: To: Message: 1) Send Message
2) Read Message
3) List Messages
4) Delete Message
5) Logout
6) Exit
: ID: ***********************************
1:  xjudjqgxjmuqcjtggalfbdpqjp
***********************************
1) Send Message
2) Read Message
3) List Messages
4) Delete Message
5) Logout
6) Exit
: To: Message: 1) Send Message
2) Read Message
3) List Messages
4) Delete Message
5) Logout
6) Exit
: To: Message: 1) Send Message
2) Read Message
3) List Messages
4) Delete Message
5) Logout
6) Exit
: ***********************************
1:  xjudjqgxjmuqcjtggalfbdpqjp
***********************************
***********************************
2:  tywcjyqbha
***********************************
***********************************
3:  gdiqykmee
***********************************
***********************************
4:  chmdxzqgdyrpqvtvjqtkjejb
***********************************
1) Send Message
2) Read Message
3) List Messages
4) Delete Message
5) Logout
6) Exit
: To: Message: 1) Send Message
2) Read Message
3) List Messages
4) Delete Message
5) Logout
6) Exit
: ID: 1) Send Message
2) Read Message
3) List Messages
4) Delete Message
5) Logout
6) Exit
: ***********************************
1:  xjudjqgxjmuqcjtggalfbdpqjp
***********************************
***********************************
3:  gdiqykmee
***********************************
***********************************
4:  chmdxzqgdyrpqvtvjqtkjejb
***********************************
1) Send Message
2) Read Message
3) List Messages
4) Delete Message
5) Logout
6) Exit
: ID: 1) Send Message
2) Read Message
3) List Messages
4) Delete Message
5) Logout
6) Exit
: Logging out...
1) Create User
2) Login
3) Exit
: username: Login Success
Unread messages:
***********************************
1:  kaztvdjsfvyuhfoyqus
***********************************
***********************************
2:  mlpvxukunofvtnojjhxpawyq
***********************************
***********************************
3:  soqtfzktnqbhqfhkowmnjnm
***********************************
1) Send Message
2) Read Message
3) List Messages
4) Delete Message
5) Logout
6) Exit
: ID: ***********************************
1:  kaztvdjsfvyuhfoyqus
***********************************
1) Send Message
2) Read Message
3) List Messages
4) Delete Message
5) Logout
6) Exit
: To: Message: 1) Send Message
2) Read Message
3) List Messages
4) Delete Message
5) Logout
6) Exit
: ***********************************
1:  kaztvdjsfvyuhfoyqus
***********************************
***********************************
2:  mlpvxukunofvtnojjhxpawyq
***********************************
***********************************
3:  soqtfzktnqbhqfhkowmnjnm
***********************************
1) Send Message
2) Read Message
3) List Messages
4) Delete Message
5) Logout
6) Exit
: To: Message: 1) Send Message
2) Read Message
3) List Messages
4) Delete Message
5) Logout
6) Exit
: To: To: Message: Unread messages:
***********************************
5:  tmfcqdsxpvneuxbgsvstjwinfk
***********************************
1) Send Message
2) Read Message
3) List Messages
4) Delete Message
5) Logout
6) Exit
: ID: 1) Send Message
2) Read Message
3) List Messages
4) Delete Message
5) Logout
6) Exit
: To: Message: 1) Send Message
2) Read Message
3) List Messages
4) Delete Message
5) Logout
6) Exit
: To: Message: 1) Send Message
***********************************
1:  etizzsryygyjjn
***********************************
***********************************
2:  yghyavvwfmoagl
***********************************
***********************************
3:  rnhubpujnzdoxvxhomlkmiw
***********************************
***********************************
4:  qfpvdmcfszip
***********************************
***********************************
5:  vckszchrqowgm
***********************************
***********************************
6:  keevibvqpwbnlhaxhppr
***********************************
1) Send Message
2) Read Message
3) List Messages
4) Delete Message
5) Logout
6) Exit
: To: Message: 1) Send Message
2) Read Message
3) List Messages
4) Delete Message
5) Logout
6) Exit
: To: Message: 1) Send Message
2) Read Message
3) List Messages
4) Delete Message
5) Logout
6) Exit
: ***********************************
1:  etizzsryygyjjn
***********************************
***********************************
2:  yghyavvwfmoagl
***********************************
***********************************
3:  rnhubpujnzdoxvxhomlkmiw
***********************************
***********************************
4:  qfpvdmcfszip
***********************************
***********************************
5:  vckszchrqowgm
***********************************
***********************************
6:  keevibvqpwbnlhaxhppr
***********************************
1) Send Message
2) Read Message
3) List Messages
4) Delete Message
5) Logout
6) Exit
: To: Message: 1) Send Message
2) Read Message
3) List Messages
4) Delete Message
5) Logout
6) Exit
: Logging out...
1) Create User
2) Login
3) Exit
: username: Login Success
Unread messages:
***********************************
6:  kusfyttus
***********************************
***********************************
7:  cjyuxgqqmfxm
***********************************
1) Send Message
2) Read Message
3) List Messages
4) Delete Message
ID: 1) Send Message
2) Read Message
3) List Messages
4) Delete Message
5) Logout
6) Exit
: To: Message: 1) Send Message
2) Read Message
3) List Messages
4) Delete Message
5) Logout
6) Exit
: ***********************************
6:  kusfyttus
***********************************
***********************************
7:  cjyuxgqqmfxm
***********************************
***********************************
9:  qgkuesqpugbdjebi
***********************************
1) Send Message
2) Read Message
3) List Messages
4) Delete Message
5) Logout
6) Exit
: To: Message: 1) Send Message
2) Read Message
3) List Messages
4) Delete Message
Exiting...
