1) Create User
2) Login
3) Exit
: username: 1) Create User
2) Login
3) Exit
: username: 1) Create User
2) Login
3) Exit
: username: 1) Create User
2) Login
3) Exit
: username: 1) Create User
2) Login
3) Exit
: username: 1) Create User
2) Login
3) Exit
: username: 1) Create User
2) Login
3) Exit
: username: 1) Create User
2) Login
3) Exit
: username: 1) Create User
2) Login
3) Exit
: username: Login Success
1) Send Message
2) Read Message
3) List Messages
4) Delete Message
5) Logout
6) Exit
: To: Message: 1) Send Message
2) Read Message
3) List Messages
4) Delete Message
5) Logout
6) Exit
: To: Message: 1) Send Message
2) Read Message
3) List Messages
4) Delete Message
5) Logout
6) Exit
: To: Message: 1) Send Message
2) Read Message
3) List Messages
4) Delete Message
5) Logout
6) Exit
: To: Message: 1) Send Message
2) Read Message
3) List Messages
4) Delete Message
5) Logout
6) Exit
: 1) Send Message
2) Read Message
3) List Messages
4) Delete Message
5) Logout
6) Exit
: To: Message: 1) Send Message
2) Read Message
3) List Messages
4) Delete Message
5) Logout
6) Exit
: To: Message: 1) Send Message
2) Read Message
3) List Messages
4) Delete Message
5) Logout
6) Exit
: To: Message: 1) Send Message
2) Read Message
3) List Messages
4) Delete Message
5) Logout
6) Exit
: To: Message: 1) Send Message
2) Read Message
3) List Messages
4) Delete Message
5) Logout
6) Exit
: To: Message: Unread messages:
***********************************
1:  ymweuqjfddkrpjwozd
***********************************
1) Send Message
2) Read Message
3) List Messages
4) Delete Message
5) Logout
6) Exit
: To: Message: 1) Send Message
2) Read Message
3) List Messages
4) Delete Message
5) Logout
6) Exit
: To: Message: 1) Send Message
2) Read Message
3) List Messages
4) Delete Message
5) Logout
6) Exit
: To: Message: 1) Send Message
2) Read Message
3) List Messages
4) Delete Message
5) Logout
6) Exit
: To: Message: 1) Send Message
2) Read Message
3) List Messages
4) Delete Message
5) Logout
6) Exit
: To: Message: 1) Send Message
2) Read Message
3) List Messages
4) Delete Message
5) Logout
6) Exit
: To: Message: 1) Send Message
2) Read Message
3) List Messages
4) Delete Message
5) Logout
6) Exit
: ***********************************
1:  ymweuqjfddkrpjwozd
***********************************
1) Send Message
2) Read Message
3) List Messages
4) Delete Message
5) Logout
6) Exit
: ID: 1) Send Message
2) Read Message
3) List Messages
4) Delete Message
5) Logout
6) Exit
: To: Message: Unread messages:
***********************************
2:  dosfsgqigjjhtarrwuuokpre
***********************************
1) Send Message
2) Read Message
3) List Messages
4) Delete Message
5) Logout
6) Exit
: To: Message: 1) Send Message
2) Read Message
3) List Messages
4) Delete Message
5) Logout
6) Exit
: To: Message: 1) Send Message
2) Read Message
3) List Messages
4) Delete Message
5) Logout
6) Exit
: To: Message: 1) Send Message
2) Read Message
3) List Messages
4) Delete Message
5) Logout
6) Exit
: ID: 1) Send Message
2) Read Message
3) List Messages
4) Delete Message
5) Logout
6) Exit
: To: Message: 1) Send Message
2) Read Message
3) List Messages
4) Delete Message
5) Logout
6) Exit
: To: Message: 1) Send Message
2) Read Message
3) List Messages
4) Delete Message
5) Logout
6) Exit
: Exiting...
