This is Mapper.
choice:
Road Name:
Road Length:
choice:
Road Name:
Road Length:
choice:
Road Name:
Road Length:
choice:
Road Name:
Road Length:
choice:
Road Name:
Road Length:
choice:
Road Name:
Road Length:
choice:
Road Name:
Road Length:
choice:
Road Name:
Road Length:
choice:
Road Name:
Road Length:
choice:
Road Name:
Road Length:
choice:
Road Name:
Road Length:
choice:
Road Name:
Road Length:gth:
choice:
Road Name:
Road Lenoice:
Road Name:
Road Length:
choice:
1-45:
Select Road by (N)umber, or (L)ist or (0)Exit.
choice:
1-45:
Prev intersection on road 1.
This road has no intersections to choose.
Prev intersection on road 2.
This road has no intersections to choose.
choice:
Select Road by (N)umber, or (L)ist or (0)Exit.1-45:
Select Road by (N)umber, or (L)ist or (0)Exit.
choice:
1-45:
Prev intersection on road 1.
This road has no intersections to choose.
Prev intersection on road 2.
This road has no intersections to choose.
choice:
Select Road by (N)umber, or (L)ist or (0)Exit.
cSelect Road by (N)umber, or (L)ist or (0)Exit.
choice:
1-45:
Select Road by (N)umber, or (L)ist or (0)Exit.
choice:
1-45:
Prev intersection on road 1.
This road has no intersections to choose.
Prev intersection on road 2.
This road has no intersections to choose.
c-45:
Select Road by (N)umber, or (L)ist or (0)Exit.
choice:
1-45:
Prev intersection on road 1.
This road has no intersections to choose.
Prev intersection on road 2.
This road has no intersections to choose.
choice:
Select Road by (N)umber, or (L)ist or (0)Exit.
choDistance to next
Prev intersection on road 2.
Select intersection by (N)umber, (L)ist, or set to N(O)TDEFINED.
choice:
Distance to next
choice:
Select Road by (N)umber, or (L)ist or (0)Exit.
choice:
1-451-45:
Select Road by (N)umber, or (L)ist or (0)Exit.
choice:
1-45:
Prev intersection on road 1.
Select intersection by (N)umber, (L)ist, or set to N(O)TDEFINED.
choice:
Distance to next
Prev intersection on road 2.
