nk9001> Unknown note.
nk9001> I don't know what you want, but you can't find it here.
nk9001> Note successfully deleted.
nk9001> Note successfully created.
nk9001> Note successfully deleted.
nk9001> I don't know what you want, but you can't find it here.
nk9001> Note successfully deleted.
nk9001> Note successfully appended.
nk9001> I don't know what you want, but you can't find it here.
nk9001> I don't know what you want, but you can't find it here.
nk9001> Note successfully appended.
nk9001> I don't know what you want, but you can't find it here.
nk9001> Note successfully appended.
nk9001> Note successfully created.
nk9001> thosenowereshouldbackofaboththesetheir
nk9001> thosenowereshouldbackofaboththesetheir
nk9001> I don't know what you want, but you can't find it here.
nk9001> thosenowereshouldbackofaboththesetheir
nk9001> Note successfully created.
nk9001> Note successfully deleted.
nk9001> Note successfully appended.
nk9001> I don't know what you want, but you can't find it here.
nk9001> Note successfully deleted.
nk9001> I don't know what you want, but you can't find it here.
nk9001> I don't know what you want, but you can't find it here.
nk9001> Note successfully deleted.
nk9001> Note successfully created.
nk9001> Note successfully deleted.
nk9001> Unknown note.
nk9001> Note successfully created.
nk9001> Note successfully deleted.
nk9001> I don't know what you want, but you can't find it here.
nk9001> Note successfully created.
nk9001> Note successfully deleted.
nk9001> Note successfully deleted.
nk9001> Note successfully created.
nk9001> Note successfully deleted.
nk9001> Unknown note.
nk9001> Note successfully appended.
nk9001> Note successfully created.
nk9001> Note successfully appended.
nk9001> Note successfully created.
nk9001> Note successfully deleted.
nk9001> I don't know what you want, but you can't find it here.
nk9001> Note successfully created.
nk9001> Note successfully deleted.
nk9001> I don't know what you want, but you can't find it here.
nk9001> I don't know what you want, but you can't find it here.
nk9001> Note successfully created.
nk9001> Note successfully appended.
nk9001> Note successfully appended.
nk9001> Note successfully created.
nk9001> Note successfully appended.
nk9001> Note successfully created.
nk9001> hereworkdayhadwouldwhatsaidmade
nk9001> Note successfully appended.
nk9001> isintoworkthemgothenmrmygotwoas
nk9001> Note successfully deleted.
nk9001> I don't know what you want, but you can't find it here.
nk9001> Note successfully appended.
nk9001> I don't know what you want, but you can't find it here.
nk9001> Note successfully appended.
nk9001> hereworkdayhadwouldwhatsaidmademakeitsthereforbeenismoremorethemlifemrgowas
nk9001> Note successfully deleted.
nk9001> heradwouldwhatsaidmademakeitsthereforgowas
nk9001> Note successfully created.
nk9001> Note successfully deleted.
nk9001> I don't know what you want, but you can't find it here.
nk9001> I don't know what you want, but you can't find it here.
nk9001> Note successfully deleted.
nk9001> ifwhenbutu