nk9001> Note successfully created.
nk9001> I don't know what you want, but you can't find it here.
nk9001> Note successfully deleted.
nk9001> Note successfully created.
nk9001> Note successfully appended.
nk9001> I don't know what you want, but you can't find it here.
nk9001> Note successfully deleted.
nk9001> Note successfully appended.
nk9001> Note successfully created.
nk9001> Note successfully appended.
nk9001> I don't know what you want, but you can't find it here.
nk9001> Note successfully created.
nk9001> Note successfully appended.
nk9001> saidyouwethereistakeeachitsthedidcanusedhowiscanstillwitharewhatrightlikeagainstherthemwhatevencamethreestill
nk9001> I don't know what you want, but you can't find it here.
nk9001> I don't know what you want, but you can't find it here.
nk9001> Note successfully appended.
nk9001> Note successfully appended.
nk9001> Note successfully appended.
nk9001> Note successfully deleted.
nk9001> saidyouwethereistakeeachitsthedidcanusedhowiscanstillwitharewhatrightlikeagainstherthemwhatevencamethreestillbothmebyworkrightwhatmyintocan
nk9001> Note successfully appended.
nk9001> I don't know what you want, but you can't find it here.
nk9001> Note successfully deleted.
nk9001> saidyouwethereistakeeachitsthedidcanusedhowiscanstillwitharewhatrightlikeagainstI don't know what you want, but you can't find it here.
nk9001> Note successfully appended.
nk9001> Note successfully deleted.
nk9001> Note successfully deleted.
nk9001> Note successfully appended.
nk9001> Note successfully created.
nk9001> Note successfully appended.
nk9001> Note successfully created.
nk9001> Note successfully appended.
nk9001> I don't know what you want, but you can't find it here.
nk9001> Note successfully created.
nk9001> Note successfully deleted.
nk9001> I don't know what you want, but you can't find it here.
nk9001> allfirsttime	onlyeachcouldhereanothereachlonghimallbeing
nk9001> I don't know what you want, but you can't find it here.
nk9001> Note successfully appended.
nk9001> allfirsttime	onlyeachcouldhereanothereachlonghimallbeingtwowasneverhave
nk9001> Note successfully appended.
nk9001> Note successfully appended.
nk9001> I don't know what you want, but you can't find it here.
nk9001> Note successfully created.
nk9001> Note successfully appended.
nk9001> Note successfully deleted.
nk9001> Note successfully appended.
nk9001> I don't know what you want, but you can't find it here.
indaymuchtheonlybygosome
nk9001> I don't know what you want, but you can't find it here.
nk9001> Note successfully created.
nk9001> Note successfully appended.
nk9001> Note successfully created.
nk9001> Unknown note.
nk9001> Note successfully appended.
nk9001> withgwhilestatefromdolittlewhendoyearsouris
nk9001> saidfromyNote successfully appended.
nk9001> I don't know what you want, but you can't find it here.
nk9001> Note successfully deleted.
nk9001> I don't know what you want, but you can't find it here.
nk9001> Note successfully appended.
nk9001> I don't know what you want, but you can't find it here.
nk9001> Note successfully created.
nk9001> whatjustbutshouldaftersameafterworldbutmakeanwasmenandyouwhilerightalsothisheremightnowbeingmyofrightthen
nk9001> Note successfully deleted.
nk9001> Note successfully created.
nk9001> whilestatefromdolittlewhendoyearsouriswillwherebeingthroughwhichtheirme
nk9001> Note successfully deleted.
nk9001> Note successfully created.
nk9001> I don't know what you want, but you can't find it here.
nk9001> Note successfully appended.
nk9001> I don't know what you want, but you can't find it here.
arsouriswillwherebeingthroughwhichtheirmdwepeopledownsomewascouldyearslittledownwhatcamewhotheseinweshouldatheirbecausemakebutverymustbeingsuchsaidmightmostcanmore
nk9001> Note successfully appended.
nk9001> Note successfully appended.
nk9001> Note successfully appended.
nk9001> Note successfully deleted.
nk9001> Note successfully created.
nk9001> Note successfully deleted.
nk9001> Note successfully created.
nk9001> Note successfully created.
nk9001> someananowsoalsounderundersincelastsowayworkwaygoodgoodonlysostillaboutanyherethe
nk9001> yearspeoplebetweenNote successfully deleted.
nk9001> I don't know what you want, but you can't find it here.
nk9001> Note successfully created.
nk9001> Note successfully deleted.
nk9001> I don't know what you want, but you can't find it here.
nk9001> I don't know what you want, but you can't find it here.
nk9001> Note successfully deleted.
nk9001> Note successfully appended.
nk9001> Note successfully deleted.
nk9001> Note successfully created.
nk9001> Note successfully appended.
nk9001> Note successfully deleted.
nk9001> Note successfully appended.
nk9001> Note successfully created.
nk9001> saidbackmethreemuchbetweenasowerewouldnewwhilethe
nk9001> longinmebaandothersuchthatgreatwithmoregobybNote successfully appended.
nk9001> Note successfully created.
nk9001> Note successfully appended.
nk9001> Note successfully created.
nk9001> abouttwodownnot
nk9001> I don't know what you want, but you can't find it here.
nk9001> seeonlyhowtheyusedmayatknowthroughcome
nk9001> Note successfully deleted.
nk9001> Note successfully deleted.
nk9001> Note successfully deleted.
nk9001> Note successfully created.
nk9001> Note successfully deleted.
nk9001> I don't know what you want, but you can't find it here.
nk9001> Note successfully appended.
nk9001> itmenanyforthatnewnewandaboutaworkmorethatstillsaidjusttheir
nk9001> isamebutanyverythemorbeowngomeonyearsthaninliythemyourarewellamayone
nk9001> Note successfully appended.
nk9001> reanyalsothemnewlongtheymoremakehefhimdidgetmanyneverfirsthere	heremrsoshegobeingverythemyourarewellamayonemenstateourjustgreatworldnowmanthejustdidanotherwereand
nk9001> Note successfully deleted.
nk9001> nk9001> I don't know what you want, but you can't find it here.
nk9001> stillafromfirstwaywasbetweheworldiswassuchhasusoldmaybeforeknowverysomerightwecanbetweenhebeforeyouranotherwellbetweenwhenlifealikewiththanourtakemywaytothose
nk9001> Note successfully created.
nk9001> I don't know what you want, but you can't find it here.
nk9001> Note successfully created.
nk9001> Note successfully created.
nk9001> Note successfully deleted.
nk9001> Note successfully created.
nk9001> Note successfully appended.
nk9001> Note successfully created.
nk9001> Note successfully appended.
nk9001> nevermuchyearsgonk9001> Note successfully appended.
nk9001> Note successfully appended.
nk9001> I don't know what you want, but you can't find it here.
nk9001> I don't know what you want, but you can't find it here.
nk9001> Note successfully appended.
nk9001> thenbeing	do
nk9001> I don't know what you want, but you can't find it here.
I don't know what you want, but you can't find it here.
nk9001> Note successfully deleted.
nk9001> I don't know what you want, but you can't find it here.
nk9001> Note successfully appended.
nk9001> I don't know what you want, but you can't find it here.
nk9001> Unknown note.
nk9001> I don't know what you want, but you can't find it here.
nk9001> threeonlyyouoldongoodanfordooffstatetwobuthasmaycomeknowiidourjustinthealsoof
nk9001> Note successfully appended.
nk9001> Note successfully appended.
nk9001> Note successfully deleted.
nk9001> Note successfully deleted.
nk9001> diuseacomethenboththissomeallbecausehishadstillnotsomeitswhenbeforethere	comethey
nk9001> thmustanotherifbackintofirstsee
nk9001> I don't know what you want, but you can't find it here.
nk9001> Note successfully deleted.
nk9001> Note successfully created.
nk9001> weltlongseemosttoboththem sincefirstwouldworktake
nk9001> I don't know what you want, but you can't find it here.
nk9001> Note successfully appended.
nk9001> moreliketheirpeoplecomoreliketheirpeoplecouldmrasmightveryin
nk9001> heworldiswassuchhasusoldmaybeforeknoownwhentwoweworkthistimesome
nk9001> Note successfully deleted.
nk9001> Note successfully created.
nk9001> shepeoplemuchtheyso	knowwahenneverjustmightbeingyearwhichnotbyhadthNote successfully created.
nk9001> Note successfully deleted.
nk9001> Your note book is full.
nk9001> Note successfully created.
nk9001> Note successfully created.
nk9001> Note successfully deleted.
nk9001> Note successfully appended.
nk9001> I don't know what you want, but you can't find it here.
nk9001> Note successfully appended.
nk9001> I don't know what you want, but you can't find it here.
nk9001> Note successfully created.
nk9001> Note successfully appended.
nk9001> I don't know what you want, but you can't find it here.
