nk9001> Note successfully appended.
nk9001> Note successfully created.
nk9001> I don't know what you want, but you can't find it here.
nk9001> Note successfully appended.
nk9001> Note successfully created.
nk9001> I don't know what you want, but you can't find it here.
nk9001> I don't know what you want, but you can't find it here.
nk9001> manyhowtimeotheroffsincegoodevenlongthemoutbecausemymakethosehow
nk9001> Note successfully deleted.
nk9001> Note successfully created.
nk9001> Note successfully appended.
nk9001> Note successfully deleted.
nk9001> Note successfully deleted.
nk9001> Note successfully created.
nk9001> becausewhichafterasbebecausefirstusedsince
nk9001> Note successfully deleted.
nk9001> Note successfully deleted.
nk9001> Note successfully created.
nk9001> I don't know what you want, but you can't find it here.
nk9001> newoneachsuchthat
nk9001> Note successfully deleted.
nk9001> Unknown note.
nk9001> I don't know what you want, but you can't find it here.
nk9001> I don't know what you want, but you can't find it here.
nk9001> Note successfully created.
nk9001> notsameusveryhasweupwhatinarebothvery
nk9001> Note successfully deleted.
nk9001> Note successfully created.
nk9001> Note successfully appended.
nk9001> Note successfully appended.
nk9001> Note successfully appended.
nk9001> Note successfully created.
nk9001> Note successfully appended.
nk9001> Note successfully deleted.
nk9001> Note successfully deleted.
nk9001> I don't know what you want, but you can't find it here.
nk9001> Unknown note.
nk9001> I don't know what you want, but you can't find it here.
nk9001> Note successfully deleted.
nk9001> Unknown note.
nk9001> Note successfully appended.
nk9001> Unknown note.
nk9001> Note successfully created.
nk9001> Note successfully created.
nk9001> aormeisorwereyourmenwhilesuchtowork
nk9001> Note successfully appended.
nk9001> I don't know what you want, but you can't find it here.
nk9001> Note successfully deleted.
nk9001> Note successfully created.
nk9001> wellhasbothbecausetoisthesesameneverwellsince
nk9001> I don't know what you want, but you can't find it here.
nk9001> aormeisorwereyourmenwhilesuchtoworkalsoalleachused
nk9001> Note successfully deleted.
nk9001> Note successfully created.
nk9001> I don't know what you want, but you can't find it here.
nk9001> doonlylikemuststillcoyearsagainstwhilefromnewownothernnk9001> Note successfully appended.
nk9001> doonlylikemuststillcouldmeeachwhile
nk9001> Note successfully appended.
nk9001> Note successfully created.
nk9001> I don't know what you want, but you can't find it here.
nk9001> Note successfully created.
nk9001> Note successfully appended.
nk9001> Note successfully deleted.
nk9001> Note successfully appended.
nk9001> Note successfully deleted.
nk9001> Note successfully appended.
nk9001> Note successfully appended.
nk9001> Note successfully created.
nk9001> Note successfully created.
nk9001> Note successfully created.
nk9001> Note successfully appended.
nk9001> Note successfully deleted.
nk9001> Note successfully deleted.
nk9001> Note successfully appended.
nk9001> 