nk9001> I don't know what you want, but you can't find it here.
nk9001> Note successfully deleted.
nk9001> Note successfully deleted.
nk9001> Note successfully deleted.
nk9001> I don't know what you want, but you can't find it here.
nk9001> I don't know what you want, but you can't find it here.
nk9001> I don't know what you want, but you can't find it here.
nk9001> Note successfully deleted.
nk9001> Note successfully created.
nk9001> Note successfully deleted.
nk9001> Note successfully appended.
nk9001> Unknown note.
nk9001> Unknown note.
nk9001> Note successfully appended.
nk9001> I don't know what you want, but you can't find it here.
nk9001> Note successfully deleted.
nk9001> Note successfully created.
nk9001> Note successfully appended.
nk9001> Note successfully deleted.
nk9001> Note successfully appended.
nk9001> I don't know what you want, but you can't find it here.
nk9001> Note successfully deleted.
nk9001> I don't know what you want, but you can't find it here.
nk9001> Note successfully appended.
nk9001> Note successfully created.
nk9001> Note successfully deleted.
nk9001> Unknown note.
nk9001> Note successfully appended.
nk9001> Note successfully deleted.
nk9001> I don't know what you want, but you can't find it here.
nk9001> I don't know what you want, but you can't find it here.
nk9001> Note successfully appended.
nk9001> I don't know what you want, but you can't find it here.
nk9001> Note successfully created.
nk9001> Note successfully appended.
nk9001> I don't know what you want, but you can't find it here.
nk9001> Note successfully deleted.
nk9001> Unknown note.
nk9001> Unknown note.
nk9001> I don't know what you want, but you can't find it here.
nk9001> Unknown note.
nk9001> Unknown note.
nk9001> Note successfully appended.
nk9001> Note successfully created.
nk9001> domanyibackthis
nk9001> I don't know what you want, but you can't find it here.
nk9001> Note successfully deleted.
nk9001> Note successfully deleted.
nk9001> Unknown note.
nk9001> Note successfully appended.
nk9001> Note successfully deleted.
nk9001> I don't know what you want, but you can't find it here.
nk9001> I don't know what you want, but you can't find it here.
nk9001> Note successfully created.
nk9001> I don't know what you want, but you can't find it here.
nk9001> Note successfully appended.
nk9001> I don't know what you want, but you can't find it here.
nk9001> Note successfully deleted.
nk9001> Note successfully created.
nk9001> I don't know what you want, but you can't find it here.
nk9001> muchwhichmuchhadif
nk9001> Note successfully created.
nk9001> Note successfully appended.
nk9001> I don't know what you want, but you can't find it here.
nk9001> Note successfully created.
nk9001> muchwhichmuchhadif
nk9001> Note successfully deleted.
nk9001> Note successfully deleted.
nk9001> I don't know what you want, but you can't find it here.
nk9001> Note successfully appended.
nk9001> Note successfully created.
nk9001> Note successfully created.
nk9001> Note successfully deleted.
nk9001> Note successfully deleted.
nk9001> I don't know what you want, but you can't find it here.
nk9001> undertothosemyverywhenabout
nk9001> ifwhichhaveuslongmemenmadeifhasmanystatedidwayusnowhimsomansomesaidlasttwoyear
nk9001> Note successfully appended.
nk9001> Note successfully deleted.
nk9001> I don't know what you want, but you can't find it here.
nk9001> Note successfully appended.
nk9001> Note successfully created.
nk9001> I don't know what you want, but you can't find it here.
nk9001> Note successfully created.
nk9001> Note successfully deleted.
nk9001> Note successfully appended.
nk9001> Note successfully deleted.
nk9001> Note successfully appended.
nk9001> Note successfully created.
nk9001> notwillonelikeanthatmr
nk9001> Note successfully appended.
nk9001> Note successfully appended.
nk9001> Note successfully created.
nk9001> Note successfully appended.
nk9001> I don't know what you want, but you can't find it here.
nk9001> Note successfully appended.
nk9001> Note successfully created.
nk9001> I don't know what you want, but you can't find it here.
nk9001> Note successfully deleted.
nk9001> I don't know what you want, but you can't find it here.
nk9001> I don't know what you want, but you can't find it here.
nk9001> Your note book is full.
nk9001> Note successfully deleted.
nk9001> willthemmenbeentwo	wayyourdidandlikewould
nk9001> yourthewellmrthatagainstbutifforbutbutdooutgetwillmuchonworkbutworlda shesinceayourallbackliferightthreetheir
nk9001> Note successfully created.
nk9001> yourthewellmrthatagainstbutifforbutbutdooutgetwillmuchonworkbutworlda shesinceayourallbackliferightthreetheir
nk9001> Note successfully appended.
nk9001> Note successfully appended.
nk9001> Note successfully deleted.
nk9001> Note successfully deleted.
nk9001> Note successfully created.
nk9001> Note successfully created.
nk9001> Note successfully appended.
nk9001> Note successfully appended.
nk9001> Note successfully deleted.
nk9001> Note successfully deleted.
nk9001> itbeenthelifeasoutitwheeachmemenbeentoormyoffhethereisbysamemrher
nk9001> Note successfully deleted.
nk9001> Note successfully deleted.
nk9001> Note successfully deleted.
nk9001> Note successfully created.
nk9001> thenthecameaftermaycomeNote successfully created.
nk9001> I don't know what you want, but you can't find it here.
nk9001> Note successfully created.
nk9001> I don't know what you want, but you can't find it here.
nk9001> I don't know what you want, but you can't find it here.
nk9001> Note successfully created.
nk9001> Note successfully appended.
nk9001> Note successfully deleted.
nk9001> Note successfully appended.
nk9001> Your note book is full.
nk9001> I don't know what you want, but you can't find it here.
nk9001> nowlongahadyourintosuchthroughanothermyworldabout
nk9001> mostrighthimwouldwhergainstbyworldbeingwould
nk9001> Note successfully appended.
nk9001> Note successfully deleted.
nk9001> I don't know what you want, but you can't find it here.
nk9001> Note successfully deleted.
nk9001> Unknown note.
nk9001> Note successfully deleted.
nk9001> Note successfully created.
nk9001> I don't know what you want, but you can't find it here.
nk9001> Note successfully appended.
nk9001> tooherethanotheryoursaidthroughwaysaidmyer
nk9001> I don't know what you want, but you can't find it here.
nk9001> Note successfully created.
nk9001> I don't know what you want, but you can't find it here.
nk9001> manyfromwhichshouldtnk9001> Note successfully appended.
nk9001> Note successfully deleted.
nk9001> Note successfully appended.
nk9001> I don't know what you want, but you can't find it here.
nk9001> I don't know what you want, but you can't find it here.
nk9001> Unknown note.
nk9001> Note successfully created.
nk9001> downwithknowgetmNote successfully created.
nk9001> I don't know what you want, but you can't find it here.
nk9001> I don't know what you want, but you can't find it here.
nk9001> Note successfully created.
nk9001> I don't know what you want, but you can't find it here.
nk9001> Note successfully created.
nk9001> knowandwhatonelittlknowandwhatonelittlehertotheyothemakeofgood inhercould
nk9001> Note successfully appended.
nk9001> Note successfully deleted.
nk9001> I don't know what you want, but you can't find it here.
nk9001> Note successfully deleted.
nk9001> nk9001> fromorstatethesemoreveryyoursame
nk9001> Note successfully deleted.
nk9001> knowyourmanytakegoodanotheryouNote successfully created.
nk9001> Note successfully deleted.
nk9001> I don't know what you want, but you can't find it here.
nk9001> I don't know what you want, but you can't find it here.
nk9001> I don't know what you want, but you can't find it here.
nk9001> I don't know what you want, but you can't find it here.
nk9001>  oncomehimsuchnotanyayshethoseofiftheseoutthesewouldwhatsNote successfully deleted.
nk9001> couldsaidanyjustdo
nk9001> greatdownhaNote successfully created.
nk9001> werelikebackafter
nk9001> Note successfully appended.
nk9001> Note successfully appended.
nk9001> anotheranyouthi