nk9001> Note successfully deleted.
nk9001> I don't know what you want, but you can't find it here.
nk9001> Note successfully appended.
nk9001> Unknown note.
nk9001> Unknown note.
nk9001> Note successfully deleted.
nk9001> Note successfully created.
nk9001> Note successfully created.
nk9001> I don't know what you want, but you can't find it here.
nk9001> I don't know what you want, but you can't find it here.
nk9001> Note successfully deleted.
nk9001> I don't know what you want, but you can't find it here.
nk9001> itotherourisstillmusttheir
nk9001> Note successfully appended.
nk9001> Note successfully appended.
nk9001> I don't know what you want, but you can't find it here.
nk9001> Note successfully created.
nk9001> Note successfully deleted.
nk9001> shouldatcanlast
nk9001> Note successfully deleted.
nk9001> I don't know what you want, but you can't find it here.
nk9001> Note successfully created.
nk9001> workherthenanibywellhewhereastheirif
nk9001> Note successfully appended.
nk9001> Note successfully deleted.
nk9001> Unknown note.
nk9001> Note successfully created.
nk9001> Note successfully deleted.
nk9001> I don't know what you want, but you can't find it here.
nk9001> Note successfully deleted.
nk9001> Note successfully deleted.
nk9001> Unknown note.
nk9001> I don't know what you want, but you can't find it here.
nk9001> Note successfully deleted.
nk9001> I don't know what you want, but you can't find it here.
nk9001> Unknown note.
nk9001> Note successfully appended.
nk9001> Note successfully deleted.
nk9001> Note successfully created.
nk9001> Note successfully created.
nk9001> Note successfully deleted.
nk9001> Note successfully deleted.
nk9001> Note successfully created.
nk9001> Note successfully deleted.
nk9001> Note successfully deleted.
nk9001> Note successfully created.
nk9001> I don't know what you want, but you can't find it here.
nk9001> I don't know what you want, but you can't find it here.
nk9001> Note successfully created.
nk9001> I don't know what you want, but you can't find it here.
nk9001> Note successfully deleted.
nk9001> Note successfully appended.
nk9001> Note successfully created.
nk9001> Note successfully created.
nk9001> I don't know what you want, but you can't find it here.
nk9001> lastwithgoodtoonofrom
nk9001> Note successfully appended.
nk9001> Note successfully created.
nk9001> Note successfully created.
nk9001> I don't know what you want, but you can't find it here.
nk9001> Note successfully created.
nk9001> Note successfully appended.
nk9001> I don't know what you want, but you can't find it here.
nk9001> Note successfully appended.
nk9001> Note successfully appended.
nk9001> threeunderveryisagainstwithsheoverweresame
nk9001> Note successfully created.
nk9001> eveneachwaytakecomeishenewlikeseeaboutmakefromoffoffisourfirstdownareintomadI don't know what you want, but you can't find it here.
nk9001> Note successfully deleted.
nk9001> lastwithgoodtoonofrominwillissamewill
nk9001> Note successfully deleted.
nk9001> Note successfully deleted.
nk9001> I don't know what you want, but you can't find it here.
nk9001> Note successfully created.
nk9001> Note successfully deleted.
nk9001> Note successfully appended.
nk9001> Note successfully appended.
nk9001> Note successfully created.
nk9001> Note successfully created.
nk9001> Note successfully appended.
nk9001> I don't know what you want, but you can't find it here.
nk9001> Note successfully created.
nk9001> manycanoffsheerveryisagainstwithsheoverwNote successfully created.
nk9001> Note successfully created.
nk9001> Note successfully deleted.
nk9001> I don't know what you want, but you can't find it here.
nk9001> Note successfully created.
nk9001> Note successfully appended.
nk9001> Note successfully deleted.
nk9001> Note successfully deleted.
nk9001> Note successfully created.
nk9001> Note successfully appended.
nk9001> thaveunderlastbeing
nk9001> Note successfully created.
nk9001> Note successfully created.
nk9001> Note successfully deleted.
ifeafterpeoplesomeold
nk9001> Note successfully appended.
nk9001> myasI don't know what you want, but you can't find it here.
nk9001> Note successfully created.
nk9001> I don't know what you want, but you can't find it here.
nk9001> Note successfully created.
nk9001> I don't know what you want, but you can't find it here.
nk9001> I don't know what you want, but you can't find it here.
nk9001> Note successfully created.
nk9001> downbeingouldbeenit
nk9001> Note successfully appended.
nk9001> Note successfully created.
nk9001> Note successfully deleted.
nk9001> I don't know what you want, but you can't find it here.
nk9001> I don't know what you want, but you can't find it here.
nk9001> Note successfully appended.
nk9001> I don't know what you want, but you can't find it here.
nk9001> Note successfully appended.
nk9001> Note successfully created.
nk9001> Note successfully created.
nk9001> Note successfully created.
nk9001> onewaybetweensaidmustlikegoodgoodwellownwhere
nk9001> Note successfully created.
nk9001> Note successfully appended.
nk9001> twobutthemwhenmrialllittle
nk9001> Note successfully deleted.
nk9001> Note successfully created.
nk9001> Note successfully deleted.
nk9001> Note successfully created.
nk9001> alsNote successfully appended.
nk9001> comethenmoretheretheseandstateeven
nk9001> Note successfully appended.
nk9001> Note successfully deleted.
nk9001> Note successfully deleted.
mustthoseonlysoinlifeshenotbemakenot
nk9001> Note successfully deleted.
nk9001> Note successfully created.
nk9001> I don't know what you want, but you can't find it here.
nk9001> Note successfully created.
nk9001> I don't know what you want, but you can't find it here.
nk9001> I don't know what you want, but you can't find it here.
nk9001> Note successfully deleted.
nk9001> Note successfully appended.
nk9001> ownditsany
nk9001> Note successfully deleted.
nk9001> I don't know what you want, but you can't find it here.
nk9001> Note successfully appended.
nk9001> Note successfully appended.
nk9001> Note successfully created.
nk9001> I don't know what you want, but you can't find it here.
nk9001> Note successfully created.
nk9001> Note successfully created.
nk9001> I don't know what you want, but you can't find it here.
nk9001> Note successfully deleted.
nk9001> Note successfully appended.
nk9001> I don't know what you want, but you can't find it here.
nk9001> shethereafterthreeownundermNote successfully appended.
nk9001> I don't know what you want, but you can't find it here.
nk9001> bewhilecouldlifecameincamethatbeinstown
nk9001> Note successfully appended.
nk9001> Note successfully created.
nk9001> Note successfully appended.
nk9001> Note successfully deleted.
nk9001> Note successfully deleted.
nk9001> I don't know what you want, but you can't find it here.
nk9001> Note successfully created.
nk9001> Note successfully deleted.
nk9001> Note successfully deleted.
madesome twoathergoodoldyearifjustwhatthesemakeveryascouldlifemorewhilegobenowmaygreattakewhat
nk9001> Note successfully appended.
nk9001> nlysoinlifeshenotbemakenotaftermakesamghttheiritalsothreeanybutmayofoverwhoNote successfully deleted.
nk9001> madesome twoathergoodoldyearifjustwhatthesemakeveryascouldlifemorewhilegobenowmaygreattakewhat
nk9001> mayNote successfully appended.
nk9001> Note successfully deleted.
nk9001> Note successfully created.
nk9001> I don't know what you want, but you can't find it here.
nk9001> mayifsameyourwere
nk9001> Note successfully deleted.
nk9001> Note successfully deleted.
nk9001> ingoldthesewhocanmightbackmoreanyofbeweI don't know what you want, but you can't find it here.
nk9001> sousthroughwaytherewhensuchnewhoyofbewellitthemhadthehisdaybackownalljustoffthanthroughhow
nk9001> I don't know what you want, but you can't find it here.
nk9001> Note successfully appended.
nk9001> nownnobothsomemewellyourmyheoffbothasusbeforeagainsttwosince
nk9001> Note successfully created.
nk9001> Note successfully appended.
nk9001> Note successfully created.
nk9001> betthemwhichoveraboutundertakesamethanshNote successfully deleted.
nk9001> offitswouldonlytimelastthenmakewhichformakethatorshouldnowi
nk9001> wbeingoldthesewhocanmightbackmoreanyhould
nk9001> twonotupmadestatepeoplestateyearlongshenotbemakenotaftermakesameandlifemaymecNote successfully appended.
nk9001> knowdaydomostwhen
nk9001> Note successfully deleted.
nk9001> Note successfully created.
nk9001> Note successfully deleted.
nk9001> Note successfully appended.
nk9001> Note successfully appended.
nk9001> Note successfully created.
I don't know what you want, but you can't find it here.
nk9001> Note successfully deleted.
nk9001> Note successfully deleted.
nk9001> Note successfully appended.
nk9001> bemightyearforsameseetwoshould
Note successfully deleted.
nk9001> Note successfully deleted.
nk9001> shouldtherightdogetsowhilenotcanwerecomeofnk9001> Note successfully appended.
nk9001> Note successfully appended.
nk9001> Note successfully created.
nk9001> underinicouldjustwaydoofsuchlongthrough
nk9001> Note successfully appended.
nk9001> Note successfully appended.
nk9001> Note successfully appended.
nk9001> I don't know what you want, but you can't find it here.
nk9001> Note successfully deleted.
nk9001> I don't know what you want, but you can't find it here.
nk9001> imightsamethanshouldmenwhatwerelongjustallNote successfully deleted.
nk9001> shouldtherightdogetsowhilenotcanwerecomanormightthosetheir
nk9001> Note successfully deleted.
nk9001> Note successfully created.
nk9001> thosegettakean
manmayiftowelllifebeforefirstthem
nk9001> Unknown note.
Note successfully created.
nk9001> muchverylikeseegetoverwithbebec