nk9001> Note successfully deleted.
nk9001> I don't know what you want, but you can't find it here.
nk9001> Unknown note.
nk9001> I don't know what you want, but you can't find it here.
nk9001> I don't know what you want, but you can't find it here.
nk9001> Note successfully appended.
nk9001> Note successfully created.
nk9001> Note successfully deleted.
nk9001> Unknown note.
nk9001> Note successfully deleted.
nk9001> Note successfully appended.
nk9001> Note successfully deleted.
nk9001> I don't know what you want, but you can't find it here.
nk9001> Note successfully created.
nk9001> I don't know what you want, but you can't find it here.
nk9001> Note successfully appended.
nk9001> Note successfully appended.
nk9001> Note successfully created.
nk9001> I don't know what you want, but you can't find it here.
nk9001> soherafterwherepeoplethendayallatherefirstgoodmanorthiseachbothalsocouldanybothwould
nk9001> Note successfully created.
nk9001> Note successfully deleted.
nk9001> Note successfully created.
nk9001> soherafterwherepeoplethendayallatherefirstgoodmanorthiseachbothalsocouldanybothwould
nk9001> I don't know what you want, but you can't find it here.
nk9001> Note successfully deleted.
nk9001> Note successfully appended.
nk9001> soherafterwherepeoplethendayallatherefirstgoodmanorthiseachbothalsocouldanybothwould
nk9001> Note successfully appended.
nk9001> I don't know what you want, but you can't find it here.
nk9001> Note successfully deleted.
nk9001> soherafterwherepeoplethendayallatherefirstgoodmanorthiseachbothalsocouldanybothwould
nk9001> erwherepeoplethendayallatherefirthalsocouldanybothwould
nk9001> Note successfully deleted.
nk9001> I don't know what you want, but you can't find it here.
nk9001> Note successfully created.
nk9001> Note successfully created.
nk9001> I don't know what you want, but you can't find it here.
nk9001> Note successfully deleted.
nk9001> I don't know what you want, but you can't find it here.
nk9001> Note successfully created.
nk9001> I don't know what you want, but you can't find it here.
nk9001> Note successfully created.
nk9001> Note successfully deleted.
nk9001> samedayofherehelifeworldthese
nk9001> tmustshouldourundershouldthesuchcanitNote successfully appended.
nk9001> Note successfully appended.
nk9001> Note successfully deleted.
nk9001> Note successfully appended.
nk9001> Note successfully created.
nk9001> threewellanotherbonk9001> Note successfully appended.
nk9001> Note successfully created.
nk9001> Note successfully created.
nk9001> whenwhatdaybyaboutovertheyupeachlittlesheonebeforethewasmaycomepeopleintothreehimnohermuch
nk9001> Note successfully created.
nk9001> Note successfully created.
nk9001> Note successfully created.
nk9001> Note successfully created.
nk9001> Note successfully appended.
nk9001> Note successfully deleted.
nk9001> Note successfully appended.
nk9001> andbyallbeforewasewhenwhatdaybyaboutovertheyupeachlittanynotisitagothanandbyjustweretwoagainstthatby
nk9001> Note successfully deleted.
nk9001> throughalso	underevenlittlegoodin
nk9001> outwithwhiletNote successfully appended.
nk9001> Note successfully deleted.
nk9001> I don't know what you want, but you can't find it here.
nk9001> Note successfully created.
nk9001> I don't know what you want, but you can't find it here.
nk9001> Note successfully created.
nk9001> Note successfully appended.
nk9001> I don't know what you want, but you can't find it here.
nk9001> Note successfully appended.
nk9001> I don't know what you want, but you can't find it here.
nk9001> Note successfully created.
nk9001> hasweNote successfully appended.
nk9001> I don't know what you want, but you can't find it here.
nk9001> likegreatnowknow	upoverback
nk9001> mecaNote successfully created.
nk9001> I don't know what you want, but you can't find it here.
nk9001> Note successfully deleted.
nk9001> Note successfully created.
nk9001> butusyearthreeyearit
nk9001> I don't know what you want, but you can't find it here.
nk9001> Note successfully created.
nk9001> I don't know what you want, but you can't find it here.
nk9001> Note successfully created.
nk9001> Note successfully appended.
nk9001> Note successfully deleted.
nk9001> hasyourbothawouldithiNote successfully created.
nk9001> Note successfully deleted.
nk9001> Note successfully created.
nk9001> Note successfully deleted.
nk9001> Note successfully appended.
nk9001> butusyearthreeyearitsheofpeoplehavebothaifbeforejustshemostnowtwojNote successfully created.
nk9001> I don't know what you want, but you can't find it here.
nk9001> itsagainstmosthadoffintomnk9001> newyouwelllifemighttherecanby
nk9001> Note successfully deleted.
nk9001> likNote successfully deleted.
nk9001> Note successfully appended.
nk9001> newyouwelllifemighttherecanbybetweenownioldstatewhichanothervery
nk9001> Note successfully deleted.
nk9001> Note successfully deleted.
nk9001> Your note book is full.
nk9001> Note successfully created.
nk9001> I don't know what you want, but you can't find it here.
nk9001> Note successfully deleted.
nk9001> I don't know what you want, but you can't find it here.
nk9001> I don't know what you want, but you can't find it here.
nk9001> Note successfully deleted.
nk9001> Note successfully created.
nk9001> I don't know what you want, but you can't find it here.
nk9001> Note successfully deleted.
nk9001> Note successfully appended.
nk9001> Unknown note.
nk9001> Note successfully created.
nk9001> Note successfully created.
nk9001> Note successfully deleted.
nk9001> eachdownthatfortaketoofor
nk9001> I don't know what you want, but you can't find it here.
Note successfully appended.
nk9001> Note successfully created.
nk9001> whodidbyarehereweandusanyyououtsafterbutmuchnowwashavewemoresuchworkusedmenlittleinwhile
nk9001> Note successfully appended.
nk9001> Note successfully created.
nk9001> Note successfully deleted.
nk9001> Note successfully appended.
nk9001> Note successfully created.
nk9001> onesomeheback
nk9001> Note successfully created.
nk9001> Note successfully appended.
nk9001> Note successfully created.
nk9001> Note successfully appended.
nk9001> Note successfully created.
nk9001> Note successfully deleted.
nk9001> Note successfully created.
nk9001> I don't know what you want, but you can't find it here.
nk9001> Note successfully appended.
nk9001> Note successfully deleted.
nk9001> nottimeandwhatbackoestatestateaagainstmakeshouldseeanothertherecameofifsincecomeafterpeoplegetanotherlongallofthemtoomost
nk9001> ebackand
nk9001> Note successfully appended.
nk9001> Note successfully deleted.
nk9001> offhereunderingreatthoseNote successfully created.
nk9001> Note successfully created.
nk9001> I don't know what you want, but you can't find it here.
nk9001> Note successfully appended.
nk9001> Note successfully appended.
nk9001> Note successfully created.
nk9001> ourwhereyourthreebackalloursaidcamelikecouldpeople
nk9001> Note successfully deleted.
nk9001> gothNote successfully deleted.
nk9001> notwhohissincewherefirstthreemrlastwhileybebymayhave
nk9001> I don't know what you want, but you can't find it here.
nk9001> Note successfully appended.
nk9001> Note successfully deleted.
nk9001> gothedNote successfully created.
nk9001> Note successfully created.
nk9001> Note successfully appended.
nk9001> Note successfully created.
nk9001> Note successfully appended.
nk9001> Note successfully created.
nk9001> Note successfully created.
nk9001> I don't know what you want, but you can't find it here.
nk9001> Note successfully created.
nk9001> litNote successfully created.
nk9001> Note successfully deleted.
nk9001> I don't know what you want, but you can't find it here.
nk9001> Note successfully appended.
nk9001> Note successfully created.
nk9001> Note successfully deleted.
nk9001> littleancomegood
