nk9001> Note successfully appended.
nk9001> Note successfully deleted.
nk9001> Unknown note.
nk9001> Note successfully created.
nk9001> Note successfully deleted.
nk9001> Note successfully created.
nk9001> I don't know what you want, but you can't find it here.
nk9001> I don't know what you want, but you can't find it here.
nk9001> I don't know what you want, but you can't find it here.
nk9001> Note successfully deleted.
nk9001> Note successfully created.
nk9001> I don't know what you want, but you can't find it here.
nk9001> Note successfully appended.
nk9001> uscanmoretheirgreattakemanyafterwillmayintonew
nk9001> Note successfully appended.
nk9001> I don't know what you want, but you can't find it here.
nk9001> Note successfully deleted.
nk9001> I don't know what you want, but you can't find it here.
nk9001> Note successfully appended.
nk9001> Note successfully created.
nk9001> I don't know what you want, but you can't find it here.
nk9001> therecameownnotshouldnewyourwhichmorebe
nk9001> Note successfully appended.
nk9001> Note successfully created.
nk9001> Note successfully created.
nk9001> Note successfully deleted.
nk9001> greatwithwouldwhoanothertime
nk9001> I don't know what you want, but you can't find it here.
nk9001> Note successfully appended.
nk9001> Note successfully appended.
nk9001> Note successfully appended.
nk9001> I don't know what you want, but you can't find it here.
nk9001> greatwithwouldwhoanothertimeworldonelongwhichupthreealsoworldifbymakebeingcomethenevenoutmanfromlastistheywerelifefromnevermakewithyearsbetweenthrough
nk9001> therecameownnotshouldnewyourwhichmorebe sincewillonmaylifesameusedtheir
nk9001> eingcomethenevenoutmanfromlaifefromnevermakewithyearsbetweenthrough
nk9001> I don't know what you want, but you can't find it here.
nk9001> Note successfully appended.
nk9001> Note successfully appended.
nk9001> Note successfully created.
nk9001> I don't know what you want, but you can't find it here.
nk9001> Note successfully appended.
nk9001> Note successfully appended.
nk9001> Note successfully appended.
nk9001> I don't know what you want, but you can't find it here.
nk9001> I don't know what you want, but you can't find it here.
nk9001> Note successfully deleted.
nk9001> I don't know what you want, but you can't find it here.
nk9001> therecameownnotshouldnewyourwhichmorebe sincewillonmaylifesameusedtheirdoourwellitssmeknowshouldanotherrightaftereachalsowellthebeengethashethesea
nk9001> overseeanyI don't know what you want, but you can't find it here.
nk9001> Note successfully created.
nk9001> I don't know what you want, but you can't find it here.
nk9001> anygethimbackjustnotgreatoutasgoodshouldhebeforegetmakeworldinoroneverythatmakebothtwoyearslongwecanthanwillonejustwehimmadenew
nk9001> I don't know what you want, but you can't find it here.
nk9001> I don't know what you want, but you can't find it here.
nk9001> I don't know what you want, but you can't find it here.
nk9001> Note successfully deleted.
nk9001> Note successfully created.
nk9001> peoplewhataboutanorfirstthem
nk9001> Note successfully created.
nk9001> alsoNote successfully deleted.
nk9001> peoplewhataboutanorfirstthem
nk9001> Note successfully created.
nk9001> I don't know what you want, but you can't find it here.
nk9001> Note successfully deleted.
nk9001> Note successfully deleted.
nk9001> Note successfully deleted.
Note successfully deleted.
nk9001> I don't know what you want, but you can't find it here.
nk9001> Unknown note.
nk9001> I don't know what you want, but you can't find it here.
nk9001> I don't know what you want, but you can't find it here.
nk9001> Note successfully appended.
nk9001> Note successfully appended.
nk9001> Note successfully created.
nk9001> Note successfully created.
nk9001> oroldbackte
nk9001> Note successfully appended.
nk9001> I don't know what you want, but you can't find it here.
nk9001> Note successfully deleted.
nk9001> I don't know what you want, but you can't find it here.
nk9001> I don't know what you want, but you can't find it here.
nk9001> I don't know what you want, but you can't find it here.
nk9001> Note successfully created.
nk9001> I don't know what you want, but you can't find it here.
nk9001> Note successfully created.
nk9001> anmysNote successfully appended.
nk9001> Note successfully appended.
nk9001> Note successfully appended.
nk9001> Note successfully created.
nk9001> thanweouteachsomesoheNote successfully appended.
nk9001> thistogomakeotherdayintnotherwhichlifelittlewhere
nk9001> Note successfully appended.
nk9001> Note successfully appended.
nk9001> fiNote successfully appended.
nk9001> Note successfully deleted.
nk9001> I don't know what you want, but you can't find it here.
nk9001> Note successfully created.
nk9001> Note successfully deleted.
nk9001> whereitthatbecausewellevenmanNote successfully appended.
nk9001> Note successfully appended.
nk9001> Note successfully appended.
nk9001> Note successfully created.
nk9001> anothertheirtwoheretheworkworldmaNote successfully created.
nk9001> Note successfully created.
nk9001> Note successfully appended.
nk9001> I don't know what you want, but you can't find it here.
nk9001> I don't know what you want, but you can't find it here.
nk9001> Note successfully deleted.
nk9001> Note successfully deleted.
nk9001> Note successfully appended.
nk9001> Note successfully created.
nk9001> Note successfully created.
nk9001> I don't know what you want, but you can't find it here.
nk9001> othercouldasgreatwhenrightsomefromsuch
nk9001> usthatwhenwill
nk9001> Note successfully created.
nk9001> Note successfully appended.
Note successfully created.
nk9001> I don't know what you want, but you can't find it here.
nk9001> Note successfully created.
nk9001> Note successfully appended.
nk9001> whileoutownwherebothwhilethatthemknow
nk9001> Note successfully created.
nk9001> I don't know what you want, but you can't find it here.
nk9001> I don't know what you want, but you can't find it here.
nk9001> Note successfully appended.
nk9001> I don't know what you want, but you can't find it here.
nk9001> I don't know what you want, but you can't find it here.
nk9001> Note successfully appended.
nk9001> ateownmeusedmanybyyearsbeinintohimonmanythedownandthreestatagainstyourbutmuchdayknowusedoffstatethesetakeyouthoseshould
nk9001> Note successfully created.
nk9001> I don't know what you want, but you can't find it here.
nk9001> Note successfully deleted.
nk9001> Note successfully deleted.
nk9001> Note successfully appended.
nk9001> Note successfully appended.
nk9001> I don't know what you want, but you can't find it here.
nk9001> Note successfully deleted.
nk9001> Note successfully appended.
nk9001> Note successfully deleted.
nk9001> sincesince	outth