This is the Chuck Norris (joke) Management Protocol (CNMP).
We know you need a break, so take some time and amuse yourself. If you have a good Chuck Norris joke, you can add it to our listing.
Enter one of these commands:
  LIST  - list all jokes
  ADD   - upload your own joke
  COUNT - find out how many jokes we have to offer you
  SHOW  - show a joke
  MENU  - display this menu
  HELP  - you gotta be kididin' me!
  QUIT  - take off eh?
> Current CNMP joke count is 45. Enjoy!
> Is our menu so extensive that you cannot remember all of the commands? Here, let me jog all 6 of your neurons:
Enter one of these commands:
  LIST  - list all jokes
  ADD   - upload your own joke
  COUNT - find out how many jokes we have to offer you
  SHOW  - show a joke
  MENU  - display this menu
  HELP  - you gotta be kididin' me!
  QUIT  - take off eh?
> Is our menu so extensive that you cannot remember all of the commands? Here, let me jog all 6 of your neurons:
Enter one of these commands:
  LIST  - list all jokes
  ADD   - upload your own joke
  COUNT - find out how many jokes we have to offer you
  SHOW  - show a joke
  MENU  - display this menu
  HELP  - you gotta be kididin' me!
  QUIT  - take off eh?
> Enter one of these commands:
  LIST  - list all jokes
  ADD   - upload your own joke
  COUNT - find out how many jokes we have to offer you
  SHOW  - show a joke
  MENU  - display this menu
  HELP  - you gotta be kididin' me!
  QUIT  - take off eh?
> Current CNMP joke count is 45. Enjoy!
> So, you think you have a good Chuck Norris joke? Give me the joke string already....
ADD> Joke added. Thanks for sharing! Your joke is ID: 45
> So, you think you have a good Chuck Norris joke? Give me the joke string already....
ADD> Joke added. Thanks for sharing! Your joke is ID: 46
> Is our menu so extensive that you cannot remember all of the commands? Here, let me jog all 6 of your neurons:
Enter one of these commands:
  LIST  - list all jokes
  ADD   - upload your own joke
  COUNT - find out how many jokes we have to offer you
  SHOW  - show a joke
  MENU  - display this menu
  HELP  - you gotta be kididin' me!
  QUIT  - take off eh?
> Enter one of these commands:
  LIST  - list all jokes
  ADD   - upload your own joke
  COUNT - find out how many jokes we have to offer you
  SHOW  - show a joke
  MENU  - display this menu
  HELP  - you gotta be kididin' me!
  QUIT  - take off eh?
> Is our menu so extensive that you cannot remember all of the commands? Here, let me jog all 6 of your neurons:
Enter one of these commands:
  LIST  - list all jokes
  ADD   - upload your own joke
  COUNT - find out how many jokes we have to offer you
  SHOW  - show a joke
  MENU  - display this menu
  HELP  - you gotta be kididin' me!
  QUIT  - take off eh?
> Thanks for the laughs. Come back soon!
> 