This is the Chuck Norris (joke) Management Protocol (CNMP).
We know you need a break, so take some time and amuse yourself. If you have a good Chuck Norris joke, you can add it to our listing.
Enter one of these commands:
  LIST  - list all jokes
  ADD   - upload your own joke
  COUNT - find out how many jokes we have to offer you
  SHOW  - show a joke
  MENU  - display this menu
  HELP  - you gotta be kididin' me!
  QUIT  - take off eh?
> Give me the ID of the joke you want to read. Or better yet, enter RANDOM and I'll choose one for you.
SHOW> 0: When Alexander Bell invented the telephone he had 3 missed calls from Chuck Norris.
> So, you think you have a good Chuck Norris joke? Give me the joke string already....
ADD> Joke added. Thanks for sharing! Your joke is ID: 45
> So, you think you have a good Chuck Norris joke? Give me the joke string already....
ADD> Joke added. Thanks for sharing! Your joke is ID: 46
> Give me the ID of the joke you want to read. Or better yet, enter RANDOM and I'll choose one for you.
SHOW> 3: Chuck Norris has a grizzly bear carpet in his room. The bear isn't dead it is just afriad to move.
> Enter one of these commands:
  LIST  - list all jokes
  ADD   - upload your own joke
  COUNT - find out how many jokes we have to offer you
  SHOW  - show a joke
  MENU  - display this menu
  HELP  - you gotta be kididin' me!
  QUIT  - take off eh?
> Enter one of these commands:
  LIST  - list all jokes
  ADD   - upload your own joke
  COUNT - find out how many jokes we have to offer you
  SHOW  - show a joke
  MENU  - display this menu
  HELP  - you gotta be kididin' me!
  QUIT  - take off eh?
> So, you think you have a good Chuck Norris joke? Give me the joke string already....
ADD> Joke added. Thanks for sharing! Your joke is ID: 47
> Current CNMP joke count is 48. Enjoy!
> Enter one of these commands:
  LIST  - list all jokes
  ADD   - upload your own joke
  COUNT - find out how many jokes we have to offer you
  SHOW  - show a joke
  MENU  - display this menu
  HELP  - you gotta be kididin' me!
  QUIT  - take off eh?
> Enter one of these commands:
  LIST  - list all jokes
  ADD   - upload your own joke
  COUNT - find out how many jokes we have to offer you
  SHOW  - show a joke
  MENU  - display this menu
  HELP  - you gotta be kididin' me!
  QUIT  - take off eh?
> Enter one of these commands:
  LIST  - list all jokes
  ADD   - upload your own joke
  COUNT - find out how many jokes we have to offer you
  SHOW  - show a joke
  MENU  - display this menu
  HELP  - you gotta be kididin' me!
  QUIT  - take off eh?
> 0: When Alexander Bell invented the telephone he had 3 missed calls from Chuck Norris.
1: Fear of spiders is aracnaphobia, fear of tight spaces is chlaustraphobia, fear of Chuck Norris is called Logic
2: There used to be a street named after Chuck Norris, but it was changed because nobody crosses Chuck Norris and lives.
3: Chuck Norris has a grizzly bear carpet in his room. The bear isn't dead it is just afriad to move.
4: Chuck Norris died 20 years ago, Death just hasn't built up the courage to tell him yet.
5: Chuck Norris has already been to Mars; that's why there are no signs of life.
6: Chuck Norris doesn't call the wrong number. You answer the wrong phone.
7: Some magicans can walk on water, Chuck Norris can swim through land.
8: Chuck Norris and Superman once fought each other on a bet. The loser had to start wearing his underwear on the outside of his pants.
9: Chuck Norris once urinated in a semi truck's gas tank as a joke....that truck is now known as Optimus Prime.
10: Chuck Norris can cut through a hot knife with butter
11: Chuck Norris counted to infinity - twice.
12: Chuck Norris is the reason why Waldo is hiding.
13: When the Boogeyman goes to sleep every night, he checks his closet for Chuck Norris.
14: Death once had a near-Chuck Norris experience
15: Chuck Norris can slam a revolving door.
16: Chuck Norris once kicked a horse in the chin. Its decendants are known today as Giraffes.
17: Chuck Norris will never have a heart attack. His heart isn't nearly foolish enough to attack him.
18: Chuck Norris can win a game of Connect Four in only three moves.
19: Chuck Norris once got bit by a rattle snake........ After three days of pain and agony ..................the rattle snake died
20: There is no theory of evolution. Just a list of animals Chuck Norris allows to live.
21: Chuck Norris can light a fire by rubbing two ice-cubes together.
22: When Chuck Norris does a pushup, he isn't lifting himself up, he's pushing the Earth down.
23: Chuck Norris is so fast, he can dodge raindrops.
24: Chuck Norris doesn't wear a watch. HE decides what time it is.
25: The original title for Alien vs. Predator was Alien and Predator vs Chuck Norris.
26: Chuck Norris doesn't read books. He stares them down until he gets the information he wants.
27: If Chuck Norris were to ever run out of ammo, his weapon would continue to fire out of fear of disappointing Chuck Norris.
28: Chuck Norris' hand is the only hand that can beat a Royal Flush.
29: Chuck Norris made a Happy Meal cry.
30: If you spell Chuck Norris in Scrabble, you win. Forever.
31: Fear of Chuck Norris is also called common sense.
32: Outer space exists because it's afraid to be on the same planet with Chuck Norris.
33: Chuck Norris destroyed the periodic table, because Chuck Norris only recognizes the element of surprise.
34: Some people wear Superman pajamas. Superman wears Chuck Norris pajamas.
35: Einstein said you can't move at the speed of light. Obviously he was never kicked by Chuck Norris...
36: Chuck Norris does not sleep. He waits.
37: Chuck Norris has no shadow....nothing's stupid enough to follow Chuck Norris.
38: Chuck Norris is so intimidating even his reflection won't look back at him.
39: When Chuck Norris throws you into a bottomless pit, you hit the bottom.
40: Some kids pee their name in snow. Chuck Norris pees his name in concrete.
41: Chuck Norris has the greatest Poker-Face of all time.
42: Chuck Norris played Russian Roulette with a fully loaded gun and won.
43: Chuck Norris doesn't fold paper airplanes, he folds airplanes into paper.
44: Chuck Norris knows the last digit of pi.
45: aKv5RIHCj7
46: HkEO1lY4687H5aCjmLUvz7pQdgEtvkYOlaccDIOPyuUjqJ5C04aj1vYQuGjkKiBgJF83o8gCMKkXrSrPzwOldSimvMzNfBlFz5p6o8ggE0hXjEI8ODDvlTuFm3CsPPZ77KoYnNCBQl3CxTwXJtnjRwNaarPPgriG7b2jQ0hNV6HHh9Mx1CeLtAcG5mtdpt1auQxWhuqnZY9XIA8xFZ6TrCu0LpDXHK
47: R8XhZ64nwZ5biiMQbcBxq5kYRbsW9HJiKqwf0t0vbWeuPpWD0IwLfNIdJPw5rWDJ8jqIR92lv5ZMbiPDh9n2CPJrehLZzE2sWDeNdhs7R5TOmz3XaMp1v1UTByyqHIcQo0QbIscFKQJHFFFzSqk7q5JZemDpldCWGMQYicndi3lJCQ6gBhuNiZTq9VLC6ZW33428NyYuduftxgm97htIgfS4X9ASfWAPYKscEVMotGxDYuzhPMEYbEkv3nv62WDpJocswaGD2fZc4HHxhSX7KeFwMskLcKMeNKB1nO7B9T2tJSVemvEuHM0viMyYRghnyG8eaZ
> Enter one of these commands:
  LIST  - list all jokes
  ADD   - upload your own joke
  COUNT - find out how many jokes we have to offer you
  SHOW  - show a joke
  MENU  - display this menu
  HELP  - you gotta be kididin' me!
  QUIT  - take off eh?
> Is our menu so extensive that you cannot remember all of the commands? Here, let me jog all 6 of your neurons:
Enter one of these commands:
  LIST  - list all jokes
  ADD   - upload your own joke
  COUNT - find out how many jokes we have to offer you
  SHOW  - show a joke
  MENU  - display this menu
  HELP  - you gotta be kididin' me!
  QUIT  - take off eh?
> Current CNMP joke count is 48. Enjoy!
> Current CNMP joke count is 48. Enjoy!
> Enter one of these commands:
  LIST  - list all jokes
  ADD   - upload your own joke
  COUNT - find out how many jokes we have to offer you
  SHOW  - show a joke
  MENU  - display this menu
  HELP  - you gotta be kididin' me!
  QUIT  - take off eh?
> Enter one of these commands:
  LIST  - list all jokes
  ADD   - upload your own joke
  COUNT - find out how many jokes we have to offer you
  SHOW  - show a joke
  MENU  - display this menu
  HELP  - you gotta be kididin' me!
  QUIT  - take off eh?
> Enter one of these commands:
  LIST  - list all jokes
  ADD   - upload your own joke
  COUNT - find out how many jokes we have to offer you
  SHOW  - show a joke
  MENU  - display this menu
  HELP  - you gotta be kididin' me!
  QUIT  - take off eh?
> Give me the ID of the joke you want to read. Or better yet, enter RANDOM and I'll choose one for you.
SHOW> 2: There used to be a street named after Chuck Norris, but it was changed because nobody crosses Chuck Norris and lives.
> So, you think you have a good Chuck Norris joke? Give me the joke string already....
ADD> Joke added. Thanks for sharing! Your joke is ID: 48
> So, you think you have a good Chuck Norris joke? Give me the joke string already....
ADD> Joke added. Thanks for sharing! Your joke is ID: 49
> Current CNMP joke count is 50. Enjoy!
> Enter one of these commands:
  LIST  - list all jokes
  ADD   - upload your own joke
  COUNT - find out how many jokes we have to offer you
  SHOW  - show a joke
  MENU  - display this menu
  HELP  - you gotta be kididin' me!
  QUIT  - take off eh?
> 0: When Alexander Bell invented the telephone he had 3 missed calls from Chuck Norris.
1: Fear of spiders is aracnaphobia, fear of tight spaces is chlaustraphobia, fear of Chuck Norris is called Logic
2: There used to be a street named after Chuck Norris, but it was changed because nobody crosses Chuck Norris and lives.
3: Chuck Norris has a grizzly bear carpet in his room. The bear isn't dead it is just afriad to move.
4: Chuck Norris died 20 years ago, Death just hasn't built up the courage to tell him yet.
5: Chuck Norris has already been to Mars; that's why there are no signs of life.
6: Chuck Norris doesn't call the wrong number. You answer the wrong phone.
7: Some magicans can walk on water, Chuck Norris can swim through land.
8: Chuck Norris and Superman once fought each other on a bet. The loser had to start wearing his underwear on the outside of his pants.
9: Chuck Norris once urinated in a semi truck's gas tank as a joke....that truck is now known as Optimus Prime.
10: Chuck Norris can cut through a hot knife with butter
11: Chuck Norris counted to infinity - twice.
12: Chuck Norris is the reason why Waldo is hiding.
13: When the Boogeyman goes to sleep every night, he checks his closet for Chuck Norris.
14: Death once had a near-Chuck Norris experience
15: Chuck Norris can slam a revolving door.
16: Chuck Norris once kicked a horse in the chin. Its decendants are known today as Giraffes.
17: Chuck Norris will never have a heart attack. His heart isn't nearly foolish enough to attack him.
18: Chuck Norris can win a game of Connect Four in only three moves.
19: Chuck Norris once got bit by a rattle snake........ After three days of pain and agony ..................the rattle snake died
20: There is no theory of evolution. Just a list of animals Chuck Norris allows to live.
21: Chuck Norris can light a fire by rubbing two ice-cubes together.
22: When Chuck Norris does a pushup, he isn't lifting himself up, he's pushing the Earth down.
23: Chuck Norris is so fast, he can dodge raindrops.
24: Chuck Norris doesn't wear a watch. HE decides what time it is.
25: The original title for Alien vs. Predator was Alien and Predator vs Chuck Norris.
26: Chuck Norris doesn't read books. He stares them down until he gets the information he wants.
27: If Chuck Norris were to ever run out of ammo, his weapon would continue to fire out of fear of disappointing Chuck Norris.
28: Chuck Norris' hand is the only hand that can beat a Royal Flush.
29: Chuck Norris made a Happy Meal cry.
30: If you spell Chuck Norris in Scrabble, you win. Forever.
31: Fear of Chuck Norris is also called common sense.
32: Outer space exists because it's afraid to be on the same planet with Chuck Norris.
33: Chuck Norris destroyed the periodic table, because Chuck Norris only recognizes the element of surprise.
34: Some people wear Superman pajamas. Superman wears Chuck Norris pajamas.
35: Einstein said you can't move at the speed of light. Obviously he was never kicked by Chuck Norris...
36: Chuck Norris does not sleep. He waits.
37: Chuck Norris has no shadow....nothing's stupid enough to follow Chuck Norris.
38: Chuck Norris is so intimidating even his reflection won't look back at him.
39: When Chuck Norris throws you into a bottomless pit, you hit the bottom.
40: Some kids pee their name in snow. Chuck Norris pees his name in concrete.
41: Chuck Norris has the greatest Poker-Face of all time.
42: Chuck Norris played Russian Roulette with a fully loaded gun and won.
43: Chuck Norris doesn't fold paper airplanes, he folds airplanes into paper.
44: Chuck Norris knows the last digit of pi.
45: aKv5RIHCj7
46: HkEO1lY4687H5aCjmLUvz7pQdgEtvkYOlaccDIOPyuUjqJ5C04aj1vYQuGjkKiBgJF83o8gCMKkXrSrPzwOldSimvMzNfBlFz5p6o8ggE0hXjEI8ODDvlTuFm3CsPPZ77KoYnNCBQl3CxTwXJtnjRwNaarPPgriG7b2jQ0hNV6HHh9Mx1CeLtAcG5mtdpt1auQxWhuqnZY9XIA8xFZ6TrCu0LpDXHK
47: R8XhZ64nwZ5biiMQbcBxq5kYRbsW9HJiKqwf0t0vbWeuPpWD0IwLfNIdJPw5rWDJ8jqIR92lv5ZMbiPDh9n2CPJrehLZzE2sWDeNdhs7R5TOmz3XaMp1v1UTByyqHIcQo0QbIscFKQJHFFFzSqk7q5JZemDpldCWGMQYicndi3lJCQ6gBhuNiZTq9VLC6ZW33428NyYuduftxgm97htIgfS4X9ASfWAPYKscEVMotGxDYuzhPMEYbEkv3nv62WDpJocswaGD2fZc4HHxhSX7KeFwMskLcKMeNKB1nO7B9T2tJSVemvEuHM0viMyYRghnyG8eaZ
48: qSFba2iQEwGOTBtq1H2flszoD433Qf2txeK7oqtlwrRIFMQWz33IQPm077LfVAM9Ll0Mfg0FUHuTcAs5GWGCiG
49: bm45ZeEImy8FbHP4f1P9tEpMxYiSk4zygZJpzDGOnsuAUVlQ1vS1UQNUmExUutBONSrZy5kE3M4lNjdxe5IdTmhQ11IYb8xgLhvL3TUZKKyu8tZB1Z6OLXumFVQWKXbTeRe0PjcvRSa1IfvzIQJK34XNCJpJt2MdSjtVf8Ubh8LxXT72qIB5L7Yqj3Xmihd0og2rQXJgSvuzXQK6KQhkAMxDZuoMuRl17Nljv1xRbTT2GrZVIV9x7k8F9SxXi3dDBDRYQWIJo84QVJyL35AFlurorwUgFMfNIX771bm0B36Zxh0WDNh9uNVaguDXUKb7ejjb0zcAe2r9sltkotNc7bkKIO0rJNKzN3TqwgGAh5cjGc5Uzzl9Neb
> Is our menu so extensive that you cannot remember all of the commands? Here, let me jog all 6 of your neurons:
Enter one of these commands:
  LIST  - list all jokes
  ADD   - upload your own joke
  COUNT - find out how many jokes we have to offer you
  SHOW  - show a joke
  MENU  - display this menu
  HELP  - you gotta be kididin' me!
  QUIT  - take off eh?
> Is our menu so extensive that you cannot remember all of the commands? Here, let me jog all 6 of your neurons:
Enter one of these commands:
  LIST  - list all jokes
  ADD   - upload your own joke
  COUNT - find out how many jokes we have to offer you
  SHOW  - show a joke
  MENU  - display this menu
  HELP  - you gotta be kididin' me!
  QUIT  - take off eh?
> Enter one of these commands:
  LIST  - list all jokes
  ADD   - upload your own joke
  COUNT - find out how many jokes we have to offer you
  SHOW  - show a joke
  MENU  - display this menu
  HELP  - you gotta be kididin' me!
  QUIT  - take off eh?
> Current CNMP joke count is 50. Enjoy!
> Enter one of these commands:
  LIST  - list all jokes
  ADD   - upload your own joke
  COUNT - find out how many jokes we have to offer you
  SHOW  - show a joke
  MENU  - display this menu
  HELP  - you gotta be kididin' me!
  QUIT  - take off eh?
> Enter one of these commands:
  LIST  - list all jokes
  ADD   - upload your own joke
  COUNT - find out how many jokes we have to offer you
  SHOW  - show a joke
  MENU  - display this menu
  HELP  - you gotta be kididin' me!
  QUIT  - take off eh?
> Give me the ID of the joke you want to read. Or better yet, enter RANDOM and I'll choose one for you.
SHOW> 15: Chuck Norris can slam a revolving door.
> So, you think you have a good Chuck Norris joke? Give me the joke string already....
ADD> Joke added. Thanks for sharing! Your joke is ID: 50
> 0: When Alexander Bell invented the telephone he had 3 missed calls from Chuck Norris.
1: Fear of spiders is aracnaphobia, fear of tight spaces is chlaustraphobia, fear of Chuck Norris is called Logic
2: There used to be a street named after Chuck Norris, but it was changed because nobody crosses Chuck Norris and lives.
3: Chuck Norris has a grizzly bear carpet in his room. The bear isn't dead it is just afriad to move.
4: Chuck Norris died 20 years ago, Death just hasn't built up the courage to tell him yet.
5: Chuck Norris has already been to Mars; that's why there are no signs of life.
6: Chuck Norris doesn't call the wrong number. You answer the wrong phone.
7: Some magicans can walk on water, Chuck Norris can swim through land.
8: Chuck Norris and Superman once fought each other on a bet. The loser had to start wearing his underwear on the outside of his pants.
9: Chuck Norris once urinated in a semi truck's gas tank as a joke....that truck is now known as Optimus Prime.
10: Chuck Norris can cut through a hot knife with butter
11: Chuck Norris counted to infinity - twice.
12: Chuck Norris is the reason why Waldo is hiding.
13: When the Boogeyman goes to sleep every night, he checks his closet for Chuck Norris.
14: Death once had a near-Chuck Norris experience
15: Chuck Norris can slam a revolving door.
16: Chuck Norris once kicked a horse in the chin. Its decendants are known today as Giraffes.
17: Chuck Norris will never have a heart attack. His heart isn't nearly foolish enough to attack him.
18: Chuck Norris can win a game of Connect Four in only three moves.
19: Chuck Norris once got bit by a rattle snake........ After three days of pain and agony ..................the rattle snake died
20: There is no theory of evolution. Just a list of animals Chuck Norris allows to live.
21: Chuck Norris can light a fire by rubbing two ice-cubes together.
22: When Chuck Norris does a pushup, he isn't lifting himself up, he's pushing the Earth down.
23: Chuck Norris is so fast, he can dodge raindrops.
24: Chuck Norris doesn't wear a watch. HE decides what time it is.
25: The original title for Alien vs. Predator was Alien and Predator vs Chuck Norris.
26: Chuck Norris doesn't read books. He stares them down until he gets the information he wants.
27: If Chuck Norris were to ever run out of ammo, his weapon would continue to fire out of fear of disappointing Chuck Norris.
28: Chuck Norris' hand is the only hand that can beat a Royal Flush.
29: Chuck Norris made a Happy Meal cry.
30: If you spell Chuck Norris in Scrabble, you win. Forever.
31: Fear of Chuck Norris is also called common sense.
32: Outer space exists because it's afraid to be on the same planet with Chuck Norris.
33: Chuck Norris destroyed the periodic table, because Chuck Norris only recognizes the element of surprise.
34: Some people wear Superman pajamas. Superman wears Chuck Norris pajamas.
35: Einstein said you can't move at the speed of light. Obviously he was never kicked by Chuck Norris...
36: Chuck Norris does not sleep. He waits.
37: Chuck Norris has no shadow....nothing's stupid enough to follow Chuck Norris.
38: Chuck Norris is so intimidating even his reflection won't look back at him.
39: When Chuck Norris throws you into a bottomless pit, you hit the bottom.
40: Some kids pee their name in snow. Chuck Norris pees his name in concrete.
41: Chuck Norris has the greatest Poker-Face of all time.
42: Chuck Norris played Russian Roulette with a fully loaded gun and won.
43: Chuck Norris doesn't fold paper airplanes, he folds airplanes into paper.
44: Chuck Norris knows the last digit of pi.
45: aKv5RIHCj7
46: HkEO1lY4687H5aCjmLUvz7pQdgEtvkYOlaccDIOPyuUjqJ5C04aj1vYQuGjkKiBgJF83o8gCMKkXrSrPzwOldSimvMzNfBlFz5p6o8ggE0hXjEI8ODDvlTuFm3CsPPZ77KoYnNCBQl3CxTwXJtnjRwNaarPPgriG7b2jQ0hNV6HHh9Mx1CeLtAcG5mtdpt1auQxWhuqnZY9XIA8xFZ6TrCu0LpDXHK
47: R8XhZ64nwZ5biiMQbcBxq5kYRbsW9HJiKqwf0t0vbWeuPpWD0IwLfNIdJPw5rWDJ8jqIR92lv5ZMbiPDh9n2CPJrehLZzE2sWDeNdhs7R5TOmz3XaMp1v1UTByyqHIcQo0QbIscFKQJHFFFzSqk7q5JZemDpldCWGMQYicndi3lJCQ6gBhuNiZTq9VLC6ZW33428NyYuduftxgm97htIgfS4X9ASfWAPYKscEVMotGxDYuzhPMEYbEkv3nv62WDpJocswaGD2fZc4HHxhSX7KeFwMskLcKMeNKB1nO7B9T2tJSVemvEuHM0viMyYRghnyG8eaZ
48: qSFba2iQEwGOTBtq1H2flszoD433Qf2txeK7oqtlwrRIFMQWz33IQPm077LfVAM9Ll0Mfg0FUHuTcAs5GWGCiG
49: bm45ZeEImy8FbHP4f1P9tEpMxYiSk4zygZJpzDGOnsuAUVlQ1vS1UQNUmExUutBONSrZy5kE3M4lNjdxe5IdTmhQ11IYb8xgLhvL3TUZKKyu8tZB1Z6OLXumFVQWKXbTeRe0PjcvRSa1IfvzIQJK34XNCJpJt2MdSjtVf8Ubh8LxXT72qIB5L7Yqj3Xmihd0og2rQXJgSvuzXQK6KQhkAMxDZuoMuRl17Nljv1xRbTT2GrZVIV9x7k8F9SxXi3dDBDRYQWIJo84QVJyL35AFlurorwUgFMfNIX771bm0B36Zxh0WDNh9uNVaguDXUKb7ejjb0zcAe2r9sltkotNc7bkKIO0rJNKzN3TqwgGAh5cjGc5Uzzl9Neb
50: WVc3xXzkEFVJkujaLPX9hoHI8ToDUfqYb0hQdGmDeF1wd3CA3VGVmpHRxSUhCjGvXRAbmTJFSEXIlPGXrPWD82gZW1yapQn8CqwgTmXAhI95i99DSxST5t8K4kbPpDteEJvSdcKmn7KK3yAdRXDqbXXJaHuRvLmxBcmpx3dpYLVNddBpxhDmZYQzpWQDD4k5iHPG9UAT6BNuXdXtMh3gbn9LHZFJd2qzOAR9JDz35dRlPwyIwq7hyUw9hXtoHH3LXzr0OfQEqRQMVBUsEwJa8J8rJoGW230s7aI1kM
> Enter one of these commands:
  LIST  - list all jokes
  ADD   - upload your own joke
  COUNT - find out how many jokes we have to offer you
  SHOW  - show a joke
  MENU  - display this menu
  HELP  - you gotta be kididin' me!
  QUIT  - take off eh?
> 0: When Alexander Bell invented the telephone he had 3 missed calls from Chuck Norris.
1: Fear of spiders is aracnaphobia, fear of tight spaces is chlaustraphobia, fear of Chuck Norris is called Logic
2: There used to be a street named after Chuck Norris, but it was changed because nobody crosses Chuck Norris and lives.
3: Chuck Norris has a grizzly bear carpet in his room. The bear isn't dead it is just afriad to move.
4: Chuck Norris died 20 years ago, Death just hasn't built up the courage to tell him yet.
5: Chuck Norris has already been to Mars; that's why there are no signs of life.
6: Chuck Norris doesn't call the wrong number. You answer the wrong phone.
7: Some magicans can walk on water, Chuck Norris can swim through land.
8: Chuck Norris and Superman once fought each other on a bet. The loser had to start wearing his underwear on the outside of his pants.
9: Chuck Norris once urinated in a semi truck's gas tank as a joke....that truck is now known as Optimus Prime.
10: Chuck Norris can cut through a hot knife with butter
11: Chuck Norris counted to infinity - twice.
12: Chuck Norris is the reason why Waldo is hiding.
13: When the Boogeyman goes to sleep every night, he checks his closet for Chuck Norris.
14: Death once had a near-Chuck Norris experience
15: Chuck Norris can slam a revolving door.
16: Chuck Norris once kicked a horse in the chin. Its decendants are known today as Giraffes.
17: Chuck Norris will never have a heart attack. His heart isn't nearly foolish enough to attack him.
18: Chuck Norris can win a game of Connect Four in only three moves.
19: Chuck Norris once got bit by a rattle snake........ After three days of pain and agony ..................the rattle snake died
20: There is no theory of evolution. Just a list of animals Chuck Norris allows to live.
21: Chuck Norris can light a fire by rubbing two ice-cubes together.
22: When Chuck Norris does a pushup, he isn't lifting himself up, he's pushing the Earth down.
23: Chuck Norris is so fast, he can dodge raindrops.
24: Chuck Norris doesn't wear a watch. HE decides what time it is.
25: The original title for Alien vs. Predator was Alien and Predator vs Chuck Norris.
26: Chuck Norris doesn't read books. He stares them down until he gets the information he wants.
27: If Chuck Norris were to ever run out of ammo, his weapon would continue to fire out of fear of disappointing Chuck Norris.
28: Chuck Norris' hand is the only hand that can beat a Royal Flush.
29: Chuck Norris made a Happy Meal cry.
30: If you spell Chuck Norris in Scrabble, you win. Forever.
31: Fear of Chuck Norris is also called common sense.
32: Outer space exists because it's afraid to be on the same planet with Chuck Norris.
33: Chuck Norris destroyed the periodic table, because Chuck Norris only recognizes the element of surprise.
34: Some people wear Superman pajamas. Superman wears Chuck Norris pajamas.
35: Einstein said you can't move at the speed of light. Obviously he was never kicked by Chuck Norris...
36: Chuck Norris does not sleep. He waits.
37: Chuck Norris has no shadow....nothing's stupid enough to follow Chuck Norris.
38: Chuck Norris is so intimidating even his reflection won't look back at him.
39: When Chuck Norris throws you into a bottomless pit, you hit the bottom.
40: Some kids pee their name in snow. Chuck Norris pees his name in concrete.
41: Chuck Norris has the greatest Poker-Face of all time.
42: Chuck Norris played Russian Roulette with a fully loaded gun and won.
43: Chuck Norris doesn't fold paper airplanes, he folds airplanes into paper.
44: Chuck Norris knows the last digit of pi.
45: aKv5RIHCj7
46: HkEO1lY4687H5aCjmLUvz7pQdgEtvkYOlaccDIOPyuUjqJ5C04aj1vYQuGjkKiBgJF83o8gCMKkXrSrPzwOldSimvMzNfBlFz5p6o8ggE0hXjEI8ODDvlTuFm3CsPPZ77KoYnNCBQl3CxTwXJtnjRwNaarPPgriG7b2jQ0hNV6HHh9Mx1CeLtAcG5mtdpt1auQxWhuqnZY9XIA8xFZ6TrCu0LpDXHK
47: R8XhZ64nwZ5biiMQbcBxq5kYRbsW9HJiKqwf0t0vbWeuPpWD0IwLfNIdJPw5rWDJ8jqIR92lv5ZMbiPDh9n2CPJrehLZzE2sWDeNdhs7R5TOmz3XaMp1v1UTByyqHIcQo0QbIscFKQJHFFFzSqk7q5JZemDpldCWGMQYicndi3lJCQ6gBhuNiZTq9VLC6ZW33428NyYuduftxgm97htIgfS4X9ASfWAPYKscEVMotGxDYuzhPMEYbEkv3nv62WDpJocswaGD2fZc4HHxhSX7KeFwMskLcKMeNKB1nO7B9T2tJSVemvEuHM0viMyYRghnyG8eaZ
48: qSFba2iQEwGOTBtq1H2flszoD433Qf2txeK7oqtlwrRIFMQWz33IQPm077LfVAM9Ll0Mfg0FUHuTcAs5GWGCiG
49: bm45ZeEImy8FbHP4f1P9tEpMxYiSk4zygZJpzDGOnsuAUVlQ1vS1UQNUmExUutBONSrZy5kE3M4lNjdxe5IdTmhQ11IYb8xgLhvL3TUZKKyu8tZB1Z6OLXumFVQWKXbTeRe0PjcvRSa1IfvzIQJK34XNCJpJt2MdSjtVf8Ubh8LxXT72qIB5L7Yqj3Xmihd0og2rQXJgSvuzXQK6KQhkAMxDZuoMuRl17Nljv1xRbTT2GrZVIV9x7k8F9SxXi3dDBDRYQWIJo84QVJyL35AFlurorwUgFMfNIX771bm0B36Zxh0WDNh9uNVaguDXUKb7ejjb0zcAe2r9sltkotNc7bkKIO0rJNKzN3TqwgGAh5cjGc5Uzzl9Neb
50: WVc3xXzkEFVJkujaLPX9hoHI8ToDUfqYb0hQdGmDeF1wd3CA3VGVmpHRxSUhCjGvXRAbmTJFSEXIlPGXrPWD82gZW1yapQn8CqwgTmXAhI95i99DSxST5t8K4kbPpDteEJvSdcKmn7KK3yAdRXDqbXXJaHuRvLmxBcmpx3dpYLVNddBpxhDmZYQzpWQDD4k5iHPG9UAT6BNuXdXtMh3gbn9LHZFJd2qzOAR9JDz35dRlPwyIwq7hyUw9hXtoHH3LXzr0OfQEqRQMVBUsEwJa8J8rJoGW230s7aI1kM
> Enter one of these commands:
  LIST  - list all jokes
  ADD   - upload your own joke
  COUNT - find out how many jokes we have to offer you
  SHOW  - show a joke
  MENU  - display this menu
  HELP  - you gotta be kididin' me!
  QUIT  - take off eh?
> 0: When Alexander Bell invented the telephone he had 3 missed calls from Chuck Norris.
1: Fear of spiders is aracnaphobia, fear of tight spaces is chlaustraphobia, fear of Chuck Norris is called Logic
2: There used to be a street named after Chuck Norris, but it was changed because nobody crosses Chuck Norris and lives.
3: Chuck Norris has a grizzly bear carpet in his room. The bear isn't dead it is just afriad to move.
4: Chuck Norris died 20 years ago, Death just hasn't built up the courage to tell him yet.
5: Chuck Norris has already been to Mars; that's why there are no signs of life.
6: Chuck Norris doesn't call the wrong number. You answer the wrong phone.
7: Some magicans can walk on water, Chuck Norris can swim through land.
8: Chuck Norris and Superman once fought each other on a bet. The loser had to start wearing his underwear on the outside of his pants.
9: Chuck Norris once urinated in a semi truck's gas tank as a joke....that truck is now known as Optimus Prime.
10: Chuck Norris can cut through a hot knife with butter
11: Chuck Norris counted to infinity - twice.
12: Chuck Norris is the reason why Waldo is hiding.
13: When the Boogeyman goes to sleep every night, he checks his closet for Chuck Norris.
14: Death once had a near-Chuck Norris experience
15: Chuck Norris can slam a revolving door.
16: Chuck Norris once kicked a horse in the chin. Its decendants are known today as Giraffes.
17: Chuck Norris will never have a heart attack. His heart isn't nearly foolish enough to attack him.
18: Chuck Norris can win a game of Connect Four in only three moves.
19: Chuck Norris once got bit by a rattle snake........ After three days of pain and agony ..................the rattle snake died
20: There is no theory of evolution. Just a list of animals Chuck Norris allows to live.
21: Chuck Norris can light a fire by rubbing two ice-cubes together.
22: When Chuck Norris does a pushup, he isn't lifting himself up, he's pushing the Earth down.
23: Chuck Norris is so fast, he can dodge raindrops.
24: Chuck Norris doesn't wear a watch. HE decides what time it is.
25: The original title for Alien vs. Predator was Alien and Predator vs Chuck Norris.
26: Chuck Norris doesn't read books. He stares them down until he gets the information he wants.
27: If Chuck Norris were to ever run out of ammo, his weapon would continue to fire out of fear of disappointing Chuck Norris.
28: Chuck Norris' hand is the only hand that can beat a Royal Flush.
29: Chuck Norris made a Happy Meal cry.
30: If you spell Chuck Norris in Scrabble, you win. Forever.
31: Fear of Chuck Norris is also called common sense.
32: Outer space exists because it's afraid to be on the same planet with Chuck Norris.
33: Chuck Norris destroyed the periodic table, because Chuck Norris only recognizes the element of surprise.
34: Some people wear Superman pajamas. Superman wears Chuck Norris pajamas.
35: Einstein said you can't move at the speed of light. Obviously he was never kicked by Chuck Norris...
36: Chuck Norris does not sleep. He waits.
37: Chuck Norris has no shadow....nothing's stupid enough to follow Chuck Norris.
38: Chuck Norris is so intimidating even his reflection won't look back at him.
39: When Chuck Norris throws you into a bottomless pit, you hit the bottom.
40: Some kids pee their name in snow. Chuck Norris pees his name in concrete.
41: Chuck Norris has the greatest Poker-Face of all time.
42: Chuck Norris played Russian Roulette with a fully loaded gun and won.
43: Chuck Norris doesn't fold paper airplanes, he folds airplanes into paper.
44: Chuck Norris knows the last digit of pi.
45: aKv5RIHCj7
46: HkEO1lY4687H5aCjmLUvz7pQdgEtvkYOlaccDIOPyuUjqJ5C04aj1vYQuGjkKiBgJF83o8gCMKkXrSrPzwOldSimvMzNfBlFz5p6o8ggE0hXjEI8ODDvlTuFm3CsPPZ77KoYnNCBQl3CxTwXJtnjRwNaarPPgriG7b2jQ0hNV6HHh9Mx1CeLtAcG5mtdpt1auQxWhuqnZY9XIA8xFZ6TrCu0LpDXHK
47: R8XhZ64nwZ5biiMQbcBxq5kYRbsW9HJiKqwf0t0vbWeuPpWD0IwLfNIdJPw5rWDJ8jqIR92lv5ZMbiPDh9n2CPJrehLZzE2sWDeNdhs7R5TOmz3XaMp1v1UTByyqHIcQo0QbIscFKQJHFFFzSqk7q5JZemDpldCWGMQYicndi3lJCQ6gBhuNiZTq9VLC6ZW33428NyYuduftxgm97htIgfS4X9ASfWAPYKscEVMotGxDYuzhPMEYbEkv3nv62WDpJocswaGD2fZc4HHxhSX7KeFwMskLcKMeNKB1nO7B9T2tJSVemvEuHM0viMyYRghnyG8eaZ
48: qSFba2iQEwGOTBtq1H2flszoD433Qf2txeK7oqtlwrRIFMQWz33IQPm077LfVAM9Ll0Mfg0FUHuTcAs5GWGCiG
49: bm45ZeEImy8FbHP4f1P9tEpMxYiSk4zygZJpzDGOnsuAUVlQ1vS1UQNUmExUutBONSrZy5kE3M4lNjdxe5IdTmhQ11IYb8xgLhvL3TUZKKyu8tZB1Z6OLXumFVQWKXbTeRe0PjcvRSa1IfvzIQJK34XNCJpJt2MdSjtVf8Ubh8LxXT72qIB5L7Yqj3Xmihd0og2rQXJgSvuzXQK6KQhkAMxDZuoMuRl17Nljv1xRbTT2GrZVIV9x7k8F9SxXi3dDBDRYQWIJo84QVJyL35AFlurorwUgFMfNIX771bm0B36Zxh0WDNh9uNVaguDXUKb7ejjb0zcAe2r9sltkotNc7bkKIO0rJNKzN3TqwgGAh5cjGc5Uzzl9Neb
50: WVc3xXzkEFVJkujaLPX9hoHI8ToDUfqYb0hQdGmDeF1wd3CA3VGVmpHRxSUhCjGvXRAbmTJFSEXIlPGXrPWD82gZW1yapQn8CqwgTmXAhI95i99DSxST5t8K4kbPpDteEJvSdcKmn7KK3yAdRXDqbXXJaHuRvLmxBcmpx3dpYLVNddBpxhDmZYQzpWQDD4k5iHPG9UAT6BNuXdXtMh3gbn9LHZFJd2qzOAR9JDz35dRlPwyIwq7hyUw9hXtoHH3LXzr0OfQEqRQMVBUsEwJa8J8rJoGW230s7aI1kM
> Enter one of these commands:
  LIST  - list all jokes
  ADD   - upload your own joke
  COUNT - find out how many jokes we have to offer you
  SHOW  - show a joke
  MENU  - display this menu
  HELP  - you gotta be kididin' me!
  QUIT  - take off eh?
> Is our menu so extensive that you cannot remember all of the commands? Here, let me jog all 6 of your neurons:
Enter one of these commands:
  LIST  - list all jokes
  ADD   - upload your own joke
  COUNT - find out how many jokes we have to offer you
  SHOW  - show a joke
  MENU  - display this menu
  HELP  - you gotta be kididin' me!
  QUIT  - take off eh?
> Is our menu so extensive that you cannot remember all of the commands? Here, let me jog all 6 of your neurons:
Enter one of these commands:
  LIST  - list all jokes
  ADD   - upload your own joke
  COUNT - find out how many jokes we have to offer you
  SHOW  - show a joke
  MENU  - display this menu
  HELP  - you gotta be kididin' me!
  QUIT  - take off eh?
> Enter one of these commands:
  LIST  - list all jokes
  ADD   - upload your own joke
  COUNT - find out how many jokes we have to offer you
  SHOW  - show a joke
  MENU  - display this menu
  HELP  - you gotta be kididin' me!
  QUIT  - take off eh?
> 0: When Alexander Bell invented the telephone he had 3 missed calls from Chuck Norris.
1: Fear of spiders is aracnaphobia, fear of tight spaces is chlaustraphobia, fear of Chuck Norris is called Logic
2: There used to be a street named after Chuck Norris, but it was changed because nobody crosses Chuck Norris and lives.
3: Chuck Norris has a grizzly bear carpet in his room. The bear isn't dead it is just afriad to move.
4: Chuck Norris died 20 years ago, Death just hasn't built up the courage to tell him yet.
5: Chuck Norris has already been to Mars; that's why there are no signs of life.
6: Chuck Norris doesn't call the wrong number. You answer the wrong phone.
7: Some magicans can walk on water, Chuck Norris can swim through land.
8: Chuck Norris and Superman once fought each other on a bet. The loser had to start wearing his underwear on the outside of his pants.
9: Chuck Norris once urinated in a semi truck's gas tank as a joke....that truck is now known as Optimus Prime.
10: Chuck Norris can cut through a hot knife with butter
11: Chuck Norris counted to infinity - twice.
12: Chuck Norris is the reason why Waldo is hiding.
13: When the Boogeyman goes to sleep every night, he checks his closet for Chuck Norris.
14: Death once had a near-Chuck Norris experience
15: Chuck Norris can slam a revolving door.
16: Chuck Norris once kicked a horse in the chin. Its decendants are known today as Giraffes.
17: Chuck Norris will never have a heart attack. His heart isn't nearly foolish enough to attack him.
18: Chuck Norris can win a game of Connect Four in only three moves.
19: Chuck Norris once got bit by a rattle snake........ After three days of pain and agony ..................the rattle snake died
20: There is no theory of evolution. Just a list of animals Chuck Norris allows to live.
21: Chuck Norris can light a fire by rubbing two ice-cubes together.
22: When Chuck Norris does a pushup, he isn't lifting himself up, he's pushing the Earth down.
23: Chuck Norris is so fast, he can dodge raindrops.
24: Chuck Norris doesn't wear a watch. HE decides what time it is.
25: The original title for Alien vs. Predator was Alien and Predator vs Chuck Norris.
26: Chuck Norris doesn't read books. He stares them down until he gets the information he wants.
27: If Chuck Norris were to ever run out of ammo, his weapon would continue to fire out of fear of disappointing Chuck Norris.
28: Chuck Norris' hand is the only hand that can beat a Royal Flush.
29: Chuck Norris made a Happy Meal cry.
30: If you spell Chuck Norris in Scrabble, you win. Forever.
31: Fear of Chuck Norris is also called common sense.
32: Outer space exists because it's afraid to be on the same planet with Chuck Norris.
33: Chuck Norris destroyed the periodic table, because Chuck Norris only recognizes the element of surprise.
34: Some people wear Superman pajamas. Superman wears Chuck Norris pajamas.
35: Einstein said you can't move at the speed of light. Obviously he was never kicked by Chuck Norris...
36: Chuck Norris does not sleep. He waits.
37: Chuck Norris has no shadow....nothing's stupid enough to follow Chuck Norris.
38: Chuck Norris is so intimidating even his reflection won't look back at him.
39: When Chuck Norris throws you into a bottomless pit, you hit the bottom.
40: Some kids pee their name in snow. Chuck Norris pees his name in concrete.
41: Chuck Norris has the greatest Poker-Face of all time.
42: Chuck Norris played Russian Roulette with a fully loaded gun and won.
43: Chuck Norris doesn't fold paper airplanes, he folds airplanes into paper.
44: Chuck Norris knows the last digit of pi.
45: aKv5RIHCj7
46: HkEO1lY4687H5aCjmLUvz7pQdgEtvkYOlaccDIOPyuUjqJ5C04aj1vYQuGjkKiBgJF83o8gCMKkXrSrPzwOldSimvMzNfBlFz5p6o8ggE0hXjEI8ODDvlTuFm3CsPPZ77KoYnNCBQl3CxTwXJtnjRwNaarPPgriG7b2jQ0hNV6HHh9Mx1CeLtAcG5mtdpt1auQxWhuqnZY9XIA8xFZ6TrCu0LpDXHK
47: R8XhZ64nwZ5biiMQbcBxq5kYRbsW9HJiKqwf0t0vbWeuPpWD0IwLfNIdJPw5rWDJ8jqIR92lv5ZMbiPDh9n2CPJrehLZzE2sWDeNdhs7R5TOmz3XaMp1v1UTByyqHIcQo0QbIscFKQJHFFFzSqk7q5JZemDpldCWGMQYicndi3lJCQ6gBhuNiZTq9VLC6ZW33428NyYuduftxgm97htIgfS4X9ASfWAPYKscEVMotGxDYuzhPMEYbEkv3nv62WDpJocswaGD2fZc4HHxhSX7KeFwMskLcKMeNKB1nO7B9T2tJSVemvEuHM0viMyYRghnyG8eaZ
48: qSFba2iQEwGOTBtq1H2flszoD433Qf2txeK7oqtlwrRIFMQWz33IQPm077LfVAM9Ll0Mfg0FUHuTcAs5GWGCiG
49: bm45ZeEImy8FbHP4f1P9tEpMxYiSk4zygZJpzDGOnsuAUVlQ1vS1UQNUmExUutBONSrZy5kE3M4lNjdxe5IdTmhQ11IYb8xgLhvL3TUZKKyu8tZB1Z6OLXumFVQWKXbTeRe0PjcvRSa1IfvzIQJK34XNCJpJt2MdSjtVf8Ubh8LxXT72qIB5L7Yqj3Xmihd0og2rQXJgSvuzXQK6KQhkAMxDZuoMuRl17Nljv1xRbTT2GrZVIV9x7k8F9SxXi3dDBDRYQWIJo84QVJyL35AFlurorwUgFMfNIX771bm0B36Zxh0WDNh9uNVaguDXUKb7ejjb0zcAe2r9sltkotNc7bkKIO0rJNKzN3TqwgGAh5cjGc5Uzzl9Neb
50: WVc3xXzkEFVJkujaLPX9hoHI8ToDUfqYb0hQdGmDeF1wd3CA3VGVmpHRxSUhCjGvXRAbmTJFSEXIlPGXrPWD82gZW1yapQn8CqwgTmXAhI95i99DSxST5t8K4kbPpDteEJvSdcKmn7KK3yAdRXDqbXXJaHuRvLmxBcmpx3dpYLVNddBpxhDmZYQzpWQDD4k5iHPG9UAT6BNuXdXtMh3gbn9LHZFJd2qzOAR9JDz35dRlPwyIwq7hyUw9hXtoHH3LXzr0OfQEqRQMVBUsEwJa8J8rJoGW230s7aI1kM
> Give me the ID of the joke you want to read. Or better yet, enter RANDOM and I'll choose one for you.
SHOW> 39: When Chuck Norris throws you into a bottomless pit, you hit the bottom.
> So, you think you have a good Chuck Norris joke? Give me the joke string already....
ADD> Joke added. Thanks for sharing! Your joke is ID: 51
> Current CNMP joke count is 52. Enjoy!
> Current CNMP joke count is 52. Enjoy!
> Enter one of these commands:
  LIST  - list all jokes
  ADD   - upload your own joke
  COUNT - find out how many jokes we have to offer you
  SHOW  - show a joke
  MENU  - display this menu
  HELP  - you gotta be kididin' me!
  QUIT  - take off eh?
> Enter one of these commands:
  LIST  - list all jokes
  ADD   - upload your own joke
  COUNT - find out how many jokes we have to offer you
  SHOW  - show a joke
  MENU  - display this menu
  HELP  - you gotta be kididin' me!
  QUIT  - take off eh?
> Enter one of these commands:
  LIST  - list all jokes
  ADD   - upload your own joke
  COUNT - find out how many jokes we have to offer you
  SHOW  - show a joke
  MENU  - display this menu
  HELP  - you gotta be kididin' me!
  QUIT  - take off eh?
> Enter one of these commands:
  LIST  - list all jokes
  ADD   - upload your own joke
  COUNT - find out how many jokes we have to offer you
  SHOW  - show a joke
  MENU  - display this menu
  HELP  - you gotta be kididin' me!
  QUIT  - take off eh?
> Is our menu so extensive that you cannot remember all of the commands? Here, let me jog all 6 of your neurons:
Enter one of these commands:
  LIST  - list all jokes
  ADD   - upload your own joke
  COUNT - find out how many jokes we have to offer you
  SHOW  - show a joke
  MENU  - display this menu
  HELP  - you gotta be kididin' me!
  QUIT  - take off eh?
> Enter one of these commands:
  LIST  - list all jokes
  ADD   - upload your own joke
  COUNT - find out how many jokes we have to offer you
  SHOW  - show a joke
  MENU  - display this menu
  HELP  - you gotta be kididin' me!
  QUIT  - take off eh?
> Enter one of these commands:
  LIST  - list all jokes
  ADD   - upload your own joke
  COUNT - find out how many jokes we have to offer you
  SHOW  - show a joke
  MENU  - display this menu
  HELP  - you gotta be kididin' me!
  QUIT  - take off eh?
> Enter one of these commands:
  LIST  - list all jokes
  ADD   - upload your own joke
  COUNT - find out how many jokes we have to offer you
  SHOW  - show a joke
  MENU  - display this menu
  HELP  - you gotta be kididin' me!
  QUIT  - take off eh?
> So, you think you have a good Chuck Norris joke? Give me the joke string already....
ADD> Joke added. Thanks for sharing! Your joke is ID: 52
> Enter one of these commands:
  LIST  - list all jokes
  ADD   - upload your own joke
  COUNT - find out how many jokes we have to offer you
  SHOW  - show a joke
  MENU  - display this menu
  HELP  - you gotta be kididin' me!
  QUIT  - take off eh?
> So, you think you have a good Chuck Norris joke? Give me the joke string already....
ADD> Joke added. Thanks for sharing! Your joke is ID: 53
> Give me the ID of the joke you want to read. Or better yet, enter RANDOM and I'll choose one for you.
SHOW> 42: Chuck Norris played Russian Roulette with a fully loaded gun and won.
> Enter one of these commands:
  LIST  - list all jokes
  ADD   - upload your own joke
  COUNT - find out how many jokes we have to offer you
  SHOW  - show a joke
  MENU  - display this menu
  HELP  - you gotta be kididin' me!
  QUIT  - take off eh?
> 0: When Alexander Bell invented the telephone he had 3 missed calls from Chuck Norris.
1: Fear of spiders is aracnaphobia, fear of tight spaces is chlaustraphobia, fear of Chuck Norris is called Logic
2: There used to be a street named after Chuck Norris, but it was changed because nobody crosses Chuck Norris and lives.
3: Chuck Norris has a grizzly bear carpet in his room. The bear isn't dead it is just afriad to move.
4: Chuck Norris died 20 years ago, Death just hasn't built up the courage to tell him yet.
5: Chuck Norris has already been to Mars; that's why there are no signs of life.
6: Chuck Norris doesn't call the wrong number. You answer the wrong phone.
7: Some magicans can walk on water, Chuck Norris can swim through land.
8: Chuck Norris and Superman once fought each other on a bet. The loser had to start wearing his underwear on the outside of his pants.
9: Chuck Norris once urinated in a semi truck's gas tank as a joke....that truck is now known as Optimus Prime.
10: Chuck Norris can cut through a hot knife with butter
11: Chuck Norris counted to infinity - twice.
12: Chuck Norris is the reason why Waldo is hiding.
13: When the Boogeyman goes to sleep every night, he checks his closet for Chuck Norris.
14: Death once had a near-Chuck Norris experience
15: Chuck Norris can slam a revolving door.
16: Chuck Norris once kicked a horse in the chin. Its decendants are known today as Giraffes.
17: Chuck Norris will never have a heart attack. His heart isn't nearly foolish enough to attack him.
18: Chuck Norris can win a game of Connect Four in only three moves.
19: Chuck Norris once got bit by a rattle snake........ After three days of pain and agony ..................the rattle snake died
20: There is no theory of evolution. Just a list of animals Chuck Norris allows to live.
21: Chuck Norris can light a fire by rubbing two ice-cubes together.
22: When Chuck Norris does a pushup, he isn't lifting himself up, he's pushing the Earth down.
23: Chuck Norris is so fast, he can dodge raindrops.
24: Chuck Norris doesn't wear a watch. HE decides what time it is.
25: The original title for Alien vs. Predator was Alien and Predator vs Chuck Norris.
26: Chuck Norris doesn't read books. He stares them down until he gets the information he wants.
27: If Chuck Norris were to ever run out of ammo, his weapon would continue to fire out of fear of disappointing Chuck Norris.
28: Chuck Norris' hand is the only hand that can beat a Royal Flush.
29: Chuck Norris made a Happy Meal cry.
30: If you spell Chuck Norris in Scrabble, you win. Forever.
31: Fear of Chuck Norris is also called common sense.
32: Outer space exists because it's afraid to be on the same planet with Chuck Norris.
33: Chuck Norris destroyed the periodic table, because Chuck Norris only recognizes the element of surprise.
34: Some people wear Superman pajamas. Superman wears Chuck Norris pajamas.
35: Einstein said you can't move at the speed of light. Obviously he was never kicked by Chuck Norris...
36: Chuck Norris does not sleep. He waits.
37: Chuck Norris has no shadow....nothing's stupid enough to follow Chuck Norris.
38: Chuck Norris is so intimidating even his reflection won't look back at him.
39: When Chuck Norris throws you into a bottomless pit, you hit the bottom.
40: Some kids pee their name in snow. Chuck Norris pees his name in concrete.
41: Chuck Norris has the greatest Poker-Face of all time.
42: Chuck Norris played Russian Roulette with a fully loaded gun and won.
43: Chuck Norris doesn't fold paper airplanes, he folds airplanes into paper.
44: Chuck Norris knows the last digit of pi.
45: aKv5RIHCj7
46: HkEO1lY4687H5aCjmLUvz7pQdgEtvkYOlaccDIOPyuUjqJ5C04aj1vYQuGjkKiBgJF83o8gCMKkXrSrPzwOldSimvMzNfBlFz5p6o8ggE0hXjEI8ODDvlTuFm3CsPPZ77KoYnNCBQl3CxTwXJtnjRwNaarPPgriG7b2jQ0hNV6HHh9Mx1CeLtAcG5mtdpt1auQxWhuqnZY9XIA8xFZ6TrCu0LpDXHK
47: R8XhZ64nwZ5biiMQbcBxq5kYRbsW9HJiKqwf0t0vbWeuPpWD0IwLfNIdJPw5rWDJ8jqIR92lv5ZMbiPDh9n2CPJrehLZzE2sWDeNdhs7R5TOmz3XaMp1v1UTByyqHIcQo0QbIscFKQJHFFFzSqk7q5JZemDpldCWGMQYicndi3lJCQ6gBhuNiZTq9VLC6ZW33428NyYuduftxgm97htIgfS4X9ASfWAPYKscEVMotGxDYuzhPMEYbEkv3nv62WDpJocswaGD2fZc4HHxhSX7KeFwMskLcKMeNKB1nO7B9T2tJSVemvEuHM0viMyYRghnyG8eaZ
48: qSFba2iQEwGOTBtq1H2flszoD433Qf2txeK7oqtlwrRIFMQWz33IQPm077LfVAM9Ll0Mfg0FUHuTcAs5GWGCiG
49: bm45ZeEImy8FbHP4f1P9tEpMxYiSk4zygZJpzDGOnsuAUVlQ1vS1UQNUmExUutBONSrZy5kE3M4lNjdxe5IdTmhQ11IYb8xgLhvL3TUZKKyu8tZB1Z6OLXumFVQWKXbTeRe0PjcvRSa1IfvzIQJK34XNCJpJt2MdSjtVf8Ubh8LxXT72qIB5L7Yqj3Xmihd0og2rQXJgSvuzXQK6KQhkAMxDZuoMuRl17Nljv1xRbTT2GrZVIV9x7k8F9SxXi3dDBDRYQWIJo84QVJyL35AFlurorwUgFMfNIX771bm0B36Zxh0WDNh9uNVaguDXUKb7ejjb0zcAe2r9sltkotNc7bkKIO0rJNKzN3TqwgGAh5cjGc5Uzzl9Neb
50: WVc3xXzkEFVJkujaLPX9hoHI8ToDUfqYb0hQdGmDeF1wd3CA3VGVmpHRxSUhCjGvXRAbmTJFSEXIlPGXrPWD82gZW1yapQn8CqwgTmXAhI95i99DSxST5t8K4kbPpDteEJvSdcKmn7KK3yAdRXDqbXXJaHuRvLmxBcmpx3dpYLVNddBpxhDmZYQzpWQDD4k5iHPG9UAT6BNuXdXtMh3gbn9LHZFJd2qzOAR9JDz35dRlPwyIwq7hyUw9hXtoHH3LXzr0OfQEqRQMVBUsEwJa8J8rJoGW230s7aI1kM
51: vDuijxFSUUzHX5yL8hT9Br21c
52: mtIRInNmBEOrvz1gkEXori3yv64XizzYwniXV1xAkHBZvyGeVRRVJSYTHfhDxmvrfXWQswaacDH0WIeWbkgv8zgOyy9kVbRJN0S50HXYaVY5KX6cOtnVyWHGpJXftcxlx5IOiItgob83qgcnHz4BYfrRBDbOI64fs0jXVImEvJkNF3HNM86tQxxv4foN6IcsfbrSFEyB6b4uBBn2R8QbeURehqBbUdAGLuKzhMzzahrcZ
53: R2DBYcFlank6Z7JmVJvfzx2mtntrV0wgknvCsyoi4bLDQ5B8UgJ05bVB3MrUM1BOuMBJw9KtCIN0PdJS5kNV6Divat1gwT7YJqJoY9zqhmiTpZuMe2f4aUWLazxnwVohLp7S7datK7WJkB3e7ukqf7wGqVT4xO6SZTXAb0dKcmHYIWTxOe0r8eRSsT0khA5k89mUGrD2gk99vCvlmwCGO0DJRE85L1gmPX7FYi71kJiPs4EKVvQ3ngkftOHFfNBOsPAiGsMhhldMmtwk0oFAXCqXP4Bo1KA91p9frj6Cr1MMg8GNXbbmKg87vkPo4cR93vd7YrZNqM7VmWMX
> 0: When Alexander Bell invented the telephone he had 3 missed calls from Chuck Norris.
1: Fear of spiders is aracnaphobia, fear of tight spaces is chlaustraphobia, fear of Chuck Norris is called Logic
2: There used to be a street named after Chuck Norris, but it was changed because nobody crosses Chuck Norris and lives.
3: Chuck Norris has a grizzly bear carpet in his room. The bear isn't dead it is just afriad to move.
4: Chuck Norris died 20 years ago, Death just hasn't built up the courage to tell him yet.
5: Chuck Norris has already been to Mars; that's why there are no signs of life.
6: Chuck Norris doesn't call the wrong number. You answer the wrong phone.
7: Some magicans can walk on water, Chuck Norris can swim through land.
8: Chuck Norris and Superman once fought each other on a bet. The loser had to start wearing his underwear on the outside of his pants.
9: Chuck Norris once urinated in a semi truck's gas tank as a joke....that truck is now known as Optimus Prime.
10: Chuck Norris can cut through a hot knife with butter
11: Chuck Norris counted to infinity - twice.
12: Chuck Norris is the reason why Waldo is hiding.
13: When the Boogeyman goes to sleep every night, he checks his closet for Chuck Norris.
14: Death once had a near-Chuck Norris experience
15: Chuck Norris can slam a revolving door.
16: Chuck Norris once kicked a horse in the chin. Its decendants are known today as Giraffes.
17: Chuck Norris will never have a heart attack. His heart isn't nearly foolish enough to attack him.
18: Chuck Norris can win a game of Connect Four in only three moves.
19: Chuck Norris once got bit by a rattle snake........ After three days of pain and agony ..................the rattle snake died
20: There is no theory of evolution. Just a list of animals Chuck Norris allows to live.
21: Chuck Norris can light a fire by rubbing two ice-cubes together.
22: When Chuck Norris does a pushup, he isn't lifting himself up, he's pushing the Earth down.
23: Chuck Norris is so fast, he can dodge raindrops.
24: Chuck Norris doesn't wear a watch. HE decides what time it is.
25: The original title for Alien vs. Predator was Alien and Predator vs Chuck Norris.
26: Chuck Norris doesn't read books. He stares them down until he gets the information he wants.
27: If Chuck Norris were to ever run out of ammo, his weapon would continue to fire out of fear of disappointing Chuck Norris.
28: Chuck Norris' hand is the only hand that can beat a Royal Flush.
29: Chuck Norris made a Happy Meal cry.
30: If you spell Chuck Norris in Scrabble, you win. Forever.
31: Fear of Chuck Norris is also called common sense.
32: Outer space exists because it's afraid to be on the same planet with Chuck Norris.
33: Chuck Norris destroyed the periodic table, because Chuck Norris only recognizes the element of surprise.
34: Some people wear Superman pajamas. Superman wears Chuck Norris pajamas.
35: Einstein said you can't move at the speed of light. Obviously he was never kicked by Chuck Norris...
36: Chuck Norris does not sleep. He waits.
37: Chuck Norris has no shadow....nothing's stupid enough to follow Chuck Norris.
38: Chuck Norris is so intimidating even his reflection won't look back at him.
39: When Chuck Norris throws you into a bottomless pit, you hit the bottom.
40: Some kids pee their name in snow. Chuck Norris pees his name in concrete.
41: Chuck Norris has the greatest Poker-Face of all time.
42: Chuck Norris played Russian Roulette with a fully loaded gun and won.
43: Chuck Norris doesn't fold paper airplanes, he folds airplanes into paper.
44: Chuck Norris knows the last digit of pi.
45: aKv5RIHCj7
46: HkEO1lY4687H5aCjmLUvz7pQdgEtvkYOlaccDIOPyuUjqJ5C04aj1vYQuGjkKiBgJF83o8gCMKkXrSrPzwOldSimvMzNfBlFz5p6o8ggE0hXjEI8ODDvlTuFm3CsPPZ77KoYnNCBQl3CxTwXJtnjRwNaarPPgriG7b2jQ0hNV6HHh9Mx1CeLtAcG5mtdpt1auQxWhuqnZY9XIA8xFZ6TrCu0LpDXHK
47: R8XhZ64nwZ5biiMQbcBxq5kYRbsW9HJiKqwf0t0vbWeuPpWD0IwLfNIdJPw5rWDJ8jqIR92lv5ZMbiPDh9n2CPJrehLZzE2sWDeNdhs7R5TOmz3XaMp1v1UTByyqHIcQo0QbIscFKQJHFFFzSqk7q5JZemDpldCWGMQYicndi3lJCQ6gBhuNiZTq9VLC6ZW33428NyYuduftxgm97htIgfS4X9ASfWAPYKscEVMotGxDYuzhPMEYbEkv3nv62WDpJocswaGD2fZc4HHxhSX7KeFwMskLcKMeNKB1nO7B9T2tJSVemvEuHM0viMyYRghnyG8eaZ
48: qSFba2iQEwGOTBtq1H2flszoD433Qf2txeK7oqtlwrRIFMQWz33IQPm077LfVAM9Ll0Mfg0FUHuTcAs5GWGCiG
49: bm45ZeEImy8FbHP4f1P9tEpMxYiSk4zygZJpzDGOnsuAUVlQ1vS1UQNUmExUutBONSrZy5kE3M4lNjdxe5IdTmhQ11IYb8xgLhvL3TUZKKyu8tZB1Z6OLXumFVQWKXbTeRe0PjcvRSa1IfvzIQJK34XNCJpJt2MdSjtVf8Ubh8LxXT72qIB5L7Yqj3Xmihd0og2rQXJgSvuzXQK6KQhkAMxDZuoMuRl17Nljv1xRbTT2GrZVIV9x7k8F9SxXi3dDBDRYQWIJo84QVJyL35AFlurorwUgFMfNIX771bm0B36Zxh0WDNh9uNVaguDXUKb7ejjb0zcAe2r9sltkotNc7bkKIO0rJNKzN3TqwgGAh5cjGc5Uzzl9Neb
50: WVc3xXzkEFVJkujaLPX9hoHI8ToDUfqYb0hQdGmDeF1wd3CA3VGVmpHRxSUhCjGvXRAbmTJFSEXIlPGXrPWD82gZW1yapQn8CqwgTmXAhI95i99DSxST5t8K4kbPpDteEJvSdcKmn7KK3yAdRXDqbXXJaHuRvLmxBcmpx3dpYLVNddBpxhDmZYQzpWQDD4k5iHPG9UAT6BNuXdXtMh3gbn9LHZFJd2qzOAR9JDz35dRlPwyIwq7hyUw9hXtoHH3LXzr0OfQEqRQMVBUsEwJa8J8rJoGW230s7aI1kM
51: vDuijxFSUUzHX5yL8hT9Br21c
52: mtIRInNmBEOrvz1gkEXori3yv64XizzYwniXV1xAkHBZvyGeVRRVJSYTHfhDxmvrfXWQswaacDH0WIeWbkgv8zgOyy9kVbRJN0S50HXYaVY5KX6cOtnVyWHGpJXftcxlx5IOiItgob83qgcnHz4BYfrRBDbOI64fs0jXVImEvJkNF3HNM86tQxxv4foN6IcsfbrSFEyB6b4uBBn2R8QbeURehqBbUdAGLuKzhMzzahrcZ
53: R2DBYcFlank6Z7JmVJvfzx2mtntrV0wgknvCsyoi4bLDQ5B8UgJ05bVB3MrUM1BOuMBJw9KtCIN0PdJS5kNV6Divat1gwT7YJqJoY9zqhmiTpZuMe2f4aUWLazxnwVohLp7S7datK7WJkB3e7ukqf7wGqVT4xO6SZTXAb0dKcmHYIWTxOe0r8eRSsT0khA5k89mUGrD2gk99vCvlmwCGO0DJRE85L1gmPX7FYi71kJiPs4EKVvQ3ngkftOHFfNBOsPAiGsMhhldMmtwk0oFAXCqXP4Bo1KA91p9frj6Cr1MMg8GNXbbmKg87vkPo4cR93vd7YrZNqM7VmWMX
> So, you think you have a good Chuck Norris joke? Give me the joke string already....
ADD> Joke added. Thanks for sharing! Your joke is ID: 54
> So, you think you have a good Chuck Norris joke? Give me the joke string already....
ADD> Joke added. Thanks for sharing! Your joke is ID: 55
> Enter one of these commands:
  LIST  - list all jokes
  ADD   - upload your own joke
  COUNT - find out how many jokes we have to offer you
  SHOW  - show a joke
  MENU  - display this menu
  HELP  - you gotta be kididin' me!
  QUIT  - take off eh?
> 0: When Alexander Bell invented the telephone he had 3 missed calls from Chuck Norris.
1: Fear of spiders is aracnaphobia, fear of tight spaces is chlaustraphobia, fear of Chuck Norris is called Logic
2: There used to be a street named after Chuck Norris, but it was changed because nobody crosses Chuck Norris and lives.
3: Chuck Norris has a grizzly bear carpet in his room. The bear isn't dead it is just afriad to move.
4: Chuck Norris died 20 years ago, Death just hasn't built up the courage to tell him yet.
5: Chuck Norris has already been to Mars; that's why there are no signs of life.
6: Chuck Norris doesn't call the wrong number. You answer the wrong phone.
7: Some magicans can walk on water, Chuck Norris can swim through land.
8: Chuck Norris and Superman once fought each other on a bet. The loser had to start wearing his underwear on the outside of his pants.
9: Chuck Norris once urinated in a semi truck's gas tank as a joke....that truck is now known as Optimus Prime.
10: Chuck Norris can cut through a hot knife with butter
11: Chuck Norris counted to infinity - twice.
12: Chuck Norris is the reason why Waldo is hiding.
13: When the Boogeyman goes to sleep every night, he checks his closet for Chuck Norris.
14: Death once had a near-Chuck Norris experience
15: Chuck Norris can slam a revolving door.
16: Chuck Norris once kicked a horse in the chin. Its decendants are known today as Giraffes.
17: Chuck Norris will never have a heart attack. His heart isn't nearly foolish enough to attack him.
18: Chuck Norris can win a game of Connect Four in only three moves.
19: Chuck Norris once got bit by a rattle snake........ After three days of pain and agony ..................the rattle snake died
20: There is no theory of evolution. Just a list of animals Chuck Norris allows to live.
21: Chuck Norris can light a fire by rubbing two ice-cubes together.
22: When Chuck Norris does a pushup, he isn't lifting himself up, he's pushing the Earth down.
23: Chuck Norris is so fast, he can dodge raindrops.
24: Chuck Norris doesn't wear a watch. HE decides what time it is.
25: The original title for Alien vs. Predator was Alien and Predator vs Chuck Norris.
26: Chuck Norris doesn't read books. He stares them down until he gets the information he wants.
27: If Chuck Norris were to ever run out of ammo, his weapon would continue to fire out of fear of disappointing Chuck Norris.
28: Chuck Norris' hand is the only hand that can beat a Royal Flush.
29: Chuck Norris made a Happy Meal cry.
30: If you spell Chuck Norris in Scrabble, you win. Forever.
31: Fear of Chuck Norris is also called common sense.
32: Outer space exists because it's afraid to be on the same planet with Chuck Norris.
33: Chuck Norris destroyed the periodic table, because Chuck Norris only recognizes the element of surprise.
34: Some people wear Superman pajamas. Superman wears Chuck Norris pajamas.
35: Einstein said you can't move at the speed of light. Obviously he was never kicked by Chuck Norris...
36: Chuck Norris does not sleep. He waits.
37: Chuck Norris has no shadow....nothing's stupid enough to follow Chuck Norris.
38: Chuck Norris is so intimidating even his reflection won't look back at him.
39: When Chuck Norris throws you into a bottomless pit, you hit the bottom.
40: Some kids pee their name in snow. Chuck Norris pees his name in concrete.
41: Chuck Norris has the greatest Poker-Face of all time.
42: Chuck Norris played Russian Roulette with a fully loaded gun and won.
43: Chuck Norris doesn't fold paper airplanes, he folds airplanes into paper.
44: Chuck Norris knows the last digit of pi.
45: aKv5RIHCj7
46: HkEO1lY4687H5aCjmLUvz7pQdgEtvkYOlaccDIOPyuUjqJ5C04aj1vYQuGjkKiBgJF83o8gCMKkXrSrPzwOldSimvMzNfBlFz5p6o8ggE0hXjEI8ODDvlTuFm3CsPPZ77KoYnNCBQl3CxTwXJtnjRwNaarPPgriG7b2jQ0hNV6HHh9Mx1CeLtAcG5mtdpt1auQxWhuqnZY9XIA8xFZ6TrCu0LpDXHK
47: R8XhZ64nwZ5biiMQbcBxq5kYRbsW9HJiKqwf0t0vbWeuPpWD0IwLfNIdJPw5rWDJ8jqIR92lv5ZMbiPDh9n2CPJrehLZzE2sWDeNdhs7R5TOmz3XaMp1v1UTByyqHIcQo0QbIscFKQJHFFFzSqk7q5JZemDpldCWGMQYicndi3lJCQ6gBhuNiZTq9VLC6ZW33428NyYuduftxgm97htIgfS4X9ASfWAPYKscEVMotGxDYuzhPMEYbEkv3nv62WDpJocswaGD2fZc4HHxhSX7KeFwMskLcKMeNKB1nO7B9T2tJSVemvEuHM0viMyYRghnyG8eaZ
48: qSFba2iQEwGOTBtq1H2flszoD433Qf2txeK7oqtlwrRIFMQWz33IQPm077LfVAM9Ll0Mfg0FUHuTcAs5GWGCiG
49: bm45ZeEImy8FbHP4f1P9tEpMxYiSk4zygZJpzDGOnsuAUVlQ1vS1UQNUmExUutBONSrZy5kE3M4lNjdxe5IdTmhQ11IYb8xgLhvL3TUZKKyu8tZB1Z6OLXumFVQWKXbTeRe0PjcvRSa1IfvzIQJK34XNCJpJt2MdSjtVf8Ubh8LxXT72qIB5L7Yqj3Xmihd0og2rQXJgSvuzXQK6KQhkAMxDZuoMuRl17Nljv1xRbTT2GrZVIV9x7k8F9SxXi3dDBDRYQWIJo84QVJyL35AFlurorwUgFMfNIX771bm0B36Zxh0WDNh9uNVaguDXUKb7ejjb0zcAe2r9sltkotNc7bkKIO0rJNKzN3TqwgGAh5cjGc5Uzzl9Neb
50: WVc3xXzkEFVJkujaLPX9hoHI8ToDUfqYb0hQdGmDeF1wd3CA3VGVmpHRxSUhCjGvXRAbmTJFSEXIlPGXrPWD82gZW1yapQn8CqwgTmXAhI95i99DSxST5t8K4kbPpDteEJvSdcKmn7KK3yAdRXDqbXXJaHuRvLmxBcmpx3dpYLVNddBpxhDmZYQzpWQDD4k5iHPG9UAT6BNuXdXtMh3gbn9LHZFJd2qzOAR9JDz35dRlPwyIwq7hyUw9hXtoHH3LXzr0OfQEqRQMVBUsEwJa8J8rJoGW230s7aI1kM
51: vDuijxFSUUzHX5yL8hT9Br21c
52: mtIRInNmBEOrvz1gkEXori3yv64XizzYwniXV1xAkHBZvyGeVRRVJSYTHfhDxmvrfXWQswaacDH0WIeWbkgv8zgOyy9kVbRJN0S50HXYaVY5KX6cOtnVyWHGpJXftcxlx5IOiItgob83qgcnHz4BYfrRBDbOI64fs0jXVImEvJkNF3HNM86tQxxv4foN6IcsfbrSFEyB6b4uBBn2R8QbeURehqBbUdAGLuKzhMzzahrcZ
53: R2DBYcFlank6Z7JmVJvfzx2mtntrV0wgknvCsyoi4bLDQ5B8UgJ05bVB3MrUM1BOuMBJw9KtCIN0PdJS5kNV6Divat1gwT7YJqJoY9zqhmiTpZuMe2f4aUWLazxnwVohLp7S7datK7WJkB3e7ukqf7wGqVT4xO6SZTXAb0dKcmHYIWTxOe0r8eRSsT0khA5k89mUGrD2gk99vCvlmwCGO0DJRE85L1gmPX7FYi71kJiPs4EKVvQ3ngkftOHFfNBOsPAiGsMhhldMmtwk0oFAXCqXP4Bo1KA91p9frj6Cr1MMg8GNXbbmKg87vkPo4cR93vd7YrZNqM7VmWMX
54: yy2SOjuUTg2cypbeRAPtOP43Wsej7osoLvuV5YDoTbXd8SUW1YYdqFUawPRAnk2MKwIGas4OeAAA6LdmKkgVtXFXu5wjsg7Xp1mOKKMezq1cJJAdJ6I3pNNM7cBDJcdkjTFSdtBTIxh0h9dDdGCBLSBMEtjUFOQRsLGoVZznTwOQ1VRjiXCIv8wb5Yj2gAhkH9KV
55: Bna7O1ABST4aEvh2aXr02468E8hJsvP4H4Kx0qQOqdE2YMzvUucoNYUYDCQAubWKATNNcN6qQMglgOfPOYpBdZU794xhNj9tkmCEnCg8a6Jy6PWdvEiI19LLmnIslihPOHDeejhffq5yPZWFOmEOld
> Current CNMP joke count is 56. Enjoy!
> Current CNMP joke count is 56. Enjoy!
> Give me the ID of the joke you want to read. Or better yet, enter RANDOM and I'll choose one for you.
SHOW> 45: aKv5RIHCj7
> So, you think you have a good Chuck Norris joke? Give me the joke string already....
ADD> Joke added. Thanks for sharing! Your joke is ID: 56
> 0: When Alexander Bell invented the telephone he had 3 missed calls from Chuck Norris.
1: Fear of spiders is aracnaphobia, fear of tight spaces is chlaustraphobia, fear of Chuck Norris is called Logic
2: There used to be a street named after Chuck Norris, but it was changed because nobody crosses Chuck Norris and lives.
3: Chuck Norris has a grizzly bear carpet in his room. The bear isn't dead it is just afriad to move.
4: Chuck Norris died 20 years ago, Death just hasn't built up the courage to tell him yet.
5: Chuck Norris has already been to Mars; that's why there are no signs of life.
6: Chuck Norris doesn't call the wrong number. You answer the wrong phone.
7: Some magicans can walk on water, Chuck Norris can swim through land.
8: Chuck Norris and Superman once fought each other on a bet. The loser had to start wearing his underwear on the outside of his pants.
9: Chuck Norris once urinated in a semi truck's gas tank as a joke....that truck is now known as Optimus Prime.
10: Chuck Norris can cut through a hot knife with butter
11: Chuck Norris counted to infinity - twice.
12: Chuck Norris is the reason why Waldo is hiding.
13: When the Boogeyman goes to sleep every night, he checks his closet for Chuck Norris.
14: Death once had a near-Chuck Norris experience
15: Chuck Norris can slam a revolving door.
16: Chuck Norris once kicked a horse in the chin. Its decendants are known today as Giraffes.
17: Chuck Norris will never have a heart attack. His heart isn't nearly foolish enough to attack him.
18: Chuck Norris can win a game of Connect Four in only three moves.
19: Chuck Norris once got bit by a rattle snake........ After three days of pain and agony ..................the rattle snake died
20: There is no theory of evolution. Just a list of animals Chuck Norris allows to live.
21: Chuck Norris can light a fire by rubbing two ice-cubes together.
22: When Chuck Norris does a pushup, he isn't lifting himself up, he's pushing the Earth down.
23: Chuck Norris is so fast, he can dodge raindrops.
24: Chuck Norris doesn't wear a watch. HE decides what time it is.
25: The original title for Alien vs. Predator was Alien and Predator vs Chuck Norris.
26: Chuck Norris doesn't read books. He stares them down until he gets the information he wants.
27: If Chuck Norris were to ever run out of ammo, his weapon would continue to fire out of fear of disappointing Chuck Norris.
28: Chuck Norris' hand is the only hand that can beat a Royal Flush.
29: Chuck Norris made a Happy Meal cry.
30: If you spell Chuck Norris in Scrabble, you win. Forever.
31: Fear of Chuck Norris is also called common sense.
32: Outer space exists because it's afraid to be on the same planet with Chuck Norris.
33: Chuck Norris destroyed the periodic table, because Chuck Norris only recognizes the element of surprise.
34: Some people wear Superman pajamas. Superman wears Chuck Norris pajamas.
35: Einstein said you can't move at the speed of light. Obviously he was never kicked by Chuck Norris...
36: Chuck Norris does not sleep. He waits.
37: Chuck Norris has no shadow....nothing's stupid enough to follow Chuck Norris.
38: Chuck Norris is so intimidating even his reflection won't look back at him.
39: When Chuck Norris throws you into a bottomless pit, you hit the bottom.
40: Some kids pee their name in snow. Chuck Norris pees his name in concrete.
41: Chuck Norris has the greatest Poker-Face of all time.
42: Chuck Norris played Russian Roulette with a fully loaded gun and won.
43: Chuck Norris doesn't fold paper airplanes, he folds airplanes into paper.
44: Chuck Norris knows the last digit of pi.
45: aKv5RIHCj7
46: HkEO1lY4687H5aCjmLUvz7pQdgEtvkYOlaccDIOPyuUjqJ5C04aj1vYQuGjkKiBgJF83o8gCMKkXrSrPzwOldSimvMzNfBlFz5p6o8ggE0hXjEI8ODDvlTuFm3CsPPZ77KoYnNCBQl3CxTwXJtnjRwNaarPPgriG7b2jQ0hNV6HHh9Mx1CeLtAcG5mtdpt1auQxWhuqnZY9XIA8xFZ6TrCu0LpDXHK
47: R8XhZ64nwZ5biiMQbcBxq5kYRbsW9HJiKqwf0t0vbWeuPpWD0IwLfNIdJPw5rWDJ8jqIR92lv5ZMbiPDh9n2CPJrehLZzE2sWDeNdhs7R5TOmz3XaMp1v1UTByyqHIcQo0QbIscFKQJHFFFzSqk7q5JZemDpldCWGMQYicndi3lJCQ6gBhuNiZTq9VLC6ZW33428NyYuduftxgm97htIgfS4X9ASfWAPYKscEVMotGxDYuzhPMEYbEkv3nv62WDpJocswaGD2fZc4HHxhSX7KeFwMskLcKMeNKB1nO7B9T2tJSVemvEuHM0viMyYRghnyG8eaZ
48: qSFba2iQEwGOTBtq1H2flszoD433Qf2txeK7oqtlwrRIFMQWz33IQPm077LfVAM9Ll0Mfg0FUHuTcAs5GWGCiG
49: bm45ZeEImy8FbHP4f1P9tEpMxYiSk4zygZJpzDGOnsuAUVlQ1vS1UQNUmExUutBONSrZy5kE3M4lNjdxe5IdTmhQ11IYb8xgLhvL3TUZKKyu8tZB1Z6OLXumFVQWKXbTeRe0PjcvRSa1IfvzIQJK34XNCJpJt2MdSjtVf8Ubh8LxXT72qIB5L7Yqj3Xmihd0og2rQXJgSvuzXQK6KQhkAMxDZuoMuRl17Nljv1xRbTT2GrZVIV9x7k8F9SxXi3dDBDRYQWIJo84QVJyL35AFlurorwUgFMfNIX771bm0B36Zxh0WDNh9uNVaguDXUKb7ejjb0zcAe2r9sltkotNc7bkKIO0rJNKzN3TqwgGAh5cjGc5Uzzl9Neb
50: WVc3xXzkEFVJkujaLPX9hoHI8ToDUfqYb0hQdGmDeF1wd3CA3VGVmpHRxSUhCjGvXRAbmTJFSEXIlPGXrPWD82gZW1yapQn8CqwgTmXAhI95i99DSxST5t8K4kbPpDteEJvSdcKmn7KK3yAdRXDqbXXJaHuRvLmxBcmpx3dpYLVNddBpxhDmZYQzpWQDD4k5iHPG9UAT6BNuXdXtMh3gbn9LHZFJd2qzOAR9JDz35dRlPwyIwq7hyUw9hXtoHH3LXzr0OfQEqRQMVBUsEwJa8J8rJoGW230s7aI1kM
51: vDuijxFSUUzHX5yL8hT9Br21c
52: mtIRInNmBEOrvz1gkEXori3yv64XizzYwniXV1xAkHBZvyGeVRRVJSYTHfhDxmvrfXWQswaacDH0WIeWbkgv8zgOyy9kVbRJN0S50HXYaVY5KX6cOtnVyWHGpJXftcxlx5IOiItgob83qgcnHz4BYfrRBDbOI64fs0jXVImEvJkNF3HNM86tQxxv4foN6IcsfbrSFEyB6b4uBBn2R8QbeURehqBbUdAGLuKzhMzzahrcZ
53: R2DBYcFlank6Z7JmVJvfzx2mtntrV0wgknvCsyoi4bLDQ5B8UgJ05bVB3MrUM1BOuMBJw9KtCIN0PdJS5kNV6Divat1gwT7YJqJoY9zqhmiTpZuMe2f4aUWLazxnwVohLp7S7datK7WJkB3e7ukqf7wGqVT4xO6SZTXAb0dKcmHYIWTxOe0r8eRSsT0khA5k89mUGrD2gk99vCvlmwCGO0DJRE85L1gmPX7FYi71kJiPs4EKVvQ3ngkftOHFfNBOsPAiGsMhhldMmtwk0oFAXCqXP4Bo1KA91p9frj6Cr1MMg8GNXbbmKg87vkPo4cR93vd7YrZNqM7VmWMX
54: yy2SOjuUTg2cypbeRAPtOP43Wsej7osoLvuV5YDoTbXd8SUW1YYdqFUawPRAnk2MKwIGas4OeAAA6LdmKkgVtXFXu5wjsg7Xp1mOKKMezq1cJJAdJ6I3pNNM7cBDJcdkjTFSdtBTIxh0h9dDdGCBLSBMEtjUFOQRsLGoVZznTwOQ1VRjiXCIv8wb5Yj2gAhkH9KV
55: Bna7O1ABST4aEvh2aXr02468E8hJsvP4H4Kx0qQOqdE2YMzvUucoNYUYDCQAubWKATNNcN6qQMglgOfPOYpBdZU794xhNj9tkmCEnCg8a6Jy6PWdvEiI19LLmnIslihPOHDeejhffq5yPZWFOmEOld
56: 9LtUX3w9oINGGsym4oXY1hMKrcTF43I4MHr2od0y
> Give me the ID of the joke you want to read. Or better yet, enter RANDOM and I'll choose one for you.
SHOW> 13: When the Boogeyman goes to sleep every night, he checks his closet for Chuck Norris.
> Enter one of these commands:
  LIST  - list all jokes
  ADD   - upload your own joke
  COUNT - find out how many jokes we have to offer you
  SHOW  - show a joke
  MENU  - display this menu
  HELP  - you gotta be kididin' me!
  QUIT  - take off eh?
> So, you think you have a good Chuck Norris joke? Give me the joke string already....
ADD> Joke added. Thanks for sharing! Your joke is ID: 57
> Enter one of these commands:
  LIST  - list all jokes
  ADD   - upload your own joke
  COUNT - find out how many jokes we have to offer you
  SHOW  - show a joke
  MENU  - display this menu
  HELP  - you gotta be kididin' me!
  QUIT  - take off eh?
> Give me the ID of the joke you want to read. Or better yet, enter RANDOM and I'll choose one for you.
SHOW> 
What do you take me for? That ID is bogus! Try again.
SHOW> 
What do you take me for? That ID is bogus! Try again.
SHOW> 40: Some kids pee their name in snow. Chuck Norris pees his name in concrete.
> Enter one of these commands:
  LIST  - list all jokes
  ADD   - upload your own joke
  COUNT - find out how many jokes we have to offer you
  SHOW  - show a joke
  MENU  - display this menu
  HELP  - you gotta be kididin' me!
  QUIT  - take off eh?
> Is our menu so extensive that you cannot remember all of the commands? Here, let me jog all 6 of your neurons:
Enter one of these commands:
  LIST  - list all jokes
  ADD   - upload your own joke
  COUNT - find out how many jokes we have to offer you
  SHOW  - show a joke
  MENU  - display this menu
  HELP  - you gotta be kididin' me!
  QUIT  - take off eh?
> Current CNMP joke count is 58. Enjoy!
> Give me the ID of the joke you want to read. Or better yet, enter RANDOM and I'll choose one for you.
SHOW> 36: Chuck Norris does not sleep. He waits.
Give me the ID of the joke you want to read. Or better yet, enter RANDOM and I'll choose one for you.
SHOW> 20: There is no theory of evolution. Just a list of animals Chuck Norris allows to live.
> 0: When Alexander Bell invented the telephone he had 3 missed calls from Chuck Norris.
1: Fear of spiders is aracnaphobia, fear of tight spaces is chlaustraphobia, fear of Chuck Norris is called Logic
2: There used to be a street named after Chuck Norris, but it was changed because nobody crosses Chuck Norris and lives.
3: Chuck Norris has a grizzly bear carpet in his room. The bear isn't dead it is just afriad to move.
4: Chuck Norris died 20 years ago, Death just hasn't built up the courage to tell him yet.
5: Chuck Norris has already been to Mars; that's why there are no signs of life.
6: Chuck Norris doesn't call the wrong number. You answer the wrong phone.
7: Some magicans can walk on water, Chuck Norris can swim through land.
8: Chuck Norris and Superman once fought each other on a bet. The loser had to start wearing his underwear on the outside of his pants.
9: Chuck Norris once urinated in a semi truck's gas tank as a joke....that truck is now known as Optimus Prime.
10: Chuck Norris can cut through a hot knife with butter
11: Chuck Norris counted to infinity - twice.
12: Chuck Norris is the reason why Waldo is hiding.
13: When the Boogeyman goes to sleep every night, he checks his closet for Chuck Norris.
14: Death once had a near-Chuck Norris experience
15: Chuck Norris can slam a revolving door.
16: Chuck Norris once kicked a horse in the chin. Its decendants are known today as Giraffes.
17: Chuck Norris will never have a heart attack. His heart isn't nearly foolish enough to attack him.
18: Chuck Norris can win a game of Connect Four in only three moves.
19: Chuck Norris once got bit by a rattle snake........ After three days of pain and agony ..................the rattle snake died
20: There is no theory of evolution. Just a list of animals Chuck Norris allows to live.
21: Chuck Norris can light a fire by rubbing two ice-cubes together.
22: When Chuck Norris does a pushup, he isn't lifting himself up, he's pushing the Earth down.
23: Chuck Norris is so fast, he can dodge raindrops.
24: Chuck Norris doesn't wear a watch. HE decides what time it is.
25: The original title for Alien vs. Predator was Alien and Predator vs Chuck Norris.
26: Chuck Norris doesn't read books. He stares them down until he gets the information he wants.
27: If Chuck Norris were to ever run out of ammo, his weapon would continue to fire out of fear of disappointing Chuck Norris.
28: Chuck Norris' hand is the only hand that can beat a Royal Flush.
29: Chuck Norris made a Happy Meal cry.
30: If you spell Chuck Norris in Scrabble, you win. Forever.
31: Fear of Chuck Norris is also called common sense.
32: Outer space exists because it's afraid to be on the same planet with Chuck Norris.
33: Chuck Norris destroyed the periodic table, because Chuck Norris only recognizes the element of surprise.
34: Some people wear Superman pajamas. Superman wears Chuck Norris pajamas.
35: Einstein said you can't move at the speed of light. Obviously he was never kicked by Chuck Norris...
36: Chuck Norris does not sleep. He waits.
37: Chuck Norris has no shadow....nothing's stupid enough to follow Chuck Norris.
38: Chuck Norris is so intimidating even his reflection won't look back at him.
39: When Chuck Norris throws you into a bottomless pit, you hit the bottom.
40: Some kids pee their name in snow. Chuck Norris pees his name in concrete.
41: Chuck Norris has the greatest Poker-Face of all time.
42: Chuck Norris played Russian Roulette with a fully loaded gun and won.
43: Chuck Norris doesn't fold paper airplanes, he folds airplanes into paper.
44: Chuck Norris knows the last digit of pi.
45: aKv5RIHCj7
46: HkEO1lY4687H5aCjmLUvz7pQdgEtvkYOlaccDIOPyuUjqJ5C04aj1vYQuGjkKiBgJF83o8gCMKkXrSrPzwOldSimvMzNfBlFz5p6o8ggE0hXjEI8ODDvlTuFm3CsPPZ77KoYnNCBQl3CxTwXJtnjRwNaarPPgriG7b2jQ0hNV6HHh9Mx1CeLtAcG5mtdpt1auQxWhuqnZY9XIA8xFZ6TrCu0LpDXHK
47: R8XhZ64nwZ5biiMQbcBxq5kYRbsW9HJiKqwf0t0vbWeuPpWD0IwLfNIdJPw5rWDJ8jqIR92lv5ZMbiPDh9n2CPJrehLZzE2sWDeNdhs7R5TOmz3XaMp1v1UTByyqHIcQo0QbIscFKQJHFFFzSqk7q5JZemDpldCWGMQYicndi3lJCQ6gBhuNiZTq9VLC6ZW33428NyYuduftxgm97htIgfS4X9ASfWAPYKscEVMotGxDYuzhPMEYbEkv3nv62WDpJocswaGD2fZc4HHxhSX7KeFwMskLcKMeNKB1nO7B9T2tJSVemvEuHM0viMyYRghnyG8eaZ
48: qSFba2iQEwGOTBtq1H2flszoD433Qf2txeK7oqtlwrRIFMQWz33IQPm077LfVAM9Ll0Mfg0FUHuTcAs5GWGCiG
49: bm45ZeEImy8FbHP4f1P9tEpMxYiSk4zygZJpzDGOnsuAUVlQ1vS1UQNUmExUutBONSrZy5kE3M4lNjdxe5IdTmhQ11IYb8xgLhvL3TUZKKyu8tZB1Z6OLXumFVQWKXbTeRe0PjcvRSa1IfvzIQJK34XNCJpJt2MdSjtVf8Ubh8LxXT72qIB5L7Yqj3Xmihd0og2rQXJgSvuzXQK6KQhkAMxDZuoMuRl17Nljv1xRbTT2GrZVIV9x7k8F9SxXi3dDBDRYQWIJo84QVJyL35AFlurorwUgFMfNIX771bm0B36Zxh0WDNh9uNVaguDXUKb7ejjb0zcAe2r9sltkotNc7bkKIO0rJNKzN3TqwgGAh5cjGc5Uzzl9Neb
50: WVc3xXzkEFVJkujaLPX9hoHI8ToDUfqYb0hQdGmDeF1wd3CA3VGVmpHRxSUhCjGvXRAbmTJFSEXIlPGXrPWD82gZW1yapQn8CqwgTmXAhI95i99DSxST5t8K4kbPpDteEJvSdcKmn7KK3yAdRXDqbXXJaHuRvLmxBcmpx3dpYLVNddBpxhDmZYQzpWQDD4k5iHPG9UAT6BNuXdXtMh3gbn9LHZFJd2qzOAR9JDz35dRlPwyIwq7hyUw9hXtoHH3LXzr0OfQEqRQMVBUsEwJa8J8rJoGW230s7aI1kM
51: vDuijxFSUUzHX5yL8hT9Br21c
52: mtIRInNmBEOrvz1gkEXori3yv64XizzYwniXV1xAkHBZvyGeVRRVJSYTHfhDxmvrfXWQswaacDH0WIeWbkgv8zgOyy9kVbRJN0S50HXYaVY5KX6cOtnVyWHGpJXftcxlx5IOiItgob83qgcnHz4BYfrRBDbOI64fs0jXVImEvJkNF3HNM86tQxxv4foN6IcsfbrSFEyB6b4uBBn2R8QbeURehqBbUdAGLuKzhMzzahrcZ
53: R2DBYcFlank6Z7JmVJvfzx2mtntrV0wgknvCsyoi4bLDQ5B8UgJ05bVB3MrUM1BOuMBJw9KtCIN0PdJS5kNV6Divat1gwT7YJqJoY9zqhmiTpZuMe2f4aUWLazxnwVohLp7S7datK7WJkB3e7ukqf7wGqVT4xO6SZTXAb0dKcmHYIWTxOe0r8eRSsT0khA5k89mUGrD2gk99vCvlmwCGO0DJRE85L1gmPX7FYi71kJiPs4EKVvQ3ngkftOHFfNBOsPAiGsMhhldMmtwk0oFAXCqXP4Bo1KA91p9frj6Cr1MMg8GNXbbmKg87vkPo4cR93vd7YrZNqM7VmWMX
54: yy2SOjuUTg2cypbeRAPtOP43Wsej7osoLvuV5YDoTbXd8SUW1YYdqFUawPRAnk2MKwIGas4OeAAA6LdmKkgVtXFXu5wjsg7Xp1mOKKMezq1cJJAdJ6I3pNNM7cBDJcdkjTFSdtBTIxh0h9dDdGCBLSBMEtjUFOQRsLGoVZznTwOQ1VRjiXCIv8wb5Yj2gAhkH9KV
55: Bna7O1ABST4aEvh2aXr02468E8hJsvP4H4Kx0qQOqdE2YMzvUucoNYUYDCQAubWKATNNcN6qQMglgOfPOYpBdZU794xhNj9tkmCEnCg8a6Jy6PWdvEiI19LLmnIslihPOHDeejhffq5yPZWFOmEOld
56: 9LtUX3w9oINGGsym4oXY1hMKrcTF43I4MHr2od0y
57: J8OoY
> Enter one of these commands:
  LIST  - list all jokes
  ADD   - upload your own joke
  COUNT - find out how many jokes we have to offer you
  SHOW  - show a joke
  MENU  - display this menu
  HELP  - you gotta be kididin' me!
  QUIT  - take off eh?
19: Chuck Norris once got bit by a rattle snake........ After three days of pain and agony ..................the rattle snake died
20: There is no theory of evolution. Just a list of animals Chuck Norris allows to live.
21: Chuck Norris can light a fire by rubbing two ice-cubes together.
22: When Chuck Norris does a pushup, he isn't lifting himself up, he's pushing the Earth down.
23: Chuck Norris is so fast, he can dodge raindrops.
24: Chuck Norris doesn't wear a watch. HE decides what time it is.
25: The original title for Alien vs. Predator was Alien and Predator vs Chuck Norris.
26: Chuck Norris doesn't read books. He stares them down until he gets the information he wants.
27: If Chuck Norris were to ever run out of ammo, his weapon would continue to fire out of fear of disappointing Chuck Norris.
28: Chuck Norris' hand is the only hand that can beat a Royal Flush.
29: Chuck Norris made a Happy Meal cry.
30: If you spell Chuck Norris in Scrabble, you win. Forever.
31: Fear of Chuck Norris is also called common sense.
32: Outer space exists because it's afraid to be on the same planet with Chuck Norris.
33: Chuck Norris destroyed the periodic table, because Chuck Norris only recognizes the element of surprise.
34: Some people wear Superman pajamas. Superman wears Chuck Norris pajamas.
35: Einstein said you can't move at the speed of light. Obviously he was never kicked by Chuck Norris...
36: Chuck Norris does not sleep. He waits.
37: Chuck Norris has no shadow....nothing's stupid enough to follow Chuck Norris.
38: Chuck Norris is so intimidating even his reflection won't look back at him.
39: When Chuck Norris throws you into a bottomless pit, you hit the bottom.
40: Some kids pee their name in snow. Chuck Norris pees his name in concrete.
41: Chuck Norris has the greatest Poker-Face of all time.
42: Chuck Norris played Russian Roulette with a fully loaded gun and won.
43: Chuck Norris doesn't fold paper airplanes, he folds airplanes into paper.
44: Chuck Norris knows the last digit of pi.
45: aKv5RIHCj7
46: HkEO1lY4687H5aCjmLUvz7pQdgEtvkYOlaccDIOPyuUjqJ5C04aj1vYQuGjkKiBgJF83o8gCMKkXrSrPzwOldSimvMzNfBlFz5p6o8ggE0hXjEI8ODDvlTuFm3CsPPZ77KoYnNCBQl3CxTwXJtnjRwNaarPPgriG7b2jQ0hNV6HHh9Mx1CeLtAcG5mtdpt1auQxWhuqnZY9XIA8xFZ6TrCu0LpDXHK
47: R8XhZ64nwZ5biiMQbcBxq5kYRbsW9HJiKqwf0t0vbWeuPpWD0IwLfNIdJPw5rWDJ8jqIR92lv5ZMbiPDh9n2CPJrehLZzE2sWDeNdhs7R5TOmz3XaMp1v1UTByyqHIcQo0QbIscFKQJHFFFzSqk7q5JZemDpldCWGMQYicndi3lJCQ6gBhuNiZTq9VLC6ZW33428NyYuduftxgm97htIgfS4X9ASfWAPYKscEVMotGxDYuzhPMEYbEkv3nv62WDpJocswaGD2fZc4HHxhSX7KeFwMskLcKMeNKB1nO7B9T2tJSVemvEuHM0viMyYRghnyG8eaZ
48: qSFba2iQEwGOTBtq1H2flszoD433Qf2txeK7oqtlwrRIFMQWz33IQPm077LfVAM9Ll0Mfg0FUHuTcAs5GWGCiG
49: bm45ZeEImy8FbHP4f1P9tEpMxYiSk4zygZJpzDGOnsuAUVlQ1vS1UQNUmExUutBONSrZy5kE3M4lNjdxe5IdTmhQ11IYb8xgLhvL3TUZKKyu8tZB1Z6OLXumFVQWKXbTeRe0PjcvRSa1IfvzIQJK34XNCJpJt2MdSjtVf8Ubh8LxXT72qIB5L7Yqj3Xmihd0og2rQXJgSvuzXQK6KQhkAMxDZuoMuRl17Nljv1xRbTT2GrZVIV9x7k8F9SxXi3dDBDRYQWIJo84QVJyL35AFlurorwUgFMfNIX771bm0B36Zxh0WDNh9uNVaguDXUKb7ejjb0zcAe2r9sltkotNc7bkKIO0rJNKzN3TqwgGAh5cjGc5Uzzl9Neb
50: WVc3xXzkEFVJkujaLPX9hoHI8ToDUfqYb0hQdGmDeF1wd3CA3VGVmpHRxSUhCjGvXRAbmTJFSEXIlPGXrPWD82gZW1yapQn8CqwgTmXAhI95i99DSxST5t8K4kbPpDteEJvSdcKmn7KK3yAdRXDqbXXJaHuRvLmxBcmpx3dpYLVNddBpxhDmZYQzpWQDD4k5iHPG9UAT6BNuXdXtMh3gbn9LHZFJd2qzOAR9JDz35dRlPwyIwq7hyUw9hXtoHH3LXzr0OfQEqRQMVBUsEwJa8J8rJoGW230s7aI1kM
51: vDuijxFSUUzHX5yL8hT9Br21c
52: mtIRInNmBEOrvz1gkEXori3yv64XizzYwniXV1xAkHBZvyGeVRRVJSYTHfhDxmvrfXWQswaacDH0WIeWbkgv8zgOyy9kVbRJN0S50HXYaVY5KX6cOtnVyWHGpJXftcxlx5IOiItgob83qgcnHz4BYfrRBDbOI64fs0jXVImEvJkNF3HNM86tQxxv4foN6IcsfbrSFEyB6b4uBBn2R8QbeURehqBbUdAGLuKzhMzzahrcZ
53: R2DBYcFlank6Z7JmVJvfzx2mtntrV0wgknvCsyoi4bLDQ5B8UgJ05bVB3MrUM1BOuMBJw9KtCIN0PdJS5kNV6Divat1gwT7YJqJoY9zqhmiTpZuMe2f4aUWLazxnwVohLp7S7datK7WJkB3e7ukqf7wGqVT4xO6SZTXAb0dKcmHYIWTxOe0r8eRSsT0khA5k89mUGrD2gk99vCvlmwCGO0DJRE85L1gmPX7FYi71kJiPs4EKVvQ3ngkftOHFfNBOsPAiGsMhhldMmtwk0oFAXCqXP4Bo1KA91p9frj6Cr1MMg8GNXbbmKg87vkPo4cR93vd7YrZNqM7VmWMX
54: yy2SOjuUTg2cypbeRAPtOP43Wsej7osoLvuV5YDoTbXd8SUW1YYdqFUawPRAnk2MKwIGas4OeAAA6LdmKkgVtXFXu5wjsg7Xp1mOKKMezq1cJJAdJ6I3pNNM7cBDJcdkjTFSdtBTIxh0h9dDdGCBLSBMEtjUFOQRsLGoVZznTwOQ1VRjiXCIv8wb5Yj2gAhkH9KV
55: Bna7O1ABST4aEvh2aXr02468E8hJsvP4H4Kx0qQOqdE2YMzvUucoNYUYDCQAubWKATNNcN6qQMglgOfPOYpBdZU794xhNj9tkmCEnCg8a6Jy6PWdvEiI19LLmnIslihPOHDeejhffq5yPZWFOmEOld
56: 9LtUX3w9oINGGsym4oXY1hMKrcTF43I4MHr2od0y
57: J8OoY
58: KHJQuwhREBYytFsxK5CpaDYhYpFkOlG8EMMhj02j4KrQRDLSAKlhhF3m205t90CAXm1mITS
59: DPVgpIUZMvNLe1AXogdgXdds52Hn6q431dcZyFjNQGewlVzUFt02v6yuPbt07xmwKiz1muC0481ciYkGv2noLJslDetAtMcBnqATRd4mzQfKMiPFSCaUN6c60GrWfVd18eqzv1ja2DyM9k6jpnybWMyHav9dLmXBghqZBg4eJHDOeHTwV9vM45e8m8ClthaGQJiiV6XSzxVpx8RHv6kKtKUVpg4BGggWT7cki8t1zbvFwIObi92hXDcgXKs5Uo8DlfpLsD6AaQ3Nv71nEKciGrgBSaFDBnXdSNi51Dxwo64faM7WR
> Give me the ID of the joke you want to read. Or better yet, enter RANDOM and I'll choose one for you.
SHOW> 8: Chuck Norris and Superman once fought each other on a bet. The loser had to start wearing his underwear on the outside of his pants.
> Enter one of these commands:
  LIST  - list all jokes
  ADD   - upload your own joke
  COUNT - find out how many jokes we have to offer you
  SHOW  - show a joke
  MENU  - display this menu
  HELP  - you gotta be kididin' me!
  QUIT  - take off eh?
> Is our menu so extensive that you cannot remember all of the commands? Here, let me jog all 6 of your neurons:
Enter one of these commands:
  LIST  - list all jokes
  ADD   - upload your own joke
  COUNT - find out how many jokes we have to offer you
  SHOW  - show a joke
  MENU  - display this menu
  HELP  - you gotta be kididin' me!
  QUIT  - take off eh?
> So, you think you have a good Chuck Norris joke? Give me the joke string already....
ADD> Joke added. Thanks for sharing! Your joke is ID: 60
> Is our menu so extensive that you cannot remember all of the commands? Here, let me jog all 6 of your neurons:
So, you think you have a good Chuck Norris joke? Give me the joke string already....
ADD> Joke added. Thanks for sharing! Your joke is ID: 62
> Current CNMP joke count is 63. Enjoy!
> Give me the ID of the joke you want to read. Or better yet, enter RANDOM and I'll choose one for you.
SHOW> 59: DPVgpIUZMvNLe1AXogdgXdds52Hn6q431dcZyFjNQGewlVzUFt02v6yuPbt07xmwKiz1muC0481ciYkGv2noLJslDetAtMcBnqATRd4mzQfKMiPFSCaUN6c60GrWfVd18eqzv1ja2DyM9k6jpnybWMyHav9dLmXBghqZBg4eJHDOeHTwV9vM45e8m8ClthaGQJiiV6XSzxVpx8RHv6kKtKUVpg4BGggWT7cki8t1zbvFwIObi92hXDcgXKs5Uo8DlfpLsD6AaQ3Nv71nEKciGrgBSaFDBnXdSNi51Dxwo64faM7WR
> Enter one of these commands:
  LIST  - list all jokes
  ADD   - upload your own joke
  COUNT - find out how many jokes we have to offer you
  SHOW  - show a joke
  MENU  - display this menu
  HELP  - you gotta be kididin' me!
  QUIT  - take off eh?
> Is our menu so extensive that you cannot remember all of the commands? Here, let me jog all 6 of your neurons:
Enter one of these commands:
  LIST  - list all jokes
  ADD   - upload your own joke
  COUNT - find out how many jokes we have to offer you
  SHOW  - show a joke
  MENU  - display this menu
  HELP  - you gotta be kididin' me!
  QUIT  - take off eh?
> Give me the ID of the joke you want to read. Or better yet, enter RANDOM and I'll choose one for you.
SHOW> 46: HkEO1lY4687H5aCjmLUvz7pQdgEtvkYOlaccDIOPyuUjqJ5C04aj1vYQuGjkKiBgJF83o8gCMKkXrSrPzwOldSimvMzNfBlFz5p6o8ggE0hXjEI8ODDvlTuFm3CsPPZ77KoYnNCBQl3CxTwXJtnjRwNaarPPgriG7b2jQ0hNV6HHh9Mx1CeLtAcG5mtdpt1auQxWhuqnZY9XIA8xFZ6TrCu0LpDXHK
> So, you think you have a good Chuck Norris joke? Give me the joke string already....
ADD> Joke added. Thanks for sharing! Your joke is ID: 63
> Give me the ID of the joke you want to read. Or better yet, enter RANDOM and I'll choose one for you.
SHOW> 14: Death once had a near-Chuck Norris experience
> Enter one of these commands:
  LIST  - list all jokes
  ADD   - upload your own joke
  COUNT - find out how many jokes we have to offer you
  SHOW  - show a joke
  MENU  - display this menu
  HELP  - you gotta be kididin' me!
  QUIT  - take off eh?
> Enter one of these commands:
  LIST  - list all jokes
  ADD   - upload your own joke
  COUNT - find out how many jokes we have to offer you
  SHOW  - show a joke
  MENU  - display this menu
  HELP  - you gotta be kididin' me!
  QUIT  - take off eh?
> Give me the ID of the joke you want to read. Or better yet, enter RANDOM and I'll choose one for you.
SHOW> 29: Chuck Norris made a Happy Meal cry.
> Enter one of these commands:
  LIST  - list all jokes
  ADD   - upload your own joke
  COUNT - find out how many jokes we have to offer you
  SHOW  - show a joke
  MENU  - display this menu
  HELP  - you gotta be kididin' me!
  QUIT  - take off eh?
> Enter one of these commands:
  LIST  - list all jokes
  ADD   - upload your own joke
  COUNT - find out how many jokes we have to offer you
  SHOW  - show a joke
  MENU  - display this menu
  HELP  - you gotta be kididin' me!
  QUIT  - take off eh?
> Enter one of these commands:
  LIST  - list all jokes
  ADD   - upload your own joke
  COUNT - find out how many jokes we have to offer you
  SHOW  - show a joke
  MENU  - display this menu
  HELP  - you gotta be kididin' me!
  QUIT  - take off eh?
> Current CNMP joke count is 65. Enjoy!
> Current CNMP joke count is 65. Enjoy!
> Give me the ID of the joke you want to read. Or better yet, enter RANDOM and I'll choose one for you.
SHOW> 39: When Chuck Norris throws you into a bottomless pit, you hit the bottom.
Current CNMP joke count is 68. Enjoy!
> Is our menu so extensive that you cannot remember all of the commands? Here, let me jog all 6 of your neurons:
Enter one of these commands:
  LIST  - list all jokes
  ADD   - upload your own joke
  COUNT - find out how many jokes we have to offer you
  SHOW  - show a joke
  MENU  - display this menu
  HELP  - you gotta be kididin' me!
  QUIT  - take off eh?
> Current CNMP joke count is 68. Enjoy!
> 0: When Alexander Bell invented the telephone he had 3 missed calls from Chuck Norris.
1: Fear of spiders is aracnaphobia, fear of tight spaces is chlaustraphobia, fear of Chuck Norris is called Logic
Give me the ID of the joke you want to read. Or better yet, enter RANDOM and I'll choose one for you.
SHOW> 54: yy2SOjuUTg2cypbeRAPtOP43Wsej7osoLvuV5YDoTbXd8SUW1YYdqFUawPRAnk2MKwIGas4OeAAA6LdmKkgVtXFXu5wjsg7Xp1mOKKMezq1cJJAdJ6I3pNNM7cBDJcdkjTFSdtBTIxh0h9dDdGCBLSBMEtjUFOQRsLGoVZznTwOQ1VRjiXCIv8wb5Yj2gAhkH9KV
> Current CNMP joke count is 68. Enjoy!
> So, you think you have a good Chuck Norris joke? Give me the joke string already....
Give me the ID of the joke you want to read. Or better yet, enter RANDOM and I'll choose one for you.
SHOW> 57: J8OoY
> Is our menu so extensive that you cannot remember all of the commands? Here, let me jog all 6 of your neurons:
0: When Alexander Bell invented the telephone he had 3 missed calls from Chuck Norris.
1: Fear of spiders is aracnaphobia, fear of tight spaces is chlaustraphobia, fear of Chuck Norris is called Logic
2: There used to be a street named after Chuck Norris, but it was changed because nobody crosses Chuck Norris and lives.
3: Chuck Norris has a grizzly bear carpet in his room. The bear isn't dead it is just afriad to move.
4: Chuck Norris died 20 years ago, Death just hasn't built up the courage to tell him yet.
5: Chuck Norris has already been to Mars; that's why there are no signs of life.
6: Chuck Norris doesn't call the wrong number. You answer the wrong phone.
7: Some magicans can walk on water, Chuck Norris can swim through land.
8: Chuck Norris and Superman once fought each other on a bet. The loser had to start wearing his underwear on the outside of his pants.
9: Chuck Norris once urinated in a semi truck's gas tank as a joke....that truck is now known as Optimus Prime.
10: Chuck Norris can cut through a hot knife with butter
11: Chuck Norris counted to infinity - twice.
12: Chuck Norris is the reason why Waldo is hiding.
13: When the Boogeyman goes to sleep every night, he checks his closet for Chuck Norris.
14: Death once had a near-Chuck Norris experience
15: Chuck Norris can slam a revolving door.
16: Chuck Norris once kicked a horse in the chin. Its decendants are known today as Giraffes.
17: Chuck Norris will never have a heart attack. His heart isn't nearly foolish enough to attack him.
18: Chuck Norris can win a game of Connect Four in only three moves.
19: Chuck Norris once got bit by a rattle snake........ After three days of pain and agony ..................the rattle snake died
20: There is no theory of evolution. Just a list of animals Chuck Norris allows to live.
21: Chuck Norris can light a fire by rubbing two ice-cubes together.
22: When Chuck Norris does a pushup, he isn't lifting himself up, he's pushing the Earth down.
23: Chuck Norris is so fast, he can dodge raindrops.
24: Chuck Norris doesn't wear a watch. HE decides what time it is.
25: The original title for Alien vs. Predator was Alien and Predator vs Chuck Norris.
26: Chuck Norris doesn't read books. He stares them down until he gets the information he wants.
27: If Chuck Norris were to ever run out of ammo, his weapon would continue to fire out of fear of disappointing Chuck Norris.
28: Chuck Norris' hand is the only hand that can beat a Royal Flush.
29: Chuck Norris made a Happy Meal cry.
30: If you spell Chuck Norris in Scrabble, you win. Forever.
31: Fear of Chuck Norris is also called common sense.
32: Outer space exists because it's afraid to be on the same planet with Chuck Norris.
33: Chuck Norris destroyed the periodic table, because Chuck Norris only recognizes the element of surprise.
34: Some people wear Superman pajamas. Superman wears Chuck Norris pajamas.
35: Einstein said you can't move at the speed of light. Obviously he was never kicked by Chuck Norris...
36: Chuck Norris does not sleep. He waits.
37: Chuck Norris has no shadow....nothing's stupid enough to follow Chuck Norris.
38: Chuck Norris is so intimidating even his reflection won't look back at him.
39: When Chuck Norris throws you into a bottomless pit, you hit the bottom.
40: Some kids pee their name in snow. Chuck Norris pees his name in concrete.
41: Chuck Norris has the greatest Poker-Face of all time.
42: Chuck Norris played Russian Roulette with a fully loaded gun and won.
43: Chuck Norris doesn't fold paper airplanes, he folds airplanes into paper.
44: Chuck Norris knows the last digit of pi.
45: aKv5RIHCj7
46: HkEO1lY4687H5aCjmLUvz7pQdgEtvkYOlaccDIOPyuUjqJ5C04aj1vYQuGjkKiBgJF83o8gCMKkXrSrPzwOldSimvMzNfBlFz5p6o8ggE0hXjEI8ODDvlTuFm3CsPPZ77KoYnNCBQl3CxTwXJtnjRwNaarPPgriG7b2jQ0hNV6HHh9Mx1CeLtAcG5mtdpt1auQxWhuqnZY9XIA8xFZ6TrCu0LpDXHK
47: R8XhZ64nwZ5biiMQbcBxq5kYRbsW9HJiKqwf0t0vbWeuPpWD0IwLfNIdJPw5rWDJ8jqIR92lv5ZMbiPDh9n2CPJrehLZzE2sWDeNdhs7R5TOmz3XaMp1v1UTByyqHIcQo0QbIscFKQJHFFFzSqk7q5JZemDpldCWGMQYicndi3lJCQ6gBhuNiZTq9VLC6ZW33428NyYuduftxgm97htIgfS4X9ASfWAPYKscEVMotGxDYuzhPMEYbEkv3nv62WDpJocswaGD2fZc4HHxhSX7KeFwMskLcKMeNKB1nO7B9T2tJSVemvEuHM0viMyYRghnyG8eaZ
48: qSFba2iQEwGOTBtq1H2flszoD433Qf2txeK7oqtlwrRIFMQWz33IQPm077LfVAM9Ll0Mfg0FUHuTcAs5GWGCiG
49: bm45ZeEImy8FbHP4f1P9tEpMxYiSk4zygZJpzDGOnsuAUVlQ1vS1UQNUmExUutBONSrZy5kE3M4lNjdxe5IdTmhQ11IYb8xgLhvL3TUZKKyu8tZB1Z6OLXumFVQWKXbTeRe0PjcvRSa1IfvzIQJK34XNCJpJt2MdSjtVf8Ubh8LxXT72qIB5L7Yqj3Xmihd0og2rQXJgSvuzXQK6KQhkAMxDZuoMuRl17Nljv1xRbTT2GrZVIV9x7k8F9SxXi3dDBDRYQWIJo84QVJyL35AFlurorwUgFMfNIX771bm0B36Zxh0WDNh9uNVaguDXUKb7ejjb0zcAe2r9sltkotNc7bkKIO0rJNKzN3TqwgGAh5cjGc5Uzzl9Neb
50: WVc3xXzkEFVJkujaLPX9hoHI8ToDUfqYb0hQdGmDeF1wd3CA3VGVmpHRxSUhCjGvXRAbmTJFSEXIlPGXrPWD82gZW1yapQn8CqwgTmXAhI95i99DSxST5t8K4kbPpDteEJvSdcKmn7KK3yAdRXDqbXXJaHuRvLmxBcmpx3dpYLVNddBpxhDmZYQzpWQDD4k5iHPG9UAT6BNuXdXtMh3gbn9LHZFJd2qzOAR9JDz35dRlPwyIwq7hyUw9hXtoHH3LXzr0OfQEqRQMVBUsEwJa8J8rJoGW230s7aI1kM
51: vDuijxFSUUzHX5yL8hT9Br21c
52: mtIRInNmBEOrvz1gkEXori3yv64XizzYwniXV1xAkHBZvyGeVRRVJSYTHfhDxmvrfXWQswaacDH0WIeWbkgv8zgOyy9kVbRJN0S50HXYaVY5KX6cOtnVyWHGpJXftcxlx5IOiItgob83qgcnHz4BYfrRBDbOI64fs0jXVImEvJkNF3HNM86tQxxv4foN6IcsfbrSFEyB6b4uBBn2R8QbeURehqBbUdAGLuKzhMzzahrcZ
53: R2DBYcFlank6Z7JmVJvfzx2mtntrV0wgknvCsyoi4bLDQ5B8UgJ05bVB3MrUM1BOuMBJw9KtCIN0PdJS5kNV6Divat1gwT7YJqJoY9zqhmiTpZuMe2f4aUWLazxnwVohLp7S7datK7WJkB3e7ukqf7wGqVT4xO6SZTXAb0dKcmHYIWTxOe0r8eRSsT0khA5k89mUGrD2gk99vCvlmwCGO0DJRE85L1gmPX7FYi71kJiPs4EKVvQ3ngkftOHFfNBOsPAiGsMhhldMmtwk0oFAXCqXP4Bo1KA91p9frj6Cr1MMg8GNXbbmKg87vkPo4cR93vd7YrZNqM7VmWMX
54: yy2SOjuUTg2cypbeRAPtOP43Wsej7osoLvuV5YDoTbXd8SUW1YYdqFUawPRAnk2MKwIGas4OeAAA6LdmKkgVtXFXu5wjsg7Xp1mOKKMezq1cJJAdJ6I3pNNM7cBDJcdkjTFSdtBTIxh0h9dDdGCBLSBMEtjUFOQRsLGoVZznTwOQ1VRjiXCIv8wb5Yj2gAhkH9KV
55: Bna7O1ABST4aEvh2aXr02468E8hJsvP4H4Kx0qQOqdE2YMzvUucoNYUYDCQAubWKATNNcN6qQMglgOfPOYpBdZU794xhNj9tkmCEnCg8a6Jy6PWdvEiI19LLmnIslihPOHDeejhffq5yPZWFOmEOld
56: 9LtUX3w9oINGGsym4oXY1hMKrcTF43I4MHr2od0y
57: J8OoY
58: KHJQuwhREBYytFsxK5CpaDYhYpFkOlG8EMMhj02j4KrQRDLSAKlhhF3m205t90CAXm1mITS
59: DPVgpIUZMvNLe1AXogdgXdds52Hn6q431dcZyFjNQGewlVzUFt02v6yuPbt07xmwKiz1muC0481ciYkGv2noLJslDetAtMcBnqATRd4mzQfKMiPFSCaUN6c60GrWfVd18eqzv1ja2DyM9k6jpnybWMyHav9dLmXBghqZBg4eJHDOeHTwV9vM45e8m8ClthaGQJiiV6XSzxVpx8RHv6kKtKUVpg4BGggWT7cki8t1zbvFwIObi92hXDcgXKs5Uo8DlfpLsD6AaQ3Nv71nEKciGrgBSaFDBnXdSNi51Dxwo64faM7WR
60: yTZAFeIVkGtQyAiyhunZGq20LVsDyvvBqm3da17q6U29gCKQqaeXkaUrzFHbcsN3xjQcC0ZusZ8Ut2oIIkpe6bMPG4maxzGieNHUSOq6pcSSNzMc7s5dWkz16oSyj0mNkRa3mLh4HqthSmtYbbrzb4XkufRdzv7Qjy4cWAS2d7s2PAyZuizxTDIJ9zPU48ZCvRyr6FL7r2yLpKOxUWWn8JCgPzm6HA
61: mc33bDTfz8J9xq4Wcy0RcGh8b2rBS48LrHYhhbVr8uJqvFlgZGV6DNoyLZDwx5KPuB5vuPNPiTbAxvciH9R64nmFeX6GHl2nzrWoknyqtMfg3OKYNKiXjLYjkANHDO6IKSslPD2Aqf3XAx76nT9yz7px7imUsD9AnlgHTwyJc7OBlnc95rs6r10NTdaEXuZINPaoSp0K4zZUqBjNbykHPCW1IvlZ6b0ifSLKiNaHG9lLcyt3pPXtUYvZRQPeyMS6NhHhUyS89llxgfUq76CnQ2UzUJ
62: PbyFb1bbZBaUheaVe0sySVl7dStBC8nUCzJ9Rax2PbW9uiWvJTvFUXXi4JezloSseIglek5Mapee57aWClM2UOdXZwfgDeHXQNHw7CLRXFmtDAM4T5Z52rfbDEYZUd693J8Xh1mMZdyy9SD9SHE1VGyajgottaU113ctziaj2rZNGw9gpZFs
63: S1nFl5zPiRViNfRfxYmY80ds6MG8RHU8IUS0HIH9h2lpsITsmGH9BLNdNM5BeJjj7y06HwAHuBZ5Nuf7Rux5ToYS4TsJDma3j5JanVpAKAgTM9txG9UJ2ACMIDvLqCDE7wVMkaCaMZ8gnJUhVeUjWpBCaa5HwWhDJprhLgdieFUDAXowClNDoDl0djCmfZ
64: WWmtQ41Xm1CpN9xqDyto7Pwk5RUKmS35njkc8ozEF7usbdSYFv0BDOSBtJo9xUoK4eD0AAzvj7JHkOkB8YdiANGGe5HgrSBI2cVUj4ce1lTpjfSatsT2hqjfbRKjkv1IUYCuS95nzRyf1uJ
65: efTtTfdIbN5TlKoucheNY96N5bcanNB3u2EuWJ1K6U9rWn2Q7YQUyy58fA3LDZt9xqCQ6QfoNFemVbEpW1vSbDPsXUMo40Si9Yp9t39j6mguiR3XgJRwowPdtqMS4B8D5WGZJprRCLHnuNAlEMgrgdZjMGc8Gwk8feVKW7uCxWzEmGghBoK3GhEFz3Ted7Hz3AKrdmZsxmnheol1iylOJK61joaNSY58F6PIFo6K2sJmkpIF7nEBJPFfuF3OW7n3rpplNXCTJWS14fffkrzib73Uu6T8d73DDONosZtEMENBvSYHztuS151TxSSSPnyIbZQ0L7kLZ7UoJq8pT5FCoZP17QCra3vXVHLwMDpRJwyXrhjRplOsIbvwhlXnKDYaSHc0gmEwfakMFfhKkdXAKC2xyvojlPqW3baBSL6psUIHVOwjib63EzJoxheIcUerBXygNgBgd054v5fI9vMLRKSnARCO
66: 6IrirUV3ijDedEaN7ZdmuOCulN6UmdUqFld7SnQZhhYGXsCD34A3iJYuFvFyhcAXYIcsy16NHAS3rTfu71syJNMTrZKIYOfjlHd9ok0sMcfW8KPq1cLp1EBgUv3XESQYlI8WBWnw9aiIgX49FjKwpMTBMwEVvGHwZKzDIKnvBtmGx0eRGoH0CAmnaXH1ZzRxbMbBJk9tr4uvRpVYPeFpFMbuv5BeTMlq0W1jc6eZvWwuI1L83rRdbzhzYtxvFIn25vsyTcpnryHYNkj55rLSlfUmMo655h2Jt1EVvhiiY8whnK9UHoEjmrDwejZADbEfs84xidOsMI18JM210US6t9ZyQ8kW1ypQbNA2fUyA7yQ4PG2jF18AvTjJbqBE1CS16ZtoAo4Hp8Yw1Wdrp7ohmn6mXm9qk36OubqawsU90pWYUj9BS04GGMEVMWUv9tywQooy6wHvOXFwcBubPIvo7YlKxkDhRxmcDhmHY4j3B0PAAM0
67: TRPvrx6P4DIpPt40PWoBJv79l0RwYIsav3mtNhz3DDQCT5CWMbWydldYYCqSJIURNPI98sWBBkFFG4MfMfbowSaVYmCiMFMS0gS8iZO44iB6quxlYFVXJwWtRgZwPydlsoBMbNyNjU5foolQMwkKBR
68: zTCzC5
69: JUBn6t5d75177FE
70: mO72r0eIYgl6ciwurkfjIJqhubQaKiotKeqtmQS7JBmA84pNGC2aP9ckFq4s9whMbwfajqv6mKUwnznB3ZzlMwU9TwsDQKtPf9zHh1YFrsct0EZ1iCJnWJX5dlm4Y6jimGdXtiUmiZ
> Enter one of these commands:
  LIST  - list all jokes
  ADD   - upload your own joke
  COUNT - find out how many jokes we have to offer you
  SHOW  - show a joke
  MENU  - display this menu
  HELP  - you gotta be kididin' me!
  QUIT  - take off eh?
> 
Are you kidding me? What is that garbage? I thought my instructions were pretty straight forward. Try again.
