
Welcome to HackMan v13.37

_-_-_-_-_-_-_-_-_-_-_-_-_-_-_-_-_
_-_-_-_-_-_-_-_-_-_-_-_-_-_-_-_-_
     Sh41l w3 p14y a g4m3?
_-_-_-_-_-_-_-_-_-_-_-_-_-_-_-_-_
_-_-_-_-_-_-_-_-_-_-_-_-_-_-_-_-_


@ @ @ @ @  New Challenge  @ @ @ @ @
Seed? [[[ Your challenge: __________ ]]]
Guess a letter: [[[ Your challenge: __________ ]]]
Guess a letter: [[[ Your challenge: ____d_____ ]]]
Guess a letter: [[[ Your challenge: __eed_____ ]]]
Guess a letter: [[[ Your challenge: __eed__g__ ]]]
Guess a letter: 
^^^^^ RESET ^^^^^

[[[ Your challenge: __________ ]]]
Guess a letter: [[[ Your challenge: ____d_____ ]]]
Guess a letter: [[[ Your challenge: __eed_____ ]]]
Guess a letter: [[[ Your challenge: __eed__g__ ]]]
Guess a letter: [[[ Your challenge: __eedi_g__ ]]]
Guess a letter: [[[ Your challenge: __eedi_gl_ ]]]
Guess a letter: [[[ Your challenge: __eedingl_ ]]]
Guess a letter: [[[ Your challenge: _peedingl_ ]]]
Guess a letter: [[[ Your challenge: speedingl_ ]]]
Guess a letter: >>> You @ @ @  New Challenge  @ @ @ @ @
Seed? [___e ]]]
Guess a letter: [[[ Your chYour challenge: i____i_e ]]]
Guess a lette[[[ Your challenge: __eed_____ ]]]
Guess a letenge: __eed_____ ]]]
Guess a letter: [[r challenge: __eed__g__ ]]]
Guess a letter: qWolGCGeHjShcAMuaEzyAbQVInWLcYfflBcLcZfNl
Seed? [[[ Your challenge: _________ ]]]
Gueer: [[[ Your challenge: __lidne_ ]]]
Guess a letter: [[[ Your challenge: _o