
Welcome to HackMan v13.37

_-_-_-_-_-_-_-_-_-_-_-_-_-_-_-_-_
_-_-_-_-_-_-_-_-_-_-_-_-_-_-_-_-_
     Sh41l w3 p14y a g4m3?
_-_-_-_-_-_-_-_-_-_-_-_-_-_-_-_-_
_-_-_-_-_-_-_-_-_-_-_-_-_-_-_-_-_


@ @ @ @ @  New Challenge  @ @ @ @ @
Seed? [[[ Your challenge: ___________ ]]]
Guess a letter: [[[ Your challenge: ____a______ ]]]
Guess a letter: [[[ Your challengellenge: _______ ]]]
Guess a letter: [[[ Your challenge: _a_____ ]]]
Guess a letter: [[[ Your challYour challenge: __b_a_____ ]]]
Guess a letter: 
@ @ @ @ @  New Chalenge: ___e ]]]
Guess a letter: [[[ Your challenge: g__e ]]]
Guess a letter: [[[ Your challenge: g_te ]]]
Guess a letter: >>> You got it!! "gyte" (4 tries) <<<
###### Good Work! ######
# Leave your comment!! #
########################
Comment: You wrote: AaMmjSVEeQrANRkJMftter: [[[ Your challenge: _a ]]]
Guess a letter: 
^^^^^ enge: __ ]]]
Guess a letter: [[[ Your challenge: _a ]]]
Guess a letter: our challenge: __a_____ ]]]
Guess a letter: [[[ Your chal[[[ Your challenge: ___________ ]]]
Guess a letter: 
@ @ @ @ @  Newallenge  @ @ @ @ @
Seed? [[[ Your challeng_a ]]]
Guess a letter: [[[ Your challenYou got it!! "didrachma" (8 tries) <<<
###### Good Work! ######
# Leave your comment!! #
########################
Comment: You wrot[[[ Your challenge: ____a___a ]]]
Guess a letter: [[[ YT ^^^^^

[[[ Your challenge: ________ ]]]
Guess a letter: 
^^^challenge: _______e ]]]
Guess a letter: [[[hallenge: ins_li_e ]]]
Guess a letter: [[[ Y]
Guess a letter: >>> You got it!! "insuli[ Your challenge: c_n____ ]]]
Guess a let[[[ Your challenge: ____d_____ ]]]
Guess a letter: llenge: __eedi_g__ ]]]
Guess a letter: [[[