
Welcome to HackMan v13.37

_-_-_-_-_-_-_-_-_-_-_-_-_-_-_-_-_
_-_-_-_-_-_-_-_-_-_-_-_-_-_-_-_-_
     Sh41l w3 p14y a g4m3?
_-_-_-_-_-_-_-_-_-_-_-_-_-_-_-_-_
_-_-_-_-_-_-_-_-_-_-_-_-_-_-_-_-_


@ @ @ @ @  New Challenge  @ @ @ @ @
Seed? [[[ Your challenge: __ ]]]
Guess a letter: [[[ Your challenge: __ ]]]
Guess a letter: 
@  challenge: ane_ria ]]]
Guess a letter: >>> You gotxyioiOaQQWPrPQcwrcaPVlaSPcQYuegnU ]]]
Guess a letter: [[[ Your chenge: c______ ]]]
Guess a letter: [s a letter: [[[ Your challenge: e_bYour challenge: __b_a_____ ]]]
Guess a lette^^^^^ RESET ^^^^^

[[[ Your challenge: _ it!! "emblazonry" (13 tries) <<<
###### Good Work! ######
# Leave your comment!! #
########################
Comment: You  got it!! "conuzor" (8 tries) <<<
##WlOhzHVonTtHMsltHKehDbbwkqDGqkrSAihvgQlcWxIzvBiRtDMLEQljkKYBGLanSewr

@ @ @ @ @  New Challenge  @ @ @ @ @
Seed? [[ [[[ Your challenge: ___id_e__ ]]]
GuessYour challenge: __lid_e__ ]]]
Guess a let
^^^^^ RESET ^^^^^

[[[ Your challenge: challenge: g__e ]]]
Guess a letter: 
@ @ @ lenge  @ @ @ @ @
Seed? [[[ Your chall[[[ Your challenge: ____a___a ]]]
Guess a letteter: [[[ Your challenge: _a___ed ]]]
Guess   New Challenge  @ @ @ @ @
Seed? [[[ Youess a letter: [[[ Your challenge: in^ RESET ^^^^^

[[[ Your challenge: ________ ]]]
Guess a letter: OEUBrSOcCtLmHviRQftEwUZKKBbJWkFnRGKDOqdq