
Welcome to HackMan v13.37

_-_-_-_-_-_-_-_-_-_-_-_-_-_-_-_-_
_-_-_-_-_-_-_-_-_-_-_-_-_-_-_-_-_
     Sh41l w3 p14y a g4m3?
_-_-_-_-_-_-_-_-_-_-_-_-_-_-_-_-_
_-_-_-_-_-_-_-_-_-_-_-_-_-_-_-_-_


@ @ @ @ @  New Challenge  @ @ @ @ @
Seed? [[[ Your challenge: _______ ]]]
Guess a letter: [[[ Your challenge: _______ ]]]
Guess a letter: 
@ @ @ @ @  New Challenge  @ @ @ @ @
Seed? [[[ Your challen <<<
###### Good Work! ######
# Leave your comment!! #
#########<<
###### Good Work! ######
# Leave your comment!! #
########################
Comment: __ ]]]
Guess a letter: [[[ Your challenge: __ss a letter: [[[ Your challenge: _______ hallenge: did_achma ]]]
Guess a letter: >>> You wrote: JyjuPsrAMXofyXjsPjTCiLwuCBHetter: [[[ Your challenge: did_achma ]]]
ou got it!! "didrachma" (8 tries) <<<
###### Good Work! ######
# Leave your comment!! #
########################
Comment: You times! * * * *
