
Welcome to HackMan v13.37

_-_-_-_-_-_-_-_-_-_-_-_-_-_-_-_-_
_-_-_-_-_-_-_-_-_-_-_-_-_-_-_-_-_
     Sh41l w3 p14y a g4m3?
_-_-_-_-_-_-_-_-_-_-_-_-_-_-_-_-_
_-_-_-_-_-_-_-_-_-_-_-_-_-_-_-_-_


@ @ @ @ @  New Challenge  @ @ @ @ @
Seed? [[[ Your challenge: _______ ]]]
Guess a letter: [[[ Your challenge: c______ ]]]
Guess a letter: [[[ Your challenge: c_n____ ]]]
Guess a letter: [[[ Your challenge: con__o_ ]]]
Guess a letter: [[[ Your challenge: con__or ]]]
Guess a letter: 
^^^^^ RESET ^^^^^

[[[ Your challenge: _______ ]]]
Guess a letter: [[[ Your challenge: c______ ]]]
Guess a letter: [ur challenge: con__o_ ]]]
Guess a lette a letter: [[[ Your challenge: con__or challenge: conu_or ]]]
Guess a letter: [[[ Your ctter: [[[ Your challenge: con__o_ ]]llenge: conu_or ]]]
Guess a letter: 
^^^^^[[[ Your challenge: c_n____ ]]]
Guess a letter: [[[ Youour challenge: con__or ]]]
Guess RxjBMKuDoGUYiXpNOhrdELAkfsDnDFlVJdppJtbCqaIcAPyXzyFmAonmeaPrMXZtTKkxORkiqMaIZpwhnAxuAqvLshRaDhRNpwJ

@ @ @ @ @  New Challenge  @ @ @ @ @
Seed? [[[ Yo* * * *
