
Welcome to HackMan v13.37

_-_-_-_-_-_-_-_-_-_-_-_-_-_-_-_-_
_-_-_-_-_-_-_-_-_-_-_-_-_-_-_-_-_
     Sh41l w3 p14y a g4m3?
_-_-_-_-_-_-_-_-_-_-_-_-_-_-_-_-_
_-_-_-_-_-_-_-_-_-_-_-_-_-_-_-_-_


@ @ @ @ @  New Challenge  @ @ @ @ @
Seed? [[[ Your challenge: ________ ]]]
Guess a letter: [[[ Your challenge: __a_____ ]]]
Guess a letter: [[[ Your challenge: __a___ ]]]
Guess a letter: [[[ Your cge: f_a_____ ]]]
Guess a letter:  challenge: __e__he__id ]]]
Guess a letter: 
@ @ @ @ @  New  _ca______ed ]]]
Guess a letter: [[[ Your
^^^^^ RESET ^^^^^

[[[ Your challenge: __[ Your challenge: _ca_______d ]]]
Guess a letter: [[[ @ @ @  New Challenge  @ @ @ @ @
Seed? [[[ Your challenge: g_te ]]]
Guess a letter: >>>ood Work! ######
# Leave your comment!!rote: fIOLPtXXlEYXtdfaqXpvKtwnsNunlPyjjQtINge: _ca_______d ]]]
Guess a letter: 
@ @ @ [[[ Your challenge: __________ ]]]
Guess a letter: [challenge: ___e ]]]
Guess a letter: [[sAPUxTtrHQxWppvUVpkOVYyrslrCkYfxVUgvVz>>> You got it!! "fa" (3 tries) <<<
###### GoodChallenge  @ @ @ @ @
Seed? [[[ Your challe[[[ Your challenge: ane__ia ]]]
Guess a letter:  You got it!! "aneuria" (7 tries) <<<
#enge: ____ ]]]
Guess a letter: [[[ Your ch[ Your challenge: ___e ]]]
Guess a letter: 
^challenge: _______ ]]]
Guess a letter: [