
Welcome to HackMan v13.37

_-_-_-_-_-_-_-_-_-_-_-_-_-_-_-_-_
_-_-_-_-_-_-_-_-_-_-_-_-_-_-_-_-_
     Sh41l w3 p14y a g4m3?
_-_-_-_-_-_-_-_-_-_-_-_-_-_-_-_-_
_-_-_-_-_-_-_-_-_-_-_-_-_-_-_-_-_


@ @ @ @ @  New Challenge  @ @ @ @ @
Seed? [[[ Your challenge: _________ ]]]
Guess a letter: [[[ Your challenge: ____a___a ]]]
Guess a letter: [[[ Your challenge: ____ac__a ]]]
Guess a letter: [[[ ]]
Guess a letter: [[[ Your challour challenge: _________ ]]]
Guess a letter: [[[ Your cha letter: 
^^^^^ RESET ^^^^^

[[[ Your challenge: ________ ]]]
Guess a letter: [[ Your challenge: d_a_d___ ]]]
Guess a letter: [[[ Your chSET ^^^^^

[[[ Your challenge: _______ ]]]
Guess a letter: [[[ Your ch[ Your challenge: _a____d ]]]
Guess a letter: 
@ @ @ @ @ e  @ @ @ @ @
Seed? [[[ Your challenge: ________ ]]]
Guess a letter: 
^^^^^ RESET ^^^^^challenge: d_a_d__n ]]]
Guess a letter: [ Your challenge: in__li_e ]]]
Guess a letter@  New Challenge  @ @ @ @ @
Seed? [[[  challenge: _ca_______d ]]]
Guess a letter:[ Your challenge: ___________ ]]]
Guess a letter: [[ challenge: t_isti_a_s ]]]
Guess a letter: [[>>> You got it!! "twistiways" (7 tries) <<<
###r challenge: ____a______ ]]]
Guess a letter[[[ Your challenge: infrac_ible ]]]
Guess a HUJojRAIzvbUHrQglyxZkmFkzkrLEQkmc[[[ Your challenge: ___________ ]hyo_ooid ]]]
Guess a letter: >>> You got[[ Your challenge: f_a_k_i_ ]]]
Guess a r: >>> You got it!! "franklin" (8 tries) [[[ Your challenge: _______ ]]]
Guess a letter:ter: [[[ Your challenge: _e__i_e ]]]
Guess
Guess a letter: [[[ Your challenge: __llenge: ____ ]]]
Guess a letter: [[[ Your cchallenge: ___e ]]]
Guess a letter: 
^^^^^ RESE[[[ Your challenge: g__e ]]]
Guess a letter: [[[[[ Your challenge: ____a_____ ]]]
Guess a lett[[[ Your challenge: __b_a_____ ]]]
Guess a letteetter: 
@ @ @ @ @  New Challenge  @ @ @ r challenge: ___________ ]]]
Guess a let[[[ Your challenge: _a_____ ]]]
Guess a letterw Challenge  @ @ @ @ @
Seed? [[[ our challenge: __________ ]]]
Guess *
