
Welcome to HackMan v13.37

_-_-_-_-_-_-_-_-_-_-_-_-_-_-_-_-_
_-_-_-_-_-_-_-_-_-_-_-_-_-_-_-_-_
     Sh41l w3 p14y a g4m3?
_-_-_-_-_-_-_-_-_-_-_-_-_-_-_-_-_
_-_-_-_-_-_-_-_-_-_-_-_-_-_-_-_-_


@ @ @ @ @  New Challenge  @ @ @ @ @
Seed? [[[ Your challenge: _______ ]]]
Guess a letter: 
^^^^^ RESET ^^^^^

[[[ Your challenge: _______ ]]]
Guess a letter: [[[ Your challenge: c______ ]]]
Guess a letter: [[[ Your challenge: c_n[[ Your challenge: c______ ]]]
Guess a letter: [[challenge: _e__i_e ]]]
Guess a letter: [[[ Your  New Challenge  @ @ @ @ @
Seed? [[[ Your etter: [[[ Your challenge: __eedi_gl_ ]]]
hallenge: __eedi_gl_ ]]]
Guess a letter: [[[ [ Your challenge: __eedi_gl_ ]]]
Guess a lettetter: 
@ @ @ @ @  New Challenge ^

[[[ Your challenge: ___________ ]]]
Guess a letter: [[[r: [[[ Your challenge: i_f_ac_ible ]]]
Guur challenge: d__h______d ]]]
Guess a letter[ Your challenge: di_h_o_ooid ]]]
Guess a letter: [lenge: __a________ ]]]
Guess a letter: [[[  __________ ]]]
Guess a letter: [[[ Your cha Your challenge: ________ ]]]
Guess a lettenge: d_a_do_n ]]]
Guess a letter: [[[ Your cenge: _______ ]]]
Guess a letter: [[[ Your uess a letter: [[[ Your challenge: ____a_uess a letter: [[[ Your challenge: d____ @ @ @ @ @
Seed? [[[ Your challenge: ___allenge: did_ach_a ]]]
Guess a letter: 
@ @ @ge: __ ]]]
Guess a letter: [[[ Yo_i_e ]]]
Guess a letter: [[[ Your challenge^^^ RESET ^^^^^

[[[ Your challenge: ________ ]]]our challenge: in__li_e ]]]
Guess a lett###
# Leave your comment!! #
########################
Comment: You wrote: XSAefbloKzukDmrAfxONezEzrPNvQoueFTvkApyEEZRcfNmBX[[[ Your challenge: f_a_____ ]]]
Guess a letter: [[ Your challenge: f_a___i_ ]]]
Guess a letter: 