
Welcome to HackMan v13.37

_-_-_-_-_-_-_-_-_-_-_-_-_-_-_-_-_
_-_-_-_-_-_-_-_-_-_-_-_-_-_-_-_-_
     Sh41l w3 p14y a g4m3?
_-_-_-_-_-_-_-_-_-_-_-_-_-_-_-_-_
_-_-_-_-_-_-_-_-_-_-_-_-_-_-_-_-_


@ @ @ @ @  New Challenge  @ @ @ @ @
Seed? [[[ Your challenge: ___________ ]]]
Guess a letter: [[[ Your challenge: __a________ ]]]
G [[[ Your challenge: _ca________  Your challenge: _ca________ ]]]
@ @ @ @ @  New Challenge  @ @ @ @ @ @ @ @
Seed? [[[ Your challenge: ______uess a letter: [[[ Your challenge: ______[[[ Your challenge: scan_linged ]]]
Guess aHGVpxgzLMkjQDPpipUzVDcIGglNIjfACbo__ ]]]
Guess a letter: [[[ Your challenge: d_________d ]]]
Guess a letter: [[[ Your# Good Work! ######
# Leave your commed ]]]
Guess a letter: 
@ @ @ @ @  New Chal @  New Challenge  @ @ @ @ @
Seed? [[[ Y[[[ Your challenge: ____ac__b__ ]]]
Guess a le challenge: __ ]]]
Guess a letter: [[[ Yochallenge: c______ ]]]
Guess a letter: [[[ Yo[ Your challenge: c_n____ ]]]
Guess a lettour challenge: _____a_____ ]]]
Guess a letter Your challenge: ___________ ]]]
Guess a l ]]]
Guess a letter: [[[ Your challenge: _______ ]]]
Guess a letter: [[[ Your chalour challenge: e_b_a_____ ]]]
Guess a letter: [[[[[ Your challenge: embla_____ ]][[[ Your challenge: ____a_____ ]]]
Guess a lette[[[ Your challenge: e_b_a_____ ]]]
Guess a letteur challenge: di_h_____id ]]]
Guess a letterchallenge: di_h_o_ooid ]]]
Guess a letter: 
^[[[ Your challenge: ___________ ]]]
Guess a lehallenge: d_________d ]]]
Guess a letter: [[[ ge: ________ ]]]
Guess a letter: [[[ Your
^^^^^ RESET ^^^^^

[[[ Your challenge: _____etter: [[[ Your challenge: ____a_____ ]]]
Glenge: __b_a_____ ]]]
Guess a letter: [[[ Your challenge: d_________d ]]]
Guess a  Your challenge: __c__c__ ]]]
Guess a letterour challenge: ____a_____ ]]]
Guess a letter: _ ]]]
Guess a letter: [[[ Your challeng[[ Your challenge: c_n____ ]]]
Guess a le[[[ Your challenge: _____a_____ ]]]
Guess a l Your challenge: _a___ed ]]]
Guess a letter: [[[[ Your challenge: ma__ied ]]]
Guess a letter: [ Your challenge: c______ ]]]
Gues_____ ]]]
Guess a letter: [[[ Your challenge: _______a__ ]]]
Guess aa letter: [[[ Your challenge: __is_i_a_s ]][ Your challenge: __i__i_a__ ]]]
Guess a letter: You wrote: ReXKoEdckBGYEGmYzQlyJig[[[ Your challenge: ____a______ ][[[ Your challenge: ________ ]]]
Guess a letter ]]]
Guess a letter: 
^^^^^ RESET ^^^^^

[Your challenge: __________ ]]]
Guess a letter: _____ ]]]
Guess a letter: [[[ Your challengeenge: _a_____ ]]]
Guess a letter: [[[ Youu got it!! "married" (6 tries) <<<
###### Good Worhallenge: _______ ]]]
Guess a let