
 _______  _______  _______ _________ _______  _______  _______  _______
(  ____ \(  ___  )(  ____ )\__   __/(  ____ )(  ____ \(  ____ \(  ____ \
| (    \/| (   ) || (    )|   ) (   | (    )|| (    \/| (    \/| (    \/
| (__    | |   | || (____)|   | |   | (____)|| (__    | (_____ | (_____
|  __)   | |   | ||     __)   | |   |     __)|  __)   (_____  )(_____  )
| (      | |   | || (\ (      | |   | (\ (   | (            ) |      ) |
| )      | (___) || ) \ \__   | |   | ) \ \__| (____/\/\____) |/\____) |
|/       (_______)|/   \__/   )_(   |/   \__/(_______/\_______)\_______)
                                                                  v0.1 j


Day-001 => [0 mission] | [0 explorer] | [50 supply]
-----------------------------------------------------
0. Next day!
1. Missions
2. Explorers
3. Give up

Day-002 => [0 mission] | [0 explorer] | [150 supply]
------------------------------------------------------
0. Next day!
1. Missions
2. Explorers
3. Give up

Day-003 => [0 mission] | [0 explorer] | [250 supply]
------------------------------------------------------
0. Next day!
1. Missions
2. Explorers
3. Give up

]]] Explorers [[[
1. Hire explorer
2. View current explorers
3. Remove explorer
4. Learn skills
5. Back

... Removable explorers ...
No explorers :(

]]] Explorers [[[
1. Hire explorer
2. View current explorers
3. Remove explorer
4. Learn skills
5. Back

Day-003 => [0 mission] | [0 explorer] | [250 supply]
------------------------------------------------------
0. Next day!
1. Missions
2. Explorers
3. Give up

]]] Explorers [[[
1. Hire explorer
2. View current explorers
3. Remove explorer
4. Learn skills
5. Back

... Current explorers (0/15) ...
No explorers :(

]]] Explorers [[[
1. Hire explorer
2. View current explorers
3. Remove explorer
4. Learn skills
5. Back

Day-003 => [0 mission] | [0 explorer] | [250 supply]
------------------------------------------------------
0. Next day!
1. Missions
2. Explorers
3. Give up

Day-004 => [0 mission] | [0 explorer] | [350 supply]
------------------------------------------------------
0. Next day!
1. Missions
2. Explorers
3. Give up

]]] Missions [[[
1. Send mission (3 available)
2. View current missions
3. Back

Day-004 => [0 mission] | [0 explorer] | [350 supply]
------------------------------------------------------
0. Next day!
1. Missions
2. Explorers
3. Give up
