

Thanks for your interest in the Sea Eye Association.
In order to be considered for the job complete the preliminary online background check
Due to the secure nature of the position you are applying for you may be asked to
submit additional paperwork after your preliminary background check has been aped.
Thank you for your cooperation

Candidate Info Form
Last Name: First Name: 
Contact Info Form
You must coplete the previous page before proceeding to this page

Candidate Info Form
First Name: 
Candidate Info Form
First Name: 
Contact Info Form
You must complete the previous page before proceeding to this page

Candidate Info Form
First Name: Middle Name [MI or Middle Name]: Suffix [Jr, Sr, II, etc]: 
Contact Info Form
You must complete the previous page before proceeding to this page

Candidate Info Form
Suffix [Jr, Sr, II, etc]: Thank you!
