

Thanks for your interest in the Sea Eye Association.
In order to be considered for the job complete the preliminary online background check
Due to the secure nature of the position you are applying for you may be asked to
submit additional paperwork after your preliminary background check has been approved.
Thank you for your cooperation

Candidate Info Form
Last Name: First Name: 
Contact Info Form
You mr, Sr, II, etc]: DOB Month [MM]: 
Candidate In Form

*********Candidate Info:*********
Last Name=UDrguCft
First Name=oZtalKKHugJuTeXZjrDZQjslWWRSD
Middle Name=bDwYmrWwguniNGgDp
Suffix=V
DOB Month=01
DOB Day=22
DOB Year=1993
Height-Feet=5
Height-Inches=3
Weight=311
Sex=M
Hair Color=Orange
Eye Color=Multicolored

Type **next to continue

Candidate Height-Inches [0-11]: 
Candidate Info Form

Contact Info Form
Personal e-mail: Work e-mail: Home telephone number [XXX-XXX-XXXX]: 
Address Form
You must complete the previous page before proceeding to this page

Contact Info Form
Home telephone number [XXX-XXX-XXXX]: 
Candidate Info Form

*********Candidate Info:*********
Last Name=UDrguCft
First Name=oZtalKKHugJuTeXZjrDZQjslWWRSD
Middle Name=bDwYmrWwguniNGgDp
Suffix=V
DOB Month=01
DOB Day=22
DOB Year=1993
Height-Feet=5
Height-Inches=5
Weight=311
Sex=M
Hair Color=Orange
Eye Color=Multicolored

Type **next to continue

Contact Info Form
Home telephone number [XXX-XXX-XXXX]: 
Address Form
You must complete the previous page before proceeding to this page

Contact Info Form
Home telephone number [XXX-XXX-XXXX]: 
Address Form
You must 
Contact Info Form

*********Contact Info:*********
Personal e-mail=5qosb9MbJ9g6BCpmvAO@AcX7oRjK01vgN18YdmEzvM
Work e-mail=4yxgl7Uefri4CNVLCf1cn1J1OQ@MSGSVgz0SkhQSvKueXYNWGDePBjkz
Home telephone number=555-555-3468
Work telephone number=555-555-8881

Type **next to continue

Contact ***Address:*********
Move-In Month=10
Move-In Year=1992
Street=70 YKjTLaCZ St
City=cGbNEDwIpWOtSENfMgUT
State=VA
Zip Code=93438
Owned by you=N

Type **next to continue

oyment Form
You must complete the previous page before proceeding to this page

Education Form
City: Staddress:*********
Move-In Month=10
Move
Education Form

*********Highest Educati
Education Form

*********Highest Education:*********
Highest Education=ADV
Start Month=10
Start Year=1981
End Month=06
End Year=1994
School Name=r4SYRpuq!7inPWvslAuyhpJ
Street=53 vVhGJHa St
City=mrxguSse
State=CA
Zip Code=73803
GPA=2.96
Major=HBg

Type **next to continue

Employment Form
Most Recent Employer: 
Final Questions
You must complete the previous page before proceeding to this page

Employment Form
Most Recent Employer: Start Month [MM]: 
Final Questions
You must complete the previous page before proceeding to this page

Employment Form
Start Month [MM]: Start Year [YYYY]: 
Final Qss Form

*********Address:*********
Move-I [XXX-XXX-XXXX]: Supervisor e-mail: 
Education Form

*********Highest Education:*********
Highest Educationloyer=osIFq
Start Month=01
Start Year=1926
End Month=07
End Year=1947
Street=8746 ERqLZswr St
City=VNpFXEdjAAWGI
State=NC
Zip Code=77473
Supervisor Last Name=odbLoouryw
Supervisor First Name=zubgg
Supervisor Title=j4ta0L7AWbRP. pmcLyAL.Z.dXeEEzFuo0wn
Education Form

*********Highest Educati*********
Highest Education=ADV
Start Monthployer=osIFq
Start Month=01
Start Year=1926
End Month=07
End Year=1947
Street=8746 ERqLZswr St
City=VNpFXEdj7473
Supervisor Last Name=odbLooth=01
Start Year=1926
End Month=07
End Year=1947
Street=8746 ERqLZswr St
City=VNpFXEdjAAWGI
State=NC
Zip Code=77473
Supervisor Last Name=odbLoouryw
Supervisor First Nted your application with the Seaapplication with the Sea Eye Asshave completed your application wi
Final Questions

*********Finalhave completed your applicationth the Sea Eye Association.
You ma

*********Final Screening:*********
ion.
You may review the form. Navigate thon with the Sea Eye Association.
>
**next <Move to the next page>
**updaplication with the Sea Eye Association.
You may rd Investigation? [Y/N]: 
Final Quest
Employment Form

*********Most Recent Empler=osIFq
Start Month=01
Start Year=1926
End Month=07
End Year=1947
Street=8746 ERqLZswr St
City=VNpFXEdjAAWGI
State=NC
Zip Code=77473
Supervisor Last Name=odbLoouryw
Supervisor First Nrm

*********Highest Education:**th=06
End Year=1994
School Name=r4SYRpuq!7inPWvslAuyhpJ
Street=53 vVhGJHa St
City=mrxguSse
State=CA
Zip Code=73803
GPA=2.96
Major=HBg

Type **next to continue

Employment Fornt Employer:*********
Most Recent EmployeBackground Investigation? [Y/N]:  the Sea Eye Association.
You may*prev and **next.
Once your are satisfied type **exit to exit and submit the form
If you wish to discard your application, pleaou may review the form. Navigate through the 

You have completed your application with the Sea Eye Association.
You may revieweted your application with the Sound Investigation=Y

Type **next to continue
