

Thanks for your interest in the Sea Eye Association.
In order to be considered for the job complete the preliminary online background check
Due to the secure nature of the position you are applying for you may be asked to
submit additional paperwork after your preliminary background check has been approved.
Thank you for youprevious page>
**next <Move to thches [0-11]: Weight: Sex: Hair Color: C
Candidate Info Form

*********Candidate Info:*********
Last Name=EhfrUeDuNjPgVsdoeRsMIhv
First Name=oNV'tpiwzLVbzHDliQbEMmB
Middle Name=SvTLdSLFDqVgnGLFVeQrzMvKfAlYAA
Suffix=Jr
DOB Month=05
DOB Day=07
DOB Year=1905
Height-Feet=5
Height-Inches=7
Weight=75
Sex=M
Hair Color=Sandy
Eye Color=Maroon

Type **next to continue

Candidate Info Ft Info Form
Work e-mail: 
Candidate Info Foro:*********
Personal e-mail=3hyNQS@D********Contact Info:*********
Personal e-Address Form
Move-In Month [MM]: 
Educat
Education Form
Highest Educations:*********
Move-In Month=02
Move-In Year=1920
Street=769 hPIMVM St
City=meZQVcZ
State=VT
Zip Code=28302
Owned by you=Y

Type **next to continue

Edust Education=ADV
Start Month=02
Start Year=1938
End Month=06
End Year=1933
School Name=8L!DpzF2j1 c
Street=6 lSRfJhYVr St
City=SJHntEX
State=WI
Zip Code=29172
GPA=2.05
Major=vQk.8gLWteuftLhZhzhEhxo