

Thanks for your interest in the Sea Eye Association.
In order to be considered for the job complete the preliminary online background check
Due to the secure nature of the position you are applying for you may be asked to
submit additional paperwork after your preliminary background check has been approved.
Thank you for your cooperation

Candidate Info Form
Last Name: 
Candidate Info Form
Last Name: Firsst complete the previous page before proceeding to this page

Candidate Info Form
Middle Name [MI or Middle Name]: 
nfo Form
Middle Name [MI or Middle Name]: 
Candidate Inct Info Form
You must complete the previous page before proceeding to this page

Candidate Info Form
DOB Day [DD]: 
Candidate Info Fntact Info Form
You must complete the previous page before proceeding to this page

Candidate Info Form
DOB Day [DD]: DOB Year [YYYY