
C - Change Diver Info
L - Log a New Dive
D - Download Dive Data
E - Edit Dives
P - Print Dive Logs
R - Remove Dives
S - Diver Statistics
X - Exit Application
:

Dive Log is empty

C - Change Diver Info
L - Log a New Dive
D - Download Dive Data
E - Edit Dives
P - Print Dive Logs
R - Remove Dives
S - Diver Statistics
X - Exit Application
:

Dive Log is empty

C - Change Diver Info

Dive# Date       Time     Dive Site                 Location                 
   1: 5/22/2014  02:48:13 ldoekaenao                icpakhcalh               

Enter Dive # to edit: Invalid dive n

Dive# Date       Time     Dive Site                 Location                 
   1: 5/22/2014  02:48:13 ldoekaenao                icpakhcalh               

Enter Dive # to display: 
          Datite                 Location            1: 5/22/2014  02:48:13 ldoekaenao                icpakhcalh               
   2: 12/18/2014 01:26:22 ejkfhjpikk                jajnjfodcn               

Enter Dive # to delete or blank to abort: 
C - ChDive Duration (mins) (14): O2 Percentage: PrInvalid dive number entered

C - Chan    Date: 9/18/2014
          Time: 17:41Phone Number (04673427384262): PADI DiverDate (9/25/2014): Time (01:01:26): Location i): 
C - Change Diver Info
L - Log a New Dive
D - Download Dive Data
E - Edit Dives
P - Print Dive Logs
R - Remove Dives
S - Diver Statistics
X - Exit Application
:

         Time: 01:01:26
     Dive Site: odamao
      Location: nlpmbgcblg
     Max Depth: 120
     Avg Depth: 63
      Dura
Start Pressure: 3188
  End Pressure:ddress: oanaidhgga
     City: bjjecdeonieeo
    State: a
 Zip Code: 9042490
    Phone: 04673427384262
 PADI Num: 476084518416908
Cert Date: 0595641585


C - Change Diver Info
L - Log a New Dive
D - Download Dive Data
E - Edit Dives
P - Print Dive Logs
R - Remove Dives
S -Avg Depth in ft: Dive Duration (mins): O2 PerD - Download Dive Data
E - Edit Dives
P - Print Dive Logs
R - Remove Dives
S - Diver Statisticer Info
L - Log a New Dive
D - Download Di