
C - Change Diver Info
L - Log a New Dive
D - Download Dive Data
E - Edit Dives
P - Print Dive Logs
R - Remove Dives
S - Diver Statistics
X - Exit Application
:
Dive Site: Date: Time: Location (area/city): Max Depth in ft: Avg Depth in ft: Dive Duration (mins): O2 Percentage: Pressure In (psi): Pressure Out (psi): 
C - Change Diver Info
L - Log a New Dive
D - Download Dive Data
E - Edit Dives
P - Print Dive Logs
R - Remove Dives
S - Diver Statistics
X - Exit Application
:
First Name: Last Name: Street: City: State: Zip Code: Phone Number: PADI Diver Number: PADI Cert Date: 
     Name: ieeanmnakeeebemfl iflmdpjgpcbjfpmobbcm
  Address: miikdgddjiopeieeldnljeeajobcd
     City: ndhliahdnlokdhnfn
    State: he
 Zip Code: 5441444392
    Phone: 646999521284
 PADI Num: 915748950063359
Cert Date: 6537185562


C - Change Diver Info
L - Log a New Dive
D - Download Dive Data
E - Edit Dives
P - Print Dive Logs
R - Remove Dives
S - Diver Statistics
X - Exit Application
:

Dive# Date       Time     Dive Site                 Location                 
   1: 10/16/2014 22:12:32 bnkegjmbhl                lnonmghmii               

Enter Dive # to edit: Invalid dive number entered

C - Change Diver Info
L - Log a New Dive
D - Download Dive Data
E - Edit Dives
P - Print Dive Logs
R - Remove Dives
S - Diver Statistics
X - Exit Application
:
Dive Site: Date (5/22/2014): Time (17:52:10): Location (area/city): Max Depth in ft (120): Avg Depth in ft (71): Dive Duration (mins) (27): O2 Percentage: Pressure In (psi): Pressure Out (psi): 
C - Change Diver Info
L - Log a New Dive
D - Download Dive Data
E - Edit Dives
P - Print Dive Logs
R - Remove Dives
S - Diver Statistics
X - Exit Application
:
First Name (ieeanmnakeeebemfl): Last NState (he): Zip Code (5441444392): Phone Num  Dive Site                 Location                 
   1: 10/16/2014 22:12:32 bnkegjmbhl                lnonmghmii               
   2: 5/22/2014  17:52:10 deggmnmjmb                okhpjdknbn               

Enter Dive # to display: 
          D     Name: ieeanmnakeeebemfl iflmdpjgpcbjfpmobbcm
  Address: miikdgddjiopeieeldnljeeajobcd
     City: ndhliahdnlokdhnfn
    State: he
 Zip Code: 5441444392
    Phone: 646999521284
 PADI Num: 915748950063359
Cert Date: 6537185562


C - Change Diver Info
L - Log a New Dive
D - Download Dive Data
E - Edit Dives
P - Print Dive Logs
R - Remove Dives
S - Diver Statistics
X - Exit Application
:

Dives lorcentage (48): Pressure In (psi) (3006): Prive Site: Date: Time: Location (area