
C - Change Diver Info
L - Log a New Dive
D - Download Dive Data
E - Edit Dives
P - Print Dive Logs
R - Remove Dives
S - Diver Statistics
X - Exit Application
:

Dive Log is empty

C - Change Diver Info
L - Log a New Dive
D - Download Dive Data
E - Edit Dives
P - Print Dive Logs
R - Remove Dives
S - Diver Statistics
X - Exit Application
:
First Name: Last Name: Street: City: State: Zip Code: Phone Number: PADI Diver Number: PADI Cert Date: 
     Name: amcnifp gajfinihmf
  Address: llodkinmgbph
     City: ifejfibklhmeoadfch
    State: jo
 Zip Code: 0118040611
    Phone: 6664525374
 PADI Num: 9017861077247350698
Cert Date: 6324656782


C - Change Diver Info
L - Log a New Dive
D - Download Dive Data
E - Edit Dives
P - Print Dive Logs
R - Remove Dives
S - Diver Statistics
X - Exit Application
:

Dive Log is e (mins) (23): O2 Percentage: Pressure In (psiDive Site: Date (12/15/2014): Thange Diver Info
L - Log a New Di