
C - Change Diver Info
L - Log a New Dive
D - Download Dive Data
E - Edit Dives
P - Print Dive Logs
R - Remove Dives
S - Diver Statistics
X - Exit Application
:

Dive Log is empty

C - Change Diver Info
L - Log a New Dive
D - Download Dive Data
E - Edit Dives
P - Print Dive Logs
R - Remove Dives
S - Diver Statistics
X - Exit Application
:
First Name: Last Name: Street: City: StDI Cert Date: 
     Name: ojlaompcjpipilbgk nopigifahomcgcmnajji
  
First Name (ojlaompcjpipilbgk): Last Name (

No dives are logged

C - Change Diver InPressure Out (psi): 
C - Change Diver Info
L -Date (2/15/2014): Time (17:42:17): Location (Dive Duration (mins) (12): O2 Percentage: Pressure In (psi): Pressure Out (psi): 
C - Chan
Dive Site: Date (8/3/2