go time
Enter crypto seed
ready for next packet
be00110000000007
SUCCESSFUL association
ready for next packet
bg005pephm00000`
ready for next packet
bi0011000000000;
ready for next packet
ap0010000000000 
cx009w3k4k5k6v0|
ready for next packet
ap0011000000000!
cx109x3v4k5k6v0o
ready for next packet
ap0012000000000"
cv201y000000000o
ready for next packet
ap0013000000000#
cx309x3v4k5k6v0m
ready for next packet
ap0014000000000$
cv401y000000000i
ready for next packet
ap0015000000000%
cx509x3v4k5v6k0k
ready for next packet
ap0016000000000&
cv601y000000000k
ready for next packet
ap0017000000000'
cx709x3k4v5k6v0i
ready for next packet
ap0018000000000(
cz801y000000000i
ready for next packet
bm0011000000000?
ready for next packet
bk00110000000009
ready for next packet
be01110000000006
SUCCESSFUL association
ready for next packet
bg015cfdgk00000l
ready for next packet
bi0111000000000:
ready for next packet
ap0110000000000!
cx019y3k4k5v6v0n
ready for next packet
ap0111000000000 
cv111y000000000m
ready for next packet
ap0112000000000#
cx219y3v4v5k6k0l
ready for next packet
ap0113000000000"
cz3110000000000*
ready for next packet
ap0114000000000%
cx41903v4k5v6k0#
readcz7112000000000,
ready for next packet
ap0118000000000)
cx81923v4k5v6k0-
ready for next pack
ready for next packet
ap0315000000000&
cz531<000000000"
ready for next pack