go time
Enter crypto seed
ready for next packet
be00110000000007
SUCCESSFUL association
ready for next packet
bg005ngpkh00000z
ready for next packet
bi0011000000000;
ready for next packet
ap0010000000000 
cx0093wqxqy20q0$
ready for next packet
ap0011000000000!
cx1094wqx2yq020a
ready for next packet
ap0012000000000"
cv201y000000000o
ready for next packet
ap0013000000000#
cx3094wqxqy2020c
ready for next packet
ap0014000000000$
cv401y000000000i
ready for next packet
ap0015000000000%
cx5094wqx2yq020e
ready for next packet
ap0016000000000&
cv601y000000000k
ready for next packet
ap0017000000000'
cx7094w2xqyq020g
ready for next packet
ap0018000000000(
cz8015000000000%
ready for next packet
bm0011000000000?
ready for next packet
bk00110000000009
ready for next packet
be01110000000006
SUCCESSFUL association
ready for next packet
bg015hhini00000o
ready for next packet
bi0111000000000:
ready for next packet
ap0110000000000!
cx019y3k4v5k6v0n
ready for next packet
ap0111000000000 
cz1110000000000(
ready for next packet
ap0112000000000#
cx21903k4k5v6v0%
ready for next packet
ap0113000000000"
cv311y000000000o
ready cv221y000000000m
ready for next packet
ap0213000000000!
cx3298w2x2yq0q0m
ready for next pacacket
bk0311000000000:
ready for next packet
be04110000000003
SUCCESSF
ready for next packet
bi0411000000000?
ready for next packe