go time
Enter crypto seed
ready for next packet
be00110000000007
SUCCESSFUL association
ready for next packet
bg005bfgco00000o
ready for next packet
bi0011000000000;
ready for next packet
ap0010000000000 
cx0093wqxqyq020$
ready for next packet
ap0011000000000!
cx1094w2xqy20q0a
ready for next packet
ap0012000000000"
cv201y000000000o
ready for next packet
ap0013000000000#
cx3094w2x2yq0q0c
ready for next packet
ap0014000000000$
cz4015000000000)
ready for next packet
ap0015000000000%
cx5095wqx2y20q0d
ready for next packet
ap0016000000000&
cz6016000000000(
ready for next packet
ap0017000000000'
cx7096w2xqyq020e
ready for next packet
ap0018000000000(
cz8017000000000'
ready for next packet
bm0011000000000?
ready for next packet
bk00110000000009
ready for next packet
be01110000000006
SUCCESSFUL association
ready for next packet
bg015mhaai00000m
ready for next packet
bi0111000000000:
ready for next packet
ap0110000000000!
cx01913v4k5v6k0&
ready for next packet
ap0111000000000 
cz1112000000000*
ready for next pa
SUCCESSFUL association
ready for next packet
bg035bahld00000`
ready for next pa