go time
Enter crypto seed
ready for next packet
be00110000000007
SUCCESSFUL association
ready for next packet
bg005maflk00000m
ready for next packet
bi0011000000000;
ready for next packet
ap0010000000000 
cx009w3k4k5v6k0|
ready for next packet
ap0011000000000!
cx109x3v4k5k6v0o
ready for next packet
ap0012000000000"
cz201y000000000c
ready for next packet
ap0013000000000#
cx309y3k4v5k6v0l
ready for next packet
ap0014000000000$
cz4010000000000,
ready for next packet
ap0015000000000%
cx50903k4v5k6v0#
ready for next packet
ap0016000000000&
cz6011000000000/
ready for next packet
ap0017000000000'
cx70913v4v5k6k0 
ready for next packet
ap0018000000000(
cz8012000000000"
ready for next packet
bm0011000000000?
ready for next packet
bk00110000000009
ready for next packet
be01110000000006
SUCCESSFUL association
ready for next packet
bg015cpehp00000o
ready foet
ap0112000000000#
cx2199w2xqy20q0n
ready for next packet
ap0113000000000"
cz311:000000000 
ready for next pac