go time
Enter crypto seed
ready for next packet
be00110000000007
SUCCESSFUL association
ready for next packet
bg005jhbkg00000l
ready for next packet
bi0011000000000;
ready for next packet
ap0010000000000 
cx0093wqxqy20q0$
ready for next packet
ap0011000000000!
cx1094w2x2yq0q0a
ready for next packet
ap0012000000000"
cz2015000000000/
ready for next packet
ap0013000000000#
cx3095w2x2yq0q0b
ready for next packet
ap0014000000000$
cv401y000000000i
ready for next packet
ap0015000000000%
cx5095wqxqy2020d
ready for next packet
ap0016000000000&
cz6016000000000(
ready for next packet
ap0017000000000'
cx7096w2xqyq020e
ready for next packet
ap0018000000000(
cz8017000000000'
ready for next packet
bm0011000000000?
ready for next packet
bk00110000000009
ready for next packet
be01110000000006
SUCCESSFUL association
ready for next packet
bg015dgfbe00000c
ready for next packet
bi0111000000000:
ready for next packet
ap0110000000000!
cx01913k4k5v6v0&
ready for next packet
ap0111000000000 
cv111y000000000m
ready for next packet
ap0112000000000#
cx21913v4v5k6k0$
ready for next packet
ap0113000000000"
cz3112000000000(
ready fo
cv421y000000000k
ready for next packet
ap0215000000000'
cx529:w2xqy20q0i
ready for nex
ap0310000000000#
cx03943v4k5v6k0!
ready for next packet
ap0311000000000"
cv131y000000000o
ready for nor next packet
ap0313000000000 
cv331y000000000m
ready for next packet
ap0314000000000'
cx43943v4k5v6k0%
ready for next packet
ap0315000000000&
cv531y000000000k
ready for nexbe04110000000003
SUCCESSFUL association
ready for next packet
bg045admng00000e
ready for next