go time
Enter crypto seed
ready for next packet
be00110000000007
SUCCESSFUL association
ready for next packet
bg005hhjec00000l
ready for next packet
bi0011000000000;
ready for next packet
ap0010000000000 
cx009w3k4k5k6v0|
ready for next packet
ap0011000000000!
cx109x3v4k5v6k0o
ready for next packet
ap0012000000000"
cv201y000000000o
ready for next packet
ap0013000000000#
cx309x3v4k5v6k0m
ready for next packet
ap0014000000000$
cv401y000000000i
ready for next packet
ap0015000000000%
cx509x3v4k5v6k0k
ready for next packet
ap0016000000000&
cv601y000000000k
ready for next packet
ap0017000000000'
cx709x3v4k5k6v0i
ready for next packet
ap0018000000000(
cv801y000000000e
ready for next packet
bm0011000000000?
ready for next packet
bk00110000000009
ready for next packet
be01110000000006
SUCCESSFUL association
ready for next packet
bg015meaic00000b
ready for next packet
bi0111000000000:
ready for next packet
ap0110000000000!
cx0194w2x2yq0q0a
ready for next packet
ap0111000000000 
cz1115000000000-
ready for next packet
ap0112000000000#
cx2195w2x2yq0q0b
ready for next packet
ap0113000000000"
cv311y000000000o
ready for next packet
ap0114000000000%
eady for next packet
bi03110000000008
ready for next packetWell done, ubd
Good game
