go time
Enter crypto seed
ready for next packet
be00110000000007
SUCCESSFUL association
ready for next packet
bg005kdkie00000h
ready for next packet
bi0011000000000;
ready for next packet
ap0010000000000 
cx009w3k4k5k6v0|
ready for next packet
ap0011000000000!
cx109x3v4k5v6k0o
ready for next packet
ap0012000000000"
cv201y000000000o
ready for next packet
ap0013000000000#
cx309x3v4v5k6k0m
ready for next packet
ap0014000000000$
cz401y000000000e
ready for next packet
ap0015000000000%
cx509y3k4v5v6k0j
ready for next packet
ap0016000000000&
cz6010000000000.
ready for next packet
ap0017000000000'
cx70903v4v5k6k0!
ready for next packet
ap0018000000000(
cv801y000000000e
ready for next packet
bm0011000000000?
ready for next packet
bk00110000000009
ready for next ociation
ready for next packet
bg015kohfe00000n
ady for next packet
bi0111000000000:
ready for next packet
ap0110000000000!
cx0196wqxqy2020c
ready for next packet
ap0111000000000 
cz1117000000000/
ready for next packet
ap0112000000000#
cx2197wqx2y20q0`
ready for next packet
ap0113000000000"
cv311y000000000o
readap0217000000000%
cx7297wqx2y20q0f
ready for next packet
ap0218000000000*
cv821y000000000g
ready for nady for next packet
ap0414000000000 
cz441<000000000$
ready for next packe