go time
Enter crypto seed
ready for next packet
be00110000000007
SUCCESSFUL association
ready for next packet
bg005lmjfl00000a
ready for next packet
bi0011000000000;
ready for next packet
ap0010000000000 
cx0093wqxqyq020$
ready for next packet
ap0011000000000!
cx1094wqxqy2020a
ready for next packet
ap0012000000000"
cv201y000000000o
ready for next packet
ap0013000000000#
cx3094wqx2yq020c
ready for next packet
ap0014000000000$
cz4015000000000)
ready for next packet
ap0015000000000%
cx5095wqxqy2020d
ready for next packet
ap0016000000000&
cv601y000000000k
ready for next packet
ap0017000000000'
cx7095w2x2yq0q0f
ready for next packet
ap0018000000000(
cz8016000000000&
ready for next packet
bm0011000000000?
ready for next packet
bk00110000000009
ready for next packet
be01110000000006
SUCCESSFUL association
ready for next packet
bg015imjkm00000i
ready for next packet
bi0111000000000:
ready for next packet
ap0110000000000!
cx0196w2xqyq020c
ready for next packet
ap0111000000000 
cv111y000000000m
ready for next packet
ap0112000000000#
cx2196wqx2y20q0a
ready for next packet
ap0113000000000"
cz3117000000000-
ready for next packet
ap0114000000000%
cx4197wqxqy2020f
ready for next packet
ap0115000000000$
cz5118000000000$
ready for next pacady for next packet
bi02110000000009
ready for next packet
ap0210000000000"cx1298wqxqy2020o
ready for next packet
ap0212000000000 
cv221y000000000m
ready for next packet
ap0213000000000!
cx3298w2xqyq020m
ready for next packet
ap0214000000000&
cz4219000000000'
readt
bm0211000000000=
ready for next packet
bk0211000000000;
ready for next packet
be03110000000004
SUCCESSFUL t
ap0311000000000"
cz1316000000000,
ready for next packet
YOU WIN, what is your name?
Well done, g
Good