1. Register New Player
2. Exit
> Flair 1 = Terminator
Flair 2 = 2001
Flair 3 = Collosus
Enter player information: [name,flair]

Welcome to WarGames, PovPlayer. It's just you vs. me
---PovPlayer's stats---
Current Score: 0
Number of Three in a row draws: 0
Number of Three in a row wins: 0
Number of Hammer, Sheet, Sheers wins: 0
Number of Guess my number wins: 0

Choose a game to play:
--Easy--
1. Hammer, Sheet, Sheers
--Medium--
2. Guess my number
--Impossible--
3. Three in a row
4. Give up

Shall we play a game?
Game # See you next time, PovPlayer
1. Register New Player
2. Exit
> Flair 1 = Terminator
Flair 2 = 2001
Flair 3 = Collosus
Enter player information: [name,flair]

Welcome to WarGames, 12345678901234567890123
û÷ýM;ÜÍ. It's just you vs. me
---12345678901234567890123
û÷ýM;ÜÍ's stats---
Current Score: 516807739
Number of Three in a row draws: 0
Number of Three in a row wins: 0
Number of Hammer, Sheet, Sheers wins: 0
Number of Guess my number wins: 0

Choose a game to play:
--Easy--
1. Hammer, Sheet, Sheers
--Medium--
2. Guess my number
--Impossible--
3. Three in a row
4. Give up

Shall we play a game?
Game # Choose [HAMMER, SHEET, SHEERS]: HAMMER v SHEERS
You Win!
---12345678901234567890123
û÷ýM#àÍ's stats---
Current Score: 516808739
Number of Three in a row draws: 0
Number of Three in a row wins: 0
Number of Hammer, Sheet, Sheers wins: 1
Number of Guess my number wins: 0

Choose a game to play:
--Easy--
1. Hammer, Sheet, Sheers
--Medium--
2. Guess my number
--Impossible--
3. Three in a row
4. Give up

Shall we play a game?
Game # Enter max value (Default=65535): Guess the number [16 guesses left]: Too Low
Guess the number [15 guesses left]: Too High
Guess the number [14 guesses left]: Too High
Guess the number [13 guesses left]: Too Low
Guess the number [12 guesses left]: Too High
Guess the number [11 guesses left]: Too Low
Guess the number [10 guesses left]: Too High
Guess the number [9 guesses left]: Too Low
Guess the number [8 guesses left]: Too High
Guess the number [7 guesses left]: Too High
Guess the number [6 guesses left]: Too High
Guess the number [5 guesses left]: Too High
Guess the number [4 guesses left]: Too High
Guess the number [3 guesses left]: Too Low
Guess the number [2 guesses left]: You won!
---12345678901234567890123
û÷ýMäÍ's stats---
Current Score: 516809739
Number of Three in a row draws: 0
Number of Three in a row wins: 0
Number of Hammer, Sheet, Sheers wins: 1
Number of Guess my number wins: 1

Choose a game to play:
--Easy--
1. Hammer, Sheet, Sheers
--Medium--
2. Guess my number
--Impossible--
3. Three in a row
4. Give up

Shall we play a game?
Game # You're playing 3 in a row. Good luck!
|-|-|-|
|-|-|-|
|-|-|-|
Enter move [y,x]: 
|-|-|-|
|-|-|-|
|H|-|-|

|-|-|-|
|-|C|-|
|H|-|-|
Enter move [y,x]: 
|-|-|-|
|-|C|-|
|H|H|-|

|-|-|-|
|-|C|-|
|H|H|C|
Enter move [y,x]: 
|H|-|-|
|-|C|-|
|H|H|C|

|H|-|-|
|C|C|-|
|H|H|C|
Enter move [y,x]: 
|H|-|-|
|C|C|H|
|H|H|C|

|H|C|-|
|C|C|H|
|H|H|C|
Enter move [y,x]: 
|H|C|H|
|C|C|H|
|H|H|C|
It's a tie!
---12345678901234567890123
û÷ýMäÍ's stats---
Current Score: 516809739
Number of Three in a row draws: 1
Number of Three in a row wins: 0
Number of Hammer, Sheet, Sheers wins: 1
Number of Guess my number wins: 1

Choose a game to play:
--Easy--
1. Hammer, Sheet, Sheers
--Medium--
2. Guess my number
--Impossible--
3. Three in a row
4. Give up

Shall we play a game?
Game # You're playing 3 in a row. Good luck!

|-|-|C|
|-|-|-|
|-|-|-|
Enter move [y,x]: 
|-|-|C|
|-|H|-|
|-|-|-|

|C|-|C|
|-|H|-|
|-|-|-|
Enter move [y,x]: 
|C|H|C|
|-|H|-|
|-|-|-|

|C|H|C|
|-|H|-|
|-|C|-|
Enter move [y,x]: 
|C|H|C|
|H|H|-|
|-|C|-|

|C|H|C|
|H|H|C|
|-|C|-|
Enter move [y,x]: 
|C|H|C|
|H|H|C|
|-|C|H|

|C|H|C|
|H|H|C|
|C|C|H|
It's a tie!
---12345678901234567890123
û÷ýMäÍ's stats---
Current Score: 516809739
Number of Three in a row draws: 2
Number of Three in a row wins: 0
Number of Hammer, Sheet, Sheers wins: 1
Number of Guess my number wins: 1

Choose a game to play:
--Easy--
1. Hammer, Sheet, Sheers
--Medium--
2. Guess my number
--Impossible--
3. Three in a row
4. Give up

Shall we play a game?
Game # You're playing 3 in a row. Good luck!
|-|-|-|
|-|-|-|
|-|-|-|
Enter move [y,x]: 
|-|-|-|
|-|-|-|
|H|-|-|

|-|-|-|
|-|C|-|
|H|-|-|
Enter move [y,x]: 
|-|-|-|
|-|C|-|
|H|H|-|

|-|-|-|
|-|C|-|
|H|H|C|
Enter move [y,x]: 
|H|-|-|
|-|C|-|
|H|H|C|

|H|-|-|
C|H|C|
|H|H|C|
|-|C|H|

|C|H|C|
|H|H|C|
|C|C|H|
It's a tie!
---12345678901234567890123
û÷ýMäÍ's stats---
Current Score: 516809739
-|-|-|
|H|-|-|

|-|-|-|
|-|C|-|
|H|-|-|
Enter move [y,x]: 
|-|-|C|H|
|H|H|C|

|H|C|-|
|C|C|H|
|H|H|C|
Enter move [y,x]: 
|H|C|H|
|C|
|-|-|-|
|-|C|-|
|H|-|-|
Enter move [y,x]: 
|-|-|-|
|-|C|-|
|H|H|-|

|-|-|-|
|-|C|-|
|H|H|C|
Enter move [y,x]: 
|H|-|-|
|-|C|-|
|H|H|C|

|H|-|-|
|C|C|-|
|H|H|C|
Enter move [y,x]: 
|H|-|-|
|C|C|H|
|H|H|C|

|H|C|-|
|C|C|H|
|H|H|C|
Enter move [y,x]: 
|H|C|H|
|C|C|H|
|H|-|-|-|
|-|H|-|
|-|-|C|

|C|-|-|
|-|H|-|
|-|-|C|
Enter move [y,x]: C|-|-|
|-|H|-|
|-|H|C|

|C|C|-|
|-|H|-|
|-|H|C|
Enter move [y,x]: 
|
|-|-|-|
|-|C|-|
|H|-|-|
Enter move [y,x]: 
|-|-|-|
|-|C|-|
|H|H|-|
-|
|-|-|C|

|C|-|-|
|-|H|-|
|-|-|C|
Enter move [y,x]: 
|C|-|-|
|-|H|-|
|-|H|C|

|C|C|-|
|-|H|-|
|-|H|C|
Enter move [y,x]: 
|C|C|H|
|-|H|-|
|-|H|C|

|C|C|H|
|-|H|-|
|C|H|C|
Enter move [y,x]: 
|C|C|H|
|H|
|-|-|-|
|-|C|-|
|H|-|-|
Enter move [y,x]: 
|-|-|-|
|-|C|-|
|H|H|-|
-|
|H|H|C|

|H|-|-|
|C|C|-|
|H|H|C|
Enter move [y,x]: 
|H|-|-|
|C|C|H|H|C|
|-|C|-|
Enter move [y,x]: 
|C|H|C|
|H|H|C|
|-|C|H|

|C|H|C|
|
|-|-|-|
|-|C|-|
|H|-|-|
Enter move [y,x]: 
|-|-|-|
|-|C|-|
|H|H|-|

|-|-|-|
|-|C|-|
|H|H|C|
Enter move [y,x]: 
|H|-|-|
|-|C|-|
|H|H|C|Number of Three in a row wins: 0
Number of Hammer, Sheet, Sheers wins: 1
Number of Guess my number wins: 1

Choose a game to play:
--Easy--
1. Hammer, Sheet, Sheers
--Medium--
2. Guess my number
--Impossible--
3. Three in a row
4. Give up

Shall we play a game?
Game # You're playing 3 in a row. Good luck!
|-|-|-|
|-|-|-|
|-|-|
|-|-|-|
|-|C|-|
|H|-|-|
Enter move [y,x]: 
|-|-|-|
|-|C|-|
|H|H|-|

|-|-|-|
|-|C|-|
|H|H|C|
Enter move [y,x]: 
|H|-|-|
|-|C|-|
|H|H|C|Enter move [y,x]: 
|-|-|-|
|-|H|-|
|C|-|-|

|C|-|-|
|-|H|-|
|C|-|-|
Shall we play a game?
Game # You're playing 3 in a row. Good luck!
|-|-|-|
|-|-|-|
|-|-|-|
Enter move [y,x]: 
|-|-|-|
|-|-|-|
|-|-|-|
|-|C|-|
|H|-|-|
Enter move [y,x]: 
|-|-|-|
|-|C|-|
|H|H|-|

|-|-|-|
|-|C|-|
|H|H|C|
Enter move [y,x]: 
|H|-|-|
|-|C|-|
|H|H|C|
Current Score: 516809739
Number of Three in a row draws: 17
Number of Three in a row wins: 0
Number of Hammer, Sheet, Sheers wins: 1
Number of Guess my number wins: 1

Choose a game to play:
--Easy--
1. Hammer, Sheet, Sheers
--Medium--
2. Guess my number
--Impossible--
3. Three in a row
4. Give up

Shall we play a game?
Game # You're playing 3 in a row. Good luck!

|C|-|-|
|-|-|-|
|-|-|-|-|
|-|-|-|
|-|-|-|
Enter move [y,x]: 
|-|-|-|
|-|-|-|
|H|-|-|

|Enter move [y,x]: 
|H|-|-|
|-|C|-|
|H|H|C|

|H|-|-|
|C|C|-|
|H|H|C|
|-|-|-|

|C|C|H|
|-|H|-|
|C|-|-|
Enter move [y,x]: 
|C|C|H|
|H|
Enter move [y,x]: 
|C|C|H|
|H|H|C|
|C|-|H|

|C|C|H|
|H|H|C|
|C|C|H|4. Give up

Shall we play a game?
Game # You're playing 3 in a row. Good luck!
|-|-|-|
|-|-|-|
|-|-|-|
Enter move [y,x]: 
|-|-|-|
|-|
|-|-|-|
|-|C|-|
|H|-|-|
Enter move [y,x]: 
|-|-|-|
|-|C|-|
|H|H|-|

|-|-|-|
|-|C|-|
|H|H|C|
Enter move [y,x]: 
|H|-|-|
|-|C|-|
|H|H|C|--Easy--
1. Hammer, Sheet, Sheers
--Medium--
2. Guess my number
--Impossible--
3. Three in a row
4. Give up

Shall we play a game?
Game # You're playing 3 in a row. Good luck!
|-|-|-|
|-|-|-|
|-|-|-|
Enter move [y,x]: 
|
|-|-|-|
|-|C|-|
|H|-|-|
Enter move [y,x]: 
|-|-|-|
|-|C|-|
|H|H|-|

|-|-|-|
|-|C|-|
|H|H|C|
Enter move [y,x]: 
|H|-|-|
|-|C|-|
|H|3. Three in a row
4. Give up

Shall we play a game?
Game # You're playing 3 in a row. Good luck!

|-|-|C|
|-|-|-|
|-|-|-|
Enter move [y,x]: 
|-|-|C|
|-|C|-|C|
|-|H|-|
|-|-|-|
Enter move [y,x]: 
|C|H|C|
|-|H|-|
|-|-|-|

|C|
|-|C|H|

|C|H|C|
|H|H|C|
|C|C|H|
It's a tie!
---12345678901234567890123
û÷ýMäÍ's stats---
Current Score: 516809739
Number of Three in a row draws: 24
Number of Three in a row wins: 0
Number of Hammer, Sheet, Sheers wins: 1
Number of Guess my number wins: 1

Choose a game to play:
--Easy--

|-|-|-|
|-|C|-|
|H|-|-|
Enter move [y,x]: 
|-|-|-|
|-|C|-|
|H|H|-|

|-|-|-|
|-|C|-|
|H|H|C|
Enter move [y,x]: 
|H|-|-|
|-|C|-|
|H|H|C|

|H|-|-|
|C|C|-|
|H|H|C|
Enter move [y,x]: 
|H|-|-|
|C|C|H|
|H|H|-|H|C|
Enter move [y,x]: 
|C|C|H|
|-|H|-|
|-|H|C|

|C|C|H|
|-|H|-|
|C|
|-|-|-|
|-|C|-|
|H|-|-|
Enter move [y,x]: 
|-|-|-|
|-|C|-|
|H|H|-|

|-|-|-|
|-|C|-|
|H|H|C|
Enter move [y,x]: 
|H|-|-|
|-|C|-|
|H|H||C|-|-|
|-|-|-|
|-|-|-|
Enter move [y,x]: 
|C|-|-|
|-|H|-|
|-|-|-|
|C|C|-|
|-|H|-|
|-|-|-|
Enter move [y,x]: 
|C|C|H|
|-|H|-|
|-|-|-|
|-|-|-|
|-|C|-|
|H|-|-|
Enter move [y,x]: 
|-|-|-|
|-|C|-|
|H|H|-|

|-|-|-|
|-|C|-|
|H|H|C|
Enter move [y,x]: 
|H|-|-|
|-|C|-|
|H|H|C|H|
|H|H|C|
Enter move [y,x]: 
|H|C|H|
|C|C|H|
|H|H|C|
It's a tie!
---12345678901234567890123
û÷ýMäÍ's stats---
Current Score: 516809739
Number of Three in a row draws: 29
Number of Three in a row wins: 0
Number of Hammer, Sheet, Sheers wins: 1
Number of Guess my number wins: 1
3. Three in a row
4. Give up

Shall we play a game?
Game # You're playing 3 in a row. Good luck!

|-|-|C|
|-|-|-|
|-|-|-|
Enter move [y,x]: 
|-|-|C|
|-|H|
|-|-|-|
|-|C|-|
|H|-|-|
Enter move [y,x]: 
|-|-|-|
|-|C|-|
|H|H|-|
|C|C|-|
|H|H|C|
Enter move [y,x]: 
|H|-|-|
|C|C|H|
|H|H|C|

|H|C|-|
|C|C|H|
|H|H|C|
Enter move [y,x]: 
|H|C|H|
|C|C|H|
|H|H|C|
It's a tie!
---12345678901234567890123
û÷ýMäÍ's stats---
Current Score: 516809739
Number of Three in a row draws: 31
Number of Three in a row wins: 0
-|-|
|-|-|-|
|-|-|-|
Enter move [y,x]: 
|C|-|-|
|-|H|-|
|-|-|-|

4. Give up

Shall we play a game?
Game # You're playing 3 in a row. Good luck!
|-|-|-|
|-|-|-|
|-|-|-|
Enter move [y,x]: 
|-|-|-|
|-|
|-|-|-|
|-|C|-|
|H|-|-|
Enter move [y,x]: 
|-|-|-|
|-|C|-|
|H|H|-|

|-|-|-|
|-|C|-|
|H|H|C|
Enter move [y,x]: 
|H|-|-|
|-|C|-|
|H|H|C|-|
|-|H|-|
|-|-|-|
Enter move [y,x]: 
|C|C|H|
|-|H|-|
|-|-|-|

|C|C|H|
|H|H|-|
|C|-|-|

|C|C|H|
|H|H|C|
|C|-|-|
Enter move [y,x]: 
|C|C|
|-|-|-|
|-|C|-|
|H|-|-|
Enter move [y,x]: 
|-|-|-|
|-|C|-|
|H|H|-|-|

|C|-|-|
|-|H|-|
|C|-|-|
Enter move [y,x]: 
|C|-|-|
|H|H|-|
|C|
|C|-|-|
|H|H|C|
|C|-|H|

|C|C|-|
|H|H|C|
|C|-|H|
Enter move [y,x]: 
|C|C|H|
|H|H|C|
|C|-|H|

|C|C|H|
|H|H|C|
|C|C|H|

|-|-|-|
|H|-|-|

|-|-|-|
|-|C|-|
|H|-|-|
Enter move [y,x]: 
|-|-|-|
|-|C|-|
|H|
|H|C|H|
|C|C|H|
|H|H|C|
It's a tie!
---12345678901234567890123
û÷ýMäÍ's stats---
Current Score: 516809739
Number of Three in a row draws: 37
Number of Three in a row wins: 0
Number of Hammer, Sheet, Sheers wins: 1
Number of Guess my number wins: 1

Choose a game to play:
--Easy--
1. Hammer, Sheet, Sheers
--Medium--
2. Guess my number
--Impossible--
3. Three in a row
4. Give up

C|-|H|

|C|C|H|
|H|H|C|
|C|C|H|
It's a tie!
---12345678901234567890123
û÷ýMäÍ's stats---
Current Score: 516809739
Number of Three in a row draws: 38
Number of Three in a row wins: 0
Number of Hammer, Sheet, Sheers wins: 1
Number of Guess my number wins: 1

Choose a game to play:
--Easy--
1. Hammer, Sheet, Sheers
--Medium--
2. Guess my number
--Impossible--
3. Three in a row
4. Give up

Shall we play a game?
Game # You're playing 3 in a row. Good luck!
|-|-|-|
|-|-|-|
|-|-|-|
Enter move [y,x]: 
|-|-|-|
|-|-|-|
|H|-|-|

|-|-|-|
|-|C|-|
|H|-|-|
Enter move [y,x]: 
|-|-|-|
|-|C|-|
|H|H|-|

|-|-|-|
|-|C|-|
|H|H|C|
Enter move [y,x]: 
|H|-|-|
|-|C|-|
|H|H|C|

|H|-|-|
|C|C|-|
|H|H|C|
Enter move [y,x]: 
|H|-|-|
|C|C|H|
|H|H|C|

|H|C|-|
|C|C|H|
|H|H|C|
Enter move [y,x]: 
|H|C|H|
|C|C|H|
|H|H|C|
It's a tie!
---12345678901234567890123
û÷ýMäÍ's stats---
Current Score: 516809739
Number of Three in a row draws: 39
Number of Three in a row wins: 0
Number of Hammer, Sheet, Sheers wins: 1
Number of Guess my number wins: 1

Choose a game to play:
--Easy--
1. Hammer, Sheet, Sheers
--Medium--
2. Guess my number
--Impossible--
3. Three in a row
4. Give up

Shall we play a game?
Game # You're playing 3 in a row. Good luck!

|C|-|-|
|-|-|-|
|-|-|-|
Enter move [y,x]: 
|C|-|-|
|-|H|-|
|-|-|-|

|C|C|-|
|-|H|-|
|-|-|-|
Enter move [y,x]: 
|C|C|H|
|-|H|-|
|-|-|-|

|C|C|H|
|-|H|-|
|C|-|-|
Enter move [y,x]: 
|C|C|H|
|H|H|-|
|C|-|-|

|C|C|H|
|2. Guess my number
--Impossible--
3. Three in a row
4. Give up

Shall we play a game?
Game # You're playing 3 in a row. Good luck!
|-|-|-|
|-|-|-|
|-|-|-|
Enter move [y,x]: 
|-|-|-|
|-|-|-|
|-|C|-|
|H|-|-|
Enter move [y,x]: 
|-|-|-|
|-|C|-|
|H|H|-|

|-|-|-|
|-|C|-|
|H|H|C|
Enter move [y,x]: 
|H|-|-|
|-|C|-|
|H|H|C|C|C|H|
|-|H|-|
|-|-|-|

|C|C|H|
|-|H|-|
|C|-|-|
Enter move [y,x]: 
|-|-|

|C|C|H|
|H|H|C|
|C|-|-|
Enter move [y,x]: 
|C|C|H|
|H|H|C|
|C|Enter move [y,x]: 
|-|-|-|
|-|-|-|
|H|-|-|

|-|-|-|
|-|C|-|
|H|-|-|
Enter move [y,x]: 
|-|-|-|
|-|C|-|
|H|H|-|

|-|-|-|
|-|C|-|
|H|H|C|
Enter move [y,x]: 
|H|-|-|
|-|C|C|C|-|
|H|H|C|
Enter move [y,x]: 
|H|-|-|
|C|C|H|
|H|H|C|

|Number of Guess my number wins: 1

Choose a game to play:
--Easy--
1. Hammer, Sheet, Sheers
--Medium--
2. Guess my number
--Impossible--
3. Three in a row
4. Give up

Shall we play a game?
Game # You're playing 3 in a row. Good luck!

|-|-|C|
|-|-|-|
|-|-|-|
Enter move [y,x]: Enter move [y,x]: 
|-|-|-|
|-|-|-|
|H|-|-|

|-|-|-|
|-|C|-|
|H|-|-|
Enter move [y,x]: 
|-|-|-|
|-|C|-|
|H|H|-|

|-|-|-|
|-|C|-|
|H|H|C|
Enter move [y,x]: 
|H|-|-|
|-|C|-|
|H|H|C|

|H|-|-|
|C|C|-|
|H|H|C|
Enter move [y,x]: 
|H|-|-|
|C|C|H|
|
|H|C|H|
|C|C|H|
|H|H|C|
It's a tie!
---12345678901234567890123
û÷ýMäÍ's stats---
Current Score: 516809739
Number of Three in a row draws: 45
Number of Three in a row wins: 0
Number of Hammer, Sheet, Sheers wins: 1
Number of Guess my number wins: 1

Choose a game to play:
--Easy--
1. Hammer, Sheet, Sheers
--Medium--
2. Guess my number
--Impossible--
3. Three in a row
4. Give up

Shall we play a game?
|C|C|H|
|H|H|-|
|C|-|-|

|C|C|H|
|H|H|C|
|C|-|-|
Enter move [y,x]: 

|-|-|-|
|-|-|-|
|H|-|-|

|-|-|-|
|-|C|-|
|H|-|-|
Enter move [y,x]: 
|-|-|-|
|-|C|-|
|H|H|-|

|-|-|-|
|-|C|-|
|H|H|C|
Enter move [y,x]: 
|H|-|-|
|-|C|-|
|H|H|C|

|H|-|-|
|C|C|-|
|H|H|C|
Enter move [y,x]: 
|H|-|-|
|C|C|H|
|H|H||-|-|-|
|-|-|-|
|-|-|C|
Enter move [y,x]: 
|-|-|-|
|-|H|-|
|-|-|
|-|-|-|
|-|-|-|
|H|-|-|

|-|-|-|
|-|C|-|
|H|-|-|
Enter move [y,x]: 
|-|-|-|
|-|C|-|
|H|H|-|

|-|-|-|
|-|C|-|
|H|H|C|
Enter move [y,x]: 
|H|-|-|
|-|C|-|
|H|H|C|

|H|-|-|
|C|C|-|
|H|H|C|
Enter move [y,x]: 
|H|-|-|
|C|C|H|
|H|H|C|

|H|C|-|
|C|C|H|
|H|H|C|
Enter move [y,x]: 
|H|C|H|
|C|C|H|
|-|C|-|
Enter move [y,x]: 
|C|H|C|
|H|H|C|
|-|C|H|

|C|H|C|
|H|H|C|
|C|C|H|
It's a tie!
---12345678901234567890123
û÷ýMäÍ's stats---
Current Score: 516809739
Number of Three in a row draws: 50
Number of Three in a row wins: 0
Number of Hammer, Sheet, Sheers wins: 1
Number of Guess my number wins: 1

Choose a game to play:
--Easy--
1. Hammer, Sheet, Sheers
--Medium--
2. Guess my number
--Impossible--
3. Three in a row
4. Give up

Shall we play a game?
Game # You're playing 3 in a row. Good luck!
|-|-|-|
|-|-|-|
|-|-|-|
Enter move [y,x]: 
|-|-|-|
|-|-|-|
|H|-|-|

|-|-|-|
|-|C|-|
|H|-|-|
Enter move [y,x]: 
|-|-|-|
|-|C|-|
|H|H|-|

|-|-|-|
|-|C|-|
|H|H|C|
Enter move [y,x]: 
|H|-|-|
|-|C|-|
|H|H|C|

|H|-|-|
|C|C|-|
|H|H|C|
Enter move [y,x]: 
|H|C|-|-|
|-|H|-|
|-|-|-|

|C|C|-|
|-|H|-|
|-|-|-|
Enter move [y,x]: 
|You're playing 3 in a row. Good luck!
|-|-|-|
|-|-|-|
|-|-|-|
Enter move [y,x]: 
|-|-|-|
|-|-|-|
|H|-|-|

|-|-|-|
|-|C|-|
|H|-|-|
Enter move [y,x]: 
|-|-|-|
|-|C|-|
|H|H|-|

|-|-|-|
|-|C|-|
|H|H|C|
Enter move [y,x]: 
|H|-|-|
|-|C|-|
|H|H|C|

|H|-|-|
|C|C|-|
|H|H||H|C|-|
|C|C|H|
|H|H|C|
Enter move [y,x]: 
|H|C|H|
|C|C|H|
|H|H|C|
It's a tie!
Number of Three in a row draws: 53
Number of Three in a row wins: 0
Number of Hammer, Sheet, Sheers wins: 1
Number of Guess my number wins: 1

Choose a game to play:
--Easy--
1. Hammer, Sheet, Sheers
--Medium--
2. Guess my number
--Impossible--
3. Three in a row
4. Give up

Shall we play a game?
Game # You're playing 3 in a row. Good luck!

|C|-|-|
|-|-|-|
|-|-|You're playing 3 in a row. Good luck!
|-|-|-|
|-|-|-|
|-|-|-|
Enter move [y,x]: 
|-|-|-|
|-|-|-|
|H|-|-|

|-|-|-|
|-|C|-|
|H|-|-|
Enter move [y,x]: 
|-|-|-|
|-|C|-|
|H|H|-|

|-|-|-|
|-|C|-|
|H|H|C|
Enter move [y,x]: 
|H|-|-|
|-|C|-|
|H|H|C|

|H|-|-|
|C|C|-|H|H|C|
It's a tie!
---12345678901234567890123
û÷ýMäÍ's stats---
Current Score: 516809739
Number of Three in a row draws: 55
Number of Three in a row wins: 0
Number of Hammer, Sheet, Sheers wins: 1
Number of Guess my number wins: 1

Choose a game to play:
--Easy--
1. Hammer, Sheet, Sheers
--Medium--
2. Guess my number
--Impossible--
3. Three in a row
4. Give up

Shall we play a game?
Game # You're playing 3 in a row. Good luck!

|-|-|C|
|
|C|-|C|
|-|H|-|
|-|-|-|
Enter move [y,x]: 
|C|H|C|
|-|H|-|
|-|-|-|-|-|-|
|-|-|-|
|H|-|-|

|-|-|-|
|-|C|-|
|H|-|-|
Enter move [y,x]: 
|-|-|-|
|-|C|-|
|H|H|-|

|-|-|-|
|-|C|-|
|H|H|C|
Enter move [y,x]: 
|H|-|-|
|-|C|-|
|H|H|C|

|H|-|-|
|C|C|-|
|H|H|C|
Enter move [y,x]: 
|H|-|-|
|C|C|H|
|H|
|H|H|C|
It's a tie!
---12345678901234567890123
û÷ýMäÍ's stats---
Current Score: 516809739
Number of Three in a row draws: 57
Number of Three in a row wins: 0
Number of Hammer, Sheet, Sheers wins: 1
Number of Guess my number wins: 1

Choose a game to play:
--Easy--
1. Hammer, Sheet, Sheers
--Medium--
2. Guess my number
--Impossible--
3. Three in a row
4. Give up

Shall we play a game?
Game # You're playing 3 in a row. Good luck!

|-|-|C|
-|-|
|-|-|-|
|H|-|-|

|-|-|-|
|-|C|-|
|H|-|-|
Enter move [y,x]: 
|-|-|-|
|-|C|-|
|H|H|-|

|-|-|-|
|-|C|-|
|H|H|C|
Enter move [y,x]: 
|H|-|-|
|-|C|-|
|H|H|C|

|H|-|-|
|C|C|-|
|H|H|C|
Enter move [y,x]: 
|H|-|-|
|C|C|H|
|H|H|C|

|H|C|-|
|C|C|H|
|H|H|C|
Enter move [y,x]: 
|H|C|H|
|C|C|H|
You're playing 3 in a row. Good luck!
|-|-|-|
|-|-|-|
|-|-|-|
Enter move [y,x]: 
|-|-|-|
|-|-|-|
|H|-|-|

|-|-|-|
|-|C|-|
|H|-|-|
Enter move [y,x]: 
|-|-|-|
|-|C|-|
|H|H|-|

|-|-|-|
|-|C|-|
|H|H|C|
Enter move [y,x]: 
|H|-|-|
|-|C|-|
|H|H|C|

|H|-|-|
|C|C|-|
|H|H|C|
Enter move [y,x]: 
|H|-|-|
|C|C|H|
|H|H|C|

|H|C|-|
|C|C|H|H|C|H|
|C|C|H|
|H|H|C|
It's a tie!
---12345678901234567890123
û÷ýMäÍ's stats---
Current Score: 516809739
Number of Three in a row draws: 61
Number of Three in a row wins: 0
Number of Hammer, Sheet, Sheers wins: 1
Number of Guess my number wins: 1

Choose a game to play:
--Easy--
1. Hammer, Sheet, Sheers
--Medium--
2. Guess my number
--Impossible--
3. Three in a row
4. Give up

Shall we play a game?
Game # You're playing 3 in a row. Good luck!


|-|-|-|

|C|-|C|
|-|H|-|
|-|-|-|
Enter move [y,x]: 
|C|H|C|
|-|H|-|
|-|-|-|

|C|H|C|
|-|H|-|
|-|C|-|
Enter move [y,x]: 
|C|H|C|
|H|H|-|
|-|C|-|

|C|H|C|
|H|H|C|
|-|C|-|
Enter move [y,x]: 
|C|H|C|
|H|H|C|
|-|C|H|

|C|H|C|
|H|H|C|
|C|C|H|
It's a tie!
---12345678901234567890123
û÷ýMäÍ's stats---
Current Score: 516809739
Number of Three in a row draws: 62
Number of Three in a row wins: 0
Number of Hammer, Sheet, Sheers wins: 1
Number of Guess my number wins: 1

Choose a game to play:
--Easy--
1. Hammer, Sheet, Sheers
--Medium--
2. Guess my number
--Impossible--
3. Three in a row
4. Give up

Shall we play a game?
Game # You're playing 3 in a row. Good luck!
|-|-|-|
|-|-|-|
|-|-|-|
-|
|-|-|-|
|H|-|-|

|-|-|-|
|-|C|-|
|H|-|-|
Enter move [y,x]: 
|-|-|-|
|-|C|-|
|H|H|-|

|-|-|-|
|-|C|-|
|H|H|C|
Enter move [y,x]: 
|H|-|-|
|-|C|-|
|
|H|-|-|
|C|C|H|
|H|H|C|

|H|C|-|
|C|C|H|
|H|H|C|
Enter move [y,x]: |H|C|H|
|C|C|H|
|H|H|C|
It's a tie!
---12345678901234567890123
û÷ýMäÍ's stats---
Current Score: 516809739
Number of Three in a row draws: 63
Number of Three in a row wins: 0
Number of Hammer, Sheet, Sheers wins: 1
Number of Guess my number wins: 1

Choose a game to play:
--Easy--
1. Hammer, Sheet, Sheers
--Medium--
2. Guess my number
--Impossible--
3. Three in a row
4. Give up

Shall we play a game?
Game # You're playing 3 in a row. Good luck!

|You're playing 3 in a row. Good luck!
|-|-|-|
|-|-|-|
|-|-|-|
Enter move [y,x]: 
|-|-|-|
|-|-|-|
|H|-|-|

|-|-|-|
|-|C|-|
|H|-|-|
Enter move [y,x]: 
|-|-|-|
|-|C|-|
|H|H|-|

|-|-|-|
|-|C|-|
|H|H|C|
Enter move [y,x]: 
|H|-|-|
|-|C|-|
|H|H|C|

|H|-|-|
|C|C|-|
|H|H|C|
Enter move [y,x]: 
|H|-|-|
|C|C|H|
|H|H|C|

|H|C|-|
|C|C|H|
|H|H|C|
Enter move [y,x]: 
|H|C|H|
|C|C|H|
|H|H|C|
It's a tie!
---12345678901234567890123
û÷ýMäÍ's stats---
Current Score: 516809739
Number of Three in a row draws: 65
Number of Three in a row wins: 0
Number of Hammer, Sheet, Sheers wins: 1
Number of Guess my number wins: 1

Choose a game to play:
--Easy--
1. Hammer, Sheet, Sheers
--Medium--
2. Guess my number
--Impossible--
3. Three in a row
4. Give up

Shall we play a game?
Game # You're playing 3 in a row. Good luck!

|-|-|C|
|-|-|-|
|-|-|-|
Enter move [y,x]: 
|-|-|C|
|-|H|-|
|-|-|-|

|C|-|C|
|-|H|-|
|-|-|-|
Enter move [y,x]: 
|C|H|C|
|-|H|-|
|-|-|-|

|C|H|C|
|-|H|-|
|-|C|-|
Enter move [y,x]: 
|C|H|C|
|H|H|-|
|-|C|-|

|C|H|C|
|H|H|C|
|-|C|-|
Enter move [y,x]: 
|C|H|C|
|H|H|C|
|-|C|H|

|C|H|C|
|H|H|C|
|C|C|H|
It's a tie!
---12345678901234567890123
û÷ýMäÍ's stats---
Current Score: 516809739
Number of Three in a row draws: 66
Number of Three in a row wins: 0
Number of Hammer, Sheet, Sheers wins: 1
Number of Guess my number wins: 1

Choose a game to play:
--Easy--
1. Hammer, Sheet, Sheers
--Medium--
2. Guess my number
--Impossible--
3. Three in a row
4. Give up

Shall we play a game?
Game # You're playing 3 in a row. Good luck!
|-|-|-|
|-|-|-|
|-|-|-|
Enter move [y,x]: 
|-|-|-|
|-|-|-|
|H|-|-|

|-|-|-|
|-|C|-|
|H|-|-|
Enter move [y,x]: 
|-|-|-|
|-|C|-|
|H|H|-|

|-|-|-|
|-|C|-|
|H|H|C|
Enter move [y,x]: 
|H|-|-|
|-|C|-|
|H|H|C|

|H|-|-|
|C|C|-|
|H|H|C|
Enter move [y,x]: 
|H|-|-|
|C|C|H|
|H|H|C|

|H|C|-|
|C|C|H|
|H|H|C|
Enter move [y,x]: 
|H|C|H|
|C|C|H|
|H|H|C|
It's a tie!
---12345678901234567890123
û÷ýMäÍ's stats---
Current Score: 516809739
Number of Three in a row draws: 67
Number of Three in a row wins: 0
Number of Hammer, Sheet, Sheers wins: 1
Number of Guess my number wins: 1

Choose a game to play:
--Easy--
1. Hammer, Sheet, Sheers
--Medium--
2. Guess my number
--Impossible--
3. Three in a row
4. Give up

Shall we play a game?
Game # You're playing 3 in a row. Good luck!

|-|-|-|
|-|-|-|
|C|-|-|
Enter move [y,x]: 
|-|-|-|
|-|H|-|
|C|-|-|

|C|-|-|
|-|H|-|
|C|-|-|
Enter move [y,x]: 
|C|-|-|
|H|H|-|
|C|-|-|

|C|-|-|
|H|H|C|
|C|-|-|
Enter move [y,x]: 
|C|-|-|
|H|H|C|
|C|-|H|

|C|C|-|
|H|H|C|
|C|-|H|
Enter move [y,x]: 
|C|C|H|
|H|H|C|
|C|-|H|

|C|C|H|
|H|H|C|
|C|C|H|
It's a tie!
---12345678901234567890123
û÷ýMäÍ's stats---
Current Score: 516809739
Number of Three in a row draws: 68
Number of Three in a row wins: 0
Number of Hammer, Sheet, Sheers wins: 1
Number of Guess my number wins: 1

Choose a game to play:
--Easy--
1. Hammer, Sheet, Sheers
--Medium--
2. Guess my number
--Impossible--
3. Three in a row
4. Give up

Shall we play a game?
Game # You're playing 3 in a row. Good luck!
|-|-|-|
|-|-|-|
|-|-|-|
Enter move [y,x]: 
|-|-|-|
|-|-|-|
|H|-|-|

|-|-|-|
|-|C|-|
|H|-|-|
Enter move [y,x]: 
|-|-|-|
|-|C|-|
|H|H|-|

|-|-|-|
|-|C|-|
|H|H|C|
Enter move [y,x]: 
|H|-|-|
|-|C|-|
|H|H|C|

|H|-|-|
|C|C|-|
|H|H|C|
Enter move [y,x]: 
|H|-|-|
|C|C|H|
|H|H|C|

|H|C|-|
|C|C|H|
|H|H|C|
Enter move [y,x]: 
|H|C|H|
|C|C|H|
|H|H|C|
It's a tie!
---12345678901234567890123
û÷ýMäÍ's stats---
Current Score: 516809739
Number of Three in a row draws: 69
Number of Three in a row wins: 0
Number of Hammer, Sheet, Sheers wins: 1
Number of Guess my number wins: 1

Choose a game to play:
--Easy--
1. Hammer, Sheet, Sheers
--Medium--
2. Guess my number
--Impossible--
3. Three in a row
4. Give up

Shall we play a game?
Game # You're playing 3 in a row. Good luck!

|-|-|C|
|-|-|-|
|-|-|-|
Enter move [y,x]: 
|-|-|C|
|-|H|-|
|-|-|-|

|C|-|C|
|-|H|-|
|-|-|-|
Enter move [y,x]: 
|C|H|C|
|-|H|-|
|-|-|-|

|C|H|C|
|-|H|-|
|-|C|-|
Enter move [y,x]: 
|C|H|C|
|H|H|-|
|-|C|-|

|C|H|C|
|H|H|C|
|-|C|-|
Enter move [y,x]: 
|C|H|C|
|H|H|C|
|-|C|H|

|C|H|C|
|H|H|C|
|C|C|H|
It's a tie!
---12345678901234567890123
û÷ýMäÍ's stats---
Current Score: 516809739
Number of Three in a row draws: 70
Number of Three in a row wins: 0
Number of Hammer, Sheet, Sheers wins: 1
Number of Guess my number wins: 1

Choose a game to play:
--Easy--
1. Hammer, Sheet, Sheers
--Medium--
2. Guess my number
--Impossible--
3. Three in a row
4. Give up

Shall we play a game?
Game # You're playing 3 in a row. Good luck!
|-|-|-|
|-|-|-|
|-|-|-|
Enter move [y,x]: 
|-|-|-|
|-|-|-|
|H|-|-|

|-|-|-|
|-|C|-|
|H|-|-|
Enter move [y,x]: 
|-|-|-|
|-|C|-|
|H|H|-|

|-|-|-|
|-|C|-|
|H|H|C|
Enter move [y,x]: 
|H|-|-|
|-|C|-|
|H|H|C|

|H|-|-|
|C|C|-|
|H|H|C|
Enter move [y,x]: 
|H|-|-|
|C|C|H|
|H|H|C|

|H|C|-|
|C|C|H|
|H|H|C|
Enter move [y,x]: 
|H|C|H|
|C|C|H|
|H|H|C|
It's a tie!
---12345678901234567890123
û÷ýMäÍ's stats---
Current Score: 516809739
Number of Three in a row draws: 71
Number of Three in a row wins: 0
Number of Hammer, Sheet, Sheers wins: 1
Number of Guess my number wins: 1

Choose a game to play:
--Easy--
1. Hammer, Sheet, Sheers
--Medium--
2. Guess my number
--Impossible--
3. Three in a row
4. Give up

Shall we play a game?
Game # You're playing 3 in a row. Good luck!

|-|-|C|
|-|-|-|
|-|-|-|
Enter move [y,x]: 
|-|-|C|
|-|H|-|
|-|-|-|

|C|-|C|
|-|H|-|
|-|-|-|
Enter move [y,x]: 
|C|H|C|
|-|H|-|
|-|-|-|

|C|H|C|
|-|H|-|
|-|C|-|
Enter move [y,x]: 
|C|H|C|
|H|H|-|
|-|C|-|

|C|H|C|
|H|H|C|
|-|C|-|
Enter move [y,x]: 
|C|H|C|
|H|H|C|
|-|C|H|

|C|H|C|
|H|H|C|
|C|C|H|
It's a tie!
---12345678901234567890123
û÷ýMäÍ's stats---
Current Score: 516809739
Number of Three in a row draws: 72
Number of Three in a row wins: 0
Number of Hammer, Sheet, Sheers wins: 1
Number of Guess my number wins: 1

Choose a game to play:
--Easy--
1. Hammer, Sheet, Sheers
--Medium--
2. Guess my number
--Impossible--
3. Three in a row
4. Give up

Shall we play a game?
Game # You're playing 3 in a row. Good luck!
|-|-|-|
|-|-|-|
|-|-|-|
Enter move [y,x]: 
|-|-|-|
|-|-|-|
|H|-|-|

|-|-|-|
|-|C|-|
|H|-|-|
Enter move [y,x]: 
|-|-|-|
|-|C|-|
|H|H|-|

|-|-|-|
|-|C|-|
|H|H|C|
Enter move [y,x]: 
|H|-|-|
|-|C|-|
|H|H|C|

|H|-|-|
|C|C|-|
|H|H|C|
Enter move [y,x]: 
|H|-|-|
|C|C|H|
|H|H|C|

|H|C|-|
|C|C|H|
|H|H|C|
Enter move [y,x]: 
|H|C|H|
|C|C|H|
|H|H|C|
It's a tie!
---12345678901234567890123
û÷ýMäÍ's stats---
Current Score: 516809739
Number of Three in a row draws: 73
Number of Three in a row wins: 0
Number of Hammer, Sheet, Sheers wins: 1
Number of Guess my number wins: 1

Choose a game to play:
--Easy--
1. Hammer, Sheet, Sheers
--Medium--
2. Guess my number
--Impossible--
3. Three in a row
4. Give up

Shall we play a game?
Game # You're playing 3 in a row. Good luck!

|-|-|-|
|-|-|-|
|-|-|C|
Enter move [y,x]: 
|-|-|-|
|-|H|-|
|-|-|C|

|C|-|-|
|-|H|-|
|-|-|C|
Enter move [y,x]: 
|C|-|-|
|-|H|-|
|-|H|C|

|C|C|-|
|-|H|-|
|-|H|C|
Enter move [y,x]: 
|C|C|H|
|-|H|-|
|-|H|C|

|C|C|H|
|-|H|-|
|C|H|C|
Enter move [y,x]: 
|C|C|H|
|H|H|-|
|C|H|C|

|C|C|H|
|H|H|C|
|C|H|C|
It's a tie!
---12345678901234567890123
û÷ýMäÍ's stats---
Current Score: 516809739
Number of Three in a row draws: 74
Number of Three in a row wins: 0
Number of Hammer, Sheet, Sheers wins: 1
Number of Guess my number wins: 1

Choose a game to play:
--Easy--
1. Hammer, Sheet, Sheers
--Medium--
2. Guess my number
--Impossible--
3. Three in a row
4. Give up

Shall we play a game?
Game # You're playing 3 in a row. Good luck!
|-|-|-|
|-|-|-|
|-|-|-|
Enter move [y,x]: 
|-|-|-|
|-|-|-|
|H|-|-|

|-|-|-|
|-|C|-|
|H|-|-|
Enter move [y,x]: 
|-|-|-|
|-|C|-|
|H|H|-|

|-|-|-|
|-|C|-|
|H|H|C|
Enter move [y,x]: 
|H|-|-|
|-|C|-|
|H|H|C|

|H|-|-|
|C|C|-|
|H|H|C|
Enter move [y,x]: 
|H|-|-|
|C|C|H|
|H|H|C|

|H|C|-|
|C|C|H|
|H|H|C|
Enter move [y,x]: 
|H|C|H|
|C|C|H|
|H|H|C|
It's a tie!
---12345678901234567890123
û÷ýMäÍ's stats---
Current Score: 516809739
Number of Three in a row draws: 75
Number of Three in a row wins: 0
Number of Hammer, Sheet, Sheers wins: 1
Number of Guess my number wins: 1

Choose a game to play:
--Easy--
1. Hammer, Sheet, Sheers
--Medium--
2. Guess my number
--Impossible--
3. Three in a row
4. Give up

Shall we play a game?
Game # You're playing 3 in a row. Good luck!

|-|-|-|
|-|-|-|
|-|-|C|
Enter move [y,x]: 
|-|-|-|
|-|H|-|
|-|-|C|

|C|-|-|
|-|H|-|
|-|-|C|
Enter move [y,x]: 
|C|-|-|
|-|H|-|
|-|H|C|

|C|C|-|
|-|H|-|
|-|H|C|
Enter move [y,x]: 
|C|C|H|
|-|H|-|
|-|H|C|

|C|C|H|
|-|H|-|
|C|H|C|
Enter move [y,x]: 
|C|C|H|
|H|H|-|
|C|H|C|

|C|C|H|
|H|H|C|
|C|H|C|
It's a tie!
---12345678901234567890123
û÷ýMäÍ's stats---
Current Score: 516809739
Number of Three in a row draws: 76
Number of Three in a row wins: 0
Number of Hammer, Sheet, Sheers wins: 1
Number of Guess my number wins: 1

Choose a game to play:
--Easy--
1. Hammer, Sheet, Sheers
--Medium--
2. Guess my number
--Impossible--
3. Three in a row
4. Give up

Shall we play a game?
Game # You're playing 3 in a row. Good luck!
|-|-|-|
|-|-|-|
|-|-|-|
Enter move [y,x]: 
|-|-|-|
|-|-|-|
|H|-|-|

|-|-|-|
|-|C|-|
|H|-|-|
Enter move [y,x]: 
|-|-|-|
|-|C|-|
|H|H|-|

|-|-|-|
|-|C|-|
|H|H|C|
Enter move [y,x]: 
|H|-|-|
|-|C|-|
|H|H|C|

|H|-|-|
|C|C|-|
|H|H|C|
Enter move [y,x]: 
|H|-|-|
|C|C|H|
|H|H|C|

|H|C|-|
|C|C|H|
|H|H|C|
Enter move [y,x]: 
|H|C|H|
|C|C|H|
|H|H|C|
It's a tie!
---12345678901234567890123
û÷ýMäÍ's stats---
Current Score: 516809739
Number of Three in a row draws: 77
Number of Three in a row wins: 0
Number of Hammer, Sheet, Sheers wins: 1
Number of Guess my number wins: 1

Choose a game to play:
--Easy--
1. Hammer, Sheet, Sheers
--Medium--
2. Guess my number
--Impossible--
3. Three in a row
4. Give up

Shall we play a game?
Game # You're playing 3 in a row. Good luck!

|-|-|-|
|-|-|-|
|-|-|C|
Enter move [y,x]: 
|-|-|-|
|-|H|-|
|-|-|C|

|C|-|-|
|-|H|-|
|-|-|C|
Enter move [y,x]: 
|C|-|-|
|-|H|-|
|-|H|C|

|C|C|-|
|-|H|-|
|-|H|C|
Enter move [y,x]: 
|C|C|H|
|-|H|-|
|-|H|C|

|C|C|H|
|-|H|-|
|C|H|C|
Enter move [y,x]: 
|C|C|H|
|H|H|-|
|C|H|C|

|C|C|H|
|H|H|C|
|C|H|C|
It's a tie!
---12345678901234567890123
û÷ýMäÍ's stats---
Current Score: 516809739
Number of Three in a row draws: 78
Number of Three in a row wins: 0
Number of Hammer, Sheet, Sheers wins: 1
Number of Guess my number wins: 1

Choose a game to play:
--Easy--
1. Hammer, Sheet, Sheers
--Medium--
2. Guess my number
--Impossible--
3. Three in a row
4. Give up

Shall we play a game?
Game # You're playing 3 in a row. Good luck!
|-|-|-|
|-|-|-|
|-|-|-|
Enter move [y,x]: 
|-|-|-|
|-|-|-|
|H|-|-|

|-|-|-|
|-|C|-|
|H|-|-|
Enter move [y,x]: 
|-|-|-|
|-|C|-|
|H|H|-|

|-|-|-|
|-|C|-|
|H|H|C|
Enter move [y,x]: 
|H|-|-|
|-|C|-|
|H|H|C|

|H|-|-|
|C|C|-|
|H|H|C|
Enter move [y,x]: 
|H|-|-|
|C|C|H|
|H|H|C|

|H|C|-|
|C|C|H|
|H|H|C|
Enter move [y,x]: 
|H|C|H|
|C|C|H|
|H|H|C|
It's a tie!
---12345678901234567890123
û÷ýMäÍ's stats---
Current Score: 516809739
Number of Three in a row draws: 79
Number of Three in a row wins: 0
Number of Hammer, Sheet, Sheers wins: 1
Number of Guess my number wins: 1

Choose a game to play:
--Easy--
1. Hammer, Sheet, Sheers
--Medium--
2. Guess my number
--Impossible--
3. Three in a row
4. Give up

Shall we play a game?
Game # You're playing 3 in a row. Good luck!

|-|-|-|
|-|-|-|
|-|-|C|
Enter move [y,x]: 
|-|-|-|
|-|H|-|
|-|-|C|

|C|-|-|
|-|H|-|
|-|-|C|
Enter move [y,x]: 
|C|-|-|
|-|H|-|
|-|H|C|

|C|C|-|
|-|H|-|
|-|H|C|
Enter move [y,x]: 
|C|C|H|
|-|H|-|
|-|H|C|

|C|C|H|
|-|H|-|
|C|H|C|
Enter move [y,x]: 
|C|C|H|
|H|H|-|
|C|H|C|

|C|C|H|
|H|H|C|
|C|H|C|
It's a tie!
---12345678901234567890123
û÷ýMäÍ's stats---
Current Score: 516809739
Number of Three in a row draws: 80
Number of Three in a row wins: 0
Number of Hammer, Sheet, Sheers wins: 1
Number of Guess my number wins: 1

Choose a game to play:
--Easy--
1. Hammer, Sheet, Sheers
--Medium--
2. Guess my number
--Impossible--
3. Three in a row
4. Give up

Shall we play a game?
Game # You're playing 3 in a row. Good luck!
|-|-|-|
|-|-|-|
|-|-|-|
Enter move [y,x]: 
|-|-|-|
|-|-|-|
|H|-|-|

|-|-|-|
|-|C|-|
|H|-|-|
Enter move [y,x]: 
|-|-|-|
|-|C|-|
|H|H|-|

|-|-|-|
|-|C|-|
|H|H|C|
Enter move [y,x]: 
|H|-|-|
|-|C|-|
|H|H|C|

|H|-|-|
|C|C|-|
|H|H|C|
Enter move [y,x]: 
|H|-|-|
|C|C|H|
|H|H|C|

|H|C|-|
|C|C|H|
|H|H|C|
Enter move [y,x]: 
|H|C|H|
|C|C|H|
|H|H|C|
It's a tie!
---12345678901234567890123
û÷ýMäÍ's stats---
Current Score: 516809739
Number of Three in a row draws: 81
Number of Three in a row wins: 0
Number of Hammer, Sheet, Sheers wins: 1
Number of Guess my number wins: 1

Choose a game to play:
--Easy--
1. Hammer, Sheet, Sheers
--Medium--
2. Guess my number
--Impossible--
3. Three in a row
4. Give up

Shall we play a game?
Game # You're playing 3 in a row. Good luck!

|-|-|C|
|-|-|-|
|-|-|-|
Enter move [y,x]: 
|-|-|C|
|-|H|-|
|-|-|-|

|C|-|C|
|-|H|-|
|-|-|-|
Enter move [y,x]: 
|C|H|C|
|-|H|-|
|-|-|-|

|C|H|C|
|-|H|-|
|-|C|-|
Enter move [y,x]: 
|C|H|C|
|H|H|-|
|-|C|-|

|C|H|C|
|H|H|C|
|-|C|-|
Enter move [y,x]: 
|C|H|C|
|H|H|C|
|-|C|H|

|C|H|C|
|H|H|C|
|C|C|H|
It's a tie!
---12345678901234567890123
û÷ýMäÍ's stats---
Current Score: 516809739
Number of Three in a row draws: 82
Number of Three in a row wins: 0
Number of Hammer, Sheet, Sheers wins: 1
Number of Guess my number wins: 1

Choose a game to play:
--Easy--
1. Hammer, Sheet, Sheers
--Medium--
2. Guess my number
--Impossible--
3. Three in a row
4. Give up

Shall we play a game?
Game # You're playing 3 in a row. Good luck!
|-|-|-|
|-|-|-|
|-|-|-|
Enter move [y,x]: 
|-|-|-|
|-|-|-|
|H|-|-|

|-|-|-|
|-|C|-|
|H|-|-|
Enter move [y,x]: 
|-|-|-|
|-|C|-|
|H|H|-|

|-|-|-|
|-|C|-|
|H|H|C|
Enter move [y,x]: 
|H|-|-|
|-|C|-|
|H|H|C|

|H|-|-|
|C|C|-|
|H|H|C|
Enter move [y,x]: 
|H|-|-|
|C|C|H|
|H|H|C|

|H|C|-|
|C|C|H|
|H|H|C|
Enter move [y,x]: 
|H|C|H|
|C|C|H|
|H|H|C|
It's a tie!
---12345678901234567890123
û÷ýMäÍ's stats---
Current Score: 516809739
Number of Three in a row draws: 83
Number of Three in a row wins: 0
Number of Hammer, Sheet, Sheers wins: 1
Number of Guess my number wins: 1

Choose a game to play:
--Easy--
1. Hammer, Sheet, Sheers
--Medium--
2. Guess my number
--Impossible--
3. Three in a row
4. Give up

Shall we play a game?
Game # You're playing 3 in a row. Good luck!

|-|-|-|
|-|-|-|
|-|-|C|
Enter move [y,x]: 
|-|-|-|
|-|H|-|
|-|-|C|

|C|-|-|
|-|H|-|
|-|-|C|
Enter move [y,x]: 
|C|-|-|
|-|H|-|
|-|H|C|

|C|C|-|
|-|H|-|
|-|H|C|
Enter move [y,x]: 
|C|C|H|
|-|H|-|
|-|H|C|

|C|C|H|
|-|H|-|
|You're playing 3 in a row. Good luck!
|-|-|-|
|-|-|-|
|-|-|-|
Enter move [y,x]: 
|-|-|-|
|-|-|-|
|H|-|-|

|-|-|-|
|-|C|
|-|-|-|
|-|C|-|
|H|H|-|

|-|-|-|
|-|C|-|
|H|H|C|
Enter move [y,x]: 
|H|-|-|
|-|C|-|
|H|H|C|

|H|-|-|
|C|C|-|
|H|H|C|
Enter move [y,x]: 
|H|-|-|
|C|C|H|
|H|H|C|

|H|C|-|
|C|C|H|
|H|H|C|
Enter move [y,x]: 
|H|C|H|
|C|C|H|
|H|H|C|
It's a tie!
---12345678901234567890123
û÷ýMäÍ's stats---
Current Score: 516809739
Number of Three in a row draws: 85
Number of Three in a row wins: 0
Number of Hammer, Sheet, Sheers wins: 1
Number of Guess my number wins: 1

Choose a game to play:
--Easy--
1. Hammer, Sheet, Sheers
--Medium--
2. Guess my number
--Impossible--
3. Three in a row
4. Give up

Shall we play a game?
Game # You're playing 3 in a row. Good luck!


|C|-|-|
|-|H|-|
|-|-|C|
Enter move [y,x]: 
|C|-|-|
|-|H|-|
|-|H|C|

|C|C|-|
|-|H|You're playing 3 in a row. Good luck!
|-|-|-|
|-|-|-|
|-|-|-|
Enter move [y,x]: 
|-|-|-|
|-|-|-|
|H|-|-|

|-|-|-|
|-|C|-|
|H|
|-|-|-|
|-|C|-|
|H|H|-|

|-|-|-|
|-|C|-|
|H|H|C|
Enter move [y,x]: 
|H|-|-|
|-|C|-|
|H|H|C|

|H|-|-|
|C|C|-|
|H|H|C|
Enter move [y,x]: 
|H|-|-|
|C|C|H|
|H|H|C|

|H|C|-|
|C|C|H|
|H|H|C|
Enter move [y,x]: 
|H|C|H|
|C|C|H|
|H|H|C|
It's a tie!
---12345678901234567890123
û÷ýMäÍ's stats---
Current Score: 516809739
Number of Three in a row draws: 87
Number of Three in a row wins: 0
Number of Hammer, Sheet, Sheers wins: 1
Number of Guess my number wins: 1

Choose a game to play:
--Easy--
1. Hammer, Sheet, Sheers
--Medium--
2. Guess my number
--Impossible--
3. Three in a row
4. Give up

Shall we play a game?
Game # You're playing 3 in a row. Good luck!

|C|-|-|
|-|-|-|
|-|-|-|
Enter move [y,x]: 
|C|-|-|
|-|H|-|
|-|-|-|

|C|C|-|
|-|H|-|
|-|-|Number of Three in a row wins: 0
Number of Hammer, Sheet, Sheers wins: 1
Number of Guess my number wins: 1

Choose a game to play:
--Easy--
1. Hammer, Sheet, Sheers
--Medium--
2. Guess my number
--Impossible--
3. Three in a row
4. Give up

Shall we play a game?
Game # You're playing 3 in a row. Good luck!
|-|-|-|
|-|-|-|
|-|-|-|
Enter move [y,x]: 
|-|-|-|
|-|-|-|
|H|-|-|

|-|-|-|
|-|C|-|
|H|-|-|
Enter move [y,x]: 
|-|-|-|
|-|C|-|
|H|H|-|

|-|-|-|
|-|C|-|
|H|H|C|
Enter move [y,x]: 
|H|-|-|
|-|C|-|
|H|H|C|

|H|-|-|
|C|C|-|
|H|H|C|
Enter move [y,x]: 
|H|-|-|
|C|C|H|
|H|H|C|

|H|C|-|
|C|C|H|
|H|H|C|
Enter move [y,x]: 
|H|C|H|
|C|C|H|
|H|H|C|
It's a tie!
---12345678901234567890123
û÷ýMäÍ's stats---
Current Score: 516809739
Number of Three in a row draws: 89
Number of Three in a row wins: 0
Number of Hammer, Sheet, Sheers wins: 1
Number of Guess my number wins: 1

Choose a game to play:
--Easy--
1. Hammer, Sheet, Sheers
--Medium--
2. Guess my number
--Impossible--
3. Three in a row
4. Give up

Shall we play a game?
Game # You're playing 3 in a row. Good luck!

|C|-|-|
|-|-|-|
|-|-|-|
Enter move [y,x]: 
|C|-|-|
|-|H|-|
|-|-|-|

|C|C|-|
|-|H|-|
|-|-|-|
Enter move [y,x]: 
|C|C|H|
|-|H|-|
|-|-|-|

|C|C|H|
|You're playing 3 in a row. Good luck!
|-|-|-|
|-|-|-|
|-|-|-|
Enter move [y,x]: 
|-|-|-|
|-|-|-|
|H|-|-|

|-|-|-|
|-|C|-|
|H|-|-|
Enter move [y,x]: 
|-|-|-|
|-|C|-|
|H|H|-|

|-|-|-|
|-|C|-|
|H|H|C|
Enter move [y,x]: 
|H|-|-|
|-|C|-|
|H|H|C|

|H|-|-|
|C|C|-|
|H|H|C|
Enter move [y,x]: 
|H|-|-|
|C|C|H|
|H|H|C|

|H|C|-|
|C|C|H|
|H|H|C|
Enter move [y,x]: 
|H|C|H|
|C|C|H|
|H|H|C|
It's a tie!
---12345678901234567890123
û÷ýMäÍ's stats---
Current Score: 516809739
Number of Three in a row draws: 91
Number of Three in a row wins: 0
Number of Hammer, Sheet, Sheers wins: 1
Number of Guess my number wins: 1

Choose a game to play:
--Easy--
1. Hammer, Sheet, Sheers
--Medium--
2. Guess my number
--Impossible--
3. Three in a row
4. Give up

Shall we play a game?
Game # You're playing 3 in a row. Good luck!

|C|-|-|
|-|-|-|
|-|-|-|
Enter move [y,x]: 
|C|-|-|
|-|H|-|
|-|-|-|

|C|C|-|
|-|H|-|
|-|-|-|
Enter move [y,x]: 
|C|C|H|
|-|H|-|
|-|-|-|

|C|C|H|
|-|H|-|
|C|-|-|
Enter move [y,x]: 
|C|C|H|
|H|H|-|
|C|-|-|

|C|C|H|
|H|H|C|
|C|-|-|
Enter move [y,x]: 
|C|C|H|
|H|H|C|
|C|-|H|

|C|C|H|
|H|H|C|
|C|C|H|
It's a tie!
---12345678901234567890123
û÷ýMäÍ's stats---
Current Score: 516809739
Number of Three in a row draws: 92
Number of Three in a row wins: 0
Number of Hammer, Sheet, Sheers wins: 1
Number of Guess my number wins: 1

Choose a game to play:
--Easy--
1. Hammer, Sheet, Sheers
--Medium--
2. Guess my number
--Impossible--
3. Three in a row
4. Give up

Shall we play a game?
Game # You're playing 3 in a row. Good luck!
|-|-|-|
|-|-|-|
|-|-|-|
Enter move [y,x]: 
|-|-|-|
|-|-|-|
|H|-|-|

|-|-|-|
|-|C|-|
|H|-|-|
Enter move [y,x]: 
|-|-|-|
|-|C|-|
|H|H|-|

|-|-|-|
|-|C|-|
|H|H|C|
Enter move [y,x]: 
|H|-|-|
|-|C|-|
|H|H|C|

|H|-|-|
|C|C|-|
|H|H|C|
Enter move [y,x]: 
|H|-|-|
|C|C|H|
|H|H|C|

|H|C|-|
|C|C|H|
|H|H|C|
Enter move [y,x]: 
|H|C|H|
|C|C|H|
|H|H|C|
It's a tie!
---12345678901234567890123
û÷ýMäÍ's stats---
Current Score: 516809739
Number of Three in a row draws: 93
Number of Three in a row wins: 0
Number of Hammer, Sheet, Sheers wins: 1
Number of Guess my number wins: 1

Choose a game to play:
--Easy--
1. Hammer, Sheet, Sheers
--Medium--
2. Guess my number
--Impossible--
3. Three in a row
4. Give up

Shall we play a game?
Game # You're playing 3 in a row. Good luck!

|C|-|-|
|-|-|-|
|-|-|-|
Enter move [y,x]: 
|C|-|-|
|-|H|-|
|-|-|-|

|C|C|-|
|-|H|-|
|-|-|-|
Enter move [y,x]: 
|C|C|H|
|-|H|-|
|-|-|-|

|C|C|H|
|-|H|-|
|C|-|-|
Enter move [y,x]: 
|C|C|H|
--Medium--
2. Guess my number
--Impossible--
3. Three in a row
4. Give up

Shall we play a game?
Game # You're playing 3 in a row. Good luck!
|-|-|-|
|-|-|-|
|-|-|-|
Enter move [y,x]: 
|-|-|-|
|-|-|-|
|H|-|-|

|-|-|-|
|-|C|-|
|H|-|-|
Enter move [y,x]: 
|-|-|-|
|-|C|-|
|H|H|-|

|-|-|-|
|-|C|-|
|H|H|C|
Enter move [y,x]: 
|H|-|-|
|-|C|-|
|H|H|C|

|H|-|-|
|C|C|-|
|H|H|C|
Enter move [y,x]: 
|H|-|-|
|C|C|H|
|H|H|C|

|H|C|-|
|C|C|H|
|H|H|C|
Enter move [y,x]: 
|H|C|H|
|C|C|H|
|H|H|C|
It's a tie!
---12345678901234567890123
û÷ýMäÍ's stats---
Current Score: 516809739
Number of Three in a row draws: 95
Number of Three in a row wins: 0
Number of Hammer, Sheet, Sheers wins: 1
Number of Guess my number wins: 1

Choose a game to play:
--Easy--
1. Hammer, Sheet, Sheers
--Medium--
2. Guess my number
--Impossible--
3. Three in a row
4. Give up

Shall we play a game?
Game # You're playing 3 in a row. Good luck!

|-|-|-|
|-|-|-|
|C|-|-|
Enter move [y,x]: 
|-|-|-|
|-|H|-|
|C|-|-|

|C|-|-|
|-|H|-|
|C|-|-|
Enter move [y,x]: 
|C|-|-|
|H|H|-|
|C|-|-|

|C|-|-|
|H|H|C|
|C|
|C|C|H|
|H|H|C|
|C|-|H|

|C|C|H|
|H|H|C|
|C|C|H|
It's a tie!
---12345678901234567890123
û÷ýMäÍ's stats---
Current Score: 516809739
Number of Three in a row draws: 96
Number of Three in a row wins: 0
Number of Hammer, Sheet, Sheers wins: 1
Number of Guess my number wins: 1

Choose a game to play:
--Easy--
1. Hammer, Sheet, Sheers
--Medium--
2. Guess my number
--Impossible--
3. Three in a row
4. Give up

Shall we play a game?
Game # You're playing 3 in a row. Good luck!
|-|-|-|
|-|-|-|
|-|-|-|
Enter move [y,x]: 
|-|-|-|
|-|-|-|
|H|-|-|

|-|-|-|
|-|C|-|
|H|-|-|
|-|-|-|
|-|C|-|
|H|H|-|

|-|-|-|
|-|C|-|
|H|H|C|
Enter move [y,x]: 
|H|-|-|
|-|C|-|
|H|H|C|

|H|-|-|
|C|C|-|
|H|H|C|
Enter move [y,x]: 
|H|-|-|
|C|C|H|
|H|H|C|

|H|C|-|
|C|C|H|
|H|H|C|
Enter move [y,x]: 
|H|C|H|
|C|C|H|
|H|H|C|
It's a tie!
---12345678901234567890123
û÷ýMäÍ's stats---
Current Score: 516809739
Number of Three in a row draws: 97
Number of Three in a row wins: 0
Number of Hammer, Sheet, Sheers wins: 1
Number of Guess my number wins: 1

Choose a game to play:
--Easy--
1. Hammer, Sheet, Sheers
--Medium--
2. Guess my number
--Impossible--
3. Three in a row
4. Give up

Shall we play a game?
Game # You're playing 3 in a row. Good luck!

|-|-|-|
|-|-|-|
|-|-|C|
Enter move [y,x]: 
|-|-|-|
|-|H|-|
|-|-|C|

|C|-|-|
|-|H|-|
|-|-|C|
Enter move [y,x]: 
|C|-|-|
|-|H|-|
|-|H|C|

|C|C|-|
|-|H|-|
|-|H|C|
Enter move [y,x]: 
|C|C|H|
|-|H|-|
|-|H|C|

|C|C|H|
|-|H|-|
|C|H|C|
Enter move [y,x]: 
|C|C|H|
|H|H|-|
|C|H|C|

|C|C|H|
|H|H|C|
|C|H|C|
It's a tie!
---12345678901234567890123
û÷ýMäÍ's stats---
Current Score: 516809739
Number of Three in a row draws: 98
Number of Three in a row wins: 0
Number of Hammer, Sheet, Sheers wins: 1
Number of Guess my number wins: 1

Choose a game to play:
--Easy--
1. Hammer, Sheet, Sheers
--Medium--
2. Guess my number
--Impossible--
3. Three in a row
4. Give up

Shall we play a game?
Game # You're playing 3 in a row. Good luck!
|-|-|-|
|-|
|-|-|-|
|-|C|-|
|H|-|-|
Enter move [y,x]: 
|-|-|-|
|-|C|-|
|H|H|-|

|-|-|-|
|-|C|-|
You're playing 3 in a row. Good luck!

|-|-|C|
|-|-|-|
|-|-|-|
Enter move [y,x]: 
|-|-|C|
|-|H|-|
|-|-|-|

|C|-|C|
|-|H|-|
|-|-|-|
Enter move [y,x]: 
|C|H|C|
|-|H|-|
|-|-|-|

|C|H|C|
|-|H|-|
|-|C|-|
Enter move [y,x]: 
|C|H|C|
|H|H|-|
|-|C|-|

|C|H|C|
|H|H|C|
|-|C|-|
Enter move [y,x]: 
|C|H|C|
|H|H|C|
|-|C|H|
You're playing 3 in a row. Good luck!
|-|-|-|
|-|-|-|
|-|-|-|
Enter move [y,x]: 
|-|-|-|
|-|-|-|
|H|-|-|

|-|-|-|
|-|C|-|
|H|-|-|
Enter move [y,x]: 
|-|-|-|
|-|C|-|
|H|H|-|

|-|-|-|
|-|C|-|
|H|H|C|
Enter move [y,x]: 
|H|-|-|
|-|C|-|
|H|H|C|

|H|-|-|
|C|C|-|
|H|H|C|
Enter move [y,x]: 
|H|-|-|
|C|C|H|
|H|H|C|

|H|C|-|
|C|C|H|
|H|H|C|
Enter move [y,x]: 
|H|C|H|
|C|C|H|
|H|H|C|
It's a tie!
I've been beat. I realize now - the only winning move is not to play
What say you?
