Invalid
Ok, matching input now
Unrecognized action
Please re-enter state machine
Invalid
Ok, matching input now
No match :( "yTNA@"
Match action updated
No match :( "}i*O4UK_"
No match :( "s"
Match action updated
Please re-enter state machine
Ok, matching input now
Error, are you done initializing?
No match :( "Z\=*F_Z2>bFuFM]A"
Please re-enter state machine
Invalid
Invalid
Invalid
Ok, matching input now
Error, are you done initializing?
Error, are you done initializing?
No match :( "H_+xo,;)T,\$A""
Error, are you done initializing?
No match :( "<"
Error, are you done initializing?
No match :( "iH,vr&8(|"
No match :( "Jm6^0|6rz"
Please re-enter state machine
Ok, matching input now
No match :( "DQsP"
Please re-enter state machine
Invalid
Ok, matching input now
No match :( "7XJ"
Error, are you done initializing?
No match :( "3JFNJCJW"
Please re-enter state machine
Ok, matching input now
Error, are you done initializing?
No match :( "}"
Error, are you done initializing?
No match :( "O&"
