Command failed.
Authentication failed for resource HgOFxFIXXX½ëº
Please re-authenticate.
Access to 599Om61CC is granted!õß’
Revocation denied.
Authentication failed for resource 599Om61CC
Please re-authenticate.
Command failed.
Authentication failed for resource UDG14vodftaóÆ
Authentication failed for resource 7SudNszZyR½ëº
Authentication failed for resource U5c27Ksfy5aóÆ
Please re-authenticate.
Please re-authenticate.
Command failed.
Authentication failed for resource kKTOuoeBGYvğü
Please re-authenticate.
Authentication failed for resource o5m5cSaJ3HaóÆ
Authentication failed for resource g4bDy9aHtY½ëº
Command failed.
Command failed.
Command failed.
Command failed.
Authentication failed for resource PNk4Yr9q2QbÙñ;
Authentication failed for resource TsCxHTrpu4bÙñ;
Access to gD00s809c is granted!_ËËâ
Command failed.
Authentication failed for resource BrsXvhr34tMç˜'
Access to dyQOgW7yb is granted!ÿ ¢è
Access to 7QSUzKiez is granted!Ï¨CÕ
Resource revoked.
Command failed.
Authentication failed for resource 6dM7S00rQlÛ‘‘
Authentication failed for resource xPD2M7SD1Bvğü
Access to FE5NYEuCW is granted!éjHv
Resource revoked.
Logged out successfully.
Logged out successfully.
Logged out successfully.
