Select an option
1. Register
2. Log in
3. View a user's posts
4. View a user's profile
5. Quit
Selection: Enter username: Bad Username
Select an option
1. Register
2. Log in
3. View a user's posts
4. View a user's profile
5. Quit
Selection: Enter username: Bad Username
Select an option
1. Register
2. Log in
3. View a user's posts
4. View a user's profile
5. Quit
Selection: Enter username: Bad Username
Select an option
1. Register
2. Log in
3. View a user's posts
4. View a user's profile
5. Quit
Selection: Enter username: Enter password: Friend code: Select an option
1. Register
2. Log in
3. View a user's posts
4. View a user's profile
5. Quit
Selection: Username: Password: Authenticated
Select an option
1. Add new blog post
2. Delete blog post
3. Update profile
4. Add a friend
5. View my friends
6. Unfriend someone
7. View my posts
8. View my profile
9. View a user's posts
10. View a user's profile
11. Log out
Selection: Enter username: Select a post id to view
0. Go Back
Selection: Returning to main menu
Select an option
1. Add new blog post
2. Delete blog post
3. Update profile
4. Add a friend
5. View my friends
6. Unfriend someone
7. View my posts
8. View my profile
9. View a user's posts
10. View a user's profile
11. Log out
Selection: Select an oe: Select a post id to view
0. Go Back
Selection: Returning to main Select an option
1. Add new blog post
2. Delete blog post
3. Update profile
4. Add a friend
5. View my friends
6. Unfriend someone
7. View my posts
8. View my profile
9. View a user's posts
10. View a user's profile
11. Log out
Selection: Enter post ore Text?
1. Yes
2. No
Selection: Entersername: Friend code: Trying to add self
 blog post
2. Delete blog post
3. Update profile
4. Add a friend
5. View myo view
0. Go Back
1 - cgogv doujizbr ntxgaso 
2 - fuake cdjunsor soopphko kjjcmv 
3 - fdkcq joqtma 
Selection: PoReturning to main menu
Select an option
1. Add new blog post
2. Delete blog post
3. Update profile
4. Add a friend
5. View my friends
6. Unfriend someone
7. View my posts
8. View my profile
9. View a user's posts
10. View a user's profile
11. Log out
Selection: Logging Out
Select an option
1. Register
2. Log Logging Out
Select an option
1. Register
2. Log in
3. View a user's posts
4. View a user's profile
5. Quit
Selection: UsernaEnter new profile info (end withEnter username: User hquhsr's profile:
Note blog post
3. Update profile
4. Add a friend
5. View my friends
6. Unfriend someone
7. View my posts
8.!
Select an option
1. Add new blog post
2. Delete blog post
3. Update profile
4. Add a friend
5. View my friends
6. Unfriend someone
7. View my posts
8. View my profile
9. View a user's posts
10. View a user's profile
11. Log out
Selection: Returning to main menu
Select an option
1. Add new blog post
2. Delete blog post
3. Update profile
4. Add a friend
5. View my friends
6. Unfriend someone
7. View my posts
8. View my profile
9. View a user's posts
10. View a user's profile
11. Log out
Selection: SeleUser hquhsr's profile:
No profile yet!
Select an option
1. Register
2. Log in
3. View a user's posts
4. View a user's profile
5. Quit
Selection: Ena user to unfriend:
0. Go Back
Selection: turning to main menu
Select an option
1. Add neing to main menu
Select an option
 oyqlz's profile:
ermaovd diwwkjt alozjnSelect a post id to view
0. Go Back
Selectioster
2. Log in
3. View a user's posts
4. View a user's profile
5. Quit
Selection: Enter username: User oyqlz's pro post id to view
0. Go Back
Selec