Select an option
1. Register
2. Log in
3. View a user's posts
4. View a user's profile
5. Quit
Selection: Enter username: Enter password: Friend code: Select an option
1. Register
2. Log in
3. View a user's posts
4. View a user's profile
5. Quit
Selection: Username: Password: Authenticated
Select an option
1. Add new blog post
2. Delete blog post
3. Update profile
4. Add a friend
5. View my friends
6. Unfriend someone
7. View my posts
8. View my profile
9. View a user's posts
10. View a user's profile
11. Log out
Selection: User hhufbn's profile:
No profile yet!
Select an option
1. Add new blog post
2. Delete blog post
3. Update profile
4. Add a friend
5. View my friends
6. Unfriend someone
7. View my posts
8. View my profile
9. View a user's posts
10. View a user's profile
11. Log out
Selection: User hhufbn's pr Post Text (end with: ```):
Add more Text?dd new blog post
2. Delete blog post
3. Update profile
4. Add a friend
5. View my friends
6. Unfriend someone
7. View my posts
8. View my profile
9. View a user's posts
10. View a user's profile
11. Log out
Selection: Enter new profile infoend code: Trying to add self
Couldn't add as friend.
Select an option
1. Add new blog post
2. Delete blog post
3. Update profile
4. Add a friend
5. View my friends
6. Unfriend someone
7. View my posts
8. View my profile
9. View a user's posts
10. View a user's profile
11. Log out
Selection: Enter Enter username: Select a post id to view
0. Go Back
1 - hzrszlp hzoduf ttkoo jclcaq 
Selection: Reprofile info (end with: ```)
Sele post to delete:
0. Go Back
SelecSelect a post to delete:
0. Go Back
Selection: ReturninEnter username: Enter password: Friend code:as friend.
Select an option
1. Add new blog post
2. Delete blog post
3. Update profile
4. Add a friend
5. View my friends
6. Unfriend someone
7. View my posts
8Username: Password: Authenticated
SelectEnter username: Enter passwordSelect a post id to view
0. Go Back
Selection: Ret