: How many bytes of data:
Enter data to be encoded:
vY8ik2IVox2GAnlEjdGa19ollNV8ec08icZHMoclWv0z82OIGWqpjlI3szgE5P4-pZDqTaR8lK4GMfQXVeYy0th2BhzXoYq89NW2XbKK3nCtPgIhfhIM-QoNGCYtDBgDVDFmJdDVKLfyFWHrcu6E1XSxMyr4NkwTwjld-0DCj6VVrVZtdr8q7utrA36S2a+DfFr7vL-BM9+qozFF7S7bPaYxYZufGKSOnrmdYnfkMZmum9PUwbVLAAWfcnInTzPWP5nEqaaa
: How many bytes of data:
Enter data to be encoded:
OJ3foG5VVPZ9uJRldzmQ9JlD3AnDUmrCtphlG6TyxcCxCQ3gqgQbJag2vugEH02L1R2QWZTtOn0MJj584S7-uDnonsjpTPJ data to be encoded:
0AR5Xd4kMzw0--bqVT3h82e4TxUJNagA-yZn5NgxTglYTJn3qbk9AjcS3gQhJznm3BhK3sHSct-w1qA-UhcQsX6SWBeu9PtbldywnbJCPWOcwUQNwWt2Pcfke3CYtQgbQxYS964nE51JR6TDVf0nedF1t9e04568D-Y6Trei3NZrpjQRGrF5I4TI2FjZbFrlxN-OcbqzbQQ7R-yTAtQzqv6mIh4678BA6YtADSUB4jy7AciYvL79rlrYCp6-yQRbTB7JKJdFbSZNvbX+B-Q40OyGbHU9OzZe89jFNwSljyD6WOaxjHKN4F8SqjZOAdoON8dkTX-MM8zce6Ou9iynPxDhWJPUcWE031cc7wiPP2FsEfWftebqe+euvlwKc9Gvee03uoh3b3EsuLhIZ3aUOGt+O2x700Cghqtru2NSgYNDYTAwtypN14JHF3-Xl6EbE75InObtYRaYoeU+LGqEdK9LMw5UjoG7DhjvMgJx5sf7QXP0j+dR-SpKKuqfw8xGq0pTTtJyve4IWPnN8hTDy3CobuXpdB8ggSO-Q5V9-0FL49GRzGJ1DeE+GGnPWskjAuOw47DG-MuDCoDnFPYwXOyU6jDYn3TD9ZPZUhgiX0vGwm7Yrp57kS76SmutANYtXsaOY6FJYhn+PCt-qScYSnC2S00gFVDDsmkMocif8+wN-LhEViRw5dtdsJiwuM3svxg1Y+l44SVUfR5T5PYSK7nKRTXuldCt5cWflIHgmWSGHNL2WT4oTYUdEwFLHNjbThQJ7sUjHrJwNczD8zgVGk4FfnBBPR1O3Bk+O+NRHWiycY4w9oQbRUslLUOVZiBlPiw1NNF4hEBfjPwEidUvSe2+GphySmzT2GCrh2iCRijbnb35-C5Zg8oYiyN6WvFBXMZunvq4Knx4DaD6bjQYI2Fnp63id6VHZNe4wXptZyGbbgtfVG3wS5Q3CLl-d1GhdWX9TxvO0iToMBD3cGroc7RjKLlZcct-3PiyPTivqwFwcaBf5DJRCPhBLItTxNnNeSrHOW9+-bfdBNzALuS7oVeIN6jW2TGVJF+A1Wmincwv24+6U1ZWQx8v4BWKutNkc0YwMtCZZhSscIFA7LyrT90+xJmTQqO1CbcZ0Wxhmbibe0apoR64rE5L6FfM2qPzfCYz
: Matrix Calculator
1. Add two matrices
Y: Enter the matrix values
0,0: 0,1: 0,2: 0,3: 0,4: 0,5: 0,13: 0,14: 0,15: 0,16: 0,17: 0,18: 144 items sorted.
-91797
-88738
-88246
-88023
-86443
-86346
-82876
-75537
-55755
-55474
-53142
-41369
-39543
-38572
-34763
-27161
-14409
-9966
1137
8238
13787
18729
20114
23309
24422
25942
37352
45405
47247
50271
51656
54071
61795
64332
65791
68820
73774
75783
77205
79353
82884
98730
99211
99316
: Enter 1 items to sort:
1 