: Enter 56 items to sort:
56 items sorted.
-91402
-87725
-80482
-80279
-73725
-73093
-68381
-66907
-64524
-61386
-59623
-59436
-55571
-41815
-37962
-36960
-35615
-32844
-31485
-24327
-4573
-4028
-3098
-2880
-1649
-1203
2325
3591
5446
7320
11223
12737
15751
21713
31617
33810
34859
35984
42796
44993
49058
49325
53665
60902
63002
65759
66283
69721
70531
75581
77369
77504
84080
88645
97655
99988
: Enter 59 items to sort:
2 items sorted.
-93799
-91319
-89594
-84609
-71783
-68517
-67059
-66975
-51130
-43491
-38077
-37033
-36156
-31086
-27844
-26960
-26490
-16485
-16385
-10961
-7892
-4553
2783
2795
18421
19310
23108
33435
48777
54623
55005
55166
59125
60130
60432
61005
76189
77118
83430
84386
94368
96564
: How many bytes of data:
Enter data to be encoded:
SuXz64Tf8ODaBrZKb+1Xtx2Z2X6IxV1QL4BbITDmlIAvDN6SoBqsZqmAQMemh9mi2KN+gzkewFlmBsNBOer3u+6HwviicfX-vsHev-Yq9Maa
: Matrix Calculator
1. Add two matrices
2. Subtract two matrices