: Enter 12 items to sort:
12 items sorted.
-95302
-93286
-54783
-50222
-37539
-21694
-3039
1830
37807
44304
63413
78609
: Enter 3 items to sort:
3 items sorted.
-72478
-56350
26824
: Available commands:
sort - This command sorts integers.
matrix - This command performs matrix math.
simon - This command plays a game like Simon Says.
encode - This command encodes data.
: Matrix Calculator
1. Add two matrices
2. Subtract two matrices
3. Scalar multiply a matrix
4. Return to main menu
Choice: First matrix
Provide the matrix dimensions
X: Y: Enter the matrix values
0,0: 0,1: 0,2: 0,3: 1,0: 1,1: 1,2: 1,3: 2,0: 2,1: 2,2: 2,3: 3,0: 3,1: 3,2: 3,3: 4,0: 8,2: 8,3: 9,0: 9,1: 9,2: 9,3: 10,0: 8,3: 9,0: 9,1: 9,2: 9,3: 10,0: 10,1: 54 items sorted.
-92352
-91961
-88865
-81297
-76130
-70674
-70622
-69939
-68862
-57810
-52255
-51779
-48389
-47752
-39291
-37585
-32386
-27201
-24395
-23122
-23099
-21287
-21165
-15823
-6220
4067
17426
24310
27178
29239
33589
34871
40277
40433
42368
42653
45186
52049
58902
59019
62313
67908
70457
71386
73010
75897
76991
81681
82525
86220
93063
97962
98448
99153
: Available sort - This command sorts integers.
matrix - This command performs matrix math.
simon - This command plays a game like Simon Says.
encode - This command encodes data.
: Available commands:
sort - This command sorts integers.
matrix - This command performs matrix math.
simon - This command plays a game like Simon Says.
encode - This command encodes data.
: How many bytes of data:
439
-67844
-64068
-61201
-55823
-55717
-50137
-37985
-25559
-23302
-20825
-9430
-6237
-1182
3108
11210
20164
22657
23879
25281
28672
35107
43082
48956
53914
60595
62508
71442
74083
81403
92006
: How many bytes of data:
Enter data to be enccommand sorts integers.
matrix - This command performs matrix math.
simon - This command plays a game like Simon Says.
encode - This command encodes data.
: Matrix Calculator
1. Add two matrices
2. Subtract two matrices
3. Scalar multiply a matrix
4. Return to main menu
Choi