: Enter 6 items to sort:
6 items sorted.
-66948
-62524
-39919
19314
24348
69019
: Matrix Calculator
1. Add two matrices
2. Subtract two matrices
3. Scalar multiply a matrix
4. Return to main menu
Choice: First matrix
Provide the matrix dimensions
X: Y: invalid
Matrix Calculator
1. Add two matrices
2. Subtract two matrices
3. Scalar multiply a matrix
4. Return to main menu
Choice: : How many bytes of data:
Enter data to be encoded:
Sx1hpvD40uL5j4pQ2a3rwXIdrkgzxkL87YxxEXAfUgZhjNy7PqYxs-x7fbm9V2HFtunPueDtPAMhlSfxH2Cdu5LvoLMdFAgLnLxh6dXfOdgbvD-IAxUL0SaWCAfaAGCGdKNrshnU1BVS41F7nP5BwIvmy--zw1u4swaGGl73iDLnBMN+6JF6cnZREj0fQvkF0di1Mc1MGKBjlojJ4NlPTbBvaGlBlvNgXDoniMlfIY1Q6-Fbr+uBaUnIUoG+
: Available commands:
sems sorted.
-92260
-91490
-89987
-88967
-86486
-85088
-84044
-77593
-74250
-73876
-72661
-68879
-68192
-62773
-62650
-59681
-59568
-59260
-55039
-51674
-51081
-41927
-40456
-35977
-35120
-32543
-26075
-15613
-15380
-11542
-10706
-7150
-1044
2212
9365
9771
17408
18388
19657
20472
21592
25268
29509
34630
36826
38739
39474
43374
58554
61730
65870
69365
71505
78737
79352
83083
83864
84208
85642
85718
88060
89912
95709
: Matrix Calculator
1. Add two matrices
2. Subtract two matrices
3. Scalar multiply a matrix
4. Return to main menu
Choice: : Enter 63 items to sort:
63 0,6: 0,7: 0,8: 0,9: 0,10: 0,11: 0,16,6: 6,7: 6,8: 6,9: 6,10: 6,11: 6,12: 8,2: 8,3: 8,4: 8,5: 8,6: 8,7: 8,8: 8,11: 8,12: 9,0: 9,1: 9,2: 9,3: 9,4: How many bytes of data:
Enter data to be encodeble commands:
sort - This command sorts integers.
matrix - This command performs matrix math.
simon - This command plays a game like Simon Says.
encode - This command encodes data.
: Matrix Calculator
1. Add two matrices
2. Subtract two matrices
3. Scalar multiply a matrix
4. Return to main menu
Choice: Provide the matrix dimensions
X: 6,0: 6,1: 6,2: 6,3: Second matrix
Enter the matrix values
0,0: 0,1: 0,2: 0,3: 1,0: 1,1: 1,2: 1,3: 2,0: 2,2,3: 3,0: 3,1: 3,2: 3,3: 4,0: 4,1