Welcome to the yolodex.
========================================
First Name: 	Robert
Last Name: 	Morris
Phone Number: 	(617)253-5982
========================================
First Name: 	Chareth
Last Name: 	Cutestory
Phone Number: 	(123)456-7890
========================================
First Name: 	Tim
Last Name: 	Berners-Lee
Phone Number: 	(638)844-2074
========================================
First Name: 	Pwnies
Last Name: 	McPwn
Phone Number: 	(222)223-1337
========================================
First Name: 	Jenny
Last Name: 	Fakename
Phone Number: 	(555)867-5309
========================================
========================================
First Name: 	Robert
Last Name: 	Morris
Phone Number: 	(617)253-5982
========================================
First Name: 	Chareth
Last Name: 	Cutestory
Phone Number: 	(123)456-7890
========================================
First Name: 	Tim
Last Name: 	Berners-Lee
Phone Number: 	(638)844-2074
========================================
First Name: 	Pwnies
Last Name: 	McPwn
Phone Number: 	(222)223-1337
========================================
First Name: 	Jenny
Last Name: 	Fakename
Phone Number: 	(555)867-5309
========================================
First: Last: No such contact.
