1) Create User
2) Login
3) Exit
: username: 1) Create User
2) Login
3) Exit
: username: 1) Create User
2) Login
3) Exit
: username: 1) Create User
2) Login
3) Exit
: username: 1) Create User
2) Login
3) Exit
: username: 1) Create User
2) Login
3) Exit
: username: 1) Create User
2) Login
3) Exit
: username: 1) Create User
2) Login
3) Exit
: username: 1) Create User
2) Login
3) Exit
: username: 1) Create User
2) Login
3) Exit
: username: 1) Create User
2) Login
3) Exit
: username: 1) Create User
2) Login
3) Exit
: username: 1) Create User
2) Login
3) Exit
: username: 1) Create User
2) Login
3) Exit
: username: 1) Create User
2) Login
3) Exit
: username: 1) Create User
2) Login
3) Exit
: username: 1) Create User
2) Login
3) Exit
: username: 1) Create User
2) Login
3) Exit
: username: 1) Create User
2) Login
3) Exit
: username: 1) Create User
2) Login
3) Exit
: username: 1) Create User
2) Login
3) Exit
: username: 1) Create User
2) Login
3) Exit
: username: 1) Create User
2) Login
3) Exit
: username: 1) Create User
2) Login
3) Exit
: username: 1) Create User
2) Login
3) Exit
: username: 1) Create User
2) Login
3) Exit
: username: 1) Create User
2) Login
3) Exit
: username: 1) Create User
2) Login
3) Exit
: username: 1) Create User
2) Login
3) Exit
: username: 1) Create User
2) Login
3) Exit
: username: 1) Create User
2) Login
3) Exit
: username: 1) Create User
2) Login
3) Exit
: username: 1) Create User
2) Login
3) Exit
: username: 1) Create User
2) Login
3) Exit
: username: 1) Create User
2) Login
3) Exit
: username: 1) Create User
2) Login
3) Exit
: username: 1) Create User
2) Login
3) Exit
: username: 1) Create User
2) Login
3) Exit
: username: 1) Create User
2) Login
3) Exit
: username: 1) Create User
2) Login
3) Exit
: username: 1) Create User
2) Login
3) Exit
: username: 1) Create User
2) Login
3) Exit
: username: 1) Create User
2) Login
3) Exit
: username: 1) Create User
2) Login
3) Exit
: username: 1) Create User
2) Login
3) Exit
: username: 1) Create User
2) Login
3) Exit
: username: 1) Create User
2) Login
3) Exit
: username: 1) Create User
2) Login
3) Exit
: username: 1) Create User
2) Login
3) Exit
: username: 1) Create User
2) Login
3) Exit
: username: 1) Create User
2) Login
3) Exit
: username: 1) Create User
2) Login
3) Exit
: username: 1) Create User
2) Login
3) Exit
: username: 1) Create User
2) Login
3) Exit
: username: 1) Create User
2) Login
3) Exit
: username: 1) Create User
2) Login
3) Exit
: username: 1) Create User
2) Login
3) Exit
: username: 1) Create User
2) Login
3) Exit
: username: 1) Create User
2) Login
3) Exit
: username: 1) Create User
2) Login
3) Exit
: username: 1) Create User
2) Login
3) Exit
: username: 1) Create User
2) Login
3) Exit
: username: 1) Create User
2) Login
3) Exit
: username: 1) Create User
2) Login
3) Exit
: username: 1) Create User
2) Login
3) Exit
: username: 1) Create User
2) Login
3) Exit
: username: 1) Create User
2) Login
3) Exit
: username: 1) Create User
2) Login
3) Exit
: username: 1) Create User
2) Login
3) Exit
: username: 1) Create User
2) Login
3) Exit
: username: 1) Create User
2) Login
3) Exit
: username: 1) Create User
2) Login
3) Exit
: username: 1) Create User
2) Login
3) Exit
: username: 1) Create User
2) Login
3) Exit
: username: 1) Create User
2) Login
3) Exit
: username: 1) Create User
2) Login
3) Exit
: username: 1) Create User
2) Login
3) Exit
: username: 1) Create User
2) Login
3) Exit
: username: 1) Create User
2) Login
3) Exit
: username: 1) Create User
2) Login
3) Exit
: username: 1) Create User
2) Login
3) Exit
: username: 1) Create User
2) Login
3) Exit
: username: 1) Create User
2) Login
3) Exit
: username: 1) Create User
2) Login
3) Exit
: username: 1) Create User
2) Login
3) Exit
: username: 1) Create User
2) Login
3) Exit
: username: 1) Create User
2) Login
3) Exit
: username: 1) Create User
2) Login
3) Exit
: 1) Create User
2) Login
3) Exit
: username: 1) Create User
2) Login
3) Exit
: username: 1) Create User
2) Login
3) Exit
: username: 1) Create User
2) Login
3) Exit
: username: 1) Create User
2) Login
3) Exit
: username: 1) Create User
2) Login
3) Exit
: username: 1) Create User
2) Login
3) Exit
: username: 1) Create User
2) Login
3) Exit
: username: Login Success
1) Send Message
2) Read Message
3) List Messages
4) Delete Message
5) Logout
6) Exit
: To: Message: 1) Send Message
2) Read Message
3) List Messages
4) Delete Message
5) Logout
6) Exit
: To: Message: 1) Send Message
1) Send Message
2) Read Message
3) List Messages
4) Delete Message
5) Logout
6) Exit
: To: Message: 1) Send Message
2) Read Message
3) List Messages
4) Delete Message
5) Logout
6) Exit
: To: Message: 1) Send Message
2) Read Message
3) List Messages
4) Delete Message
5) Logout
6) Exit
: To: Message: 1) Send Message
2) Read Message
3) List Messages
4) Delete Message
5) Logout
6) Exit
: 1) Send Message
2) Read Message
3) List Messages
4) Delete Message
5) Logout
6) Exit
: To: Message: 1) Send Message
2) Read Message
3) List Messages
4) Delete Message
5) Logout
6) Exit
: To: Message: 1) Send Message
2) Read Message
3) List Messages
4) Delete Message
5) Logout
6) Exit
: To: Message: 1) Send Message
2) Read Message
3) List Messages
4) Delete Message
5) Logout
6) Exit
: Message: 1) Send Message
2) Read Message
3) List Messages
4) Delete Message
5) Logout
6) Exit
: To: Message: 1) Send Message
2) Read Message
3) List Messages
4) Delete Message
5) Logout
6) Exit
: To: Message: 1) Send Message
2) Read Message
3) List Messages
4) Delete Message
5) Logout
6) Exit
: To: Message: 1) Send Message
2) Read Message
3) List Messages
4) Delete Message
1) Send Message
2) Read Message
3) List Messages
4) Delete Message
5) Logout
6) Exit
: To: Message: 1) Send Message
2) Read Message
3) List Messages
4) Delete Message
5) Logout
6) Exit
: To: Message: 1) Send Message
2) Read Message
3) List Messages
4) Delete Message
5) Logout
6) Exit
: To: Message: 1) Send Message
2) Read Message
3) List Messages
4) Delete Message
5) Logout
6) Exit
: To: Message: 1) Send Message
2) Read Message
3) List Messages
4) Delete Message
5) Logout
6) Exit
: To: Message: 1) Send Message
2) Read Message
3) List Messages
4) Delete Message
5) Logout
6) Exit
: To: Message: 1) Send Message
2) Read Message
3) List Messages
4) Delete Message
5) Logout
6) Exit
: To: Message: 1) Send Message
Message: 1) Send Message
2) Read Message
3) List Messages
4) Delete Message
5) Logout
6) Exit
: To: Message: 1) Send Message
2) Read Message
3) List Messages
4) Delete Message
5) Logout
6) Exit
: To: Message: 1) Send Message
2) Read Message
3) List Messages
4) Delete Message
5) Logout
6) Exit
: To: Message: 1) Send Message
2) Read Message
3) List Messages
4) Delete Message
To: Message: 1) Send Message
2) Read Message
3) List Messages
4) Delete Message
5) Logout
6) Exit
: To: Message: 1) Send Message
2) Read Message
3) List Messages
4) Delete Message
5) Logout
6) Exit
: To: Message: 1) Send Message
2) Read Message
3) List Messages
4) Delete Message
5) Logout
6) Exit
: To: Message: 1) Send Message
2) Read Message
3) List Messages
Message: 1) Send Message
2) Read Message
3) List Messages
4) Delete Message
5) Logout
6) Exit
: To: Message: 1) Send Message
2) Read Message
3) List Messages
4) Delete Message
5) Logout
6) Exit
: To: Message: 1) Send Message
2) Read Message
3) List Messages
4) Delete Message
5) Logout
6) Exit
: To: Message: 1) Send Message
2) Read Message
3) List Messages
4) Delete Message
Message: 1) Send Message
2) Read Message
3) List Messages
4) Delete Message
5) Logout
6) Exit
: To: Message: 1) Send Message
2) Read Message
3) List Messages
4) Delete Message
5) Logout
6) Exit
: To: Message: 1) Send Message
2) Read Message
3) List Messages
4) Delete Message
5) Logout
6) Exit
: To: Message: 1) Send Message
2) Read Message
3) List Messages
4) Delete Message
5) Logout
Message: 1) Send Message
2) Read Message
3) List Messages
4) Delete Message
5) Logout
6) Exit
: To: Message: 1) Send Message
2) Read Message
3) List Messages
4) Delete Message
5) Logout
6) Exit
: To: Message: 1) Send Message
2) Read Message
3) List Messages
4) Delete Message
5) Logout
6) Exit
: To: Message: 1) Send Message
2) Read Message
3) List Messages
4) Delete Message
Message: 1) Send Message
2) Read Message
3) List Messages
4) Delete Message
5) Logout
6) Exit
: To: Message: 1) Send Message
2) Read Message
3) List Messages
4) Delete Message
5) Logout
6) Exit
: To: Message: 1) Send Message
2) Read Message
3) List Messages
4) Delete Message
5) Logout
6) Exit
: To: Message: 1) Send Message
2) Read Message
3) List Messages
4) Delete Message
1) Send Message
2) Read Message
3) List Messages
4) Delete Message
5) Logout
6) Exit
: To: Message: 1) Send Message
2) Read Message
3) List Messages
4) Delete Message
5) Logout
6) Exit
: To: Message: 1) Send Message
2) Read Message
3) List Messages
4) Delete Message
5) Logout
6) Exit
: To: Message: 1) Send Message
2) Read Message
3) List Messages
4) Delete Message
5) Logout
1) Send Message
2) Read Message
3) List Messages
4) Delete Message
5) Logout
6) Exit
: To: Message: 1) Send Message
2) Read Message
3) List Messages
4) Delete Message
5) Logout
6) Exit
: To: Message: 1) Send Message
2) Read Message
3) List Messages
4) Delete Message
5) Logout
6) Exit
: To: Message: 1) Send Message
2) Read Message
3) List Messages
4) Delete Message
5) Logout
Message: 1) Send Message
2) Read Message
3) List Messages
4) Delete Message
5) Logout
6) Exit
: To: Message: 1) Send Message
2) Read Message
3) List Messages
4) Delete Message
5) Logout
6) Exit
: To: Message: 1) Send Message
2) Read Message
3) List Messages
4) Delete Message
5) Logout
6) Exit
: To: Message: 1) Send Message
2) Read Message
3) List Messages
4) Delete Message
To: Message: 1) Send Message
2) Read Message
3) List Messages
4) Delete Message
5) Logout
6) Exit
: To: Message: 1) Send Message
2) Read Message
3) List Messages
4) Delete Message
5) Logout
6) Exit
: To: Message: 1) Send Message
2) Read Message
3) List Messages
4) Delete Message
5) Logout
6) Exit
: To: Message: 1) Send Broadcast Message
2) Leave Admin Mode
3) Exit
: Exiting...
