
C - Change Diver Info
L - Log a New Dive
D - Download Dive Data
E - Edit Dives
P - Print Dive Logs
R - Remove Dives
S - Diver Statistics
X - Exit Application
:
First Name: Last Name: Street: City: State: Zip Code: Phone Number: PADI Diver Number: PADI Cert Date: 
     Name: hdjlhhonbfakn apdog
  Address: ejljneiaabiogmkamdhp
     City: dglmajbebgf
    State: ej
 Zip Code: 80109
    Phone: 270607306235703
 PA8092274533787866801
Cert Date: 2300


C - Change Diver Info
L - Log a New Dive
D - Download Dive Data
E - Edit Dives
P - Print Dive Logs
R - Remove Dives
S - Diver Statistics
X - Exit Application
:
Dive Site: Date (4/29/2014): Time (03:54:07): Location (area/city): Max Depth in ft (130): Avg Depth in ft (72): Dive Duhone Number (270607306235703): PADI Diver Number (8092274533787866801): PAst Name (apdog): Street (ejljneiaabiogmkamdhp): CiPADI Diver Number (8092274533787866801): PADI Cert Date dog
  Address: ejljneiaabiogmkamdhp
     City: dglmajbebgf
    State: ej
 Zip Code: 80109
    Phone: 270607rt Date: 236418100


C - Change D

Dive Log is empty

C - Change Diver Info
L - Log a New Dive
D - Download Dive Data
E - Edit Dives
P - Print Dive Logs
R - Remove Dives
S - Diver Statistics
X - Exit Application
:

Dive Log is emp2 Percentage: Pressure In (psi): Pressureg
  Address: ejljneiaabiogmkamdhp
     City: dglmajbebgf
    State: ej
 Zip Code: 80109
    Phone: 270607306235703
 PADI Num: 8092274533787866801
Cert Date: 236418100


C - Change Diver Info
L - Log a New Dive
D - Download Dive Data
E - Edit Dives
P - Print Dive Logs
R - Remove Dives
S - Diver Statistics
X - Exit Application
:
Dive Site: Date

Dives logged: 3
Average Max Depth: 83
Av Log a New Dive
D - Download Dive