
C - Change Diver Info
L - Log a New Dive
D - Download Dive Data
E - Edit Dives
P - Print Dive Logs
R - Remove Dives
S - Diver Statistics
X - Exit Application
:

Dive Log is empty

C - Change Diver Info
L - Log a New Dive
D - Download Dive Data
E - Edit Dives
P - Print Dive Logs
R - Remove Dives
S - Diver Statistics
X - Exit Application
:

Dive Log is empty

C - Change Diver Info
L - Log a New Dive
D - Download Dive Data
E - Edit Dives
P - Print Dive Logs
R - Remove Dives
S - DFirst Name: Last Name: Street: City: State: Zip Code: Phone Number: PADI Diver NumberPADI Cert Date: 
     Name: omhpkannpooak afogonln
  Address: iiomdepffidklakicdggcmaecf
     City: ipghjahjdbmbb
    State: ld
 Zip Code: 6798595200
    Phone: 664058084822977
 PADI Num: 2963406340963939056
Cert Date: 1025956299


C - Change Diver Info
L - Log a New Dive
D - Download Dive Data
E - Edit Dives
P - Print Dive Logs
R - Remove Dives
S - Diver Statistics
X - Exit Application
:
Dive SLocation (area/city): Max Depth in ft: AvPressure In (psi): Pressure Out (psi): 
C - Ch