
C - Change Diver Info
L - Log a New Dive
D - Download Dive Data
E - Edit Dives
P - Print Dive Logs
R - Remove Dives
S - Diver Statistics
X - Exit Application
:

Dive Log is empty

C - Change Diver Info
L - Log a New Dive
D - Download Dive Data
E - Edit Dives
P - Print Dive Logs
R - Remove Dives
S - Diver Statistics
X - Exit Application
:

Dive Log is empty

C - Change Diver InfoDive Site: Date: Time: Location (area/city): Max Depth in ft: Avg Depth in ft: DiDive Site: Date (12/30/2014): Time (10:00:09): Location (area/city): Max Depth in ft 
          Time: 06:58:25
     Dive Site: ponfnhfgia
      Location: icfoeckkhb
     Max Depth: 114
     Avg Depth: 57
      Duration: 47
    O2 Percent: 43
Start Pressure: 3178
  End Pressure: 718
     Bin Count: 0


C - Change Diver Info
L - Log a New Dive
D - Download Dive Data
E - Edit Dives
P - Print Dive Logs
R - Remove Dives
S - DiMax Depth in ft (130): Avg Depth in ft (61): D         Time: 06:58:25
     Dive Site: ponfnhfgia
      Location: icfoeckkhb
     Max Depth: 114
     Avg Depth: 57
      Duration: 47
    O2 Percent: 43
Start Pressure: 3178
  End Pressure: 718
     Bin Count: 0


C - Change Diver Info
L - Log a New Dive
D - Download Dive Data
E - Edit Dives
P - Print Dive Logs
R - Remove Dives
S - Diver Statistics
X - Exit Application
:
FirState (b): Zip Code (83474): Phone Number (886dive number 2
Dive Site (peofokifTime (14:45:18): Location (area/city) (cacffh

Dive# Date       Time     Dive Site       Location                 
   1: 4/9/2014   06:58:25 ponfnhfgia                icfoeckkhb               
   2: 12/7/2014  03:53:40 jlgjplbleh                oijicngjfg               
   3: 3/3/2014   06:16:07 mfeaonnkdo                nmagfliemf               

Ekigbm
  Address: eckflnfekljijigfjhgjkgjabjnkm
     City: bkkbadagdaccmngc
    State: b
 Zip Code: 83474
    Phone: 88664944435
 PADI Num: 036275820552950545
Cert Date: 9664
L - Log a New Dive
D - Download Diaccmngc): State (b): Zip Code (83474): P