
C - Change Diver Info
L - Log a New Dive
D - Download Dive Data
E - Edit Dives
P - Print Dive Logs
R - Remove Dives
S - Diver Statistics
X - Exit Application
:

Dive Log is empty

C - Change Diver Info
L - Log a New Dive
D - Download Dive Data
E - Edit Dives
P - Print Dive Logs
R - Remove Dives
S - Diver Statistics
X - Exit Application
:
First Name: Last Name: Street: City: State: Zip Code: Phone Number: PADI Diver Number: PADI Cert Date: 
     Name: cimhdfnkcmokpjfic acofjgkmpppgopfbkjon
  Address: npmbngililhepgmfifkha
     City: ocflbdonpikojidhkco
    State: i
 Zip Code: 8193391737
    Phone: 38950911394
 PADI Num: 642685888342763
Cert Date: 5538733039


C - Change Diver Info
L - Log a New Dive
D - Download Dive Data
E - Edit Dives
P - Print Dive Logs
R - Remove Dives
S - Diver Statistics
X - Exit Application
:
First Name (cimhdfnkcmokpjfic): Last Name (acofjgkmpppgopfbkjon): Street (npmbngililhepgmfifkha): City (ocflbdonpikojidhkco): State (i): Zip Code (81933PADI Cert Date (5538733039): 
     Name: cimhdfnkcmokpjfic acofjgkmpppgopfbkjon
  Address: npmbngililhepgmfifkha
     City: ocflbdonpikojidhkco
    State: i
 Zip Code: 8193391737
    Phone: 38950911394
 PADI Num: 642685888342763
Cert Date: 5538733039


C - Change Diver Info
L - Log a New Dive
D - Download Dive Data
E - Edit Dives
P - Print Dive Logs
R - Remove Dives
S - Diver Statistics
X - Exit Application
:

No dives are logged

C - Change Diver Info
L - Log a New Dive
D - Download Dive Data
E - Edit Dives
P - Print Dive Logs
R - Remove Dives
S - Diver Statistics
X - Exit Application
:

 Date: Time: Location (area/city): Max Depn (mins): O2 Percentage: Pressure In (psi):Invalid dive number entered

C - ChDive Site: Date (8/26/2014): Time (11:57:02th in ft (38): Avg Depth in ft (19): DLocation (area/city): Max Depth in ft: ax Depth in ft: Avg Depth in ft: Dive Durat               Location                 
   1: 10/18/2014 09:41:01 dopgijhngb                ncemgpdkck               
   2: 2/16/2014  03:13:55 dnjkgjbfni                bkimkgcpga               
   3: 11/18/2014 19:53:55 ffenkpbnbp                cipgfajkef               
   4: 8/26/2014  11:57:02 chjkdoapej                ahbpnnpjnd               
   5: 7/7/2014   12:21:24 iapbpkhkol                plmdmmgikf               
   6: 12/12/2014 00:14:05 ooganedloi  ngb): Date (10/18/2014): Time (09:4(ncemgpdkck): Max Depth in ft (105):Dive Site: Date (9/25/2014): Time (15:53
Dive Site: Date (10/26/ Pressure Out (psi): 
C - Change Diver Info
Lhone Number (38950911394): PADI DDepth: 94
Average Dive Length: 25

C - ChangR - Remove Dives
S - Diver Statistics
X - Ex

Dive# Date       Time     Dive Site             Location                 
   1: 2/16/2014  03:13:55 dnjkgjbfni                bkimkgcpga               
   2: 8/23/2014  22:22:20 pjgechmdmd                ojbejongca               
   3: 8/26/2014  11:57:02 chjkdoapej                ahbpnnpjnd               
   4: 7/7/2014   12:21:24 iapbpkhkol                plmdmmgikf               
   5: 12/12/2014 00:14:05 ooganedloi                kkiaknmgmk               
   6: 5/19/2014  19:06:29 colfciillo                gfelljhiab               
   7: 5/23/2014  03:20:53 nebglgbihn                ldgojabjmg               
   8: 9/25/2014  15:53:28 dkfoeangol                omabfbabli               
   9: 9/27/2014  03:18:34 hjchbkfkjl                fkopemihdd               
  10: 10/26/2014 08:39:38 igbanbpmig                ekhlhiajam         ve Site (higjklghpf): Date (8/28/mbngililhepgmfifkha): City (ocflbdonpikojidhkcomber 5
Dive Site (ooganedloi): mk): Max Depth in ft (90): Avg Depth in ft (on                 
   1: 2/16/20ration: 19
    O2 Percent: 23
Start Pressure: 3004
  End Pressure: 527
     Bin Count: 20


C - Change Diver Info
L - Log a New Dive
D - Download Dive Data
E - Edit Dives
P - Print Dive(cimhdfnkcmokpjfic): Last Name (acofjCity (ocflbdonpikojidhkco): State (i): Zip l
      Location: plmdmmgikf
   Depth: 95
     Avg Depth: 47
      Durat Date (10/26/2014): Time (08:39:3 - Log a New Dive
D - Download Dive Data
E -PADI Cert Date (5538733039): 
     Name: cimhdfnkcmokpjfic acofjgkmpppgopfbkjon
  Address: npmbngililhepgmfifkha
     City: ocflbdonpikojidhkco
    State: i
 Zip Code: 8193391737
    Phone: 38950911394
 PADI Num: 642685888342763
Cert Date: 5538733039


C - Change Diver Info
L - Log a New Dive
D - Download Dive Data
E - Edit Dives
P - Print Dive Logs
R - Remove Dives
S - Diver Statistics
X - Exit Application
:

Diveive# Date       Time     Dive Site           ft (57): Avg Depth in ft (28): Dive Dura 
C - Change Diver Info
L - Log a New Dive
D - Don                 
   1: 8/22/2014  12:52:40 hjopfipopb                dahefkkplg               
   2: 8/23/2014  22:22:20 pjgechmdmd                ojbejongca                 3: 8/26/2014  11:57:02 chjkdoapej             Pressure Out (psi): 
C - Change Diver Info
L -           Location                 
   1: ): Time (19:06:29): Location (arentage (48): Pressure In (psi) (3193): Pr 
   1: 8/22/2014  12:52:40 hjopfipopb                dahefkkplg        g a New Dive
D - Download Dive Data
E -Dive# Date       Time     Dive Site                 Location                 
   1: 8/22/2014  12:52:40 hjopfipopb                dahefkkplg               
   2: 8/23/2014  22:22:20 pjgechmdmd                ojbejongca               
   3: 8/26/2014  11:57:02 chjkdoapej                ahbpnnpjnd               
   4: 7/7/2014   12:21:24 iapbpkhkol                plmdmmgikf               
   5: 8/12/2014  03:49:54 kioohllekh                cfcjjmcjic               
   6: 4/24/2014  10:56:01 gekehbmmoa                pfkfogjjgi               
   7: 5/23/2014  03:20:53 nebglgbihn                ldgojabjmg               
   8: 9/25/2014  15:53:28 dkfoeangol                omabfbabli               
   9: 9/27/2014  03:18:34 hjchbkfkjl                fkopemihdd               
  10: 11/11/2014 01:30:08 fjfoghmffa                cbgnkbnegm               
  11: 11/7/2014  21:21:17 kdbagcning                mbecpofdgm               
  12: 9/3/2014   19:41:10 hdaocalohe                lnejloding               
  13: 6/2/2014   07:20:32 kanfgbffmk                bnopjmfpal               
  14: 3/20/2014  00:38:40 jckofmdggc                cnjebliabi               
  15: 2/10/2014  13:49:07 akjkdnbfij                dgdkfphnhb               
  16: 9/17/2014  05:32:45 phdianlkho                injnfefblj               
  17: 5/25/2014  15:54:42 bmadhfbpjl                mlofjkfeeb               
  18: 5/30/2014  01:58:18 cdjpbmmemc                icgdolkdhj               
  19: 10/15/2014 14:23:55 bfbbpbofml                ipoanfkhgj               

Enter Dive # to delete or blank to abort: 
C - Change Diver Info
L - Log a New Dive
D - Download Dive Data
E - Edit DApplication
:
Dive Site: Date: Time: 8/22/2014  12:52:40 hjopfipopb    Site: dkfoeangol
      Location: obli
     Max Depth: 130
     Avg564
     Bin Count: 25


C - Change Diveentage: Pressure In (psi): Pressure Out (pe: Date (2/6/2014): Time (23:43:10): Locatr Statistics
X - Exit Applicatione Site: Date: Time: th in ft: Avg Depth in ft: Dive Duration (mins): O2 Percentage: 
