
C - Change Diver Info
L - Log a New Dive
D - Download Dive Data
E - Edit Dives
P - Print Dive Logs
R - Remove Dives
S - Diver Statistics
X - Exit Application
:
First Name: Last Name: Street: City: State: Zip Code: Phone Number: PADI Diver Number: PADI Cert Date: 
     Name: eaaogioobckbjk pafmblcj
  Address: ojfefbjlpbdjie
     City: kbjgdoidhjjlghlhk
    State: ge
 Zip Code: 90073
    Phone: 447108926223
 P77074


C - Change Diver Info
L -bjk pafmblcj
  Address: ojfefbjlpbdjie
     City: kbjgdoidhjjlghlhk
    State: ge
 Zip Code: 90073
    Phone: 447108926223
 PADI Num: 111738434136727
Cert Date: 6113277074


C - Change Diver Info
L - Log a New Dive
D - Download Dive Data
E - Edit Dives
P - Print Dive Logs
R - Remove Dives
S - Diver StDive Site: Date (5/4/2014): Time (10:54:18)O2 Percentage: Pressure In (psi): Pressure O

Dives logged: 2
Average Max Depth: 122
Average Dive Length: 17

C - Change Diver Info
L - Log a New Dive
D - Download Dive Data
E - Edit Dives
P - Print Dive Logs
R - Remove Dives
S - Diver Statistics
X - Exit Application
:

Dives logged: 2
Av Diver Number (111738434136727): PADI Cert Date 7
Average Dive Length: 10

C - Change Diver Info
L - Log a New Dive
D - Download Dive Data
E - Edit Dives
P - Print Dive Logs
R - Remove Dives
S - Diver Statistics
X - Exit App New Dive
D - Download Dive Data
Print Dive Logs
R - Remove Dives
S - Diver Statistics
X - Exit Application
:

Dive# Date       Time     Dive Site                 Location                 
   1: 9/13/2014  09:07:55 agkjddpihn                kadcokkgmc               
   2: 8/28/2014  17:03:33 oeddlpnkln                ohhbdhoaom               
   3: 1/16/2014  11:00:48 fdnjangana                obdadjmpmc               
   4: 6/6/2014   22:37:54 flghmdegbh                ejfkodnjif               

Enter Dive # to delete or blank to abort: 
C - Change Diver Info
L - Log
First Name (eaaogioobckbjk): Last Name (paEditing dive number 5
Dive Site 
Dive Site: Date: Time: Location (area/Avg Depth in ft: Dive Duration (mins): O2ion (area/city): Max Depth in ft: Avg De014): Time (15:24:35): Location (area/city)Dive Length: 25

C - Change Diver Info
L