What is your name?
Hi, User





                     -  -  -  -  -  -  -  -  -  -  -  -  -  -  -  -  -  -  -
                     -  -  -  -  -  -  -  -  -  -  -  -  -  -  -  -  -  -  -
                     -  -  -  -  -  -  -  -  -  -  -  -  -  -  -  -  -  -  -
                     -  -  -  -  -  -  -  -  -  -  -  -  -  -  -  -  -  -  -
                     -  -  -  -  -  -  -  -  -  -  -  -  -  -  -  -  -  -  -  -  -  -  - White: 0             -  -  -  -  -  -  -  -  -  -  -  -  -  -  -  -  -  -  -
                     -




                     -  -  - 
                     -  -  -  -   B  -  -  -  -  -  -  -  -  -  -  -  -  -  -  -  -  -  -  -  -  --  -  -  -  -
                   -
                     -  -  -  - -  -  -  -  -  -  -  -  -  -  -           -  -  -  -  -  -  -  -  -  -  -  -  -  -  -  -  -  -  -
Black: 1             -  -  -  -  -  -  -  -  -  -  -  -  -  -  -  -  -  -  -
                     -  -  -  -  -  -  -  -  -  -  -  -  -  -  -  -  -  -  -
                     -  -  -  -  -  -  -  -  -  -  -  -  -  -  -  -  -  -  -
                     -  -  -  -  -  -  -  -  -  -  -  -  -  -  -  -  -  -  -
                     -  -  -  -  -  -  -  -  -  -  -  -  -  -  -  -  -  -  -
                     -  -  -  -  -  -  -  -  -  -  -  -  -  -  -  -  -  -  -
                     -  -  -  -  -  -  -  -  -  -  -  -  -  -  -  -  -  -  -





1 B >




                     -  -  -  -  -  -  -  -  -  -  -  -  -  -  -  -  -  -  -
                     -  -  -  -  -  -  -  -  -  -  -  -  -  -  -  -  -  -  -
                     -  -  -  -  -  -  -  B  -  -  -  -  -  -  -             -  -  -  -  -  -  -   -  -  -  -  -  -  -  -  -  -  -  -  -  -  -
Ticks: 1             -  -  -  -  -  -  -  -  -  -  -  -  -  -  -  -  -  -  -
                     -  -  -  -  -  -  -  -  -  -  -  -  -  -  -  -  -  -  -
                     -  -  -  -  -  -  -  -  -  -  -  -  -  -  -  -  -  -  -
Black: 2             -  -  -  -  -  -  -  -  -  -  -  -  -  -  -  -  -  -  -
                     -  -  -  -  -  -  -  -  -  -  -  -  -  -  -  -  -  -  -
                     -  -  -  -  -  -  -  -  -  -  -  -  -  -  -  -  -  -  -
                     -  -  -  -  -  -  -  -  -  -  -  -  B  -  -  -  -  -  -
                     -  -  -  -  -  -  -  -  -  -  -  -  -  -  -  -  -  -  -
                     -  -  -  -  -  -  -  -  -  -  -  -  -  -  - -  -





2 B >




                     -  -  -  -  -  -  -  -  -  -  -  -  -  -  -  -  -  -  -
     -  -  -  -  -  W
                -  -  -  -  -  -  -  -  -  -  -  -  -  -
                     -  -  -  -  -  -  -  -  -  -  -  -  -  -  -  -
White: 2             - 
Ticks: 2             -  -  -  -  -  -  -  -  -  -  -  B  -  -  -  -  -  -  -
                     -  -  -  -  -  -  -  -  -  -  -  -  -  -  -  -  -  -  -
                     -  -  -  -  -  -  -  -  -  -  -  -  -  -  -  -  -  -  -
Black: 3             -  -  -  -  -  -  -  -  -  -  -  -  -  -  -  -  -  -  -
                     -  -  -  -  -  -  -  -  -  -  -  -  -  -  -  -  -  -  -
                     -  -  -  -  -  -  -  -  -  -  -  -  -  -  -  -  -  -  -
                     -  -  -  -  -  -  -  -  -  -  -  -  B  -  -  -  -  -  -
                     -  -  -  -  -  -  -  -  -  -  -  -  -  -  -  -  -  -  -
                     -  -  -  -  -  -  -  -  -  -  -  -  -  -  -  -  -  -  -
                     -  -  -  -  -  -  -  -  -  -  -  -  -  -  -  -  -  -  -





3 B >




                     -  -  -  -  -  -  -  -  -  -  -  -  -  -  -  -  -  -  W
                     -  -  -  -  -  -  -  -  -  -  -  -  -  -  -  -  -  -  -  -  -  -  -  W  -  -  -  -e: 3             -  -  -  -  -  --  -  -  -  -  -  -  -  -
       -  -  -  -  -  -
Ticks: 3             -  -  -  -  -  -  -  -  -  -  -  B  -  -  -  -  -  -  -
                     -  -  -  -  -  -  -  -  -  -  -  -  -  -  -  -  -  -  -
                     -  -  -  -  -  -  -  -        -  -  -  -  -  -  -  -  -  -  -  -  -  -  -  -  -  -  -
                     -  -  -  -  -  -  -  -  -  -  -  -  -  -  -  -  -  -  -
                     -  -  -  -  -  -  -  -  -  -  -  -  -  -  -  -  -  -  -
                     -  -  -  -  -  -  -  -  -  -  -  -  B  -  -  -  -  -  -
                     -  -  -  -  -  -  -  -  -  -  -  -  -  -  -  -  -  -  -
                     -  -  -  -  -  -  -  -  -  -  -  -  -  -  -  -  -  -  -
                     -  -  -  -  -  -  -  -  -  -  -  -  -  -  -  -  -  -  -





4 B >




                     -  -  -  -  -  -  -  -  -  -  -  -  -  -  -  -  -  -  W
                     -  -  -  -  -  -  -  -  -  -  -  -  -  -  -  -  -  -  W
                     -  -  -  -  -  -  W  B  -  -  -  -  -            -  -  -  -  -  -  -  - -  -  -  -  -  -  -  -  -
         -  -  -  -  -  -  -  -  -  -  -  -  -  -  -  -
Ticks: 4             -  -  -  -  -  -  -  -  -  -  -  B  -  -  -  -  -  -  -
                     -  -  -  -  -  -  -  -  -  -  -  -  -  -  -  -  -  -  -
                     -  -  -  -  -  -  -  -  -  -  -  -  -  -  -  -  -  -  -
Black: 5             -  -  -  -  -  -  -  -  -  -  -  -  -  -  -  -  -  -  -
                     -  -  -  -  -  -  -  -  -  -  -  -  -  -  -  -  -  -  -
                     -  -  -  -  -  -  -  -  -  -  -    -  -  -  -  -
                     -  -  -  -  -  -  -  -  -  -  -  -  B  -  -  -  -  -  -
                     -  -  -  -  -  -  -  -  -  -  -  -  -  -  -  -  -  -  -
                     -  -  -  -  -  -  -  -  -  -  -  -  -  -  -  -  -  -  -
                     -  -  -  -  -  -  -  -  -  -  -  -  -  -  -  -  -  -  -





5 B >




                     -  -  -  -  -  -  -  -  -  -  -  -  -  -  -  -  -  -  W
                     -  -  -  -  -  -  -  -  -  -  -  --  -  -  W  -  B  -  -  -
      -  -  -  -  -  -  -
Ticks: 5             -  -  -  -  -  -  -  -  -  -  -  B  -  -  -  -  -  -  -
                     -  -  -  -  -  -  -  -  -  -  -  -  -  -  -  -  -  -  -
                     -  -  -  -  -  -  -  -  -  -  -  -  -  -  -  -  -  -  -
Black: 6             -  -  -  -  -  -  -  -  -  -  -  -  -  -  -  -  -  -  -
                     -  -  -  -  -  -  -  -  -  -  -  -  -  -  -  -  -  -  -
                     -  -  -  -  -  -  -  -  -  -  -  -  -  -  -  -  -  -  -
                     -  -  -  -  -  -  -  -  -  -  -  -  B  -  -  -  -  -  -
                     -  -  -  -  -  -  -  -  -  -  -  -  -  -  -  -  -  -  -
                     -  -  -  -  -  -  -  -  -  -  -  -  -  -  -  -  -  -  -
                     -  -  -  -  -  -  -  -  -  -  -  -  -  -  -  -  -  -  -





6 B >




                     -  -  -  -  -  -  -  -  -  -  -  -  -  -  -  -  -  -  W
                     -  -  -  -  -  -  -  -  -  -  -  -  -  -  -  -  -  -  -  -  -  -  -  W  -  -  -  - -  -  -  -  -  -  -  -  -
                     -  -  -  -  -  -  -  -  B  -  -  -  -  -  -  -  -  -  -
Ticks: 6             -  -  -  -  -  -  -  -  -  -  -  B  -  -  -  -  -  -  -
                     -  -  -  -  -  -  -  -  -  -  -  -  -  -  -  -  -  -  -
                     -  -  -  -  -  -  -  -  -  -  -  -  -  -  -  -  -  -  -
Black: 7             -  -  -  -  -  -  -  -  -  -  -  -  -  -  -  -  -  -  -
                     -  -  -  -  -  -  -  -  -  -  -  -  -  -  -  -  -  -  -
                     -  -  -  -  -  -  -  -  -  -  -  -  -  -  -  -  -  -  -
                     -  -  -  -  -  -  -  -  -  -  -  -  B  -  -  -  -  -  -
                     -  -  -  -  -  -  -  -  -  -  -  -  -  -  -  -  -  -  -
                     -  -  -  -  -  -  -  -  -  -  -  -  -  -  -  -  -  -  -
                     -  -  -  -  -  -  -  -  -  -  -  -  -  -  -  -  -  -  -





7 B >




                     -  -  -  -  -  -  -  -  -  -  -  -  -  -  -  -  -  -  W
                     -  -  -  -  -  -  -    -  -  -  -  -  -  -  -  -  W
  ite: 7             -  -  -  -  -   B  -  -  -  -  -  -  -  -  -  -
Ticks: 7             -  -  -  -  -  -  -  -  -  -  -  B  -  -  -  -  -  -  -
                     -  -  -  -  -  -  -  -  -  -  -  -  -  -  -  -  -  -  -
                     -  -  -  -  -  -  -  -  -  -  -  -  -  -  -  -  -  -  -
Black: 8             -  -  -  -  -  -  -  -  -  -  -  -  -  -  -  -  -  -  -
                     -  -  -  -  -  -  -  -  -  -  -  -  -  -  -  -  -  -  -
                     -  -  -  -  -  -  -  -  -  -  -  -  -  -  -  -  -  -  -
                     -  -  -  -  -  -  -  -  -  -  -  -  B  -  -  -  -  -  -
                     -  -  -  -  -  -  -  -  -  -  -  -  -  -  -  -  -  -  -
                     -  -  -  -  -  -  -  -  -  -  -  -  -  -  -  -  -  -  -
                     -  B  -  -  -  -  -  -  -  -  -  -  -  -  -  -  -  -  -





8 B >8 B >




                     -  -  -  -  -  -  -  -  -  -  -  -  -  -  -  -  -  W  W
                     -  -  -  -  -  -  -  -  -  -  -  -  -  -  - -  -  -  -  -  -  -  -  -  -  --  B  -  -  -  -  -  -  -  -  -  -
Ticks: 8             -  -  -  -  -  -  -  -  -  -  -  B  -  -  -  -  -  -  -
                     -  -  -  -  -  -  -  -  -  -  -  -  -  -  -  -  -  -  -
                     -  -  -  -  -  -  -  -  -  -  -  -  -  -  -  -  -  -  -
Black: 9             -  -  B  -  -  -  -  -  -  -  -  -  -  -  -  -  -  -  -
                     -  -  -  -  -  -  -  -  -  -  -  -  -  -  -  -  -  -  -
                     -  -  -  -  -  -  -  -  -  -  -  -  -  -  -  -  -  -  -
                     -  -  -  -  -  -  -  -  -  -  -  -  B  -  -  -  -  -  -
                     -  -  -  -  -  -  -  -  -  -  -  -  -  -  -  -  -  -  -
                     -  -  -  -  -  -  -  -  -  -  -  -  -  -  -  -  -  -  -
                     -  B  -  -  -  -  -  -  -  -  -  -  -  -  -  -  -  -  -





9 B >




                     -  -  -  -  -  -  -  -  -  -  -  -  -  -  -  -  -  W  W
          -  -  -  -  -  -  -  W
             -  -  -  -  -  -  W  B   -  -  -  -  -  -  -  -  -  -  - -  -  -  -  -  -  -  -  -  -
               -  -  -  -  -  -  -  -  B  -  -  -  -  -  -  -  -  -  -
Ticks: 9             -  -  -  -  -  -  -  -  -  -  -  B  -  -  -  -  -  -  -
                     -  -  -  -  -  -  -  -  -  -  -  -  -  -  -  -  -  -  -
                     -  -  -  -  -  -  -  -  -  -  -  -  -  -  -  -  -  -  -
Black: 10            -  -  B  -  -  -  -  -  -  -  -  -  -  -  -  -  -  -  -
                     -  -  -  -  -  -  -  -  -  -  -  -  -  -  -  -  -  -  -
                     -  -  -  -  -  -  -  -  -  B  -  -  -  -  -  -  -  -  -
                     -  -  -  -  -  -  -  -  -  -  -  -  B  -  -  -  -  -  -
                     -  -  -  -  -  -  -  -  -  -  -  -  -  -  -  -  -  -  -
                     -  -  -  -  -  -  -  -  -  -  -  -  -  -  -  -  -  -  -
                     -  B  -  -  -  -  -  -  -  -  -  -  -  -  -  -  -  -  -





10 B >




                     -  -  -  -  -  -  -  -  -  -  -  -  -  -  -  -  -  W  W
                     -  -  -  -  -  -  -  -  -  -  B  -  -  -  -
           -  -  -  -  -  -  -  -  -    -  -  -  -  -
White: 10          -  B  -  -  -  -
                     -  -  -  -  -  -  -  -  B  -  -  -  -  -  -  -  -  -  -
Ticks: 10            -  -  -  -  -  -  -  -  -  -  -  B  -  -  -  -  -  -  -
                     -  -  -  -  -  -  -  -  -  -  -  -  -  -  -  -  -  -  -
                     -  -  -  -  -  -  -  -  -  -  -  -  -  -  -  -  -  -  -
Black: 11            -  -  B  -  -  -  -  -  -  -  -  -  -  -  -  -  -  -  -
                     -  -  -  -  -  -  -  -  -  -  -  -  -  -  -  -  -  -  -
                     -  -  -  -  -  -  -  -  -  B  -  -  -  -  -  -  -  -  -
                     -  -  -  -  -  -  -  -  -  -  -  -  B  -  -  -  -  -  -
                     -  -  -  -  -  -  -  -  -  -  -  -  -  -  -  -  -  -  -
                     -  -  -  -  -  -  -  -  -  -  -  -  -  -  -  -  -  -  -
                     -  B  -  -  -  -  -  -  -  -  -  -  -  -  -  -  -  -  -





11 B >




                     -  -  -  -  -  -  -  -  -  -  -  -  -  -  -  -  -  W  W
                     -  -  -  -  -  -  -  -  -  -  -  -  -  -  -  -  -  -  W-  -  -  -  -  -  -  -  -  -  W
  -
                     -  -  -  - -  -  -  -  B  -  -  -  -  -  -  -  -  -  -
Ticks: 11            -  -  -  -  -  -  -  -  -  -  -  B  -  -  -  -  -  -  -
                     -  -  -  -  -  -  -  -  -  -  -  -  -  -  -  -  -  -  -
                     -  -  -  -  -  -  -  -  -  -  -  -  -  -  -  -  -  -  -
Black: 12            -  -  B  -  -  -  -  -  -  -  -  -  -  -  -  -  -  -  -
                     -  -  -  -  -  -  -  -  -  -  -  -  -  -  -  -  -  -  -
                     B  -  -  -  -  -  -  -  -  B  -  -  -  -  -  -  -  -  -
                     -  -  -  -  -  -  -  -  -  -  -  -  B  -  -  -  -  -  -
                     -  -  -  -  -  -  -  -  -  -  -  -  -  -  -  -  -  -  -
                     -  -  -  -  -  -  -  -  -  -  -  -  -  -  -  -  -  -  -
                     -  B  -  -  -  -  -  -  -  -  -  -  -  -  -  -  -  -  -
12 B >




                     -  -  -  -  -  -  -  -  -  -  -  -  -  -  -  -  -  W  W
                     -  -  -  -  -  W  -  -  -  -  -  -  -  -  -  -  - -
White: 12            -  -  -  -  -  -  -  B  -  -  -  -  -  -  -  -  -  -
Ticks: 12            -  -  -  -  -  -  -  -  -  -  -  B  -  -  -  -  -  -  -
                     -  -  -  -  -  -  -  -  -  -  -  -  -  -  -  -  -  -  -
                     -  -  -  -  -  -  -  -  -  -  -  -  -  -  -  -  -  -  -
Black: 13            -  -  B  -  -  -  -  -  -  -  -  -  -  -  -  -  -  -  -
                     -  -  -  -  -  -  -  -  -  -  -  -  -  -  -  -  -  -  -
                     B  -  -  -  -  -  -  -  -  B  -  -  -  -  -  -  -  -  -
                     -  -  -  -  -  -  -  -  -  -  -  -  B  -  -  -  -  -  -
                     -  -  -  -  -  -  -  -  -  -  -  -  -  -  -  -  -  -  -
                     -  -  -  -  -  -  -  -  -  -  -  -  -  -  -  -  -  -  -
                     -  B  -  -  B  -  -  -  -  -  -  -  -  -  -  -  -  -  -





13 B >




                     -  -  -  -  -  -  -  -  -  -  -  -  -  -  -  -  -  W  W
                     -  -  -  -  -  W  -  -  -  -  -  -  -  -  -  -  -  -  W
                     -  --  -  W  -  -  -  -  -  -
White:   -  -  -  B  -  -  -  -
                     -  -  -  -  -  -  -  -  B  -  -  -  -  -  -  -  -  -  -
Ticks: 13            -  -  -  -  -  -  -  -  -  -  -  B  -  -  -  -  -  -  -
                     -  -  -  -  -  -  -  -  -  -  -  -  -  -  -  -  -  -  -
                     -  -  -  -  -  -  -  -  -  -  -  -  -  -  -  -  -  -  -
Black: 13            -  -  B  -  -  -  -  -  -  -  -  -  -  -  -  -  -  -  -
                     -  -  -  -  -  -  -  -  -  -  -  -  -  -  -  -  -  -  -
                     B  -  -  -  -  -  -  -  -  B  -  -  -  -  -  -  -  -  -
                     -  -  -  -  -  -  -  -  -  -  -  -  B  -  -  -  -  -  -
                     -  -  -  -  -  -  -  -  -  -  -  -  -  -  -  -  -  -  -
                     -  -  -  -  -  -  -  -  -  -  -  -  -  -  -  -  -  -  -
                     -  B  -  -  B  -  -  -  -  -  -  -  -  -  -  -  -  -  -





14 B >




                     -  -  -  -  -  -  -  -  -  -  -  -  -  -  -  -  -  W  W
                     -  -  -  -  -  W  -  -  -  -  -  -  -  -  -  -  W
                     W  -  -  -  -  -  -  -  -  -  -
                 -  -  -  -  -  -  -  -  -  -  -  -  B  -  -  -  -
                     -  -  -  -  -  -  -  -  B  -  -  -  -  -  -  -  -  -  -
Ticks: 14            -  -  -  -  -  -  -  -  -  -  -  B  -  -  -  -  -  -  -
                     -  -  -  -  -  -  -  -  -  -  -  -  -  -  -  -  -  -  -
                     -  -  -  -  -  -  -  -  -  -  -  -  -  -  -  -  -  -  -
Black: 13            -  -  B  -  -  -  -  -  -  -  -  -  -  -  -  -  -  -  -
                     -  -  -  -  -  -  -  -  -  -  -  -  -  -  -  -  -  -  -
                     B  -  -  -  -  -  -  -  -  B  -  -  -  -  -  -  -  -  -
                     -  -  -  -  -  -  -  -  -  -  -  -  B  -  -  -  -  -  -
                     -  -  -  -  -  -  -  -  -  -  -  -  -  -  -  -  -  -  -
                     -  -  -  -  -  -  -  -  -  -  -  -  -  -  -  -  -  -  -
                     -  B  -  -  B  -  -  -  -  -  -  -  -  -  -  -  -  -  -





15 B >




                     -  -  -  -  -  -  -  -  -  -  -  -  -  -  -  -  -  W  W
                     -  -  -  -  -  W  -  -  -  -  -  -  -  -  -  -  -  -  W
                     -  -  -  -  W  W  W  B  -  -  -  -  -  -  -  -  --  W
                     -  -  - W  -  -  -  -  -  -
White: 15     -  -  -  -  -  -
Ticks: 15            -  -  -  -  -  -  -  -  -  -  -  B  -  -  -  -  -  -  -
                     -  -  -  -  -  -  -  -  -  -  -  -  -  -  -  -  -  -  -
                     -  -  -  -  -  -  -  -  -  -  -  -  -  -  -  -  -  -  -
Black: 13            -  -  B  -  -  -  -  -  -  -  -  -  -  -  -  -  -  -  -
                     -  -  -  -  -  -  -  -  -  -  -  -  -  -  -  -  -  -  -
                     B  -  -  -  -  -  -  -  -  B  -  -  -  -  -  -  -  -  -
                     -  -  -  -  -  -  -  -  -  -  -  -  B  -  -  -  -  -  -
                     -  -  -  -  -  -  -  -  -  -  -  -  -  -  -  -  -  -  -
                     -  -  -  -  -  -  -  -  -  -  -  -  -  -  -  -  -  -  -
                     -  B  -  -  B  -  -  -  -  -  -  -  -  -  -  -  -  -  -





16 B >




                     -  -  -  -  -  W  -  -  -  -  -  -  -  W  W
               -  -  -  W  W  W  B  -  -  -  -   -  -  -  W
                     W  -  -
                     -  -  -  B  -  -  -  -  -  -  -  -  -  -
Ticks: 16            -  -  -  -  -  -  -  -  -  -  -  B  -  -  -  -  -  -  -
                     -  -  -  -  -  -  -  -  -  -  -  -  -  -  -  -  -  -  -
                     -  -  -  -  -  -  -  -  -  -  -  -  -  -  -  -  -  -  -
Black: 16            -  -  B  -  -  -  -  -  -  -  -  -  -  -  -  -  -  -  -
                     -  -  -  -  -  -  -  -  -  -  -  -  -  -  -  -  -  -  -
                     B  -  -  -  -  -  -  -  -  B  -  -  -  -  -  -  -  -  -
                     -  -  -  -  -  -  -  -  -  -  -  -  B  -  -  -  -  -  -
                     -  -  -  -  -  -  -  -  -  -  -  -  -  -  -  -  -  -  -
                     -  -  -  -  -  -  -  -  -  -  -  -  -  -  -  -  -  -  -
                     -  B  -  -  B  -  -  -  -  -  -  -  -  -  -  -  -  -  -





17 B >




                     -  -  -  -  -  W  -  -  -  -  -  -  -  -  -  -  -  W  W
                     -  -  -  -  -  W  -  - -  -  -  -  -  -  -  -  - -  -  -
White: 17            -   -  B  -  -  -  -  -  -  -  B  -   -  -  -  -  -  -  -
Ticks: 17            -  -  -  -  -  -  -  -  --  -  -  -  -
                     -  -  -  -  -  -  -  -  -  -  -  -  -  -  -  -  -  -  -
                     -  -  -  -  -  -  -  -  -  -  -  -  -  -  -  -  -  -  -
Black: 17            -  -  B  -  -  -  -  -  -  -  -  -  -  -  -  -  -  -  -
                     -  -  -  -  -  -  -  -  -  -  -  -  -  -  -  -  -  -  -
                     B  -  -  -  -  -  -  -  -  B  -  -  -  -  -  -  -  -  -
                     -  -  -  -  -  -  -  -  -  -  -  -  B  -  -  -  -  -  -
                     -  -  -  -  -  -  -  -  -  -  -  -  -  -  -  -  -  -  -
                     -  -  -  -  -  -  -  -  -  -  -  -  -  -  -  -  -  -  -
                     -  B  -  -  B  -  -  -  -  -  -  -  -  -  -  -  -  -  -





18 B >18 B >




                     -  -  -  -  -  W  -  -  -  -  -  -  -  -  -  -  W  W  W
                     -  -  -  -  -  W  -  -  B  -  -  -  -  -                      W  -  -  -   -  -  -  -  -  -  -  -  -  -  --  -
Ticks: 18            -  -  -  -  -  -  -  -  -  -  -  B  -  -  -  -  -  -  -
                     -  -  -  -  -  -  -  -  -  -  -  -  -  -  -  -  -  -  -
                     -  -  -  -  -  -  -  -  -  -  -  -  -  -  -  -  -  -  -
Black: 18            -  -  B  -  -  -  -  -  -  -  -  -  -  -  -  -  -  -  -
                     -  -  -  -  -  -  -  -  -  -  -  -  -  -  -  -  -  -  -
                     B  -  -  -  -  -  -  -  -  B  -  -  -  -  -  -  -  -  -
      -  -  -  -  -  -  -  -  -  -   -  -
                     -  -  -  -  -  -  -  -  -  -  -  -  -  -  -  -  B  -  -
                     -  -  -  -  -  -  -  -  -  -  -  -  -  -  -  -  -  -  -
                     -  B  -  -  B 19 B >19 B >




                     -  -  -  -  -  W  -  -  -  -  -  -  -  -  -  -  W  W  -  -  -  -  W  -  -  B  -  -  -           W  -  -  -  -  -  -  -   -  -  B  -  -  -  -  -  -  -  -  -  -
Ticks: 19            -  -  -  -  -  -  -  -  -  -  -  B  -  -  -  -  -  -  -
                     -  -  -  -  -  -  -  -  -  -  -  -  -  -  -  -  -  -  -
                     -  -  -  -  -  -  -  -  -  -  -  -  -  -  -  -  -  -  -
Black: 18            -  -  B  -  -  -  -  -  -  -  -  -  -  -  -  -  -  -  -
                     -  -  -  -  -  -  B  -  -  -  -  -  -  -  -  -  -  -  -
                     B  -  -  -  -  -  -  -  -  B  -  -  -  -  -  -  -  -  -
                     -  -  -  -  -  -  -  -  -  -  -  -  B  -  -  -  -  -  -
                     -  -  -  -  -  -  -  -  -  -  -  -  -  -  -  -  -  -  -
                     -  B  -  -  B  -  -  -  -  -  -  -  -  -  -  -  -  -  -





20 B >




                     -  -  -  -  -  W  -  -  -  -  -  -  -  -  -  -  W  W  W
                     -  -  -  -  -  W                W  -  -  -  -  -    -  -  -  -  -  -  -  -  -  B  - -  -  -  -  B  -  -  -  -  -  -  -  -  -  -
Ticks: 20            -  -  -  -  -  -  -  -  -  -  -  B  -  -  -  -  -  -  -
                     -  -  -  -  -  -  -  -  -  -  -  -  -  -  -  -  -  -  -
                     -  -  -  -  -  -  -  -  -  -  -  -  -  -  -  -  -  -  -
Black: 19            -  -  B  -  -  -  -  -  -  -  -  -  -  -  -  -  -  -  -
                     -  -  -  -  -  -  B  -  -  -  -  -  -  -  -  -  -  -  -
                     B  -  -  -  -  -  -  -  -  B  -  -  -  -  -  -  -  -  -
                     -  -  -  -  -  -  -  -  -  -  -  -  B  -  -  -  -  -  -
                     -  -  -  -  -  -  -  -  -  -  -  -  -  -  -  -  B  -  -
                     -  -  -  -  -  -  -  -  -  -  -  -  -  -  -  -  -  -  -
                     -  B  -  -  B  -  -  -  -  -  -  -  -  -  -  -  -  -  B





21 B >




                     -  -  -  -  -  W  -  -  -  -  -  -  -  -  -  -  W  W  W
                     -  -  -  -  -  W   -  -  -  -  W
                -  -  -  -  W  W  -  -  -  -  -  -  B  -  -  -  W
                 -  -  -  -  B  -  -  -  -
               -  -  -  -  -  -  -  -  B  -  -  -  -  -  -  -  -  -  -
Ticks: 21            -  -  -  -  -  -  -  -  -  -  -  B  -  -  -  -  -  -  -
                     -  -  -  -  -  -  -  -  -  -  -  -  -  -  -  -  -  -  -
                     -  -  -  -  -  -  -  -  -  -  -  -  -  -  -  -  -  -  -
Black: 20            -  -  B  -  -  -  -  -  -  -  B  -  -  -  -  -  -  -  -
                     -  -  -  -  -  -  B  -  -  -  -  -  -  -  -  -  -  -  -
                     B  -  -  -  -  -  -  -  -  B  -  -  -  -  -  -  -  -  -
                     -  -  -  -  -  -  -  -  -  -  -  -  B  -  -  -  -  -  -
                     -  -  -  -  -  -  -  -  -  -  -  -  -  -  -  -  B  -  -
                     -  -  -  -  -  -  -  -  -  -  -  -  -  -  -  -  -  -  -
                     -  B  -  -  B  -  -  -  -  -  -  -  -  -  -  -  -  -  B





22 B >




                     -  -  -  -  -  W  -  -  -  -  -  -  -  -  -  -  W  W  W
                     -  -  -  -  -  W  -  -  B  -  -  -  -  -  -  -  -  -  W
                     W  -  -  W  W  W  W  B  -  -  -  -  -  -  -  -  -  -  W
                     W  -  -  -  -  -  W  W 
White: 22            -  -  -  -  -  -  -  B  -  -  -  -  -  -  -  B  -  -  -
                     -  -  -  -  -  -  -  -  -  -  -  -  -  -  B  -  -  -  -
                     -  -  -  -  -  -  -  -  B  -  -  -  -  -  -  -  -  -  -
Ticks: 22            -  -  -  -  -  -  -  -  -  -  -  B  -  -  -  -  -  -  -
                     -  -  -  -  -  -  -  -  -  -  -  -  -  -  -  -  -  -  -
                     -  -  -  -  -  -  -  -  -  -  -  -  -  -  -  -  -  -  -
Black: 26            -  -  B  -  -  -  -  -  -  -  B  -  -  -  -  -  -  -  -
                     -  -  -  B  -  -  B  -  -  -  -  -  -  -  -  -  -  -  -
                     B  -  -  -  -  -  -  -  -  B  -  -  -  -  -  -  -  -  -
                     -  -  -  -  -  -  -  -  -  -  -  -  B  -  -  -  -  -  -
                     -  -  -  -  -  -  -  -  -  -  -  -  -  -  -  -  B  -  -
                     -  -  -  -  -  -  -  -  -  -  -  -  -  -  -  -  -  -  -
                     -  B  -  -  B  -  -  -  -  -  -  -  -  -  -  -  -  -  B





23 B >23 B >23 B >




                     -  -  -  -  -  W  -  -  -  -  -  -  -  -  -  -  W  W  W
                     -   -  -  -
                     - -  -  -  B  -  -  -  -  -  -  -  -  -
                     -  -  -  -  -  -  -  -  -
Ticks: 23            -  -  -  -  -  -  -  -  -  -  -  B  -  -  -  -  -  -  -
                     -  -  -  -  -  -  -  -  -  -  -  -  -  -  -  -  -  -  -
                     -  -  -  -  -  -  -  -  -  -  -  -  -  -  -  -  -  -  -
Black: 27            -  -  B  -  -  -  -  -  -  -  B  -  -  -  -  -  -  -  -
                     -  -  -  B  -  -  B  -  -  -  -  -  -  -  -  -  -  -  -
                     B  -  -  -  -  -  -  -  -  B  -  -  -  -  -  -  -  -  -
                     -  -  -  -  -  -  -  -  -  -  -  -  B  -  -  -  -  -  -
                     -  -  -  -  -  -  -  -  -  -  -  -  -  -  -  -  B  -  -
                     -  -  -  -  -  -  -  -  -  -  -  -  -  -  -  -  -  -  -
                     -  B  -  -  B  -  -  -  -  -  -  -  -  B  -  -  -  -  B





24 B >




                     -  -  -  -  -  W  -  -  -  -  -  -  -  -  -  -  W  W  W
           -  -  -  -  -  W  W  W  W  B  -  -  -
                     -  -  -  -  -  -  -  -  -  -
Ticks: 24    -  -  -  -  -  -  -  -  -  -  -  B  -  -  -  -  -  -  -
                     -  -  -  -  -  -  -  -  -  -  -  -  -  -  -  -  -  -  -
                     -  -  -  -  -  -  -  -  -  -  -  -  -  -  -  -  -  -  -
Black: 29            -  -  B  -  -  -  -  -  -  -  B  -  -  -  -  -  -  -  -
                     -  -  -  B  -  -  B  -  -  -  -  -  -  -  -  -  -  -  -
                     B  -  -  -  -  -  -  -  -  B  -  -  -  -  -  -  -  -  -
                     -  -  -  -  -  -  -  -  -  -  -  -  B  -  -  -  -  -  -
                     -  -  -  -  -  -  -  -  -  -  -  -  -  -  -  -  B  -  -
                     -  -  -  -  -  -  -  -  -  -  -  -  -  -  -  -  -  -  -
                     -  B  -  -  B  -  -  -  -  -  -  -  -  B  -  -  -  -  B





25 B >




                     -  -  -  -  -  W  -  -  -  -  -  -  -  -  -  -  W  W  W
                     -  -  -  -  -  W  -   -  -  -  W  B  -  -  -  W
                    -  -  -  -  B  -  -  -  B  -  -  -  -  -  -  -  -  -  -
Ticks: 25            -  -  -  -  -  -  -  -  -  -  -  B  -  -  -  -  -  -  -
                     -  -  -  -  -  -  -  -  -  -  -  -  -  -  -  -  -  -  -
                     -  -  -  -  -  -  -  -  -  -  -  -  -  -  -  -  -  -  -
Black: 28            -  -  B  -  -  -  -  -  -  -  B  -  -  -  -  -  -  -  -
                     -  -  -  B  -  -  B  -  -  -  -  -  -  -  -  -  -  -  -
                     B  -  -  -  -  -  -  -  -  B  -  -  -  -  -  -  -  -  -
                     -  -  -  -  -  -  -  -  -  -  -  -  B  -  -  -  -  -  -
                     -  -  -  -  -  -  -  -  -  -  -  -  -  -  -  -  B  -  -
                     -  -  -  -  -  -  -  -  -  -  -  -  -  -  -  -  -  -  -
                     -  B  -  -  B  -  -  -  -  -  -  -  -  B  -  -  -  -  B





26 B >




                     -  -  -  -  -  W  -  -  -  -  -  -  -  -  -  -  W  W  W
                     -  -  -  -  -  W  -  -  B  -  -  -            W  -  -  -  -  -  -  -  -  -  -  -  -  -
Ticks: 26            -  -  -  -  -  -  -  -  -  -  -  B  -  -  -  -  -  -  -
                     -  -  -  -  -  -  -  -  -  -  -  -  -  -  -  -  -  -  -
                     -  -  -  -  -  -  -  -  -  -  -  -  -  -  -  -  -  -  -
Black: 29            -  -  B  -  -  -  -  -  -  -  B  -  -  -  -  -  -  -  -
                     -  -  -  B  -  -  B  -  -  -  -  -  -  -  -  -  -  -  -
                     B  -  -  -  -  -  -  -  -  B  -  -  -  -  -  -  -  -  -
                     -  -  -  -  -  -  -  -  -  -  -  -  B  -  -  -  -  -  -
                     -  -  -  -  -  -  -  -  -  -  -  -  -  -  -  -  B  -  -
                     -  -  -  -  -  -  -  -  -  B  -  -  -  -  -  -  -  -  -
                     -  B  -  -  B  -  -  -  -  -  -  -  -  B  -  -  -  -  B





27 B >




                     -  -  -  -  -  W  -  -  -  -  -  -  -  W  -  -  B  -  -  -  -  -   -  W
                     W  - W
                     W  B  -  -  -
                     -       -  -  -  -  B  -  -  -  B  -  -  -  -  -  -  -  -  -  -
Ticks: 27            -  -  -  -  -  -  -  -  -  -  -  B  -  -  -  -  -  -  -
                     -  -  -  -  -  -  -  -  -  -  -  -  -  -  -  -  -  -  -
                     -  -  -  -  -  -  -  -  -  -  -  -  -  -  -  -  -  -  -
Black: 30            -  -  B  -  -  -  -  -  -  -  B  -  -  -  -  -  -  -  -
                     -  -  -  B  -  -  B  -  -  -  -  -  -  -  -  -  -  -  -
                     B  -  -  -  -  -  -  -  -  B  -  -  -  -  -  -  -  -  -
                     -  -  -  -  -  -  -  -  -  -  -  -  B  -  -  -  -  -  -
                     -  -  -  -  -  -  -  -  -  -  -  -  -  -  -  -  B  -  -
                     -  -  -  -  -  -  -  -  -  B  -  -  -  -  -  -  -  -  -
                     -  B  -  -  B  -  -  -  -  -  -  -  -  B  -  -  -  -  B





28 B >28 B >




                     -  -  -  -  -  W  -  -  -  -  -  -  -  -  -  -  W  W  W
                     -  -  -  -  -  W  -  -  B  -  -  -  -  -  -  -  W  -  W
                     W  -  -  -  -  W  B  -  -  -  W
          -  -  B  -  -  -  -  -  -  -   W  -  -  -
White: 28           -  -  -  -  -  B  -  -  -  -  -  -  W  B  -  -  -
                     -  -  -  -  -  -  -  -  -  -  -  -  -  -  B  -  -  -  -
                     -  -  -  -  B  -  -  -  B  -  -  -  -  -  -  -  -  -  -
Ticks: 28            -  -  -  -  -  -  -  -  -  -  -  B  -  -  -  -  -  -  -
                     -  -  -  -  -  -  -  -  -  -  -  -  -  -  -  -  -  -  -
                     -  -  -  -  -  -  -  -  -  -  -  -  -  -  -  -  -  -  -
Black: 31            -  -  B  -  -  -  -  -  -  -  B  -  -  -  -  -  -  -  -
                     -  -  -  B  -  -  B  -  -  -  -  -  -  -  -  -  -  -  -
                     B  -  -  -  -  -  -  -  -  B  -  -  -  -  -  -  -  -  -
                     -  -  -  -  -  -  -  -  -  -  -  -  B  -  -  -  B  -  -
                     -  -  -  -  -  -  -  -  -  -  -  -  -  -  -  -  B  -  -
                     -  -  -  -  -  -  -  -  -  B  -  -  -  -  -  -  -  -  -
                     -  B  -  -  B  -  -  -  -  -  -  -  -  B  -  -  -  -  B





29 B >




                     -  -  -  -  -  W  -  -  -  -  -  -  -  -  -  -  W  W  W
                     -  -  -  -  -  W  -  -  B  -  -  -  -  W  B  W  W  -  -  -
W  -  -  -
Ticks: 29            -  -  -  -  -  -  -  -  -  -  -  B  -  -  -  -  -  -  -
                     -  -  -  -  -  -  -  -  -  -  -  -  -  -  -  -  -  -  -
                     -  -  -  -  -  -  -  -  -  -  -  -  -  -  -  -  -  -  -
Black: 34            -  -  B  -  -  -  -  -  -  -  B  -  -  -  -  -  -  -  -
                     -  -  -  B  -  -  B  -  -  -  -  -  -  -  -  -  -  -  -
                     B  -  -  -  -  -  -  -  -  B  -  -  -  -  -  -  -  -  -
                     -  -  -  -  -  -  -  -  -  -  -  B  B  -  -  -  B  -  -
                     -  -  -  -  -  -  -  -  -  -  -  -  -  -  -  -  B  -  -
                     -  -  -  -  -  -  -  -  -  B  -  -  -  -  -  -  -  -  -
                     -  B  -  -  B  -  -  -  -  -  -  -  -  B  -  -  -  -  B





30 B >30 B >




                     -  -  -  -  -  W  -  -  -  -  -  -  -  -  -  -  W  W  W
                     -  -  -  -  -  W  -  -  B  -  -  -  -  -  -  W B  -  -  -  -  -  -  -  -  -  -  -
White: 30            -  -  -  -  -  -  -  B  -  -  -  -  -  -  W  B  -  -  -
                     -  -  -  -  -  -  -  -    B  -  -  -  B  -  -  -  -  -  -  -  -  -  -
Ticks: 30            -  -  -  -  -  -  -  -  -  -  -  B  -  -  -  -  -  -  -
                     -  -  -  -  -  -  -  -  -  -  -  -  -  -  -  -  -  -  -
                     -  -  -  -  -  -  -  -  -  -  -  -  -  -  -  -  -  -  -
Black: 35            -  -  B  -  -  -  -  -  -  -  B  -  -  -  -  -  -  -  -
                     -  -  -  B  -  -  B  -  -  -  -  -  -  -  -  -  -  -  -
                     B  -  -  -  -  -  -  -  -  B  -  -  -  -  -  -  -  -  -
                     -  -  -  -  -  -  -  -  -  -  -  B  B  -  -  -  B  -  -
                     -  -  -  -  -  -  -  -  -  -  -  -  -  -  -  -  B  -  -
                     -  -  -  -  -  -  -  -  -  B  -  -  -  -  -  -  -  -  -
                     B  B  -  -  B  -  -  -  -  -  -  -  -  B  -  -  -  -  B





31 B >




                     -  -  -  -  -  W  -  -  -  -  -  -  -  -  -  -  W  W  W
                     -  -  -  -  -  W  -  -  B  -  -  -  -  -  -  W  W  -  W
                     W  -  -  B  -  -  -  -  -  -  -  -  -  -  -  -  -  -  -  -  -
Ticks: 31            -  -  -  -  -  -  -  -  -  -  -  B  -  -  -  -  -  -  -
                     -  -  -  -  -  -  -  -  -  B  -  -  -  -  -  -  -  -  -
                     -  -  -  -  -  -  -  -  -  -  -  -  -  -  -  -  -  -  -
Black: 36            -  -  B  -  -  -  -  -  -  -  B  -  -  -  -  -  -  -  -
                     -  -  -  B  -  -  B  -  -  -  -  -  -  -  -  -  -  -  -
                     B  -  -  -  -  -  -  -  -  B  -  -  -  -  -  -  -  -  -
                     -  -  -  -  -  -  -  -  -  -  -  B  B  -  -  -  B  -  -
                     -  -  -  -  -  -  -  -  -  -  -  -  -  -  -  -  B  -  -
                     -  -  -  -  -  -  -  -  -  B  -  -  -  -  -  -  -  -  -
                     B  B  -  -  B  -  -  -  -  -  -  -  -  B  -  -  -  -  B





32 B >




                     -  -  -  -  -  W  -  -  -  -  -   -  -  -  -  -  -  W  W  -  W
           W  -  -  -  -  -   -  -  W  B  -  -  -  W
         W  B  W  W  -  -  -
White: 32    B  -  -  -  B  -  -  -  -  -  -  -  -  -  -
Ticks: 32            -  -  -  -  -  -  -  -  -  -  -  B  -  -  -  -  -  -  -
                     -  -  -  -  -  -  -  -  -  B  -  -  -  -  -  -  -  -  -
                     -  -  -  -  -  -  -  -  -  -  -  -  -  -  -  -  -  -  -
Black: 36            -  -  B  -  -  -  -  -  -  -  B  -  -  -  -  -  -  -  -
                     -  -  -  B  -  -  B  -  -  -  -  -  -  -  -  -  -  -  -
                     B  -  -  -  -  -  -  -  -  B  -  -  -  -  -  -  -  -  -
                     -  -  -  -  -  -  -  -  -  -  -  B  B  -  -  -  B  -  -
                     -  -  -  -  -  -  -  -  -  -  -  -  -  -  -  -  B  -  -
                     -  -  -  -  -  -  -  -  -  B  -  -  -  -  -  -  -  -  -
                     B  B  -  -  B  -  -  -  -  -  -  -  -  B  -  -  -  -  B





33 B >33 B >




                     -  -  -  -  -  W  -  -  -  -  -  -  -  -  -  -  W  W  W
   W  W  W  B  -  -  -  -  -  -  -  W  B  -  -  -
             -  -  B  -  -  -  B  -  -  -  -  -  -  -  -  -  -
Ticks: 33            -  -  -  -  -  -  -  -  -  -  -  B  -  -  -  -  -  -  -
                     -  -  -  -  -  -  -  -  -  B  -  -  -  -  -  -  -  -  -
                     -  -  -  -  -  -  -  -  -  -  -  -  -  -  -  -  -  -  -
Black: 37            -  -  B  -  -  -  -  -  -  -  B  -  -  -  -  -  -  -  -
                     -  -  -  B  -  -  B  -  -  -  -  -  -  -  -  -  -  -  -
                     B  -  -  -  -  -  -  -  -  B  -  -  -  -  -  -  -  -  -
                     -  -  -  -  -  -  -  -  -  -  -  B  B  -  -  -  B  -  -
                     -  -  -  -  -  -  -  -  -  -  -  -  -  -  -  -  B  -  -
                     -  -  -  -  -  -  -  -  -  B  -  -  -  -  -  -  -  -  -
                     -  -  B  -  -  -  -  -  -  -  -34 B >




                     -  -  -  -  -  W  -  -  -  -  -  -  -  -  -  -  W  W  W
                W  -  -  W  W  W  W  -  -  -  -  -  W  W
                     W  -  -  -  -  -  W  W  -  B  -  -  -  W  B  -  -  -  W
                     W  W  -  -  -White: 34            -  -  -  -  -  -  -  -  -  -  B  -  -  -  -  -
                     -  -  -  -  B  -  -  -  B  -  -  -  -  -  -  -  -  -  -
Ticks: 34            -  -  -  -  -  -  -  -  -  -  -  B  -  -  -  -  -  -  -
                     -  -  -  -  -  -  -  -  -  B  -  -  -  -  -  -  -  -  -
                     -  -  -  -  -  -  -  -  -  -  -  -  -  -  -  -  -  -  -
Black: 39            -  -  B  -  -  -  -  -  -  -  B  -  -  -  -  -  -  -  -
                     -  -  -  B  -  -  B  -  -  -  -  -  -  -  -  -  -  -  -
                     B  -  -  -  -  -  -  -  -  B  -  -  -  -  -  -  -  -  -
                     -  -  -  -  -  -  -  -  -  -  -  B  B  -  -  -  B  -  -
                     -  -  -  -  -  -  -  -  -  -  -  -  -  -  -  -  B  -  -
                     -  -  -  -  -  -  -  -  -  B  -  -  -  -  -  -  -  -  -
                     B  B  -  -  B  -  -  -  -  -  -  -  -  B  -  -  -  -  B





35 B >




                     -  -  -  -  -  W  -  -  -  -  -  -  -  -  -  -  W  W  W
                     -  -  -  W  -  W  -  -  B  -  -  W  W  W  B  -  -  -  -  -  -  -  - B  -  -  -
                      -  -  -  -  -  -  -
Ticks: 35            -  -  -  -  -  -  -  -  -  -  -  B  -  -  -  -  -  -  -
                     -  -  -  -  -  -  -  -  -  B  -  -  -  -  -  -  -  -  -
                     -  -  -  -  -  -  -  -  -  -  -  -  -  -  -  -  -  -  -
Black: 64            -  -  B  -  -  -  -  -  -  -  B  -  -  -  -  -  -  -  -
                     -  -  -  B  -  -  B  -  -  -  -  -  -  -  -  -  -  -  -
                     B  -  -  -  -  -  -  -  -  B  -  -  -  -  -  -  -  -  -
                     -  -  -  -  -  -  -  -  -  -  -  B  B  -  -  B  B  -  -
                     -  -  -  -  -  -  -  -  -  -  -  -  -  -  -  -  B  -  -
                     -  -  -  -  -  -  -  -  -  B  -  -  -  -  -  -  -  -  -
                     B  B  -  -  B  -  -  -  -  -  -  -  -  B  -  -  -  -  B





36 B >36 B >36 B >




                     -  -  -  -  -  W  -  -  -  -  -  -  -  -  -  -  W  W  W
                     -  -  -  -  -  -  -  -  -  -  -    -
                     -  -  -   -  -  -  -  -  -  -  -  -  -
Ticks: 36            -  -  -  -  -  -  -  -  -  -  -  B  -  -  -  -  -  -  -
                     -  -  -  -  -  -  -  -  -  B  -  -  -  -  -  -  -  -  -
                     -  -  -  -  -  -  -  -  -  -  -  -  -  -  -  -  -  -  -
Black: 63            -  -  B  -  -  -  -  -  -  -  B  -  -  -  -  -  -  -  -
                     -  -  -  B  -  -  B  -  -  -  -  -  -  -  -  -  -  -  -
                     B  -  -  -  -  -  -  -  -  B  -  -  -  -  -  -  -  -  -
                     -  -  -  -  -  -  -  -  -  -  -  B  B  -  -  B  B  -  -
                     -  -  -  -  -  -  -  -  -  -  -  -  -  -  -  -  B  -  -
                     -  -  -  -  -  -  -  -  -  B  -  -  -  -  -  -  -  -  -
                     B  B  -  -  B  -  -  -  -  -  -  -  -  B  -  -  -  -  B





37 B >




                     -  -  -  -  -  W  -  -  -  -  -  -  -  -  -  -  W  W  W
                     -  -  -  W  -  W  -   -  B  -  -  B  W  B  -  -           W  -  B  -  -  -  -  - B  W  W  -  -  -
White: 37         -  -  -  -  -  -  B  -  -  -  - -  -  -  B  -  -  B  -  -  -  -
  -  -  -  -  -  -
                     -  -  -  -  -  -  -  -  -  -  -  -  -  -  -  -  -  -  -
Black: 64            -  -  B  -  -  -  -  -  -  -  B  -  -  -  -  -  -  -  -
                     -  -  -  B  -  -  B  -  -  -  -  -  -  -  -  -  -  -  -
                     B  -  -  -  -  -  -  -  -  B  -  -  -  -  -  -  -  -  -
                     -  -  -  -  -  -  -  -  -  -  -  B  B  -  -  B  B  -  -
                     -  -  -  -  -  -  -  -  -  -  -  -  -  -  -  -  B  -  -
                     -  -  -  -  -  -  -  -  -  B  -  -  -  -  -  -  -  -  -
                     B  B  -  -  B  -  -  -  -  -  -  -  -  B  -  -  -  -  B





38 B >




                     -  -  -  -  -  W  -  -  -  -  -  -  -  -  -  -  W  W  W
    W  -  -  W  W  W  W  B  -  -  - -  -  W  -  W  B  -  -  -
                 -  -  -  -  B  -  -  -  B  -  -  -  -  -  -  -  -  -  -
Ticks: 38            -  -  -  -  -  -  -  -  -  -  -  B  -  -  -  -  -  -  -
                     -  -  -  -  -  -  -  -  -  B  -  -  -  -  -  -  -  -  -
                     -  -  -  -  -  -  -  -  -  -  -  -  -  -  B  -  -  -  -
Black: 65            -  -  B  -  -  -  -  -  -  -  B  -  -  -  -  -  -  -  -
                     -  -  -  B  -  -  B  -  -  -  -  -  -  -  -  -  -  -  -
                     B  -  -  -  -  -  -  -  -  B  -  -  -  -  -  -  -  -  -
                     -  -  -  -  -  -  -  -  -  -  -  B  B  -  -  B  B  -  -
                     -  -  -  -  -  -  -  -  -  -  -  -  -  -  -  -  B  -  -
                     -  -  -  -  -  -  -  -  -  B  -  -  -  -  -  -  -  -  -
                     B  B  -  -  B  -  -  -  -  -  -  -  -  B  -  -  -  -  B





39 B >




                     -  -  -  -  -  W  -  -  -  -  -  -  -  -  -  -  W  W  W
            -  -  -  -  -  W  W  -  B  -  -  B -  B  -  -  B  -  -  -  -
       -  -  B  -  -  -  B  -  -  -  -  -  -  -  -  -  -
Ticks: 39            -  -  -  -  -  -  -  -  -  -  -  B  -  -  -  -  -  -  -
                     -  -  -  -  -  -  -  -  -  B  -  -  -  -  -  -  -  -  -
                     -  -  -  -  -  -  -  -  -  -  -  -  -  -  B  -  -  -  -
Black: 66            -  -  B  -  -  -  -  -  -  -  B  -  -  -  -  -  -  -  -
                     -  -  -  B  -  -  B  -  -  -  -  -  -  -  -  -  -  -  -
                     B  -  -  -  -  -  -  -  -  B  -  -  -  -  -  -  -  -  -
                     -  -  -  -  -  -  -  -  -  -  -  B  B  -  -  B  B  -  -
                     -  -  -  -  -  -  -  -  -  -  -  -  -  -  -  -  B  -  -
                     -  -  -  -  -  -  -  -  -  B  -  -  -  -  -  -  -  -  -
                     B  B  -  -  B  -  -  -  -  -  -  -  -  B  -  -  -  -  B





40 B >40 B >




                     -  -  -  -  -  W  -  -  -  -  -  -  -  -  -  -  W  W  W
                     -  -  -  W  -    -  -  -  -  W  W  -  B  -  -  B    W  W  -  -  -  -  W  --  -  B  -  -  -  B  -  -  -  -  -  -  -  -  -  -
Ticks: 40            -  -  -  -  -  -  -  -  -  -  -  B  -  -  -  -  -  -  -
                     -  -  -  -  -  -  -  -  -  B  -  -  -  -  -  -  -  -  -
                     -  -  -  -  -  -  -  -  -  -  -  -  -  -  B  -  -  -  -
Black: 67            -  -  B  -  -  -  -  -  -  -  B  -  -  -  -  -  -  -  -
                     -  -  -  B  -  -  B  -  -  -  -  -  -  -  -  -  -  -  -
                     B  -  -  -  -  -  -  -  -  B  -  -  -  -  -  -  -  -  -
                     -  -  -  -  -  -  -  -  -  -  -  B  B  -  -  B  B  -  -
                     -  -  -  -  -  -  -  -  -  -  -  -  -  -  -  -  B  -  -
                     -  -  -  -  -  -  -  -  -  B  -  -  -  -  -  -  -  -  -
                     B  B  -  -  B  -  -  -  -  -  -  -  -  B  -  -  -  -  B





41 B >




                     -  -  -  -  -  W  -  -  -  -  -  -  -  -  -  -  W  W  W
                     -  -  -  W  -  W  -  -  B  B  -  -  -  -  -  W  W  -  W
                     W  -  -  W  W  W  W  B  -  -  -  -  -  -  -  W  B  W  W
                     W  -  -  -  -  -  W  W  -   W  -  B  -  -  -  W  -  -  -  -B  -  -  -  -  -  -  -  -  -  -
Ticks: 41            -  -  -  -  -  -  -  -  -  -  -  B  -  -  -  -  -  -  -
                     -  -  -  -  -  -  -  -  -  B  -  -  -  -  -  -  -  -  -
                     -  -  -  -  -  -  -  -  -  -  -  -  -  -  B  -  -  -  -
Black: 68            -  -  B  -  -  -  -  -  -  -  B  -  -  -  -  -  -  -  -
                     -  -  -  B  -  -  B  B  -  -  -  -  -  -  -  -  -  -  -
                     B  -  -  -  -  -  -  -  -  B  -  -  -  -  -  -  -  -  -
                     -  -  -  -  -  -  -  -  -  -  -  B  B  -  -  B  B  -  -
                     -  -  -  -  -  -  -  -  -  -  -  -  -  -  -  -  B  -  -
                     -  -  -  -  -  -  -  -  -  B  -  -  -  -  -  -  -  -  -
                     B  B  -  -  B  -  -  -  -  -  -  -  -  B  -  -  -  -  B





42 B >42 B >




                     -  -  -  -  -  W  -  -  -  -  -  -  -  -  -  -  W  W      W  -  -  W  W  W  W  B  -   -  -  W  W  -  W  B  -  B  -
     -  -  -  B  -  -  -  B  -  -  -  -  -  -  -  -  -  -
Ticks: 42            -  -  -  -  -  -  -  -  -  -  -  B  -  -  -  -  -  -  -
                     -  -  -  -  -  -  -  -  -  B  -  -  -  -  -  -  -  -  -
                     -  -  -  -  -  -  -  -  -  -  -  -  -  -  B  -  -  B  -
Black: 69            -  -  B  -  -  -  -  -  -  -  B  -  -  -  -  -  -  -  -
                     -  -  -  B  -  -  B  B  -  -  -  -  -  -  -  -  -  -                 B  -  -  -  -  -  -  -  -  -  -  -  -  -  -
                     -  -  -  -  -  -  -  -  -  -  -  B  B  -  -  B  B  -  -
                     -  -  -  -  -  -  -  -  -  -  -  -  -  -  -  -  B  -  -
                     -  -  -  -  -  -  -  -  -  B  -  -  -  -  -  -  -  -  -
                     B  B  -  -  B  -  -  -  -  -  -  -  -  B  -  -  -  -  B





43 B >




                     -  -  -  -  -  W  -  -  -  -  -                 W  -  -  -  -  -   -  -  -  -  -  -  -  B   -  -  B  -  -  -  B  -  -  -  -  -  -  -  -  -  -
Ticks: 43            -  -  -  -  -  -  -  -  -  -  -  B  -  -  -  -  -  -  -
                     -  -  -  -  -  -  -  -  -  B  -  -  -  -  -  -  -  -  -
                     -  -  -  -  -  -  -  -  -  -  -  -  -  -  B  -  -  B  -
Black: 75            -  -  B  -  -  -  -  -  B  -  B  -  -  -  -  -  -  -  -
                     -  -  -  B  -  -  B  B  -  -  -  -  -  -  -  -  -  -  -
                     B  -  -  -  -  -  -  -  -  B  -  -  -  -  -  -  -  -  -
                     -  -  -  -  -  -  -  -  -  -  -  B  B  -  -  B  B  -  -
                     -  -  -  -  -  -  -  -  -  -  -  -  -  -  -  -  B  -  -
                     -  -  -  -  -  -  -  -  -  B  -  -  -  -  -  -  -  -  -
                     B  B  -  -  B  -  -  -  -  -  -  -  -  B  -  -  -  -  B





44 B >




                     -  -  -  -  -  W  -  -  -  -  -  -  -  -  -  -  W  W  W
                     -  -  -  W  -  W  -   W  B  -  W  W
                    -  -  -  -  B  -  -  -  B  -  -  -  -  -  -  -  -  -  -
Ticks: 44            -  -  -  -  -  -  -  -  -  -  -  B  -  -  -  -  -  -  -
                     -  -  -  -  -  -  -  -  -  B  -  -  -  -  -  -  -  -  -
                     -  -  -  -  -  -  -  -  -  -  -  -  B  -  B  -  -  B  -
Black: 92            -  -  B  -  -  -  -  -  B  -  B  -  -  -  -  -  -  -  -
                     -  -  -  B  -  -  B  B  -  -  -  -  -  -  -  -  -  -  -
                     B  -  -  -  -  -  -  -  -  B  -  -  -  -  -  -  -  -  -
                     -  -  -  -  -  -  -  -  -  -  -  B  B  -  -  B  B  -  -
                     -  -  -  -  -  -  -  -  -  -  -  -  -  -  -  -  B  -  -
                     -  -  -  -  -  -  -  -  -  B  -  -  -  -  -  -  -  -  -
                     B  B  -  -  B  -  -  -  -  -  -  -  -  B  -  -  -  -  B





45 B >




                     -  -  -  -  -  W  -  -  -  -  -  -  -  -  -  -  W  W  W
                     -  -  -  W  -  W  --  W  W  W  W  B  -  -  -  -  -  - -  W
                     -  W  W  W  W  W  W  B  -  W  W
              W  -  B  -  -  -  W -  -  -  -  -  -  W  B  -  -  -  W  W  -  W  B  -  B  -
                     -  -  -  -  -  -  -  -  -  -  -  B  -  -  B  -  -  -  -
                     -  -  -  -  B  -  -  -  B  -  -  -  -  -  -  -  -  -  -
Ticks: 45            -  -  -  -  -  -  -  -  -  -  -  B  -  -  -  -  -  -  -
                     -  -  -  -  -  -  -  -  -  B  -  -  -  -  -  -  -  -  -
                     -  -  -  -  -  -  -  -  -  -  -  -  B  -  B  -  -  B  -
Black: 89            -  -  B  -  -  -  -  -  B  -  B  -  -  -  -  -  -  -  -
                     -  -  -  B  -  -  B  B  -  -  -  -  -  -  -  -  -  -  -
                     B  -  -  -  -  -  -  -  -  B  -  -  -  -  -  -  -  -  -
                     -  -  -  -  -  -  -  -  -  -  -  B  B  -  -  B  B  -  -
                     -  -  -  -  -  -  -  -  -  -  -  -  -  -  -  -  B  -  -
                     -  -  -  -  -  -  -  -  -  B  -  -  -  -  -  -  -  -  -
                     B  B  -  -  B  -  -  -  -  -  -  -  -  B  -  -  -  -  B





46 B >46 B >




                     -  -  -  -  -  -  -  -  -  -  -  -  W
                     -  -  -   -  -  -  W  -  -  W  -  -  W  B   -  B  -  -  -  -  -  -  -  -  -  -
Ticks: 46            -  -  -  -  -  -  -  -  -  -  -  B  -  -  -  -  -  -  -
                     -  -  -  -  -  -  -  -  -  B  -  -  -  -  -  -  -  -  -
                     -  -  -  -  -  -  -  -  -  -  -  -  B  -  B  -  -  B  -
Black: 91            -  -  B  -  -  -  -  -  B  -  B  -  -  -  -  -  -  -  -
                     -  -  -  B  -  -  B  B  -  -  -  -  -  -  -  -  -  -  -
                     B  -  -  -  -  -  -  -  -  B  -  -  -  -  -  -  -  -  -
                     -  -  -  -  -  -  -  -  -  -  -  B  B  -  -  B  B  -  -
                     -  -  -  -  -  -  -  -  -  -  -  -  -  -  -  -  B  -  -
                     -  -  -  -  -  -  -  -  -  B  -  -  -  -  -  -  -  -  -
                     B  B  -  B  B  -  -  -  -  -  -  -  -  B  -  -  -  -  B





47 B >




                     -  -  -  -  -  W  -  -  -  -  -  -  -  -  -  -  W  W  W
                     -  -  -  W  -  W  -                      W  -  -  W  W  -  -  W  B  W  W
                 -  -  -  -  -  -  -  -  -  B  -  -  B  -  -  -  -
                     -  -  -  -  B  -  -  -  B  -  -  -  -  -  -  -  -  -  -
Ticks: 47            -  -  -  -  -  -  -  -  -  -  -  B  -  -  -  -  -  -  -
                     -  -  -  -  -  -  -  -  -  B  -  -  -  -  -  -  -  -  -
                     -  -  -  -  -  -  -  -  -  -  -  -  B  -  B  -  -  B  -
Black: 105           -  -  B  -  -  -  -  -  B  -  B  -  -  -  -  -  -  -  -
                     B  -  -  B  -  -  B  B  -  -  -  -  -  -  -  -  -  -  -
                     B  -  -  -  -  -  -  -  -  B  -  -  -  -  -  -  -  -  -
                     -  -  -  -  -  -  -  -  -  -  -  B  B  -  -  B  B  -  -
                     -  -  -  -  -  -  -  -  -  -  -  -  -  -  -  -  B  -  -
                     -  -  -  -  -  -  -  -  -  B  -  -  -  -  -  -  -  -  -
                     B  B  -  B  B  -  -  -  -  -  -  -  -  B  -  -  -  -  B





48 B >48 B >




                     -  -  -  -  -  W  -  -  -  -  -  -  -  -  -  -  W  W  W
                     -  -  -  W  -  W  -  -  B  B  -  -  -  -  -  W  W  -  W
                     W  -  -  W  W  W  W  B  -  -  -  -  -  -  - B  W  B  -  -  -  W
             
White: 48            -  -  -  -  -  W  W  B  -  -  -  W  W  -  W  B  -  B  -
                     -  -  -  -  -  -  -  -  -  -  -  B  -  -  B  -  -  -  -
                     -  -  -  -  B  -  -  -  B  -  -  -  -  -  -  -  -  -  -
Ticks: 48            -  -  -  -  -  -  -  -  -  -  -  B  -  -  -  -  -  -  -
                     -  -  -  -  -  -  -  -  -  B  -  -  -  -  -  -  -  -  -
                     -  -  -  -  -  -  -  -  -  -  -  -  B  -  B  -  -  B  -
Black: 106           -  -  B  -  -  -  -  -  B  -  B  -  -  -  -  -  -  -  -
                     B  -  -  B  -  -  B  B  -  -  -  -  -  -  -  -  -  -  -
                     B  -  -  -  -  -  -  -  -  B  -  -  -  -  -  -  -  -  -
                     -  -  -  -  -  -  -  -  -  -  -  B  B  -  -  B  B  -  -
                     -  -  -  -  -  -  -  -  -  -  -  -  -  -  -  -  B  -  -
                     B  -  -  -  -  -  -  -  -  B  -  -  -  -  -  -  -  -  -
                     B  B  -  B  B  -  -  -  -  -  -  -  -  B  -  -  -  -  B





49 B >




                     -  -  -  -  -  W  -  -  -  -  -      W  W  -  -  W  W  W  -  -  -  -  -  -
Ticks: 49            -  -  -  -  -  -  -  -  -  -  -  B  -  -  -  -  -  -  -
                     -  -  -  -  -  -  -  -  -  B  -  -  -  -  -  -  -  -  -
                     -  -  -  -  -  -  -  -  -  -  -  -  B  -  B  -  -  B  -
Black: 112           -  -  B  -  -  -  -  -  B  -  B  -  -  -  -  -  -  -  -
            -  -  -
                     B  -  -  -  -  -  -  -  -  B  -  -  -  -  -  -  -  -  -
                     -  -  -  -  -  -  -  -  -  -  -  B  B  -  -  B  B  -  -
                     -  -  -  -  -  -  -  -  -  -  -  -  -  -  -  -  B  -  -
                     B  -  -  -  -  -  -  -  -  B  -  -  -  -  -  -  -  -  -
                     B  B  -  B  B  -  -  -  -  -  -  -  -  B  -  -  -  -  B





50 B >50 B >




                     -  -  -  -  -  W  -  -  -  -  -  -  -  -  -  -  W  W  W
                     -  -  -  W  -    W  W  W  B  -  W  W
                  W  -  B  -  -  -  W  -  -  : 50            -  -  -  -  -  -  -  -  -  -  -  B  -  -  -  -  -  -  -
                     -  -  -  -  -  -  -  -  -  B  -  -  -  -  -  -  -  -  -
                     -  -  -  -  -  -  -  -  -  -  -  -  B  -  B  -  -  B  -
Black: 110           -  -  B  -  -  -  -  -  B  -  B  -  -  -  -  -  -  -  -
                     B  -  -  B  -  -  B  B  -  -  -  -  -  -  -  -  -  -  -
                     B  -  -  -  -  -  -  -  -  B  -  -  -  -  -  -  -  -  -
                     -  -  -  -  -  -  -  -  -  -  -  B  B  -  -  B  B  -  -
                     -  -  B  -  -  -  -  -  -  -  -  -  -  -  -  -  B  -  -
                     B  -  -  -  -  -  -  -  -  B  -  -  -  -  -  -  -  -  -
                     B  B  -  B  B  -  -  -  -  -  -  -  -  B  -  -  -  -  B





51 B >




                     -  -  -  -  -  W  -  -  -  -  -  -  -  -  -  -  W  W  W
                -  -  -  W  -           W  -  -  W  -  -  W  -  -  -  -  B  W  -  B  -  -  -   -  -  -  -  -  -  -  -  -
Ticks: 51            -  -  -  -  -  -  -  -  -  -  -  B  -  -  -  -  -  -  -
                     -  -  -  -  -  -  -  -  -  B  -  -  -  -  -  -  -  -  -
                     -  -  -  -  -  -  -  -  -  -  -  -  B  -  B  -  -  B  -
Black: 111           -  -  B  -  -  -  -  -  B  -  B  -  -  -  -  -  -  -  -
                     B  -  -  B  -  -  B  B  -  -  -  -  -  -  -  -  -  -  -
                     B  -  -  -  -  -  -  -  -  B  -  -  -  -  -  -  -  -  -
                     -  -  -  -  -  -  -  -  -  -  -  B  B  -  -  B  B  -  -
                     -  -  B  -  -  -  -  -  -  -  -  -  -  -  -  -  B  -  -
                     B  -  -  -  -  -  -  -  -  B  -  -  -  -  -  -  -  -  -
                     B  B  -  B  B  -  -  -  -  -  -  -  -  B  -  -  -  -  B





52 B >




                     -  -  W  W  -  W
                    -  -  -  -  -  W  W  B  -  W -  B  -  -  -  -
                 -  -  -  -  -  -  -  -
Ticks: 52            -  -  -  -  -  -  -  -  -  -  -  B  -  -  -  -  -  -  -
  -  B  -  -  -  -  -  -  -  -  -
                     -  -  -  -  -  -  -  -  -  -  -  -  B  -  B  -  -  B  -
Black: 111           -  -  B  -  -  -  -  -  B  -  B  -  -  -  -  -  -  -  -
                     B  -  -  B  -  -  B  B  -  -  -  -  -  -  -  -  -  -  -
                     B  -  -  -  -  -  -  -  -  B  -  -  -  -  -  -  -  -  -
                     -  -  -  -  -  -  -  -  -  -  -  B  B  -  -  B  B  -  -
                     -  -  B  -  -  -  -  -  -  -  -  -  -  -  -  -  B  -  -
                     B  -  -  -  -  -  -  -  -  B  -  -  -  -  -  -  -  -  -
                     B  B  -  B  B  -  -  -  -  -  -  -  -  B  -  -  -  -  B





53 B >53 B >53 B >53 B >




                     -  -  -  -  W
                     W  W  -  - W  -  -  W  W  W  W  W  W  B  -  W  W
                     W  -  B  B  -  -  W  -  -  W  -  B  W  B  W  W  W  -  W
White: 53 -  B  -  -  -  -
                           -  -  -  -  -  -  -  -  -  -  -  B  -  -  -  -  -  -  -
                     -  -  -  -  -  -  -  -  -  B  -  -  -  -  -  -  -  -  -
                     -  -  -  -  -  -  -  -  -  -  -  -  B  -  B  -  -  B  -
Black: 106           -  -  B  -  -  -  -  -  B  -  B  -  -  -  -  -  -  -  -
                     B  -  -  B  -  -  B  B  -  -  -  -  -  -  -  -  -  -  -
                     B  -  -  -  -  -  -  -  -  B  -  -  -  -  -  -  -  -  -
                     -  -  -  -  -  -  -  -  -  -  -  B  B  -  -  B  B  -  -
                     -  -  B  -  -  -  -  -  -  -  -  -  -  -  -  -  B  -  -
                     B  -  -  -  -  -  -  -  -  B  -  -  -  -  -  -  -  -  -
                     B  B  -  B  B  -  -  -  B  -  -  -  -  B  -  -  -  -  B





54 B >




                     -  -  -  -  -  W  -  -  -  -  -  -  -  -  -  -  W  W  W
                     -  -  -  W  -  W  -  -  B  B  -  -  -  -  -  W  W -  -  W  -  -  W  -  B  W  B  W  W  W  -  W
White: 54            -  -  -  -  -  W  W  B  -  W  -  W  W  -  W  B  -  B  -
                     -  -  -  -  -  -  -  -  -  W  -  B  W  W  B  -  -  -  -
                     -  -  -  -  B  -  -  -  B  -  -  -  -  -  -  -  -  -  -
Ticks: 54            -  -  -  -  -  -  -  -  -  -  -  B  -  -  -  -  -  -  -
                     -  -  -  -  -  -  -  -  -  B  -  -  -  -  -  -  -  -  B
                     -  -  -  -  -  -  -  -  -  -  -  -  B  -  B  -  -  B  -
Black: 120           -  -  B  -  -  -  -  -  B  -  B  -  -  -  -  -  -  -  -
                     B  -  -  B  -  -  B  B  -  -  -  -  -  -  -  -  -  -  -
                     B  -  -  -  -  -  -  -  -  B  -  -  -  -  -  -  -  -  -
                     -  -  -  -  -  -  -  -  -  -  -  B  B  -  -  B  B  -  -
                     -  -  B  -  -  -  -  -  -  -  -  -  -  -  -  -  B  -  -
                     B  -  -  -  -  -  -  -  -  B  -  -  -  -  -  -  -  -  -
                     B  B  -  B  B  -  -  -  B  -  -  -  -  B  -  -  -  -  B





55 B >55 B >




                     -  -  -  -  -  -  -  -  -  -  W  B  W  W
 B  -
                     -  -    -  -  B  -  -  -  B  -  -  -  -  W  -  -  -  -  -
Ticks: 55            -  -  -  -  -  -  -  -  -  -  -  B  -  -  -  -  -  -  -
                     -  -  -  -  -  -  -  -  -  B  -  -  -  -  -  -  -  -  B
                     -  -  -  -  -  -  -  -  -  -  -  -  B  -  B  -  -  B  -
Black: 121           -  -  B  -  -  -  -  -  B  -  B  -  -  -  -  -  -  -  -
                     B  -  -  B  -  -  B  B  -  -  -  -  -  -  -  B  -  -  -
                     B  -  -  -  -  -  -  -  -  B  -  -  -  -  -  -  -  -  -
                     -  -  -  -  -  -  -  -  -  -  -  B  B  -  -  B  B  -  -
                     -  -  B  -  -  -  -  -  -  -  -  -  -  -  -  -  B  -  -
                     B  -  -  -  -  -  -  -  -  B  -  -  -  -  -  -  -  -  -
                     B  B  -  B  B  -  -  -  B  -  -  -  -  B  -  -  -  -  B





56 B >56 B >




                     -  -  -  -  -  W  -  -  -  -  -  -  -  -  -  -  W  W   -  -  -  -  -  W  W  -  W
     -  W  W  -  W  -  B  W  B  W  W  W-  W
White: 56            -  -    W  W  B  -  W  -  W  W  -  W  B  -  B  -
                     -  -  -  -  -  -  -  -  -  W  -  B  W  W  B  -  -  -  -
           B  -  -  -  B  -  -  -  -  W  -  -  -  -  -
Ticks: 56            -  -  -  -  -  -  -  -  -  -  -  B  -  -  -  -  -  -  -
                     -  -  -  -  -  -  -  -  -  B  -  -  -  -  -  -  -  -  B
                     -  -  -  -  -  -  -  -  -  -  -  -  B  -  B  -  -  B  -
Black: 122           -  -  B  -  -  -  -  -  B  -  B  -  -  -  -  -  -  B  -
                     B  -  -  B  -  -  B  B  -  -  -  -  -  -  -  B  -  -  -
                     B  -  -  -  -  -  -  -  -  B  -  -  -  -  -  -  -  -  -
                     -  -  -  -  -  -  -  -  -  -  -  B  B  -  -  B  B  -  -
                     -  -  B  -  -  -  -  -  -  -  -  -  -  -  -  -  B  -  -
                     B  -  -  -  -  -  -  -  -  B  -  -  -  -  -  -  -  -  -
                     B  B  -  B  B  -  -  -  B  -  -  -  -  B  -  -  -  -  B





57 B >57 B >57 B >57 B 




                     -  -  -                     -  -  -  W  --  -  -  -  W  W  -  W
              W  -  -  W  W  W  W  B  -  -   W  -  B  -  W  B  W  B  -  -  - W  -  B  B  -  -  W  W  -  W  -  B  W  B  W  W  W  -  W
White: 57            -  -  -  -  -  W  W  B  -  W  -  W  W  -  W  B  -  B  -
                     -  -  B  -  -  -  -  -  -  W  -  B  W  W  B  -  -  -  -
                     -  -  -  -  B  -  -  -  B  -  -  -  -  W  -  -  -  -  -
Ticks: 57            -  -  -  -  -  -  -  -  -  -  -  B  -  -  -  -  -  -  -
                     -  -  -  -  -  -  -  -  -  B  -  -  -  -  -  -  -  -  B
                     -  -  -  -  -  -  -  -  -  -  -  -  B  -  B  -  -  B  -
Black: 124           -  -  B  -  -  -  -  -  B  -  B  -  -  -  -  -  -  B  -
                     B  -  -  B  -  -  B  B  -  -  -  -  -  -  -  B  -  -  -
                     B  -  -  -  -  -  -  -  -  B  -  -  -  -  -  -  -  -  -
                     -  -  -  -  -  -  -  -  -  -  -  B  B  -  -  B  B  -  -
                     -  -  B  -  -  -  -  -  -  -  -  -  -  -  -  -  B  -  -
                     B  -  -  -  -  -  -  -  -  B  -  -  -  -  -  -  -  -  -
                     B  B  -  B  B  -  -  -  B  -  -  -  -  B  -  -  -  -  B





58 B >




                     -  -  B  B  -  -  -  -  -  W  W  
White: 58            -  -  -  -  -  W  W  B  -  W  -  W  W  -  W  B  -  B  -
                     -  -  B  -  -  -  -  -  -  W  -  B  W  W  B  -  -  -  -
                     -  -  B  -  B  -  -  -  B  -  -  -  -  W  -  -  -  -  -
Ticks: 58            -  -  -  -  -  -  -  -  -  -  -  B  -  -  -  -  -  -  -
                     -  -  -  -  -  -  -  -  -  B  -  -  -  -  -  -  -  -  B
                     -  -  -  -  -  -  -  -  -  -  -  -  B  -  B  -  -  B  -
Black: 126       -  -  B  -  -  -  -  -  -  -  -  -
                     -  -  -  -  -  -  -  -  -  -  -  B  B  -  -  B  B  -  -
                     -  -  B  -  -  -  -  -  -  -  -  -  -  -  -  -  B  -  -
                     B  -  -  -  -  -  -  -  -  B  -  -  -  -  -  -  -  -  -
                     B  B  -  B  B  -  -  -  B  -  -  -  -  B  -  -  -  -  B





59 B >59 B >59 B >




                     -  -  -  -  -  W  -  -  -  -  -  -  -  -  -  -  W  W  W
                     -  -  -  W  -  W  -  -  B  B  -  -  -  -  -  W  W  -  W
                   W  W
                     W  -  W  B  -  -  -  -  -  -  W  -  B  W B  -  -  -  -  W  -  -  -  -  -
Ticks: 59            -  -  -  -  -  -  -  -  -  -  -  B  -  -  -  -  -  -  -
                     -  -  -  -  -  -  -  -  -  B  -  -  -  -  -  -  -  -  B
                     -  -  -  -  -  -  -  -  -  -  -  -  B  -  B  -  -  B  -
Black: 126           -  -  B  -  -  -  -  -  B  -  B  -  -  -  -  -  -  B  -
                     B  -  -  B  -  -  B  B  -  -  -  -  -  -  -  B  -  -  -
                     B  -  -  -  -  -  -  -  -  B  -  -  -  -  -  -  -  -  -
                     -  -  -  -  -  -  -  -  -  -  -  B  B  -  -  B  B  -  -
                     -  -  B  -  -  -  -  -  -  -  -  -  -  -  -  -  B  -  -
                     B  -  -  -  -  -  -  -  -  B  -  -  -  -  -  -  -  -  -
                     B  B  -  B  B  -  -  -  B  -  -  -  -  B  -  -  -  -  B





60 B >60 B >




                     -  -  -  -  -  W  -  -  -  -  -  -  -  -  -  -  W  W  W
                     -  -  -  W   -  -  B  B  -  -  -  -  -  W  W  B  B  -  -  W  W  -  W  -  B  W  W  W  W  -  W
White: 61         -  -  W  W  W  B  -  W  -  W  W  -  W  -  -  -  -  -
Ticks: 60            -  -  -  -  -  -  -  -  -  -  -  B  -  -  -  -  -  -  -
                     -  -  -  -  -  -  -  -  -  B  -  -  -  -  -  -  -  -  B
                     -  -  -  -  -  -  -  -  -  -  -  -  B  -  B  -  -  B  -
Black: 126           -  -  B  -  -  -  -  -  B  -  B  -  -  -  -  -  -  B  -
                     B  -  -  B  -  -  B  B  -  -  -  -  -  -  -  B  -  -  -
                     B  -  -  -  -  -  -  -  -  B  -  -  -  -  -  -  -  -  B
                     -  -  -  -  -  -  -  -  -  -  -  B  B  -  -  B  B  -  -
                     -  -  B  -  -  -  -  -  -  -  -  -  -  -  -  -  B  -  -
                     B  -  -  -  -  -  -  -  -  B  -  -  -  -  -  -  -  -  -
                     B  B  -  B  B  -  -  -  B  -  -  -  -  B  -  -  -  -  B





61 B >




                     -  -  -  -  W  W  -  W
           -  W  W  -  -  W  W  -  B-  W  -  -  W
                     W  W  -  -  W  W  W  -  -  W  W  B  W  W  W  -  W
White: 62     -  B  -  -  -  -  W  -  -  -  -  -
Ticks: 61            -  -  -  -  -  -  -  -  -  -  -  B  -  -  -  -  -  -  -
                     -  -  -  -  -  -  -  -  -  B  -  -  -  -  -  -  -  -  B
                     -  -  -  -  -  -  -  -  -  -  -  -  B  -  B  -  -  B  -
Black: 126           -  -  B  -  -  -  -  -  B  -  B  -  -  -  -  -  -  B  -
                     B  -  -  B  -  -  B  B  -  -  -  -  -  -  -  B  -  -  -
                     B  -  -  -  -  -  -  -  -  B  -  -  -  -  -  -  -  -  B
                     -  -  -  -  -  -  -  -  -  -  -  B  B  -  -  B  B  -  -
                     -  -  B  -  -  -  -  -  -  -  -  -  -  -  -  -  B  -  -
                     B  -  -  -  -  -  -  -  -  B  -  -  -  -  -  -  -  -  -
                     B  B  -  B  B  -  -  -  B  -  -  -  -  B  -  -  -  -  B





62 B >




                     -  -  -  -  -  W  -  -  -  -  -  -  -  -  -  -  W  W  W
                     -  -  -  W  -  W  -   B  -  -  -  -  -  W  W  -           W  -  -  W  W  W  W  B   -  W
White: 63            -  -  -  -  W 




                     -  -  -  W  -  -  -  -  -  -  -  -  -  -                       -  -  -  W               W  -  W  W  - W  -  W  W  -  B  W  W  B  -  -  




                     -  -  -  -  -  W  -  -  -  -  -  -  -  -  -  -  W  W  W
                   W  W  -  -  W  W  -  B  -  W  B   W  W  B  -  -  -  -
             -  -  -
Ticks: 64            -  -  -  -  -  -  -  -  -  -  -  B  -  -  -  -  -  -  -
                     -  -  -  -  -  -  -  -  -  B  -  -  -  -  -  -  -  -  B
                     -  -  -  -  -  B  -  -  -  -  -  -  B  -  B  -  -  B  -
Black: 127           -  -  B  -  -  -  -  -  B  -  B  -  -  -  -  -  -  B  -
                     B  -  -  B  -  -  B  B  -  -  -  -  -  -  -  B  -  -  -
                     B  -  -  -  -  -  -  -  -  B  -  -  -  -  -  -  -  -  B
                     -  -  -  -  -  -  -  -  -  -  -  B  B  -  -  B  B  -  -
                     -  -  B  -  -  -  -  -  -  -  -  -  -  -  -  -  B  -  -
                     B  -  -  -  -  -  -  -  -  B  -  -  -  -  -  -  -  -  -
                     B  B  -  B  B  -  -  -  B  -  -  -  -  B  -  -  -  -  B





65 B >65 B >65 B >65 B >




                     -  -  -  -  -  W  -  -  -  -  -  -  -  -  -  -  W  W  W
                     -    W  -  W  W  -  -  W  W  -  B                    -  -  B  -  W   W  -  W  W  -  B  W  W  B  -  -                     -  -  B  -  B  B  -  -  -  -  -  -  W  B  -  -  -  -
Ticks: 65            -  -  -  -  -  -  -  -  -  -  -  B  -  -  -  -  -  -  -
                     -  -  -  -  -  -  -  -  -  B  -  B  -  -  -  -  -  -  B
                     -  -  -  -  -  B  -  -  -  -  -  -  B  -  B  -  -  B  -
Black: 128           -  -  B  -  -  -  -  -  B  -  B  -  -  -  -  -  -  B  -
                     B  -  -  B  -  -  B  B  -  -  -  -  -  -  -  B  -  -  -
                     B  -  -  -  -  -  -  -  -  B  -  -  -  -  -  -  -  -  B
                     -  -  -  -  -  -  -  -  -  -  -  B  B  -  -  B  B  -  -
                     -  -  B  -  -  -  -  -  -  -  -  -  -  -  -  -  B  -  -
                     B  -  -  -66 B >




                             -  -  -  W  -  W  --  -  W  W  B  W  W
              W  -  W  W  -  -  W  W  -  B  -  B  B  -  -  W  W  -  W  -  B  W  -  B  -  B  B  -  -  B  -  -  -  -  W  B  -  -  -  -
Ticks: 66            -  -  -  -  -  -  -  -  -  -  -  B  -  -  -  -  -  -  -
                     -  -  -  -  -  -  -  -  -  B  -  B  -  -  -  -  -  -  B
                     -  -  -  -  -  B  -  -  -  -  -  -  B  -  B  -  -  B  -
Black: 126           -  -  B  -  -  -  -  -  B  -  B  -  -  -  -  -  -  B  -
                     B  -  -  B  -  -  B  B  B  -  -  -  -  -  -  B  -  -  -
                     B  -  -  -  -  -  -  -  -  B  -  -  -  -  -  -  -  -  B
                     -  -  -  -  -  -  -  -  -  -  -  B  B  -  -  B  B  -  -
                     -  -  B  -  -  -  -  -  -  -  -  -  -  -  -  -  B  -  -
                     B  -  -  -  -  -  -  -  -  B  -  -  -  -  -  -  -  -  -
                     B  B  -  B  B  -  -  -  B  -  -  -  -  B  -  -  -  -  B





67 B >




                         W  -  -  W  W  W  W  B  -  --  W  -  W  W  -  W  B  B  B  W
 




                     -  -  B  -  -  W  -  -  -  -  -  -  -  -  -  -  W  W  W
           -  -  -  -  W  W  B  W  W
                       -  -  B  -  W  - 




                     -  -  B   W  -  B  -  W  B  W  -  W  -  --  -  -
                     -  -  B    -  B  B  W  -  -  -  W  B  -  -  -  -
Ticks: 69            -  -  -  -  -  -  -  -  -  -  -  B  -  -  -  -  -  -  -
                     -  -  -  -  -  -  -  -  -  B  -  B  -  -  -  -  -  -  B
                     -  -  -  -  -  B  -  -  -  -  -  -  B  -  B  -  -  B  -
Black: 135           -  -  B  -  -  -  -  -  B  -  B  -  -  -  -  -  -  B  -
                     B  -  -  B  -  -  B  B  B  -  -  -  -  -  -  B  -  -  -
                     B  -  -  -  -  -  -  -  -  B  -  -  -  -  -  -  -  -  B
                     -  -  -  -  -  -  -  -  -  -  -  B  B  -  -  B  B  -  -
                     -  -  B  -  -  -  -  -  -  -  -  -  -  -  -  -  B  -  -
                     B  -  -  -  -  -  -  -  -  B  -  -  -  -  -  -  -  -  -
                     B  B  -  B  B  -  -  B  B  -  -  -  -  B  -  -  -  -  B





70 B >70 B >




                     -  -  B  -  -  W  W  -  -  -  -  -  -  -  -  -  W  W  W
   W  -  -  W  W  W  W  W  W  B  -         W  -  B  B  -  -  W  W  -  -
Ticks: 70            -  -  -  -  -  -  -  -  -  -  -  B  -  -  -  -  -  -  -
                     -  -  -  -  -  -  -  -  -  B  -  B  -  -  -  -  -  -  B
                     -  -  -  -  -  B  -  B  -  -  -  -  B  -  B  -  -  B  -
Black: 135           -  -  B  -  -  -  -  -  B  -  B  -  -  -  -  -  -  B  -
                     B  -  -  B  -  - 




                     -  -  B                    W  W  -  -  W -  W  -  B  W  B  W  W  W  -  W
W        W  W  -  -  W  W  W  B  -         -  W  B  -  B  B  -  B  B  W  -  -  W  W  -  -  -  -  -  -  -  -W  -  -  W  W  W  -  -  W  W  W   W  W  B  -  W  W
                 -  B  B  -  -  W  W  -  W  -  B  W  B  W  W  W  -  W
White: 73            W  W  -  -  W  W  W  B  -  W  -  W  W  -  W  B  B  B  W  B  -  -  -  -
Ticks: 72            -  -  -  -  -  -  -  -  -  -  -  B  -  -  -  -  -  -  -
                     -  -  -  -  -  -  -  -  -  B  -  B  -  -  -  -  -  -  B
                     -  -  -  -  -  B  -  B  -  -  -  -  B  -  B  -  -  B  -
Black: 137           -  -  B  -  -  -  -  -  B  -  B  -  -  -  -  -  -  B  -
                     B  -  -  B  -  -  B  B  B  -  -  -  -  -  -  B  -  -  -
                     B  -  -  B  -  -  -  -  -  B  -  -  -  -  -  -  -  B  B
  




                     -  -  B -  -  B  -  -  W  W  W
          -  W  -  W  -  -  B  B  -  -  -   W  -  W
                     W    W  -  W  W  -  -  W  W  -  B  -  -  B  W  W  B  -  -  -  -
       B  -  -  -  -  -  -  B
                     -  -  -  -  -  B  -  B  -  -  -  -  B  -  B  -  -  B  -
Black: 137           -  -  B  -  -  -  -  -  B  -  B  -  -  -  -  -  -  B  -
                     B  -  -  B  -  -  B  B  B  -  -  -  -  -  -  B  -  -  -
                     B  -  -  B  -  -  -  -  -  B  -  -  -  -  -  -  -  B  B
                     -  -  -  -  -  -  -  -  -  -  -  B  B  -  -  B  B  -  -
                     -  -  B  -  -  -  -  -  -  -  -  -  -  -  -  -  B  -  -
                     B  -  -  -  -  -  -  -  -  B  -  -  -  -  -  -  -  -  -
                     B  B  -  B  B  -  -  B  B  -  -  -  -  B  -  -  -  -  B





74 B >74 B >




               W  W  W  B  -  -  -  -  -  -  W W  B  B  B  W
                   W  B  -  -  -  -
Ticks: 74            -  -  -  -  -  -  W  -  -  W  -  B  -  -          -  -  -  -  -  -  -  -  -  B  -  B -  -  B
                     -  -  -  -  -  B  -  B  -  -  -  -  B  -  B  -  -  B  -
Black: 139           -  -  B  -  -  -  -  -  B  -  B  -  -  -  -  -  -  B  -
                     B  -  -  B  -  -  B  B  B  -  -  -  -  -  -  B  -  -  -
                     B  -  -  B  -  -  -  -  -  B  -  -  -  -  -  -  -  B  B
                     -  -  -  -  -  -  -  -  -  -  -  B  B  -  -  B  B  -  -
                     -  -  B  -  -  -  -  -  -  -  -  -  -  -  -  -  B  -  -
                     B  -  -  -  -  -  -  -  -  B  -  -  -  -  -  -  -  -  -
                     B  B  -  B  B  -  -  B  B  -  -  -  -  B  -  -  -  -  B





75 B >75 B >




              W  W  B  -  -  -  -  -  -  W  W   B  B  B  W
                     




                     -  -  B              W  W  -  -  W  W  W   -  B  W  B  W  W  W  -  W
 W  W  -  -  W  W  W  B  -  W  -  -  -  -  W  B  -  -  -  -
Ticks:       -  -  B  B  -  W  W  -  -                 W  W  -  -  W  W  W  -  -  W  W  W  W  W  W  B                   W  -  B  B  -  -  W  W  -  W  -  B  W  B  W  W  W  -  W
White: 78            W    B  B  W  -  -  -  W  B  -  -  -  -
Ticks: 77            -  -  -  -  -  -  W  -  -  W  -  B  -  -  -  -  -  -  -
                     B  -  B  -  -  -  W  -  -  B  -  B  -  -  -  -  -  -  B
                     -  -  -  -  -  B  W  B  -  -  -  -  B  -  B  -  -  B  -
Black: 143           -  -  B  -  -  -  -  -  B  -  B  -  -  -  -  -  -  B  -
                     B  -  -  B  -  -  B  B  B  -  -  -  -  -  -  B  -  -  -
                     B  -  -  B  -  -  -  -  -  B  -  -  -  -  -  -  -  B  B
                     -  -  -  -  -  -  -  -  -  -  -  B  B  -  -  B  B  -  -
                     




                     -  -  B-  W  W  W
                     --  B  B  -  -  -  B  -  W  W  -                 W  W  -  W  W  W    W  -  -  W  W  -  B  -  W  B    W  W  B  -  -  -  -
           B  -  B  B  W  B  B  W  -  -  -  B  -  B  -  -  -  -  -  -  B
                     -  -  -  -  -  B  W  B  -  -  -  -  B  -  B  -  -  B  -
Black: 139           -  -  B  -  -  -  -  -  B  -  B  -  -  -  -  -  -  B  -
                     B  -  -  B  -  -  B  B  B  -  -  -  -  -  -  B  -  -  -
                     B  -  -  B  -  -  -  -  -  B  -  -  -  -  -  -  -  B  B
                     -  -  -  -  -  -  -  -  -  -  -  B  B  -  -  B  B  -  -
                     -  -  B  -  -  -  -  -  -  -  -  -  -  -  -  -  B  -  -
                     B  -  -  -  -  B  -  -  -  B  -  -  -  -  -  -  -  -  -
                     B  B  -  B  B  -  -  B  B  -  -  -  -  B  -  -  -  -  B





79 B >




                     -  W  W  W  W  B  -  -  -  -  -  - W  -  -  W  W  W  -  W  W  -  W  W  W  W  -  W  B  B  B  W
    B  W  B  B  W  -  -  -  W  B  -  -  -  -
Ticks: 79            -  -  -  -  -  -  W  -  -  W  -  B  -  -  -  -  -  -  -
                     B  -  B  -  -  -  W  -  -  B  -  B  -  -  -  -  -  -  B
                     -  -  -  -  -  B  W  B  -  -  -  -  B  -  B  -  -  B  -
Black: 151           -  -  B  -  -  -  B  -  B  -  -  -  -  -  -  B  B  B  -  -  B  B  B  -  -  -  -  -  -  B  -  -  -
                     B  -  -  B  -  -  -  -  -  B  -  -  -  -  -  -  -  B  B
                     -  -  -  -  -  -  -  -  -  -  -  B  B  -  -  B  B  -  -
                     -  -  B  -  -  -  -  -  -  -  -  -  -  -  -  -  B  -  -
                     B  -  -  -  -  B  -  -  -  B  -  -  -  -  -  -  -  -  -
                     B  B  -  B  B  -  -  B  B  -  -  -  -  B  -  -  -  -  B





80 B >




                      W
                     W  -  W    B  -  W  -  W  -  W  W  W  B  W  -  -  -  -
                     B  W  B  -  B  B  W  B  B  W  -  -  -  W  B  -  -  -  -
Ticks: 80            -  -  -  -  -  -  W  -  -  W  W  B  -  -  -  -  -  -  -
                     B  -  B  -  -  -  W  -  -  B  -  B  -  -  -  -  -  -  B
                     -  -  -  -  -  B  W  B  -  -  -  -  B  -  B  -  -  B  -
Black: 148           B  -  B  -  -  -  -  -  B  -  B  -  -  -  -  -  -  B  B
                     B  -  -  B  -  -  B  B  B  -  -  -  -  -  -  B  -  -  -
                     B  -  -  B  -  -  -  -  -  B  -  -  -  -  -  -  -  B  B
                     -  -  -  -  -  -  -  -  -  -  -  B  B  -  -  B  B  -  -
                     -  -  B  -  -  -  -  -  -  -  -  -  -  -  -  -  B  -  -
                     B  -  -  -  -  B  -  -  -  B  -  -  -  -  -  -  -  -  -
                     B  B  -  B  B  -  -  B  B  -  -  -  -  B  -  -  -  -  B





81 B >81 B >




                     -  -  B  B  -  W  W  W  -  -  -  -  -  B  -  -  W  W  W  -  W  -  -  W
                B  B  -  -  W  W  -  W  -  B  W -  W
White: 82            W  W W  W  B  -  W  W  W  W  -  W  B    W  B  -  -  -  -
               W  W  -  -  -  -  -  B  -  -  W  W W
                     W  -  B   W  -  W  -  B  W  B  W  W e: 83            W  W  -  -  W  W  W  B  -  W  W  W  W  -  W  B  B  B  W
                     -  W  B  -  W  -  W  -  W  W  W  B  W  W  B  -  -  -  -
                     B  W  B  -  B  B  W  B  B  W  -  -  -  W  B  -  -  -  -
Ticks: 82            -  -  -  -  -  -  W  -  W  W  W  B  -  -  -  -  -  -  -
                     B  -  B  -  -  -  W  -  -  B  -  B  -  -  -  -  -  -  B
                     -  -  -  -  -  B  W  B  -  -  -  -  B  -  B  -  -  B  -
Black: 153           B  -  B  -  -  -  -  -  B  -  B  -  -  -  -  -  -  B  B
                     B  -  -  B  B  -  B  B  B  -  -  -  -  -  -  B  -  -  -
                     B  -  -  B  -  -  -  -  -  B  -  -  -  -  -  -  -  B  B
                     -  -  -  -  -  -  -  -  -  -  -  B  B  -  -  B  B  -  -
                     -  -  B  -  -  -  -  -  -  -  -  -  -  -  -  -  B  -  -
                     B  -  -  -  -  B  -  -  -  B  -  -  -  -  -  -  -  -  -
                     B  B  -  B  B  -  -  B  B  -  -  -  -  B  -  -  -  -  B





83 B >8




                     -  -  B                W  W  -  -  W  W W  -  B  W  B  W  W  W  -  W
Whi           W  W  -  -  W  W  W  B       B  W  B  -  B  B  W  B  B  W  -  -  -  W                -  -  -  W  -  W  W  W
                     W  -  B  B  -  -  W  W  -  W  -  B  W  B W  -  W
White: 86            W  W  -  -  W  W  W  B  -  W  W  W  W  -  W  B  B  B  W
                     -  W  B  -  W  -   -  -  -  -
Ticks: 84            -  -  -  -  -  -  W  -  W  W  W  B  -  -  -  -  -  -  -
                     B  -  B  -  -  -  W  -  -  B  -  B  -  -  -  -  -  -  B
                     -  -  -  -  -  B  W  B  -  -  -  -  B  -  B  -  -  B  -
Black: 141           B  -  B  -  -  -  W  -  B  -  B  -  -  -  -  -  -  B  B
                     B  -  -  B  B  -  B  B  B  -  -  -  -  -  -  B  -  -  -
                     B  -  -  B  -  -  -  -  -  B  -  -  -  -  -  -  -  B  B
                     -  -  -  -  -  -  -  -  -  -  -  B  B  -  -  B  B  -  -
                     -  -  B  -  -  -  -  -  -  -  -  -  -  -  -  B  B  -  -
                     B  -  -  -  -  B  -  -  -  B  -  -  -  -  -  -  -  -  -
                     B  B  -  B  B  -  -  B  B  -  -  -  -  B  -  -  -  -  B





85 B >




                                          W  W  -  W   -  B  -  W  B  W  -  W  W  -  W
        W  W  -  -  W  W  W  -  W  W  W  W  W  B  -  W  W
           -  B  W  B  W  W  W  -  W
White: 87            W  W  W  -  W  W  W  B  -  W  W  W  W  -  W  B  B  B  W
                     -  W  B  -  W  -  W  -  W  W  W  B  W  W  B  -  -  -  -
                     B  W  B  -  B  B  W  B  B  W  -  -  -  W  B  -  -  -  -
Ticks: 85            -  -  -  -  -  -  W  -  W  W  W  B  -  -  -  -  -  -  -
                     B  -  B  -  -  -  W  -  -  B  -  B  -  -  -  -  -  -  B
                     -  -  -  -  -  B  W  B  -  -  -  -  B  -  B  -  B  B  -
Black: 162           B  -  B  -  -  -  W  -  B  -  B  -  -  -  -  -  -  B  B
                     B  -  -  B  B  -  B  B  B  -  -  -  -  -  -  B  -  -  -
                     B  -  -  B  -  -  -  -  -  B  -  -  -  -  -  -  -  B  B
                     -  -  -  -  -  -  -  -  -  -  -  B  B  -  -  B  B  -  -
                     -  -  B  -  -  -  -  -  -  -  -  -  -  -  -  B  B  -  -
                     B  -  -  -  -  B  -  -  -  B  -  -  -  -  -  -  -  -  -
                     B  B  -  B  B  -  -  B  B  -  -  -  -  B  -  -  -  -  B





86 B >86 B >




              W
                     W  W  -  W  W  -  W  W  W  B  -  W  W  W  W 




                     -  -  B -  W  W  -  B  -  W  B  W  -  W                      W  -    W  -  W  -  B  W  B  W  W  W  - -  W  W  W  B  W  W  B  -  -  -    -  -  B  B  -  W  W  W  -  -            B  -  -  W  -  W  -  -  -  W  W  W  W  W  W  W    -  W  B  -  -  -  B
Ticks: 88            -  W  W  -  -  -  W  -  W  W  W  B  -  -  -  -  -  -  -
                     B  -  B  -  -  -  W  -  -  B  W  B  -  -  -  -  -  -  B
                     -  -  -  -  -  B  W  B  -  -  -  -  B  -  B  -  B  B  -
Black: 152           B  -  B  -  -  -  W  -  B  -  B  -  -  -  -  -  -  B  B
                     B  B  -  B  B  -  B  B  B  -  -  -  -  -  -  B  -  -  -
                     B  -  -  B  -  -  -  -  -  B  -  -  -  -  -  -  -  B  B
                     -  -  -  -  -  -  -  -  -  -  -  B  B  -  -  B  B  -  -
                     -  -  B  -  -  -  -  -  -  -  -  -  -  -  -  B  B  -  -
                     B  -  -  -  -  B  -  -  -  B  -  -  -  -  -  -  -  -  -
                     B  B  -  B  B  -  -  B  B  -  -  -  -  B  -  -  -  -  B





89 B >89 B >89 B >89 B >89 B    B  -  -  W  -  W  -  -  B  B  -  W  W  -  W  W
                    W  W  -  -  W  W  -  B  -  W  B  -  -  W  W  -  W  -  B  W  B  W0 B >




                     -W  -  W  W
                     W W  W  -  -  W  W  -  B  -  W  B   B  -  -  -  -
                   B
Ticks: 90            -  W  W  -  -  -  W  -  W  W  W  B  -  -  -  -  -  -  -
                     B  -  B  -  -  -  W  W  -  B  W  B  -  -  -  -  -  -  B
                     -  -  -  -  -  B  W  B  -  -  -  -  B  -  B  -  B  B  -
Black: 150           B  -  B  -  -  -  W  -  B  -  B  -  -  B  -  -  -  B  B
                     B  B  -  B  B  -  B  B  B  -  -  -  -  -  -  B  -  -  -
                     B  -  -  B  -  -  -  -  -  B  -  -  -  -  -  -  -  B  B
                     -  -  -  -  -  -  -  -  -  -  -  B  B  -  -  B  B  -  -
                     -  -  B  -  -  -  -  -  -  -  -  -  -  -  -  B  B  -  B
                     B  -  -  -  -  B  -  -  -  B  -  -  -  -  -  -  -  -  -
                     B  B  -  B  B  -  -  B  B  -  -  -  -  B  -  -  -  -  B





Game Over Stones Exhausted
You are a Winner, User