What is your name?
Hi, User





                     -  -  -  -  -  -  -  -  -  -  -  -  -  -  -  -  -  -  -
                     -  -  -  -  -  -  -  -  -  -  -  -  -  -  -  -  -  -  -
                     -  -  -  -  -  -  -  -  -  -  -  -  -  -  -  -  -  -  -
                     -  -  -  -  -  -  -  -  -  -  -  -  -  -  -  -  -  -  -
                     -  -  -  -  -  -  -  -  -  -  -  -  -  -  -  -  -  -  -
                     -  -  -  -  -  -  -  -  -  -  -  -  -  -  -  -  -  -  -
             -  -  -  -  -  -  -  -  -  -  -  -  -  -  -  -  -  -  -
                     -  -  -  -  -  -  -  -  -  -  -  -  -  -  -  -  -  -  -
Ticks: 0             -  -  -  -  -  -  -  -  -  -  -  -  -  -  -  -  -  -  -
                     -  -  -  -  -  -  -  -  -  -  -  -  -  -  -  -  -  -  -
                     -  -  -  -  -  -  -  -  -  -  -  -  -  -  -  -  -  -  -
Black: 0             -  -  -  -  -  -  -  -  -  -  -  -  -  -  -  -  -  -  -
                     -  -  -  -  -  -  -  -  -  -  -  -  -  -  -  -  -  -  -
                     -  -  -  -  -  -  -  -  -  -  -  -  -  -  -  -  -  -  -
                     -  -  -  -  -  -  -  -  -  -  -  -  -  -  -  -  -  -  -
                     -  -  -  -  -  -  -  -  -  -  -  -  -  -  -  -  -  -  -
                     -  -  -  -  -  -  -  -  -  -  -  -  -  -  -  -  -  -  -
                     -  -  -  -  -  -  -  -  -  -  -  -  -  -  -  -  -  -  -





0 B >




                     -  -  -             -  -  -  -  -  -  -   -  -  -  -  -  -  -  -  -  -  -          B  -  -  -  -  -  -  -  -  -  -  -  -  -  -  -  -  -  -
Ticks: 0             -  -  -  -  -  -  -  -  -  -  -  -  -  -  -  -  -  -  -
                     -  -  -  -  -  -  -  -  -  -  -  -  -  -  -  -  -  -  -
                     -  -  -  -  -  -  -  -  -  -  -  -  -  -  -  -  -  -  -
Black: 1             -  -  -  -  -  -  -  -  -  -  -  -  -  -  -  -  -  -  -
                     -  -  -  -  -  -  -  -  -  -  -  -  -  -  -  -  -  -  -
                     -  -  -  -  -  -  -  -  -  -  -  -  -  -  -  -  -  -  -
                     -  -  -  -  -  -  -  -  -  -  -  -  -  -  -  -  -  -  -
                     -  -  -  -  -  -  -  -  -  -  -  -  -  -  -  -  -  -  -
                     -  -  -  -  -  -  -  -  -  -  -  -  -  -  -  -  -  -  -
                     -  -  -  -  -  -  -  -  -  -  -  -  -  -  -  -  -  -  -





1 B >




                     -  -  -  -  -  -  -  -  -  -  -  -  -  -  -  -  -  -  -
                     -  -  -  -  -  -  -  -  -  -  -  -  -  -  -  -  -  -  -         -  -  -  -  -  -  -  -  -  -  -  -  -  -  -  -  -
Ticks: 1             -  -  -  -  -  -  -  -  -  -  -  -  -  -  -  -  -  -  -
                     -  -  -  -  -  -  -  -  -  -  -  -  -  -  -  -  -  -  -
                     -  -  -  -  -  -  -  -  -  -  -  -  -  -  -  -  -  -  -
Black: 2             -  -  -  -  -  -  -  -  -  -  -  -  -  -  -  -  -  -  -
                     -  -  -  -  -  -  -  -  -  -  -  -  -  -  -  -  -  -  -
                     -  -  -  -  -  -  -  -  -  -  -  -  -  -  -  -  -  -  -
                     -  -  -  -  -  -  -  -  -  -  -  -  -  -  -  -  -  -  -
                     -  -  -  -  -  -  -  -  -  -  -  -  -  -  -  -  B  -  -
                     -  -  -  -  -  -  -  -  -  -  -  -  -  -  -  -  -  -  -
                     -  -  -  -  -  -  -  -  -  -  -  -  -  -  -  -  -  -  -





2 B >2 B >




                     -  -  -  -  -  -  -  -  -  -  -  -  -  -  -  -  -  -  -
                     -  -  -  -  -  -  -  -  -  -  -  -    -  -  -  -  -  -  -  -  -  -  -               -  -  -  -  -  -  - -  -  -  -  -  -  -  -  -  -  -
                B  -  -  -  -  -  -  -  -  -  -  -  -  -  -  -  -  -  -
Ticks: 2             -  -  -  -  -  -  -  -  -  -  -  -  -  -  -  -  -  -  -
                     -  -  -  -  -  -  -  -  -  -  -  -  -  -  -  -  -  -  -
                     -  -  -  -  -  -  -  -  -  -  -  -  -  -  -  -  -  -  -
Black: 3             -  -  -  -  -  -  -  -  -  -  -  -  -  -  -  -  -  -  -
                     -  -  -  -  -  -  -  -  -  -  -  -  -  -  -  -  -  -  -
                     -  -  -  -  -  -  -  -  -  -  -  -  -  -  -  -  -  B  -
                     -  -  -  -  -  -  -  -  -  -  -  -  -  -  -  -  -  -  -
                     -  -  -  -  -  -  -  -  -  -  -  -  -  -  -  -  B  -  -
                     -  -  -  -  -  -  -  -  -  -  -  -  -  -  -  -  -  -  -
                     -  -  -  -  -  -  -  -  -  -  -  -  -  -  -  -  -  -  -





3 B >




                     -  -  -  -  -  -  -  -  -  -  -  -  -  -  -  -  -  -  W
                     -  -  -  -  -  -  -  -  -  -  -  -  -  -  -  -  -  -  W
                     -  -  -  -  -  -  -  -  -  -  -  -  -  -  -  -  -  -  -
             -  -  -  -  -  -  -  -  -
White -  -  -  -  -  -  -  -  -  -  -  -  -  -  -  -  -  -
Ticks: 3             -  -  -  -  -  -  -  -  -  -  -  -  -  -  -  -  -  -  -
                     -  -  -  -  -  -  -  -  -  -  -  -  -  -  -  -  -  -  -
                     -  -  -  -  -  -  -  -  -  -  -  -  -  -  -  -  -  -  -
Black: 4             -  -  -  -  -  -  -  -  -  -  -  -  -  -  -  -  -  -  -
                     -  -  -  -  -  -  B  -  -  -  -  -  -  -  -  -  -  -  -
                     -  -  -  -  -  -  -  -  -  -  -  -  -  -  -  -  -  B  -
                     -  -  -  -  -  -  -  -  -  -  -  -  -  -  -  -  -  -  -
                     -  -  -  -  -  -  -  -  -  -  -  -  -  -  -  -  B  -  -
                     -  -  -  -  -  -  -  -  -  -  -  -  -  -  -  -  -  -  -
                     -  -  -  -  -  -  -  -  -  -  -  -  -  -  -  -  -  -  -





4 B >4 B >




                     -  -  -  -  -  -  -  -  -  -  -  -  -  -  -  -  -  -  W
                     -  -  -  -  -  -  -  -  -  -  -  -  -  -  -  -  -  -  W
                     -  -  -  -  -  -  W  -  -  -  -  -  -  -  -  -  -  -  -
                     -  -  -  -  -  -  -  -  -  -  -  -  -  -  -  -  -  -  -
                     -  --  -  -  -
                     B  -  -   -  -  -  -  -  -  -  -  -  -  -  -  -  -  -
Ticks: 4             -  -  -  -  -  -  -  -  -  -  -  -  -  -  -  -  -  -  -
                     -  -  -  -  -  -  -  -  -  -  -  -  -  -  -  -  -  -  -
                     -  -  -  -  -  -  -  -  -  -  -  -  -  -  -  -  -  -  -
Black: 5             -  -  -  -  -  -  -  -  -  -  -  -  -  -  -  -  -  -  -
                     -  -  -  -  -  -  B  -  -  -  -  -  -  -  -  -  -  -  -
                     -  -  -  -  -  -  -  -  -  -  -  -  -  -  -  -  -  B  -
                     -  -  -  -  -  -  -  -  -  -  -  -  -  -  -  -  -  -  -
                     -  -  -  -  -  -  -  -  -  -  -  -  -  -  -  -  B  -  -
                     -  -  -  -  -  -  -  -  -  -  -  -  -  -  -  -  -  -  -
                     -  -  -  -  -  -  -  -  -  -  -  -  -  -  -  -  -  -  B





5 B >




                     -  -  -  -  -  -  -  -  -  -  -  -  -  -  -  -  -  -  W
           -  -  -  -  -  -  -  -  W
                 -  -  -  -  -  -  -  - -  -  W  -  -  -  -  -  -
       -  -  -  -  -  -  -
             -
                     B  -  -  -  -  -  -  -  -  -  -  -  -  -  -  -  -  -  -
Ticks: 5             -  -  -  -  -  -  -  -  -  -  -  -  -  -  -  -  -  -  -
                     -  -  -  -  -  -  -  -  -  -  -  -  B  -  -  -  -  -  -
                     -  -  -  -  -  -  -  -  -  -  -  -  -  -  -  -  -  -  -
Black: 6             -  -  -  -  -  -  -  -  -  -  -  -  -  -  -  -  -  -  -
                     -  -  -  -  -  -  B  -  -  -  -  -  -  -  -  -  -  -  -
                     -  -  -  -  -  -  -  -  -  -  -  -  -  -  -  -  -  B  -
                     -  -  -  -  -  -  -  -  -  -  -  -  -  -  -  -  -  -  -
                     -  -  -  -  -  -  -  -  -  -  -  -  -  -  -  -  B  -  -
                     -  -  -  -  -  -  -  -  -  -  -  -  -  -  -  -  -  -  -
                     -  -  -  -  -  -  -  -  -  -  -  -  -  -  -  -  -  -  B





6 B >




                     -  -  -  -  -  -  -  -  -  -  -   -  -  -  -  W
                            -  -  -  -  -  - -  -  -  -  -  -  -  -  -  -  -
  B  -  -  -  -  -  -  -  -  -  -  -  -  -  -  -  -  -  -
Ticks: 6             -  -  -  -  -  -  -  -  -  -  -  -  -  -  -  -  -  -  -
              -  -  -  -  -  -  -  -  B  -  -  -  -  -  -
                     -  -  -  -  -  -  -  -  -  -  -  -  -  -  -  -  -  -  -
Black: 7             -  -  -  -  -  -  -  -  -  -  -  -  -  -  -  -  -  -  -
                     -  -  -  -  -  -  B  -  -  -  -  -  -  -  -  -  -  -  -
                     -  -  -  -  -  -  -  -  -  -  -  -  -  -  -  -  -  B  -
                     -  -  -  -  -  -  -  -  -  -  -  -  -  -  -  -  -  -  -
                     -  -  -  -  -  -  -  -  -  -  -  -  -  -  -  -  B  -  -
                     -  -  -  -  -  -  -  -  -  -  -  -  -  -  -  -  -  -  -
                     -  -  -  -  -  -  -  -  -  -  -  -  -  -  -  -  -  -  B





7 B >




                     -  -  -  -  -  -  -  -  -  -  -  -  -  -  -  -  -  -  W
                     -  -  -  -  -  -  W  - -  -  -  -  -  -
          -  -  -  -  -  -  -  -
Ticks: 7             -  -  -  -  -  -  -  -  -  -  -  -  -  -  -  -  -  -  -
                     -  -  -  -  -  -  -  -  -  -  -  -  B  -  -  -  -  -  -
                     -  -  -  -  -  -  -  -  -  -  -  -  -  -  -  -  -  -  -
Black: 8             -  -  -  -  -  -  -  -  -  -  -  -  -  -  -  -  -  -  -
                     -  -  -  -  -  -  B  -  -  -  -  -  -  -  -  -  -  -  -
                     -  -  -  -  -  -  -  -  -  -  -  -  -  -  -  -  -  B  -
                     -  -  -  -  -  -  -  -  -  -  -  -  -  -  -  -  -  -  -
                     -  -  -  -  -  -  -  -  -  -  -  -  -  -  -  -  B  -  -
                     -  -  -  -  -  -  -  -  -  -  -  -  -  -  -  -  -  -  -
                     -  -  -  -  -  -  -  -  -  -  -  -  -  -  -  -  -  -  B





8 B >8 B >




                     -  -  -  -  -  -  -  -  -  -  -  -  -  -  -  -  -  -  W
                     -  -  -  -  -  -  W  -  -  -  -  -  B  -  -  -  - -  -  B  -  -  -  -  -  -  -  -  -  -  -
                     B  --  -  -  -  -  -  -  -  -  -  -  -  -  -  -  -
Ticks: 8             -  -  -  -  -  -  -  -  -  -  -  -  -  -  -  -  -  -  -
                     -  -  -  -  -  -  -  -  -  -  B  -  B  -  -  -  -  -  -
                     -  -  -  -  -  -  -  -  -  -  -  -  -  -  -  -  -  -  -
Black: 9             -  -  -  -  -  -  -  -  -  -  -  -  -  -  -  -  -  -  -
                     -  -  -  -  -  -  B  -  -  -  -  -  -  -  -  -  -  -  -
                     -  -  -  -  -  -  -  -  -  -  -  -  -  -  -  -  -  B  -
                     -  -  -  -  -  -  -  -  -  -  -  -  -  -  -  -  -  -  -
                     -  -  -  -  -  -  -  -  -  -  -  -  -  -  -  -  B  -  -
                     -  -  -  -  -  -  -  -  -  -  -  -  -  -  -  -  -  -  -
                     -  -  -  -  -  -  -  -  -  -  -  -  -  -  -  -  -  -  B





9 B >




                     -  -  -  -  -  -  -  -  -  -  -  -  -  -  -  -  -  -  W
                     -  -  -  -  -  -  W  -  -  -  -  -  B  -  -  -  -                  -  -  -  -  -   -  -  -  -  -  -  -  -  -  -  -   -  -  -  -  -  -
                     B  -  -  -  -  -  -  -  -  -  -  -  -  -  -  -  -  -  -
Ticks: 9             -  -  -  -  -  -  -  -  -  -  -  -  -  -  -  -  -  -  -
                     -  -  -  -  -  -  -  -  -  -  B  -  B  -  -  -  -  -  -
                     -  -  -  -  -  -  -  -  -  -  -  -  -  -  -  -  -  -  -
Black: 10            -  -  -  -  -  -  -  -  -  -  -  -  -  -  -  -  -  -  -
                     -  -  -  -  -  -  B  -  -  -  -  -  -  -  -  -  -  -  -
                     -  -  -  -  -  -  -  -  -  -  -  -  -  -  -  -  -  B  -
                     -  -  -  -  -  -  -  -  -  -  -  -  -  -  -  -  -  -  -
                     -  -  -  -  -  -  -  -  -  -  -  B  -  -  -  -  B  -  -
                     -  -  -  -  -  -  -  -  -  -  -  -  -  -  -  -  -  -  -
                     -  -  -  -  -  -  -  -  -  -  -  -  -  -  -  -  -  -  B





10 B >10 B >




                     -  -  -  -  -  -  -  -  -  -  -  -  -  -  -  -  -  -  W
                     -  -  -  -  W  -  W  -  -  -  -  -  B  -  -  -  -  -  W
                     -  -  -  -  W  W  W  -  -  -  -  -  -  -  -  -  -  -  W
                     -  -  -  -  -  -  -  -  B  -  -  -  -  -  -  -  -  -  -  -  -  -  -
White: 10            -  -  -  -  -  -  -  -  -  -  -  -  -  -  -  -                -  -  -  -  -  -  -  -  -  -  -  -  -  -  -  -  -  -  -
                     B  -  -  -  -  -  -  -  -  -  -  -  -  -  -  -  B  -  -
Ticks: 10            -  -  -  -  -  -  -  -  -  -  -  -  -  -  -  -  -  -  -
                     -  -  -  -  -  -  -  -  -  -  B  -  B  -  -  -  -  -  -
                     -  -  -  -  -  -  -  -  -  -  -  -  -  -  -  -  -  -  -
Black: 11            -  -  -  -  -  -  -  -  -  -  -  -  -  -  -  -  -  -  -
                     -  -  -  -  -  -  B  -  -  -  -  -  -  -  -  -  -  -  -
                     -  -  -  -  -  -  -  -  -  -  -  -  -  -  -  -  -  B  -
                     -  -  -  -  -  -  -  -  -  -  -  -  -  -  -  -  -  -  -
                     -  -  -  -  -  -  -  -  -  -  -  B  -  -  -  -  B  -  -
                     -  -  -  -  -  -  -  -  -  -  -  -  -  -  -  -  -  -  -
                     -  -  -  -  -  -  -  -  -  -  -  -  -  -  -  -  -  -  B





11 B >




                     -  -  -  -  -  -  -  -  -   W
                     -  -  - -  -  -  -  -  -  -  -  -  W  W  -  -  -
                     -  -  -
                     -  -  -    -  -  -  -  -  -  -  -  -  -  -  -  -  -  B  -  -
Ticks: 11            -  -  -  -  -  -  -  -  -  -  -  -  -  -  -  -  -  -  -
                     -  -  -  -  -  -  -  -  -  -  B  -  B  -  -  -  -  -  -
                     -  -  -  -  -  -  -  -  B  -  -  -  -  -  -  -  -  -  -
Black: 12            -  -  -  -  -  -  -  -  -  -  -  -  -  -  -  -  -  -  -
                     -  -  -  -  -  -  B  -  -  -  -  -  -  -  -  -  -  -  -
                     -  -  -  -  -  -  -  -  -  -  -  -  -  -  -  -  -  B  -
                     -  -  -  -  -  -  -  -  -  -  -  -  -  -  -  -  -  -  -
                     -  -  -  -  -  -  -  -  -  -  -  B  -  -  -  -  B  -  -
                     -  -  -  -  -  -  -  -  -  -  -  -  -  -  -  -  -  -  -
                     -  -  -  -  -  -  -  -  -  -  -  -  -  -  -  -  -  -  B





12 B >




                     -  -  -  -  -  -  -  -  -  -  -  -  -  -  -  -  -  -  W
              -  -  -  -  W  W  W  -  -  - -  -  -  -  -  -  -  -   -
                     B  -  -  -  -  -  -  -  -  -  -  -  -  -  -  -  B  -  -
Ticks: 12            -  -  -  -  -  -  -  -  -  -  -  -  -  -  -  -  -  -  -
                     -  -  -  -  -  -  -  -  -  -  B  -  B  -  -  -  -  -  -
                     -  -  -  -  -  -  -  -  B  -  -  -  -  -  -  -  -  -  -
Black: 14            -  -  -  -  -  -  -  -  -  -  -  -  -  -  -  -  -  -  -
                     -  -  -  -  -  -  B  -  -  -  -  -  -  -  -  -  -  -  -
                     -  -  -  -  -  -  -  -  -  -  -  -  -  -  -  -  -  B  -
                     -  -  -  -  -  -  -  -  -  -  -  -  -  -  -  -  -  -  -
                     -  -  -  -  -  -  -  -  -  -  -  B  -  -  -  -  B  -  -
                     -  -  -  -  -  -  -  -  -  -  -  -  -  -  -  -  -  -  -
                     -  -  -  -  -  -  -  -  -  -  -  -  -  -  -  -  -  -  B





13 B >




                     -  -  -  -  -  -  -  -  -  -  -  -  -  -  -  -  -  -  W
                     -  -  -  -  W  -  W  -  -  -  -  -  B  -  -  -  -  -  W
                     -  -  -  -  W  W  W  -  -  -  -  -  -  -  --  -  -  -  -  -
                                    B  -  -  -  -  -  -  -  -  -  -  -  -  -  -  -  B  -  -
Ticks: 13            -  -  -  -  -  -  -  -  -  -  -  -  -  -  -  -  -  -  -
                     -  -  -  -  -  -  -  -  -  -  B  -  B  -  -  -  -  -  -
                     -  -  -  -  -  -  -  -  B  -  -  -  -  -  -  -  -  -  -
Black: 15            -  -  -  -  -  -  -  -  -  -  -  -  -  -  -  -  -  -  -
                     -  -  -  -  -  -  B  -  -  -  -  -  -  -  -  -  -  -  -
                     -  -  -  -  -  -  -  -  -  -  -  -  -  -  -  -  -  B  -
                     -  -  -  -  -  -  -  -  -  -  -  -  -  -  -  -  -  -  -
                     -  -  -  -  -  -  -  -  -  -  -  B  -  -  -  -  B  -  -
                     -  -  -  -  -  -  -  -  -  -  -  -  -  -  -  -  -  -  -
                     -  -  -  -  -  -  -  -  -  -  -  -  -  -  -  -  -  -  B





14 B >14 B >




                     -  -  -  -  -  -  -  -  -  -  -  -  -  -  -  -  -  -  W
                     -  -  -  -  W  -  W  -  -  -  -  -  B  -  -  -   W  W  W  -  -  -  -  -  -  -  -  W
                     -  -  - -  -  -  B  -  -  -  -  -  -  -  -  -  -  -  -  -  -  -  -  -  -  -
White: 14            -  -  -  -  -  -  -  -  -  -  -  -  -  -  -  -  B  -  -
                     -  -  -  -  -  -  W  -  -  -  B  -  -  -  -  -  -  -  -
                     B  -  -  -  -  -  -  -  -  -  -  -  -  -  -  -  B  -  -
Ticks: 14            -  -  -  -  -  -  -  -  -  -  -  -  -  -  -  -  -  -  -
                     -  -  -  -  -  -  -  -  -  -  B  -  B  -  -  -  -  -  -
                     -  -  -  -  -  -  -  -  B  -  -  -  -  -  -  -  -  -  -
Black: 16            -  -  -  -  -  -  -  -  -  -  -  -  -  -  -  -  -  -  -
                     -  -  -  -  -  -  B  -  -  -  -  -  -  -  -  -  -  -  -
                     -  -  -  -  -  -  -  -  -  -  -  -  -  -  -  -  -  B  -
                     -  -  -  -  -  -  -  -  -  -  -  -  -  -  -  -  -  -  -
                     -  -  -  -  -  -  -  -  -  -  -  B  B  -  -  -  B  -  -
                     -  -  -  -  -  -  -  -  -  -  -  -  -  -  -  -  -  -  -
                     -  -  -  -  -  -  -  -  -  -  -  -  -  -  -  -  -  -  B





15 B >




                     -  -  -  -  -  -  -  -  -  -  -  -  -  -  -  -  -  -  W
                     -  -  -  -  W  -  W  -  -  -  -  -  B  -  -  -  -  -  -  -  -  -  -  W  W  W  W                   B  -  -  -  -  -  -  -  -  -  -  -  -  -  -  -  B  -  -
Ticks: 15            -  -  -  -  -  -  -  -  -  -  -  -  -  -  -  -  -  -  -
                     -  -  -  -  -  -  -  -  -  -  B  -  B  -  B  -  -  -  -
                     -  -  -  -  -  -  -  -  B  -  -  -  -  -  -  -  -  -  -
Black: 17            -  -  -  -  -  -  -  -  -  -  -  -  -  -  -  -  -  -  -
                     -  -  -  -  -  -  B  -  -  -  -  -  -  -  -  -  -  -  -
                     -  -  -  -  -  -  -  -  -  -  -  -  -  -  -  -  -  B  -
                     -  -  -  -  -  -  -  -  -  -  - -  -  -  B  B  -  -  -  B  -  -
                     -  -  -  -  -  -  -  -  -  -  -  -  -  -  -  -  -  -  -
                     -  -  -  -  -  -  -  -  -  -  -  -  -  -  -  -  -  -  B





16 B >




                     -  -  -  -  -  -  -  -  -  -  -  -  -  -  -  -  -  -  W
                     -  -  -  -  W  -  W  -  -  -  -  -  B  -  -  -  -  -  -  W  W  W  -  -  -  -  --  -  -  -  -  -  -  B  -  -
      -  -  -  -  -  -  -  -  -  B  -  -
Ticks: 16            -  -  -  -  -  -  -  -  -  -  -  -  -  -  -  -  -  -  -
                     -  -  -  -  -  -  -  -  -  -  B  -  B  -  B  -  -  -  -
                     -  -  -  -  -  -  -  -  B  -  -  -  -  -  -  -  -  -  -
Black: 18            -  -  -  -  -  -  -  -  -  -  -  -  -  -  -  -  -  -  -
                     -  -  -  -  -  -  B  -  -  -  -  -  -  -  -  -  -  -  -
                     -  -  -  -  -  -  -  -  -  -  -  -  -  B  -  -  -  B  -
                     -  -  -  -  -  -  -  -  -  -  -  -  -  -  -  -  -  -  -
                     -  -  -  -  -  -  -  -  -  -  -  B  B  -  -  -  B  -  -
                     -  -  -  -  -  -  -  -  -  -  -  -  -  -  -  -  -  -  -
                     -  -  -  -  -  -  -  -  -  -  -  -  -  -  -  -  -  -  B





17 B >




                     -  -  -  -  -  -  -  -  -  -  -  -  -  -  -  -  -  -  W
                     -  -  -  -  W  -  -  -  -  W
                   -  -  -  W  -  -  -  B  -  -  -  -
                     -  -  -  -  -  -  -  -  -  W  W  W  W  -  -  -  -
                     -  -  -  -  -  -  -  -  -  -  -
White: 1 -  -  -  -  -  -  -  -  -  -  B  -  -
Ticks: 17            -  -  -  -  -  -  -  -  -  -  -  -  -  -  -  -  -  -  -
                     -  -  -  -  -  -  -  -  -  -  B  -  B  -  B  -  -  -  -
                     -  -  -  -  -  -  -  -  B  -  -  -  -  -  -  -  -  -  -
Black: 19            -  -  -  -  -  -  -  -  -  -  -  -  -  -  -  -  -  -  -
                     -  -  -  -  -  -  B  -  -  -  -  -  -  -  -  -  -  -  -
                     -  -  -  -  -  -  B  -  -  -  -  -  -  B  -  -  -  B  -
                     -  -  -  -  -  -  -  -  -  -  -  -  -  -  -  -  -  -  -
                     -  -  -  -  -  -  -  -  -  -  -  B  B  -  -  -  B  -  -
                     -  -  -  -  -  -  -  -  -  -  -  -  -  -  -  -  -  -  -
                     -  -  -  -  -  -  -  -  -  -  -  -  -  -  -  -  -  -  B





18 B >




                     -  -  -  -  -  -  -  -  -  -  -  -  -  -  -  -  -  -  W
                     -  -  -  -  W  -  W  -  -  -  -  -  B  -  -  -  -  -  -
                     -  --  -  -  -  -  -  -  -  -  -  -  -  B  -  -
                     -  -  -  -  -  -  -  -  -  -  -  -  -  -  -  B  -  -
Ticks: 18            -  -  -  -  -  -  -  -  -  -  -  -  -  -  -  -  -  -  -
                     -  -  -  -  -  -  -  -  -  -  B  -  B  -  B  -  -  -  -
                     -  -  -  -  -  -  -  -  B  -  -  -  -  -  -  -  -  -  -
Black: 19            -  -  -  -  -  -  -  -  -  -  -  -  -  -  -  -  -  -  -
                     -  -  -  -  -  -  B  -  -  -  -  -  -  -  -  -  -  -  -
                     -  -  -  -  -  -  B  -  -  -  -  -  -  B  -  -  -  B  -
                     -  -  -  -  -  -  -  -  -  -  -  -  -  -  -  -  -  -  -
                     -  -  -  -  -  -  -  -  -  -  -  B  B  -  -  -  B  -  -
                     -  -  -  -  -  -  -  -  -  -  -  -  -  -  -  -  -  -  -
                     -  -  -  -  -  -  -  -  -  -  -  -  -  -  -  -  -  -  B





19 B >




                     -  -  -  -  -  -  -  -  -  -  -  -  -  -  -  -  -  -  W
                     -  -  -  -  W    W  W  W  W  -  -  -  -
         -  -  -  -  -  -  -  -  -  B  -  -
Ticks: 19            -  -  -  -  -  -  -  -  -  -  -  -  -  -  -  -  -  -  -
                     -  -  -  -  -  -  -  -  -  -  B  -  B  -  B  -  -  -  -
                     -  -  -  -  -  -  -  -  B  -  -  -  -  -  -  -  -  -  -
Black: 39            -  -  -  -  -  -  -  -  -  -  -  -  -  -  -  -  -  -  -
                     -  -  -  -  -  -  B  -  -  -  -  -  -  -  -  -  -  -  -
                     -  -  -  -  -  -  B  -  -  -  -  -  -  B  -  -  -  B  -
                     -  -  -  -  -  -  -  -  -  -  -  -  -  -  -  -  -  -  -
                     -  -  -  -  -  -  -  -  -  -  -  B  B  -  -  -  B  -  -
                     -  -  -  -  -  -  -  -  -  -  -  -  -  -  -  -  -  -  -
                     -  -  -  -  -  -  -  -  -  -  -  -  -  -  -  -  -  -  B





20 B >




                     -  -  -  -  -  -  -  -  -  -  -  -  -  -  -  -  -  -  W
                     -  -  -  -  W  -  W  -  -  -  -  -  B  -  -  -  -  -      -  -  -  -  -  -  -  - W  W  W  -  -  -  -
                     -  -  -  -  -  -  -  -  -  -  -  -  -  -  -  B  -  -  -
White: 20            -  -  -  -  - 
                     B  -   -  -  -  -  B  -  -
Ticks: 20            -  -  -  -  -  -  -  -  -  -  -  -  -  -  -  -  -  -  -
                     -  -  -  -  -  -  -  -  -  -  B  -  B  -  B  -  -  -  -
                     -  -  -  -  -  -  -  -  B  -  -  -  -  -  -  -  -  -  -
Black: 40            -  -  -  -  -  -  -  -  -  -  -  -  -  -  -  -  -  -  -
                     -  -  -  -  -  -  B  -  -  -  -  -  -  -  -  -  -  -  -
                     -  -  -  -  -  -  B  -  -  -  -  -  -  B  -  -  -  B  -
                     -  -  -  -  -  -  -  -  -  -  -  -  -  -  -  -  -  -  -
                     -  B  -  -  -  -  -  -  -  -  -  B  B  -  -  -  B  -  -
                     -  -  -  -  -  -  -  -  -  -  -  -  -  -  -  -  -  -  -
                     -  -  -  -  -  -  -  -  -  -  -  -  -  -  -  -  -  -  B





21 B >




                     -  -  -  -  -  -  -  -  -  -  -  -  -  -  -  -  -  -  W
                     -  -  -  -  W  -  W  -  -  -  -  -  B  -  -  -  -  -   -  B  -  -  -  -  W  W  W
       -  -
                     -  -  W  W  -  -  -  B  -  -  -  -  -  -
                     B  -  -  -             -  -  -  -  -  -  -  -  B  -  -  -  -  -  -  -  -  -  -
Black: 42            -  -  -  -  -  -  -  -  -  -  -  -  -  -  -  -  -  -  -
                     -  -  -  -  -  -  B  -  -  -  -  -  -  -  -  -  -  -  -
                     -  -  -  -  -  -  B  -  -  -  -  -  -  B  -  -  -  B  -
                     -  -  -  -  -  -  -  -  -  -  -  -  -  -  -  -  -  -  -
                     -  B  -  -  -  -  -  -  -  -  -  B  B  -  -  -  B  -  -
                     -  -  -  -  -  -  -  -  -  -  -  -  -  -  -  -  -  -  -
                     -  -  -  -  -  -  -  -  -  -  -  -  -  -  -  -  -  -  B





22 B >




                     -  -  -  -  -  -  -  -  -  B  -  -  -  -  -  -  -  -  W
                     -  -  -  -  W  -  W  -  -  -  -  -  B  -  -  -  -  -  WW
                     -  -  -  -   -  -  -  -  -  -  B  -  -
                -  -  -  -  -  W  W  -   -  W  -  -  -  -  -  -  -  -  -  -  B  -  -
Ticks: 22            -  -  -  -  -  -  -  -  -  -  -  -  -  -  -  -  -  -  -
                     -  -  -  -  -  -  -  -  -  -  B  -  B  -  B  -  -  -  -
                     -  -  -  -  -  -  -  -  B  -  -  -  -  -  -  -  -  -  -
Black: 43            -  -  -  -  -  -  -  -  -  -  -  -  -  -  -  -  -  -  -
                     -  -  -  -  -  -  B  -  -  -  -  -  -  -  -  -  -  -  -
                     -  -  -  -  -  -  B  -  -  -  -  -  -  B  -  -  -  B  -
                     -  -  -  -  -  -  -  -  -  -  -  -  -  -  -  -  -  -  -
                     -  B  -  -  -  -  -  -  -  -  -  B  B  -  -  -  B  -  -
                     -  -  -  -  -  -  -  -  -  -  -  -  -  -  -  -  -  -  -
                     -  -  -  -  -  -  -  -  -  -  -  -  -  -  -  -  -  -  B





23 B >




                     -  -  -  -  -  -  -  -  -  B  -  -  -  -  -  -  -  -  W
                     -  -  -  -  W  -  -  -  B  -  -  -  -  W  W  W
    -
                     -  -  -  -   B  -  -  -  -  W  -  -  -  -  -  -  -  -  -  -  B  -  -
Ticks: 23            -  -  -  -  -  -  -  -  -  -  -  -  -  -  -  -  -  -  -
                     -  -  -  -  -  -  -  -  -  -  B  -  B  -  B  -  -  -  -
                     -  -  -  -  -  -  -  -  B  -  -  -  -  -  -  -  -  -  -
Black: 43            -  -  -  -  -  -  -  -  -  -  -  -  -  -  -  -  -  -  -
                     -  -  -  -  -  -  B  -  -  -  -  -  -  -  -  -  -  -  -
                     -  -  -  -  -  -  B  -  -  -  -  -  -  B  -  -  -  B  -
                     -  -  -  -  -  -  -  -  -  -  -  -  -  -  -  -  -  -  -
                     -  B  -  -  -  -  -  -  -  -  -  B  B  -  -  -  B  -  -
                     -  -  -  -  -  -  -  -  -  -  -  -  -  -  -  -  -  -  -
                     -  -  -  -  -  -  -  -  -  -  -  -  -  -  -  -  -  -  B





24 B >




                     -  -  -  -  -  -  -  -  -  B  -  -  -  -  -  -  -  -  W
                     -  -  -  -  W  -  W    W  W  W  -  -  -  -  B  - -  -  -
                     -  -  -  -  W  W  W  W  W  -  -  -                  -  -  -  -  -  -   -  -  -  -  -  W  -  -  -  -  -  -  -  -  -  -  -  -  B  -  -
Ticks: 24            -  -  -  -  -  -  -  -  -  -  -  -  -  -  -  -  -  -  -
                     -  -  -  B  -  -  -  -  -  -  B  -  B  -  B  -  -  -  -
                     -  -  -  -  -  -  -  -  B  -  -  -  -  -  -  -  -  -  -
Black: 44            -  -  -  -  -  -  -  -  -  -  -  -  -  -  -  -  -  -  -
                     -  -  -  -  -  -  B  -  -  -  -  -  -  -  -  -  -  -  -
                     -  -  -  -  -  -  B  -  -  -  -  -  -  B  -  -  -  B  -
                     -  -  -  -  -  -  -  -  -  -  -  -  -  -  -  -  -  -  -
                     -  B  -  -  -  -  -  -  -  -  -  B  B  -  -  -  B  -  -
                     -  -  -  -  -  -  -  -  -  -  -  -  -  -  -  -  -  -  -
                     -  -  -  -  -  -  -  -  -  -  -  -  -  -  -  -  -  -  B





25 B >




                     -  -  -  -  -  -  -  -  -  B  -  -  -  -  -  -  -  -  W
                     -  -  -  -  W  -  B  -  -  -  -  -  W
            -
White: 25            -  -  -  -  -  W  W  -  -  -  B  -  -  -                      B  -  -  -  -  W  -  -  -  -  -  -  -  -  -  -  B  -  -
Ticks: 25            -  -  -  -  -  -  -  -  -  -  -  -  -  -  -  -  -  -  -
                     -  -  -  B  -  -  -  -  -  -  B  -  B  -  B  -  -  -  -
                     -  -  -  -  -  -  -  -  B  -  -  -  -  -  -  -  -  -  -
Black: 50            -  -  -  -  -  -  -  -  -  -  -  -  -  -  -  -  -  -  -
                     -  -  -  -  -  -  B  -  -  -  -  -  -  -  -  -  -  -  -
                     -  -  -  -  -  -  B  -  -  -  -  -  -  B  -  -  -  B  -
                     -  -  -  -  -  -  -  -  -  -  -  -  -  -  -  -  -  -  -
                     -  B  -  -  -  -  -  -  -  -  -  B  B  B  -  -  B  -  -
                     -  -  -  -  -  -  -  -  -  -  -  -  -  -  -  -  -  -  -
                     -  -  -  -  -  -  -  -  -  -  -  -  -  -  -  -  -  -  B





26 B >




                     -  -  -  -  -  -  -  -  -  B  -  -  -  -  W
                     W  -  W  -  -  -  -  -  B  -  -  -  -  B  -  -  -
White: 26        B  -  -  -  -  W  -  -  -  -  -  -  -  -  -  -  B  -  -
Ticks: 26            -  -  -  -  -  -  -  -  -  -  -  -  -  -  -  -  -  -  -
                     -  -  -  B  -  -  -  -  -  -  B  -  B  -  B  -  -  -  -
                     -  -  -  -  -  -  -  -  B  -  -  -  -  -  -  -  -  -  -
Black: 52            -  -  -  -  -  -  -  -  -  -  -  -  -  -  -  -  -  -  -
                     -  -  -  -  -  -  B  -  -  -  -  -  -  -  -  -  -  -  -
                     -  -  -  -  -  -  B  -  -  -  -  -  -  B  -  -  -  B  -
                     -  -  -  -  -  -  -  -  -  -  -  -  -  -  -  -  -  -  -
                     -  B  -  -  -  -  -  -  -  -  -  B  B  B  -  -  B  -  -
                     -  -  B  -  -  -  -  -  -  -  -  -  -  -  -  -  -  -  -
                     -  -  -  -  -  -  -  -  -  -  -  -  -  -  -  -  -  -  B





27 B >




                     -  -  -  -  -  -  -  -  -  B  -  -  -  -  -  -  -  -  W
                     -  B  -  -  W  -  W  -  -  -  -  -  B  -  -  -  -  -  W -  -  -  B  -  -  -
White   -  -  -  -  -  -  W  -  -  -  -  -  -  -  -  -  B  -  -
                     -  -  -  -  -  W  W-  -  -  -  -  -  -  -  -  B  -  -
Ticks: 27            -  -  -  -  -  -  -  -  -  -  -  -  -  -  -  -  -  -  -
                     -  -  -  B  -  -  -  -  -  -  B  -  B  -  B  -  -  -  -
                     -  -  -  -  -  -  -  -  B  -  -  -  -  -  -  -  -  -  -
Black: 53            -  -  -  -  -  -  -  -  -  -  -  -  -  -  -  -  -  -  -
                     -  -  -  -  -  -  B  -  -  -  -  -  -  -  -  -  -  -  -
                     -  -  -  -  -  -  B  -  -  -  -  -  -  B  -  -  -  B  -
                     -  -  -  -  -  -  -  -  -  -  -  -  -  -  -  -  -  -  -
                     -  B  -  -  -  -  -  -  -  -  -  B  B  B  -  -  B  -  -
                     -  -  B  -  -  -  -  -  -  -  -  -  -  -  -  -  -  -  -
                     -  -  -  -  -  -  -  -  -  -  -  -  -  -  -  -  -  -  B





28 B >




                     -  -  -  -  -  -  -  -  -  B  -  -  -  -  -  -  -  -  W
                     -  B  -  -  W  -  W  -  -  -  -  -  B  -  -  -  -  -  W
                     -  -  W  W  W  W  W  -  -  -  -  B  -  -  -  -  W  W  W
                -  -  W  W  W  W  W  -  -  -  -
  -  -  -  -  B  -  -
Ticks: 28            -  -  -  -  -  W  -  -  -  -  -  -  -  -  -  -  -  -  -
                     -  -  -  B  -  -  -  -  -  -  B  -  B  -  B  -  -  -  -
                     -  -  -  -  -  -  -  -  B  -  -  -  -  -  -  -  -  -  -
Black: 54            -  -  -  -  -  -  -  -  -  -  -  -  -  -  -  -  -  -  -
                     -  -  -  -  -  -  B  -  -  -  -  -  -  -  -  -  -  -  -
                     -  -  -  -  -  -  B  -  -  -  -  -  -  B  -  -  -  B  -
                     -  -  -  -  -  -  -  -  -  -  -  -  -  -  -  -  -  -  -
                     -  B  -  -  -  -  -  -  -  -  -  B  B  B  -  -  B  -  -
                     -  -  B  -  -  -  -  -  -  -  -  -  -  -  -  -  -  -  -
                     -  -  -29 B >29 B >




                     -  -  -  -  -  -  -  -  -  B  -  -  -  -  -  -  -  -  W
                     -  B  -  -  W   -  -  -  -  B  -  -  -  -  W  W    B  -  -
                     - -  -  -  W  -  -  -  -  -  -  -  -  -  -  B  -  -
Ticks: 29            -  -  -  -  -  W  -  -  -  -  -  -  -  -  -  -  -  -  -
                     -  -  -  B  -  -  -  -  -  -  B  -  B  B  B  -  -  -  -
                     -  -  -  -  -  -  -  -  B  -  -  -  -  -  -  -  -  -  -
Black: 56            -  -  -  -  -  -  -  -  -  -  -  -  -  -  -  -  -  -  -
                     -  -  -  -  -  -  B  -  -  -  -  -  -  -  -  -  -  -  -
                     -  -  -  -  -  -  B  -  -  -  -  -  -  B  -  -  -  B  -
                     -  -  -  -  -  -  -  -  -  -  -  -  -  -  -  -  -  -  -
                     -  B  -  -  -  -  -  -  -  -  -  B  B  B  -  -  B  -  -
                     -  -  B  -  -  -  -  -  -  -  -  -  -  -  -  -  -  -  -
                     -  -  -  -  -  -  -  -  -  -  -  -  -  -  -  -  -  -  B





30 B >




                     -  -  -  -  -  -  -  -  -  B  -                     -  -  -  -  -  -  W  W  W  W  W  W  -  -          -  -  -  -  -  -  W  -             -  -  -  -  -  W  W  -  -  -  -  -  -  -  -  B  -  -
Ticks: 30            -  -  -  -  -  W  -  -  -  -  -  -  -  -  -  -  -  -  -
                     -  -  -  B  -  -  -  -  -  -  B  -  B  B  B  -  -  -  -
                     -  -  -  -  -  -  -  -  B  -  -  -  -  -  -  -  -  -  -
Black: 57            -  -  -  -  -  -  -  -  -  -  -  -  -  -  -  -  -  -  -
                     -  -  -  -  -  -  B  -  -  -  -  -  -  -  -  -  -  -  -
                     -  -  -  -  -  -  B  -  -  -  -  -  -  B  -  -  -  B  -
                     -  -  -  -  -  -  -  -  -  -  -  -  -  -  -  -  -  -  -
                     -  B  -  -  -  -  -  -  -  -  -  B  B  B  -  -  B  -  -
                     -  -  B  -  -  -  -  -  -  -  -  -  -  -  -  -  -  -  -
                     -  -  -  -  -  -  -  B  -  -  -  -  -  -  -  -  -  -  B





31 B >




                     -  -  -  -  -  -  -  -  -  B  -  -  -  -  -  -  -  -  W
                     -  B  -  -  W  -  W  -  -  -  -  -  B  -  -  -    -  -  -  -  W  W  W
           -
                     -  -  -  -  -  -  -  -  -  -  -  B  -  -
Ticks: 31         -  -  -  -  -  W  -  -  -  -  -  -  -  -  -  -  -  -  -
                     -  -  -  B  -  -  -  -  -  -  B  -  B  B  B  -  -  -  -
                     -  -  -  -  -  -  -  -  B  -  -  -  -  -  -  -  -  -  -
Black: 58            -  -  -  -  -  -  -  -  -  -  -  -  -  -  -  -  -  -  -
                     -  -  -  -  -  -  B  -  -  -  -  -  -  -  -  -  -  -  -
                     -  -  -  -  -  -  B  -  -  -  -  -  -  B  -  -  -  B  -
                     -  -  -  -  -  -  -  -  -  -  -  -  -  -  -  -  -  -  -
                     -  B  -  -  -  -  -  -  -  -  -  B  B  B  -  -  B  -  -
                     -  -  B  -  -  -  -  -  -  -  -  -  -  -  -  -  -  -  -
                     -  -  -  -  -  -  -  B  -  -  -  -  -  -  -  -  -  -  B





32 B >




                     -  -  -  -  -  -  -  -  -  B  -  -  -  -  -  -  -  -  W
                     -  B  -  -  W    -  -  W  W  W  W  W  -  -  -  - -  -  -  W  W  W
                -  -  -  W  -  W  -  B  -  -  -  -  -  -  -  W  -  -  -  -  -  -   -  -  -  B  -  B  B  B  -  -  -  -
                     -  -  -  -  -  -  -  -  B  -  -  -  -  -  -  -  -  -  -
Black: 60            -  -  -  -  -  -  -  -  -  -  -  -  -  -  -  -  -  -  -
                     -  -  -  -  -  -  B  -  -  -  -  -  -  -  -  -  -  -  -
                     -  -  -  -  -  -  B  -  -  -  -  -  -  B  -  -  -  B  -
                     -  -  -  -  -  -  -  -  -  -  -  -  -  -  -  -  -  -  -
                     -  B  -  -  -  -  -  -  -  -  -  B  B  B  -  -  B  -  -
                     -  -  B  -  -  -  -  -  -  -  -  -  -  -  -  -  -  -  -
                     -  -  -  -  -  -  -  B  -  -  -  -  -  B  -  -  -  -  B





33 B >




                     -  -  -  -  -  -  -  -  -  B  -  -  -  -  -  -  -  -  W
                     -  B  -  -  W   -  -  -
                     -    -  W  -  -  -  -  -  -  -  -  -  -  B  -  -
Ticks: 33            -  -  -  -  -  W  W  -  -  -  -  -  -  -  -  -  -  -  -
                     -  -  -  B  -  -  -  -  -  -  B  -  B  B  B  -  -  -  -
                     -  -  -  -  -  -  -  -  B  -  -  -  -  -  -  -  -  -  -
Black: 61            -  -  -  -  -  -  -  -  -  -  -  -  -  -  -  -  -  -  -
                     -  -  -  -  -  -  B  -  -  -  -  -  -  -  -  -  -  -  -
                     -  -  -  -  -  -  B  -  -  -  -  -  -  B  -  -  -  B  -
                     -  -  -  -  -  -  -  -  -  -  -  -  -  -  -  -  -  -  -
                     -  B  -  -  -  -  -  -  -  -  -  B  B  B  -  -  B  -  -
                     -  -  B  -  -  -  -  -  -  -  -  -  -  -  -  -  -  -  -
                     -  -  -  -  -  -  -  B  -  -  -  -  -  B  -  -  -  -  B





34 B >




                     -  -  -  -  -  -  -  -  -  B  -  -  -  -  -  -  -  -  W
                     -  B  -  -  W  -  W  -  -  -  -  -  B  -  -  -  W  B  W
                     -  -  W  W  W  W  W  -  -  -  -  B  -  -  -  -  -  W  -  W  -  -  -  -
     -  -  -  -  -  W  W  W  B  -   -  -  -  -  -  -  -
                B  -  -  -  -  W  -  -  -  -  -  -  -  -  -  -  B  -  -
Ticks: 34            -  -  -  -  -  W  W  -  -  -  -  -  -  -  -  -  -  -  -
                     -  -  -  B  -  -  -  -  -  -  B  -  B  B  B  -  -  -  -
                     -  -  -  -  -  -  -  -  B  -  -  -  -  -  -  -  -  -  -
Black: 62            -  -  -  -  -  -  -  -  -  -  -  -  -  -  -  -  -  -  -
                     -  -  -  -  -  -  B  -  -  -  -  -  -  -  -  -  -  -  -
                     -  -  -  -  -  -  B  -  -  -  -  -  -  B  -  -  -  B  -
                     -  -  -  -  -  -  -  -  -  -  -  -  -  -  -  -  -  -  -
                     -  B  -  -  -  -  -  -  -  -  -  B  B  B  -  -  B  -  -
                     -  -  B  -  -  -  -  -  -  -  -  -  -  -  -  -  -  -  -
                     -  -  -  -  -  -  -  B  -  -  -  -  -  B  -  -  -  -  B





35 B >35 B >




                     -  -  -  -  -  -  -  -  -  B   -  W
                     -  B                  -  -  W  W  W  W  B  -  -  -  W  -  W  -  -  -  -
   -  -
                     B  -  -  -    -  -  -  -  -  -  -  -  -  B  -  -
Ticks: 35            -  -  -  -  -  W  W  -  -  -  -  -  -  -  -  -  -  -  -
                     -  -  -  B  -  -  -  -  -  -  B  -  B  B  B  -  -  -  -
                     -  -  -  -  -  -  -  -  B  -  -  -  -  -  -  -  -  -  -
Black: 64            -  -  -  -  -  -  -  -  -  -  -  -  -  -  -  -  -  -  -
                     -  -  -  -  -  -  B  -  -  -  -  -  -  -  -  -  -  -  -
                     -  -  -  -  -  -  B  -  -  -  -  -  -  B  -  -  -  B  -
                     -  -  -  -  -  -  -  -  -  -  -  -  -  -  -  -  -  -  -
                     -  B  -  -  -  -  -  -  -  -  -  B  B  B  -  -  B  -  -
                     -  -  B  -  -  -  -  -  -  -  -  -  -  -  -  -  -  -  -
                     -  -  -  -  -  -  -  B  -  -  -  -  -  B  -  -  -  -  B





36 B >36 B >36 B >




                     -  -  -  -  -  -  -  -  -  B  -  -  -  -  -  -  -  -  W
                     -  B  -         -  -  -  -  W  -  WW  W  W  W  W  W  -  -  -
       -  W  B  -  -  -
White: 36         -  -  -  -  -  W  W  W  B  -  B      B  -  -  -  W  W  -  -  -  -  -  -  -  -  -  -  B  -  -
Ticks: 36            -  -  -  B  -  W  W  -  -  -  -  -  -  -  -  -  -  -  -
                     -  -  -  B  -  -  -  -  -  -  B  -  B  B  B  -  -  -  -
                     -  -  -  -  -  -  -  -  B  -  -  -  -  -  -  -  -  -  -
Black: 65            -  -  -  -  -  -  -  -  -  -  -  -  -  -  -  -  -  -  -
                     -  -  -  -  -  -  B  -  -  -  -  -  -  -  -  -  -  -  -
                     -  -  -  -  -  -  B  -  -  -  -  -  -  B  -  -  -  B  -
                     -  -  -  -  -  -  -  -  -  -  -  -  -  -  -  -  -  -  -
                     -  B  -  -  -  -  -  -  -  -  -  B  B  B  -  -  B  -  -
                     -  -  B  -  -  -  -  -  -  -  -  -  -  -  -  -  -  -  -
                     -  -  -  -  -  -  -  B  -  -  -  -  -  B  -  -  -  -  B





37 B >




                     -  -  -  -  -  -  -  -  -  B  -  -  -  -  -  -  -  -  W
     -  -  -  -
                                   B  -  -  W  W  W  -  -  -    -  -  -  -  -  -  B  -  -
Ticks: 37            -  -  -  B  -  W  W  -  -  -  -  -  -  -  -  -  -  -  -
                     -  -  -  B  -  -  -  -  -  -  B  -  B  B  B  -  -  -  -
                     -  -  -  -  -  -  -  -  B  -  -  -  -  -  -  -  -  -  -
Black: 66            -  -  -  -  -  -  -  -  -  -  -  -  -  -  -  -  -  -  -
                     -  -  -  -  -  -  B  -  -  -  -  -  -  -  -  -  -  -  -
                     -  -  -  -  B  -  B  -  -  -  -  -  -  B  -  -  -  B  -
                     -  -  -  -  -  -  -  -  -  -  -  -  -  -  -  -  -  -  -
                     -  B  -  -  -  -  -  -  -  -  -  B  B  B  -  -  B  -  -
                     -  -  B  -  -  -  -  -  -  -  -  -  -  -  -  -  -  -  -
                     -  -  -  -  -  -  -  B  -  -  -  -  -  B  -  -  -  -  B





38 B >




                     -  -  -  -  -  -  -  -  -  B  -  -  -  -  -  -  -  -  W
                     -  B  -  -  W  -  W   W  -  W  -  -  -  -
                -  -  -  -  W  -  -  - W  W  W  -  -
                     -  -  -  -  -  -  -  B  -  -
Ticks: 38            -  -  -  B  -  W  W  -  -  -  -  -  -  -  -  -  -  -  -
                     -  -  -  B  -  -  -  -  -  -  B  -  B  B  B  -  -  -  -
                     -  -  -  -  -  -  -  -  B  -  -  -  -  -  -  -  -  -  -
Black: 67            -  -  -  -  -  -  -  -  -  -  -  -  -  -  -  -  -  -  -  -  -  -  -  -  -  -  -  -
                     -  -  -  -  B  -  B  -  -  -  -  -  -  B  -  -  -  B  -
                     -  -  -  -  -  -  -  -  -  -  -  -  -  -  -  -  -  -  -
                     -  B  -  -  -  -  -  -  -  -  -  B  B  B  -  -  B  -  -
                     -  -  B  -  -  -  -  -  -  -  -  -  -  -  -  -  -  -  -
                     -  -  -  -  -  -  -  B  -  -  -  -  -  B  -  -  -  -  B





39 B >




                     -  -  -  -  -  -  -  -  -  B  -  -  -  -  -  -  -  -  W
                     -  B  -  -  W  -  W  -  -  -  -  -  B  -  -  -                   -  -  -  -  W  - -  W  W  W  -  B  -  -  -  -  -  -  -  -  B  -  -
Ticks: 39            -  -  -  B  -  W  W  -  -  -  -  -  -  -  -  -  -  -  -
                     -  -  -  B  -  -  -  -  -  -  B  -  B  B  B  -  -  -  -
                     -  -  -  -  -  -  -  -  B  -  -  -  -  -  -  -  -  -  -
Black: 92            -  -  -  -  -  -  -  -  -  -  -  -  -  -  -  -  -  -  -
                     -  -  -  -  -  -  B  -  -  -  -  -  -  -  -  -  -  -  -
                     -  -  -  -  B  -  B  -  -  -  -  -  -  B  -  -  -  B  -
                     -  -  -  -  -  B  -  -  -  -  -  -  -  -  -  -  -  -  -
                     -  B  -  -  -  -  -  -  -  -  -  B  B  B  -  -  B  -  -
                     -  -  B  -  -  -  -  -  -  -  -  -  -  -  -  -  -  -  -
                     -  -  -  -  -  -  -  B  -  -  -  -  -  B  -  -  -  -  B





40 B >




                     -  -  -  -  -  -  -  B  -  B  -  -  -  -  -  -  -  -  W
                     -  B  -  -  W  -  W  -  -  -  -  -  B  -  -  -  W  B  W
  -  -  -  W  W  W
                          -  -  -  -  W  -  -  -  B  -  -  -  -  -  -  -  -  B  -  -
Ticks: 40            -  -  -  B  -  W  W  -  -  -  -  -  -  -  -  -  -  -  -
                     -  -  -  B  -  -  -  -  -  -  B  -  B  B  B  -  -  -  -
                     -  -  -  -  -  -  -  -  B  -  -  -  -  -  -  -  -  -  -
Black: 89            -  -  -  -  -  -  -  -  -  -  -  -  -  -  -  -  -  -  -
                     -  -  -  -  -  -  B  -  -  -  -  -  -  -  -  -  -  -  -
                     -  -  -  -  B  -  B  -  -  -  -  -  -  B  -  -  -  B  -
                     -  -  -  -  -  B  -  -  -  -  -  -  -    B  B  -  -  B  -  -
                     -  -  B  -  -  -  -  -  -  -  -  -  -  -  -  -  -  -  -
                     -  -  -  -  -  -  -  B  -  -  -  -  -  B  -  -  -  -  B





41 B >




                     -  -  -  -  -  -  -  B  -  B  -  -  -  -  -  -  -  -  W
             -  -  -  -  W  -  -  - -  -  W  -  -  W  B  -  -  -
WhiteB  -  -
                     -  -     B  -  -  W  W  W  -  B  -  -  -  -  -  -  -  -  B  -  -
Ticks: 41            -  -  -  B  -  W  W  -  -  -  -  -  -  -  -  -  -  -  -
                     -  -  -  B  -  W  -  -  -  -  B  -  B  B  B  -  -  -  -
                     -  -  -  -  -  -  -  -  B  -  -  -  -  -  -  -  -  -  -
Black: 73            -  -  -  -  -  -  -  -  -  -  -  -  -  -  -  -  -  -  -
                     -  -  -  -  -  -  B  -  -  -  -  -  -  -  -  -  -  -  -
                     -  -  -  -  B  -  B  -  -  -  -  -  -  B  -  -  -  B  -
                     -  -  -  -  -  B  -  -  -  -  -  -  -  -  -  -  -  -  -
                     -  B  -  -  B  -  -  -  -  -  -  B  B  B  -  -  B  -  -
                     -  -  B  -  -  -  -  -  -  -  -  -  -  -  -  -  -  -  -
                     -  -  -  -  -  -  -  B  -  -  -  -  -  B  -  -  -  -  B





42 B >




                     -  -  -  -   -  -  B  -  B  -  -  -  -  -  -          -  B  -  -  W  -  W   W  W  W  -  -
                  -  -  -  -  -  B  -  -
Ticks: 42            -  -  -  B  -  W  W  -  -  -  -  -  -  -  -  -  -  -  -
                     -  -  -  B  -  W  -  -  -  -  B  -  B  B  B  -  -  -  -
                     -  -  -  -  -  -  -  -  B  -  -  -  -  -  -  -  -  -  -
Black: 74            -  -  -  -  -  -  -  -  -  -  -  -  -  -  -  -  -  -  -
                     -  -  -  -  -  -  B  -  -  -  -  -  -  -  -  -  -  -  -
                     -  -  -  -  B  -  B  -  -  -  -  -  -  B  -  -  -  B  -
                     -  -  -  -  -  B  -  -  -  -  -  -  -  -  -  -  -  -  -
                     -  B  -  -  B  -  -  -  -  -  -  B  B  B  -  -  B  -  -
                     -  -  B  -  -  -  -  -  -  -  -  -  -  -  -  -  -  -  -
                     -  -  -  -  -  -  -  B  -  -  -  -  -  B  -  -  -  -  B





43 B >




                     B  -  -  -  -  -  -  B  -  B  -  -  -  -  -  -  -  -  W
                     -  B  -  -  W  -  W  -  -  -  -  -  B  -  -  -  W  B           -  -  -  B  -  -  W  -  --  W  -  -  W  B  W  -  -
W -  -  -  -  W  -  -  -  -  W  -  -  -  -  -  -  -  B  -  -
Ticks: 43            -  -  -  B  -  W  W  -  -  -  -  -  -  -  -  -  -  -  -
                     -  -  -  B  -  W  -  -  -  -  B  -  B  B  B  -  -  -  -
                     -  -  -  -  -  -  -  -  B  -  -  -  -  -  -  -  -  -  -
Black: 77            -  -  -  -  -  -  -  -  -  -  -  -  -  -  -  -  -  -  -
                     -  -  -  -  -  -  B  -  -  -  -  -  -  -  -  -  -  -  -
                     -  -  -  -  B  -  B  -  -  -  -  -  -  B  -  -  -  B  -
                     -  -  -  -  -  B  -  -  -  -  -  -  -  -  -  -  -  -  -
                     -  B  -  -  B  -  -  -  -  -  -  B  B  B  -  -  B  -  -
                     -  -  B  -  -  -  -  -  -  -  -  -  -  -  -  -  -  -  -
                     -  -  -  -  -  -  -  B  -  -  -  -  -  B  -  -  -  -  B





44 B >




                     B  -  -  -  -  -  -  B  -  B  -  -  -  -  -  -  -  -  W
    -  B  -  -  W  -  W  -  -  -  -   -  -  B  -  -  -  -  W  W  W
  te: 44            -  -  -  -  -  -  -  B  -  -
                     -  -  -  -  B  -  -
Ticks: 44            -  -  -  B  -  W  W  -  -  -  -  -  -  -  -  -  -  -  -
                     -  -  -  B  -  W  -  -  -  -  B  -  B  B  B  -  -  -  -
                     -  -  -  -  -  -  -  -  B  -  -  -  -  -  -  -  -  -  -
Black: 78            -  -  -  -  -  -  -  -  -  -  -  -  -  -  -  -  -  -  -
                     -  -  -  -  -  -  B  -  -  -  -  -  -  -  -  -  -  -  -
                     -  -  B  -  B  -  B  -  -  -  -  -  -  B  -  -  -  B  -
                     -  -  -  -  -  B  -  -  -  -  -  -  -  -  -  -  -  -  -
                     -  B  -  -  B  -  -  -  -  -  -  B  B  B  -  -  B  -  -
                     -  -  B  -  -  -  -  -  -  -  -  -  -  -  -  -  -  -  -
                     -  -  -  -  -  -  -  B  -  -  -  -  -  B  -  -  -  -  B





45 B >45 B >




                     B  -  -  -  -  -  -  B  -  B  -  -  B  -  -  -  -  -  W
                     -  B  -                       -  -  -  -     -  -  -  B  -  -  W  -  -  -  -  W  -  -  W  -  W  -  -
White:   -  -  W  W  B  -  -
                     -  -  -  -  -  W  W  W  B  -  B  B  -  -  -  B  -  -  -
                     B  -  -  W  W  W  -  B  -  -  -  -  -  -  -  -  B  -  -
Ticks: 45            -  -  -  B  -  W  W  -  -  -  -  -  -  -  -  -  -  -  -
                     -  -  -  B  -  W  -  -  -  -  B  -  B  B  B  -  -  -  -
                     -  -  -  -  -  -  -  -  B  -  -  -  -  -  -  -  -  -  -
Black: 67            -  -  -  -  -  -  -  -  -  -  -  -  -  -  -  -  -  -  -
                     -  -  -  -  -  -  B  -  -  -  -  -  -  -  -  -  -  -  -
                     -  -  B  -  B  -  B  -  -  -  -  -  -  B  -  -  -  B  -
                     -  -  -  -  -  B  -  -  -  -  -  -  -  -  -  -  -  -  -
                     -  B  -  -  B  -  -  -  -  -  -  B  B  B  -  -  B  -  -
                     -  -  B  -  -  -  -  -  -  -  -  -  -  -  -  -  -  -  -
                     -  -  -  -  -  -  -  B  -  -  -  -  -  B  -  -  -  -  B





46 B >46 B >




                     B  -  -  -  -  -  -  B  -  B  -  -  B  B  -  -  -  -  W  W  W
                     -  -  -  -  - -  W  W  W  -  B  -  -  -  -  -  -  -  -  B  -  -
Ticks: 46            -  -  -  B  -  W  W  -  -  -  -  -  -  -  -  -  -  -  -
                     -  -  -  B  W  W  -  -  -  B  B  -  B  B  B  -  -  -  -
                     -  -  -  -  -  -  -  -  B  -  -  -  -  -  -  -  -  -  -
Black: 84            -  -  -  -  -  -  -  -  -  -  -  -  -  -  -  -  -  -  -
                     -  -  -  -  -  -  B  -  -  -  -  -  -  -  -  -  -  -  -
                     -  -  B  -  B  -  B  -  -  -  -  -  -  B  -  -  -  B  -
                     -  -  -  -  -  B  -  -  -  -  -  -  -  -  -  -  -  -  -
                     -  B  -  -  B  -  -  -  -  -  -  B  B  B  -  -  B  -  -
                     -  -  B  -  -  -  -  -  -  -  -  -  -  -  -  -  -  -  -
                     -  -  -  -  -  -  -  B  -  -  -  -  -  B  -  -  -  -  B





47 B >




                     B  -  -  -  -  -  -  B  -  B  -  -  B  -  -  -  -  -  W
                     -  B  -  -  W  -  W  -  -  -  -  -  B  -  -  -  W  B  W -  -  -  W  -  -  -  -  -  W  W    -  -
                     B  -  - W  W  W  -  B  -  -  -  -  -  -  -  -  B  -  -
Ticks: 47            -  -  -  B  -  W  W  -  -  -  -  -  -  -  -  -  -  -  -
                     -  -  -  B  W  W  -  -  -  B  B  -  B  B  B  -  -  -  -
                     -  -  -  -  W  -  -  -  B  -  -  -  -  -  -  -  -  -  -
Black: 86            -  -  -  -  -  -  -  -  -  -  -  -  -  -  -  -  -  -  -
                     -  -  -  -  -  -  B  -  -  -  -  -  -  -  -  -  -  -  -
                     -  -  B  -  B  -  B  -  -  -  -  -  -  B  -  -  -  B  -
                     -  -  -  -  -  B  -  -  -  -  -  -  -  -  -  -  -  -  -
                     -  B  -  -  B  -  -  -  -  -  -  B  B  B  -  -  B  -  -
                     -  -  B  -  -  -  -  -  -  -  -  -  -  -  -  -  -  -  -
                     -  -  -  -  -  -  -  B  -  -  -  -  -  B  -  -  -  -  B

48 B >48 B >




                         -  B  -  -  W  -  W  -   -  B  -  -  -  -  W  W  W     -  -  -  -  W  -  W  -  B  -  -  -  -  B  -  -  W  -  -  -  -  -  B  -  -  -  -  -  -  -  -  B  -  -
Ticks: 48            -  -  -  B  -  W  W  -  -  -  -  -  -  -  -  -  -  -  -
                     -  -  -  B  W  W  -  -  -  B  B  -  B  B  B  -  -  -  -
                     -  -  -  -  W  -  -  -  B  -  -  -  -  -  -  -  -  -  -
Black: 77            -  -  -  -  -  -  -  -  -  -  -  -  -  -  -  -  -  -  -
                     -  -  -  -  -  -  B  -  -  -  -  -  -  -  -  -  -  -  -
                     -  -  B  -  B  -  B  -  -  -  -  -  -  B  -  -  -  B  -
                     -  -  -  -  -  B  -  -  -  -  B  -  -  -  -  -  -  -  -
                     -  B  -  -  B  -  -  -  -  -  -  B  B  B  -  -  B  -  -
                     -  -  B  -  -  -  -  -  -  -  -  -  -  -  -  -  -  -  -
                     -  -  -  -  -  -  -  B  -  -  -  -  -  B  -  -  -  -  B





49 B >49 B >




                     B  -  -  -  -  -  -  B  - B  W  -  -  -  W
                                   B  -  -  W  W  W  -  -  -  -  -  -  -  B  -  -
Ticks: 49            -  -  -  B  -  W  W  -  -  -  -  -  -  -  -  -  -  -  -
                     -  -  -  B  W  W  -  -  -  B  B  -  B  B  B  -  -  -  -
                     -  -  -  -  W  -  -  -  B  -  -  -  -  -  -  -  -  -  -
Black: 93            -  -  -  -  -  -  -  -  -  -  -  -  -  -  -  -  -  -  -
                     -  -  -  -  -  -  B  -  -  -  -  B  -  -  -  -  -  -  -
                     -  -  B  -  B  -  B  -  -  -  -  -  -  B  -  -  -  B  -
                     -  -  -  -  -  B  -  -  -  -  B  -  -  -  -  -  -  -  -
                     -  B  -  -  B  -  -  -  -  -  -  B  B  B  -  -  B  -  -
                     -  -  B  -  -  -  -  -  -  -  -  -  -  -  -  -  -  -  -
                     -  -  -  -  -  -  -  B  -  -  -  -  -  B  -  -  -  -  B





50 B >




                     B  -  -  -  -  -  -  B  -  B  -  -  B  -  -  -  -  -  W
                     -  B  -  -  W     -  W  W  W  W  W  W  W  -  -    -  -  -  -  W  W  -  W  W  B  -                   -  -  -  -  -  W  W  W  B  -  B  B  -  -  -  B  -  -  -
                     B  -  -  W  W  W  -  B  -  -  -  -  -  - -  -  B  -  -
Ticks: 50            -  -  -  B  -  W  W  -  -  -  -  -  -  -  -  -  -  -  -
                     -  -  -  B  W  W  -  -  -  B  B  -  B  B  B  -  -  -  -
                     -  -  -  -  W  -  -  -  B  -  -  -  -  -  -  -  -  -  -
Black: 95            -  -  -  -  -  -  -  -  -  -  -  -  -  -  -  -  -  -  -
                     -  -  -  -  -  -  B  -  -  -  -  B  -  -  -  -  -  -  -
                     -  -  B  -  B  -  B  -  -  -  -  -  -  B  -  -  -  B  -
                     -  -  -  -  -  B  -  -  -  -  B  -  -  -  -  -  -  -  -
                     -  B  -  -  B  -  -  -  -  -  -  B  B  B  -  -  B  -  -
                     -  -  B  -  -  -  -  -  -  -  -  -  -  -  -  -  -  -  -
                     -  -  -  -  -  -  -  B  -  -  -  -  -  B  -  -  -  -  B





51 B >




                W  B  -  B  -  -  B  -  -  -  -W
                     -  W  W  W -  B  -  -  -  -  W  W  W
              -  -  -  -  W  -  W  -  B  W  -  -  -  -  W  W  W  W  W  W  -  B  -  -  -  -  -  -  -  -  B  -  -
Ticks: 51            -  -  -  B  -  W  W  -  -  -  -  -  -  -  -  -  -  -  -
                     -  -  -  B  W  W  -  -  -  B  B  -  B  B  B  -  -  -  -
                     -  -  -  -  W  -  -  -  B  -  -  -  -  -  -  -  -  -  -
Black: 95            -  -  -  -  -  -  -  -  -  -  -  -  -  -  -  -  -  -  -
                     -  -  -  -  -  -  B  -  -  -  -  B  -  -  -  -  -  -  -
                     -  -  B  -  B  -  B  -  -  -  -  -  -  B  -  -  -  B  -
                     -  -  -  -  -  B  -  -  -  -  B  -  -  -  -  -  -  -  -
                     B  B  -  -  B  -  -  -  -  -  -  B  B  B  -  -  B  -  -
                     -  -  B  -  -  -  -  -  -  -  -  -  -  -  -  -  -  -  -
                     -  -  -  -  -  -  -  B  -  -  -  -  -  B  -  -  -  -  B





52 B >




                     B  -  -  -  -  -  W  B  -  B  -  -  B  -  -  -  -  -  W
                     -  B  -  -  W  -  W  -  -  -  -  -  B  -  -  -    W  -  W  -  B  -  -  -  W  B  W -  -  -  B  -  -  -
            
Ticks: 52            -  -  -  B  -  W  W  -  -  -  -  -  -  -  -  -  -  -  -
                     -  -  -  B  W  W  -  -  -  B  B  -  B  B  B  -  -  -  -
                     -  -  -  -  W  -  -  -  B  -  -  -  -  -  -  -  -  -  -
Black: 111           -  -  -  -  -  -  -  -  -  -  B  -  -  -  -  -  -  -  -
                     -  -  -  -  -  -  B  -  -  -  -  B  -  -  -  -  -  -  -
                     -  -  B  -  B  -  B  -  -  -  -  -  -  B  -  -  -  B  -
                     -  -  -  -  -  B  -  -  -  -  B  -  -  -  -  -  -  -  -
                     B  B  -  -  B  -  -  -  -  -  -  B  B  B  -  -  B  -  -
                     -  -  B  -  -  -  -  -  -  -  -  -  -  -  -  -  -  -  -
                     -  -  -  -  -  -  -  B  -  -  -  -  -  B  -  -  -  -  B





53 B >




                     B  -  -  -  -  -  W  B  -  B  -  -  B  -  -  -  -  -  W
                    -  W  W  W  W  W  -  W  -  -  -  -  W  W  -  W  W  -  -  -  -  -  B  -  -
Ticks: 53            -  -  -  B  -  W  W  -  -  -  -  -  -  -  -  -  -  -  -
                     -  -  -  B  W  W  -  -  -  B  B  -  B  B  B  -  -  -  -
                     -  -  -  -  W  -  -  -  B  -  -  -  -  -  -  -  -  -  -
Black: 107           -  -  -  -  -  -  -  -  -  -  B  -  -  -  -  -  -  -  -
                     -  -  -  -  -  -  B  -  -  -  -  B  -  B  -  -  -  -  -
                     -  -  B  -  B  -  B  -  -  -  -  -  -  B  -  -  -  B  -
                     -  -  -  -  -  B  -  -  -  -  B  -  -  -  -  -  -  -  -
                     B  B  -  -  B  -  -  -  -  -  -  B  B  B  -  -  B  -  -
                     -  -  B  -  -  -  -  -  -  -  -  -  -  -  -  -  -  -  -
                     -  -  -  -  -  -  -  B  -  -  -  -  -  B  -  -  -  -  B





54 B >




                     B  -  -  -  -  -  W  B  -  B  -      -  B  -  -  W  -  W  -  -  -  -  -  -  W  W  W
              -  W  -  W  -  B  -  -  -  W  B   B  -  -  W  -  -  -  B    -  B  -  -
Ticks: 54            -  -  -  B  -  W  W  -  -  -  -  -  -  -  -  -  -  -  -
                     -  -  -  B  W  W  -  -  -  B  B  -  B  B  B  -  -  -  -
                     -  -  -  -  W  -  -  -  B  -  -  -  -  -  -  -  -  -  -
Black: 103           -  -  -  -  -  -  -  -  -  -  B  -  -  -  -  -  -  -  -
                     -  -  -  -  -  -  B  -  -  -  -  B  -  B  -  -  -  -  -
                     -  -  B  -  B  -  B  -  -  -  -  -  -  B  -  -  -  B  -
                     -  -  -  -  -  B  -  -  -  -  B  -  -  -  -  -  -  -  -
                     B  B  -  -  B  -  -  -  -  -  -  B  B  B  -  -  B  -  -
                     -  -  B  -  -  -  -  -  -  -  -  -  -  -  -  -  -  -  -
                     -  -  -  -  -  -  -  B  -  -  B  -  -  B  -  -  -  -  B





55 B >55 B >55 B >55 B >55 B >




                     B  -  -  -  -  -  W  B  -  B  -  -  B  -  -  -  -  -  W
                     -  B  -  -  W  -  W  - B  -  -  -  W  B  W  -  -  -  W
 B  -  -  -
                     Ticks: 55            -  -  W  B  -  W  W  -  -  -  -  -  -  -  -  -  -  -  -
                     -  -  -  B  W  W  -  -  -  B  B  -  B  B  B  -  -  -  -
                     -  -  -  -  W  -  -  -  B  -  -  -  -  -  -  -  -  -  -
Black: 104           -  -  -  B  -  -  -  -  -  -  B  -  -  -  -  -  -  -  -
                     -  -  -  -  -  -  B  -  -  -  -  B  -  B  -  -  -  -  -
                     -  -  B  -  B  -  B  -  -  -  -  -  -  B  -  -  -  B  -
                     -  -  -  -  -  B  -  -  -  -  B  -  -  -  -  -  -  -  -
                     B  B  -  -  B  -  -  -  -  -  -  B  B  B  -  -  B  -  -
                     -  -  B  -  -  -  -  -  -  -  -  -  -  -  -  -  -  -  -
                     -  -  -  -  -  -  -  B  -  -  B  -  -  B  -  -  -  -  B





56 B >56 B >




                     B  -  -  -  -  -  W  B  -  B  -  -  B  -  -  -  -  -  W
                     -  B  -               -  W  W  W  W  W  W -  -  -  W  -  -  -  -  W  W  -    -
                     -  -  W  W  W  W  B  -  B  B  -  -  -  B   W  -  -  -  B  B  -  B  B  B  -




                     B  -  --  -  -  -  -  W
          B  -  -  W  -  W  -  -  -  -  -  B-  W  -  B  -  -  -  W  B  W  -    B  -  -  -
                    




                     B  -  -  -  -  -  W  B  -  B  -  -  B  -            -  -  -  -  W  W  -  - W  W  W  -  B  -  -  -  -  -  -  -  -  B  -  -
Ticks: 58            -  -  W  B  -  W  W  -  -  -  -  -  -  -  -  -  -  -  -
                     -  -  -  B  W  W  -  -  -  B  B  -  B  B  B  -  -  -  -
                     -  -  -  -  W  -  -  -  B  -  -  -  -  -  -  -  -  -  -
Black: 112           -  -  -  B  -  -  -  -  -  -  B  -  -  -  -  -  -  -  -
                     -  -  -  -  -  -  B  -  -  -  -  B  -  B  -  -  -  -  -
                     -  -  B  -  B  -  B  -  -  -  -  -  -  B  -  -  -  B  -
                     -  -  -  -  -  B  -  -  -  -  B  -  -  -  -  -  -  -  -
                     B  B  -  -  B  -  -  -  -  -  -  B  B  B  -  -  B  -  -
                     -  -  B  -  -  -  -  -  -  -  -  -  -  -  -  -  -  -  -
                     -  -  -  -  -  -  -  B  -  -  B  B  -  B  -  -  -  -  B





59 B >59 B >59 B >




                     B  -  -  -  -  -  W  B  -  B  -  -  B  -  -  -  -  -  W
       W  -  -  -  W
                                 B  W  W  W  W  W  -  B  -  - -  -  -  -  -  -  B  -  -
Ticks: 59            -  -  W  B  -  W  W  -  -  -  -  -  -  -  -  B  -  -  -
                     -  -  -  B  W  W  -  -  -  B  B  -  B  B  B  -  -  -  -
                     -  -  -  -  W  -  -  -  B  -  -  -  -  -  -  -  -  -  -
Black: 140           -  -  -  B  W  -  -  -  -  -  B  -  -  -  -  -  -  -  -
                     -  -  -  -  -  -  B  -  -  -  -  B  -  B  -  -  -  -  -
                     -  -  B  -  B  -  B  -  -  -  -  -  -  B  -  -  -  B  -
                     -  -  -  -  -  B  -  -  -  -  B  -  -  -  -  -  -  -  -
                     B  B  -  -  B  -  -  -  -  -  -  B  B  B  -  -  B  -  -
                     -  -  B  -  -  -  -  -  -  -  -  -  -  -  -               -  -  -  -  -  -  -  B  -  -  B  B  -  B  -  -  -  -  B





60 B >60 B >




             W  W  W  W  -  -  -  B  -  -  -  -  W
                       W  W  W  W  W  W  W  W  W  -
               -  -  -  B  -  -  W  -  -  -  B  W  -  -  W  -  W  - B  -  -  B  -  -  W  -  -  B  -  W  -  B  -  -  -  -  -  -  -  -  B  -  -
Ticks: 60            -  -  W  B  -  W  W  -  -  -  -  -  -  -  -  B  -  -  -
                     -  -  -  B  W  W  -  -  -  B  B  -  B  B  B  -  -  -  -
                     -  -  -  -  W  -  -  -  B  -  -  -  -  -  -  -  -  -  -
Black: 141           -  -  -  B  W  -  -  -  -  -  B  -  -  -  -  -  -  -  -
                     -  -  -  -  -  -  B  -  -  -  -  B  -  B  -  -  -  -  -
                     -  -  B  -  B  -  B  -  -  -  -  -  -  B  -  -  -  B  -
                     -  -  -  -  -  B  -  -  -  -  B  -  -  -  -  -  -  -  -
                     B  B  -  -  B  -  -  -  -  -  -  B  B  B  -  -  B  -  -
                     -  -  B  -  -  -  -  -  -  -  -  -  -  -  -  -  -  -  -
                     -  -  -  -  -  -  -  B  -  -  B  B  -  B  -  -  -  -  B





61 B >




                B  -  -  -  -  W  W  W
            -  -  -  -  W  -  W  -  B  -  - B  W  -  -  -  W
              -  B  -  -  W  B  -  -  B  W  -  -  W  -  W  -  -
White: 62            B  -  -  B  -  -  W  -  -  B  -  W  W  -  W  W  B  -  -
                     -  B  W  -  -  W  W  W  B  -  B  B  W  -  -  B  -  -  -
                     B  W  W  W  W  W  -  B  -  -  -  -  -  -  -  -  B  -  -
Ticks: 61            -  -  W  B  -  W  W  -  -  -  -  -  -  -  -  B  -  -  -
                     -  -  -  B  W  W  -  -  -  B  B  -  B  B  B  -  -  -  -
                     -  -  -  -  W  -  -  -  B  -  -  -  -  -  -  -  -  -  -
Black: 138           -  -  -  B  W  -  -  -  -  -  B  -  -  -  -  -  -  -  -
                     -  -  -  -  W  -  B  -  -  -  -  B  -  B  -  -  -  -  -
                     -  -  B  -  B  -  B  -  -  -  -  -  -  B  -  -  -  B  -
                     -  -  -  -  -  B  -  -  -  -  B  -  -  -  -  -  -  -  -
                     B  B  -  -  B  -  -  -  -  -  -  B  B  B  -  -  B  -  -
                     -  -  B  -  -  -  -  -  -  -  -  -  -  -  -  -  -  -  -
                     -  -  -  -  -  -  -  B  -  -  B  B  -  B  -  -  -  -  B





62 B >




                     B  -  -  -  -  W  W  B  -  B  -  W
                     -  W  W  W  -  W  -  B  -  -  -  W  B  W  - W
                     -  -  -  -te: 63            B  -  -  B  -  - W  W  W  W  -  B  -  -  -  -  -  -  -  -  B  -  -
Ticks: 62            -  -  W  B  -  W  W  -  -  -  -  -  -  -  -  B  -  -  -
                     -  -  -  B  W  W  -  -  -  B  B  -  B  B  B  -  -  -  -
                     -  -  -  -  W  -  -  -  B  -  -  -  -  -  -  -  -  -  -
Black: 138           -  -  -  B  W  -  -  -  -  -  B  -  -  -  -  -  -  -  -
                     -  -  -  -  W  -  B  -  -  -  -  B  -  B  -  -  -  -  -
                     -  -  B  -  B  -  B  -  -  -  -  -  -  B  -  -  -  B  -
                     -  -  -  -  -  B  -  -  -  -  B  -  -  -  -  -  -  -  -
                     B  B  -  -  B  -  -  -  -  -  -  B  B  B  -  -  B  -  -
                     -  -  B  -  -  -  -  -  -  -  -  -  -  -  -  -  -  -  -
                     -  -  -  -  -  -  -  B  -  -  B  B  -  B  -  -  -  -  B





63 B >




                            -  W  W  W  W  W  -  -  -  B  -  -  -  -  W  W  W
 -  -
                     -  B  W




                     W
                     -  B  -    -  -  B  -  B  -  -  -  W  B  W-  -  -  W  B  W  -  -  -  W
   -  -
                     B  W  W  




                     B  -  --  W  W  B  -  B  -  -  B  -  -  -  W  -  W
                     -  B  -  -  W  -  W  B  -  -  B  -  B  -  -  -  W  B  W
      -  W  B  W  -  -  -  W
         -  -
                     B  W  W  W  W  W  -  B  -  -  -  -  -  -  -  -  B  -  -
Ticks: 65            -  -  W  B  -  W  W  -  -  -  -  -  -  -  -  B  -  -  -
                     -  -  W  B  W  W  -  -  -  B  B  -  B  B  B  -  -  -  -
                     -  -  -  -  W  -  -  -  B  -  -  -  -  -  -  -  -  -  -
Black: 143           -  -  -  B  W  -  -  -  B  -  B  -  -  -  -  -  -  -  -
                     -  -  -  -  W  -  B  -  -  -  -  B  -  B  -  -  -  -  -
                     -  -  B  -  B  -  B  -  -  -  -  -  -  B  -  -  -  B  -
                     -  -  -  -  -  B  -  -  -  -  B  -  -  -  -  -  -  -  -
                     B  B  -  -  B  -  -  -  -  -  -  B  B  B  -  -  B  -  -
                     -  -  B  -  -  -  -  -  -  -  -  -  -  -  -  -  -  -  -
                     -  -  -  -  -  -  -  B  -  -  B  B  -  B  -  -  -  -  B





66 B >66 B >66 B >66 B >




                     B  -  -  -  -  W  W  B  -  B  -  -  B  -  -  -  W  -  W
                     -  B  -  -  -  W  W  -  -  W  W  W  W  W   W  W  -  B  -  -  -  -  -  -  -  -  B  -  -
Ticks: 66            -  -  W  B  -  W  W  -  -  -  -  -  -  -  -  B  -  -  -
                     -  -  W  B  W  W  -  -  -  B  B  -  B  B  B  -  -  -  -
                     -  -  -  -  W  -  -  -  B  -  -  -  -  B  -  -  -  -  -
Black: 142           -  -  -  B  W  -  -  -  B  -  B  -  -  -  -  -  -  -  -
                     -  -  -  -  W  -  B  -  -  -  -  B  -  B  -  -  -  -  -
                     -  -  B  -  B  -  B  -  -  -  -  -  -  B  -  -  -  B  -
                     -  -  -  -  -  B  -  -  -  -  B  -  -  -  -  -  -  -  -
                     B  B  -  -  B  -  -  -  -  -  -  B  B  B  -  -  B  -  -
                     -  -  B  -  -  -  -  -  -  -  -  -  -  -  -  -  -  -  -
                     -  -  -  -  -  -  -  B  -  -  B  B  -  B  -  -  -  -  B





67 B >67 B >67 B >




                     B  -  -  -  -  W  W  B  -  B  -  -  B  -  -  -  W  -  W
                     -  B  -  -  W  W  W  W  W  W  W  W  W  W  White: 68            B  - W  -  W  B  -  W  W  -  W  W  B  -  -  B  -  -  -  -  -  -  -  -  B  -  -
Ticks: 67            -  -  W  B  -  W  W  -  -  -  -  -  -  -  -  B  -  -  -
                     -  -  W  B  W  W  -  -  -  B  B  -  B  B  B  -  -  -  -
                     -  -  -  -  W  -  -  -  B  -  -  -  -  B  -  -  -  -  -
Black: 137           -  -  -  B  W  -  -  -  B  -  B  -  -  -  -  -  -  -  -
                     -  -  -  -  W  -  B  -  -  -  -  B  -  B  -  -  -  -  -
                     -  -  B  -  B  -  B  -  B  -  -  -  -  B  -  -  -  B  -
                     -  -  -  -  -  B  -  -  -  -  B  -  -  -  -  -  -  -  -
                     B  B  -  -  B  -  -  -  -  -  -  B  B  B  -  -  B  -  -
                     -  -  B  -  -  -  -  -  -  -  -  -  -  -  -  -  -  -  -
                     -  -  -  -  -  -  -  B  -  -  B  B  -  B  -  -  -  -  B





68 B >




                                     -  B  -  -  W  -  W  W  W  W  W  W  -
                -  -  -  B  -  -  W  B -  -  -  -  -  B  -  -
Ticks: 68            -  -  W  B  -  W  W  -  -  -  -  -  -  -  -  B  -  -  -
                     -  -  W  B  W  W  -  -  -  B  B  -  B  B  B  -  -  -  -
                     -  -  -  -  W  -  -  -  B  -  -  -  -  B  -  -  -  -  -
Black: 112           -  -  -  B  W  -  -  -  B  -  B  -  B  -  -  -  -  -  -
                     -  -  -  W  W  -  B  -  -  -  -  B  -  B  -  -  -  -  -
                     -  -  B  -  B  -  B  -  B  -  -  -  -  B  -  -  -  B  -
                     -  -  -  -  -  B  -  -  -  -  B  -  -  -  -  -  -  -  -
                     B  B  -  -  B  -  -  -  -  -  -  B  B  B  -  -  B  -  -
                     -  -  B  -  -  -  -  -  -  -  -  -  -  -  -  -  -  -  -
                     -  -  -  -  -  -  -  B  -  -  B  B  -  B  -  -  -  -  B





69 B >69 B >69 B >




         -  W  B  -  -  B  -  B  -  -  - W  W
                     -  -  - B  -  W  -  W  B  W  -  -  -  W
  W  -  B  W  -  -  W  -  W  -  - B  W  W  W  W  W  -  B  -  -  -  -  -  -  -  -  B  -  -
Ticks: 69            -  -  W  B  -  W  W  -  -  -  -  -  -  -  -  B  -  -  -
                     -  W  W  B  W  W  -  -  -  B  B  -  B  B  B  -  -  -  -
                     -  -  -  -  W  -  -  -  B  -  -  -  -  B  -  -  -  -  -
Black: 113           -  -  -  B  W  -  -  -  B  -  B  -  B  -  -  -  -  -  -
                     -  -  -  W  W  -  B  -  -  -  -  B  -  B  -  -  -  -  -
                     -  -  B  -  B  -  B  -  B  -  -  -  -  B  -  -  -  B  -
                     -  -  -  -  -  B  -  -  -  -  B  -  -  -  -  -  -  -  -
                     B  B  -  -  B  -  -  -  -  -  -  B  B  B  -  -  B  -  -
                     -  -  B  -  -  -  -  -  B  -  -  -  -  -  -  -  -  -  -
                     -  -  -  -  -  -  -  B  -  -  B  B  -  B  -  -  -  -  B





70 B >




                     -  W  W  W  W  W  W  W  -   W  -  W  W  W
                     -  -  -  -  W  -  W  -  B  -  W  -  W  B  W  -  -  -  W
       71            B  -  -  B   -  B  -  -  -  -  W  -  -  -  B  -  -
Ticks: 70            -  -  W  B  -  W  W  -  -  -  -  -  -  -  -  B  -  -  -
                     -  W  W  B  W  W  -  -  -  B  B  -  B  B  B  -  -  -  -
                     -  -  -  -  W  -  -  -  B  -  -  -  -  B  -  -  -  -  -
Black: 113           -  -  -  B  W  -  -  -  B  -  B  -  B  -  -  -  -  -  -
                     -  -  -  W  W  -  B  -  -  -  -  B  -  B  -  -  -  -  -
                     -  -  B  -  B  -  B  -  B  -  -  -  -  B  -  -  -  B  -
                     -  -  -  -  -  B  -  -  -  -  B  -  -  -  -  -  -  -  -
                     B  B  -  -  B  -  -  -  -  -  -  B  B  B  -  -  B  -  -
                     -  -  B  -  -  -  -  -  B  -  -  -  -  -  -  -  -  -  -
                     -  -  -  -  -  -  -  B  -  -  B  B  -  B  -  B  -  -  B





71 B >71 B >71 B >




                     B  -  -  -  -  W  W  B  -  B  -  -  B  -  -  -  W  -  W
                     -  B  -  -  W  -  W  B  -  -  B  -  B  -  -  -  W  B  W
                     -  W  W  W  W  W  W  W  White: 72            B  -  -  B  -  -  W  -  W  B  -  W  W  -  W  W  B  -  -
                     -  B  W  -  -  W  W  W  B  -  B  B  W  -  W  B  -  -  -
                     B  W  W  W  W  W  -  B  -  -  -  -  W  -  -  -  B  -  -
Ticks: 71            -  -  W  B  -  W  W  -  -  -  -  -  -  -  -  B  -  -  -
                     -  W  W  B  W  W  -  -  -  B  B  -  B  B  B  -  -  -  -
                     -  -  -  -  W  -  -  -  B  -  -  -  -  B  -  -  -  -  -
Black: 113           -  -  -  B  W  -  -  -  B  -  B  -  B  -  -  -  -  -  -
                     -  -  -  W  W  -  B  -  -  -  -  B  -  B  -  -  -  -  -
                     -  -  B  -  B  -  B  -  B  -  -  -  -  B  -  -  -  B  -
                     -  -  -  -  -  B  -  -  -  -  B  -  -  -  -  -  -  -  -
                     B  B  -  -  B  -  -  -  -  -  -  B  B  B  -  -  B  -  -
                     -  -  B  -  -  -  -  -  B  -  -  -  -  -  -  -  -  -  -
                     -  -  -  -  -  -  -  B  -  -  B  B  -  B  -  B  -  -  B





72 B >




                     W  -  W
                     -  -  -  B  B  -  W  B  W  -  B  W    W  W  -  -  B  -  -
Ticks: 72            -  -  W  B  -  W  W  -  -  -  -  -  -  -  -  B  -  -  -
                     -  W  W  B  W  W  -  -  -  B  B  -  B  B  B  -  -  -  -
                     -  -  -  -  W  -  -  -  B  -  -  -  -  B  -  -  -  -  -
Black: 113           -  -  -  B  W  -  -  -  B  -  B  -  B  -  -  -  -  -  -
                     -  -  -  W  W  -  B  -  -  -  -  B  -  B  -  -  -  -  -
                     -  -  B  -  B  -  B  -  B  -  -  -  -  B  -  -  -  B  -
                     -  -  -  -  -  B  -  -  -  -  B  -  -  -  -  -  -  -  -
                     B  B  -  -  B  -  -  -  -  -  -  B  B  B  -  -  B  -  -
                     -  -  B  -  -  -  -  -  B  -  -  -  -  -  -  -  -  -  -
                     -  -  -  -  -  -  -  B  -  -  B  B  -  B  -  B  -  -  B





73 B >73 B >




                     B  -  -  -  -  W  W  B  -  B  -  -  B  -  -  -  W  -  -  B  -  B  -  -  -  W  B  W
     -
White: 74            B  -  -   -  B  -  -  -  W  W  W  -  -  B  -  -
Ticks: 73            -  -  W  B  -  W  W  -  -  -  -  -  -  -  -  B  -  -  -
                     -  W  W  B  W  W  -  -  -  B  B  -  B  B  B  -  -  -  -
                     -  -  -  -  W  -  -  -  B  -  -  -  -  B  -  -  -  -  -
Black: 114           -  -  -  B  W  -  -  -  B  -  B  -  B  -  -  -  -  -  -
                     -  -  -  W  W  -  B  -  -  -  -  B  -  B  -  -  -  -  -
                     -  -  B  -  B  -  B  -  B  -  -  -  -  B  -  -  -  B  -
                     -  -  -  -  -  B  -  -  -  -  B  -  -  -  -  -  -  -  -
                     B  B  -  -  B  -  -  -  -  -  -  B  B  B  -  -  B  -  -
                     -  -  B  -  -  -  -  -  B  -  -  -  -  -  -  -  -  -  -
                     -  -  -  -  -  -  -  B  -  -  B  B  -  B  -  B  -  -  B





74 B >




                     -  W  -  W  W  W
                                 -  B  W   B  -  -
Ticks: 74            -  --  -  -  -  B  -  -  -
                     -  W  W  B  W  W  -  -  -  B  B  -  B  B  B  -  -  -  -
                     -  -  W  -  W  -  -  -  B  -  -  -  -  B  -  -  -  -  -
Black: 116           -  -  -  B  W  -  -  -  B  -  B  -  B  -  -  -  -  -  -
                     -  -  -  W  W  -  B  -  -  -  -  B  -  B  -  -  -  -  -
                     -  -  B  -   -  -  -  B  -  -  -  -  B  -  -  -  -  -  -  -  -
                     B  B  -  -  B  -  -  -  -  -  -  B  B  B  -  -  B  -  -
                     -  -  B  -  -  -  -  -  B  -  -  -  -  -  -  -  -  -  -
                     -  -  -  -  -  -  -  B  -  -  B  B  -  B  -  B  -  -  B





75 B >




                          -  W  W  W  W  W  W   W  -  W  -  -
White: 76         -  -  B  -  -  W  -  W  B  -  W W  W  B  -  -
                     -  B  W  -  -  W  W  W  B  -  B  B  W  -  W  B  -  -  -
                     B  W  W  W  W  W  -   W  W  -  -  B  -  -
Ticks: 75            -  -  W  B  -  W  W  W  -  -  -  -  -  -  -  B  -  -  -
                     -  W  W  B  W  W  -  -  -  B  B  -  B  B  B  -  -  -  -
                     -  -  W  -  W  -  -  -  B  -  -  -  -  B  -  -  -  -  -
Black: 118           -  -  -  B  W  -  -  -  B  -  B  -  B  -  -  -  -  -  -
                     -  -  -  W  W  -  B  -  -  -  -  B  -  B  -  -  -  -  -
                     -  -  B  -  B  -  B  -  B  -  -  -  -  B  -  -  -  B  -
                     -  -  -  -  -  B  -  -  -  -  B  -  -  -  -  -  -  -  -
                     B  B  -  -  B  -  B  -  -  -  -  B  B  B  -  -  B  -  -
                     -  -  B  -  -  -  -  -  B  -  -  -  -  -  -  -  -  -  -
                     -  -  -  -  -  -  -  B  -  -  B  B  -  B  -  B  -  -  B





76 B >76 B >76 B >76 B >76 B                -  W  W  W  W  W B  -  W  -  W  B  W  -  -  -      -  -  -  B  W  W  -  -  W  W W  W  W  W  W  W  -
                     -  -  -  B  B  -  W  B  W -  -
White: 77            B  -  -  -  W  W  W  -  -  B  -  -
Ticks: 76            -  -  W  B  -  W  W  W  -  -  -  W  -  -  -  B  -  -  -
                     -  W  W  B  W  W  -  -  -  B  B  -  B  B  B  -  -  -  -
                     -  -  W  -  W  -  -  -  B  -  -  -  -  B  -  -  -  -  -
Black: 118           -  -  -  B  W  -  -  -  B  -  B  -  B  -  -  -  -  -  -
                     -  -  -  W  W  -  B  -  -  -  -  B  -  B  -  -  -  -  -
                     -  -  B  -  B  -  B  -  B  -  -  -  -  B  -  -  -  B  -
                     -  -  -  -  -  B  -  -  -  -  B  -  -  -  -  -  -  -  -
                     B  B  -  -  B  -  B  -  -  -  -  B  B  B  -  -  B  -  -
                     -  -  B  -  -  -  -  -  B  -  -  -  -  -  -  -  -  -  -
                     -  -  -  -  -  -  -  B  -  -  B  B  -  B  -  B  -  -  B





77 B >77 B >




               -  W  -  W  W  W
               -  -  B  W  -  W  -  B  -  W  - W  -  -  -  W
            B  W  -  B  W  -  W  -  -
White: 78            B  -  -  B  -  -  W  -  W  B  -  W  W  -  W  W  B  -  -
                     -  B  W  -  -  W  W  W  B  -  B  B  W  -  W  B  -  -  -
                     B  W  W  W  W  W  -  B  -  -  -  W  W  W  -  -  B  -  -
Ticks: 77            -  -  W  B  -  W  W  W  -  -  -  W  -  -  -  B  -  -  -
                     -  W  W  B  W  W  -  -  -  B  B  -  B  B  B  -  -  -  -
                     -  -  W  -  W  -  -  -  B  -  -  -  -  B  -  -  -  -  -
Black: 120           -  -  -  B  W  -  -  -  B  -  B  -  B  -  -  -  -  -  -
                     -  -  -  W  W  W  B  -  -  -  -  B  -  B  -  -  -  -  -
                     -  -  B  -  B  -  B  -  B  -  -  -  -  B  -  -  -  B  -
                     -  -  -  -  -  B  -  -  -  -  B  -  -  -  -  -  -  -  -
                     B  B  -  -  B  -  B  -  -  -  -  B  B  B  -  -  B  -  -
                     -  -  B  -  -  -  -  -  B  -  -  -  -  -  -  -  -  -  -
                     -  -  -  -  -  -  -  B  -  -  B  B  -  B  -  B  -  -  B





78 B >




                     B  B  -  -  -  W  W  B  -  B  -  -  W  -  W  W  W
                  -  -  -  B  W  W  -  -  W  W   W  W  W  W  W  -
               W  W  B  -  -
                                B  B  -  -  -  W  -  -  W  W  W  W  W  W  W  W   W  W  -  -  B  -  -
Ticks: 79            -  -  W  B  -  W  W  W  -  -  -  W  -  -  -  B  -  -  -
                     -  W  W  B  W  W  -  -  -  B  B  W  B  B  B  -  -  -  -
                     -  -  W  -  W  -  -  -  B  -  -  -  -  B  -  -  -  -  -
Black: 127           -  -  -  B  W  -  -  -  B  -  B  -  B  -  -  -  -  -  -
                     -  -  -  W  W  W  B  -  -  -  -  B  -  B  -  -  -  -  -
                     -  -  B  -  B  -  B  -  B  -  -  -  -  B  -  -  -  B  -
                     -  -  -  -  -  B  -  B  -  -  B  -  -  -  -  -  -  -  -
                     B  B  -  -  B  -  B  -  -  -  -  B  B  B  -  -  B  -  -
                     -  -  B  -  -  -  -  B  B  -  -  -  -  -  -  -  -  -  -
                     -  -  -  -  -  -  -  B  -  -  B  B  -  B  -  B  -  -  B





80 B >80 B >80 B >




       -  W  W  B  -  B  -  -  B  -  -   -  W  B  W
             -  -  B  W  -  W  -  B  -  W  -    W
                     -  -  -   -
White: 82            B  -  -   -  W  W  W  -  -  B  -  -
Ticks: 80            -  -  W  B  -  W  W  W  -  -  -  W  -  -  -  B  -  -  B
                     -  W  W  B  W  W  -  -  -  B  B  W  B  B  B  -  -  -  -
                     -  -  W  -  W  -  -  -  B  -  -  -  -  B  -  -  -  -  -
Black: 130           -  -  -  B  W  -  -  -  B  -  B  -  B  -  -  -  -  -  -
                     -  -  -  W  W  W  B  -  -  -  -  B  -  B  -  -  -  -  -
                     -  -  B  -  B  -  B  -  B  -  -  -  -  B  -  -  -  B  -
                     -  -  -  -  -  B  -  B  -  -  B  -  -  -  -  -  -  -  -
                     B  B  -  -  B  -  B  -  -  -  -  B  B  B  -  -  B  -  -
                     -  -  B  -  -  -  -  B  B  -  -  -  -  -  -  -  -  -  -
                     -  -  -  -  -  -  -  B  -  -  B  B  -  B  -  B  -  -  B





81 B >




                    W  -  B  -  W  -  W  -  W  -  -                     -  -  -  B  W  W  -  -  W  W  W  W  W  W  W  W  W  W  -
                   W  -  -  W  W  W  B  -  B  B  W -  W  -  W
                     -W  W  W  W  W  W  -  -  W  B  -                   -  -  -  B  W    B  -  W  -  W  -  W  -  -  -  W W  W  W  W  W  -
           W  W  W  -  -  B  -  -
Ticks: 82            -  -  W  B  -  W  W  W  -  B  -  W  -  -  -  B  -  -  B
                     -  W  W  B  W  W  -  -  -  B  B  W  B  B  B  -  -  -  -
                     -  -  W  -  W  -  -  -  B  -  -  -  -  B  -  -  -  -  -
Black: 137           -  -  -  B  W  -  -  -  B  -  B  -  B  -  -  -  B  -  -
                     -  -  -  W  W  W  B  -  -  -  -  B  -  B  -  -  -  -  -
                     -  -  B  -  B  -  B  -  B  -  -  -  -  B  -  -  -  B  -
                     -  -  -  -  -  B  -  B  -  -  B  -  -  -  -  -  -  -  -
                     B  B  -  -  B  -  B  -  -  -  -  B  B  B  -  -  B  -  -
                     -  -  B  -  -  -  -  B  B  -  -  -  -  -  -  -  -  -  -
                     -  -  -  -  -  -  -  B  -  -  B  B  -  B  -  B  -  -  B





83 B >




                         -  W  W  W  W  W  W  W  -  -  -  W  W  -  W  W  W
              -  -  B  W  -  W  -  B  -  W  - W  -  -  -  W
                   




                     B  B  -             -  -  -  B  W  W  - B  W  -  B  W  -  B  W  -  W  -  : 86            B  -  -  B  -  -              B  W  W  W  W  W  -  B  -  -  -  W  W  W  -  -  B  -  -
Ticks: 84            -  -  W  B  -  W  W  W  -  B  -  W  -  -  -  B  -  -  B
                     -  W  W  B  W  W  -  -  -  B  B  W  B  B  B  -  -  -  -
                     -  -  W  -  W  -  -  -  B  -  -  -  -  B  -  -  -  -  -
Black: 138           -  -  -  B  W  -  -  -  B  -  B  -  B  -  -  -  B  -  -
                     -  -  W  W  W  W  B  -  -  -  -  B  -  B  -  -  -  -  -
                     -  -  B  -  B  -  B  -  B  -  -  -  -  B  -  -  -  B  -
                     -  -  -  -  -  B  -  B  -  -  B  -  -  -  -  -  -  -  -
                     B  B  -  -  B  -  B  -  -  -  -  B  B  B  -  -  B  -  -
                     -  -  B  -  -  -  -  B  B  -  -  -  -  -  -  -  -  -  -
                     -  -  -  -  -  -  -  B  -  -  B  B  -  B  -  B  -  -  B





85 B >



W
                     -  W  B  -  -  B  -  -  W  -  W  B  W


                     B  B  -   B  W  W  -  -  W  W  W  W  W  W -  W  -  -
White: 88             -  W  -  W  B  W  W  W  -  W  W   W  -  B  -  -  W  W  W  W  -  -  B  -  -
Tic  -  B  W  B  -  W  B  W
        White: 89            B  -  -  B  W  -  W  B  W  W  W  -  W  W  B  -  -
                     -  B  W  -  -  W  W  W  B  -  B  B  
                     B  B  -  - -  B  W  W  -  -  W  W  W  W  W   W  -  W  -  -
White: 90            B  -  -  B  -  -  W  -  W  B  W  W  W  -  W  W  B  -  -
                     -  B  W  -  -  W  W  W  B  -  B  B  W  -  W  B  -  -  -
                     B  W  W  W  W  W  -  B  -  -  W  W  W  W  -  -  B  -  -
Ticks: 88            -  -  W  B  -  W  W  W  -  B  -  W  -  -  -  B  -  -  B
                     -  W  W  B  W  W  -  -  -  B  B  W  B  B  B  -  -  -  -
                     -  -  W  -  W  -  -  -  B  -  -  -  -  B  -  -  -  -  -
Black: 148           -  -  -  B  W  -  -  -  B  -  B  -  B  -  -  -  B  -  -
                     -  -  W  W  W  W  B  -  -  -  -  B  -  B  -  -  -  -  B
                     -  -  B  -  B  W  B  -  B  -  -  -  -  B  -  -  -  B  -
                     -  -  -  -  -  B  B  B  -  -  B  -  -  -  -  -  -  -  -
                     B  B  -  -  B  -  B  -  -  -  -  B  B  B  -  -  B  -  -
                     -  -  B  -  -  -  -  B  B  -  -  -  -  -  -  -  -  -  -
                     -  -  -  -  -  -  -  B  -  -  B  B  -  B  -  B  -  -  B





89 B >




                     B  B  -  -  -   -  W  W  W
                    -  W  -  W  B  W  W  W  -  W  W   -
                     -  B  W   B  -  B  B  W  -  W  B  -  -  -
                     B  W  W  W  W  W  -  B  -  -  W  W  W  W  -  -  B  -  -
Ticks: 89            -  -  W  B  -  W  W  W  -  B  -  W  -  -  -  B  -  -  B
                     -  W  W  B  W  W  -  -  -  B  B  W  B  B  B  -  -  -  -
                     -  -  W  -  W  -  -  -  B  -  -  -  -  B  -  -  -  -  -
Black: 146           -  -  -  B  W  -  -  -  B  -  B  -  B  -  -  -  B  -  -
                     -  W  W  W  W  W  B  -  -  -  -  B  -  B  -  -  -  -  B
                     -  -  B  -  B  W  B  -  B  -  -  -  -  B  -  -  -  B  -
                     -  -  -  -  -  B  B  B  -  -  B  -  -  -  -  -  -  -  -
                     B  B  -  -  B  -  B  -  -  -  -  B  B  B  -  -  B  -  -
                     -  -  B  -  -  -  -  B  B  -  -  -  -  -  -  -  -  -  -
                     -  -  -  -  B  -  -  B  -  -  B  B  -  B  -  B  -  -  B





90 B >




                     B  B     -  B  W  -  W  -  W  B  -  -           -  -  -  B  W  W  -  -   B  -  W  B  W  -  B  W  -  B  WW  B  -  -
                   -  -  W  W  W  B  -  B  B  W  -  -  B  -  -
Ticks: 90            -  -  W  B  -  W  W  W  -  B  -  W  -  -  -  B  -  -  B
                     W  W  W  B  W  W  -  -  -  B  B  W  B  B  B  -  -  -  -
                     -  -  W  -  W  -  -  -  B  -  -  -  -  B  -  -  -  -  -
Black: 146           -  -  -  B  W  -  -  -  B  -  B  -  B  -  -  -  B  -  -
                     -  W  W  W  W  W  B  -  -  -  -  B  -  B  -  -  -  -  B
                     -  -  B  -  B  W  B  -  B  -  -  -  -  B  -  -  -  B  -
                     -  -  -  -  -  B  B  B  -  -  B  -  -  -  -  -  -  -  -
                     B  B  -  -  B  -  B  -  -  -  -  B  B  B  -  -  B  -  -
                     -  -  B  -  -  -  -  B  B  -  -  -  -  -  -  -  -  -  -
                     -  -  -  -  B  -  -  B  -  -  B  B  -  B  -  B  -  -  B





Game Over Stones Exhausted
You 