What is your name?
Hi, User





                     -  -  -  -  -  -  -  -  -  -  -  -  -  -  -  -  -  -  -
                     -  -  -  -  -  -  -  -  -  -  -  -  -  -  -  -  -  -  -
                     -  -  -  -  -  -  -  -  -  -  -  -  -  -  -  -  -  -  -
                     -  -  -  -  -  -  -  -  -  -  -  -  -  -  -  -  -  -  -
                     -  -  -  -  -  -  -  -  -  -  -  -  -  -  -  -  -  -  -
           -  -  -  -  -  -  -  -
          




                     -  -  -  -  -  -  -  -  -  -  -  -  -  -  -  -  -  -  -
                   -  -  -  -  -  -  -  -  -  -  -  -  -  -  -  -  -  -  -  -  -  - -  -  -  -  -  -  -
                     -  -  -  -  -  -  -  -  -  -  -  -  -  -  -  -  -  -  -
Ticks: 0             -  -  -  -  -  -  -  -  -  -  -  -  -  -  -  -  -  -  -
                     -  -  -  -  -  -  -  -  -  -  -  -  -  -  -  -  -  -  -
                     -  -  -  -  -  -  -  -  -  -  -  -  -  -  -  -  -  -  -
Black: 1             -  -  -  -  -  -  -  -  -  -  -  -  -  -  -  -  -  -  -
                     -  -  -  -  -  -  -  -  -  -  -  -  -  -  B  -  -  -  -
                     -  -  -  -  -  -  -  -  -  -  -  -  -  -  -  -  -  -  -
                     -  -  -  -  -  -  -  -  -  -  -  -  -  -  -  -  -  -  -
                     -  -  -  -  -  -  -  -  -  -  -  -  -  -  -  -  -  -  -
                     -  -  -  -  -  -  -  -  -  -  -  -  -  -  -  -  -  -  -
                     -  -  -  -  -  -  -  -  -  -  -  -  -  -  -  -  -  -  -





1 B >1 B >




                     -  -  -  -  -  -  -  -  -  -  -  -  -  -  -  -  -  -  -
                     -  -  -  -  -  -  -  -  -  -  -  -  -  -  -  -  -  -  -
                     -  -  -  -  -  -  -  -  -  -  -  -  -  -  -  -  -  W  -  -  -  -  -  -
  -  -  -  -  -  -  -  -  -  -  -  -  -
Ticks: 1             -  -  -  -  -  -  -  -  -  -  -  -  -  -  -  -  -  -  -
                     -  -  -  -  -  -  -  -  -  -  -  -  -  -  -  -  -  -  -
                     -  -  -  -  -  -  -  -  -  -  -  -  -  -  -  -  -  -  -
Black: 2             -  -  -  -  -  -  -  -  -  -  -  -  -  -  -  -  -  -  -
                     -  -  -  -  -  -  -  -  -  -  -  -  -  -  B  -  -  -  -
                     -  -  -  -  -  -  -  -  -  -  -  -  -  -  -  -  -  -  -
                     -  -  -  -  -  -  -  -  -  -  -  -  -  -  -  -  -  -  -
                     -  -  -  -  -  -  -  -  -  -  -  -  -  -  -  -  -  -  -
                     -  -  -  -  -  -  -  -  -  -  -  -  -  -  -  -  -  -  -
                     -  -  -  -  -  -  -  -  -  -  -  -  -  -  -  -  -  -  -





2 B >




                     -  -  -  -  -  -  -  -  -  -  -  -  -  -  -  -  -  -  -
                     -  -  -  -  -  -  -  -  -  -  -  -  -  -  -  -  -  -  -  -  -  -  -  -  -  -  -    -  -  -  -  -  -  -  -
                     -  -  -  -  -  -  -  -  -  -  -  -  -  -  -  -  -  -  -
Ticks: 2             -  -  -  -  -  -  -  -  -  -  -  -  -  -  -  -  -  -  -
                     -  -  -  -  -  -  -  -  -  -  -  -  -  -  -  -  -  -  -
                     -  -  -  -  -  -  -  -  -  -  -  -  B  -  -  -  -  -  -
Black: 3             -  -  -  -  -  -  -  -  -  -  -  -  -  -  -  -  -  -  -
                     -  -  -  -  -  -  -  -  -  -  -  -  -  -  B  -  -  -  -
                     -  -  -  -  -  -  -  -  -  -  -  -  -  -  -  -  -  -  -
                     -  -  -  -  -  -  -  -  -  -  -  -  -  -  -  -  -  -  -
                     -  -  -  -  -  -  -  -  -  -  -  -  -  -  -  -  -  -  -
                     -  -  -  -  -  -  -  -  -  -  -  -  -  -  -  -  -  -  -
                     -  -  -  -  -  -  -  -  -  -  -  -  -  -  -  -  -  -  -





3 B >




                     -  -  -  -  -  -  -  -  -  -  -  -  -  -  -  -  -  -  W
                     -  -  -  -  -  -  -  -  -  -  -  -  -  -
                         -  -  -  -  -  -  -  -  -   -  -  -  -  -  -  -  -
                     -  -  -  -  -  -  -  -  -  -  -  B  -  -  -  -  -  -  -
Ticks: 3             -  -  -  -  -  -  -  -  -  -  -  -  -  -  -  -  -  -  -
                     -  -  -  -  -  -  -  -  -  -  -  -  -  -  -  -  -  -  -
                     -  -  -  -  -  -  -  -  -  -  -  -  B  -  -  -  -  -  -
Black: 4             -  -  -  -  -  -  -  -  -  -  -  -  -  -  -  -  -  -  -
                     -  -  -  -  -  -  -  -  -  -  -  -  -  -  B  -  -  -  -
                     -  -  -  -  -  -  -  -  -  -  -  -  -  -  -  -  -  -  -
                     -  -  -  -  -  -  -  -  -  -  -  -  -  -  -  -  -  -  -
                     -  -  -  -  -  -  -  -  -  -  -  -  -  -  -  -  -  -  -
                     -  -  -  -  -  -  -  -  -  -  -  -  -  -  -  -  -  -  -
                     -  -  -  -  -  -  -  -  -  -  -  -  -  -  -  -  -  -  -





4 B >




                     -  -  -  -  -  -  -  -  -  -  -  -  -  -  -  -  -  -  W
                     -  -  -  -  -  -  -  -  -  -  -  -  -  -  -  -  -  -  W
                     -  -  -  -  -  -  W  -  -  -  -  -  -                 -  -  -  -  -  -  -  -  -  -  -  -  -  -  B  -  -  -  -  -  -  -
Ticks: 4             -  -  -  -  -  -  -  -  -  -  -  -  -  -  -  -  -  -  -
                     -  -  -  -  -  -  -  -  -  -  -  -  -  -  -  -  -  -  -
                     -  -  -  -  -  -  -  -  -  -  -  -  B  -  -  -  -  -  -
Black: 4             -  -  -  -  -  -  -  -  -  -  -  -  -  -  -  -  -  -  -
                     -  -  -  -  -  -  -  -  -  -  -  -  -  -  B  -  -  -  -
                     -  -  -  -  -  -  -  -  -  -  -  -  -  -  -  -  -  -  -
                     -  -  -  -  -  -  -  -  -  -  -  -  -  -  -  -  -  -  -
                     -  -  -  -  -  -  -  -  -  -  -  -  -  -  -  -  -  -  -
                     -  -  -  -  -  -  -  -  -  -  -  -  -  -  -  -  -  -  -
                     -  -  -  -  -  -  -  -  -  -  -  -  -  -  -  -  -  -  -





5 B >




                     -  -  -  -  -  -  -  -  -  -  -  -  -  -  -  -  -  -  W
                     -  -  -  -  -  -  -  -  -  -  -  -  -  -  -  -  -  -  W
                     -  -  -  -  -  -  W  -  -  B  -  -  -  -  -  -  -  -  W
                -  -  -
                     -  -  -  -  -  -  -  -  -  -  -  -  -  -  -  -
White: 5             -  -  -  -  -  -  -  -  -  -  -  -  -  -  -  -  -  -  -
                     -  -  -  -  -  -  -  -  -  -  -  -  -  -  -  -  -  -  -
                     -  -  -  -  -  -  -  -  -  -  -  B  -  -  -  -  -  -  -
Ticks: 5             -  -  -  -  -  -  -  -  -  -  -  -  -  -  -  -  -  -  -
                     -  -  -  -  -  -  -  -  -  -  -  -  -  -  -  -  -  -  -
                     -  -  -  -  -  -  -  -  -  -  -  -  B  -  -  -  -  -  -
Black: 5             -  -  -  -  -  -  -  -  -  -  -  -  -  -  -  -  -  -  -
                     -  -  -  -  -  -  -  -  -  -  -  -  -  -  B  -  -  -  -
                     -  -  -  -  -  -  -  -  -  -  -  -  -  -  -  -  -  -  -
                     -  -  -  -  -  -  -  -  -  -  -  -  -  -  -  -  -  -  -
                     -  -  -  -  -  -  -  -  -  -  -  -  -  -  -  -  -  -  -
                     -  -  -  -  -  -  -  -  -  -  -  -  -  -  -  -  -  -  -
                     -  -  -  -  -  -  -  -  -  -  -  -  -  -  -  -  -  -  -





6 B >




                     -  -  -  -  -  -  -  -  -   -  -  -  -  -  -  -  -  -  -  -  -  -
White: 6             -  -    -  -  -  -  -  -  -  -  -  -  -      -  -  -  -  -  -  -  -  -  -  -  B  -  -  -  -  -  -  -
Ticks: 6             -  -  -  -  -  -  -  -  -  -  -  -  -  -  -  -  -  -  -
                     -  -  -  -  -  -  -  -  -  -  -  -  -  -  -  -  -  -  -
                     -  -  -  -  -  -  -  -  -  -  -  -  B  -  -  -  -  -  -
Black: 6             -  -  -  -  -  -  -  -  -  -  -  -  -  -  -  -  -  -  -
                     -  -  -  -  -  -  -  -  -  -  -  -  -  -  B  -  -  -  B
                     -  -  -  -  -  -  -  -  -  -  -  -  -  -  -  -  -  -  -
                     -  -  -  -  -  -  -  -  -  -  -  -  -  -  -  -  -  -  -
                     -  -  -  -  -  -  -  -  -  -  -  -  -  -  -  -  -  -  -
                     -  -  -  -  -  -  -  -  -  -  -  -  -  -  -  -  -  -  -
                     -  -  -  -  -  -  -  -  -  -  -  -  -  -  -  -  -  -  -





7 B >




                     -  -  -  -  -  -  -  -  -  -  -  -  -  -  -  -  -  -  W
                     -  -  -  -  -  -  W  -  -  -  -  -  -  -  -  -  -  -  W
                     -  -  -  -  -  -  -  -  W  -  -  -  -  -  -  -  -  -  -  -  -  B  -  -  -  -  -  -  -
Ticks: 7             -  -  -  -  -  -  -  -  -  -  -  -  -  -  -  -  -  -  -
                     -  -  -  -  -  -  -  -  -  -  -  -  -  -  -  -  -  -  -
                     -  -  -  -  -  -  -  -  -  -  -  -  B  -  -  -  -  -  -
Black: 7             -  -  -  -  -  -  -  -  -  -  -  -  -  -  -  -  -  -  -
                     -  -  -  -  -  -  -  -  -  -  -  -  -  -  B  -  -  -  B
                     -  -  -  -  -  -  -  -  -  -  -  -  -  -  -  -  -  -  -
                     -  -  -  -  -  -  -  -  -  -  -  -  -  -  -  -  -  -  -
                     -  -  -  -  -  -  -  -  -  -  -  -  -  -  -  -  -  -  -
                     -  -  -  -  -  -  -  -  -  -  -  -  -  -  -  -  -  -  -
                     -  -  -  -  -  -  -  -  -  -  -  -  -  -  -  -  -  -  -





8 B >




                     -  -  -  -  -  -  -  -  -  -  -  -  -  -  -  -  -  -  W
                     -  -  -  -  -  -  W  -  -  -  -  -  -  -  -  -  -  -  W
                     -  -      -  -  -  -  -  -  -  -  -  -  -  -  -  -  -  -  -  -  -
          -  -  B  -  -  -  -  -  -  -   -  -  -
                     -   -  -  -  -  -  B  -  -  -  -  -  -
Black: 8             -  -  -  B  -  -  -  -  -  -  -  -  -  -  -  -  -  -  -
                     -  -  -  -  -  -  -  -  -  -  -  -  -  -  B  -  -  -  B
                     -  -  -  -  -  -  -  -  -  -  -  -  -  -  -  -  -  -  -
                     -  -  -  -  -  -  -  -  -  -  -  -  -  -  -  -  -  -  -
                     -  -  -  -  -  -  -  -  -  -  -  -  -  -  -  -  -  -  -
                     -  -  -  -  -  -  -  -  -  -  -  -  -  -  -  -  -  -  -
                     -  -  -  -  -  -  -  -  -  -  -  -  -  -  -  -  -  -  -





9 B >




                     -  -  -  -  -  -  -  -  -  -  -  -  -  -  -  -  -  -  W
                     -  -  -  -  -  -  W  -  -  -  -  -  -  -  -  -  - -  -  W  W  -  -  -  -  -
        -  -  -  -  -  B  -  -  -  -  -  -  -
Ticks: 9             -  -  -  -  -  -  -  -  -  -  -  -  -  -  -  -  -  -  -
                     -  -  -  -  -  -  -  -  -  -  -  -  -  -  -  -  -  -  -
                     -  -  -  -  -  -  -  -  -  -  -  -  B  -  -  -  -  -  -
Black: 9             -  -  -  B  -  -  -  -  -  -  -  -  -  -  -  -  -  -  -
                     -  -  -  -  -  -  -  B  -  -  -  -  -  -  B  -  -  -  B
                     -  -  -  -  -  -  -  -  -  -  -  -  -  -  -  -  -  -  -
                     -  -  -  -  -  -  -  -  -  -  -  -  -  -  -  -  -  -  -
                     -  -  -  -  -  -  -  -  -  -  -  -  -  -  -  -  -  -  -
                     -  -  -  -  -  -  -  -  -  -  -  -  -  -  -  -  -  -  -
                     -  -  -  -  -  -  -  -  -  -  -  -  -  -  -  -  -  -  -





10 B >




                     -  -  -  -  -  -  -  -  -  -  -  -  -  -  -  -  -  -  W
                     -  -  -  -  W  -  W  -  -  -  -  -  -  -  -  -  -   -  -  -  -
                                 -  -  -  -  -  -  -  -  -  -  -  B  -  -  -  -  -  -  -
Ticks: 10            -  -  -  -  -  -  -  -  -  -  -  -  -  -  -  -  -  -  -
                     -  -  -  -  -  -  -  -  -  -  -  -  -  -  -  -  -  -  -
                     -  -  -  -  -  -  -  -  -  -  -  -  B  -  -  -  -  -  -
Black: 10            -  -  -  B  -  -  -  -  -  -  -  -  -  -  -  -  -  -  -
                     -  -  -  -  -  -  -  B  -  -  -  -  -  -  B  -  -  -  B
                     -  -  -  -  -  -  -  -  -  -  -  -  -  -  -  -  -  -  -
                     -  -  -  -  -  -  -  -  -  -  -  -  -  -  -  -  -  -  -
                     -  -  -  -  -  -  -  -  -  -  -  -  -  B  -  -  -  -  -
                   -  -  -  -  -  -  -  -  -  -  -  -  -  -  -  -  -  -
                     -  -  -  -  -  -  -  -  -  -  -  -  -  -  -  -  -  -  -





11 B >




                     -  -  -  -  -  -  -  -  -  -  -  -  -  -  -  -  -  -  W
                     -  -  -  -  W  -  W  -  -  -  --  -  -  -  W
                           -  -  -  -  -  -  -  -  -  -  -  -  -  -  -  -  -  -  -  -  B  -  -  -  -  -  -  -
Ticks: 11            -  -  -  -  -  -  -  -  -  -  -  -  -  -  B  -  -  -  -
                     -  -  -  -  -  -  -  -  -  -  -  -  -  -  -  -  -  -  -
                     -  -  -  -  -  -  -  -  -  -  -  -  B  -  -  -  -  -  -
Black: 11            -  -  -  B  -  -  -  -  -  -  -  -  -  -  -  -  -  -  -
                     -  -  -  -  -  -  -  B  -  -  -  -  -  -  B  -  -  -  B
                     -  -  -  -  -  -  -  -  -  -  -  -  -  -  -  -  -  -  -
                     -  -  -  -  -  -  -  -  -  -  -  -  -  -  -  -  -  -  -
                     -  -  -  -  -  -  -  -  -  -  -  -  -  B  -  -  -  -  -
                     -  -  -  -  -  -  -  -  -  -  -  -  -  -  -  -  -  -  -
                     -  -  -  -  -  -  -  -  -  -  -  -  -  -  -  -  -  -  -





12 B >




                     -  -  -  -  -  -  -  -  -  -  -  -  -  -  -  -  -  -  W
                     -  -  -  -  W  -  W  -  -  -  -  -  -  -  -  -   -  -  -  -  W  W  W  W  -  B  -   -  -  -  -  -
                  -  -  -  -  -  -  -  W  W  -  -  -
                     -  -  -  -   -  -  -
White: 12            -  -  -  -  -  -  -  -  -  -  -  -  -  -  B  -  -  -  -
                     -  -  -  -  -  -  -  -  -  -  -  -  -  -  -  -  -  -  -
                     -  -  -  -  -  -  -  -  -  -  -  B  -  -  -  -  -  -  -
Ticks: 12            -  -  -  -  -  -  -  -  -  -  -  -  -  -  B  -  -  -  -
                     -  -  -  -  -  -  -  -  -  -  -  -  -  -  -  -  -  -  -
                     -  -  -  -  -  -  -  -  -  -  -  -  B  -  -  -  -  -  -
Black: 12            -  -  -  B  -  -  -  -  -  -  -  -  -  -  -  -  -  -  -
                     -  -  -  -  -  -  -  B  -  -  -  -  -  -  B  -  -  -  B
                     -  -  -  -  -  -  -  -  -  -  -  -  -  -  -  -  -  -  -
                     -  -  -  -  -  -  -  -  -  -  -  -  -  -  -  -  -  -  -
                     -  -  -  -  -  -  -  -  -  -  -  -  -  B  -  -  -  -  -
                     -  -  -  -  -  -  -  -  -  -  -  -  -  -  -  -  -  -  -
                     -  -  -  -  -  -  -  -  -  -  -  -  -  -  -  -  -  -  -





13 B >




                     -  -  -  -  -  -  -  -  -  -  -  -  -  -  -  -  -  -  W
   -  -  -  -  -  -  -  -  -  -  -              -  -  B  -  -  -  - -  -  -  W  W  -  -  -  -  -
                     -  -  -  -  -  -  -  -  B  -  -  -  -  -  -  -  - -  -  -  -  -  -  -  -  -  -  --  -  -  -  -  -  -  -  -  -  B  -  -  -  -  -  -  -
Ticks: 13            -  -  -  -  -  -  -  -  -  -  -  -  -  -  B  -  -  -  -
                     -  -  -  -  -  -  -  -  -  -  -  -  -  -  -  -  -  -  -
                     -  -  -  -  -  -  -  -  -  -  -  -  B  -  -  -  -  -  -
Black: 13            -  -  -  B  -  -  -  -  -  -  -  -  -  -  -  -  -  -  -
                     -  -  -  -  -  -  -  B  -  -  -  -  -  -  B  -  -  -  B
                     -  -  -  -  -  -  -  -  -  -  -  -  -  -  -  -  -  -  -
                     -  -  -  -  -  -  -  -  -  -  -  -  -  -  -  -  -  -  -
                     -  -  -  -  -  -  -  -  -  -  -  -  -  B  -  -  -  -  -
                     -  -  -  -  -  -  -  -  -  -  -  -  -  -  -  -  -  -  -
                     -  -  -  -  -  -  -  -  -  -  -  -  -  -  -  -  -  -  -





14 B >




                     -  -  -  -  B  -  -  -  -  -  -  -  -  -  -  -  -  -  W
                     -  -  -  -  W  -  -  -  -  -  -  -  W
              -  -  -  -  W  -  -  -  -  -  -  -  -  -  -  -  -  -  W
     -  -  -  B  -  -  -  -
           -  -  B  -  -  -  -  -  -  -
Ticks: 14            -  -  -  -  -  -  -  -  -  -  -  -  -  -  B  -  -  -  -
                     -  -  -  -  -  -  -  -  -  -  -  -  -  -  -  -  -  -  -
                     -  -  -  -  -  -  -  -  -  -  -  -  B  -  -  -  -  -  -
Black: 14            -  -  -  B  -  -  -  -  -  -  -  -  -  -  -  -  -  -  -
                     -  -  -  -  -  -  -  B  -  -  -  -  -  -  B  -  -  -  B
                     -  -  -  -  -  -  -  -  -  -  -  -  -  -  -  -  -  -  -
                     -  -  -  -  -  -  -  -  -  -  -  -  -  -  -  -  -  -  -
                     -  -  -  -  -  -  -  -  -  -  -  -  -  B  -  -  -  -  -
                     -  -  -  -  -  -  -  -  -  -  -  -  -  -  -  -  -  -  -
                     -  -  -  -  -  -  -  -  -  -  -  -  -  -  -  -  -  -  -





15 B >15 B >




                     -  -  -  -  B  -  -  -  -  -  -  -  -  -  -  -  -  -  W
                     -  -  -  -  W  -  W  B  -  -  -  -  -  -  -  -  -  -  W
                     -  -  -  -  -  -  -
White: 15   -  -  -  -  -  -  B  -  -  -  -  -  -  -
Ticks: 15            -  -  -  -  -  -  -  -  -  -  -  -  -  -  B  -  -  -  -
                     -  -  -  -  -  -  -  -  -  -  -  -  -  -  -  -  -  -  -
                     -  -  -  -  -  -  -  -  -  -  -  -  B  -  -  -  -  -  -
Black: 15            -  -  -  B  -  -  -  -  -  -  -  -  -  -  -  -  -  -  -
                     -  -  -  -  -  -  B  B  -  -  -  -  -  -  B  -  -  -  B
                     -  -  -  -  -  -  -  -  -  -  -  -  -  -  -  -  -  -  -
                     -  -  -  -  -  -  -  -  -  -  -  -  -  -  -  -  -  -  -
                     -  -  -  -  -  -  -  -  -  -  -  -  -  B  -  -  -  -  -
                     -  -  -  -  -  -  -  -  -  -  -  -  -  -  -  -  -  -  -
                     -  -  -  -  -  -  -  -  -  -  -  -  -  -  -  -  -  -  -





16 B >




                     -  -  -  -  B  -  -  -  -  -  -  -  -  -  -  -  -  -  W
                     -  -  -  -  W  -  W  B  -  -  -  -  -  -  -  -  -  -  -  -  -  -  -  -  -  -
Whit B  -  -  -  -  -  -  -
Ticks: 16            -  -  -  -  -  -  -  -  -  -  -  -  -  -  B  -  -  -  -
                     -  -  -  -  -  -  -  -  -  -  -  -  -  -  -  -  -  -  -
                     -  -  -  -  -  -  -  -  -  -  -  -  B  -  -  -  -  -  -
Black: 17            -  -  -  B  -  -  -  -  -  -  -  -  -  -  -  -  -  -  -
                     -  -  -  -  -  -  B  B  -  -  -  -  B  -  B  -  -  -  B
                     -  -  -  -  -  -  -  -  -  -  -  -  -  -  -  -  -  -  -
                     -  -  -  -  -  -  -  -  -  -  -  -  -  -  -  -  -  -  -
                     -  -  -  -  -  -  -  -  -  -  -  -  -  B  -  -  -  -  -
                     -  -  -  -  -  -  -  -  -  -  -  -  -  -  -  -  -  -  -
                     -  -  -  -  -  -  -  -  -  -  -  -  -  -  -  -  -  -  -





17 B >




                     -  -  -  -  B  -  -  -  -  -  -  -  -  -  -  -  -  -  W
                     -  -  -  W  W  -  W  B  -  -  -  -  -  -  -  -  -  -  -  -  W  W  W  W  -  B  -   -  -  -  -  W
                   -  -  -
                     - -  -  -  -  -  -  -
Ticks: 17            -  -  -  -  -  -  -  -  -  -  -  -  -  -  B  -  -  -  -
                     -  -  -  -  -  -  -  B  -  -  -  -  -  -  -  -  -  -  -
                     -  -  -  -  -  -  -  -  -  -  -  -  B  -  -  -  -  -  -
Black: 18            -  -  -  B  -  -  -  -  -  -  -  -  -  -  -  -  -  -  -
                     -  -  -  -  -  -  B  B  -  -  -  -  B  -  B  -  -  -  B
                     -  -  -  -  -  -  -  -  -  -  -  -  -  -  -  -  -  -  -
                     -  -  -  -  -  -  -  -  -  -  -  -  -  -  -  -  -  -  -
                     -  -  -  -  -  -  -  -  -  -  -  -  -  B  -  -  -  -  -
                     -  -  -  -  -  -  -  -  -  -  -  -  -  -  -  -  -  -  -
                     -  -  -  -  -  -  -  -  -  -  -  -  -  -  -  -  -  -  -





18 B >18 B >




                     -  -  -  -  B  -  -  -  -  -  -  -  -  -  -  -  -  -  W
                     -  -  -   W  W  W  -  B  -  -  -  -  -  - -  B  -  W  -  -  -  -  -  -  -   -  -  -  -
White: 18              -  -  -  -  -  -  -  -  -  -  - -  -  -  -  -  -  B  -  -  -  -  -  -  -
Ticks: 18            -  -  -  -  -  -  -  -  -  -  -  -  -  -  B  -  -  -  -
                     -  -  -  -  -  -  -  B  -  -  -  -  -  -  -  -  -  -  -
                     -  -  -  -  -  -  -  -  -  -  -  -  B  -  -  -  -  -  -
Black: 19            -  -  -  B  -  -  -  -  -  -  -  -  -  -  -  -  -  -  -
                     -  -  -  -  -  -  B  B  B  -  -  -  B  -  B  -  -  -  B
                     -  -  -  -  -  -  -  -  -  -  -  -  -  -  -  -  -  -  -
                     -  -   -  -  -  -  -  -  -  -  -  -  -  -  -  B  -  -  -  -  -
                     -  -  -  -  -  -  -  -  -  -  -  -  -  -  -  -  -  -  -
                     -  -  -  -  -  -  -  -  -  -  -  -  -  -  -  -  -  -  -





19 B >




                     -  -  -  -  B  -  -  -  - -  -  -  -  -  -  -  -  W  -  -  -  -  -  B  -  -  -  W  -  -  -   -  -  -  -  -  -  -  -
                  -  -  -  -  -  -  -  -  -  -  -  -  -  -  B  -  -  -  -
                     -  -  -  -  -  -  -  B  -  -  -  -  -  -  -  -  -  -  -
                     -  -  -  -  -  -  -  -  -  -  -  -  B  -  -  -  -  -  -
Black: 20            -  -  -  B  -  -  -  -  -  -  -  -  -  -  -  -  -  -  -
                     -  -  -  -  -  -  B  B  B  -  -  -  B  -  B  -  -  -  B
                     -  -  -  -  -  -  -  -  -  -  -  -  -  -  -  -  -  -  -
                     -  -  -  -  -  -  -  -  -  -  -  -  -  -  -  -  -  -  -
                     -  -  -  -  -  -  -  -  -  -  -  -  -  B  -  -  -  -  -
                     -  -  -  -  -  -  -  -  -  -  -  -  -  -  -  -  -  -  -
                     -  -  -  -  -  -  -  -  -  -  -  -  -  -  -  -  -  -  -





20 B >




                     -  -  -  -  B  -  -  -  -  -  -  -  -  -  -  -  -  W  W
                      -  W  B  -  -  -  -  -  -  -  W
                     -  -    -  -  -  -  -  -  -  -  -  -  W-  -
Ticks: 20            -  -  -  -  -  -  -  -  -  -  -  -  -  -  B  -  -  -  -
                     -  -  -  -  -  -  -  B  -  -  -  -  -  -  -  -  -  -  -
                     -  -  -  -  -  -  -  -  -  -  -  -  B  -  -  -  -  -  -
Black: 22            -  -  -  B  -  -  -  -  -  -  -  -  -  -  -  -  -  -  -
                     -  -  -  -  -  -  B  B  B  -  -  -  B  -  B  -  -  -  B
                     -  -  -  -  -  -  -  -  -  -  -  -  -  -  -  -  -  -  -
                     -  -  -  -  -  -  -  -  -  -  -  -  -  -  -  -  -  -  -
                     -  -  -  -  -  -  -  -  -  -  -  -  -  B  -  -  -  -  -
                     -  -  -  -  -  -  -  -  -  -  -  -  -  -  -  -  -  -  -
                     -  -  -  -  -  -  -  -  -  -  -  -  -  -  -  -  -  -  -





21 B >




                     -  -  -  -  B  -  -  -  -  -  -  -  -  -  -  -  -  W  W
                     -  -  -  W  W  -  W  B  -  -  -  -  -  -  -  -  -  -  W
                     -  -e: 21            B  -  -  -  -  -  -  -  -  -  W  -  B  -  -  -  -
                     -  -  -  -  -  -  -  -  -  -  -  -  -  -  -  -  -  -  -
                -  -  -  -  -  -  -
Ticks: 21            -  -  -  -  -  -  -  -  -  -  -  -  -  -  B  -  -  -  -
                     -  -  -  -  -  -  -  B  -  -  -  -  -  -  -  -  -  -  -
                     -  -  -  -  -  -  -  -  -  -  -  -  B  -  -  -  -  -  -
Black: 23            -  -  -  B  -  -  -  -  -  -  -  -  -  -  -  -  -  -  -
                     -  -  -  -  -  -  B  B  B  -  -  -  B  -  B  -  -  -  B
                     -  -  -  -  -  -  -  -  -  -  -  -  -  -  B  -  -  -  -
                     -  -  -  -  -  -  -  -  -  -  -  -  -  -  -  -  -  -  -
                     -  -  -  -  -  -  -  -  -  -  -  -  -  B  -  -  -  -  -
                     -  -  -  -  -  -  -  -  -  -  -  -  -  -  -  -  -  -  -
                     -  -  -  -  -  -  -  -  -  -  -  -  -  -  -  -  -  -  -





22 B >




                     -  -  -  -  B  -  -  -  -  -  -  -  -  -  -  -  -  W  W
                     -  -  -  W  W  -  W  B  -  -  -  -  -  -  -  -  -  -  W
                     -  -  -  -  W  W  W  W  -  B  -  -  -  -  -  -  -  W  -  -  -  B  -  -  -  W  -  -  -  B  -  -  -  -  -  -  -
Ticks: 22            -  -  -  -  -  -  -  -  -  -  -  -  -  -  B  -  -  -  -
                     -  -  -  -  -  -  -  B  -  -  -  -  -  -  -  -  -  -  -
                     -  -  -  -  -  -  -  -  -  -  -  -  B  -  -  -  -  -  -
Black: 24            -  -  -  B  -  -  -  -  -  -  -  -  -  -  -  -  -  -  -
                     -  -  -  -  -  -  B  B  B  -  -  -  B  -  B  -  B  -  B
                     -  -  -  -  -  -  -  -  -  -  -  -  -  -  B  -  -  -  -
                     -  -  -  -  -  -  -  -  -  -  -  -  -  -  -  -  -  -  -
                     -  -  -  -  -  -  -  -  -  -  -  -  -  B  -  -  -  -  -
                     -  -  -  -  -  -  -  -  -  -  -  -  -  -  -  -  -  -  -
                     -  -  -  -  -  -  -  -  -  -  -  -  -  -  -  -  -  -  -





23 B >23 B >




                     -  -  -  -  B  -  -  -  -  -  -  -  W  W
           -  -  -  -  -  W
                     -  -  -  -  W  W  W  W  -  B    -  -  -  -  -  W
                W  W  -  -  -
                                       B  -  -  -  -  -  -  -  -  -  -  B  -  -  -  -  -  -  -
Ticks: 23            -  -  -  -  -  -  -  -  -  -  -  -  -  -  B  -  -  -  -
                     -  -  -  -  -  -  -  B  -  -  -  -  -  -  -  -  -  -  -
                     -  -  -  -  -  -  -  -  -  -  -  -  B  -  -  -  -  -  -
Black: 25            -  -  -  B  -  -  -  -  -  -  -  -  -  -  -  -  -  -  -
                     -  -  -  -  -  -  B  B  B  -  -  -  B  -  B  -  B  -  B
                     -  -  -  -  -  -  -  -  -  -  -  -  -  -  B  -  -  -  -
                     -  -  -  -  -  -  -  -  -  -  -  -  -  -  -  -  -  -  -
                     -  -  -  -  -  -  -  -  -  -  -  -  -  B  -  -  -  -  -
                     -  -  -  -  -  -  -  -  -  -  -  -  -  -  -  -  -  -  -
                     -  -  -  -  -  -  -  -  -  -  -  -  -  -  -  -  -  -  -





24 B >




                     -  -  -  -  B  -  -  -  -  -  -  -  -  -  -  -  -  W  W
          -  -  -  W  W  -  W  B  -  -  -  W  -  W  -  -  -  -
White:        -  -  -  -  -  -  -  -  -  -  -  -  -
                     B  -  -  -  -  -  -  -  -  -  -  B  -  -  -  -  -  -  -
Ticks: 24            -  -  -  -  -  -  -  -  -  -  -  -  -  -  B  -  -  -  -
                     -  -  -  -  -  -  -  B  -  -  -  -  -  -  -  -  -  -  -
                     -  -  -  -  -  -  -  -  -  -  -  -  B  -  -  -  -  -  -
Black: 26            -  -  -  B  -  -  -  -  -  -  -  -  -  -  -  -  -  -  -
                     -  -  -  -  -  -  B  B  B  -  -  -  B  -  B  -  B  -  B
                     -  -  -  -  -  -  -  -  -  -  -  -  -  -  B  -  -  -  -
                     -  -  -  -  -  -  -  -  -  -  -  -  -  -  -  -  -  -  -
                     -  -  -  -  -  -  -  -  -  -  -  -  -  B  -  -  -  -  -
                     -  -  -  -  -  -  -  -  -  -  -  -  -  -  -  -  -  -  -
                     -  -  -  -  B  -  -  -  -  -  -  -  -  -  -  -  -  -  -





25 B >25 B >25 B >




                     -  -  -  -  B  -  -        -  -  -  W  W  -  W  B  -  B  -  -  -  W  -  W  -  -      B  -  -  -  -  -  -  -  -  -  -  B  -  -  -  -  -  -  -
Ticks: 25            -  -  -  -  -  -  -  -  -  -  -  -  -  -  B  -  -  -  -
                     -  -  -  -  -  -  -  B  -  -  -  -  -  -  -  -  -  -  -
                     -  -  -  -  -  -  -  -  -  -  B  -  B  -  -  -  -  -  -
Black: 27            -  -  -  B  -  -  -  -  -  -  -  -  -  -  -  -  -  -  -
                     -  -  -  -  -  -  B  B  B  -  -  -  B  -  B  -  B  -  B
                     -  -  -  -  -  -  -  -  -  -  -  -  -  -  B  -  -  -  -
                     -  -  -  -  -  -  -  -  -  -  -  -  -  -  -  -  -  -  -
                     -  -  -  -  -  -  -  -  -  -  -  -  -  B  -  -  -  -  -
                     -  -  -  -  -  -  -  -  -  -  -  -  -  -  -  -  -  -  -
                     -  -  -  -  B  -  -  -  -  -  -  -  -  -  -  -  -  -  -





26 B >




                     -  -  -  -  B  -  -  -  -  -  -  -  -  -  -  -  -  W  W
                     -  -  -  W  W  -  W  B  -  -  -  -  -  -  -  -  -  -  W
                     -  -  -  -     B  -  -  -  -  -  -  -  -  -  -  B  -  -  -  -  -  -  -
Ticks: 26            -  -  -  -  -  -  -  -  -  -  -  -  -  -  B  -  -  -  -
                     -  -  -  -  -  -  -  B  -  -  -  -  -  -  -  -  -  -  -
                     -  -  -  -  -  -  -  -  -  -  B  -  B  -  -  -  -  -  -
Black: 27            -  -  -  B  -  -  -  -  -  -  -  -  -  -  -  -  -  -  -
                     -  -  -  -  -  -  B  B  B  -  -  -  B  -  B  -  B  -  B
                     -  -  -  -  -  -  -  -  -  -  -  -  -  -  B  -  -  -  -
                     -  -  -  -  -  -  -  -  -  -  -  -  -  -  -  -  -  -  -
                     -  -  -  -  -  -  -  -  -  -  -  -  -  B  -  -  -  -  -
                     -  -  -  -  -  -  -  -  -  -  -  -  -  -  -  -  -  -  -
                     -  -  -  -  B  -  -  -  -  -  -  -  -  -  -  -  -  -  -





27 B >




                     -  -  -  -  B  -  -  -  -  -  -  -  -  -  -  -  -  W  W
                     -  -  -  W  W           -  -  -  -  W  W  W  W   -  -  -  W  W  W  -  B  -  B  -  -  -  -  -  -  -  -  -  -  B  -  -  -  -  -  -  -
Ticks: 27            -  -  -  -  -  -  -  -  -  -  -  -  -  -  B  -  -  -  -
                     -  -  -  -  -  -  -  B  -  -  -  -  -  -  -  -  -  -  -
                     -  -  -  -  -  -  -  -  -  -  B  -  B  -  -  -  -  -  -
Black: 28            -  -  -  B  -  -  -  -  -  -  -  -  -  -  -  -  -  -  -
                     -  -  -  -  -  -  B  B  B  -  -  -  B  -  B  -  B  -  B
                     -  -  -  -  -  -  -  -  -  -  -  -  -  -  B  -  -  -  -
                     -  -  -  -  -  -  -  -  -  -  -  -  -  -  -  -  -  -  -
                     -  -  -  -  -  -  -  -  -  -  -  -  -  B  -  -  -  -  -
                     -  -  -  -  -  -  -  -  -  -  -  -  -  -  -  -  -  -  -
                     -  -  -  -  B  -  -  -  -  -  -  -  -  -  -  -  -  -  -





28 B >




                     -  -  -  -  B  -  -  -  -  -  -  -  -  -  -  B  W  W  W
                     -  -  -  W  W  -  W  B  -  -  -  -  -  -  -  -    -  -  -  -  -  -  -  -  W
           -  -  B  -  W  -  -  -  -  -W  W  -  -  -
                     -  -  W  B  -  -  B  -  -  -  W  -  W  --  -
White: 28            B  -  -  -  -  -  -  -  -  -  W  W  W  -  B  -  B  -  -
                     -  -  -  -  -  -  -  -  -  -  -  -  W  -  -  -  -  -  -
                     B  -  -  -  -  -  -  -  -  -  -  B  -  -  -  -  -  -  -
Ticks: 28            -  -  -  -  -  -  -  -  -  -  -  -  -  -  B  -  -  -  -
                     -  -  -  -  -  -  -  B  -  -  -  -  -  -  -  -  -  -  -
                     -  -  -  -  -  -  -  -  -  -  B  -  B  -  -  -  -  -  -
Black: 29            -  -  -  B  -  -  -  -  -  -  -  -  -  -  -  -  -  -  -
                     -  -  -  -  -  -  B  B  B  -  -  -  B  -  B  -  B  -  B
                     -  -  -  -  -  -  -  -  -  -  -  -  -  -  B  -  -  -  -
                     -  -  -  -  -  -  -  -  -  -  -  -  -  -  -  -  -  -  -
                     -  -  -  -  -  -  -  -  -  -  -  -  -  B  -  -  -  -  -
                       -  -  -  -  -  -  -  -   -  -  -  -  -  -  -  -  -





29 B >




                     -  -  -  -  B  -  W  -  -  -  -     -  -  B  -  W  -  -  -  -  -   -  -  -  -  -  -  -  B  -  -  -  -  -  -  -
Ticks: 29            -  -  -  -  -  -  -  -  -  -  -  -  -  -  B  -  -  -  -
                     -  -  -  -  -  -  -  B  -  -  -  -  -  -  -  -  -  -  -
                     -  -  -  -  -  -  B  -  -  -  B  -  B  -  -  -  -  -  -
Black: 37            -  -  -  B  -  -  -  -  -  -  -  -  -  -  -  -  -  -  -
                     -  -  -  -  -  -  B  B  B  -  -  -  B  -  B  -  B  -  B
                     -  -  -  -  -  -  -  -  -  -  -  -  -  -  B  -  -  -  -
                     -  -  -  -  -  -  -  -  -  -  -  -  -  -  -  -  -  -  -
                     -  -  -  -  -  -  -  -  -  -  -  -  -  B  -  -  -  -  -
                     -  -  -  -  -  -  -  -  -  -  -  -  -  -  -  -  -  -  -
                     -  -  -  -  B  -  -  -  -  -  -  -  -  -  -  -  -  -  -





30 B >30 B >




                     -  -  -  -  B  -  W  -  -  -  -  -  -  -  -  B  W  W  W
                     -  -  -  W  W  -  W  B  -  -  -  -  -  -  -  -            -  -  -  -  W  B  -  -  -  -  -  -  -  -  B  -  -  -  -  -  -  -
Ticks: 30            -  -  -  -  -  -  -  -  -  -  -  -  -  -  B  -  B  -  -
                     -  -  -  -  -  -  -  B  -  -  -  -  -  -  -  -  -  -  -
                     -  -  -  -  -  -  B  -  -  -  B  -  B  -  -  -  -  -  -
Black: 37            -  -  -  B  -  -  -  -  -  -  -  -  -  -  -  -  -  -  -
                     -  -  -  -  -  -  B  B  B  -  -  -  B  -  B  -  B  -  B
                     -  -  -  -  -  -  -  -  -  -  -  -  -  -  B  -  -  -  -
                     -  -  -  -  -  -  -  -  -  -  -  -  -  -  -  -  -  -  -
                     -  -  -  -  -  -  -  -  -  -  -  -  -  B  -  -  -  -  -
                     -  -  -  -  -  -  -  -  -  -  -  -  -  -  -  -  -  -  -
                     -  -  -  -  B  -  -  -  -  -  -  -  -  -  -  -  -  -  -





31 B >




                     -  -  -  -  B  -  W  -  -  -  -  -  -  -  -  B  W  W  W
                     -  -  -  W  W  -  W  B  -  -  -  -  -  -  -  -   W  -  -  -  -
White: 31                 B  -  -  -  -  -  -  -  -  -  -  B  -  -  -  -  -  -  -
Ticks: 31            -  -  -  -  -  -  -  -  -  -  -  -  -  -  B  -  B  -  -
                     -  -  -  -  -  -  -  B  -  -  -  -  -  -  -  -  -  -  -
                     -  -  -  -  -  -  B  -  -  -  B  -  B  -  -  -  -  -  -
Black: 38            -  -  -  B  -  -  -  -  -  -  -  -  -  -  -  -  -  -  -
                     -  -  -  -  -  -  B  B  B  -  -  -  B  -  B  -  B  -  B
                     -  -  -  -  -  -  -  -  -  -  -  -  -  -  B  -  -  -  -
                     -  -  -  -  -  -  -  -  -  -  -  -  -  -  -  -  -  -  -
                     -  -  -  -  -  -  -  -  -  -  -  -  -  B  -  -  -  -  -
                     -  -  -  -  -  -  -  -  -  -  -  -  -  -  -  -  -  -  -
                     -  -  -  B  B  -  -  -  -  -  -  -  -  -  -  -  -  -  -





32 B >




                     -  -  -  -  B  -  W  -  -  -  -  -  -  -  -  B  W  W  W
                     -  -  -  W  W  -  W  B  -  -  -  -  -  -  -  -   -  W  W  W  W  W  B  -  -  -  - -  W
                     -  -  B -  -  -  -  -  W  W  W  W  -  -                  -  -  -  W  W  B   -  -  -  -  -  -  -  W  W  W  - -  -  -  -  -  -  -
                     -  -  -  -  -  -  B  B  -  -  B  -  B  -  -  -  -  -  -
Black: 40            -  -  -  B  -  -  -  -  -  -  -  -  -  -  -  -  -  -  -
                     -  -  -  -  -  -  B  B  B  -  -  -  B  -  B  -  B  -  B
                     -  -  -  -  -  -  -  -  -  -  -  -  -  -  B  -  -  -  -
                     -  -  -  -  -  -  -  -  -  -  -  -  -  -  -  -  -  -  -
                     -  -  -  -  -  -  -  -  -  -  -   -  -  -  -  -  -
                     -  -  -  B  B  -  -  -  -  -  -  -  -  -  -  -  -  -  -





33 B >




                     -  -  -  -  B  -  W  -  -  -  -  -  -  -  -  -  -  W  W  W  W  - te: 33            B  -  -  -  -  --  -  W  W  W  W  -  B  -  B  -        B  -  -  -  -  -  -  -  -  -  -  B  -  -  -  -  -  -  -
Ticks: 33            -  -  -  -  -  -  -  -  -  -  -  -  -  -  B  -  B  -  -
                     -  -  -  -  -  -  -  B  -  -  -  -  -  -  -  -  -  -  -
                     -  -  -  -  -  -  B  B  -  -  B  -  B  -  -  -  -  -  -
Black: 49            -  -  -  B  -  -  -  -  -  -  -  -  -  -  -  -  -  B  -
                     -  -  -  -  -  -  B  B  B  -  -  -  B  -  B  -  B  -  B
                     -  -  -  -  -  -  -  -  -  -  -  -  -  -  B  -  -  -  -
                     -  -  -  -  -  -  -  -  -  -  -  -  -  -  -  -  -  -  -
                     -  -  -  -  -  -  -  -  -  -  -  -  -  B  -  -  -  -  -
                     -  -  -  -  -  -  -  -  -  -  -  -  -  -  -  -  -  -  -
                     -  -  -  B  B  -  -  -  -  -  -  -  -  -  -  -  -  -  -





34 B >




                     -  -  -  -  B  -  W  -  -  -  - -  W  B  -  -  -  -  -  -  -  -  
                     -  -  -  -  W  W  W  W  W  B  -  -  -  -  -  -  -  -  W
                     -  -  -  W  W  -  -  W  -  -   -  -  W  W  B  -  -  B  -  -  --  -  -  -  -  B  -  -  -  -  -  -  -
Ticks: 34            -  -  -  -  -  -  -  -  -  -  -  -  -  -  B  -  B  -  -
                     -  -  -  -  -  -  -  B  -  -  -  -  -  -  -  -  -  -  -
                     -  -  -  -  -  -  B  B  -  -  B  -  B  -  -  -  B  -  -
Black: 50            -  -  -  B  -  -  -  -  -  -  -  -  -  -  -  -  -  B  -
                     -  -  -  -  -  -  B  B  B  -  -  -  B  -  B  -  B  -  B
                     -  -  -  -  -  -  -  -  -  -  -  -  -  -  B  -  -  -  -
                     -  -  -  -  -  -  -  -  -  -  -  -  -  -  -  -  -  -  -
                     -  -  -  -  -  -  -  -  -  -  -  -  -  B  -  -  -  -  -
                     -  -  -  -  -  -  -  -  -  -  -  -  -  -  -  -  -  -  -
                     -  -  -  B  B  -  -  -  -  -  -  -  -  -  -  -  -  -  -





35 B >




                     -  -  -  -  B  -  W  -  -  -  -  -  -  -  -  B  W  W  W
                     -  -  -  W  W  -  W  B  -  -  -  -  -  -  -  -  -  -  W
                     -  -  -  -  W  W  W  W  W  B  -  -  -  -  -  B  -  W  -  W  -  W  -  --  -
White: 35            B  -  - -  -  -  -  -  -  -  B  -  -  -  -  -  -  -
Ticks: 35            -  -  -  -  -  -  -  -  -  -  -  -  -  -  B  -  B  -  -
                     -  -  -  -  -  -  -  B  -  -  -  -  -  -  -  -  -  -  -
                     -  -  -  -  -  -  B  B  -  -  B  -  B  -  -  -  B  -  -
Black: 51            -  -  -  B  -  -  -  -  -  -  -  -  -  -  -  -  -  B  -
                     -  -  -  -  -  -  B  B  B  -  -  -  B  -  B  -  B  -  B
                     -  -  -  -  -  -  -  -  -  -  -  -  -  -  B  -  -  -  -
                     -  -  -  -  -  -  -  -  -  -  -  -  -  -  -  -  -  -  -
                     -  -  -  -  -  -  -  -  -  B  -  -  -  B  -  -  -  -  -
                     -  -  -  -  -  -  -  -  -  -  -  -  -  -  -  -  -  -  -
                     -  -  -  B  B  -  -  -  -  -  -  -  -  -  -  -  -  -  -





36 B >




                     -  -  -  -  B  -  W  -  -  -  -  -  -  -  -  B  W  W  W
                     -  -  -  W  W    W  W  W  W  W  B  -  -  -  -  - W  -  B  -  B  -  -
                     B  -  -  -  -  -  -  -  -  -  -  B  -  -  -  -  -  -  -
Ticks: 36            -  -  -  -  -  -  -  -  -  -  -  -  -  -  B  -  B  -  -
                     -  -  -  -  -  -  -  B  -  -  -  -  -  -  -  -  -  -  -
                     -  -  -  -  -  -  B  B  -  -  B  -  B  -  -  -  B  -  -
Black: 52            -  -  B  B  -  -  -  -  -  -  -  -  -  -  -  -  -  B  -
                     -  -  -  -  -  -  B  B  B  -  -  -  B  -  B  -  B  -  B
                     -  -  -  -  -  -  -  -  -  -  -  -  -  -  B  -  -  -  -
                     -  -  -  -  -  -  -  -  -  -  -  -  -  -  -  -  -  -  -
                     -  -  -  -  -  -  -  -  -  B  -  -  -  B  -  -  -  -  -
                     -  -  -  -  -  -  -  -  -  -  -  -  -  -  -  -  -  -  -
                     -  -  -  B  B  -  -  -  -  -  -  -  -  -  -  -  -  -  -





37 B >




                     -  -  -  -  B  -  W  -  -  -  -    -  B  -  W  -  -  -  -  -  -  -W  -  -  -  -
White: 37            -  W  -  -  -  -  W  W  -
                     B  -  -  -  -  -  -  -  -  -  -  B  -  -  -  -  -  -  -
Ticks: 37            -  -  -  -  -  -  -  -  -  -  -  -  -  -  B  -  B  -  -
                     -  -  -  -  -  -  -  B  -  -  -  -  -  -  -  -  -  -  -
                     -  -  -  -  -  -  B  B  -  -  B  -  B  -  -  -  B  -  -
Black: 52            -  -  B  B  -  -  -  -  -  -  -  -  -  -  -  -  -  B  -
                     -  -  -  -  -  -  B  B  B  -  -  -  B  -  B  -  B  -  B
                     -  -  -  -  -  -  -  -  -  -  -  -  -  -  B  -  -  -  -
                     -  -  -  -  -  -  -  -  -  -  -  -  -  -  -  -  -  -  -
                     -  -  -  -  -  -  -  -  -  B  -  -  -  B  -  -  -  -  -
                     -  -  -  -  -  -  -  -  -  -  -  -  -  -  -  -  -  -  -
                     -  -  -  B  B  -  -  -  -  -  -  -  -  -  -  -  -  -  -





38 B >




                     -  -  -  -  B  -  W  -  -  -  -   -  W
                     -  -  B  -  -  -  W  -  -  -  -  W  W -  -  -  -  -  -
Ticks: 38            -  -  -  -  -  -  -  -  -  -  -  -  -  -  B  -  B  -  -
                     -  -  -  -  -  -  -  B  -  -  -  -  -  -  -  -  -  -  -
                     -  -  -  -  -  -  B  B  -  -  B  -  B  -  -  -  B  -  -
Black: 53            -  -  B  B  -  -  -  -  -  -  -  -  -  -  -  -  -  B  -
                     -  -  -  -  -  -  B  B  B  -  -  -  B  -  B  -  B  -  B
                     -  -  -  -  -  -  -  -  -  -  -  -  -  -  B  -  -  -  -
                     -  -  -  -  -  -  -  -  -  -  -  -  -  -  -  -  -  -  -
                     -  -  -  -  -  -  -  -  -  B  -  -  -  B  -  -  -  -  -
                     -  -  -  -  -  -  -  -  -  -  -  -  -  -  -  -  -  -  -
                     -  -  -  B  B  -  -  -  -  -  -  -  -  -  -  -  -  -  -





39 B >




                     -  -  -  -  B  -  W  -  -  -  -  -  -  -  -  B  W  W  W
                     -  -  -  W  W       -  -  -  W  W  -  -  W  -  -                     -  -  -  -  -  -  -  -  -  W  -  W  W  -
                     B  -  -  -  -  -  -  -  -  -  -  B  -  -  -  -  -  -  -
Ticks: 39            -  -  -  -  -  -  -  -  -  -  -  -  -  -  B  -  B  -  -
                     -  -  -  -  -  -  -  B  -  -  -  -  -  -  -  -  -  -  -
                     -  -  -  -  -  -  B  B  -  -  B  -  B  -  -  -  B  -  -
Black: 48            -  -  B  B  -  -  -  -  -  -  -  -  -  -  -  -  -  B  -
                     -  -  -  -  -  -  B  B  B  -  -  -  B  -  B  -  B  -  B
                     -  -  -  -  -  -  -  -  -  -  -  -  -  -  B  -  -  -  -
                     -  -  -  -  -  -  -  -  -  -  -  -  -  -  -  -  -  -  -
                     -  -  -  -  -  -  -  -  -  B  -  -  -  B  -  -  -  B  -
                     -  -  -  -  -  -  -  -  -  -  -  -  -  -  -  -  -  -  -
                     -  -  -  B  B  -  -  -  -  -  -  -  -  -  -  -  -  -  -





40 B >




                     -  -  -  -  B  -  W  -  -  -  -  -  -  -  -  B  W  W  W
                     -  -  -  W  W  -  W  B  -  -  -  -  -  -  -  -  -  -  W
                     -  -  -  -  W  W  W  W  W  B  -  -  -  -  -  -  -  -  W  -  -  W  -  W
                 -  -  -
White: 40            B  -  -  -  W  -  -  -  -  W  W  W  W  -  B  -  B  B  -
                     -  -  -  -  -  -  -  -  -  -  W  -  W  W  -  -  -  -  -
                     B  -  -  -  -  -  -  -  -  -  W  B  -  -  -  -  -  -  -
Ticks: 40            -  -  -  -  -  -  -  -  -  -  -  -  -  -  B  -  B  -  -
                     -  -  -  -  -  -  -  B  -  -  -  -  -  -  -  -  -  -  -
                     -  -  -  -  -  -  B  B  -  -  B  -  B  -  -  -  B  -  -
Black: 72            -  -  B  B  -  -  -  -  -  -  -  -  -  -  -  -  -  B  -
                     -  -  -  -  -  -  B  B  B  -  -  -  B  -  B  -  B  -  B
                     -  -  -  -  -  -  -  -  -  -  -  -  -  -  B  -  -  -  -
                     -  -  -  -  -  -  -  -  -  -  -  -  -  -  -  -  -  -  -
                     -  -  -  -  -  -  -  -  -  B  -  -  -  B  B  -  -  B  -
                     -  -  -  -  -  -  -  -  -  -  -  -  -  -  -  -  -  -  -
                     -  -  -  B  B  -  -  -  -  -  -  -  -  -  -  -  -  -  -





41 B >41 B >




                     -  -  -  -  B  -  W  -  -  -  -  W  -  -  W  -  W
                     B  -  -  -  -  -  -  -  -  -  W  B  -  -  -  -  -  -  -
Ticks: 41            -  -  -  -  -  -  -  -  -  -  -  -  -  -  B  -  B  -  -
                     -  -  -  -  -  -  -  B  -  -  -  -  -  -  -  -  -  -  -
                     -  -  -  -  -  -  B  B  -  -  B  -  B  -  -  -  B  -  -
Black: 73            -  -  B  B  -  -  -  -  -  -  -  -  -  -  -  -  -  B  -
                     -  -  -  -  -  -  B  B  B  -  -  -  B  -  B  -  B  -  B
                     -  -  -  -  -  -  -  -  -  -  -  -  -  -  B  -  -  -  -
                     -  -  -  -  -  -  -  -  -  -  -  -  -  -  -  -  -  -  -
                     -  B  -  -  -  -  -  -  -  B  -  -  -  B  B  -  -  B  -
                     -  -  -  -  -  -  -  -  -  -  -  -  -  -  -  -  -  -  -
                     -  -  -  B  B  -  -  -  -  -  -  -  -  -  -  -  -  -  -





42 B >




                     -  -  -  -  B  -  W  -  -  -  -  -  -  -  -  B  W  W  W
                     -  -  -  W  W  -  W  B  -  -  -  -  -  -  -  -  -  -  W
                              -  -  -  W  W-  -  -
Ticks: 42            -  -  -  -  -  -  -  -  -  -  -  -  -  -  B  -  B  -  -
                     -  -  -  -  -  -  -  B  -  B  -  -  -  -  -  -  -  -  -
                     -  -  -  -  -  -  B  B  -  -  B  -  B  -  -  -  B  -  -
Black: 73            -  -  B  B  -  -  -  -  -  -  -  -  -  -  -  -  -  B  -
                     -  -  -  -  -  -  B  B  B  -  -  -  B  -  B  -  B  -  B
                     -  -  -  -  -  -  -  -  -  -  -  -  -  -  B  -  -  -  -
                     -  -  -  -  -  -  -  -  -  -  -  -  -  -  -  -  -  -  -
                     -  B  -  -  -  -  -  -  -  B  -  -  -  B  B  -  -  B  -
                     -  -  -  -  -  -  -  -  -  -  -  -  -  -  -  -  -  -  -
                     -  -  -  B  B  -  -  -  -  -  -  -  -  -  -  -  -  -  -





43 B >




                     -  -  -  -  B  -  W  -  -  -  -  -  -  -  -  B  W  W  W
                     -  -  -  W  W-  W
                      -  -  W  -  -  -  -  W  W  W  W   -  -  -  -  -
Ticks: 43            -  -  -  -  -  -  -  -  -  -  -  -  -  -  B  -  B  -  -
                     -  -  -  -  -  -  -  B  -  B  -  -  -  -  -  -  -  -  -
                     -  -  -  -  -  -  B  B  -  -  B  -  B  -  -  -  B  -  -
Black: 74            -  -  B  B  -  -  -  -  -  -  -  -  -  -  -  -  -  B  -
                     -  -  -  -  -  -  B  B  B  -  -  -  B  -  B  -  B  -  B
                     -  -  -  -  -  -  -  -  -  -  -  -  -  -  B  -  -  -  -
                     -  -  -  -  -  -  -  -  -  -  -  -  -  -  -  -  -  -  -
                     -  B  -  -  -  -  -  -  -  B  -  -  -  B  B  -  -  B  -
                     -  -  -  -  -  -  -  -  -  -  -  -  -  -  -  -  -  -  -
                     -  -  -  B  B  -  -  -  -  -  -  -  -  -  -  -  -  -  -





44 B >




                     -  -  -  -  B  -  W  -  -  -  -  -  -  -  -  B  W  W  W
                     -  -  -  W  W  -  W  B  -  -  -  -  -  -  -  -    -  W  W  -  -  W  -  -  -  -  -  W  W  -
                     -   -  B  -  W  -  W  -  W  -  -  - te: 44            B  -  -  -  W  -  -  -  -  W  W  W  W  -  B  -  B  B  -
                     -  -  -  -  -  -  -  -  -  -  W  -  W  W  W  -  -  -  -
                     B  -  -  -  -  -  -  -  -  -  W  B  -  W  -  -  -  -  -
Ticks: 44            -  -  -  -  -  -  -  -  -  -  -  -  -  -  B  -  B  -  -
                     -  -  -  -  -  -  -  B  -  B  -  -  -  -  -  -  -  -  -
                     -  -  -  -  -  -  B  B  -  -  B  -  B  -  -  -  B  -  -
Black: 75            -  -  B  B  -  -  -  -  -  -  -  -  -  -  -  -  -  B  -
                     -  -  -  -  -  -  B  B  B  -  -  -  B  -  B  -  B  -  B
                     -  -  -  -  -  -  -  -  -  -  -  -  -  -  B  -  -  -  -
                     -  -  -  -  -  -  -  -  -  -  -  -  -  -  -  -  -  -  -
                     -  B  -  -  -  -  -  -  -  B  -  -  -  B  B  -  -  B  -
                     -  -  -  -  -  -  -  -  -  -  -  -  -  -  -  -  -  -  -
                     -  -  -  B  B  -  -  -  -  -  -  -  -  -  -  -  B  -  -





45 B >




                     -  -  -  -  B  -  W  -  -  -  -  -    B  B  -  -  -  -  -  -  -  W
                  -  -  -  -  W  -   -  -  -  -  -  -  W  B  -  W  -  -  -  -  -
Ticks: 45            -  -  -  -  -  -  -  -  -  -  -  -  -  -  B  -  B  -  -
                     -  -  -  -  -  -  -  B  -  B  -  -  -  -  -  -  -  -  -
                     -  -  -  -  -  -  B  B  -  -  B  -  B  -  -  -  B  -  -
Black: 76            -  -  B  B  -  -  -  -  -  -  -  -  -  -  -  -  -  B  -
                     -  -  -  -  -  -  B  B  B  -  -  -  B  -  B  -  B  -  B
                     -  -  -  -  -  -  -  -  -  -  -  -  -  -  B  -  -  -  -
                     -  -  -  -  -  -  -  -  -  -  -  -  -  -  -  -  -  -  -
                     -  B  -  -  -  -  -  -  -  B  -  -  -  B  B  -  -  B  -
                     -  -  -  -  -  -  -  -  -  -  -  -  -  -  -  -  -  -  -
                     -  -  -  B  B  -  -  -  -  -  -  -  -  -  -  -  B  -  -





46 B >




                     -  -  -  -  B  -  W  -  -  -  -  -  -  -  -  B  W  W  W
                     -  -  -  W  W  -  W  B  -  -  -  -  -  B  B  -  -  -  W -  -  B  -  W  -  -  -  -  -  W -  -  -  -  -
Ticks: 46            -  -  -  -  -  -  -  -  -  -  -  -  -  -  B  -  B  -  -
                     -  -  -  -  -  -  -  B  -  B  -  -  -  -  -  -   -  -  B  -  B  -  -  -  B  -  -
Black: 78            -  -  B  B  -  -  -  -  -  -  -  -  -  -  -  -  -  B  -
                     -  -  -  -  -  -  B  B  B  -  -  -  B  -  B  -  B  -  B
                     -  -  -  -  -  -  -  -  -  -  -  -  -  -  B  -  -  -  -
                     -  -  -  -  -  -  -  -  -  -  -  -  -  -  -  -  -  -  -
                     -  B  -  -  -  -  -  -  -  B  -  -  -  B  B  -  -  B  -
                     -  -  -  -  -  -  -  -  -  -  -  -  -  -  -  -  -  -  -
                     -  -  -  B  B  -  -  -  -  -  -  -  -  -  -  -  B  -  -





47 B >




                       -  W  B  -  -  -  -  -  B  B  -
                     -  -  -  W   -  B  -  -  W  -  -  W    -  W  -  W  -  W  -  -  -  -
Whi                   B  -  -  -  -  -  -  -  -  -  W  B  -  W  -  -  -  -  -
Ticks: 47            -  -  -  -  -  -  -  -  -  -  -  -  -  -  B  -  B  -  -
                     -  -  -  -  -  -  -  B  -  B  -  -  -  -  -  -  -  -  -
                     -  -  -  -  -  -  B  B  -  -  B  -  B  -  -  -  B  -  -
Black: 80            -  -  B  B  -  -  -  -  -  -  -  -  -  -  -  -  -  B  -
                     -  -  -  -  -  -  B  B  B  -  -  -  B  -  B  -  B  -  B
                     -  -  -  -  -  -  -  -  -  -  -  -  -  -  B  -  -  -  -
                     -  -  -  -  -  -  -  -  -  -  -  -  -  -  -  -  -  -  -
                     -  B  -  -  -  -  -  -  -  B  -  -  -  B  B  -  -  B  -
                     -  -  -  -  -  -  -  -  -  -  -  -  -  -  -  -  -  -  -
                     -  -  -  B  B  -  -  -  -  -  -  -  -  -  -  -  B  -  -





48 B >




                     -  -  B  W  W  W
                  -  -  W  W  -  W  B  -  -  -  -  -  B  B  -  -  -  W
                     -  -  -  -  W  W  W  W  W  B  B  -  -  -  -  -  -   -  -  W  -  W  W  W  W  W  W  -W  -  -  -  -  -
Ticks: 48            -  -  -  -  -  -  -  -  -  -  -  -  -  -  B  -  B  -  -
                     -  -  -  -  -  -  -  B  -  B  -  -  -  -  -  -  -  -  -
                     -  -  -  -  -  -  B  B  -  -  B  -  B  -  -  -  B  B  -
Black: 82            -  -  B  B  -  -  -  -  -  -  -  -  -  -  -  -  -  B  -
                     -  -  -  -  -  -  B  B  B  -  -  -  B  -  B  -  B  -  B
                     -  -  -  -  -  -  -  -  -  -  -  -  -  -  B  -  -  -  -
                     -  -  -  -  -  -  -  -  -  -  -  -  -  -  -  -  -  -  -
                     -  B  -  -  -  -  -  -  -  B  -  -  -  B  B  -  -  B  -
                     -  -  -  -  -  -  -  -  -  -  -  -  -  -  -  -  -  -  -
                     -  -  -  B  B  -  -  -  -  -  -  -  -  -  -  -  B  -  -





49 B >




                     -  -  -  W  B  -  W  -  -  -  -  -  -  -  -  B  W  W  W
                     -  -  -  W  W  -  W  B  -  -  -  -  -  B  B  -  -  -  W
                     -  -                  -  -  -  W  W   B  -  B  B  -
                  -  -  -  -  W  W  -  -  -  -  W  




                     -  -  - B  B  -  -  -  -  -  -  W          -  -  B  -  W  -  -  -  W  -  W  W  W  W  W  W  -
        W  W  -  B  -  B  B  -
          -  -  -  -  -  -  -  -  W  B  -  W  -  W  -  -  -
Ticks: 50            -  -  -  -  -  -  -  -  -  -  -  -  -  -  B  -  B  -  -
                     -  -  -  -  -  -  -  B  -  B  -  -  -  -  -  -  -  -  -
                     -  -  -  -  -  -  B  B  -  -  B  -  B  -  -  -  B  B  -
Black: 117           -  -  B  B  -  -  -  -  -  -  -  -  -  -  -  -  B  B  -
                     -  -  -  -  -  -  B  B  B  -  -  -  B  -  B  -  B  -  B
                     -  -  -  -  -  -  -  -  -  -  -  -  -  -  B  -  -  -  -
                     -  -  -  -  -  -  -  -  B  -  -  -  -  -  -  -  -  -  -
                     -  B  -  -  -  -  -  -  -  B  -  -  -  B  B  -  -  B  -
                     -  -  -  -  -  -  -  -  -  -  -  -  -  -  -  -  -  -  -
                     -  -  -  B  B  -  -  -  -  -  -  -  -  -  -  -  B  -  -





51 B >




                    W  W  -  W  B  -  -  -  -  -  B  B -  W  -  -  -  -
White: 51          B  -  -  -  -  -  -  -  -  -  W  B  -  W  -  W  -  -  -
Ticks: 51            -  -  -  -  -  -  -  -  -  -  -  -  -  -  B  -  B  -  -
                     -  -  -  -  -  -  -  B  -  B  -  -  -  -  -  -  -  -  -
                     -  -  -  -  -  -  B  B  -  -  B  -  B  -  -  -  B  B  -
Black: 127           -  -  B  B  -  -  -  -  -  -  -  -  -  -  -  -  B  B  -
                     -  -  -  -  -  -  B  B  B  -  -  -  B  -  B  -  B  -  B
                     -  -  -  -  -  -  -  -  -  -  -  -  -  -  B  -  -  -  -
                     -  -  -  -  -  -  -  -  B  -  -  -  -  -  -  -  -  -  -
                     -  B  -  -  -  -  -  -  -  B  -  -  -  B  B  -  -  B  -
                     -  -  -  -  -  -  -  -  -  -  -  -  -  -  -  -  -  -  -
                     -  -  -  B  B  -  -  -  -  -  -  -  -  -  -  -  B  -  B





52 B >




                     -  -  -  W  B  -  W  -  -  -  -  -  -  -  -  B  W  W  W
                     -  -  -  W  W  -  W      -  -  -  W  W  B  -  -  B  - W  B  -  W  -  W  -  -  -
Ticks: 52            -  -  -  -  -  -  -  -  -  -  -  -  -  -  B  -  B  -  -
                     -  -  -  -  -  -  -  B  -  B  -  -  -  -  -  -  -  -  -
                     -  -  -  -  -  -  B  B  -  -  B  -  B  -  -  -  B  B  -
Black: 142           -  -  B  B  -  -  -  -  -  -  -  -  -  -  -  -  B  B  -
                     -  -  -  -  -  -  B  B  B  -  -  -  B  -  B  -  B  -  B
                     -  -  -  -  -  -  -  -  -  -  -  -  -  -  B  -  -  -  -
                     -  -  -  -  -  -  -  -  B  -  -  -  -  -  -  -  -  -  -
                     -  B  -  -  -  -  -  -  -  B  -  -  -  B  B  -  -  B  -
                     -  -  -  -  -  -  -  -  -  -  -  -  -  -  -  -  -  -  -
                     -  B  -  B  B  -  -  -  -  -  -  -  -  -  -  -  B  -  B





53 B >




                     -  -  -  W  B  -  W  -  -  -  -  -  -  -  -  B  W  W  W
                     -  -  -  W  W  -  W  B  -  -  -  -  -  B  B  -  B  -  W  -  -  -  -  -  W W  -  -
White: 53            B  -  W  -  -  -  -  W  W  W  W  -  B  -  -  -  -  -  W  B  -  W  -  W  -  -  




                     -  -  -    -  -  -  -  W  W  W  W   -  -  -  -  -  W  W
                              -  -  -  -  W    -  -  -  -  W  B  -  W  -  W  -  -  -
Ticks: 54            -  -  -  -  -  -  -  -  -  -  -  -  -  -  B  W  B  -  -
                     -  -  -  -  -  -  -  B  -  B  -  -  -  -  -  -  -  -  -
                     -  -  -  -  -  -  B  B  -  -  B  -  B  -  -  -  B  B  -
Black: 143           -  -  B  B  -  -  -  -  -  -  -  -  -  -  -  -  B  B  -
                     -  -  -  -  -  -  B  B  B  -  -  -  B  -  B  -  B  -  B
                     -  -  -  -  -  -  -  -  -  -  -  -  -  -  B  -  -  -  -
                     -  -  -  -  -  -  -  -  B  -  -  -  -  -  -  -  -  -  -
                     -  B  -  -  -  -  -  -  -  B  -  -  -  B  B  -  -  B  -
                     -  -  -  -  -  -  -  -  -  -  -  -  -  -  -  -  -  -  -
                     -  B  -  B  B  -  -  -  -  -  -  -  -  -  -  -  B  -  B





55 B >




                     -  -  -  W  B  -  W  -  -  -  -  -  -  -  -  B  W  W  W
          -  -  -  -  B  B  -  -  -  W
    : 55            B  -  -  -  W  - B  -  W  -  W  -  -  -
Ticks: 55            -  -  -  -  -  -  -  -  -  -  -  -  -  -  B  W  B  -  -
                     -  -  -  B  -  -  -  B  -  B  -  -  -  -  -  -  -  -  -
                     -  -  -  -  -  -  B  B  -  -  B  -  B  -  -  -  B  B  -
Black: 152           -  -  B  B  -  -  -  -  -  -  -  -  -  -  -  -  B  B  -
                     -  -  -  -  -  -  B  B  B  -  -  -  B  -  B  -  B  -  B
                     -  -  -  -  -  -  -  -  -  -  -  -  -  -  B  -  -  -  -
                     -  -  -  -  -  -  -  -  B  -  -  -  -  -  -  -  -  -  -
                     -  B  -  -  -  -  -  -  -  B  -  -  -  B  B  -  -  B  -
                     -  -  -  -  -  -  -  -  -  -  -  -  -  -  -  -  -  -  -
                     -  B  -  B  B  -  -  -  -  -  -  -  -  -  -  -  B  -  B





56 B >




                     -  -  -  W  B  -  W  -  -  -  -  -  -  -  -  B  W  W  W
                     -  -  -  W  W  -  W    -  W  W  B  -  W  B  -  W  -  W-  B  B  -
                 -  -  -  W  -  W  W  W  W  W  -  -
                B  -  -  -  -  -  -  -  -  -  W  B  -  W  -  W  -  -  -
Ticks: 56            -  -  -  -  -  -  -  -  -  -  -  -  -  -  B  W  B  -  -
                     -  -  -  B  -  B  -  B  -  B  -  -  -  -  -  -  -  -  -
                     -  -  -  -  -  -  B  B  -  -  B  -  B  -  -  -  B  B  -
Black: 145           -  -  B  B  -  -  -  -  -  -  -  -  -  -  -  -  B  B  -
                     -  -  -  -  -  -  B  B  B  -  -  -  B  -  B  -  B  -  B
                     -  -  -  -  -  -  -  -  -  -  -  -  -  -  B  -  -  -  -
                     -  -           -  B  -  -  -  -  -  -  -  -  -  -  -  -  B  -  B





57 B >




                      W  -  W
                  B  -  -  -  W  -  -  W  W  W  W B  W  B  -  W  -  W  -  -  -
Ticks: 57            -  -  -  -  -  -  -  -  -  -  -  -  -  -  B  W  B  -  -
                     -  -  -  B  -  B  -  B  -  B  -  -  -  -  -  -  -  -  -
                     -  -  -  -  -  -  B  B  -  -  B  -  B  -  -  -  B  B  -
Black: 149           -  -  B  B  -  -  -  -  -  -  -  -  -  -  -  -  B  B  -
                     -  -  -  -  -  -  B  B  B  -  -  -  B  -  B  -  B  -  B
                     -  -  -  -  -  -  -  -  -  -  -  -  -  -  B  -  -  -  -
                     -  -  -  -  -  -  -  -  B  -  -  -  -  -  -  -  -  -  -
                     -  B  -  -  -  -  -  -  -  B  -  -  -  B  B  -  -  B  -
                     -  -  -  -  -  -  -  -  -  -  -  -  -  -  -  -  -  -  -
                     -  B  -  B  B  -  -  -  -  -  -  -  -  -  -  -  B  -  B





58 B >58 B >




                     -  -  -  W  B  -  W  -  -  -  -  -  -  -  -  B  W  W  W
                     -  -  -  W  W    -  W  W  B  -  W  B  -  W  -  W      B  -  -  -  -  -  -  B  -  B  W  B  -  W  -  W  -  -  -
Ticks: 58            -  -  -  -  -  -  -  -  -  -  -  -  -  -  B  W  B  -  -
                     -  -  -  B  -  B  -  B  -  B  -  -  -  -  -  -  -  -  -
                     -  -  -  -  -  -  B  B  -  -  B  -  B  -  -  -  B  B  -
Black: 151           -  -  B  B  -  -  -  -  -  -  -  -  -  -  -  -  B  B  -
                     -  -  -  -  -  -  B  B  B  -  -  -  B  -  B  -  B  -  B
                     -  -  -  -  -  -  -  -  -  -  -  -  -  -  B  -  -  -  -
                     -  -  -  -  -  -  -  -  B  -  -  -  -  -  -  -  -  -  -
                     -  B  -  -  -  -  -  -  -  B  -  -  -  B  B  -  -  B  -
                     -  -  -  -  -  -  -  -  -  -  -  -  -  -  -  -  -  -  -
                     -  B  -  B  B  -  -  -  -  -  -  -  -  -  -  -  B  -  B





59 B >




                     -  -  -  W  B  -  W  -  -  -  W
                     -  -  -   W  W  B  -  W  B  -  W  -  W  -B  B  -
                     -  -   W  W  -  -  -  -  W  -    W  B  -  W  -  W  -  -  -
Ticks: 59            -  -  -  -  -  -  -  -  -  -  -  -  -  -  B  W  B  -  -
                     -  -  -  B  -  B  -  B  -  B  -  -  -  -  -  -  -  -  -
                     -  -  -  -  -  -  B  B  -  -  B  -  B  -  -  -  B  B  -
Black: 152           -  -  B  B  -  -  -  -  -  -  -  -  -  -  -  -  B  B  -
                     -  -  -  -  -  -  B  B  B  -  -  -  B  -  B  -  B  -  B
                     -  -  -  -  -  -  -  -  -  -  -  -  -  -  B  -  -  -  -
                     -  -  -  -  -  -  -  -  B  B  -  -  -  -  -  -  -  -  -
                     -  B  -  -  -  -  -  -  -  B  -  -  -  B  B  -  -  B  -
                     -  -  -  -  -  -  -  -  -  -  -  -  -  -  -  -  -  -  -
                     -  B  -  B  B  -  -  -  -  -  -  -  -  -  -  -  B  -  B





60 B >




                     -  -  -  W  B  -  W  -  -  -  -  -  -  -  -  B  W  W  W
            W  W  W  W  -
                  -  -  -  -  -  -  B  -  B  W  B  -  W  -  W  -  -  -
Ticks: 60            -  -  -  -  -  B  -  -  -  -  -  -  -  -  B  W  B  -  -
                     -  -  -  B  -  B  -  B  -  B  -  -  -  -  -  -  -  -  -
                     -  -  -  -  -  -  B  B  -  -  B  -  B  -  -  -  B  B  -
Black: 153           -  -  B  B  -  -  -  -  -  -  -  -  -  -  -  -  B  B  -
                     -  -  -  -  -  -  B  B  B  -  -  -  B  -  B  -  B  -  B
                     -  -  -  -  -  -  -  -  -  -  -  -  -  -  B  -  -  -  -
                     -  -  -  -  -  -  -  -  B  B  -  -  -  -  -  -  -  -  -
                     -  B  -  -  -  -  -  -  -  B  -  -  -  B  B  -  -  B  -
                     -  -  -  -  -  -  -  -  -  -  -  -  -  -  -  -  -  -  -
                     -  B  -  B  B  -  -  -  -  -  -  -  -  -  -  -  B  -  B





61 B >61 B >61 B >




   B  -  W  -  -  -  -  -  -  -  W
                     -  -  -  -  W  B  B  -  -  W  -  -  -  W  W -  W  W  -  W  W  W  W  W  W  -
-  B  W  B  -  W  -  W  -  -  -
Ticks: 61            -  -  -  -  -  B  -  -  -  -  B  -  -  -  B  W  B  -  -
                     -  -  -  B  -  B  -  B  -  B  -  -  -  -  -  -  -  -  -
                     -  -  -  -  -  -  B  B  -  -  B  -  B  -  -  -  B  B  -
Black: 159           -  -  B  B  -  -  -  -  -  -  -  -  -  -  -  -  B  B  -
                     -  -  -  -  -  -  B  B  B  -  -  -  B  -  B  -  B  -  B
                     -  -  -  -  -  -  -  -  -  -  -  -  -  -  B  -  -  -  -
                     -  -  -  -  -  -  -  -  B  B  -  -  -  -  -  -  -  -  -
                     -  B  -  -  -  -  -  -  -  B  -  -  -  B  B  -  -  B  -
                     -  -  -  -  -  -  -  -  -  -  -  -  -  -  -  -  -  -  -
                     -  B  -  B  B  -  -  -  -  -  -  -  -  -  -  -  B  -  B





62 B >




                     -  -  -  W  B  -  W  -  -  -  -  -  -  -  -  B  W  W  W
                     -  -  -  W  W  -  W  B  -  -  -  -  -  B  B  -  W  -  W
                   -  -  B  W  W  W  -  -  W  -  W
  -  -  -  -  -  B  -  B  W  B  -  W          -  -  -  -  -  B  -  B  -  -  B  -  -  -  B  W  B  -  -
                     -  -  -  B  -  B  -  B  -  B  -  -  -  -  -  -  -  -  -
                     -  -  -  -  -  -  B  B  -  -  B  -  B  -  -  -  B  B  -
Black: 159           -  -  B  B  -  -  -  -  -  -  -  -  -  -  -  -  B  B  -
                     -  -  -  -  -  -  B  B  B  -  -  -  B  -  B  -  B  -  B
                     -  -  -  -  -  -  -  -  -  -  -  -  -  -  B  -  -  -  -
                     -  -  -  -  -  -  -  -  B  B  -  -  -  -  -  -  -  -  -
                     -  B  -  -  -  -  -  -  -  B  -  -  -  B  B  -  -  B  -
                     -  -  -  -  -  -  -  -  -  -  -  -  -  -  -  -  -  -  -
                     -  B  -  B  B  -  -  -  -  -  -  -  -  -  -  -  B  -  B





63 B >63 B >63 B >




                     -  -  -  W  B  -  W  -  -  -  -  -  -  -  -  B  W  W  W
                     -  -  -  W  W  -  W  B  -  -  -  -   W  B  B  -  -  W  -  -  -  W  W
-  -  W  -  -  W  W  W  W  W  W  -  B  -  B  B  -
                -  -  -  W  W  -  -  -  -  W  -  W  W  W  W  W  -  -
                     B  -  -  -  -  -  -  B  -  B  W  B  -  W  -  W  -  -  -
Ticks: 63            -  -  -  -  -  B  -  B  -  -  B  -  -  -  B  W  B  -  -
                     -  -  -  B  -  B  -  B  -  B  -  -  -  -  -  -  -  -  -
                     -  -  -  -  -  -  B  B  -  -  B  -  B  -  -  -  B  B  -
Black: 161           -  -  B  B  -  -  -  -  -  -  -  -  -  -  -  -  B  B  -
                     -  -  -  -  -  -  B  B  B  -  -  -  B  -  B  -  B  -  B
                     -  -  -  -  -  -  -  -  -  -  -  -  -  -  B  -  -  -  -
                     -  -  -  -  -  -  -  -  B  B  -  -  -  -  -  -  -  -  -
                     -  B  -  -  -  -  -  -  -  B  -  -  -  B  B  -  -  B  -
                     -  -  -  -  -  -  -  -  -  -  -  -  -  -  -  -  -  -  -
                     -  B  -  B  B  -  -  -  -  -  -  -  -  -  -  -  B  -  B





64 B >




                     -  -  -  W   -  -  W  W  B  -  W  -  -  W  W  W  -
                     B  W  W  B  -  W  B  -  W  -  W  - -  -  W  W  -  -  -  -  W  -  W  W  W  W  W                     B  -  -  -  W  -  -  B  -  B  W  B  -  W  -  W  -  -  -
Ticks: 64            -  -  -  -  -  B  -  B  -  -  B  -  -  -  B  W  B  -  -
                     -  -  -  B  -  B  -  B  -  B  -  -  -  -  -  -  -  -  -
                     -  -  -  -  -  -  B  B  -  -  B  -  B  -  -  -  B  B  -
Black: 153           -  -  B  B  -  -  -  -  -  -  -  -  -  -  -  -  B  B  -
                     -  -  -  -  -  -  B  B  B  -  -  -  B  -  B  -  B  -  B
                     -  -  -  -  -  -  -  -  -  -  -  -  -  -  B  -  -  -  -
                     -  -  -  -  -  -  -  -  B  B  -  -  -  -  -  -  -  -  -
               -  -  -  -  B  -  -  -  B  B  -  -  B  -
                     -  -  -  -  -  -  -  -  -  -  -  -  -  -  -  -  -  -  -
                     -  B  -  B  B  -  -  -  -  -  -  -  -  -  -  -  B  -  B





65 B >




                    -  B  B  W  W  -  W
             -  -  -  -  W  W  W  W  W  W  -  -
White: 65            B  B  -  B  -  -  -  -  -  -  -  -  -
      -  -  -  -  -  B  B  -  -  B  -  B  -  -  -  B  B  -
Black: 144           -  -  B  B  -  -  -  -  -  -  -  -  -  -  -  -  B  B  -
                     -  -  -  -  -  -  B  B  B  -  -  -  B  -  B  -  B  -  B
                     -  -  -  -  -  -  -  -  -  -  -  -  -  -  B  -  -  -  -
                     -  -  -  -  -  -  -  -  B  B  -  -  -  -  -  -  -  -  -
                     -  B  -  -  -  -  -  -  -  B  -  -  -  B  B  -  -  B  -
                     -  -  -  -  -  -  -  -  -  -  -  -  -  -  -  -  B  -  -
                     -  B  -  B  B  -  -  -  -  -  -  -  -  -  -  -  B  -  B





66 B >66 B >




                     -  -  -  W  B  -  W  -  -  -  -  -  -  B  -  B  W  W  -  W  -  W
                     - -  B  -  B  W  B  -  W  -  W  -  -  -
Tick




                     -  -          -  -  B  -  W  W  -  -  W  W  -  W  -  W  -  -
White: 67    B  -  -  -  W  -  -  W  W  W  W   -  B  W  B  -  W  -  W  -  -  -
Ticks: 67            -  -  -  -  W  B  -  B  -  -  B  -  -  -  B  W  B  -  -
                     -  -  -  B  -  B  -  B  -  B  -  -  -  -  -  -  -  -  -
                     -  -  -  -  -  -  B  B  -  -  B  -  B  -  -  -  B  B  -
Black: 114




                     - -  W  -  -  B  W  W  W  -  -  W  W
                     -  -  B  -  -  -  B  -  B  W  B  -  W  -  W  -  -  -
Ticks: 68            -  -  -  -  W  B  -  B  -  -  B  -  -  -  B  W  B  -  -
                     -  -  -  B  B  B  -  B  -  B  -  -  -  -  -  -  -  -  -
                     -  -  -  -  -  -  B  B  -  -  B  -  B  -  -  -  B  B  -
Black: 130           -  -  B  B  -  -  -  -  -  -  -  -  -  -  -  -  B  B  -
                     -  -  -  -  -  -  B  B  B  -  -  -  B  -  B  -  B  -  B
                     -  -  -  -  -  -  -  -  -  -  -  -  -  -  B  B  -  -  -
                     -  -  -  -  -  -  -  -  B  B  -  -  -  -  -  -  -  -  -
   




                     -  -  -  B  W  W  W
                    W  W  -  W  B  -  -  -  -  -  B    B  -  W  -  -  B  W  W  W  -  -  W  W  W  W  -  -
                     B  -  -  -  W  -  -  B  -  B  W  B  -  W  -  W  -  -  -
Ticks: 69            -  -  -  -  W  B  -  B  -  -  B  -  -  -  B  W  B  -  -
                     -  -  -  B  B  B  -  B  -  B  -  -  -  -  -  -  -  -  -
                     -  -  -  -  -  -  B  B  -  -  B  -  B  -  -  -  B  B  -
Black: 125           -  -  B  B  -  -  -  -  -  -  -  -  -  -  -  -  B  B  -
                     -  -  -  -  -  -  B  B  B  -  -  -  B  -  B  -  B  -  B
                     -  -  -  -  -  -  -  -  -  -  -  -  -  -  B  B  -  -  -
                     -  -  -  -  -  -  -  -  B  B  -  -  -  -  -  -  -  -  -
                     -  B  -  -  -  -  -  -  -  B  B  -  -  B  B  -  -  B  -
                     -  -  -  -  -  -  -  -  -  -  -  -  -  -  -  -  B  -  -
                     -  B  -  B  B  -  -  -  -  -  -  -  -  -  -  -  B  -  B





70 B >




                     -  -           -  -  B  -  W  W  -  -  -  B  W  B  -  W  -  W  -  -  -
Ticks: 70            -  -  -  -  W  B  -  B  -  -  B  -  -  -  B  W  B  -  -
                     -  -  -  B  B  B  -  B  -  B  -  -  -  -  -  -  -  -  -
                     -  -  -  -  -  -  B  B  -  -  B  -  B  -  -  -  B  B  -
Black: 116           -  -  B  B  -  -  -  -  -  -  -  -  -  -  -  -  B  B  -
                     -  -  -  -  B  -  B  B  B  -  -  -  B  -  B  -  B  -  B
                     -  -  -  -  -  -  -  -  -  -  -  -  -  -  B  B  -  -  -
                     -  -  -  -  -  -  -  -  B  B  -  -  -  -  -  -  -  -  -
                     -  B  -  -  -  -  -  -  -  B  B  -  -  B  B  -  -  B  -
                -  -  -  -  -  -  -  -  -  -  -  -  -  -  -  -  B  -  -
                     -  B  -  B  B  -  -  -  -  -  -  -  -  -  -  -  B  -  B





71 B >71 B >




                     -  -  -  W  B  -  W  W  -  -  -  -  -  B  -  B  W  W  W
                     -  -  -  W  W  -   W  -  W  -  -  -  W  W
                    -  -  -  W  W  W  -  -  W  -  W  W  W  W  W  -  -
       




                     -  -  W W
                     -  -  B  -W  B  -  W  -  W  -  W  -  W  -  e: 72            B  -  -  -  W  -                B  -  -  -  W  -  -  B  -  B  W  B  -  W  -  W  -  -  -
Ticks: 72            -  -  -  -  W  B  -  B  -  -  B  -  -  -  B  W  B  -  -
                     -  -  -  B  B  B  -  B  -  B  -  -  -  -  -  -  -  -  -
                     -  -  -  -  -  -  B  B  -  -  B  -  B  -  -  -  B  B  -
Black: 117           -  -  B  B  -  -  -  -  -  -  -  -  -  -  -  -  B  B  -
                     -  -  -  -  B  -  B  B  B  -  -  -  B  -  B  -  B  -  B
                     -  -  -  -  -  -  -  -  -  -  -  -  -  -  B  B  -  -  -
                     -  -  -  -  -  -  -  -  B  B  -  -  -  -  -  -  -  -  -
                     -  B  -  -  -  -  -  -  -  B  B  -  -  B  B  -  -  B  -
                     -  -  -  -  -  -  -  -  -  -  -  -  -  -  -  -  B  -  -
                     -  B  -  B  B  -  -  -  -  -  -  -  -  -  -  -  B  -  B





73 B >73 B >73 B >73 B >73 B >73 B




                     -  -  W  B  -  W  -  -  B  W  W  W  -  - W  W  W  W  -  -
                     B  -  -  W  W  -  W  W  W  -  -  -  W  W  -  W
                      -  W  W  W  W  W  B  B  W  -  W   W  W  -  W  W  W  -  W  W  W  W  -  B  -  B  W  B  -  W  -  W  -  -  -
Ticks: 74            -  -  -  -  W  B  -  B  -  -  B  -  -  -  B  W  B  -  -
                     -  -  -  B  B  B  -  B  -  B  -  -  -  B  -  -  -  -  -
                     -  -  -  -  -  -  B  B  -  -  B  -  B  -  -  -  B  B  -
Black: 121           -  -  B  B  -  -  -  -  -  -  -  -  -  -  -  -  B  B  -
                     -  -  -  -  B  -  B  B  B  -  -  -  B  -  B  -  B  -  B
                     -  -  -  -  -  -  -  -  -  -  -  -  -  -  B  B  -  -  -
                     -  -  -  -  -  -  -  -  B  B  -  -  -  -  -  -  -  -  -
                     -  B  -  -  -  -  -  -  -  B  B  -  -  B  B  -  -  B  -
                     -  -  -  -  -  -  -  -  -  -  -  -  -  -  -  -  B  -  -
                     -  B  -  B  B  -  -  -  -  -  B  -  -  -  -  -  B  -  B





75 B >75 B >




              W  W  -  W  W  W  -  -  -  -  -  -  B  W  W  W
               B  -  -  W  W  B  -  W  B  - ks: 75            -  -  -  -  W  B  -  B  -  -  B  -  -  -  B  W  B  -  -
                     -  -  -  B  B  B  -  B  -  B  -  -  -  B  -  -  -  -  -
                     -  -  -  -  -  -  B  B  -  -  B  -  B  -  -  -  B  B  -
Black: 123           -  -  B  B  -  -  -  -  -  -  -  -  -  -  -  -  B  B  -
                     -  -  -  -  B  -  B  B  B  -  -  -  B  -  B  -  B  -  B
                     -  -  -  -  -  -  -  -  -  -  -  -  -  -  B  B  -  -  -
                     -  -  -  -  B  -  -  -  B  B  -  -  -  -  -  -  -  -  -
                     -  B  -  -  -  -  -  -  -  B  B  -  -  B  B  -  -  B  -
                     -  -  -  -  -  -  -  -  -  -  -  -  -  -  -  -  B  -  -
                     -  B  -  B  B  -  -  -  -  -  B  -  -  -  -  -  B  -  B





76 B >76 B >




                     -  -  W  W  -  W  W  W  -  -  -  -  -  B  -  B  W  W  W
                    -  -  -  W  W  B  -  W  B  -  W  -  W  -  W  -  W -  W  -  -  -
Ticks: 76            -  -  -  -  W  B  -  B  -  -  B  -  -  -  B  W  B  -  -
                     -  -  -  B  B  B  -  B  -  B  -  -  -  B  -  -  -  -  -
                     -  -  -  -  -  -  B  B  -  -  B  -  B  -  -  -  B  B  -
Black: 167           -  -  B  B  -  -  -  -  -  -  -  -  -  -  -  -  B  B  -
                     -  -  -  -  B  -  B  B  B  -  -  B  B  -  B  -  B  -  B
                     -  -  -  -  -  -  -  -  -  -  -  -  -  -  B  B  -  -  -
                     -  -  -  -  B  -  -  -  B  B  -  -  -  -  -  -  -  -  -
                     -  B  -  -  -  -  -  -  -  B  B  -  -  B  B  -  -  B  -
                     -  -  -  -  -  -  -  -  -  -  -  -  -  -  -  -  B  -  -
                     -  B  -  B  B  -  -  -  -  -  B  -  -  -  -  -  B  -  B





77 B >




                     -  -  W  W  -  W  W  W  -  -  -  -  -  B  -  B  W  W  W
     -  -  B  B  W  W  -  W
        79            B  -  -  -  W  -   -  W  -  W  W  W  W  W  -     B  -  -  -  W  -  -  B  -  B  W  B s: 77            -  -  -  -  W  B  -  B  -  -  B  -  -  -  B  W  B  -  -
                     -  -  -  B  B  B  -  B  -  B  -  -  -  B  -  -  -  -  -
                     -  -  -  -  -  -  B  B  -  -  B  -  B  -  -  -  B  B  -
Black: 175           -  -  B  B  -  -  -  -  -  -  -  -  -  -  -  -  B  B  -
                                 -  -  -  -  -  -




                     -  -  WB  -  W  -  W  B  W  W  W  -  -  W  -  W
                    -  W  -  -  W  -  W  W  W  W  W   W  -  W  W  W  -  -  -  B  -  B-  W
                     -  -  -W  W  W  W  B  B  W  -  W  W  -  W  -  W  W  W  -  W  W  W  W  W    -
Ticks: 79            -  -  -  -  W  B  -  B  -  -  B  -  -  -  B  W  B  -  -
                     -  -  -  B  B  B  -  B  -  B  -  -  -  B  -  -  -  -  -
                     -  -  -  -  -  -  B  B  -  -  B  -  B  -  -  -  B  B  -
Black: 176           -  -  B  B  -  -  -  -  -  -  -  -  -  -  -  -  B  B  -
                     -  -  -  -  B  -  B  B  B  -  -  B  B  -  B  -  B  -  B
                     -  -  -  -  -  -  -  -  -  -  -  -  -  -  B  B  -  -  -
                     -  -  -  -  B  -  -  -  B  B  -  -  -  -  -  -  -  -  -
                     -  B  -  -  -  -  -  -  -  B  B  -  -  B  B  -  -  B  -
                     -  -  -  -  -  -  -  -  -  -  -  -  -  -  -  -  B  -  -
                     -  B  -  B  B  -  -  -  -  -  B  -  -  -  -  -  B  -  B





80 B >80 B   W  W  -  -  -  B  -  B  -  B  W W  W
                     -  -  --  W  -  W  W  -  -  -  B  B  W  W  -  W
                     -  -  -  -  W  W  W  W  W  B  B  W  -  W  W  -  -  W  W
                W  W  W  W  W  W  -
           -  -  B  -  B  W  B  -  W  -  W  -  -  -
Ticks: 80            -  -  -  -  W  B  -  B  -  -  B  -  -  -  B  W  B  -  -
                     -  -  -  B  B  B  -  B  -  B  -  -  -  B  -  -  -  -  -
                     -  -  -  -  -  -  B  B  -  -  B  -  B  -  -  -  B  B  -
Black: 173           -  -  B  B  -  -  -  -  -  -  -  -  -  -  -  -  B  B  -
                     -  -  -  -  B  -  B  B  B  -  -  B  B  -  B  -  B  -  B
                     -  -  -  -  -  -  -  -  -  -  -  -  -  -  B  B  -  -  -
                     -  -  -  -  B  -  -  -  B  B  -  -  -  -  -  -  -  -  -
                     -  B  -  -  -  -  -  -  B  B  B  -  -  B  B  -  -  B  -
                     -  -  -  -  -  -  -  -  -  -  -  -  -  -  -  -  B  -  -
                     -  B  -  B  B  -  -  -  -  -  B  -  -  -  -  -  B  -  B





81 B >




                     W  W  W  W  -  W  W  W  -  -  -  B  -  B  -  B  W  W  W
                     -  -  -  W  W  B  B  W  W  -  W
                 -  -  -  W  W  W  W  W  B  B  W  ite: 83            B  -  -  -  W 




                     W  W       -  -  W  W  W  B  -  W  -  W W  -  -  W  -  W  W  W  W  W  W  -
          -  -  -  W  -  -  B  -  B  W  B  -  W  -  W  -  -  -
Ticks: 82            -  -  -  -  W  B  -  B  -  -  B  -  -  -  B  W  B  -  -
                     -  -  -  B  B  B  -  B  -  B  B  -  -  B  -  -  -  -  -
                     -  -  -  -  -  -  B  B  -  -  B  -  B  -  -  -  B  B  -
Black: 154           -  -  B  B  -  -  -  -  -  -  -  -  -  -  -  -  B  B  -
                     -  -  -  -  B  -  B  B  B  -  -  B  B  -  B  -  B  -  B
                     -  -  -  -  -  -  -  -  -  -  -  -  -  -  B  B  -  -  -
                     -  -  -  -  B  -  -  -  B  B  -  -  -  -  -  -  -  -  -
                     -  B  -  -  -  -  -  -  B  B  B  -  -  B  B  -  -  B  -
                     -  -  -  -  -  -  -  -  -  -  -  B  -  -  -  -  B  -  -
                     -  B  -  B  B  -  -  -  -  -  B  -  -  -  -  -  B  -  B





83 B >




                     W  W  W  W  -  W  W  W  -  -  -  B  -  B  -  B  W  W  W
   W  W  W  W  W  -
                     B  -  -  -  W  -  -  B  -  B  W  B  -  W  -  W  -  W  -
Ticks: 83            -  -  -  -  W  B  -  B  -  -  B  -  -  -  B  W  B  -  -
                     -  -  -  B  B  B  -  B  -  B  B  -  -  B  -  -  -  -  -
                     -  -  -  -  -  -  B  B  -  -  B  -  B  -  -  -  B  B  -
Black: 137           -  -  B  B  -  -  -  -  -  -  -  -  -  -  -  -  B  B  -
                     -  -  -  -  B  -  B  B  B  -  -  B  B  -  B  -  B  -  B
                     -  -  -  -  -  -  -  -  -  -  -  -  -  -  B  B  -  -  -
                     -  -  -  -  B  -  -  B  B  B  -  -  -  -  -  -  -  -  -
                     -  B  -  -  -  -  -  -  B  B  B  -  -  B  B  -  -  B  -
                     -  -  -  -  -  -  -  -  -  -  -  B  -  -  -  -  B  -  -
                     -  B  -  B  B  -  -  -  -  -  B  -  -  -  -  -  B  -  B





84 B >




                    W  W  B  B  W  -  W  W  -  -  W    B  B  -
                     -  W  -  W  -  W  -
Ticks: 84            -  -  -  -  W  B  -  B  -  -  B  -  -  -  B  W  B  -  -
                     -  -  -  B  B  B  -  B  -  B  B  -  -  B  -  -  -  -  -
                     -  -  -  -  -  -  B  B  -  -  B  -  B  -  -  -  B  B  -
Black: 154           -  -  B  B  -  -  -  -  -  -  -  -  -  -  -  -  B  B  -
                     -  -  -  -  B  -  B  B  B  -  -  B  B  -  B  -  B  -                     -  -  -  -  -                -  -  -  -  B  B  -  B  B  B  -  -  -  -  -  -  -  -  -
                     -  B  -  -  -  -  -  -  B  B  B  -  -  B  B  -  -  B  -
                     -  -  -  -  -  -  -  -  -  -  -  B  -  -  -  -  B  -  -
                     -  B  -  B  B  -  -  -  -  -  B  -  -  -  -  -  B  -  B





85 B >85 B >




               W  -  -  W  W
             W  W  W  W  -  B  B  B  B  -
                   -  -  W  W  W  W  -  -  W  -  W  W  W  W  W  W  W
                     B  -  -  -  W  -  -  B  -  B  W  B  -  W  -  W  -  W  -
Ticks: 85            -  -  -  -  W  B  -  B  -  -  B  -  -  -  B  W  B  B  -
                     -  -  -  B  B  B  -  B  -  B  B  -  -  B  -  -  -  -  -
                     -  -  -  -  -  -  B  B  -  -  B  -  B  -  -  -  B  B  -
Black: 155           -  -  B  B  -  -  -  -  -  -  -  -  -  -  -  -  B  B  -
                     -  -  -  -  B  -  B  B  B  -  -  B  B  -  B  -  B  -  B
                     -  -  -  -  -  -  -  -  -  -  -  -  -  -  B  B  -  -  -
                     -  -  -  -  B  B  -  B  B  B  -  -  -  -  -  -  -  -  -
                     -  B  -  -  -  -  -  -  B  B  B  -  -  B  B  -  -  B  -
                     -  -  -  -  -  -  -  -  -  -  -  B  -  -  -  -  B  -  -
                     -  B  -  B  B  -  -  -  -  -  B  -  -  -  -  -  B  -  B





86 B >86 B >




                     W  W  W  W  -  W                  -  -  -  W  W W  W  W  -  -  B  B  W  W  -  W
-  W  -  W
                    W  B  -  W  B  -  W  -  W  -  W               B  -  -  -  W  -  -  B  -  B  W  B  -  W  -  W  -  W




                     W  W  W   W  B  -  W  -  W  -  W  W  W  -  -  W  -  W
                   B  -  B  W  B  -  W  -  W  -  -  B  W  W  W
                   -  W  W  W  W  W  -  -  W  -  W-  W  W
                     -  -  -
                     B  B  -    -  -  B  -  B  W  B  -  W  -  W  -  W  -
Ticks: 88            -  -  -  W  W  B  -  B  -  -  B  -  -  -  B  W  B  B  B
                     -  -  -  B  B  B  -  B  -  B  B  -  -  B  -  -  -  -  -
                     -  -  -  -  -  -  B  B  -  -  B  -  B  -  -  -  B  B  -
Black: 175           -  -  B  B  -  -  -  -  -  -  -  -  -  -  -  -  B  B  -
                     -  -  -  -  B  -  B  B  B  -  -  B  B  -  B  -  B  -  B
                     -  -  -  -  -  -  -  -  -  -  -  -  -  -  B  B  -  -  -
                     -  -  -  -  B  B  -  B  B  B  -  -  -  -  -  -  -  -  -
                     -  B  -  -  -  -  -  -  B  B  B  -  -  B  B  -  -  B  -
                     -  -  -  -  -  B  -  -  -  -  -  B  -  -  -  -  B  -  -
                     -  B  -  B  B  -  -  -  -  -  B  -  -  -  -  -  B  -  B





89 B >89 B >89 B >




        -  W  W  -  -  W  W
                     -  -  W  W  W  B  -  W  -W  W  -  B  B  B  B  -
          




                     W  W  W  W  -  W  W  W  -  -  B  B  W  W                  -  W  -  -  W  W           -  -  B  -  W  W  W  -                 B  B  -  W  W  B  -  B  W  B  -  W  -  W  -  W  -
Ticks: 9 -  W  W  B  -  B  -  -  B  -  -  -  B  W  B  B  B
                     -  -  -  B  B  B  -  B  -  B  B  -  -  B  -  -  -  -  -
                     -  -  -  -  -  -  B  B  -  -  B  -  B  -  -  -  B  B  -
Black: 173           -  -  B  B  -  -  -  -  -  -  -  -  -  -  -  -  B  B  B
                     -  -  -  -  B  -  B  B  B  -  -  B  B  -  B  -  B  -  B
                     -  -  -  -  -  -  -  -  -  -  -  -  -  -  B  B  -  -  -
                     -  -  -  -  B  B  -  B  B  B  -  -  -  -  -  -  -  -  -
                     -  B  -  -  -  -  -  -  B  B  B  -  -  B  B  -  -  B  -
                     -  -  -  -  -  B  -  -  -  -  -  B  -  -  -  -  B  -  -
                     -  B  -  B  B  -  -  -  -  -  B  -  -  -  -  -  B  -  B





Game Over Stones Exhausted
You are a Winner, User