What is your name?
Hi, User





                     -  -  -  -  -  -  -  -  -  -  -  -  -  -  -  -  -  -  -
                     -  -  -  -  -  -  -  -  -  -  -  -  -  -  -  -  -  -  -
                     -  -  -  -  -  -  -  -  -  -  -  -  -  -  -  -  -  -  -
                     -  -  -  -  -  -  -  -  -  -  -  -  -  -  -  -  -  -  -
                     -  -  -  -  -  -  -  -  -  -  -  -  -  -  -  -  -  -  -
                              -  -  -  -  -  -  -  -  -  -  -  -  -  -  -  -  -  -  -
                     -  -  -  -  -  -  -  -  -  -  -  -  -  -  -  -  -  -  -
Ticks: 0             -  -  -  -  -  -  -  -  -  -  -  -  -  -  -  -  -  -  -
                     -  -  -  -  -  -  -  -  -  -  -  -  -  -  -  -  -  -  -
                     -  -  -  -  -  -  -  -  -  -  -  -  -  -  -  -  -  -  -
Black: 0             -  -  -  -  -  -  -  -  -  -  -  -  -  -  -  -  -  -  -
                     -  -  -  -  -  -  -  -  -  -  -  -  -  -  -  -  -  -  -
                     -  -  -  -  -  -  -  -  -  -  -  -  -  -  -  -  -  -  -
                     -  -  -  -  -  -  -  -  -  -  -  -




                     -  -  -   -  -  -  -  -  -  -  -  -  -
               -  -  -  -  -  -  - -  -  -  -  -  -  -  -  -  -
      -  -  -  -  -  -  -
            -  -  -  -  -  -  -  -  -  -
Whi -  -  -  -  -  -  -  -  -  -  -  -  -  -  -  -  -  -  -
Ticks: 0             -  -  -  -  -  -  -  -  -  -  -  -  -  -  -  -  -  -  -
                     -  -  -  -  -  -  -  -  -  -  -  -  -  -  -  -  -  -  -
                     -  -  -  -  -  -  -  -  -  -  -  -  -  -  -  -  -  -  -
Black: 1             -  -  -  -  -  -  -  -  -  -  -  -  -  -  -  -  -  -  -
                     -  -  -  -  -  -  -  -  -  -  -  -  -  -  -  -  -  -  -
                     -  -  -  -  -  -  -  -  -  -  -  -  -  -  -  -  -  -  -
                     -  -  -  -  -  B  -  -  -  -  -  -  -  -  -  -  -  -  -
                     -  -  -  -  -  -  -  -  -  -  -  -  -  -  -  -  -  -  -
                     -  -  -  -  -  -  -  -  -  -  -  -  -  -  -  -  -  -  -
                     -  -  -  -  -  -  -  -  -  -  -  -  -  -  -  -  -  -  -





1 B >




                     -  -  -  -  -  -  -  -  -  -  -  -  -  -  -  -  -  -  -
                     -  -  -  -  -  -  -  -  -  -  -  -  -  -  -  -  -  -  -  -  -  -  -  -  -  -  -  -  - -
                     -  -  -  -  -  -  -  -  -  -  -  -  W  -  -  -  -  -  -
                     -  -  -  -  -  -  -  -  -  -  -  -  -  -  -  -  -  -  -   -  -  -  -  -  -  -  -  -
Ticks: 1             -  -  -  -  -  -  -  -  -  -  -  -  -  -  -  -  -  -  -
                     -  -  -  -  -  -  -  -  -  -  -  -  -  -  -  -  -  -  -
                     -  -  -  -  -  -  -  -  -  -  B  -  -  -  -  -  -  -  -
Black: 2             -  -  -  -  -  -  -  -  -  -  -  -  -  -  -  -  -  -  -
                     -  -  -  -  -  -  -  -  -  -  -  -  -  -  -  -  -  -  -
                     -  -  -  -  -  -  -  -  -  -  -  -  -  -  -  -  -  -  -
                     -  -  -  -  -  B  -  -  -  -  -  -  -  -  -  -  -  -  -
                     -  -  -  -  -  -  -  -  -  -  -  -  -  -  -  -  -  -  -
                     -  -  -  -  -  -  -  -  -  -  -  -  -  -  -  -  -  -  -
                     -  -  -  -  -  -  -  -  -  -  -  -  -  -  -  -  -  -  -





2 B >




                     -  -  -  -  -  -  -  -  -  -  -  -  -  -  -  -  -  -  -
                     -  -  -  -  -  -  -  -   -  -  -  -  -  -  -  -  -  -  -  -  -
                     -  -  -  -  -  -  W  -  -  -  -  -  -
2             -  -  -  -  -  -  -  -  -  -  -  -  -  -  -  -  -
    -  -  -  -  -  -  -  -  -  -  -  -
Ticks: 2             -  -  -  -  -  -  -  -  -  -  -  -  -  -  -  -  -  -  -
                     -  -  -  -  -  -  -  -  -  -  -  -  -  -  -  -  -  -  -
                     -  -  -  -  -  -  -  -  -  -  B  -  -  -  -  -  -  -  -
Black: 3             -  -  -  -  -  -  -  -  -  -  -  -  -  -  -  -  -  -  -
                     -  -  -  -  -  -  -  -  -  -  -  -  -  -  -  -  -  -  -
                     -  -  -  -  -  -  -  -  -  -  -  -  -  -  -  -  -  -  -
                     -  -  -  -  -  B  -  -  -  -  -  -  -  -  -  -  -  -  -
                     -  -  -  -  -  -  -  -  -  -  -  -  -  -  -  -  -  -  -
                     -  -  -  -  -  -  -  -  -  -  -  -  -  -  -  -  -  -  -
                     -  -  -  -  -  -  -  -  -  B  -  -  -  -  -  -  -  -  -





3 B >




                     -  -  -  -  -  -  -  -  -  -  -  -  -  -  -  -  -  -  W
                     -  -  -  -  -  -  -  -  -  -  -  -  -  -  -  -  -  -  W
     -  -  -  -  -  -  -  -  -  -
    
                     -  -  -  -                      -  -  -  -  -  -  -  -  -  -  -  -  -  -  -  -  -  -  -
Ticks: 3             -  -  -  -  -  -  -  -  -  -  -  -  -  -  -  -  -  -  -
                     -  -  -  -  -  -  -  -  -  -  -  -  -  -  -  -  -  -  -
                     -  -  -  -  -  -  -  -  -  -  B  -  -  -  -  -  -  -  -
Black: 3             -  -  -  -  -  -  -  -  -  -  -  -  -  -  -  -  -  -  -
                     -  -  -  -  -  -  -  -  -  -  -  -  -  -  -  -  -  -  -
                     -  -  -  -  -  -  -  -  -  -  -  -  -  -  -  -  -  -  -
                     -  -  -  -  -  B  -  -  -  -  -  -  -  -  -  -  -  -  -
                     -  -  -  -  -  -  -  -  -  -  -  -  -  -  -  -  -  -  -
                     -  -  -  -  -  -  -  -  -  -  -  -  -  -  -  -  -  -  -
                     -  -  -  -  -  -  -  -  -  B  -  -  -  -  -  -  -  -  -





4 B >




                     -  -  -  -  -  -  -  -  -  -  -  -  -  -  -  -  -  -  W
                     -  -  -  -  -  -  -  -  -  -  -  -  -  -  -  -  -  -  W
                           -  -  -  -  -    -  -  -  -  -  -  -  -  -  -                    -  -  -  -  -  -  -  -  -  -  -  -  -  -  -  -  -  -  -
Ticks: 4             -  -  -  -  -  -  -  -  -  -  -  -  -  -  -  -  -  -  -
                     -  -  -  -  -  -  -  -  -  -  -  -  -  -  -  -  -  -  -
                     -  -  -  -  -  -  -  -  -  -  B  -  -  -  -  -  -  -  -
Black: 4             -  -  -  -  -  -  -  -  -  -  -  -  -  -  -  -  -  -  -
                     -  -  -  -  -  -  -  -  -  -  -  -  -  -  -  -  -  -  -
                     -  -  -  -  -  -  -  -  -  -  -  -  -  -  -  -  -  -  -
                     -  -  -  -  -  B  -  -  -  -  -  -  -  -  -  -  -  -  -
                     -  -  -  -  -  -  -  -  -  -  -  -  -  -  -  -  -  -  -                 -  -  -  -  -  -  -  -  -  B  -  -  -  -  -  -  -  -  -





5 B >




                     -  -  -  -  -  -  -  B  -  -  -  -  -  -  -  -  -  -  W
                     -  -  -  -  -  -  -  -  -  -  -  -  -  -  -  -  -  -  W
                     -  -  -  -  -  -  W  -  -  -  -  -  -  -  -W
                     -  -  -  -  -  B  -  -
White: 5              -  -  -  -  -  -  -  -  -  -  -
Ticks: 5             -  -  -  -  -  -  -  -  -  -  -  -  -  -  -  -  -  -  -
                     -  -  -  -  -  -  -  -  -  -  -  -  -  -  -  -  -  -  -
                     -  -  -  -  -  -  -  -  -  -  B  -  -  -  -  -  -  -  -
Black: 5             -  -  -  -  -  -  -  -  -  -  -  -  -  -  -  -  -  -  -
                     -  -  -  -  -  -  -  -  -  -  -  -  -  -  -  -  -  -  -
                     -  -  -  -  -  -  -  -  -  -  -  -  -  -  -  -  -  -  -
                     -  -  -  -  -  B  -  -  -  -  -  -  -  -  -  -  -  -  -
                     -  -  -  -  -  -  -  -  -  -  -  -  -  -  -  -  -  -  -
                     -  -  -  -  -  -  -  -  -  -  -  -  -  -  -  -  -  -  -
                     -  -  -  -  -  -  -  -  -  B  -  -  -  -  -  -  -  -  -





6 B >




                     -  -  -  -  -  -  -  B  -  -  -  -  -  -  -  -  -  -  W
                     -  -  -  -  -  -  -  -  -  -  -  -  -  -  -  -  -  -  W
                     -  -  -  -  -  -  -
                    -  -  -  -  -  -  -  -  -  -    -  -  -  -  -  -  -  -  -  -  -  -  -
Ticks: 6             -  -  -  -  -  -  -  -  -  -  -  -  -  -  -  -  -  -  -
                     -  -  -  -  -  -  -  -  -  -  -  -  -  -  -  -  -  -  -
                     -  -  -  -  -  -  -  -  -  -  B  -  -  -  -  -  -  -  -
Black: 6             -  -  -  -  -  -  -  -  -  -  -  -  -  -  -  -  -  -  -
                     -  -  -  -  -  -  -  -  -  -  -  -  -  -  -  -  -  -  -
                     -  -  -  -  -  -  -  -  -  B  -  -  -  -  -  -  -  -  -
                     -  -  -  -  -  B  -   -  -  -  -  -  -  -  -  -  -  -  -  -  -  -  -  -  -  -
                     -  -  -  -  -  -  -  -  -  -  -  -  -  -  -  -  -  -  -
                     -  -  -  -  -  -  -  -  -  B  -  -  -  -  -  -  -  -  -





7 B >




                     -  -  -  -  -  -  -  B  -  -  -  -  -  -  -  -  -  -  W
                     -  -  -  -  -   -  -  -  -  -  W
                -  -  -  -  -  -  -  -  B  -  -hite: 7             -  -  -  -  - -  -  -  -  -  -  -  -  -  -
Ticks: 7             -  -  -  -  -  -  -  -  -  -  -  -  -  -  -  -  -  -  -
                     -  -  -  -  -  -  -  -  -  -  -  -  -  -  -  -  -  -  -
                     -  -  -  -  -  -  -  -  -  -  B  -  -  -  -  -  -  -  -
Black: 8             -  -  -  -  -  -  -  -  -  -  -  -  -  -  -  -  -  -  -
                     -  -  -  -  -  -  -  -  -  -  -  -  -  -  -  -  -  -  -
                     -  -  -  -  -  -  -  -  -  B  -  -  -  -  -  -  -  -  -
                     -  -  -  -  -  B  -  -  -  -  -  -  -  -  -  -  -  -  -
                     -  -  -  -  -  -  -  -  -  -  -  -  -  -  -  -  -  -  -
                     -  -  -  -  -  -  -  -  B  -  -  -  -  -  -  -  -  -  -
                     -  -  -  -  -  -  -  -  -  B  -  -  -  -  -  -  -  -  -





8 B >




                     -  -  -  -  -  -  -  B  -  -  -  -  -  -  -  W  -  -  W
                     -  -  -  -  -  -  -  -  -  -  -  -  -  -  -  -  --  -  -  -  -  -  -  -  -  -  -  -  -  -  -  -  -  -  -  -  -  -  -  -  -  -  -  -  -
Ticks: 8             -  -  -  -  -  -  -  -  -  -  -  -  -  -  -  -  -  -  -
                     -  -  -  -  -  -  -  -  -  -  -  -  -  -  -  -  -  -  -
                     -  -  -  -  -  -  -  -  -  -  B  -  -  -  -  -  -  -  -
Black: 9             -  -  -  -  -  -  -  -  -  -  -  -  -  -  -  -  -  -  -
                     -  -  -  -  -  -  -  -  -  -  -  -  -  -  -  -  -  -  -
                     -  -  -  -  -  -  -  -  -  B  -  -  -  -  -  -  -  -  -
                     -  -  -  -  -  B  -  -  -  -  -  -  -  -  -  -  -  -  -
                     -  -  -  -  -  -  -  -  -  -  -  -  -  -  -  -  -  -  -
                     -  -  -  -  -  -  -  -  B  -  -  -  -  -  -  -  -  -  -
                     -  -  -  -  -  -  -  -  -  B  -  -  -  -  -  -  -  -  -





9 B >




                     -  -  -  -  -  -  -  B  -  -  -  -  -  -  -  W  -  -  W
                     -  -  -  -  -  -  -  W  -  -  -  -  -  -  -  -  -                 -  -  -  -  -  - -  -  -  -  -  B  -  -  -  W  W
             -  -  -  -  -  -  -  -  -  -  -  -  -  -  -  -  -  -                   -  -  -  -  -  -  -  -  B  -  -
White: 9 -  -  -  -  B  -  -  -  -  -  -    -
                     -  -  -  -   -  -  -  -  -  -  -  -  -  -
Ticks: 9             -  -  -  -  -  -  -  -  -  -  -  -  -  -  -  -  -  -  -
                     -  -  -  -  -  -  -  -  -  -  -  -  -  -  -  -  -  -  -
                     -  -  -  -  -  -  -  -  -  -  B  -  -  -  -  -  -  -  -
Black: 10            -  -  -  -  -  -  -  -  -  -  -  -  -  -  -  -  -  -  -
                     -  -  -  -  -  -  -  -  -  -  -  -  -  -  -  -  -  -  -
                     -  -  -  -  -  -  -  -  -  B  -  -  -  -  -  -  -  -  -
                     -  -  -  -  -  B  -  -  -  -  -  -  -  -  -  -  -  -  -
                     -  -  -  -  -  -  -  -  -  -  -  -  -  -  -  -  -  -  -
                     -  -  -  -  -  -  -  -  B  -  -  -  -  -  -  -  -  -  -
                     -  -  -  -  -  -  -  -  -  B  -  -  -  -  -  -  -  -  -





10 B >




                     -  -  -  -  -  -  -  B  -  -  -  -  -  -  -  W  W  -  W
                     -  -  -  -  -  -  -  W  -  -  -  -  -  -  -  -  -  -  W B  -  -  -  W  W
               -  -  -  -  -
                    
                     -  -  -  -            -  -  -  -  -  -  -  -  -  -  B  -  -  -  -  -  -  -  -
Ticks: 10            -  -  -  -  -  -  -  -  -  -  -  -  -  -  -  -  -  -  -
                     -  -  -  -  -  -  -  -  -  -  -  -  -  -  -  -  -  -  -
                     -  -  -  -  -  -  -  -  -  -  B  -  -  -  -  -  -  -  -
Black: 11            -  -  -  -  -  -  -  -  -  -  -  -  -  -  -  -  -  -  -
                     -  -  -  -  -  -  -  -  -  -  -  -  -  -  -  -  -  -  -
                     -  -  -  -  -  -  -  -  -  B  -  -  -  -  -  -  -  -  -
                     -  -  -  -  -  B  -  -  -  -  -  -  -  -  -  -  -  -  -
                     -  -  -  -  -  -  -  -  -  -  -  -  -  -  -  -  -  -  -
                     -  -  -  -  -  -  -  -  B  -  -  -  -  -  -  -  -  -  -
                     -  -  -  -  -  -  -  -  -  B  -  -  -  -  -  -  -  -  -





11 B >




                     -  -  -  -  -  -  -  B  -  -  -  -  -  -  -  W  W  -  W
                     -  -  -  -  -                      -  -  -  -  -  -  B  -  -  -  -  -  -  -  -  - -  -  -  -  -  -  -  -  -  -  B  -  -  -  -  -  -  -  -
Ticks: 11            -  -  -  -  -  -  -  -  -  -  -  -  -  -  -  -  -  -  -
                     -  -  -  -  -  -  -  -  -  -  -  -  -  -  -  -  -  -  -
                     -  -  -  -  -  -  -  -  -  -  B  -  -  -  -  -  -  -  -
Black: 23            -  -  -  -  -  -  -  -  -  -  -  -  -  -  -  -  -  -  -
                     -  -  -  -  -  -  -  -  -  -  -  -  -  -  -  -  -  -  -
                     -  -  -  -  -  -  -  -  -  B  -  -  -  -  -  -  -  -  -
                     -  -  -  -  -  B  -  -  -  -  -  -  -  -  -  -  -  -  -
                     -  -  -  -  -  -  -  -  -  -  -  -  -  -  -  -  -  -  -
                     -  -  -  -  -  -  -  -  B  -  -  -  -  -  -  -  -  -  -
                     -  -  -  -  -  -  -  -  -  B  -  -  -  -  -  -  -  -  -





12 B >




                     -  -  -  -  -  -  -  B  -  -  -  -  -  -  -  W  W  -  W
                     -  -  -  -  -  -  -  W  -  -  -  -  -  -  -  W  -  -  W
                     B  -  -
White: 12            -  -  B  -  -  -  -  -  -  -  -
Ticks: 12            -  -  -  -  -  -  -  -  -  -  -  -  -  -  -  -  -  -  -
                     -  -  -  -  -  -  -  -  -  -  -  -  -  -  -  -  B  -  -
                     -  -  -  -  -  -  -  -  -  -  B  -  -  -  -  -  -  -  -
Black: 24            -  -  -  -  -  -  -  -  -  -  -  -  -  -  -  -  -  -  -
                     -  -  -  -  -  -  -  -  -  -  -  -  -  -  -  -  -  -  -
                     -  -  -  -  -  -  -  -  -  B  -  -  -  -  -  -  -  -  -
                     -  -  -  -  -  B  -  -  -  -  -  -  -  -  -  -  -  -  -
                     -  -  -  -  -  -  -  -  -  -  -  -  -  -  -  -  -  -  -
                     -  -  -  -  -  -  -  -  B  -  -  -  -  -  -  -  -  -  -
                     -  -  -  -  -  -  -  -  -  B  -  -  -  -  -  -  -  -  -





13 B >




                     -  -  -  -  -  -  -  B  -  -  -  -  -  -  -  W  W  -  W
                     -  -  -  -  -  -  -  W  -  -  -  -  -  -  W  W  -  -  -  -  -  W  -  -  -  -  -                       -  -  B  -    -  -  -  -  -  -  -  -  -  B  -  -
White: 13            -  -  -  -  B  -  -  -  -  -  -  -  -  - -  -  -  -  -  -  B  -  -  -  -  -  -  -  -
Ticks: 13            -  -  -  -  -  -  -  -  -  -  -  -  -  -  -  -  -  -  -
                     -  -  -  -  -  -  -  -  -  -  -  -  -  -  -  -  B  -  -
                     -  -  -  -  -  -  -  -  -  -  B  -  -  -  -  -  -  -  -
Black: 25            -  -  -  -  -  -  -  -  -  -  -  -  -  -  -  -  -  -  -
                     -  -  -  -  -  -  -  -  -  -  -  -  -  -  -  -  -  -  -
                     -  -  -  -  -  -  -  -  -  B  -  -  -  -  -  -  -  -  -
                     -  -  -  -  -  B  -  -  -  -  -  -  -  -  -  -  -  -  -
                     -  -  -  -  -  -  -  -  -  -  -  -  -  -  -  -  -  -  -
                     -  -  -  -  -  -  -  -  B  -  -  -  -  -  -  -  -  -  -
                     -  -  -  -  -  -  -  -  -  B  -  -  -  -  -  -  -  -  -





14 B >14 B >




                     -  -  -  -  -  -  -  B  -  -  -  -  -  -  -  W  W  -  W
                     -  -  -  -  -  -  -  W  W  -  -  -  -  -  W  W  -  -  W
                    -  -  -  -
                       -  -  -  -  -  -  -  -  -  -  -
     -  -  -  -  -  -  -  -  -  -  B  -  -  -  -  -  -  -  -
Ticks: 14            -  -  -  -  -  -  -  -  -  -  -  -  -  -  -  -  -  -  -
                     -  -  -  -  -  -  -  -  -  -  -  -  -  -  -  -  B  -  -
                     -  -  -  -  -  -  -  -  -  -  B  -  -  -  -  -  -  -  -
Black: 26            -  -  -  -  -  -  -  -  -  -  -  -  -  -  -  -  -  -  -
                     -  -  -  -  -  -  -  -  -  -  -  -  -  -  -  -  -  -  -
                     -  -  -  -  -  -  -  -  -  B  B  -  -  -  -  -  -  -  -
                     -  -  -  -  -  B  -  -  -  -  -  -  -  -  -  -  -  -  -
                     -  -  -  -  -  -  -  -  -  -  -  -  -  -  -  -  -  -  -
                     -  -  -  -  -  -  -  -  B  -  -  -  -  -  -  -  -  -  -
                     -  -  -  -  -  -  -  -  -  B  -  -  -  -  -  -  -  -  -





15 B >




                     -  -  -  -  -  -  -  B  -  -  -  -  -  -  -  W  W  -  W
    -  -  -  -  -  -  -  W  W  -  -  -  -  -  -  -  -  -  -  -  -  -  -  -  -  -  -  -  -  -  -  -  -  B -  -  -  -  -  -  -  -  -  -  -
        -  -  -  -  -  -  -  -  -  -  B  -  -  -  -  -  -  -  -
Ticks: 15            -  -  -  -  -  -  -  -  -  -  -  -  -  -  -  -  -  -  -
                     -  -  -  -  -  -  -  B  -  -  -  -  -  -  -  -  B  -  -
                     -  -  -  -  -  -  -  -  -  -  B  -  -  -  -  -  -  -  -
Black: 27            -  -  -  -  -  -  -  -  -  -  -  -  -  -  -  -  -  -  -
                     -  -  -  -  -  -  -  -  -  -  -  -  -  -  -  -  -  -  -
                     -  -  -  -  -  -  -  -  -  B  B  -  -  -  -  -  -  -  -
                     -  -  -  -  -  B  -  -  -  -  -  -  -  -  -  -  -  -  -
                     -  -  -  -  -  -  -  -  -  -  -  -  -  -  -  -  -  -  -
                     -  -  -  -  -  -  -  -  B  -  -  -  -  -  -  -  -  -  -
                     -  -  -  -  -  -  -  -  -  B  -  -  -  -  -  -  -  -  -





16 B >




                     -  -  -  -  -  -  -  B  W  -  -  -  -  -  -  W  W  -  W
           -  -  -  -  -  -  -  -  - -
                     -  -  B   -  -  -  -  -  -  -  -  B  -  -  -  -  -  -  -  -  -  -  -  -  -   -  -  -  -  -  B  -  -  -  -  -  -  -  -
Ticks: 16            -  -  -  -  -  -  -  -  -  -  -  -  -  -  -  -  -  -  -
                     -  -  -  -  -  -  -  B  -  -  -  -  -  -  -  -  B  -  -
                     -  -  -  -  -  -  -  -  -  -  B  -  -  -  -  -  -  -  -
Black: 28            -  -  -  -  -  -  -  -  -  -  -  -  -  -  -  -  -  -  -
                     -  -  -  -  -  -  -  -  -  -  -  -  -  -  -  -  -  -  -
                     -  -  -  -  -  -  -  -  -  B  B  -  -  -  -  -  -  -  -
                     -  -  -  -  -  B  -  -  -  -  -  -  -  -  -  -  -  -  -
                     -  -  -  -  -  -  -  -  -  -  -  -  -  -  -  -  -  -  -
                     -  -  -  -  -  -  -  -  B  -  -  -  -  -  -  -  -  -  -
                     -  -  -  -  -  -  -  -  -  B  -  -  -  -  -  -  -  -  -





17 B >




                     -  -  -  -  -  -  -  B  W  -  -  -  -  -  -  W  W  -  W
                     -  -  -  -  -  -  -  W  W  -  -  -  -  -  W  W  -  -  W
                     -  - -  W  -  W  W
                  -  B  -  -  -  -  -  -  -  -  -    -  -  -
                     -  B  -  -  -  -  -  -  -  -  B  -  -  -  -  -  -  -  -
Ticks: 17            -  -  -  -  -  -  -  -  -  -  -  -  -  -  -  -  -  -  -
                     -  -  -  -  -  -  -  B  -  -  B  -  -  -  -  -  B  -  -
                     -  -  -  -  -  -  -  -  -  -  B  -  -  -  -  -  -  -  -
Black: 30            -  -  -  -  -  -  -  -  -  -  -  -  -  -  -  -  -  -  -
                     -  -  -  -  -  -  -  -  -  -  -  -  -  -  -  -  -  -  -
                     -  -  -  -  -  -  -  -  -  B  B  -  -  -  -  -  -  -  -
                     -  -  -  -  -  B  -  -  -  -  -  -  -  -  -  -  -  -  -
                     -  -  -  -  -  -  -  -  -  -  -  -  -  -  -  -  -  -  -
                     -  -  -  -  -  -  -  -  B  -  -  -  -  -  -  -  -  -  -
                     -  -  -  -  -  -  -  -  -  B  -  -  -  -  -  -  -  -  -





18 B >




                     -  -  -  -  -  -  -  B  W  -  -  -  -  -  -  W  W  -  W
                     -  -  -  -  -  -  -  W  W  -  -  -  -  -  W  W  -  -  W
                     -  -  -  W  W  W  -  -  -  -  -  B  --  -  -  -  -  -  -  -  -
         -  -  -  -  -  B  -  -  -  -  -  -  -  -
Ticks: 18            -  -  -  -  -  -  -  -  -  -  -  -  -  -  -  -  -  -  -
                     -  -  -  -  -  -  -  B  -  -  B  -  -  -  -  -  B  -  -
                     -  -  -  -  -  -  -  -  -  -  B  -  -  -  -  -  -  -  -
Black: 41            -  -  -  -  -  -  -  -  -  -  -  -  -  -  -  -  -  -  -
                     -  -  -  -  -  -  -  -  -  -  -  -  -  -  -  -  -  -  -
                     -  -  -  -  -  -  -  -  -  B  B  -  -  -  -  -  -  -  -
                     -  -  -  -  -  B  -  -  -  -  -  -  -  -  -  -  -  -  -
                     -  -  -  -  -  -  -  -  -  -  -  -  -  -  -  -  -  -  -
                     -  -  -  -  -  -  -  -  B  -  -  -  -  -  -  -  -  -  -
                     -  -  -  -  -  -  -  -  -  B  -  -  -  -  -  -  -  -  -





19 B >




                     -  -  -  -  -  -  -  B  W  -  -  -  -  -  -  W  W  -  W
                     -  -  -  -  -  -  -  W  W  -  -  -  -  -  W  W  W
                     -  -  -  -  -  -  -  B  -  -
White: 19         -  -  -  -  B  -  -  -  -  - -  -  -  -  -  -  -  B  -  -  -  -  -  -  -  -
Ticks: 19            -  -  -  -  -  -  -  -  -  -  -  -  -  -  -  -  -  -  -
                     -  -  -  -  -  -  -  B  -  -  B  -  -  -  -  -  B  -  -
                     -  -  -  -  -  -  -  -  -  -  B  -  -  -  -  -  -  -  -
Black: 42            -  -  -  -  -  -  -  -  -  -  -  -  -  -  -  -  -  -  -
                     -  -  -  -  -  -  -  -  -  -  -  -  -  -  -  -  -  -  -
                     -  -  -  -  -  -  -  -  -  B  B  -  -  -  -  -  -  -  -
                     -  -  -  -  -  B  -  -  -  -  -  -  -  -  -  -  -  -  -
                     -  -  -  -  -  -  -  -  -  -  -  -  -  -  -  -  -  -  -
                     -  -  -  -  -  -  -  -  B  -  -  -  -  -  -  -  -  -  -
                     -  -  -  -  -  -  -  -  -  B  -  -  -  -  -  -  -  -  -





20 B >




                     -  -  -  -  -  -  -  B  W  -  -  -  -  -  -  W  W  -  W
                     -  -  -  -  -  W  W  -  -  W
                            -  -  -  -  B  -  -  -    -  -  -  -  -  -
Ticks: 20            -  -  -  -  -  -  -  -  -  -  -  -  -  -  -  -  -  -  -
                     -  -  -  -  -  -  -  B  -  -  B  -  -  -  -  -  B  -  -
                     -  -  -  -  -  -  -  -  -  -  B  -  -  -  -  -  -  -  -
Black: 43            -  -  -  -  -  -  -  -  -  -  -  -  -  -  -  -  -  -  -
                     -  -  -  -  -  -  -  -  -  -  -  -  -  -  -  -  -  -  -
                     -  -  -  -  -  -  -  -  -  B  B  -  -  -  -  -  -  -  -
                     -  -  -  -  -  B  -  -  -  -  -  -  -  -  -  -  -  -  -
                     -  -  -  -  -  -  -  -  -  -  -  -  -  -  -  -  -  -  -
                     -  -  -  -  -  -  -  -  B  -  -  -  -  -  -  -  -  -  -
                     -  -  -  -  -  -  -  -  -  B  -  -  -  -  -  -  -  -  -





21 B >




                     -  -  -  -  -  -  -  B  W  W  -  -  -  -  -  W  W  -  W
                     -  -  -  -  -  -  -   W  -  -  -  -  -  W  W  -    -  -  -  -  -  -  -  -  -  - W  -  -  W  -  -  -
               -  -  B  -  -
White: 21            -  B  B  -  -  B  -  -  -  -  B  -  -  -  -  -  -  -  -
Ticks: 21            -  -  -  -  -  -  -  -  -  -  -  -  -  -  -  -  -  -  -
                     -  -  -  -  -  -  -    -  -  B  -  -
                     -  -  -  -  -  -  -  -  -  -  B  -  B  -  -  -  -  -  -
Black: 44            -  -  -  -  -  -  -  -  -  -  -  -  -  -  -  -  -  -  -
                     -  -  -  -  -  -  -  -  -  -  -  -  -  -  -  -  -  -  -
                     -  -  -  -  -  -  -  -  -  B  B  -  -  -  -  -  -  -  -
                     -  -  -  -  -  B  -  -  -  -  -  -  -  -  -  -  -  -  -
                     -  -  -  -  -  -  -  -  -  -  -  -  -  -  -  -  -  -  -
                     -  -  -  -  -  -  -  -  B  -  -  -  -  -  -  -  -  -  -
                     -  -  -  -  -  -  -  -  -  B  -  -  -  -  -  -  -  -  -





22 B >




                     -  -  -  -  -  -  -  B  W  W  -  -  -  -  -  W  W  -  W
                     -  -  -  -  -  -  -  W  W  -  -  -  -  -  W  W  -  -  W
                     -  -  -  -  -  W  W  W  -  -  -  -  W  -  B  -  -  -  -  -  -  -  -  BB  -  -  -  -  -  -  -  -  -  -  --
                     -  B  B  -  -  B  -  -  -  -  B  -  -  -  -  -  -  -  -
Ticks: 22            -  -  -  -  -  -  -  -  -  -  -  -  -  -  -  -  -  -  -
                     -  -  -  -  -  -  -  B  -  -  B  -  -  -  -  -  B  -  -
                     -  -  -  -  -  -  -  -  -  -  B  -  B  -  -  -  -  -  -
Black: 45            -  -  -  -  -  -  -  -  -  -  -  -  -  -  -  -  -  -  -
                     -  -  -  -  -  -  -  -  -  -  -  -  -  -  -  -  -  -  -
                     -  -  -  -  -  -  -  -  -  B  B  -  -  -  -  -  -  -  -
                     -  -  -  -  -  B  -  -  -  -  -  -  -  -  -  -  -  -  -
                     -  -  -  -  -  -  -  -  -  -  -  -  -  -  -  -  -  -  -
                     -  -  -  -  -  -  -  -  B  -  -  -  -  -  -  -  -  -  -
                     -  -  -  -  -  -  -  -  -  B  -  -  -  -  -  -  -  -  -





23 B >




                     -  -  -  -  -  -  -  B  W  W  -  -  -  -  -  W  W  -  W
                     -  -  -  -  -  -  -  W  W  -  -  -  -  -  W  W  -  -  W
                     -  -  -                 -  -  B  -  -  - -  B  -  -  -  -  B  -  -  -  -  -  -  -  -
Ticks: 23            -  -  -  -  -  -  -  -  -  -  -  -  -  -  -  -  -  -  -
                     -  -  -  -  -  -  -  B  -  -  B  -  -  -  -  -  B  -  -
                     -  -  -  -  -  -  -  -  -  -  B  -  B  -  -  -  -  -  -
Black: 46            -  -  -  -  -  -  -  -  -  -  -  -  -  -  -  -  -  -  -
                     -  -  -  -  -  -  -  -  -  -  -  -  -  -  -  -  -  -  -
                     -  -  -  -  -  -  -  -  -  B  B  -  -  -  -  -  -  -  -
                     -  -  -  -  -  B  -  -  -  -  -  -  -  -  -  -  -  -  -
                     -  -  -  -  -  -  -  -  -  -  -  -  -  -  -  -  -  -  -
                     -  -  -  -  -  -  -  -  B  -  -  -  -  -  -  -  -  -  -
                     -  -  -  -  -  -  -  -  -  B  -  -  -  -  -  B  -  -  -





24 B >




                     -  -  -  -  -  -  -  B  W  W  -  -  -  -  -  W  W  -  W
                     -  -  -  -  -  -  -  W  W  -  -  -  -  W  W  W           -  -  B  -  -  -  -  -    -  -  B  -  -  -  -  B  -  -
Whi  -  B  B  -  -  B  -  -  -  -  B  -  -  -  -  -  -  -  -
Ticks: 24            -  -  -  -  -  -  -  -  -  -  -  -  -  -  -  -  -  -  -
                     -  -  -  -  -  -  -  B  -  -  B  -  -  -  -  -  B  -  -
                     -  -  -  -  -  -  -  -  -  -  B  -  B  -  -  -  -  -  -
Black: 48            -  -  -  -  -  -  -  -  -  -  -  -  -  -  -  -  B  -  -
                     -  -  -  -  -  -  -  -  -  -  -  -  -  -  -  -  -  -  -
                     -  -  -  -  -  -  -  -  -  B  B  -  -  -  -  -  -  -  -
                     -  -  -  -  -  B  -  -  -  -  -  -  -  -  -  -  -  -  -
                     -  -  -  -  -  -  -  -  -  -  -  -  -  -  -  -  -  -  -
                     -  -  -  -  -  -  -  -  B  -  -  -  -  -  -  -  -  -  -
                     -  -  -  -  -  -  -  -  -  B  -  -  -  -  -  B  -  -  -





25 B >25 B >




                     -  -  -  -  -  -  -  B  W  W  -  -  -  -  -  W  W  -  W
                     -  -  -  -  -  -  -  W  W  -  -  -  -  W  W  W  -  -  W
                    -  B  -  -
White: 25             B  -  -  -  -  B  -  -  -  -  -  -  -  -
Ticks: 25            -  -  -  -  -  -  -  -  -  -  -  -  -  -  -  -  -  -  -
                     -  -  -  -  -  -  -  B  -  -  B  -  -  -  -  -  B  -  -
                     -  -  -  -  -  -  -  -  -  -  B  -  B  -  -  -  -  -  -
Black: 49            -  -  -  -  -  -  -  -  -  -  -  -  -  -  -  -  B  -  -
                     -  -  -  -  -  -  -  -  -  -  -  -  -  -  -  -  -  -  -
                     -  -  -  -  -  -  -  -  -  B  B  -  -  B  -  -  -  -  -
                     -  -  -  -  -  B  -  -  -  -  -  -  -  -  -  -  -  -  -
                     -  -  -  -  -  -  -  -  -  -  -  -  -  -  -  -  -  -  -
                     -  -  -  -  -  -  -  -  B  -  -  -  -  -  -  -  -  -  -
                     -  -  -  -  -  -  -  -  -  B  -  -  -  -  -  B  -  -  -





26 B >26 B >




                     -  -  -  -  -  -  -  B  W  W  -  -  -  W  -  W  W  -  W
                     -  -  -  -  -  -  -  W  W  -  -  -  -  W  W  W  -  -  W
                     -  -  -  -  -  W  W  W  -  -            -  -  -  -  -  -  B  -  -  -  W  W  -  -  -  -  -
                     -  -  B  -  -  -  - -  -
White: 26            -  -  -  -  B  -  B  -  -  -  -  -  -  -  -  -  -  -  -
                     -  -  -  -  -  B  -  -  -  -  -  -  -  -  -  -  -  -  -
                     -  B  B  -  -  B  -  -  -  -  B  -  -  -  -  -  -  -  -
Ticks: 26            -  -  -  -  -  -  -  -  -  -  -  -  -  -  -  -  -  -  -
                     -  -  -  -  -  -  -  B  -  -  B  -  -  -  -  -  B  -  -
                     -  -  -  -  -  -  -  -  -  -  B  -  B  -  -  -  -  -  -
Black: 51            -  -  -  -   -  -  -  -  -  -  -  -  -  -  -  -  -  -  -  -
                     -  -  -  -  -  -  -  -  -  B  B  -  -  B  -  -  -  -  -
                     -  -  -  -  -  B  -  -  -  -  -  -  -  -  -  -  -  -  -
                     -  -  -  -  -  -  -  -  -  -  -  -  -  -  -  -  -  -  -
                     -  -  -  -  -  -  -  -  B  -  -  -  -  -  -  -  -  -  -
                     -  -  -  -  -  -  -  -  -  B  -  -  -  -  -  B  -  -  -





27 B >




                     -  -  -  -  -  -  -  B  W  W  -  -  -  W  -  W  W  -  W
                     -  -  -  -  -  -  -  WW  W  W  -  -  -  W  W  B  -  W    W  -  -  -  -  W  -  W  W  -  W  -  W  W  -  -  -  -  -
           -  -  -  -  -  -  -
           -  B  -  -  -  -  -  -  -  -
Ticks: 27            -  -  -  -  -  -  -  -  -  -  -  -  -  -  -  -  -  -  -
                     -  -  -  -  -  -  -  B  -  -  B  -  -  -  -  -  B  -  -
                     -  -  -  -  -  -  -  -  -  -  B  -  B  -  -  -  -  -  -
Black: 35            -  -  -  -  -  -  -  -  -  -  -  -  -  -  -  -  B  -  -
                     -  -  -  -  -  -  -  -  -  -  -  -  -  -  -  -  -  -  -
                     -  -  -  B  -  -  -  -  -  B  B  -  -  B  -  -  -  -  -
                     -  -  -  -  -  B  -  -  -  -  -  -  -  -  -  -  -  -  -
                     -  -  -  -  -  -  -  -  -  -  -  -  -  -  -  -  -  -  -
                     -  -  -  -  -  -  -  -  B  -  -  -  -  -  -  -  -  -  -
                     -  -  -  -  -  -  -  -  -  B  -  -  -  -  -  B  -  -  -





28 B >28 B >




                     -  -  -  -  -  -  -  B  W  W  -  -  -  W  -  W  W  -  W
                     -  -  -  -  -  W  -  -  -  -  W  -  W  W  -  W  -
                     -          -  B  B  -  -  B  -  -  -  -  B  -  -  -  -  -  -  -  -
Ticks: 28            -  -  -  -  -  -  -  -  -  -  -  -  -  -  -  -  -  -  -
                     -  -  -  -  -  -  -  B  -  -  B  -  -  -  -  -  B  -  -
                     -  -  -  -  -  -  -  -  -  -  B  -  B  -  -  -  -  -  -
Black: 36            -  -  -  -  -  -  -  -  -  -  -  -  -  -  -  -  B  -  -
                     -  -  -  -  -  -  -  -  -  -  -  -  -  -  -  -  -  -  -
                     -  -  -  B  -  -  -  -  -  B  B  -  -  B  -  -  -  -  -
                     -  -  -  -  -  B  -  -  -  -  -  -  -  -  -  -  -  -  -
                     -  -  -  -  -  -  -  -  -  -  -  -  -  -  -  -  -  -  -
                     -  -  -  -  -  -  -  -  B  -  -  -  -  -  -  -  -  -  -
                     -  -  -  -  -  -  -  -  -  B  -  -  -  -  -  B  -  -  -





29 B >




                     -  -  -  -  -  -  -  B  W  W  -  -  -  W  -  W  W  -  W
                     -  -  -  -  -  -  -  W  W   -  W  W  B  -  -  -  -
                     -  -  B  -  -  -  -  -  B  B  -  -  B  -  -  -  -  B  -  -  -  -  -  -  B  -
Ticks: 29            -  -  -  -  -  -  -  -  -  -  -  -  -  -  -  -  -  -  -
                     -  -  -  -  -  -  -  B  -  -  B  -  -  -  -  -  B  -  -
                     -  -  -  -  -  -  -  -  -  -  B  -  B  -  -  -  -  -  -
Black: 37            -  -  -  -  -  -  -  -  -  -  -  -  -  -  -  -  B  -  -
                     -  -  -  -  -  -  -  -  -  -  -  -  -  -  -  -  -  -  -
                     -  -  -  B  -  -  -  -  -  B  B  -  -  B  -  -  -  -  -
                     -  -  -  -  -  B  -  -  -  -  -  -  -  -  -  -  -  -  -
                     -  -  -  -  -  -  -  -  -  -  -  -  - -  -  -  -  -  -
                -  -  -  -  -  -  -  -  -
                     -  -  -  -  -  -  -  -  -  B  -  -  -  -  -  B  -  -  -





30 B >




                     B  -  -  -  -  -  -  B  W  W  -  -  -  W  -  W  W  -  W
     -  -  -  -  -  W  W  W  -  -  W  -  -  -  -  -  B  -  -  -  -  -      -  -  B  -  -  -  -  -  -                -  B  B  -  -  B  -  -  -  -  B  -  -  -  -  -  -  B  -
Ticks: 30            -  -  -  -  -  -  -  -  -  -  -  -  -  -  -  -  -  -  -
                     -  -  -  -  -  -  -  B  -  -  B  -  -  -  -  -  B  -  -
                     -  -  -  -  -  -  -  -  -  -  B  -  B  -  -  -  -  -  -
Black: 38            -  -  -  -  -  -  -  -  -  -  -  -  -  -  -  -  B  -  -
                     -  -  -  -  -  -  -  -  -  -  -  -  -  -  -  -  -  -  -
                     -  -  -  B  -  -  -  -  -  B  B  -  -  B  -  -  -  -  -
                     -  -  -  -  -  B  -  -  -  -  -  -  -  -  -  -  -  -  -
                     -  -  -  -  -  -  -  -  -  -  -  -  -  -  -  -  -  -  -
                     -  -  -  -  -  -  -  -  B  -  -  -  -  -  -  -  -  -  -
                     -  -  -  -  -  -  -  -  -  B  -  -  -  -  -  B  -  -  -





31 B >




                     B  -  -  -  -  -  -  B  W  W  -  -  -  W  -  W  W  -  W
                     -  -  -  -  -  -  -  W  W  -  -  -  -  W  W  W  -  -  W
                     -  -   -  B  -  -  -  -  -  -  -  -    -
                     -  -  -   B  -  -  -  -  -  -  -  -  -  - -  B  -  -  -  -  -  -  B  -
Ticks: 31            -  -  -  -  -  -  -  -  -  -  -  -  -  -  -  -  -  -  -
                     -  -  -  -  -  -  -  B  -  -  B  -  -  -  -  -  B  -  -
                     -  -  -  -  -  -  -  -  -  -  B  -  B  -  -  -  -  -  -
Black: 38            -  -  -  -  -  -  -  -  -  -  -  -  -  -  -  -  B  -  -
                     -  -  -  -  -  -  -  -  -  -  -  -  -  -  -  -  -  -  -
                     -  -  -  B  -  -  -  -  -  B  B  -  -  B  -  -  -  -  -
                     -  -  -  -  -  B  -  -  -  -  -  -  -  -  -  -  -  -  -
                     -  -  -  -  -  -  -  -  -  -  -  -  -  -  -  -  -  -  -
                     -  -  -  -  -  -  -  -  B  -  -  -  -  -  -  -  -  -  -
                     -  -  -  -  -  -  -  -  -  B  -  -  -  -  -  B  -  -  -





32 B >




                     B  -  -  -  -  -  -  B  W  W  -  -  -  W  -  W  W  -  W
                     -  -  -  -  -  -  -  W  W  -  -  -  -  W  W  W  -  -  W
                     -  -  -  -  -  W  W  W  -  -  W  W  W  B  -  W  -  W  W
                                   -  -  B  -  -  -  B  -  -  -  -  -  -  -  -  -  -                   -  B  B  -  -  B  -  -  -  -  B  -  -  -  -  -  -  B  -
Ticks: 32            -  -  -  -  -  -  -  -  -  -  -  -  -  -  -  -  -  -  -
                     -  -  -  -  -  -  -  B  -  -  B  -  -  -  -  -  B  -  -
                     -  -  -  -  -  -  -  -  -  -  B  -  B  -  -  -  -  -  -
Black: 38           -
                     -  -  - -  -  -
                     -  -  -  -  -  B  -  -  -  -  -  -  -  -  -  -  -  -  -
                     -  -  -  -  -  -  -  -  -  -  -  -  -  -  -  -  -  -  -
                     -  -  -  -  -  -  -  -  B  -  -  -  -  -  -  -  -  -  -
                     -  -  -  -  -  -  -  -  -  B  -  -  -  -  -  B  -  -  -





33 B >




                     B  -  -  -  -  -  -  B  W  W  -  -  -  W  -  W  W  -  W
                     -  -  -  W  W  W  -  -  W  W  W  B   W  -  W  W
                     -  -
White: 34            -  -   -  -
                     -  -   B  B  -  -  B  -  -  -  -  B  -  -  -  -  -  -  B  -
Ticks: 33            -  -  -  -  -  -  -  -  -  -  -  -  -  -  -  -  -  -  -
                     -  -  -  -  -  -  -  B  -  -  B  -  -  -  -  -  B  -  -
                     -  -  -  -  -  -  -  -  -  -  B  -  B  -  -  -  -  -  -
Black: 60            -  -  -  -  -  -  -  -  -  -  -  -  -  -  -  -  B  -  -
                     -  -  -  -  -  -  -  -  -  -  -  -  -  -  -  -  -  -  -
                     -  -  -  B  -  B  -  -  -  B  B  -  -  B  -  -  -  -  -
                     -  -  -  -  -  B  -  -  -  -  -  -  -  -  -  -  -  -  -
                     -  -  -  -  -  -  -  -  -  -  -  -  -  -  -  -  -  -  -
                     -  -  -  -  -  -  -  -  B  -  -  -  -  -  -  -  -  -  -
                     -  -  -  -  -  -  -  B  -  B  -  -  -  -  -  B  -  -  -





34 B >




                     B  -  -  -  -  -  -  B  W  W  -  -  W  W  -  W  W  -  W
                     -  -  -  -  -  -  -  W  W  -  -  -  -  W  W  W  - -  -  -  W  W  W  -  -  W  W  W    -  W  W
                     -  -  -  -  -  -  -  W  -  -  W  -  W  -  W  W  -  W  -
               -  -  -  -  B  -  -  -  -  -  -  -  -  -  -  -  -  -
                     -  B  B  -  -  B  -  -  -  -  B  -  -  -  -  -  -  B  -
Ticks: 34            -  -  -  -  -  -  -  -  -  -  -  -  -  -  -  -  -  -  -
                     -  -  -  -  -  -  -  B  -  -  B  -  -  -  -  -  B  -  -
                     -  -  -  -  -  -  -  -  -  -  B  -  B  -  -  -  -  -  -
Black: 66            -  -  -  -  -  -  -  -  -  -  -  -  -  -  -  -  B  -  -
                     -  -  -  -  -  -  -  -  -  -  -  -  -  -  -  -  -  -  -
                     -  -  -  B  -  B  -  -  -  B  B  -  -  B  -   -  -  -  -  -  -  -
                     -  -  -  -  -  -  -  B  -  B  -  -  -  -  -  B  -  -  -





35 B >




                     B  -  -  -  -  -  -  B  W  W  -  -  W  W  -  W  W  -  W
                     -  -  -  -  -  -  -  W  W  -  -  -  -  W  W  W  - -  -  -  B  -  W  W  -  B  -  -
White: 36            -  -  -  -                 -  B  B  -  -  B  -  -  -  -  B  -  -  -  -  -  -  B  -
Ticks: 35            -  -  -  -  -  -  -  -  -  -  -  -  -  -  -  -  -  -  -
                     -  -  -  -  -  -  -  B  -  -  B  -  -  -  -  -  B  -  -
                     -  -  -  -  -  -  -  -  -  -  B  -  B  -  -  -  -  -  -
Black: 67            -  -  -  -  -  -  -  -  -  -  -  -  -  -  -  -  B  -  -
                     -  -  -  -  -  -  -  -  -  -  -  -  -  -  -  -  -  -  -
                     -  -  -  B  -  B  -  -  -  B  B  -  -  B  -  -  -  -  -
                     -  -  -  -  -  B  -  -  -  -  -  -  -  -  B  -  -  -  -
                     -  -  -  -  -  -  -  -  -  -  -  -  -  -  -  -  -  -  -
                     -  -  -  -  -  -  -  -  B  -  -  -  -  -  -  -  -  -  -
                     -  -  -  -  -  -  -  B  -  B  -  -  -  -  -  B  -  -  -





36 B >36 B >




                     B  -  -  -  -  -  -  B  W  W  -  -  W  W  -  W  W  -  W -  W  -  W  W
                   W  -
                     -  - 
                     -  -  -  -  -  -  -
                     -    -  -  -  -  -  B  -
Ticks: 36            -  -  -  -  -  -  -  -  -  -  -  -  -  -  -  -  -  -  -
                     -  -  -  -  -  -  -  B  -  -  B  -  -  -  -  -  B  -  -
                     -  -  -  -  -  -  -  -  -  -  B  -  B  -  -  -  -  -  -
Black: 70            -  -  -  -  -  -  -  -  -  -  -  -  -  -  -  -  B  -  -
                     -  -  -  -  -  -  -  -  -  -  -  -  -  -  -  -  -  -  -
                     -  -  -  B  -  B  -  -  -  B  B  -  -  B  -  -  -  -  -
                     -  -  -  -  -  B  -  -  -  -  -  -  -  -  B  -  -  -  -
                     -  -  -  -  -  -  -  -  -  -  -  -  -  -  -  -  -  -  -
                     -  -  -  -  -  -  -  -  B  -  -  -  -  -  -  -  -  -  -
                     -  -  -  -  -  -  -  B  -  B  -  -  -  -  -  B  -  -  -





37 B >37 B >




                     B  -  -  -  -  -  -  B  W  W  -  W  W  W  -  W  W  -  W
                     -  -  -                   -  -  -  -  -  B  -  -  -  -  B  -  -  -  -  -  -  B  -
Ticks: 37            -  -  -  -  -  -  -  -  -  -  -  -  -  -  -  -  -  -  -
                     -  -  -  -  -  -  -  B  -  -  B  -  -  -  -  -  B  -  -
                     -  -  -  -  -  -  -  -  -  -  B  -  B  -  -  -  -  -  -
Black: 85            -  -  -  -  -  -  -  -  -  -  -  -  -  -  -  -  B  -  -
                     -  -  -  -  -  -  -  -  -  -  -  -  -  -  -  -  - B  -  -  B  -  -  -  -  -
                     -  -  -  -  -  B  -  -  -  -  -  -  -  -  B  -  -  -  -
                     -  -  -  -  -  -  -  -  -  -  -  -  -  -  -  -  -  -  -
                     -  -  -  -  -  -  -  -  B  -  -  -  -  -  -  -  -  -  -
                     -  -  -  -  -  -  -  B  -  B  -  -  -  -  -  B  -  -  -





38 B >




                     B  -  -  -  -  -  -  B  W  W  -  W  W  W  -  W  W  -  W
                     -  -  -  -  -  -  -  W  W  -  W  -  -  W  W  W                  -  -  -  -  -  W     -  -  -  -  -  -  B  W  -  -   W  W  W  -  W  -  W  -
               -  -  B  -  -  -  -  -  -  -  -  B  -  W  W  -  B  -  -
White: 39            -  -  -  -  -  -  -
                     -  B  B  -  -  B  -  -  -  -  B  -  -  -  -  -  -  B  -
Ticks: 38            -  -  -  -  -  -  -  -  -  -  -  -  -  -  -  -  -  -  -
                     -  -  -  -  -  -  -  B  -  -  B  -  -  -  -  -  B  -  -
                     -  -  -  -  -  -  -  -  -  -  B  -  B  -  -  -  -  -  -
Black: 85            -  -  -  -  -  -  -  -  -  -  -  -  -  -  -  -  B  -  -
                     -  -  -  -  -  -  -  -  -  -  -  -  -  -  -  -  -  -  -
                     -  -  -  B  -  B  -  -  -  B  B  -  -  B  -  -  -  -  -
                     -  -  -  -  -  B  -  -  -  -  -  -  -  -  B  -  -  -  -
                     -  -  -  -  -  -  -  -  -  -  -  -  -  -  -  -  -  -  -
                     -  -  -  -  -  -  -  -  B  -  -  -  -  -  -  -  -  -  -
                     -  -  -  -  -  -  -  B  -  B  -  -  -  -  -  B  -  -  -





39 B >




                     B  -  -  -  -  -  -  B  W  W  -  W  W  W  -  W  W  -  W
                     -  -  -  -  -  -  -  W-  W  -  -  W  W  W  -  -  W
      B  -  W  -  W  W
               W  -
                     -  -  B  B  -  W  W  -  B  -  -
White: 40            -  -  -  -  B  -  B  -  -  B  -  -  -  -  -  -  -  B  B
                     -  -  -  -  -  B  -  -  -  -  -  -  -  -  -  -  -  -  -
                     -  B  B  -  -  B  -  -  -  -  B  -  -  -  -  -  -  B  -
Ticks: 39            -  -  -  -  -  -  -  -  -  -  -  -  -  -  -  -  -  -  -
                     -  -  -  -  -  -  -  B  B  -  B  -  -  -  -  -  B  -  -
                     -  -  -  -  -  -  -  -  -  -  B  -  B  -  -  -  -  -  -
Black: 86            -  -  -  -  -  -  -  -  -  -  -  -  -  -  -  -  B  -  -
                     -  -  -  -  -  -  -  -  -  -  -  -  -  -  -  -  -  -  -
                     -  -  -  B  -  B  -  -  -  B  B  -  -  B  -  -  -  -  -
                     -  -  -  -  -  B  -  -  -  -  -  -  -  -  B  -  -  -  -
                     -  -  -  -  -  -  -  -  -  -  -  -  -  -  -  -  -  -  -
                     -  -  -  -  -  -  -  -  B  -  -  -  -  -  -  -  -  -  -
                     -  -  -  -  -  -  -  B  -  B  -  -  -  -  -  B  -  -  -





40 B >40 B >




                     B  -  -  -  -  -  -  B  W  W  -  W  W  W  -  W  W  -  W
                      -  -  -                  -  -  -  -  -   -  -  -  B  -  -  -  -  -  -  - -  -  -  -  B  -  -  -  -  -  -  B  -
Ticks: 40            -  -  -  -  -  -  -  -  -  -  -  -  -  -  -  -  -  -  -
                     -  -  -  -  -  -  -  B  B  -  B  -  -  -  -  -  B  -  -
                     -  -  -  -  -  -  -  -  -  -  B  -  B  -  -  -  -  -  -
Black: 87            -  -  -  -  -  -  -  -  -  -  -  -  -  -  -  -  B  -  -
                     -  -  -  -  -  -  -  -  -  -  -  -  -  -  -  -  -  -  -
                     -  -  -  B  -  B  -  -  -  B  B  -  -  B  -  -  -  -  -
                     -  -  -  -  -  B  -  -  -  -  -  -  -  -  B  -  -  -  -
                     -  -  -  -  -  -  -  -  -  -  -  -  -  -  -  -  -  -  -
                     -  -  -  -  -  -  -  -  B  -  -  -  -  -  -  -  -  -  -
                     -  -  -  -  -  -  -  B  -  B  -  -  -  -  -  B  -  -  -





41 B >




                     B  -  -  -  -  -  -  B  W  W  -  W  W  W  -  W  W  -  W
                     -  -  -  -  -  -  -  W  W  -  W  -  -  W  W  W -  B  W  -  -  -  W  W  W  -  W  -  W  -
                     -  -  B  -  -  -  -  -  -  -  -  B  --
                     -  B  B  -  -  B  -  -  -  -  B  -  -  -  -  -  -  B  -
Ticks: 41            -  -  -  -  -  -  -  -  -  -  -  -  -  -  -  -  -  -  -
                     -  -  -  -  -  -  -  B  B  -  B  -  -  -  -  -  B  -  -
                     -  -  -  -  -  -  -  -  -  -  B  -  B  -  -  -  -  -  -
Black: 100           -  -  -  -  -  -  -  -  -  -  -  -  -  -  -  -  B  -  -
                     -  -  -  -  -  -  -  -  -  -  B  -  -  -  -  -  -  -  -
                     -  -  -  B  -  B  -  -  -  B  B  -  -  B  -  -  -  -  -
                     -  -  -  -  -  B  -  -  -  -  -  -  -  -  B  -  -  -  -
                     -  -  -  -  -  -  -  -  -  -  -  -  -  -  -  -  -  -  -
                     -  -  -  -  -  -  -  -  B  -  -  -  -  -  -  -  -  -  -
                     -  -  -  -  -  -  -  B  -  B  -  -  -  -  -  B  -  -  -





42 B >42 B >42 B >




                     B  -  -  -  -  -  -  B  W  W  -  W  W  W  -  W  W  -  W
                     - -  W  W
                     -       -  -  -  -  -  B  -  -  -  -  -  -  -  -  -  -  -  -  -
       -  B  -  -  -  -  B  -  -  -  -  -  -  B  -
Ticks: 42            -  -  -  -  -  -  -  -  -  -  -  -  -  -  -  -  -  -  -
                     -  -  -  -  -  -  -  B  B  -  B  -  -  -  -  -  B  -  -
                     -  -  -  -  -  -  -  -  -  -  B  -  B  -  -  -  -  -  -
Black: 111           -  -  -  -  -  -  -  -  -  -  -  -  -  -  -  -  B  -  -
                     -  -  -  -  -  -  -  -  -  -  B  -  -  -  -  -  -  -  -
                     -  -  B  B  -  B  -  -  -  B  B  -  -  B  -  -  -  -  -
                     -  -  -  -  -  B  -  -  -  -  -  -  -  -  B  -  -  -  -
                     -  -  -  -  -  -  -  -  -  -  -  -  -  -  -  -  -  -  -
                     -  -  -  -  -  -  -  -  B  -  -  -  -  -  -  -  -  -  -
                     -  -  -  -  -  -  -  B  -  B  -  -  -  -  -  B  -  -  -





43 B >




                     B  -  -  -  -  -  -  B  W  W  -  W  W  W  -  W  W  -  W
                          -  -  B  - -  -  -  -  -  B  -  -  -  -  -   -  B  -  -  -  -  -  -  B  -
Ticks: 43            -  -  -  -  -  -  -  -  -  -  -  -  -  -  -  -  -  -  -
                     -  -  -  -  -  -  -  B  B  -  B  -  -  -  -  -  B  -  -
                     -  -  -  -  -  -  -  -  -  -  B  -  B  -  -  -  -  -  -
Black: 111           -  -  -  -  -  -  -  -  -  -  -  -  -  -  -  -  B  -  -
                     -  -  -  -  -  -  -  -  -  -  B  -  -  -  -  -  -  -  -
                     -  -  B  B  -  B  -  -  -  B  B  -  -  B  -  -  -  -  -
                     -  -  -  -  -  B  -  -  -  -  -  -  -  -  B  -  -  -  -
                     -  -  -  -  -  -  -  -  -  -  -  -  -  -  -  -  -  -  -
                     -  -  -  -  -  -  -  -  B  -  -  -  -  -  -  -  -  -  -
                     -  -  -  -  -  -  -  B  -  B  -  -  -  -  -  B  -  -  -





44 B >




                     B  -  -  -  -  -  -  B  W  W  -  W  W  W  -  W  W  -  W
           W  -  -  W  W  W  -  -  W
       -  -  W  W  W  W  -  -  W  W  W B  -  W  -  W  W
          -  -  -  B  W  -  W  W  -  W  -  W  -  W  W  B  W  -
                     -  -  -  -  -  -  B  W  -  -  -  W  W  W  -  W  -  W  -
    -  -  B  -  -  -  -  W  -  -  -  -  -  -  B  -
Ticks: 44            -  -  -  -  -  -  -  -  -  -  -  -  -  -  -  -  -  -  -
                     -  -  -  -  -  -  -  B  B  -  B  -  -  -  -  -  B  -  -
                     -  -  -  -  -  -  -  -  -  -  B  -  B  -  -  -  -  -  -
Black: 102           -  -  -  -  -  -  -  -  -  -  -  -  -  -  -  -  B  -  -
                     -  -  -  -  -  -  -  -  -  -  B  -  -  -  -  -  -  -  -
                     -  -  B  B  -  B  -  -  -  B  B  -  -  B  -  -  -  -  -
                     -  -  -  -  B  B  -  -  -  -  -  -  -  -  B  -  -  -  -
                     -  -  -  -  -  -  -  -  -  -  -  -  -  -  -  -  -  -  -
                     -  -  -  -  -  -  -  -  B  -  -  -  -  -  -  -  -  -  -
                     -  -  -  -  -  -  -  B  -  B  -  -  -  -  -  B  -  -  -





45 B >




                     B  -  -  -  -  -  -  B  W  W  -  W  W  W  -  W  W  -  W
                     -  -  -  -  W  -  -  W  W  -  W  -  -  W  W  W  -  -  W -  -  B  W  -  -  -  W  W  W  - -  B  -  -  -  -  B  -  -  -  -  -  -  B  -
Ticks: 45            -  -  -  -  -  -  -  -  -  -  -  -  -  -  -  -  -  -  -
                     -  --  -  -  -  -  B  B  -  B  -  -  -  -  -  B  -  -
                     -  -  -  -  -  -  -  -  -  -  B  -  B  -  -  -  -  -  -
Black: 94            -  -  -  -  -  -  -  -  -  -  -  -  -  -  -  -  B  -  -
                     -  -  -  -  -  -  -  -  B  -  B  -  -  -  -  -  -  -  -
                     -  -  B  B  -  B  -  -  -  B  B  -  -  B  -  -  -  -  -
                     -  -  -  -  B  B  -  -  -  -  -  -  -  -  B  -  -  -  -
                     -  -  -  -  -  -  -  -  -  -  -  -  -  -  -  -  -  -  -
                     -  -  -  -  -  -  -  -  B  -  -  -  -  -  -  -  -  -  -
                     -  -  -  -  -  -  -  B  -  B  -  -  -  -  -  B  -  -  -





46 B >




                     B  -  -  -  -  -  -  B  W  W  -  W  W  W  -  W  W              -  -  -  -  W  W  -  W  -  W  W  B  W  -
              -  -  -  -  -  -  B  W  -      -  -  -  -  B  -  B  W  -  B                    -  B  B  -  -  B  -  -  -  -  B  -  -  -  -  -  -  B  -
Ticks: 46            -  -  -  -  -  -  -  -  -  -  -  -  -  -  -  -  -  -  -
                     -  -  -  -  -  -  -  B  B  -  B  -  -  -  -  -  B  -  -
                     -  -  -  -  -  -  -  -  -  -  B  -  B  -  -  -  -  -  -
Black: 108           -  -  -  -  -  -  -  -  -  -  -  -  -  -  -  -  B  -  -
                     -  -  -  -  -  -  -  -  B  -  B  -  -  -  -  -  -  -  -
                     -  -  B  B  -  B  B  -  -  B  B  -  -  B  -  -  -  -  -
                     -  -  -  -  B  B  -  -  -  -  -  -  -  -  B  -  -  -  -
                     -  -  -  -  -  -  -  -  -  -  -  -  -  -  -  -  -  -  -
                     -  -  -  -  -  -  -  -  B  -  -  -  -  -  -  -  -  -  -
                     -  -  -  -  -  -  -  B  -  B  -  -  -  -  -  B  -  -  -





47 B >




                     B  -  -  -  -  -  -  B  W  W  -  W  W  W  -  W  W  -  W
         W  -  W  -  W  W  B  W  -
       W  W  W  -  W  -  W  -
                         -  B  B  -  -  B  -  -  -  -  B  -  -  -  -  -  -  B  -
Ticks: 47            -  -  -  -  -  -  -  -  -  -  -  -  -  -  -  -  -  -  -
                     -  -  -  -  -  -  -  B  B  -  B  -  -  -  -  -  B  -  -
                     -  -  -  -  -  -  -  -  -  -  B  -  B  -  -  -  -  -  -
Black: 109           -  -  -  -  -  -  -  -  -  -  -  -  -  -  -  -  B  -  -
                     -  -  -  -  -  -  -  -  B  -  B  -  -  -  -  -  -  -  -
                     -  -  B  B  -  B  B  -  -  B  B  -  -  B  -  -  -  -  -
                     -  -  -  -  B  B  -  -  -  -  -  -  -  -  B  -  -  -  -
                     -  -  -  -  -  -  -  -  -  -  -  -  -  -  -  -  -  -  -
                     -  -  -  -  -  -  -  -  B  -  -  -  -  -  -  -  -  -  -
                     -  -  -  -  -  -  -  B  -  B  -  -  -  -  -  B  -  -  -





48 B >




                     B  -  -  -  -  -  -  B  W  W  -  W  W  W  -  W  W  -  W
                     -  -  -  -  W  -  -   W  -  -  W  W  W  B  -  W  -  W    W  -  W  W  -  W  -  W        -  -  -  -  -  B  -  W  -  -  -  -  -  -  -  -  -  -  -
                     -  B  B  -  -  B  -  -  -  -  B  -  -  -  -  -  -  B  -
Ticks: 48            -  -  -  -  -  -  -  -  -  -  -  -  -  -  -  -  -  -  -
                     -  -  -  -  -  -  -  B  B  -  B  -  -  -  -  -  B  -  -
                     -  -  -  -  -  -  -  -  -  -  B  -  B  -  -  -  -  -  -
Black: 109           -  -  -  -  -  -  -  -  -  -  -  -  -  -  -  -  B  -  -
                     -  -  -  -  -  -  -  -  B  -  B  -  -  -  -  -  -  -  -
                     -  -  B  B  -  B  B  -  -  B  B  -  -  B  -  -  -  -  -
                     -  -  -  -  B  B  -  -  -  -  -  -  -  -  B  -  -  -  -
                     -  -  -  -  -  -  -  -  -  -  -  -  -  -  -  -  -  -  -
                     -  -  -  -  -  -  -  -  B  -  -  -  -  -  -  -  -  -  -
                     -  -  -  -  -  -  -  B  B  B  -  -  -  -  -  B  -  -  -





49 B >




                     B  -  -  -  W  -  -  B  W  W  -  W  W  W  -  W  W  -  W
       -  -  W  W  -  W  -  -  W  W  W  - W  W  B  W  -
                    -  -  B  -  B  W  -  -  -  W  W   W  W  -  B  W  -
White: 50            - 




                     B  -  -  -  W  -  -  B  W  W  -  W  W  W                  -  -  -  -  W    W  W  -  -  W  W  W  B  -  -  W  -  -  B  B
                 -  -  -  -  B  -  -  -  -  -  -  B  -
Ticks: 50            -  -  -  -  -  -  -  -  -  -  -  -  -  -  -  -  -  -  -
                     -  -  -  -  -  B  -  B  B  -  B  -  -  -  -  -  B  -  -
                     -  -  -  -  -  -  -  -  -  -  B  -  B  -  -  -  -  -  -
Black: 101           -  -  -  -  -  -  -  -  -  -  -  -  -  -  -  -  B  -  -
                     -  -  -  -  -  -  -  -  B  -  B  -  -  -  -  -  -  -  -
                     -  -  B  B  -  B  B  -  -  B  B  -  -  B  -  -  -  -  -
                     -  -  -  -  B  B  -  -  -  -  -  -  -  -  B  -  -  -  -
                     -  -  -  -  B  -  -  -  -  -  -  -  -  -  -  -  -  -  -
                     -  -  -  -  -  -  -  -  B  -  -  -  -  -  -  -  -  -  -
                     -  -  -  -  -  -  -  B  B  B  -  -  -  -  -  B  -  -  -





51 B >51 B >




                     B  -  -  -  W  -  -  B  W          -  -  -  -  W  -  -  W             -  -  -  -  W  W  W  W  -  -  -  -  W  -  -  -  B  -  W-  -  -  -  -  -  -  -  -  -  -
      -  -  B  -  -  -  -  B  -  -  -  -  -  -  B  -
Ticks: 51            -  -  -  -  -  -  -  -  -  -  -  -  -  -  -  -  -  -  -
                     -  -  -  -  -  B  -  B  B  -  B  -  -  -  -  -  B  -  -
                     -  -  -  -  -  -  -  -  -  -  B  -  B  -  -  -  -  -  -
Black: 105           -  -  -  -  -  -  -  -  -  -  -  -  -  -  -  -  B  -  -
                     -  -  B  -  -  -  -  -  B  -  B  -  -  -  -  -  -  -  -
                     -  -  B  B  -  B  B  -  -  B  B  -  -  B  -  -  -  -  -
                     -  -  -  -  B  B  -  -  -  -  -  -  -  -  B  -  -  -  -
                     -  -  -  -  B  -  -  -  -  -  -  -  -  -  -  -  -  -  -
                     -  -  -  -  -  -  -  -  B  -  -  -  -  -  -  -  -  -  -
                     -  -  -  -  -  -  -  B  B  B  -  -  -  -  -  B  -  -  -





52 B >52 B >




                     B  -  -  -  W  -  -  B  W  W  -  W  W  W  -  W  W  -  W
             -  -  -  -  B  -  B  W-  B  -  W  W  -  B  W  W
White: 53            -  -  -  -  B  -  B  W  W  B  -  -  -  -  W  -                    -  B  B  -  -  B  -  -  -  -  B  -  -  -  -  -  -  B  -
Ticks: 52            -  -  -  -  -  -  -  -  -  -  -  -  -  -  -  -  -  -  -
                     -  -  -  -  -  B  -  B  B  -  B  -  -  -  -  -  B  -  -
                     -  -  -  -  -  -  -  -  -  -  B  -  B  -  -  -  -  -  -
Black: 105           -  -  -  -  -  -  -  -  -  -  -  -  -  -  -  -  B  -  -
                     -  -  B  -  -  -  -  -  B  -  B  -  -  -  -  -  -  -  -
                     -  -  B  B  -  B  B  -  -  B  B  -  -  B  -  -  -  -  -
                     -  -  -  -  B  B  -  -  -  -  -  -  -  -  B  -  -  -  -
                     -  -  -  -  B  -  -  -  -  -  -  -  -  -  -  -  -  -  -
                     -  -  -  -  -  -  -  -  B  -  -  -  -  -  -  -  -  -  -
                     -  -  -  -  -  -  -  B  B  B  -  -  -  -  -  B  -  -  -





53 B >




                     B  -  -  W  W  W  W  -  W  W  W  W  B  -   -  W  W
                 -  B  W  -  W  W  -  W  -  W  -  W  W  B  W  -
                     -  -  -  -  B  -  B  W  -  -  -  W  W  W  -  W  -  W  -
        -  -  -  -  W  -  -  B  B
        -  -  B  -  -  -  -  B  -  -  -  -  -  -  B  -
Ticks: 53            -  -  -  -  -  -  -  -  -  -  -  -  -  -  -  -  -  -  -
                     -  -  -  -  -  B  -  B  B  -  B  -  -  -  -  -  B  -  -
                     -  -  -  -  -  -  -  -  -  -  B  -  B  -  -  -  B  -  -
Black: 105           -  -  -  -  -  -  -  -  -  -  -  -  -  -  -  -  B  -  -
                     -  -  B  -  -  -  -  -  B  -  B  -  -  -  -  -  -  -  -
                     -  -  B  B  -  B  B  -  -  B  B  -  -  B  -  -  -  -  -
                     -  -  -  -  B  B  -  -  -  -  -  -  -  -  B  -  -  -  -
                     -  -  -  -  B  -  -  -  -  -  -  -  -  -  -  -  -  -  -
                     -  -  -  -  -  -  -  -  B  -  -  -  -  -  -  -  -  -  -
                     -  -  -  -  -  -  -  B  B  B  -  -  -  -  -  B  -  -  -





54 B >54 B >54 B >




                     B  -  -  -  W  -  -  B  W  W  -  W  W  W  -  W  W  -  W
                     -  -  -  W  W  -  -  W  W  -  W  --  B  -  -  -  -  W  -  -  -  B  --  B  -  W  -  -  B  -  -  -  -  -  -  B  B
Ticks: 54            -  -  -  -  -  -  -  -  -  -  -  -  -  -  -  -  -  -  -
                     -  -  -  -  -  B  -  B  B  -  B  -  -  -  -  -  B  -  -
                     -  -  -  -  -  -  -  -  -  -  B  -  B  -  -  -  B  -  -
Black: 159           -  -  -  -  -  -  -  -  -  -  -  -  -  -  -  -  B  -  -
                     -  -  B  -  -  -  -  -  B  -  B  -  -  -  -  -  -  -  -
                     -  -  B  B  -  B  B  -  -  B  B  -  -  B  -  -  -  -  -
                     -  -  -  -  B  B  -  -  -  -  -  -  -  -  B  -  -  -  -
                     -  -  -  -  B  -  -  -  -  -  -  -  -  -  -  -  -  -  -
                     -  -  -  -  -  -  -  -  B  -  -  -  -  -  -  -  -  -  -
                     -  -  -  -  -  -  -  B  B  B  -  -  -  -  -  B  -  -  -





55 B >




                     B  -  -  -  W  -  -  B  W  W  -  W  W  W  -  W  W  -  W
                     -  -  W  W  W  -  -    -  -  W  W  W  -  W  -  W  -
                     -  -  B W  W  B  -  -  -  -  W  -  -  B   -  B  -  -  -  -  -  -  B  B
Ticks: 55            -  -  -  -  -  -  -  -  -  -  -  -  -  -  -  -  -  -  -
                     -  -  -  -  -  B  -  B  B  -  B  -  -  -  -  -  B  -  -
                     -  -  -  -  -  -  -  -  -  -  B  -  B  -  -  -  B  -  -
Black: 103           -  -  -  -  -  -  -  -  -  -  -  -  -  -  -  -  B  B  -
                     -  -  B  -  -  -  -  -  B  -  B  -  -  -  -  -  -  -  -
                     -  -  B  B  -  B  B  -  -  B  B  -  -  B  -  -  -  -  -
                     -  -  -  -  B  B  -  -  -  -  -  -  -  -  B  -  -  -  -
                     -  -  -  -  B  -  -  -  -  -  -  -  -  -  -  -  -  -  -
                     -  -  -  -  -  -  -  -  B  -  -  -  -  -  -  -  -  -  -
                     -  -  -  -  -  -  -  B  B  B  -  -  -  -  -  B  -  -  -





56 B >




                     B  -  -  -  W  -  -  B  W  W  -  W  W  W  -  W  W  -  W
              -  -  -  -  B  W  -  W  W  -  W  -  W  -  W  W  B  W  -
                     -  -  -  -               -  B  B  -  -  B  -  W  -  -  B  -  -  -  -  -  -  B  B
Ticks: 56            -  -  




                     B  -  -  -  W  -  -  B  W  W  -  W  W  W  -  W  W  -  W
                    W  W  W  W  B  -  W  -  W B  B
                     -  -  -  -  -  B  W  W  -  -  -  -  -   -  B  B  -  -  B  -  W  -  -  B  -  -  -  -  -  -  B  B
Ticks: 57            -  -  -  -  -  -  -  W  -  -  -  -  -  -  -  -  -  -  -
                     -  -  -  -  -  B  -  B  B  -  B  -  -  -  -  -  B  -  B
                     -  -  -  -  -  -  -  -  -  -  B  -  B  -  -  -  B  -  -
Black: 99            -  -  -  -  -  -  -  -  -  -  -  -  -  -  -  -  B  B  -
                     -  -  B  -  -  -  -  -  B  -  B  -  -  -  -  -  -  -  -
                     -  -  B  B  -  B  B  -  B  B  B  -  -  B  -  -  -  -  -
                     -  -  -  -  B  B  -  -  -  -  -  -  -  -  B  -  -  -  -
                     -  -  -  -  B  -  -  -  -  -  -  -  -  -  -  -  -  -  -
                     -  -  -  -  -  -  -  -  B  -  -  -  -  -  -  -  -  -  -
                     -  -  -  -  -  -  -  B  B  B  -  -  -  -  -  B  -  -  -





58 B >




                     B  W  -  -  W  -  -  B  W  W  -  W  W  W  -  W  W  -  W
                     -  W  W  W  W  -  -                 -  -  -  -  W  W  B  -  B  W  W  B  -  -  -  -  W    -  -  B  -  W  -  -  B  -  -  -  -  -  -  B  B
Ticks: 58            -  -  -  -  -  -  -  W  -  -  -  -  -  -  -  -  -  -  -
                     -  -  -  -  -  B  -  B  B  -  B  -  -  -  -  -  B  -  B
                     -  -  -  -  -  -  -  -  -  -  B  -  B  -  -  -  B  -  -
Black: 99            -  -  -  -  -  -  -  -  -  -  -  -  -  -  -  -  B  B  -
                     -  -  B  -  -  -  -  -  B  -  B  -  -  -  -  -  -  -  -
                     -  -  B  B  -  B  B  -  B  B  B  -  -  B  -  -  -  -  -
                     -  -  -  -  B  B  -  -  -  -  -  -  -  -  B  -  -  -  -
                     -  -  -  -  B  -  -  -  -  -  -  -  -  -  -  -  -  -  -
                     -  -  -  -  -  -  -  -  B  -  -  -  -  -  -  -  -  -  -
                     -  -  -  -  -  -  -  B  B  B  -  -  -  -  -  B  -  -  -





59 B >




                     B  W  -  -  W  -  -  B  W  W  -  W  W  W  -  W  W  -  W
                     -  W  W  W  W  -  -  W  W  -  W  -  -  W  W  W    -  -  -  W  W  W  -  W  -  W  -
   -  -  B  -  -  -  -  W  -  -   B  -  W  W  -  B  W  W
White: 60icks: 59            -  -  -  -  -  -  -  W  -  -  -  -  -  -  -  -  -  -  -
                     -  -  -  -  -  B  -  B  B  -  B  -  -  -  -  -  B  -  B
                     -  -  -  -  -  -  -  -  -  -  B  -  B  -  -  -  B  -  -
Black: 100           -  -  -  -  -  -  -  -  -  -  -  -  -  -  -  -  B  B  -
                     -  -  B  -  -  -  -  -  B  -  B  -  -  -  -  -  -  -  -
                     -  -  B  B  -  B  B  -  B  B  B  -  -  B  -  -  -  -  -
                     -  -  -  -  B  B  -  -  -  -  -  -  -  -  B  -  -  -  -
                     -  -  -  -  B  -  -  -  -  -  -  -  -  -  -  -  -  -  -
                     -  -  -  -  -  -  -  -  B  -  -  -  -  -  -  -  -  -  -
                     -  -  -  -  -  -  -  B  B  B  -  -  -  -  -  B  -  -  -





60 B >60 B >60 B >




       -  W  -  B  B  W  W  -  W  W  W               -  -  W  -  W  W  W  W  B  -  W  -  W  W
                     -  -  -  -  B  W  -  -  -  -  B  -  B  W  -  -  -                    -  B  B  -  -  B  -  W  -  -  B  -  -  -  -  -  -  B  B
Ticks: 60            -  -  -  -  -  -  -  W  -  -  -  -  -  -  -  -  -  -  -
                     -  -  -  -  -  B  -  B  B  -  B  -  -  -  -  -  B  -  B
                     -  -  -  -  -  -  -  -  -  -  B  -  B  -  -  -  B  -  -
Black: 102           -  -  -  -  -  -  -  -  -  -  -  -  -  -  -  -  B  B  -
                     -  -  B  -  -  -  -  -  B  -  B  -  -  -  -  -  -  -  -
                     -  -  B  B  -  B  B  -  B  B  B  -  -  B  -  -  -  -  -
                     -  -  -  -  B  B  -  -  -  -  -  -  -  -  B  -  -  -  -
                     -  -  -  -  B  -  -  -  -  -  -  -  -  -  -  -  -  -  -
                     -  -  -  -  -  -  -  -  B  -  -  -  -  -  -  -  -  -  -
                     -  -  -  -  -  -  -  B  B  B  -  -  -  -  -  B  -  -  -





61 B >




                     B  W  -  -  W  -  B  B  W  W  -  W  W  W  -  W  W  -  W
            -  B  W  -  -  -  W  W  W  -  W
                     -  - W  W  -  -  -  B  -  W  W  -  B  W  W
White: 62            -  -  -  -  B  -  B  W  W  B  -  -  -  -  W  -  B  B  B
                 
                     -  B  B  -                -  -  B  -  -  B  -  B  B  -  B  -  -  -  -  -  B  -  B
                     -  -  -  -  -  -  -  -  -  -  B  -  B  -  -  -  B  -  -
Black: 120           -  -  -  -  -  -  -  -  -  -  -  -  -  -  -  -  B  B  -
                     -  -  B  -  -  -  -  -  B  -  B  -  -  -  -  -  -  -  -
                     -  -  B  B  -  B  B  -  B  B  B  -  -  B  -  -  -  -  -
                     -  -  -  -  B  B  -  -  -  -  -  -  -  -  B  -  -  -  -
                     -  -  -  -  B  -  -  -  -  -  -  -  -  -  -  -  -  -  -
                     -  -  -  -  -  -  -  -  B  -  -  -  -  -  -  -  -  -  -
                     -  -  -  -  -  -  -  B  B  B  -  -  -  -  -  B  -  -  -





62 B >




                     B  W  -  -  W  -  B  B  W W  W  W  -  -  W
               W  W  -  -  -  B  -  W  W  -  B  hite: 63            -  -  -  -  B  W  W  B  -  -  -  -  W  -  B  B  B
                     -  -  -  -  -  B  W  W  -  -  -  -  -  - -  -  B  -  -  -  -  -  -  B  B
Ticks: 62            -  -  -  -  -  -  -  W  W  -  -  -  -  -  -  -  -  -  -
                     -  -  B  -  -  B  -  B  B  -  B  -  -  -  -  -  B  -  B
                     -  -  -  -  -  -  -  -  -  -  B  -  B  -  -  -  B  -  -
Black: 111           -  B  -  -  -  -  -  -  -  -  -  -  -  -  -  -  B  B  -
                     -  -  B  -  -  -  -  -  B  -  B  -  -  -  -  -  -  -  -
                     -  -  B  B  -  B  B  -  B  B  B  -  -  B  -  -  -  -  -
                     -  -  -  -  B  B  -  -  -  -  -  -  -  -  B  -  -  -  -
                     -  -  -  -  B  -  -  -  -  -  -  -  -  -  -  -  -  -  -
                     -  -  -  -  -  -  -  -  B  -  -  -  -  -  -  -  -  -  -
                     -  -  -  -  -  -  -  B  B  B  -  -  -  -  -  B  -  -  -





63 B >63 B >




                     -  W  -  -  W  -  B  B  W W  -  W
                     W  W  W  W  W  -  -  W  W  -  W W  -  W  W  W  W  -  W  W  W  W           -  -  -  -  B  W  -  W  W  -  W  -  W  W  B  W  B
        -  W  -  W  -
                     B  B  -  -  B  -  W  -  -  B  -  B
Ticks: 63            -  -  -  --  B  B  -  B  -  -  -  -  -  B  -  B
                     -  -  -  -  -  -  -  -  -  -  B  -  B  -  -  -  B  -  -
Black: 110           -  B  -  -  -  -  -  -  -  -  -  -  -  -  -  -  B  B  -
                     -  -  B  -  -  -  -  -  B  -  B  -  -  -  -  -  -  B  -
                     -  -  B  B  -  B  B  -  B  B  B  -  -  B  -  -  -  -  -
                     -  -  -  -  B  B  -  -  -  -  -  -  -  -  B  -  -  -  -
                     -  -  -  -  B  -  -  -  -  -  -  -  -  -  -  -  -  -  -
                     -  -  -  -  -  -  -  -  B  -  -  -  -  -  -  -  -  -  -
                     -  -  -  -  -  -  -  B  B  B  -  -  -  -  -  B  -  -  -





64 B >64 B >




                     -  W  -  -  W  -  B  B  W  W  -  W  W  W  -  W  W  -                    -  -  W  -  W-  -  B  -  B  W  W  B  -  -  -  -B  -  -  B  -  W  -  -  B  -  -  -  -  -  -  B  B
Ticks: 64            -  -  -  -  -  -  -  W  W  -  -  -  -  -  -  -  -  -  -
                     -  -  B  -  -  B  -  B  B  -  B  -  -  -  -  -  B  -  B
                     -  -  -  -  -  -  -  -  -  -  B  -  B  -  -  -  B  -  -
Black: 111           -  B  -  -  -  -  -  -  -  -  -  -  -  -  -  -  B  B  -
                     -  -  B  -  -  -  -  -  B  -  B  -  -  -  -  -  -  B  -
                     -  -  B  B  -  B  B  -  B  B  B  -  -  B  -  -  -  -  -
                     -  -  -  -  B  B  -  -  -  -  -  -  -  -  B  -  -  -  -
                     -  -  -  -  B  -  -  -  -  -  -  -  -  -  -  -  -  -  -
                     -  -  -  -  -  -  -  -  B  -  -  -  -  -  -  -  -  -  -
                     -  -  -  -  -  -  -  B  B  B  -  -  -  -  -  B  -  -  -





65 B >




                     -  W  -  -  W  -  B  B  W  W  -  -  W  -  W  W  W  W  -  W  W  W  W  B  -  W  -  W  W
             W
White: 67            -  -  -  -B  -  B  W  W  B  -  -  -  -W  -  -  B  -  -  -  -  -  -  B  B
Ticks: 65            -  -  -  -  -  -  -  W  W  -  -  -  -  -  -  -  -  -  -
                     -  -  B  -  -  B  -  B  B  -  B  -  -  -  -  -  B  -  B
                     -  -  -  -  -  -  -  -  -  -  B  -  B  -  -  -  B  -  B
Black: 108           -  B  -  -  -  -  -  -  -  -  -  -  -  -  -  -  B  B  -
                     -  -  B  -  -  -  -  -  B  -  B  -  -  -  -  -  -  B  -
                     -  -  B  B  -  B  B  -  B  B  B  -  -  B  -  -  -  -  -
                     -  -  -  -  B  B  -  -  -  -  -  -  -  -  B  -  -  -  -
                     -  -  -  -  B  -  -  -  -  -  -  -  -  -  -  -  -  -  -
                     -  -  -  -  -  -  -  -  B  -  -  -  -  -  -  -  -  -  -
                     -  -  -  -  -  -  -  B  B  B  -  -  -  -  -  B  -  -  -





66 B >66 B >66 B >




         W  -  -  W  W  W  -  -  W
     B  W  B
                     -  -  B  W  W
White: 68            -  W  W  B  B  B
                       -  B  B  -  -  B  -  W  -  -  B  -  -  -  -  -  -  B  B
Ticks: 66            -  -  -  -  -  -  -  W  W  -  -  -  -  -  -  -  -  -  -
                     -  -  B  -  -  B  -  B  B  -  B  -  -  -  -  -  B  -  B
                     -  -  -  -  -  -  -  -  -  -  B  B  B  -  -  -  B  -  B
Black: 109           -  B  -  -  -  -  -  -  -  -  -  -  -  -  -  -  B  B  -
                     -  -  B  -  -  -  -  -  B  -  B  -  -  -  -  -  -  B  -
                     -  -  B  B  -  B  B  -  B  B  B  -  -  B  -  -  -  -  -
                     -  -  -  -  B  B  -  -  -  -  -  -  -  -  B  -  -  -  -
                     -  -  -  -  B  -  -  -  -  -  -  -  -  -  -  -  -  -  -
                     -  -  -  -  -  -  -  -  B  -  -  -  -  -  -  -  -  -  -
                     -  -  -  -  -  -  -  B  B  B  -  -  -  -  -  B  -  -  -





67 B >67 B >67 B >




                     -  W  -  -  W  -  B  W  W  -  W  W  -  W
                  W  W  W  W  W  -  -  W  W   -  W  W  W  -  -  W
                     -  -  W  -  W  W  W  W  -  W  W  W  W  B  -  W  -                      -  -  B  - B  -  W  -  -  B  -  -  -  -  -  -  B  B
Ticks: 67            -  -  -  -  -  -  -  W  W  -  -  B  -  -  -  -  -  -  -
                     -  -  B  -  -  B  -  B  B  -  B  -  -  -  -  -  B  -  B
                     -  -  -  -  -  -  -  -  -  -  B  B  B  -  -  -  B  -  B
Black: 111           -  B  -  -  -  -  -  -  -  -  -  -  -  -  -  -  B  B  -
                     -  -  B  -  -  -  -  -  B  -  B  -  -  -  -  -  -  B  -
                     -  -  B  B  -  B  B  -  B  B  B  -  -  B  -  -  -  -  -
                     -  -  -  -  B  B  -  -  -  -  -  -  -  -  B  -  -  -  -
                     -  -  -  -  B  -  -  -  -  -  -  -  -  -  -  -  -  -  -
                     -  -  -  -  -  -  -  -  B  -  -  -  -  -  -  -  -  -  -
                     -  -  -  -  -  -  -  B  B  B  -  -  -  -  -  B  -  -  -





68 B >




                     -  W  -  -  W  -  B  B  W  W  -  W  W  W  -  W  W  -  W
                     W  W  W  W  W  -  -  W  W  -  W  -  -  W  W  W  -  -  W
                     -  -  W  W
                     -  -   -  B  W  B  W  -  -  -  W  W  WB  B  -  -  B  -  W  -  -  B  -  -  -  -  -  -  B  B
Ticks: 68            -  -  -  -  -  -  -  W  W  -  -  B  -  -  -  -  -  -  -
                     -  -  B  -  -  B  -  B  B  -  B  -  -  -  -  -  B  -  B
                     -  -  -  -  -  -  -  -  -  -  B  B  B  -  -  -  B  -  B
Black: 113           -  B  -  -  -  -  -  -  -  -  -  -  -  -  -  -  B  B  -
               -  -  -  B  -  B  -  -  -  -




                     -  W  - W  -  -  W  W  -  W  -  -  W  W            W  -  W  -  W  W  W  W                   -  -  W  -  B  W        -  -  B  -  -  -  W  W  - -  -  -  -  -  B  W  W  -  -  -




                     -  W  - -  W  W  W  W  -  W  W  W  W  B  -  W  W
                     - te: 72            -  -  -  -  B                   -  -  -  -  -  




                     -  W  -  -  W  -  B  B  W  W  -  W  W  W                     W  W  W  W  W                     -  -  W  -  B  B  B
                     -  -  -  -  -  B  W  W  -  -  -  -  - 




                     -  W  -  -  W  -  B  B  W  W  -  W  W  W  -  W  W  -  W
                     W  W  W  W  W  -  -  W  W  -  W  -  -  W  W  W  -  -  W
                          -  -  W  -  B   -  -  -  -  -  B  W  W  -  -    -  -  B  -  W  -  -  B  -  -  W  -  -  -  B  B
Ticks: 72            -  -  B  -  -  -  -  W  W  -  -  B  -  -  -  -  -  -  -
                     -  -  B  -  -  B  B  B  B  -  B  -  -  -  -  -  B  -  B
                     -  -  -  -  -  -  -  -  -  -  B  B  B  -  -  -  B  -  B
Black: 112           -  B  -  -  -  -  -  -  -  -  -  -  -  B  -  -  B  B  -
                     -  -  B  -  -  -  -  -  B  -  B  -  -  -  -  -  -  B  -
                     -  -  B  B  -  B  B  -  B  B  B  -  -  B  -  -  -  -  -
                     -  -  -  -  B  B  -  -  -  -  -  -  -  -  B  -  B  -  -
                     -  -  -  -  B  -  -  -  -  -  -  -  -  -  -  -  -  -  -
                     -  -  -  -  -  -  -  -  B  -  -  -  -  -  -  -  -  -  -
                     -  -  -  -  -  -  -  B  B  B  -  -  -  -  -  B  -  -  -





73 B >73 B >




                     -  W  -  -  W  -  B  B  W  W  -  W  W  W  -  W  W  -  W
                     W  W  W  W  W                 -  -  W  -  B  W  -  W  W  -  W  -  W  -  W  W  B  -  -  -  W  W  B  B  B
                  -  -  -  -  -  B  W  W  -




                     -  W  -       -  -  W  -  B  W  -  W  W     -  -  B  -  -  -  W  W -  -  -  B  W  W  -  -  -  -  W   -  -  B  -  -  W  -  -  -  B  B
Ticks: 74            -  -  B  -  -  -  -  W  W  -  -  B  -  W  -  -  -  -  -
                     -  -  B  -  -  B  B  B  B  -  B  -  -  -  -  -  B  -  B
                     -  -  -  -  -  -  -  -  -  -  B  B  B  -  -  -  B  -  B
Black: 1175 B >75 B >




                W  W  -  W  W  W  -  W  W  -  W
 W  -  -  W
                       -  W  -  W  W  W  W  -  W  W  WW  B  -  -  -  -  W  W  B  B  B





                     -  W  - W
                     W  W  W  W-  W  W  -  W  -  -  W  W  W  -   W  W  B  W  -  W  W  -  W  -  W  -  -  W  W  W  -  B  B  -
    




                     -  W  -  -  W  -  B  B  W  W  -  W  W  W  -  W  W  -  W
                     W  W  W  W  W  -  -  W  W  -  W  -  -  W  W  W  -  -  W
       -  W  W  -  W  -  W  -  W  W  B    W
White: 79            -  -  -   -  W  W  W  -  B  B  -
        Ticks: 77            -  -  B  -  -  -  W  W  W  -  -  B  -  W  W  -  -  -  -
                     -  -  B  -  -  B  B  B  B  -  B  -  -  -  -  -  B  -  B
                     -  -  -  -  -  -  -  -  -  -  B  B  B  -  -  -  B  -  B
Black: 115           -  B  -  -  -  -  -  -  -  -  -  -  -  B  -  -  B  B  -
                     -  B  B  B  -  -  -  -  B  -  B  -  -  -  -  -  -  B  -
                     -  -  B  B  -  B  B  -  B  B  B  -  -  B  -  -  -  -  -
                     -  -  -  -  B  B  -  -  -  -  -  -  -  -  B  -  B  -  -
                     -  -  B  -  B  -  -  -  -  -  -  -  -  -  -  -  -  -  -
                     -  -  -  -  -  -  -  -  B  -  -  -  -  -  -  -  -  -  -
                     -  -  -  -  -  -  -  B  B  B  -  -  -  -  -  B  -  -  -





78 B >78 B >78 B >78 B >78 B >




                     -  W  -  -  W  W  B  B  W  W  -  W  W  W  -  W  W  -  W
                          -  -  W  W  B  W  -  W   W  B  B  B
                      -  -  -  -  B  W  W  -  -  -  -  W 




                     -  W  -  -  W  W  B  B  W  W  -  W  W  W      -  -  W  -  B  W  B  W  -  B  -  W  W  W  -  W  -  W              -  -  -  -  B  -  B  B  -  -  -  -  W  W  B  B  B
                     -  -  -  -  -  B  W  W  -  -  -  -  W  W  W  -  B  B  -
                     -  B  B  -  -  B  -  W  -  -  B  -  -  W  -  -  -  B  B
Ticks: 79            -  -  B  -  -  -  W  W  W  -  -  B  -  W  W  -  -  -  -
                     -  -  B  -  -  B  B  B  B  -  B  -  -  -  -  -  B  -  B
                     -  -  -  -  -  -  -  -  -  -  B  B  B  -  -  -  B  -  B
Black: 125           -  B  -  -  -  -  -  -  -  -  -  -  -  B  -  -  B  B  -
                     -  B  B  B  -  -  -  -  B  -  B  -  -  -  -  -  -  B  -
                     -  -  B  B  -  B  B  -  B  B  B  -  -  B  -  -  -  -  -
                     -  -  -  -  B  B  -  -  -  -  -  -  -  -  B  -  B  -  -
                     -  -  B  B  B  -  -  -  -  -  -  -  -  -  -  -  -  -  -
                     -  -  -  -  -  -  -  -  B  -  -  -  -  -  -  -  -  -  -
                     -  -  -  B  -  -  -  B  B  B  -  -  -  -  -  B  -  -  -





80 B >




                     -  W  -  -  W  W  B  B  W  W  -  W  W  W  -  W  W  -  W
                          -  W  W  W  B  W  -  W  W  -  W  -  W  -  W  W  B  W  B
                     -  -  W  -  B        -  -  -  -  B  -  B  W  W  B  -  -  -  -  W  W  B  B  B
                     -  -  -  -  -  B  W  W  -  -  -  -  W  W  W  -  B  B  -
                     -  B  B  -  -  B  -  W  -  -  B  -  -  W  B  -  -  B  B
Ticks: 80            -  -  B  -  -  -  W  W  W  -  -  B  -  W  W  -  -  -  -
                     -  -  B  -  -  B  B  B  B  -  B  -  -  W  -  -  B  -  B
                     -  -  -  -  -  -  -  -  -  -  B  B  B  -  -  -  B  -  B
Black: 126           -  B  -  -  -  -  -  -  -  -  -  -  -  B  -  -  B  B  -
                     -  B  B  B  -  -  -  -  B  -  B  -  -  -  -  -  -  B  -
                     -  -  B  B  -  B  B  -  B  B  B  -  -  B  -  -  -  -  -
                     -  -  -  -  B  B  -  -  -  -  -  -  -  -  B  -  B  -  -
                     -  -  B  B  B  -  -  -  -  -  -  -  -  -  -  -  -  -  -
                     -  -  -  -  -  -  -  -  B  -  -  -  -  -  -  -  -  -  -
                     -  -  -  B  -  -  -  B  B  B  -  -  -  -  -  B  -  -  -





81 B >81 B >




               W  -  W  -  W  W  W  W  -  W  W   -  B  W  B  W  -  B  -  W  W  W -  B  W  W  B  -  -  -  -  W  W 




                     -  W  -  -  W  W  B  B  W  W  -  WW  -  W  W
                     - W  W  B  W  -  W  W  -  W  -  W  -  -  W  W  W  W  -  B  B  -
                     -  B  B  -  -  B  -  W  -  -  B  -  -  W  B  -  -  B  B
Ticks: 82            -  -  B  -  -  B  W  W  W  -  -  B  W  W  W  -  -  -  -
                     -  -  B  -  -  B  B  B  B  -  B  -  -  W  -  -  B  -  B
                     -  -  -  -  -  -  -  -  -  -  B  B  B  -  -  -  B  -  B
Black: 129           -  B  -  -  -  -  -  -  -  -  -  -  -  B  -  -  B  B  -
                     -  B  B  B  -  -  -  -  B  -  B  -  -  -  -  -  -  B  -
                     -  -  B  B  -  B  B  -  B  B  B  -  -  B  -  -  -  -  -
                     -  -  -  -  B  B  -  -  -  -  -  -  -  -  B  -  B  -  -
                     -  -  B  B  B  -  -  -  -  -  -  -  -  -  -  -  -  -  -
                     -  -  -  -  -  -  -  -  B  -  -  -  -  -  -  -  -  -  -
                     -  -  -  B  -  -  -  B  B  B  -  -  -  -  -  B  -  -  -





83 B >83 B   -  W  -  -  W  W  B  B  W  W  -  W  W  W  W  -  W  W  W-  W  -  B  -  W  W  W  -  W  -  -  W  W  W  B  -  B  W  W  W  -   -  B  -  -  W  B  -  -  B  B
Ticks: 83            -  -  B  -  -  B  W  W  W  -  -  B  W  W  W  -  -  -  -
                     -  -  B  -  -  B  B  B  B  -  B  -  -  W  -  -  B  -  B
                     -  -  -  -  -  -  -  -  -  -  B  B  B  -  -  -  B  -  B
Black: 128           -  B  -  -  -  -  -  -  -  -  -  -  -  B  -  -  B  B  -
                     -  B  B  B  -  -  -  -  B  -  B  -  -  -  -  -  -  B  -
                     -  -  B  B  -  B  B  -  B  B  B  -  -  B  -  -  -  -  -
                     -  -  -  -  B  B  -  -  -  -  -  -  -  -  B  -  B  -  -
                     -  -  B  B  B  -  -  -  -  -  -  -  -  -  -  -  -  -  -
                     -  -  -  -  -  -  -  -  B  -  -  -  -  -  -  -  -  -  -
                     -  -  -  B  -  -  -  B  B  B  -  -  -  -  -  B  -  -  -





84 B >




                     -  W  -  -  W  W  B  B  W  W  -  W  W  W  -  W  W  -  W
                     W  W  W  W  W  -  -              -  -  B  -  -  -  W    -  -  B  W  -  W  B  -  -  B  B
Ticks: 84            -  -  B  -  -  B  W  W  W  -  -  B  W  W  W  -  -  -  -
                     -  -  B  -  -  B  B  B  B  -  B  -  -  W  -  -  B  -  B
                     -  -  -  -  -  -  -  -  -  -  B  B  B  -  -  -  B  -  B
Black: 131           -  B  -  -  -  -  -  -  -  -  -  -  -  B  -  -  B  B  -
                     -  B  B  B  -  -  -  -  B  -  B  -  -  -  -  -  -  B  -
                     -  -  B  B  -  B  B  -  B  B  B  -  B  B  -  -  -  -  -
                     -  -  -  -  B  B  -  -  -  -  -  -  -  -  B  -  B  -  -
                     -  -  B  B  B  -  -  -  -  -  -  -  -  -  -  -  -  -  -
                     -  -  -  -  -  -  -  -  B  -  -  -  -  -  -  -  -  -  -
                     -  -  -  B  -  -  -  B  B  B  -  -  -  -  -  B  -  -  -





85 B >85 B >




                     -  W  -  -  W  W  B  B  W  W  -  W  W  W  -  W  W  -  W
                     W  W  W  W  W  -  -  W  W  -  W  -  -  W  W  W  -  -  W
            W  W  W  -  B  W  W
White: 89   B  -  -  B  B
Ticks: 85            -  -  B  -  -  B  W  W  W  -  -  B  W  W  W  -  -  -  -
                     -  -  B  -  -  B  B  B  B  -  B  -  -  W  -  -  B  -  B
                     -  -  -  -  -  -  -  -  -  -  B  B  B  -  -  -  B  -  B
Black: 120           -  B  -  -  -  -  -  -  -  -  -  -  -  B  -  -  B  B  -
                     -  B  B  B  -  -  -  -  B  -  B  -  -  -  -  -  -  B  -
                     -  -  B  B  -  B  B  -  B  B  B  -  B  B  -  -  -  -  -
                     -  -  -  -  B  B  -  -  -  -  -  -  -  -  B  -  B  -  -
                     B  -  B  B  B  -  -  -  -  -  -  -  -  -  -  -  -  -  -
                     -  -  -  -  -  -  -  -  B  -  -  -  -  -  -  -  -  -  -
                     -  -  -  B  -  -  -  B  B  B  -  -  -  -  -  B  -  -  -





86 B >86 B >




                     -  W  -  -  W  W  B  B  W  W  -  W  W  W  W  -  W  W  W  W   -  W  -  W  -
           W  B  -  W  -  -  W  W  B  B  B
                     -  -  -  -  -  B  W  W  -  -  W  W  W  W  W  W  B  B  -
                     -  B  B  -  -  B  -  W  -  -  B  W  -  W  B  -  -  B  B
Ticks: 86            -  -  B  -  -  B  W  W  W  -  -  B  W  W  W  -  -  -  -
                     -  -  B  -  -  B  B  B  B  -  B  -  -  W  -  -  B  B  B
                     -  -  -  -  -  -  -  -  -  -  B  B  B  -  -  -  B  -  B
Black: 121           -  B  -  -  -  -  -  -  -  -  -  -  -  B  -  -  B  B  -
                     -  B  B  B  -  -  -  -  B  -  B  -  -  -  -  -  -  B  -
                     -  -  B  B  -  B  B  -  B  B  B  -  B  B  -  -  -  -  -
                     -  -  -  -  B  B  -  -  -  -  -  -  -  -  B  -  B  -  -
                     B  -  B  B  B  -  -  -  -  -  -  -  -  -  -  -  -  -  -
                     -  -  -  -  -  -  -  -  B  -  -  -  -  -  -  -  -  -  -
                     -  -  -  B  -  -  -  B  B  B  -  -  -  -  -  B  -  -  -





87 B >




                     W  W  W  -  W  W  -  W
                          -  -  B  -  -  - B  -  W  -  -  B  W  -  W  B  -  -  B  B
Ticks: 87            -  -  B  -  -  B  W  W  W  -  -  B  W  W  W  W  -  -  -
                     -  -  B  -  -  B  B  B  B  -  B  -  -  W  -  -  B  B  B
                     -  -  -  -  -  -  -  -  -  -  B  B  B  -  -  -  B  -  B
Black: 123           -  B  -  -  -  -  -  -  -  -  -  -  -  B  -  -  B  B  -
                     -  B  B  B  -  -  -  -  B  -  B  -  -  -  -  -  -  B  -
                     -  -  B  B  -  B  B  -  B  B  B  -  B  B  -  -  -  -  -
                     -  -  -  -  B  B  -  -  -  -  -  -  -  -  B  -  B  -  -
                     B  -  B  B  B  -  -  -  -  -  -  -  -  -  -  -  -  -  -
                     -  -  -  -  -  -  -  -  B  -  -  -  B  -  -  -  -  -  -
                     -  -  -  B  -  -  -  B  B  B  -  -  -  -  -  B  -  -  -





88 B >88 B >




                     -  W  -  -  W  W  B  B  W W
                     W  W                    W  -  W  -  W-  -  B  -  B  W  W  B  -  W  -  -  -  B  W  -  W  B  -  -  B  B
Ticks: 88  -  B  -  -  B  W  W  W  -  -  B  W  W  W  W  -  -  -
                     -  -  B  -  -  B  B  B  B  -  B  -  -  W  -  -  B  B  B
                     -  -  -  -  -  -  -  -  B  -  B  B  B  W  -  -  B  -  B
Black: 126           -  B  -  -  -  -  -  -  -  -  -  -  -  B  -  -  B  B  -
                     -  B  B  B  -  -  -  -  B  -  B  -  -  -  -  -  -  B  -
                     -  -  B  B  -  B  B  -  B  B  B  -  B  B  -  -  -  -  -
                     -  -  -  -  B  B  -  -  -  -  -  -  -  -  B  -  B  -  -
                     B  -  B  B  B  -  -  -  -  -  -  -  -  -  -  -  -  -  -
                     -  -  -  -  -  -  -  -  B  -  -  -  B  -  -  -  -  -  -
                     -  -  -  B  -  -  -  B  B  B  -  -  -  -  -  B  -  -  -





89 B >




                                          -  W   -  W  W  B  W  B
              B  -  W  -  -  W  W  B  B  B
                     -  -  -  -  -  B  W  W  W  -  W  W  W  W  W -  W  -  -  W  W  B  B  W  W  - W  W  W  -  W  -  W  -
             -  -  -  -  B  -  B  W  W  B    -  W  W  B  B  B
               -  W  B  -  -  B  B
Ticks: 90            -  -  B  -  -  B  W  W  W  W  -  B  W  W  W  W  -  -  -
                     -  -  B  -  -  B  B  B  B  -  B  -  -  W  B  -  B  B  B
                     -  -  -  -  -  -  -  -  B  -  B  B  B  W  -  -  B  -  B
Black: 128           -  B  -  -  -  -  -  -  -  -  -  -  -  B  -  -  B  B  -
                     -  B  B  B  -  -  -  -  B  -  B  -  -  -  -  -  -  B  -
                     -  -  B  B  -  B  B  -  B  B  B  -  B  B  -  -  -  -  -
                     -  -  -  -  B  B  -  -  -  -  -  -  -  -  B  -  B  -  -
                     B  -  B  B  B  -  -  -  -  -  -  -  -  -  -  -  -  -  -
                     -  -  -  -  -  -  -  -  B  -  -  -  B  -  -  -  -  -  -
                     -  -  -  B  -  -  -  B  B  B  -  -  -  -  -  B  -  -  -





Game Over Stones Exhausted