What is your name?
Hi, User





                     -  -  -  -  -  -  -  -  -  -  -  -  -  -  -  -  -  -  -
                     -  -  -  -  -  -  -  -  -  -  -  -  -  -  -  -  -  -  -
                     -  -  -  -  -  -  -  -  -  -  -  -  -  -  -  -  -  -  -
                     -  -  -  -  -  -  -  -  -  -  -  -  -  -  -  -  -  -  -
                     -  -  -  -  -  -  -  -  -  -  -  --  -  -  -  -  -  -  -  -  -  -  




                     -  -  -  -  -  -  -  -  -  -  -  -  -  -  -  -  -  -  -
                     -  -  -  -  -  -  -  -  -  -                    -  -  -  -  -   -  -  -  -  -  -  -  -  -  -  -  -  -
Ticks: 0             -  -  -  -  -  -  -  -  -  -  -  -  -  -  -  -  -  -  -
                     -  -  -  -  -  -  -  -  -  -  -  -  -  -  -  -  -  -  -
                     -  -  -  B  -  -  -  -  -  -  -  -  -  -  -  -  -  -  -
Black: 1             -  -  -  -  -  -  -  -  -  -  -  -  -  -  -  -  -  -  -
                     -  -  -  -  -  -  -  -  -  -  -  -  -  -  -  -  -  -  -
                     -  -  -  -  -  -  -  -  -  -  -  -  -  -  -  -  -  -  -
                     -  -  -  -  -  -  -  -  -  -  -  -  -  -  -  -  -  -  -
                     -  -  -  -  -  -  -  -  -  -  -  -  -  -  -  -  -  -  -
                     -  -  -  -  -  -  -  -  -  -  -  -  -  -  -  -  -  -  -
                     -  -  -  -  -  -  -  -  -  -  -  -  -  -  -  -  -  -  -





1 B >




                     -  -  -  -  -  -  -  -  -  -  -  -  -  -  -  -  -  -  -
                     -  -  -  -  -  -  -  -  -  -  -  -  -  -  -  -  -  -  -
                     -  -  -  -  -  -  -  -  -  -  -  -  -  -  -  -  -  -  -
                     - -  -  -  -  -  -  -  -  -  -  -
Ticks: 1             -  -  -  -  -  -  -  -  -  -  -  -  -  -  -  -  -  -  -
                     -  -  -  -  -  -  -  -  -  -  -  -  -  -  -  -  -  B  -
                     -  -  -  B  -  -  -  -  -  -  -  -  -  -  -  -  -  -  -
Black: 2             -  -  -  -  -  -  -  -  -  -  -  -  -  -  -  -  -  -  -
                     -  -  -  -  -  -  -  -  -  -  -  -  -  -  -  -  -  -  -
                     -  -  -  -  -  -  -  -  -  -  -  -  -  -  -  -  -  -  -
                     -  -  -  -  -  -  -  -  -  -  -  -  -  -  -  -  -  -  -
                     -  -  -  -  -  -  -  -  -  -  -  -  -  -  -  -  -  -  -
                     -  -  -  -  -  -  -  -  -  -  -  -  -  -  -  -  -  -  -
                     -  -  -  -  -  -  -  -  -  -  -  -  -  -  -  -  -  -  -





2 B >




                     -  -  -  -  -  -  -  -  -  -  -  -  -  -  -  -  -  -  -
                     -  -  -  -  -  -  -  -  -  -  -  -  -  -  -  -  -  -  W
                     -  - -  -  -  -  -  -  -  -  -  -  -    -  -  -
                     -         -  -  -  -  -  -  -  -  -   -  -  -  -  -  -  -  -  -  -  -  -  -  -  -  -  -
Ticks: 2             -  -  -  -  -  -  -  -  -  -  -  -  -  -  -  -  -  -  -
                     -  -  -  -  -  -  -  -  -  -  -  -  -  -  -  -  -  B  -
                     -  -  -  B  -  -  -  -  -  -  -  -  -  -  -  -  -  -  -
Black: 3             -  -  -  -  -  -  -  -  -  -  -  -  -  -  -  -  -  -  -
                     -  -  -  -  -  -  -  -  -  -  -  -  -  -  -  -  -  -  -
                     -  -  -  -  -  -  -  -  -  -  -  -  -  -  -  -  -  -  -
                     -  -  -  -  -  -  -  -  -  -  -  -  -  -  -  -  -  -  -
                     -  -  -  -  -  -  -  B  -  -  -  -  -  -  -  -  -  -  -
                     -  -  -  -  -  -  -  -  -  -  -  -  -  -  -  -  -  -  -
                     -  -  -  -  -  -  -  -  -  -  -  -  -  -  -  -  - 3 B >




                     -  -  -  -  -  -  -  -  -  -  -  -  -  -  -  -  -  -  W
                     -  -  -  -  -  -  -  -  -  -  -  -  -
              -  -  -  -  -  -  -  -  -  -  -  -  -  -  -  -  -
               -  -  -  -  -  -
                -  -  -  -  -  -  -  -  -  -  -
Ticks: 3             -  -  -  -  -  -  -  -  -  -  -  -  -  -  -  -  -  -  -
                     -  -  -  -  -  -  -  -  -  -  -  -  -  -  -  -  -  B  -
                     -  -  -  B  -  -  -  -  -  -  -  -  -  -  -  -  -  -  -
Black: 4             -  -  -  -  -  -  -  -  -  -  -  -  -  -  -  -  -  -  -
                     -  -  -  -  -  -  -  -  -  -  -  -  -  -  -  -  -  -  -
                     -  -  -  -  -  -  -  -  -  -  -  -  -  -  -  -  -  -  -
                     -  -  -  -  -  -  -  -  -  -  -  -  -  -  -  -  -  -  -
                     -  -  -  -  -  -  -  B  -  -  -  -  -  -  -  -  -  -  -
                     -  -  -  -  -  -  -  -  -  -  -  -  -  -  -  -  -  -  -
                     -  -  -  -  -  -  -  -  -  -  -  -  -  -  -  -  -  -  -





4 B >




                     -  -  -  -  -  -  -  -  -  -  -  -  -  -  -  -  -  -  W
                    -  -  -  -  -  - -  -  -  B  -  -  -  -  -  -  -   -  -  -  -
                     --  -  -  -  -  -  -  -  -  -  -  -                 -  -  -  -  -  -  -  -  -  -  -  -  -  -  -  -  -  -  -
Ticks: 4             -  -  -  -  -  -  -  -  -  -  -  -  -  -  -  -  -  -  -
                     -  -  -  -  -  -  -  -  -  -  -  -  -  -  -  -  -  B  -
                     -  -  -  B  -  -  -  -  -  -  -  -  -  -  -  -  -  -  -
Black: 5             -  -  -  -  -  -  -  -  -  -  -  -  -  -  -  -  -  -  -
                     -  -  -  -  -  -  -  -  -  -  -  -  -  -  -  -  -  -  -
                     -  -  -  -  -  -  -  -  -  -  -  -  -  -  -  -  -  -  -
                     -  -  -  -  -  -  -  -  -  -  -  -  -  -  -  -  -  -  -
                     -  -  -  -  -  -  -  B  -  -  -  -  -  -  -  -  -  -  -
                     -  -  -  -  -  -  -  -  -  -  -  -  -  -  -  -  -  -  -
                     -  -  -  -  B  -  -  -  -  -  -  -  -  -  -  -  -  -  -





5 B >




                     -  -  -  -  -  -  -  -  -  -  -  -  -  -  -  -  -  -  W
                     -  -  -  -  -  -  -  -  -  -  -  -  -  -  -  -  -  -  W
                     -  -  -  -  -  -  W  -  -  -  -  -  -  -  -  -  -  -  W
                     -  -  -  -  -  -  -  -  -                    -  -  -  -  -  -  -  -  -  -  -  -  -  -  -  -  -  -  -  -  -  -  -
Ticks: 5             -  -  -  -  -  -  -  -  -  -  -  -  -  -  -  -  -  -  -
                     -  -  -  -  -  -  -  -  -  -  -  -  -  -  -  -  -  B  -
                     -  -  -  B  -  -  -  -  -  -  -  -  -  -  -  -  -  -  -
Black: 6       -  -  -  -
                     -  -  -  -  -  -  -  -  -  -  -  -  -  -  -  -  -  -  -
                     -  -  -  -  -  -  -  -  -  -  -  -  -  -  -  -  -  -  -
                     -  -  -  -  -  -  -  -  -  -  -  -  -  -  -  -  -  -  -
                     -  -  -  -  -  -  -  B  -  -  -  -  -  -  -  -  -  -  -
                     -  -  -  -  -  -  -  -  -  -  -  -  -  -  -  -  -  -  -
                     -  -  -  -  B  -  -  -  -  -  -  -  -  -  -  -  -  -  -





6 B >




                     -  -  -  -  -  -  -  -  -  -  -  -  -  -  -  -  -  -  W
                     -  -  -  -  -  -  -  -  -  -  -  -  -  -  -  -  -  -  W
                     -  -  -  -  -  W  W  -  -  -  -  -  -  -  -  -  -  -  W
                     -  -  -  -  -  -  -  -  -  -  -    -  -  -  B  -  -  -  -  -  -  -  -  -  -  -  -  -
White: 6             -  -  -  -  -  -  -  -  -  -  -  -  -  -  -  -  -  B  -
                     -  -  -  B  -  -  -  -  -  -  -  -  -  -  -  -  -  -  -
                     -  -  -  -  -  -  -  -  -  -  -  -  -  -  -  -  -  -  -
Ticks: 6             -  -  -  -  -  -  -  -  -  -  -  -  -  -  -  -  -  -  -
                     -  -  -  -  -  -  -  -  -  -  -  -  -  -  -  -  -  B  -
                     -  -  -  B  -  -  -  -  -  -  -  -  -  -  -  -  -  -  -
Black: 7             -  -  -  -  -  -  -  -  -  -  -  -  -  -  -  -  -  -  -
                     -  -  -  -  -  -  -  -  -  -  -  -  -  -  -  -  -  -  -
                     -  -  -  -  -  -  -  -  -  -  -  -  -  -  -  -  -  -  -
                     -  -  -  -  -  -  -  -  -  -  -  -  -  -  -  -  -  -  -
                     -  -  -  -  -  -  -  B  -  -  -  -  -  -  -  -  -  -  -
                     -  -  -  -  -  -  -  -  -  -  -  -  -  -  -  -  -  -  -
                     -  -  -  -  B  -  -  -  -  -  -  -  -  -  -  -  -  -  -





7 B >




                     -  -  -  -  -  -  -  -  -  -  -  -  -  -  -  -  -  -  W
                     -  -  -  -  -  -  W  -  -  -  -  -  -  -  -  -  -  -  -  -  -  -  -  -  -  -  -  -             -  -  -  B  -  -  - -  -  -  -  -  -  -  -  -  -  -   -  -  -  -  -  -  -  -  -  -  -  -
Ticks: 7             -  -  -  -  -  -  -  -  -  -  -  -  -  -  -  -  -  -  -
                     -  -  -  -  -  -  -  -  -  -  -  -  -  -  -  -  -  B  -
                     -  -  -  B  -  -  -  -  -  -  -  -  -  -  -  -  -  -  -
Black: 8             -  -  -  -  -  -  -  -  -  -  -  -  B  -  -  -  -  -  -
                     -  -  -  -  -  -  -  -  -  -  -  -  -  -  -  -  -  -  -
                     -  -  -  -  -  -  -  -  -  -  -  -  -  -  -  -  -  -  -
                     -  -  -  -  -  -  -  -  -  -  -  -  -  -  -  -  -  -  -
                     -  -  -  -  -  -  -  B  -  -  -  -  -  -  -  -  -  -  -
                     -  -  -  -  -  -  -  -  -  -  -  -  -  -  -  -  -  -  -
                     -  -  -  -  B  -  -  -  -  -  -  -  -  -  -  -  -  -  -





8 B >




                     -  -  -  -  -  -  -  -  -  -  -  -  -  -  -  -  -  -  W
                     -  -  -  -  -    -  -  -  -  -  W  W  -  -  -  -  -  -  -  -  -  -  -  -  -  B   -  -  -  -  -
Ticks: 8             -  -  -  -  -  -  -  -  -  -  -  -  -  -  -  -  -  -  -
                     -  -  -  -  -  -  -  -  -  -  -  -  -  -  -  -  -  B  -
                     -  -  -  B  -  -  -  -  -  -  -  -  -  -  -  -  -  -  -
Black: 33            -  -  -  -  -  -  -  -  -  -  -  -  B  -  -  -  -  -  -
                     -  -  -  -  -  -  -  -  -  -  -  -  -  -  -  -  -  -  -
                     -  -  -  -  -  -  -  -  -  -  -  -  -  -  -  -  -  -  -
                     -  -  -  -  -  -  -  -  -  -  -  -  -  -  -  -  -  -  -
                     -  -  -  -  -  -  -  B  -  -  -  -  -  -  -  -  -  -  -
                     -  -  -  -  -  B  -  -  -  -  -  -  -  -  -  -  -  -  -
                     -  -  -  -  B  -  -  -  -  -  -  -  -  -  -  -  -  -  -





9 B >




                     -  -  -  -  -  -  -  -  -  -  -  -  -  -  -  -  -  -  W
                     -  -  -  -  -  -  W  -  -  -  -  -  -  -  -  -  -  -  -  W
                     - -  -  -  -  -  -  -  -  -  -  -                      -  -  -  -        -  -  -  -  -  B  -  -  -    -  -  -  -  -  -  -  -  -  -  -  -  -  -  -  -
Ticks: 9             -  -  -  -  -  -  -  -  -  -  -  -  -  -  -  -  -  -  -
                     -  -  -  -  -  -  -  -  -  -  -  -  -  -  -  -  -  B  -
                     -  -  -  B  -  -  -  -  -  -  -  -  -  -  -  -  -  -  -
Black: 30            -  -  -  -  -  -  -  -  -  -  -  -  B  -  -  -  -  -  -
                     -  -  -  -  -  -  -  -  -  -  -  -  -  -  -  -  -  -  -
                     -  -  -  -  -  -  -  -  -  -  -  -  -  -  -  -  -  -  -
                     -  -  -  -  -  -  -  -  -  -  -  -  -  -  -  -  -  -  -
                     -  -  -  -  -  -  -  B  -  -  -  -  -  -  -  -  -  -  -
                     -  -  -  -  -  B  -  -  -  -  -  -  -  -  -  -  -  -  -
                     -  -  -  -  B  -  -  -  -  -  -  -  -  -  -  -  -  -  -





10 B >




                     -  -  -  -  -  -  -  -  -  -  -  -  -  -  -  -  -  -  W
                     -  -  -  -  W  -  W  -  -  -  -  -  -  -  -  -    -  -  -  -  -  -  -  -  W  W  - -  -
White: 10            -  -           -  -  -  B  -  -  -  -  -  -  -  -  -  -  -  -  -  -  -
                     -  -  -  -  -  -  -  -  -  -  -  -  -  -  -  -  -  -  -
Ticks: 10            -  -  -  -  -  -  -  -  -  -  -  -  -  -  -  -  -  -  -
                     -  -  -  -  -  -  -  -  -  -  -  -  -  -  -  -  -  B  B
                     -  -  -  B  -  -  -  -  -  -  -  -  -  -  -  -  -  -  -
Black: 32            -  -  -  -  -  -  -  -  -  -  -  -  B  -  -  -  -  -  -
                     -  -  -  -  -  -  -  -  -  -  -  -  -  -  -  -  -  -  -
                     -  -  -  -  -  -  -  -  -  -  -  -  -  -  -  -  -  -  -
                     -  -  -  -  -  -  -  -  -  -  -  -  -  -  -  -  -  -  -
                     -  -  -  -  -  -  -  B  -  -  -  -  -  -  -  -  -  -  -
                     -  -  -  -  -  B  -  -  -  -  -  -  -  -  -  -  -  -  -
                     -  -  -  -  B  -  -  -  -  -  -  -  -  -  -  -  -  -  -





11 B >




                     -  -  -  -  -  -  -  -  -  -  -  -  -  -  -  -  -  -  W
                     -  -  -  -  W  -  W  -  -  -  -  -  -  -  -  -  W  W  -  -  -  - -  -  -  -  -  -  -  -
Ticks: 11            -  -  -  -  -  -  -  -  -  -  -  -  -  -  -  -  -  -  -
                     -  -  -  -  -  -  -  -  -  -  -  -  -  -  -  -  -  B  B
                     -  -  -  B  -  -  -  -  -  -  -  -  -  -  -  -  -  -  -
Black: 32            -  -  -  -  -  -  -  -  -  -  -  -  B  -  -  -  -  -  -
                     -  -  -  -  -  -  -  -  -  -  -  -  -  -  -  -  -  -  -
                     -  -  -  -  -  -  -  -  -  -  -  -  -  -  -  -  -  -  -
                     -  -  -  -  -  -  -  -  -  -  -  -  -  -  -  -  -  -  -
                     -  -  -  -  -  -  -  B  -  -  -  -  -  -  -  -  -  -  -
                     -  -  -  -  -  B  -  -  -  -  -  -  -  -  -  -  -  -  -
                     -  -  -  -  B  -  -  -12 B >




                     -  -  -  -  -  -  -  -  -  -  -  -  -  -  -  -  -  -  W
                     -  -  -  -  W  -  W  -   -  -  -  -  -  -  -  -  -  B  -
                     -  --  -  -  -  -  -  -  -  -  -  -  -  -
Ticks: 12            -  -  -  -  -  -  -  -  -  -  -  -  -  -  -  -  -  -  -
                     -  -  -  -  -  -  -  -  -  -  -  -  -  -  -  -  -  B  B
                     -  -  -  B  -  -  -  -  -  -  -  -  -  -  -  -  -  -  -
Black: 33            -  -  -  -  -  -  -  -  -  -  -  -  B  -  -  -  -  -  -
                     -  -  -  -  -  -  -  -  -  -  -  -  -  -  -  -  -  -  -
                     -  -  -  -  -  B  -  -  -  -  -  -  -  -  -  -  -  -  -
                     -  -  -  -  -  -  -  -  -  -  -  -  -  -  -  -  -  -  -
                     -  -  -  -  -  -  -  B  -  -  -  -  -  -  -  -  -  -  -
                     -  -  -  -  -  B  -  -  -  -  -  -  -  -  -  -  -  -  -
                     -  -  -  -  B  -  -  -  -  -  -  -  -  -  -  -  -  -  -





13 B >




                     -  -  -  -  -  -  -  -  -  -  -  -  -  -  -  -  -  -  W
                     -  -  -  -  W  -  W  -  -  -  -  -  -  -  -  -  --  -  -  -  B  -  -  -  -  -  -
W -  -  -  -  -  -  -  -  -  -  -  -  -  -  -  -
Ticks: 13            -  -  -  -  -  -  -  -  -  -  -  -  -  -  -  -  -  -  -
                     -  -  -  -  -  -  -  -  -  -  -  -  -  -  -  -  -  B  B
                     -  -  -  B  -  -  -  -  -  -  -  -  -  -  -  -  -  -  -
Black: 34            -  -  -  -  -  -  -  -  -  -  -  -  B  -  -  -  -  -  -
                     -  -  -  -  -  -  -  -  -  -  -  -  -  -  -  -  -  -  -
                     -  -  -  -  -  B  -  -  -  -  -  -  -  -  -  -  -  -  -
                     -  -  -  -  -  -  -  -  -  -  -  -  -  -  -  -  -  -  -
                     -  -  -  -  -  -  -  B  B  -  -  -  -  -  -  -  -  -  -
                     -  -  -  -  -  B  -  -  -  -  -  -  -  -  -  -  -  -  -
                     -  -  -  -  B  -  -  -  -  -  -  -  -  -  -  -  -  -  -





14 B >




                     -  -  -  -  -  -  -  -  -  -  -  -  -  -  -  -  -  -  W
                     -  -  -  -  W  -  W  -  -  -  -  -  -  -  -  -  -  W  -  -  -  -  -  -  -  W  W                    -  -  -  -  -  -  -  -  -  -  -  -  -  -  -  -  -  -  -
Ticks: 14            -  -  -  -  -  -  -  -  -  -  -  -  -  -  -  -  -  -  -
                     -  -  -  -  -  -  -  -  -  -  -  -  -  -  -  -  -  B  B
                     -  -  -  B  -  -  -  -  -  -  -  -  -  -  -  -  -  -  -
Black: 30            -  -  -  -  -  -  -  -  -  -  -  -  B  -  -  -  -  -  -
                     -  -  -  -  -  -  -  -  -  -  -  -  -  -  -  -  -  -  -
                     -  -  -  -  -  B  -  -  -  -  -  -  -  -  -  -  -  -  -
                     -  -  -  -  -  -  -  -  -  -  -  -  -  -  -  -  -  -  -  -  -  -  -
                     -  -  -  -  -  B  -  -  -  -  -  -  -  -  -  -  -  -  -
                     -  -  -  -  B  -  -  -  -  -  -  -  -  -  -  -  -  -  -





15 B >15 B >15 B >15 B >




                     -  -  -  -  -  -  -  -  -  -  -  -  -  -  -  -  -  -  W
                 -  -  -  -  W  W  W  W  -  -  -  -  -  -  -  -  -  -  -  -  -  B    -  -  -  -  -  -  -  -  -  -  -  -  -  -  -  -  -  -
Ticks: 15            -  -  -  -  -  -  -  -  -  -  -  -  -  -  -  -  -  -  -
                     -  -  -  -  -  -  -  -  -  -  -  -  -  -  -  -  -  B  B
                     -  -  -  B  -  -  -  -  -  -  -  -  -  -  -  -  B  -  -
Black: 45            -  -  -  -  -  -  -  -  -  -  -  -  B  -  -  -  -  -  -
                     -  -  -  -  -  -  -  -  -  -  -  -  -  -  -  -  -  -  -
                     -  -  -  -  -  B  -  -  -  -  -  -  -  -  -  -  -  -  -
                     -  -  -  -  -  -  -  -  -  -  -  -  -  -  -  -  -  -  -
                     -  -  -  -  -  -  -  B  B  -  -  -  -  -  -  -  -  -  -
                     -  -  -  -  -  B  -  -  -  -  -  -  -  -  -  -  -  -  -
                     -  -  -  -  B  -  -  -  -  -  -  -  -  -  -  -  -  -  -





16 B >16 B >




                     -  -  -  -  -  -  -  -  -  -  -  -  -  -  -  -  -  -  W
                     -  -  -  -  W  -  W  -  -  -  -  -  -  -  -  -  -  -  W
                       -  -  -  B  W  -  W  -  -  -   -  -  -  W
                     -  -  W  W  -  -  -  -  -  B  W  W  -  -  -  -  -
                  -  -  -  -  -  -  B  -  -  -  -  -  -  -  -  -  -  -  -  -  -
Ticks: 16            -  -  -  -  -  -  -  -  -  -  -  -  -  -  -  -  -  -  -
                     -  -  -  -  -  -  -  -  -  -  -  -  -  -  -  -  -  B  B
                     -  -  -  B  -  -  -  -  -  -  -  -  -  -  -  -  B  -  -
Black: 59            -  -  -  -  -  -  -  -  -  -  -  -  B  -  -  -  -  -  -
                     -  -  -  -  -  -  -  -  -  -  -  -  -  -  -  -  -  -  -
                     -  -  -  -  -  B  -  -  -  -  -  -  -  -  -  -  -  -  -
                     -  -  -  -  -  -  -  -  -  -  -  -  -  -  -  -  -  -  -
                     -  -  -  -  -  -  -  B  B  -  -  -  -  -  -  -  -  -  -
                     -  -  -  -  -  B  -  -  -  -  -  -  -  -  -  -  -  -  -
                     -  -  -  -  B  -  -  -  -  -  -  -  -  -  -  -  -  -  -





17 B >




                     -  -  -  -  -  -  -  -  -  -  -  -  -  -  -  -  -  -  W
                     -  -  -  -  W  -  W  -  -  -  -  -  -  -  -  -  -  -   W  W  -  -  -  -  -
               -  -  -  -  -  -  -  -  -  -  -  -  -  -  -  B  -
             -  -  -  -  -  -  -  -  -  -  -  -  -  -  -  -  -  -
Ticks: 17            -  -  -  -  -  -  -  -  -  -  -  -  -  -  -  -  -  -  -
                     -  -  -  -  -  -  -  -  -  -  -  -  -  -  -  -  -  B  B
                     -  -  -  B  -  -  -  -  -  -  -  -  -  B  -  -  B  -  -
Black: 65            -  -  -  -  -  -  -  -  -  -  -  -  B  -  -  -  -  -  -
                     -  -  -  -  -  -  -  -  -  -  -  -  -  -  -  -  -  -  -
                     -  -  -  -  -  B  -  -  -  -  -  -  -  -  -  -  -  -  -
                     -  -  -  -  -  -  -  -  -  -  -  -  -  -  -  -  -  -  -
                     -  -  -  -  -  -  -  B  B  -  -  -  -  -  -  -  -  -  -
                     -  -  -  -  -  B  -  -  -  -  -  -  -  -  -  -  -  -  -
                     -  -  -  -  B  -  -  -  -  -  -  -  -  -  -  -  -  -  -





18 B >




                     -  -  -  -  -  -  -  -  -  -  -  -  -  -  -  -  -  -  W
                     -  -  -  -  W   -  -  -  -  W
                     -  -  -  W  W  W  -  -  -  -    -  -  -  -
                       -  -
Ticks: 18            -  -  -  -  -  -  -  -  -  -  -  -  -  -  -  -  -  -  -
                     -  -  -  -  -  -  -  -  -  -  -  -  -  -  -  -  -  B  B
                     -  -  -  B  -  -  -  -  -  -  -  -  -  B  -  -  B  -  -
Black: 64            -  -  -  -  -  -  -  -  -  -  -  -  B  -  -  -  -  -  -
                     -  -  -  -  -  -  -  -  -  -  -  -  -  -  -  -  -  -  -
                     -  -  -  -  -  B  -  -  -  -  -  -  -  -  -  -  -  -  -
                     -  -  -  -  -  -  -  -  -  -  -  -  -  -  -  -  -  -  -
                     -  -  -  -  -  -  -  B  B  -  -  -  -  -  -  -  -  -  -
                     -  -  -  -  -  B  -  -  -  -  -  -  -  -  -  -  -  -  -
                     -  -  -  -  B  -  -  -  -  -  -  -  -  -  -  -  -  -  -





19 B >




                     -  -  -  -  -  -  -  -  -  -  -  -  -  -  -  -  -  -  W
                     -  -  -  -  W                     -  -  -  B  W -  -  B  -  -  -  -  -  -  -  -  -  -  -  -  -  -  -
                       -  -  -  -  -  -  -  -  -  -  -  -  -  -  -  -  -  -  -
                     -  -  -  -  -  -  -  -  -  -  -  -  -  -  -  -  -  B  B
                     -  -  -  B  -  -  -  -  -  -  -  -  -  B  -  -  B  -  -
Black: 65            -  -  -  -  -  -  -  -  -  -  -  -  B  -  -  -  -  -  -
                     -  -  -  -  -  -  -  -  -  -  -  -  -  -  -  -  -  -  -
                     -  -  -  -  -  B  -  -  -  -  -  -  -  -  -  -  -  -  -
                     -  -  -  -  -  -  -  -  -  -  -  -  -  -  -  -  -  -  -
                     -  -  -  -  -  -  -  B  B  -  -  -  -  -  -  -  -  -  -
                     -  -  -  -  -  B  -  -  -  -  -  -  -  -  -  -  -  -  -
                     -  -  -  -  B  -  -  -  -  -  -  -  -  -  -  -  -  -  -





20 B >20 B >




                     -  -  -  -  -  -  -  -  -  -  -  -  -  -  -  -  -  -  W
                     -  -  -  -  W  -  W  -  -  -  -  -  -  - 
                     -  -  -  W  -  -  -  -  -  -  -  -  -  -  -  -  -  -  B  -
                     -  -  -  B  -  -  -  -  -  -    -  -  -  -  -  -  -  -  -  -  -  -  -
Ticks: 20            -  -  -  -  -  -  -  -  -  -  -  -  -  -  -  -  -  -  -
                     -  -  -  -  -  -  -  -  -  -  -  -  -  -  -  -  -  B  B
                     -  -  -  B  -  -  -  -  -  -  -  -  -  B  -  -  B  -  -
Black: 60            -  -  -  -  -  -  -  -  -  -  -  -  B  -  -  -  -  -  -
                     -  -  -  -  -  -  -  -  -  -  -  -  -  -  -  -  -  -  -
                     -  -  -  -  -  B  -  -  -  -  -  -  -  -  -  -  -  -  -
                     -  -  -  -  -  -  -  -  -  -  -  -  -  -  -  -  -  -  -
                     -  -  -  -  -  -  -  B  B  -  -  -  -  -  -  -  -  -  -
                     -  -  -  -  -  B  -  -  -  -  -  -  -  -  -  -  B  -  -
                     -  -  -  -  B  -  -  -  -  -  -  -  -  -  -  -  -  -  -





21 B >




                     -  -  -  -  -  -  -  -  -  -  -  -  -  -  -  -  -  -  W
                     -  -  -  -  W  -  W  -  -  -  -  -  -  -  -  -  -  -  W
                     -  --  -  -  B  -  -  -  -  -  -
White: 21            -  -  -  -  -  -  -  -  -  -  -  -  -  -  -  -  -  B  -
                     -  -  -  B  -  -  -  -  -  -  -  -  -  -  -  -  -  -  -
                     -  -  -  -  -  -  -  -  -  -  -  -  -  -  -  -  -  -  -
Ticks: 21            -  -  -  -  -  -  -  -  -  -  -  -  -  -  -  -  -  -  -
                     -  -  -  -  -  -  -  -  -  -  -  -  -  -  -  -  -  B  B
                     -  -  -  B  -  -  -  -  -  -  -  -  -  B  -  -  B  -  -
Black: 61            -  -  -  -  -  -  -  -  -  -  -  -  B  -  -  -  -  -  -
                     -  -  -  -  -  -  -  -  -  -  -  -  -  -  -  -  -  -  -
                     -  -  -  -  -  B  -  -  -  -  -  -  -  -  -  -  -  -  -
                     -  -  -  -  -  -  -  -  -  -  -  -  -  -  -  -  -  -  B
                     -  -  -  -  -  -  -  B  B  -  -  -  -  -  -  -  -  -  -
                     -  -  -  -  -  B  -  -  -  -  -  -  -  -  -  -  B  -  -
                     -  -  -  -  B  -  -  -  -  -  -  -  -  -  -  -  -  -  -





22 B >




                     -  -  -  -  -  -  -  -  -  -  -  -  -  -  -  -  -  -  W
                     -   -  -  -  B  -  W  -  -  -               -  -  -  -  W  B  - -  -  B  -  -  -  -  -  -
White:  -  -  -  -  -  -  -  -  -  -
                     -  -  -  -  -  -  -  -  -  -  -  -  B  -  -  -  -  -  -
Ticks: 22            -  -  -  -  -  -  -  -  -  -  -  -  -  -  -  -  -  -  -
                     -  -  -  -  -  -  -  -  -  -  -  -  -  -  -  -  -  B  B
                     -  -  -  B  -  -  -  -  -  -  -  -  -  B  -  -  B  -  -
Black: 59            -  -  -  -  -  -  -  -  -  -  -  -  B  -  -  -  -  -  -
                     -  -  -  -  -  -  -  -  -  -  -  -  -  -  -  -  -  -  -
                     -  -  -  -  -  B  -  -  -  -  -  -  -  -  -  -  -  -  -
                     -  -  -  -  -  -  -  -  -  -  -  -  -  -  -  -  -  -  B
                     -  -  -  -  -  -  -  B  B  -  -  -  -  -  -  -  -  -  -
                     -  -  -  -  -  B  -  -  -  -  -  -  -  -  -  -  B  -  -
                     -  -  -  -  B  -  -  -  -  -  -  -  -  -  -  -  -  -  -





23 B >




                     -  -  -  -  -  -  -  -  -  -  -  -  -  -  -  -  -  -  W
                     -  -  -  -  W  -  W  -  -  -  -  -  -  -  -  -  -  -  W
                     -  -  -  -  W  -  -  -  -  W
                               -  -  -  -  -  -  -  -  -  -  -  -  B  -  -  -  -  -  -
Ticks: 23            -  -  -  -  -  -  -  -  -  -  -  -  -  -  -  -  -  -  -
                     -  -  -  -  -  -  -  -  -  -  -  -  -  -  -  -  -  B  B
                     -  -  -  B  -  -  -  -  -  -  -  -  -  B  -  -  B  -  -
Black: 65            -  -  -  -  -  -  -  -  -  -  -  -  B  -  -  -  -  -  -
                     -  -  -  -  -  -  -  -  -  -  -  -  -  -  -  -  -  -  -
                     -  -  -  -  -  B  -  -  -  -  -  -  -  -  -  -  -  -  -
                     -  -  -  -  -  -  -  -  -  -  -  -  -  -  -  -  -  -  B
                     -  -  -  -  -  -  -  B  B  -  -  -  -  -  -  -  -  -  -
                     -  -  -  -  -  B  -  -  -  -  -  -  -  -  -  -  B  -  -
                     -  -  -  -  B  -  -  -  -  -  -  -  -  B  -  -  -  -  -





24 B >




                     -  -  -  -  -  -  -  -  -  -  -  -  -  -  -  -  -  -  W
                     -  -  -  -  W  -  W  -  -  -  -  -  -  -  -  -  -  -    -  -  W
                     -  W  W  -  -  -  -  -  B  W  W  W  -  W
                     -  -  -  -  W  B  -  -  -  -  -  -  B  -  -  -  -  -  -
White: 24            -  -  -  -  -  -  -  -  -  -  -  -  -  -  -  -  -  B  -
                     -  -  -  B  -  -  -  -  -  -  -  -  -  -  -  -  -  -  -
                     -  -  -  -  -  -  -  -  -  -  -  -  B  -  -  -  -  -  -
Ticks: 24            -  -  -  -  -  -  -  -  -  -  -  -  -  -  -  -  -  -  -
                     -  -  -  -  -  -  -  -  -  -  -  -  -  -  -  -  -  B  B
                     B  -  -  B  -  -  -  -  -  -  -  -  -  B  -  -  B  -  -
Black: 66            -  -  -  -  -  -  -  -  -  -  -  -  B  -  -  -  -  -  -
                     -  -  -  -  -  -  -  -  -  -  -  -  -  -  -  -  -  -  -
                     -  -  -  -  -  B  -  -  -  -  -  -  -  -  -  -  -  -  -
                     -  -  -  -  -  -  -  -  -  -  -  -  -  -  -  -  -  -  B
                     -  -  -  -  -  -  -  B  B  -  -  -  -  -  -  -  -  -  -
                     -  -  -  -  -  B  -  -  -  -  -  -  -  -  -  -  B  -  -
                     -  -  -  -  B  -  -  -  -  -  -  -  -  B  -  -  -  -  -





25 B >




                     -  -  -  -  -  -  -  -  -  -  -  -  -  -  -  -  -  -  W
                     -  B  -  -  W  -   -  -  -  -  -  -  -  W  W
       -
                     -  -  -       -  -  -  -  -  -  -  -  -  -  -  -  B  -  -  -  -  -  -
Ticks: 25            -  -  -  -  -  -  -  -  -  -  -  -  -  -  -  -  -  -  -
                     -  -  -  -  -  -  -  -  -  -  -  -  -  -  -  -  -  B  B
                     B  -  -  B  -  -  -  -  -  -  -  -  -  B  -  -  B  -  -
Black: 64            -  -  -  -  -  -  -  -  -  -  -  -  B  -  -  -  -  -  -
                     -  -  -  -  -  -  -  -  -  -  -  -  -  -  -  -  -  -  -
                     -  -  -  -  -  B  -  -  -  -  -  -  -  -  -  -  -  -  -
                     -  -  -  -  -  -  -  -  -  -  -  -  -  -  -  -  -  -  B
                     -  -  -  -  -  -  -  B  B  -  -  -  -  -  -  -  -  -  -
                     -  -  -  -  -  B  -  -  -  -  -  -  -  -  -  -  B  -  -
                     -  -  -  -  B  -  -  -  -  -  -  -  -  B  -  -  -  -  -





26 B >26 B >




                     -  -  -  -  -  -  -  -  -  -  -  -  -  -  -  -  -  -  W
                     -  B  -  -  W  -  W  -  -  -  -  -  -  -  -  -  -  -  W
                  W  W
                     -  -  W  W  -  -  -  -  -  B  W  W  W  -  W
                     -  -  -  B  -  -  -  -  -  -
White: 26            -  -  -  -  -  -  -  -  -  -  -  -  -  -  -  -  -  B  -
                     -  -  -  B  -  -  -  -  -  -  -  -  -  -  -  -  -  -  -
                     -  -  -  -  -  -  -  -  -  -  -  -  B  -  -  -  -  -  -
Ticks: 26            -  -  -  -  -  -  -  -  -  -  -  -  -  -  -  -  -  -  -
                     -  -  -  -  -  -  -  -  -  -  -  -  -  -  -  -  -  B  B
                     B  -  -  B  -  -  -  -  -  -  -  -  -  B  -  -  B  -  -
Black: 65            -  -  -  -  -  -  -  -  -  -  -  -  B  -  -  -  -  -  -
                     -  -  -  -  -  -  -  -  -  -  -  -  -  -  -  -  -  -  -
                     -  -  -  -  -  B  -  -  -  -  -  -  -  -  -  -  -  -  -
                     -  -  -  -  -  -  -  B  -  -  -  -  -  -  -  -  -  -  B
                     -  -  -  -  -  -  -  B  B  -  -  -  -  -  -  -  -  -  -
                     -  -  -  -  -  B  -  -  -  -  -  -  -  -  -  -  B  -  -
                     -  -  -  -  B  -  -  -  -  -  -  -  -  B  -  -  -  -  -





27 B >27 B >




                     -  -  -  -  -  -  -                    -  B  -  -  W-  W  -  -  -  -  -  -  -  -  -  -W  -  -  -  -  -
White: 27         -  -  -  B  -  -  -  -  -  -
Ticks: 27            -  -  -  -  -  -  -  -  -  -  -  -  -  -  -  -  -  -  -
                     -  -  -  -  -  -  -  -  -  -  -  -  -  -  -  -  -  B  B
                     B  -  -  B  -  -  -  -  -  -  -  -  -  B  -  -  B  -  -
Black: 49            -  -  -  -  -  -  -  -  -  -  -  -  B  -  -  -  -  -  -
                     -  -  -  -  -  -  -  -  -  -  -  -  -  -  -  -  -  -  -
                     -  -  -  -  -  B  -  -  -  -  -  -  -  -  -  -  -  -  -
                     -  -  -  -  -  -  -  B  -  -  -  -  -  -  -  -  -  -  B
                     -  -  -  -  -  -  -  B  B  -  -  B  -  -  -  -  -  -  -
                     -  -  -  -  -  B  -  -  -  -  -  -  -  -  -  -  B  -  -
                     -  -  -  -  B  -  -  -  -  -  -  -  -  B  -  -  -  -  -





28 B >28 B >




                     -  -  -  -  -  -  -  -  -  -  -  -  -  -  -  -  -  -  W
                     -  B  -  -  W  -  -  -  -  -  -  W
               -  B  W  W  W  W  -  -  -  -  -
White: 28            B   -  -  -  -  -  -  -  -  -  -  -  -  -  -  B  -
                     -  -  -  B  -  -  -  -  -  -  -  -  -  -  -  -  -  -  -
                    -  -  -  -  -  -  -  -  -  -  -  -  B  -  -  -  -  -  -
Ticks: 28            -  -  -  -  -  -  -  -  -  -  -  -  -  -  -  -  -  -  -
                     -  -  -  -  -  -  -  -  -  -  -  -  -  -  -  -  -  B  B
                     B  -  -  B  -  -  -  -  -  -  -  -  -  B  -  -  B  -  -
Black: 50            -  -  -  -  -  -  -  -  -  -  -  -  B  -  -  -  -  -  -
                     -  -  -  -  -  -  -  -  -  -  -  -  -  -  -  -  -  -  -
                     -  -  -  -  -  B  -  -  -  -  -  -  -  -  -  -  -  -  -
                     -  -  -  -  -  -  -  B  -  -  -  -  -  -  -  -  -  -  B
                     -  -  -  -  -  -  -  B  B  -  -  B  -  -  -  -  -  -  -
                     -  -  -  -  -  B  -  -  -  -  -  -  -  -  -  -  B  -  -
                     -  -  -  -  B  -  -  -  -  -  -  -  -  B  -  -  -  -  -





29 B >




                     -  -  -  -  -  -  -  -  -  -  -  -  -  -  -  -  -  W  W
                     -  B  -  -  W  -  W  -  -  -  -  -  -  -  -  -  -  -  W
                     -  -  W  W  W  W  W  W  W  W  -  -  -  -  -   B  W  -  -  -  -  -
White: 29  -  -  -  -  -  -  B  -  -  -  -  -  -
Ticks: 29            -  -  -  -  -  -  -  -  -  -  -  -  -  -  -  -  -  -  -
                     B  -  -  -  -  -  -  -  -  -  -  -  -  -  -  -  -  B  B
                     B  -  -  B  -  -  -  -  -  -  -  -  -  B  -  -  B  -  -
Black: 51            -  -  -  -  -  -  -  -  -  -  -  -  B  -  -  -  -  -  -
                     -  -  -  -  -  -  -  -  -  -  -  -  -  -  -  -  -  -  -
                     -  -  -  -  -  B  -  -  -  -  -  -  -  -  -  -  -  -  -
                     -  -  -  -  -  -  -  B  -  -  -  -  -  -  -  -  -  -  B
                     -  -  -  -  -  -  -  B  B  -  -  B  -  -  -  -  -  -  -
                     -  -  -  -  -  B  -  -  -  -  -  -  -  -  -  -  B  -  -
                     -  -  -  -  B  -  -  -  -  -  -  -  -  B  -  -  -  -  -





30 B >




                     -  -  -  -  -  -  -  -  -  -  -  -  -  -  -  -  -  W  W
                     -  B  W  -  W  -  -  -  -  -  W
                  -  -  B  W  -  W  -  -  -  -  B -  -  -  -  W
                   -  -  -  -  -
White: 30           -  -  -  -  -  -  -  -  -  -  -  B  -  -  -  -  -  -
Ticks: 30            -  -  -  -  -  -  -  -  -  -  -  -  -  -  -  -  -  -  -
                     B  -  -  -  -  -  -  -  -  -  -  -  -  -  -  -  -  B  B
                     B  -  -  B  -  -  -  -  -  -  -  -  -  B  -  -  B  -  -
Black: 52            -  -  -  -  -  -  -  -  -  -  -  -  B  -  -  -  -  -  -
                     -  -  -  -  -  -  -  -  -  -  -  -  -  -  -  -  -  B  -
                     -  -  -  -  -  B  -  -  -  -  -  -  -  -  -  -  -  -  -
                     -  -  -  -  -  -  -  B  -  -  -  -  -  -  -  -  -  -  B
                     -  -  -  -  -  -  -  B  B  -  -  B  -  -  -  -  -  -  -
                     -  -  -  -  -  B  -  -  -  -  -  -  -  -  -  -  B  -  -
                     -  -  -  -  B  -  -  -  -  -  -  -  -  B  -  -  -  -  -





31 B >




                     -  -  -  -  -  -  -  -  -  -  -  -  -  -  -  -  -  W  W
     W  W  W  W  -  -  -  -  -  -  --  -  -  B  -  W  -  W  -  -  W
  -  -  -  -  -  -  -  B  -
       -  -  -  -  -  -  -  -  -  B  -  -  -  -  -  -
Ticks: 31            -  -  -  -  -  -  -  -  -  -  -  -  -  -  -  -  -  -  -
                   -  -  -  -  -  -  -  -  -  -  -  B  B
                     B  -  -  B  -  -  -  -  -  -  -  -  -  B  -  -  B  -  -
Black: 53            -  -  -  -  -  -  -  -  -  -  -  -  B  -  -  -  -  -  -
                     -  -  -  -  -  -  -  -  -  -  -  -  -  -  -  -  -  B  -
                     -  -  -  -  -  B  -  -  -  -  -  -  -  -  -  -  -  -  -
                     -  -  -  -  -  -  -  B  -  -  -  -  -  -  -  -  -  -  B
                     -  -  -  -  -  -  -  B  B  -  -  B  -  -  -  -  -  -  -
                     -  -  -  -  -  B  -  -  -  -  -  -  -  -  -  -  B  -  -
                     -  -  -  -  B  -  -  -  -  -  -  -  -  B  -  -  -  -  -





32 B >




                     -  -  -  -  -  -  -  -  -  -  -     -  -  W  W  W  W  W  W   -  -  -  -  -  -  -  -  -  B  - -  -  -  -  -  -  -  -  -  -  B  -  -  -  -  -  -
Ticks: 32            -  -  -  -  -  -  -  -  -  -  -  -  -  -  -  -  -  -  -
                     B  -  -  -  -  -  -  -  -  -  -  -  -  -  -  -  -  B  B
                     B  -  -  B  -  -  -  -  -  -  -  -  -  B  -  -  B  -  -
Black: 54            -  -  -  -  -  -  -  -  -  -  -  -  B  -  -  -  -  -  -
                     -  -  -  -  -  -  -  -  -  -  -  -  -  -  -  -  -  B  -
                     B  -  -  -  -  B  -  -  -  -  -  -  -  -  -  -  -  -  -
                     -  -  -  -  -  -  -  B  -  -  -  -  -  -  -  -  -  -  B
                     -  -  -  -  -  -  -  B  B  -  -  B  -  -  -  -  -  -  -
                     -  -  -  -  -  B  -  -  -  -  -  -  -  -  -  -  B  -  -
                     -  -  -  -  B  -  -  -  -  -  -  -  -  B  -  -  -  -  -





33 B >33 B >




                     -  -  -  -  -  -  -  -  -  -  -  -  -  -  -  -  -  W  W
                     -  B  W  -  W  W
                     -  -  -   -  -  -  B  -  -  -  -  -  -  B  -  -  -  -  B  -  -  -  -  -  -
Ticks: 33            -  -  -  -  -  -  -  -  -  -  -  -  -  -  -  -  -  -  -
                     B  -  -  -  -  -  -  -  -  -  -  -  -  -  -  -  -  B  B
                     B  -  -  B  -  -  -  -  -  -  -  -  -  B  -  -  B  -  -
Black: 74            -  -  -  -  -  -  -  -  -  -  -  -  B  -  -  -  -  -  -
                     -  -  -  -  -  -  -  -  -  -  -  -  -  -  -  -  -  B  -
                     B  -  -  -  -  B  -  -  -  -  -  -  -  -  -  -  -  -  -
                     -  -  -  -  -  -  -  B  -  -  -  -  -  -  -  -  -  -  B
                     -  -  -  -  -  -  B  B  B  -  -  B  -  -  -  -  -  -  -
                     -  -  -  -  -  B  -  -  -  -  -  -  -  -  -  -  B  -  -
                     -  -  -  -  B  -  -  -  -  -  -  -  -  B  -  -  -  -  -





34 B >




                     -  -  -  -  -  -  -  -  -             -  B  W  -  W  -  W  -   -  -  -  -  -  -  W
            B  -  W  -  W  -  -  W
  -
                     -  -  -  -  -  --  -  -  B  -  -  -  -  -  -
Ticks: 34            -  -  -  -  -  -  -  -  -  -  -  -  -  -  -  -  -  -  -
                     B  -  -  -  -  -  -  -  -  -  -  -  -  -  -  -  -  B  B
                     B  -  -  B  -  -  -  -  -  -  -  -  -  B  -  -  B  -  -
Black: 71            -  -  -  -  -  -  -  -  -  -  -  -  B  -  -  -  -  -  -
                     -  -  -  -  -  -  -  -  -  -  -  -  -  -  -  -  -  B  -
                     B  -  -  -  -  B  -  -  -  -  -  -  -  -  -  B  -  -  -
                     -  -  -  -  -  -  -  B  -  -  -  -  -  -  -  -  -  -  B
                     -  -  -  -  -  -  B  B  B  -  -  B  -  -  -  -  -  -  -
                     -  -  -  -  -  B  -  -  -  -  -  -  -  -  -  -  B  -  -
                     -  -  -  -  B  -  -  -  -  -  -  -  -  B  -  -  -  -  -





35 B >




                     -  -  -  -  -  -  -  -  -  -  -  -  -  -  -  -  -  W  W
                     -  B  W  B  W  -  W  -  -  W  W  -  -  -  -  -  -  -  W
                     -  -                    -  -  -  W  W   -  -  -  -  -  B  W  -  -  -  W           B  -  -  -  -  -  -  -  -  -  -  -  -  -  -  B  -
      -  -  -  -
                     -  -  -  -  -  -  -  -  -  -  -  -  B  -  -  -  -  -  -
Ticks: 35            -  -  -  -  -  -  -  -  -  -  -  -  -  -  -  -  -  -  -
                     B  -  -  -  -  -  -  -  -  -  -  -  -  -  -  -  -  B  B
                     B  -  -  B  -  -  -  -  -  -  -  -  -  B  -  -  B  -  -
Black: 72            -  -  -  -  -  -  -  -  -  -  -  -  B  -  -  -  -  -  -
                     -  -  -  -  -  -  -  -  -  -  -  -  -  -  -  -  -  B  -
                     B  -  -  -  -  B  -  -  -  -  -  -  -  -  -  B  -  -  -
                     -  -  -  -  -  -  -  B  -  -  -  -  -  -  -  -  -  -  B
                     -  -  -  -  -  -  B  B  B  -  -  B  -  -  -  -  -  -  -
                     -  -  -  -  -  B  -  -  -  -  -  -  -  -  -  -  B  -  -
                     -  -  -  -  B  -  -  -  -  -  -  -  -  B  -  -  -  -  -





36 B >




                     -  -   -  -  -  -  -  -  -  -  -  -  -                    -  B  W  B  W-  -  W  W  -  -  -  -  -  -  - -  -  -  B  W  W  W  W  -  -  W
   -  -  -  -
Ticks: 36             -  -  -
                     B  -  -  -  -  -  -  -  -  -  -  -  -  -  -  -  -  B  B
                     B  -  -  B  -  -  -  -  -  -  -  -  -  B  -  -  B  -  -
Black: 72            -  -  -  -  -  -  -  -  -  -  -  -  B  -  -  -  -  -  -
                     -  -  -  -  -  -  -  -  -  -  -  -  -  -  -  -  -  B  -
                     B  -  -  -  -  B  -  -  -  -  -  -  -  -  -  B  -  -  -
                     -  -  -  -  -  -  -  B  -  -  -  -  -  -  -  -  -  -  B
                     -  -  -  -  -  -  B  B  B  -  -  B  -  -  -  -  -  -  -
                     -  -  -  -  -  B  -  -  -  -  -  -  -  -  -  -  B  -  -
                     -  -  -  -  B  -  -  -  -  -  -  -  -  B  -  -  -  -  -





37 B >




                     -  -  -  -  -  -  -  -  -  -  -  -  -  -  -  -  -  W  W
                     -  B  W  B  W  -  W          -  -  W  W  W  W              -  -  -  -  -  -  -  -  -  -  -  -  B  -  -  -  -  -  -
Ticks: 37            -  -  -  -  -  -  -  -  -  -  -  -  B  -  -  -  -  -  -
                     B  -  -  -  -  -  -  -  -  -  -  -  -  -  -  -  -  B  B
                     B  -  -  B  -  -  -  -  -  -  -  -  -  B  -  -  B  -  -
Black: 74            -  -  -  -  -  -  -  -  -  -  -  -  B  -  -  -  -  -  -
                     -  -  -  -  -  -  -  -  -  -  -  -  -  -  -  -  -  B  -
                     B  -  -  -  -  B  -  -  -  -  -  -  -  -  -  B  -  -  -
                     -  -  -  -  -  -  -  B  -  -  -  -  -  -  -  -  -  -  B
                     -  -  -  -  -  -  B  B  B  -  -  B  -  B  -  -  -  -  -
                     -  -  -  -  -  B  -  -  -  -  -  -  -  -  -  -  B  -  -
                     -  -  -  -  B  -  -  -  -  -  -  -  -  B  -  -  -  -  -





38 B >




                     -  -  -  -  -  -  -  -  -  -  -  -  -  -  -  -  -  W  W
                     -  B  W  B  W  -  W  -  -  W  W  -  -  -  -  -  -  -    -  -  -  -  -  B  W  -  -  -  -  -  B  -  -  -  -  -  -
Ticks: 38            -  -  -  -  -  -  -  -  -  -  -  -  B  -  -  -  -  -  -
                     B  -  -  -  -  -  -  -  -  -  -  -  -  -  -  -  -  B  B
                     B  -  -  B  -  -  -  -  -  -  -  -  -  B  -  -  B  -  -
Black: 76            -  -  -  -  -  -  -  -  -  -  -  -  B  -  -  -  -  -  -
                     -  B  -  -  -  -  -  -  -  -  -  -  -  -  -  -  -  B  -
                     B  -  -  -  -  B  -  -  -  -  -  -  -  -  -  B  -  -  -
                     -  -  -  -  -  -  -  B  -  -  -  -  -  -  -  -  -  -  B
                     -  -  -  -  -  -  B  B  B  -  -  B  -  B  -  -  -  -  -
                     -  -  -  -  -  B  -  -  -  -  -  -  -  -  -  -  B  -  -
                     -  -  -  -  B  -  -  -  -  -  -  -  -  B  -  -  -  -  -





39 B >39 B >




                     -  -  -  -  -  -  -  -  -  -  -  -  -  -  -  -  -  W  W
                     -  B  W  B  W   -  W
                     W  -  -  -  -  B  -  W  -  W  -                     -  W  W  W  W  -  -  -  -  B  W  W  W  W  -  -   -  -  -  W  W
White: 39         -  -  -  -  -  B  -  -  -  -  -  -
Ticks: 39            -  -  -  -  -  -  -  -  -  -  -  -  B  -  -  -  -  -  -
                     B  -  -  -  -  -  -  -  -  -  -  -  -  -  -  -  -  B  B
                     B  -  -  B  -  -  -  -  -  -  -  -  -  B  -  -  B  -  -
Black: 80            -  -  -  -  -  -  -  -  -  -  -  -  B  -  -  -  -  -  -
                     -  B  -  -  -  -  -  -  -  -  -  -  -  -  -  -  -  B  -
                     B  -  -  -  -  B  -  -  -  -  -  -  -  -  -  B  -  -  -
                     -  -  -  -  -  -  -  B  -  -  -  -  -  -  -  -  -  -  B
                     -  -  -  -  -  -  B  B  B  -  -  B  -  B  -  -  -  -  -
                     -  -  -  -  -  B  -  -  -  -  -  -  -  -  -  -  B  -  -
                     -  -  -  -  B  -  -  -  -  -  -  -  -  B  -  -  -  -  -





40 B >




                     -  -  -  -  -  -  -  -  -  -  -  -  -  -  -  -  -  W  W
                     -  B  W  B  W  -  W  -  -  W  W  -  -  -  -  -  -  -  -  -  -  -  -  W  W
         B  W
                     -  -  
                     -  -  -  -  -  -  -  -  -  -  -  -  B  -  -  -  -  -  -
Ticks: 40            -  -  -  -  -  -  -  -  -  -  -  -  B  -  -  -  -  -  -
                     B  -  -  -  -  -  -  -  -  -  -  -  -  -  -  -  -  B  B
                     B  -  -  B  -  -  -  -  -  -  -  -  -  B  -  -  B  -  -
Black: 82            -  -  -  -  -  -  -  -  -  -  -  -  B  -  -  -  -  -  -
                     -  B  -  -  -  -  -  -  -  -  -  -  -  -  -  -  -  B  -
                     B  -  -  -  -  B  -  B  -  -  -  -  -  -  -  B  -  -  -
                     -  -  -  -  -  -  -  B  -  -  -  -  -  -  -  -  -  -  B
                     -  -  -  -  -  -  B  B  B  -  -  B  -  B  -  -  -  -  -
                     -  -  -  -  -  B  -  -  -  -  -  -  -  -  -  -  B  -  -
                     -  -  -  -  B  -  -  -  -  -  -  -  -  B  -  -  -  -  -





41 B >




                     -  -  -  -  -  -  -  -  -  -  -  -  -  -  -  -  -  W  W
                     -  B  W  B  W   -  W  -  -  -  -  B  -  W  -  W  W  W  W  W  W  -  -  -  -  -  B  -  -  -  -  -  -  -  -  -  -  -  B  -  -  -  -  -  -
Ticks: 41            -  -  -  -  -  -  -  -  -  -  -  -  B  -  -  -  -  -  -
                     B  -  -  -  -  -  -  -  -  -  -  B  -  -  -  -  -  B  B
                     B  -  -  B  -  -  -  -  -  -  -  -  -  B  -  -  B  -  -
Black: 86            -  -  -  -  -  -  -  -  -  -  -  -  B  -  -  -  -  -  -
                     -  B  -  -  -  -  -  -  -  -  -  -  -  -  -  -  -  B  -
                     B  -  -  -  -  B  -  B  -  -  -  -  -  -  -  B  -  -  -
                     -  -  -  -  -  -  -  B  -  -  -  -  -  -  -  -  -  -  B
                     -  -  -  -  -  -  B  B  B  -  -  B  -  B  -  -  -  -  -
                     -  -  -  -  -  B  -  -  -  -  -  -  -  -  -  -  B  -  -
                     -  -  -  -  B  -  -  -  -  -  -  -  -  B  -  -  -  -  -





42 B >42 B >




                     -  -  -  -  -  -  -  -  -  W  -  -  -  -  -  -  -  W  W
                     -  B  W  B  W   -  -  -  -  -  W
        2            B  -  -  -  -  -  -  -  -  B  -  -  -  -  -  -
Ticks: 42            -  -  -  -  -  -  -  -  -  -  -  -  B  -  -  -  -  -  -
                     B  -  -  -  -  -  -  -  -  -  -  B  -  -  -  -  -  B  B
                     B  -  -  B  -  -  -  -  -  -  -  -  -  B  -  -  B  -  -
Black: 89            -  -  -  -  -  -  -  -  -  -  -  -  B  -  -  -  -  -  -
                     -  B  -  -  -  -  -  -  -  -  -  -  -  -  -  -  -  B  B
                     B  -  -  -  -  B  -  B  -  -  -  -  -  -  -  B  -  -  -
                     -  -  -  -  -  -  -  B  -  -  -  -  -  -  -  -  -  -  B
                     -  -  -  -  -  -  B  B  B  -  -  B  -  B  -  -  -  -  -
                     -  -  -  -  -  B  -  -  -  -  -  -  -  -  -  -  B  -  -
                     -  -  -  -  B  -  -  -  -  -  -  -  -  B  -  -  -  -  -





43 B >




                     -  -  -  -  -  -  -  -  -  W  -  -  -  -  -  -  B  W  W
                     -  B  W  B  W  -  W  -W  -  W
                  -  W  B  -  -  -  -  B  -  B  W  -
White: 43            B  -  -  -  -  -  -  -  -  -  -  -  -  -  -   -  -  -  -  -  -  -
           44 B >44 B >




               -  B  W  W
                  W  B  W  -  W  -  -  W  W  -  - -  -  W
                     -  -  W  W  W  W  W  W  -  -  -  W  -  W  B  -  -  -  -  B  -  B  W  -  -  W  W  W
White: 44            B  -  -  -  -  -  -  -  -  -  -  -  -  -  -  -  -  B  W
                     -  -  -  B  -  -  -  -  -  -  B  -  -  -  -  -  -  -  -
                     -  -  -  -  -  -  -  -  -  -  -  -  B  -  -  -  -  -  -
Ticks: 44            -  -  -  -  -  -  -  -  -  -  -  -  B  -  -  -  -  -  -
                     B  -  -  -  -  -  -  -  -  -  -  B  -  -  -  -  -  B  B
                     B  -  -  B  -  -  -  -  -  -  -  -  -  B  -  -  B  -  -
Black: 89            -  -  -  -  -  -  -  -  -  -  -  -  B  -  -  -  -  -  -
                     -  B  -  -  -  -  -  -  -  -  -  -  -  -  -  -  -  B  B
                     B  -  -  -  -  B  -  B  -  -  -  -  -  -  -  B  -  -  -
                     -  -  -  -  -  -  -  B    -  -  -  -
                     -  -  -  -  -  B  -  -  -  -  -  -  -  -  -  -  B  -  -
                     -  -  -  -  B  -  -  -  -  -  -  -  -  B  -  -  -  -  -





45 B >45 B >




                     -  -  -  -  -  -  -  -  -  W  -  -  -  -  -  -  B  W  W
                     -  B  W  B  W        -  -  W  -  W  B  -  -  -   B  -  -  -  -  -  -  -  -  -  B  -  -  -  -  -  -
Ticks: 45            -  -  -  -  -  -  -  -  -  -  -  -  B  -  -  -  -  -  -
                     B  -  -  -  -  -  -  -  -  -  -  B  -  -  -  -  -  B  B
                     B  -  -  B  -  -  -  -  -  -  -  -  -  B  -  -  B  -  -
Black: 91            -  -  -  -  -  -  -  -  -  -  -  -  B  -  -  -  -  -  -
                     -  B  -  -  -  -  -  -  -  -  -  -  -  -  -  -  -  B  B
                     B  -  -  -  -  B  -  B  -  -  -  -  -  -  -  B  -  -  -
                     -  -  -  -  -  -  -  B  -  -  -  -  -  -  -  -  -  -  B
                     -  -  -  -  -  -  B  B  B  -  -  B  -  B  -  -  -  -  -
                     -  -  -  -  -  B  -  -  -  -  -  -  -  -  -  -  B  -  -
                     -  -  -  -  B  -  -  -  -  -  -  -  -  B  -  -  -  -  -





46 B >




                     -  -  -  -  -  -  -  -  -  W  -  -  -  -  -  -  B  W  W
           W  -  B  -  W  -  W  W  -  W
               -  -  W  -  W  -  B  -  B  W  -  -  W  W  W
White: 46            B  -  -  -  -  -  -  -  -  -  -  -  -  -  -  -  -  B  W
                     -  -  -  B  -  -  -  -  -  -  B  -  -




                     -  -  -  -  -  W
                     -  -  W  W  W  W  W  W  W  W  -  -  -  W  -  -  -  W  W
                     -  -  -  B  W  -   B  W  -  -  W  W  W
White: 47  B  -  -  -  -  -  -  -  -  -  B  -  -  -  -  -  -
Ticks: 47            -  -  -  -  -  -  -  -  -  -  -  -  B  -  -  -  -  -  -
                     B  -  -  -  -  -  -  -  -  -  -  B  -  -  -  -  -  B  B
                     B  -  -  B  -  -  -  -  -  -  -  -  -  B  -  -  B  -  -
Black: 94            -  -  -  -  -  -  -  -  -  -  -  -  B  -  -  -  -  -  -
                     -  B  -  -  -  -  -  -  -  -  -  -  -  -  -  -  -  B  B
                     B  -  -  -  -  B  -  B  -  -  -  -  -  -  -  B  -  -  -
                     -  -  -  -  -  -  -  B  -  -  -  -  -  -  -  -  -  -  B
                     -  -  -  -  B  -  B  B  B  -  -  B  -  B  -  -  -  -  -
                     -  -  -  -  -  B  -  -  -  -  -  -  -  -  -  -  B  -  -
                     -  -  -  -  B  -  -  -  -  -  -  -  -  B  -  -  -  -  -





48 B >48 B >




                     -  -  -  -  -  -  -  -  -  W  -  -  -  -  -  -  B  W  W
                     -  B  W  B  W  -  W  -  -  W  W  -  -  -  -  -    W
                     W  -  W   -  -  -  -  -  -  B  -  -  -  -  -  -
Ticks: 48            -  -  -  -  -  -  -  -  -  -  -  -  B  -  -  -  -  -  -
                     B  -  -  -  -  -  -  -  -  -  -  B  -  -  -  -  -  B  B
                     B  -  -  B  -  -  -  -  -  -  -  -  -  B  -  -  B  -  -
Black: 97            -   -  -
                     -  B  -  -  -  -  -  -  -  -  -  -  -  -  -  -  -  B  B
            




                     -  -  -   -  -  W  W
                     W  W  W  -  -  -  W  -  B -  -  W
                     W   -  B  W
                     -  -  -  -  -
Ticks: 49            -  -  -  B  -  -  -  -  -  -  -  -  B  -  -  -  -  -  -
                     B  -  -  -  -  -  -  -  -  -  -  B  -  -  -  -  -  B  B
                     B  -  -  B  -  -  -  -  -  -  -  -  -  B  -  -  B  -  -
Black: 91            -  -  -  -  -  -  -  -  -  -  -  -  B  -  -  -  -  -  -
                     -  B  -  -  -  -  -  -  -  -  -  -  -  -  -  -  -  B  B
                     B  -  -  -  -  B  -  B  -  -  -  -  -  -  -  B  -  -  -
                     -  -  -  -  -  -  -  B  -  -  -  -  -  -  -  -  -  -  B
                     -  -  -  -  B  -  B  B  B  -  -  B  -  B  -  -  -  -  -
                     -  -  -  -  -  B  -  -  -  -  -  -  -  -  -  -  B  -  -
                     B  -  -  -  B  -  -  -  -  -  -  -  -  B  -  -  -  -  -





50 B >




                      -  -  W  W  W  -  -  -  -  -  -   -  W  W  W
White: 50              -  -  -  -  -  -  -  -  -  B  -  -  -  -  -  -
Ticks: 50            -  -  -  B  -  -  -  -  -  -  -  -  B  -  -  B  -  -  -
                     B  -  -  -  -  -  -  -  -  -  -  B  -  -  -  -  -  B  B
                     B  -  -  B  -  -  -  -  -  -  -  -  -  B  -  -  B  -  -
Black: 93            -  -  -  -  -  -  -  -  -  -  -  -  B  -  -  -  -  -  -
                     -  B  -  -  -  -  -  -  -  -  -  -  -  -  -  -  -  B  B
                     B  -  -  -  -  B  -  B  -  -  -  -  -  -  -  B  -  -  -
                     -  -  -  -  -  -  -  B  -  -  -  -  -  -  -  -  -  -  B
                     -  -  -  -  B  -  B  B  B  -  -  B  -  B  -  -  -  -  -
                     -  -  -  -  -  B  -  -  -  -  -  -  -  -  -  -  B  -  -
                     B  -  -  -  B  -  -  -  -  -  -  -  -  B  -  -  -  -  -





51 B >




                     -  -  -  -  -  -  -  -  -  W  -  -  -  -  -  -  B  W  W
                     -  B  W  B  W  -  W  W  -  W  B  -  -  -  -  B  -  B -  -  -  -  -  -  -  -  B  -  -  -  -  -  -
Ticks: 51            -  -  -  B  -  -  -  -  -  -  -  -  B  -  -  B  -  -  -
                     B  -  -  -  -  -  -  -  -  -  -  B  -  -  -  -  -  B  B
                     B  -  -  B  -  -  -  -  -  -  -  -  -  B  -  -  B  -  -
Black: 93            -  -  -  -  -  -  -  -  -  -  -  -  B  -  -  -  -  -  -
                     -  B  -  -  -  -  -  -  -  -  -  -  -  -  -  -  -  B  B
                     B  -  -  -  -  B  -  B  -  -  -  -  -  -  -  B  -  -  -
                     -  -  -  -  -  -  -  B  -  -  -  -  -  -  -  -  -  -  B
                     -  -  -  -  B  -  B  B  B  -  -  B  -  B  -  -  -  -  -
                     -  -  -  -  -  B  -  -  -  -  -  -  -  B  -  -  B  -  -
                     B  -  -  -  B  -  -  -  -  -  -  -  -  B  -  -  -  -  -





52 B >




                     -  -  -  -  -  -  -  -  -  W  -  -  -  -  -  -  B  W  W
                     -  B  W  B  W  -  W  -  -  W  W  W  -  -  -  -  -  -  B  W  W  W  W  -  -          B  -  -  -  W  -  -  -  -  -  -  -  -  B  W
                -  -  -  B  -  -  B  -  -  -  B  -  -  -  -  -  -  -  W
                     -  -  B  -  -  -  -  -  -  -  -  -  B  -  -  -  -  -  W
Ticks: 52            -  -  -  B  -  -  -  -  -  -  -  -  B  -  -  B  -  -  -
                     B  -  -  -  -  -  -  -  -  -  -  B  -  -  -  -  -  B  B
                     B  -  -  B  -  -  -  -  -  -  -  -  -  B  -  -  B  -  -
Black: 89            -  -  -  -  B  -  -  -  -  -  -  -  B  -  -  -  -  -  -
                     -  B  -  -  -  -  -  -  -  -  -  -  -  -  -  -  -  B  B
                     B  -  -  -  -  B  -  B  -  -  -  -  -  -  -  B  -  -  -
                     -  -  -  -  -  -  -  B  -  -  -  -  -  -  -  -  -  -  B
                     -  -  -  -  B  -  B  B  B  -  -  B  -  B  -  -  -  -  -
                     -  -  -  -  -  B  -  -  -  -  -  -  -  B  -  -  B  -  -
                     B  -  -  -  B  -  -  -  -  -  -  -  -  B  -  -  -  -  -





53 B >53 B >




                     -  -  -  -  -  -  W  -  -  W  -  -  -  -  -  -  B  W  W
        -  W
                     W  W  W  W  -  -  -  W  -  B  W  W  W  -  W
                     W  -  W  W
                     -  -  B             B  -  -  B  -  -  -  -  -  -  -  -  -  B  -  -  B  -  -
Black: 89            -  -  -  -  B  -  -  -  -  -  -  -  B  -  -  -  -  -  -
                     -  B  -  -  -  -  -  -  -  -  -  -  -  -  -  -  -  B  B
                     B  -  -  -  -  B  -  B  -  -  -  -  -  -  -  B  -  -  -
                     -  -  -  -  -  -  -  B  -  -  -  -  -  -  -  -  -  -  B
                     -  -  -  -  B  -  B  B  B  -  -  B  -  B  -  -  -  -  -
                     -  -  -  -  -  B  -  -  -  -  -  -  -  B  -  -  B  -  -
                     B  -  -  -  B  -  -  -  -  -  -  -  -  B  -  -  -  -  -





54 B >54 B >




                     -  -  -  -  -  -  W  -  -  W  -  -  -  -  -  -  B  W  W
                     -  B  W  W  -  B  W  W  W  W  -  -  W
    -  -  -  -  -  -  -  -  B  -  -  -  -  -  W
Ticks: 54            -  -  -  B  -  -  -  -  -  -  -  -  B  -  -  B  -  -  W
                     B  -  -  -  -  -  -  -  -  -  -  B  -  -  -  -  -  B  B
                     B  -  -  B  -  -  -  -  -  -  -  -  -  B  -  -  B  -  -
Black: 90            -  -  -  -  B  -  -  -  -  -  -  -  B  -  -  -  -  -  -
                     -  B  -  -  -  -  -  -  -  -  -  -  -  -  -  -  -  B  B
                     B  -  -  -  -  B  -  B  -  -  -  -  -  -  -  B  -  -  -
                     -  -  -  -  -  -  -  B  -  -  -  -  -  -  -  -  -  -  B
                     -  -  -  -  B  -  B  B  B  -  -  B  -  B  -  -  -  -  -
                     -  -  -  -  -  B  -  -  -  -  -  -  -  B  -  -  B  -  -
                     B  B  -  -  B  -  -  -  -  -  -  -  -  B  -  -  -  -  -





55 B >55 B >




                     -  -  -  -  -  -  W  -  -  W  -  -  -  -  -  -  B  W  W
    W  -  W  -  -  W  W  B  -  W  -  W
                     W  -  W B  -  -  -  -  B  -  B  W  -  -  W  W  W
White: 55            B  -  W  -  W  -  -  -  -  -  -             -  -  -  B  -  -  B  




                     -  -  -                 -  -  W  W W  W  -  -  -  W  -  -  -  W  W
                     -  -  -  B  W  -  W  -  -  W  W  B  -  W  -  W  W  -  W
                     W B  -  B  W  -  -  W  W  W
White: 56            B  -  W  -  W  -  -  -  -  -  -  -  -  -  -  -  -  B  W
                     -  -  -  B  -  -  B  -  -  -  B  -  -  -  -  -  -  W  W
                     -  -  B  -  -  -  -  -  -  -  -  -  B  -  -  -  -  -  W
Ticks: 56            -  -  -  B  -  -  -  -  -  -  -  -  B  -  -  B  -  -  W
                     B  -  -  -  -  -  -  -  -  -  -  B  B  -  -  -  -  B  B
                     B  -  -  B  -  -  -  -  -  -  -  -  -  B  -  -  B  -  -
Black: 90            -  -  -  -  B  -  -  -  -  -  -  -  B  -  -  -  -  -  -
                     -  B  -  -  -  -  -  -  -  -  -  -  -  -  -  -  -  B  B
                     B  -  -  -  -  B  -  B  -  -  -  -  -  -  -  B  -  -  -
                     -  -  -  -  -  -  -  B  -  -  -  -  -  -  -  -  -  -  B
                     -  -  -  -  B  -  B  B  B  -  -  B  -  B  -  -  -  -  -
                     -  -  -  -  -  B  -  -  -  -  -  -  -  B  -  -  B  -  -
                     B  B  -  -  B  -  -  -  -  -  -  -  -  B  -  -  -  -  -





57 B >




                      -  -  W  -  -  W  -  -  -  -  - 
                     -  -  W  W  W  W  W  W  -  -  -  W  -  -  -   -  -  W  -  B  W  W  W  W  -  - -  -  B  -  -  -  -  -  -  -  -  -  B  -  -  -  -  -  W
Ticks: 57            -  -  -  B  -  -  -  -  -  -  -  -  B  -  -  B  -  -  W
                     B  -  -  -  -  -  -  -  -  -  -  B  B  -  -  -  -  B  B
                     B  -  -  B  -  -  -  -  B  -  -  -  -  B  -  -  B  -  -
Black: 93            -  -  -  -  B  -  -  -  -  -  -  -  B  -  -  -  -  -  -
                     -  B  -  -  -  -  -  -  -  -  -  -  -  -  -  -  -  B  B
                     B  -  -  -  -  B  -  B  -  -  -  -  -  -  -  B  -  -  -
                     -  -  -  -  -  -  -  B  -  -  -  -  -  -  -  -  -  -  B
                     -  -  -  -  B  -  B  B  B  -  -  B  -  B  -  -  -  -  -
                     -  -  -  -  -  B  -  -  -  -  -  -  -  B  -  -  B  -  -
                     B  B  -  -  B  -  -  -  -  -  -  -  -  B  -  -  -  -  -





58 B >58 B >58 B >




                   -  -  -  -  -  -  W  W  -  -  -  W  -  B  W  W  W  W    -  -  -  -  -  -  -  -  B  -  -  -  -  -  W
Ticks: 58            -  -  -  B  -  -  -  -  -  -  -  -  B  -  -  B  -  W  W
                     B  -  -  -  -  -  -  -  -  -  -  B  B  -  -  -  -  B  B
                     B  -  -  B  -  -  -  -  B  -  -  -  -  B  -  -  B  -  -
Black: 94            -  -  -  -  B  -  -  -  -  -  -  -  B  -  -  -  -  -  -
                     -  B  -  -  -  -  -  -  -  -  -  -  -  -  -  -  -  B  B
                     B  -  -  -  -  B  -  B  -  -  -  -  -  -  -  B  -  -  -
                     -  -  -  -  -  -  -  B  -  -  -  -  -  -  -  -  -  -  B
                     -  -  -  -  B  -  B  B  B  -  -  B  -  B  -  -  -  -  -
                     -  -  -  -  -  B  -  -  -  -  -  -  -  B  -  -  B  -  -
                     B  B  -  -  B  -  -  -  -  -  -  -  -  B  -  -  -  -  -





59 B >




                     -  -  -  -  -  -  W  -  -  W  -  -  -  -  -  -  B  W  W
                     -  B  W  B  W W  W  W  -  -  -  W  -  B  W  W -  -  -  B  -  -  -  -  -  W
Ticks: 59            -  -  -  B  -  -  -  -  -  -  -  -  B  -  -  B  -  W  W
                     B  -  -  -  -  -  -  -  -  -  -  B  B  -  -  -  -  B  B
                     B  -  -  B  -  -  -  -  B  -  -  -  -  B  -  -  B  -  -
Black: 94            -  -  -  -  B  -  -  -  -  -  -  -  B  -  -  -  -  -  -
                     -  B  -  -  -  -  -  -  -  -  -  -  -  -  -  -  -  B  B
                     B  -  -  -  -  B  -  B  -  -  -  -  -  -  -  B  -  -  -
                     -  -  -  -  -  -  -  B  -  -  -  -  -  -  -  -  -  -  B
                     -  -  -  -  B  -  B  B  B  -  -  B  -  B  -  -  -  -  -
                     -  -  -  -  -  B  -  -  -  - -  -  B  -  -  B  -  -
                     B  B  -  -  B  -  -  -  -  -  -  -  -  B  -  -  -  -  -





60 B >




                     -  -  -  -  -  -  W  -  -  W -  -  -  -  -  -  W
              -  -  B  W  -  W  -  -  W  W  B   -  W
                     W  W  W  W  -  -  -  W  -  B  W  W  W -  B  W  -  -  W  W  W
White-  W
Ticks: 60            -  -  -  B  -  -  -  -  -  -  -  -  B  -  -  B  -  W  W
                     B  -  -  -  -  -  -  -  -  -  -  B  B  -  -  -  -  B  B
                     B  -  -  B  -  -  -  -  B  -  -  -  -  B  -  -  B  -  -
Black: 95            -  -  -  -  B  -  -  -  -  -  -  -  B  -  -  -  -  -  -
                     -  B  -  -  -  -  -  -  -  -  -  -  -  -  -  -  -  B  B
                     B  -  -  -  -  B  -  B  -  -  -  -  -  -  -  B  -  -  -
                     -  -  -  -  -  -  -  B  -  -  -  -  -  -  -  -  -  -  B
                     -  -  -  -  B  -  B  B  B  -  -  B  -  B  -  -  -  -  -
                     -  -  -  -  -  B  B  -  -  -  -  -  -  B  -  -  B  -  -
                     B  B  -  -  B  -  -  -  -  -  -  -  -  B  -  -  -  -  -





61 B >61 B >61 B >61 B >61 B                  -  -  -  -  -  -W  -  -  W  -  -  -  -  -  -  B             -  B  W  B  W  B  W  - W  W  B  -  -  -  -  -  W
        -  B  W  W  W  W  -  -  W
      -  -  B  -  B  W  -  -  W  W  W
White: 62            B  -  W  -  W  -  -  -  -  -  -  -  -  -  -           -  W  W  B  W  -  B  -  -  -  B  -  -  -  -  -  -  W  W
                     -  -  B  -  -  -  -  -  -  -  -  -  B  -  -  -  -  -  W
Ticks: 61            -  -  -  B  -  -  -  -  -  -  -  -  B  -  -  B  -  W  W
                     B  -  -  -  -  -  -  -  -  -  -  B  B  -  -  -  -  B  B
                     B  -  -  B  -  -  -  -  B  -  -  -  -  B  -  -  B  -  -
Black: 96            -  -  -  -  B  -  -  -  -  -  -  -  B  -  -  -  -  -  -
                     -  B  -  -  -  -  -  -  -  -  -  -  -  -  -  -  -  B  B
                     B  -  -  -  -  B  -  B  -  -  -  -  -  -  -  B  -  -  -
                     -  -  -  -  -  -  -  B  -  -  -  -  -  -  -  -  -  -  B
                     -  -  -  -  B  -  B  B  B  -  -  B  -  B  -  -  -  -  -
                     -  -  -  -  -  B  B  -  -  -  -  -  -  B  -  -  B  -  -
                     B  B  -  -  B  -  -  -  -  -  -  -  -  B  -  -  -  -  -





62 B >




                     -  -  -  -  -  -  W  -  -  W  -  -  -  -  -  -  B  W  W
                     -  B  W  B  W  B  W  -  -  W  W  W  B  -  -  -   W
                     -  -  W B  -  W  -  W  -  -  -  -  -  -   -  -  -  -  -  -  -  B  -  -  -  -  -  W
Ticks: 62            -  -  -  B  -  -  -  -  -  -  -  -  B  -  -  B  -  W  W
                     B  -  -  -  -  -  -  -  -  -  -  B  B  -  -  -  -  B  B
                     B  -  -  B  -  -  -  -  B  -  -  -  -  B  -  -  B  -  -
Black: 105           B  -  -  -  B  -  -  -  -  -  -  -  B  -  -  -  -  -  -
                     -  B  -  -  -  -  -  -  -  -  -  -  -  -  -  -  -  B  B
                     B  -  -  -  -  B  -  B  -  -  -  -  -  -  -  B  -  -  -
                     -  -  -  -  -  -  -  B  -  -  -  -  -  -  -  -  -  -  B
                     -  -  -  -  B  -  B  B  B  -  -  B  -  B  -  -  -  -  -
                     -  -  -  -  -  B  B  -  -  -  -  -  -  B  -  -  B  -  -
                     B  B  -  -  B  -  -  -  -  -  -  -  -  B  -  -  -  -  -





63 B >




                     -  -  -  -  -  -  W  -  -  W  -  -  -  -  -  -  B  W  W
                             -  -    -  W  -  W  -  -  -  -  -  -  -  -  -  -  W  W
                     -  -  -  -  -  -  -  B  -  -  -  -  -  W
Ticks: 63            -  -  -  B  -  -  -  -  -  -  -  -  B  -  -  B  -  W  W
                     B  -  -  -  -  -  -  -  -  -  -  B  B  -  -  -  -  B  B
                     B  -  -  B  -  -  -  -  B  -  -  -  -  B  -  -  B  -  -
Black: 106           B  -  -  -  B  -  -  -  -  -  -  -  B  -  -  -  -  -  -
                     -  B  -  -  -  -  -  -  -  -  -  -  -  -  -  -  -  B  B
                     B  -  B  -  -  B  -  B  -  -  -  -  -  -  -  B  -  -  -
                     -  -  -  -  -  -  -  B  -  -  -  -  -  -  -  -  -  -  B
                     -  -  -  -  B  -  B  B  B  -  -  B  -  B  -  -  -  -  -
                     -  -  -  -  -  B  B  -  -  -  -  -  -  B  -  -  B  -  -
                     B  B  -  -  B  -  -  -  -  -  -  -  -  B  -  -  -  -  -





64 B >64 B >




                     -  -  -  -  -  -  W  -  -  W  -  -  -  -  -  -  B  W  W
  -  -  -  W
                     - B  W  -  -  W  W  W
White: 66            B  -  W  -  W  -  -  -  -  -  -  -  -  -  -  -  W  -  -  -  -  -  -  -  B  -  -  -  -  -  W
Ticks: 64            -  -  -  B  -  -  -  -  -  -  -  -  B  -  -  B  -  W  W
                     B  -  -  -  -  -  -  -  -  -  -  B  B  -  -  -  -  B  B
                     B  -  -  B  -  -  -  -  B  -  -  -  -  B  -  -  B  -  -
Black: 105           B  -  -  -  B  -  -  -  -  -  -  -  B  -  -  -  -  -  -
                     -  B  -  -  -  -  -  -  -  -  -  -  -  -  -  -  -  B  B
                     B  -  B  -  -  B  -  B  -  -  -  -  -  -  -  B  -  -  -
                     -  -  -  -  -  -  -  B  -  -  -  -  -  -  -  -  -  -  B
                     -  -  -  -  B  -  B  B  B  -  -  B  -  B  -  -  -  -  -
                     -  -  -  -  -  B  B  -  -  -  -  -  -  B  -  -  B  -  -
                     B  B  -  -  B  -  -  -  -  -  -  -  -  B  -  -  -  -  -





65 B >65 B >65 B >




       B  W  B  W  -  -  W  W  W  B  -    W
                     -  W  --  W  -  -  W  W  B  -  W   B  -  -  -  -  B  -  B  W  -  -  -  -  -  -  -  -  -  -  -  B  -  -  -  -  -  W
Ticks: 65            -  -  -  B  -  -  -  -  -  -  -  -  B  -  -  B  -  W  W
                     B  -  -  -  -  -  -  -  -  -  -  B  B  -  -  -  -  B  B
                     B  -  -  B  -  -  -  -  B  -  -  -  -  B  -  -  B  -  -
Black: 109           B  -  -  -  B  -  -  -  -  -  -  -  B  -  -  -  -  -  -
                     -  B  -  -  -  -  -  -  -  -  -  -  -  -  -  -  -  B  B
                     B  -  B  -  B  B  -  B  -  -  -  -  -  -  -  B  -  -  -
                     -  -  -  -  -  -  -  B  -  -  -  -  -  -  -  -  -  -  B
                     -  -  -  -  B  -  B  B  B  -  -  B  -  B  -  -  -  -  -
                     -  -  -  -  -  B  B  -  -  -  -  -  -  B  -  -  B  -  -
                     B  B  -  -  B  -  -  -  -  -  -  -  -  B  -  -  -  -  -





66 B >




                                     -  B  W  B  W  B   -  -  W  W  W  B  -  -  -  -  --  W  W  W
White: 68            B   -  B  -  -  -  -  -  -  -  -  -  B  -  -  -  -  -  W
Ticks: 66            -  -  -  B  -  -  -  -  -  -  -  -  B  -  -  B  -  W  W
                     B  -  -  -  -  -  -  -  -  -  -  B  B  -  -  -  -  B  B
                     B  -  -  B  -  -  -  -  B  -  -  -  -  B  -  -  B  -  -
Black: 110           B  -  -  -  B  -  -  -  -  -  -  -  B  -  -  -  -  -  -
                     -  B  -  -  -  -  -  -  -  -  -  -  -  -  -  -  -  B  B
                     B  -  B  -  B  B  -  B  -  -  -  -  -  -  -  B  -  -  -
                     -  -  -  -  -  -  -  B  -  -  -  -  -  -  -  -  -  -  B
                     -  -  -  -  B  -  B  B  B  -  -  B  -  B  -  -  -  -  -
                     -  -  -  -  -  B  B  -  -  -  -  -  -  B  -  -  B  -  -
                     B  B  -  -  B  -  -  -  -  -  -  -  -  B  -  -  -  -  -





67 B >




                     -  -  -  -  -  -  W  -  -  W  -  -  -  -  -  -  B  W  W
                    -  -  W  W  W  W  W  W  W  W  -  W  -  W  -  -     B  -  W  -  W  -  -  -  -  -         -  -  B  -  W  -  -  -  -  -  -  -  B  -  -  -  -  -  W
Ticks: 67            -  -  -  B  -  -  -  -  -  -  -  -  B  -  -  B  -  W  W
                     B  -  -  -  -  -  -  -  -  -  -  B  B  -  -  -  -  B  B
                     B  -  -  B  -  -  -  -  B  -  -  -  -  B  -  -  B  -  -
Black: 109           B  -  -  -  B  -  -  -  -  -  -  -  B  -  -  -  -  -  -
                     -  B  -  -  B  -  -  -  -  -  -  -  -  -  -  -  -  B  B
                     B  -  B  -  B  B  -  B  -  -  -  -  -  -  -  B  -  -  -
                     -  -  -  -  -  -  -  B  -  -  -  -  -  -  -  -  -  -  B
                     -  -  -  -  B  -  B  B  B  -  -  B  -  B  -  -  -  -  -
                     -  -  -  -  -  B  B  -  -  -  -  -  -  B  -  -  B  -  -
                     B  B  -  -  B  -  -  -  -  -  -  -  -  B  -  -  -  -  -





68 B >




                W  W  -  W  -  W  -  -  -  W  -  W  W  -  W
                   -  -  -  -  -  W  -  W
               -  -  B  -  W  -  -  -  -  -  -  -  B  -  -  -  -  -  W
Ticks: 68            -  -  -  B  -  -  -  -  -  -  -  -  B  -  -  B  -  W  W
                     B  -  -  -  -  -  -  -  -  -  -  B  B  -  -  -  -  B  B
                     B  -  B  B  -  -  -  -  B  -  -  -  -  B  -  -  B  -  -
Black: 110           B  -  -  -  B  -  -  -  -  -  -  -  B  -  -  -  -  -  -
                     -  B  -  -  B  -  -  -  -  -  -  -  -  -  -  -  -  B  B
                     B  -  B  -  B  B  -  B  -  -  -  -  -  -  -  B  -  -  -
                     -  -  -  -  -  -  -  B  -  -  -  -  -  -  -  -  -  -  B
                     -  -  -  -  B  -  B  B  B  -  -  B  -  B  -  -  -  -  -
                     -  -  -  -  -  B  B  -  -  -  -  -  -  B  -  -  B  -  -
                -  -  B  -  -  -  -  -  -  -  -  69 B >69 B >




                W  B  -  -  -  -  -  W
           W  -  W  W  -  W
                W  W
White: 72            B  --  -  -  -  -  B  -  -  -  -  -  W
Ticks: 69            -  -  -  B  -  -  -  -  -  -  -  -  B  -  -  B  -  W  W
                     B  -  -  -  -  -  -  -  -  -  -  B  B  -  -  -  -  B  B
                     B  -  B  B  -  -  -  -  B  -  -  -  -  B  -  -  B  -  -
Black: 110           B  -  -  -  B  -  -  -  -  -  -  -  B  -  -  -  -  -  -
                     -  B  -  -  B  -  -  -  -  -  B  -  -  -  -  -  -  B  B
                     B  -  B  -  B  B  -  B  -  -  -  -  -  -  -  B  -  -  -
                     -  -  -  -  -  -  -  B  -  -  -  -  -  -  -  -  -  -  B
                     -  -  -  -  B  -  B  B  B  -  -  B  -  B  -  -  -  -  -
                     -  -  -  -  -  B  B  -  -  -  -  -  -  B  -  -  B  -  -
                     B  B  -  -  B  -  -  -  -  -  -  -  -  B  -  -  -  -  -





70 B >70 B >70 B >




 -  -  W
                     -  -  W  -  W  -  -  W  W  B  -  W  -                   W  W  W  W  W White: 73            B  -                -  W  B  -  W  -  -  -  -  -  -  -  B  -  -  -  -  -  W
Ticks: 70            -  -  -  B  -  -  -  -  -  -  -  -  B  -  -  B  -  W  W
                     B  -  -  -  -  -  -  -  -  -  -  B  B  -  -  -  -  B  B
                     B  -  B  B  -  -  -  -  B  -  -  -  -  B  -  -  B  -  -
Black: 124           B  -  -  -  B  -  -  -  -  -  -  -  B  -  -  -  -  -  -
                     -  B  -  -  B  -  -  -  -  -  B  -  -  -  -  -  -  B  B
                     B  -  B  -  B  B  -  B  -  -  -  -  -  -  -  B  -  -  -
                     -  -  -  -  -  -  -  B  -  -  -  -  -  -  -  -  -  -  B
                     -  -  -  -  B  -  B  B  B  -  -  B  -  B  -  -  -  -  -
                     -  -  -  -  -  B  B  -  -  -  -  -  -  B  -  -  B  -  -
                     B  B  -  -  B  -  B  -  -  -  -  -  -  B  -  -  -  -  -





71 B >




                     -  W  W  W  W  W  W  W  W  -  W  -  -  -  W  W
                     -  W  -  B  W  -  W  -  -  W  W  B  -  W  -  W  W  -  W
                     W  W  W  W  W e: 74            B  -  W  -  W  -  -  -  -  -  -  -  B  -  -  -  -  -  W
Ticks: 71            -  -  -  B  -  -  -  -  -  -  -  -  B  -  -  B  -  W  W
                     B  -  -  -  -  -  -  -  -  -  -  B  B  -  -  -  -  B  B
                     B  -  B  B  -  -  -  -  B  -  -  -  -  B  -  -  B  -  -
Black: 130           B  -  -  -  B  -  -  -  -  -  -  -  B  -  -  -  -  -  -
                     -  B  -  -  B  -  -  -  -  -  B  -  -  -  -  -  -  B  B
                     B  -  B  -  B  B  -  B  -  -  -  -  -  -  -  B  B  -  -
                     -  -  -  -  -  -  -  B  -  -  -  -  -  -  -  -  -  -  B
                     -  -  -  -  B  -  B  B  B  -  -  B  -  B  -  -  -  -  -
                     -  -  -  -  -  B  B  -  -  -  -  -  -  B  -  -  B  -  -
                     B  B  -  -  B  -  B  -  -  -  -  -  -  B  -  -  -  -  -





72 B >




                     -  -  -  -  -  W  W  W  -  W  -  -  -  -  -  -  B  W  W
                     -  B  W  B  W            -  -  W  W  W  W  W  W -  -  -  -  -  -  -  W  -  -  W B  -  -  -  -  -  W
Ticks: 72            -  -  -  B  -  -  -  -  -  -  -  -  B  -  -  B  -  W  W
                     B  -  -  -  -  -  -  -  -  -  -  B  B  -  -  -  -  B  B
                     B  -  B  B  -  -  -  -  B  -  -  -  -  B  -  -  B  -  -
Black: 130           B  -  -  -  B  -  -  -  -  -  -  -  B  -  -  -  -  -  -
                     -  B  -  -  B  -  -  -  -  -  B  -  -  -  -  -  -  B  B
                     B  -  B  -  B  B  -  B  -  -  -  -  -  -  -  B  B  -  -
                     -  -  -  -  -  -  -  B  -  -  -  -  -  -  -  -  -  -  B
                     -  -  -  -  B  -  B  B  B  -  -  B  -  B  -  -  -  -  -
                     -  -  -  -  -  B  B  -  -  -  -  -  -  B  -  -  B  -  B
                     B  B  -  -  B  -  B  -  -  -  -  -  -  B  -  -  -  -  -





73 B >




                     -  -  -  -  -  W  W  W  -  W  -  -  -  -  -  -  B  W  W
             -  -  W  W  W  W  W  W  W  W  -  -  -  -  -  -  -  W  -      -  W  B  -  W  -  -  -  -  -  -  -  B  -  -  -  -  -  W
Ticks: 73            -  -  -  B  -  -  -  -  -  -  -  -  B  -  B  B  W  W  W
                     B  -  -  -  -  -  -  -  -  -  -  B  B  -  -  -  -  B  B
                     B  -  B  B  -  -  -  -  B  -  -  -  -  B  -  -  B  -  -
Black: 131           B  -  -  -  B  -  -  -  -  -  -  -  B  -  -  -  -  -  -
                     -  B  -  -  B  -  -  -  -  -  B  -  -  -  -  -  -  B  B
                B  -  B  -  B  B  -
                     -  -  -  -  -  -  -  B  -  -  -  -  -  -  -  -  -  -  B
                     -  -  -  -  B  -  B  B  B  -  -  B  -  B  -  -  -  -  -
                     -  -  -  -  -  B  B  -  -  -  -  -  -  B  -  -  B  -  B
                     B  B  -  -  B  -  B  -  -  -  -  -  -  B  -  -  -  -  -





74 B >




                          -  -  W  W  W  W  W  W  W  W -  -  -  -  -  -  W  -  -  W  - 




                     -        -  W  -  B  W  -  W  -  --  W
                     W  W  WW  W  B  B  W  W  W  W  -  -  W
          W  -  W  -  W  B  -  -                 W  W  W  B  W  




                     -  -  -W  -  -  W  W  B  -  W  -  W  W                   W  W  W  W  W  W  -  -  W  W  B  B  W  W  W  W  -  -  W
                     W  -  W  -  W  B  -  -  W  -  B  -  B  W  -  -  W  W  W
White: 79        W  W  W  B  W  W  B  -  -  - 




                     -  -  -  -  -  -  B  W  W
                B  W  -  W  -  -  W  W  W  B  -    -  W
                     -  -  W  W  W  W  W  W  W  W  -  W  -                  -  W  -  B  W  -  W  B  W  W  B  -  -  -  B  -  - 




                     -  -  -  -  -  W  W  W  -  W  -  W  -  -  -  -  B  W  W
                     -  B  W  B  W  -  W  -  -  W  W
                     W  W  W  W -  W  B  -  W  -  -  -  -  -  -  -  -  B  -  B  B  W  W  W
                     B  -  -  -  B  -  -  -  -  -  -  B  B  -  -  -  -  B  B
                     B  -  B  B  -  -  -  -  B  -  -  -  -  B  -  -  B  -  -
Black: 124           B  -  B  -  B  -  -  -  -  B  -  -  B  -  -  -  -  -  -
                     -  B  -  -  B  -  -  -  -  -  B  -  -  -  -  -  -  B  B
                     B  -  B  -  B  B  -  B  -  -  -  -  -  -  -  B  B  -  -
                     -  -  -  -  -  -  -  B  -  -  B  -  -  -  -  -  -  -  B
                     -  -  -  -  B  -  B  B  B  -  -  B  -  B  -  -  -  -  -
                     -  -  -  -  -  B  B  -  -  -  -  -  -  B  -  -  B  -  B
                     B  B  -  -  B  -  B  -  -  -  -  -  -  B  -  -  -  -  -





79 B >




                     -  -  -  -  -  W  W  W  -  W  -  W  -  -  -  -  B  W  W
         W  W  W  W  W  W  -  -  W  W  B    B  -  -  -  W  -  W
Ticks: 79            -  -  -  B  -  -  -  -  -  -  -  -  B  -  B  B  W  W  W
                     B  -  -  -  B  -  -  -  -  -  -  B  B  -  -  -  -  B  B
                     B  -  B  B  -  -  -  -  B  -  -  -  -  B  -  -  B  -  -
Black: 124           B  -  B  -  B  -  -  -  -  B  -  -  B  -  -  -  -  -  -
                     -  B  -  -  B  -  -  -  -  -  B  -  -  -  -  -  -  B  B
                     B  -  B  -  B  B  -  B  -  -  -  -  -  -  -  B  B  -  -
                     -  -  -  -  -  -  -  B  -  -  B  -  -  -  -  -  -  -  B
          -  -  -  -  -  B  B  -  -  -  -  -  -  B  -  -  B  -  B
                     B  B  -  -  B  -  B  -  -  -  -  -  -  B  -  -  -  -  -





80 B >




                     -  -  -  -  -  W  W  W  -  W  -  W  -  -  -  -  B  W  W
          W  B  -  W  -  W  W  -  W
             W  -  W  -  W  B  -  -  W  -  B  W  -  -  W  W  W
White-  -  W  -  -  -  W  W
            W  -  -  -  -  B  W  W
                          W  -  W  -  W  B W  -  -  W  W  W
White: 84    W  -  -  -  -  -  -  -  B  -  -  -  W  -  W
Ticks: 81            -  -  -  B  W  -  -  -  -  -  -  -  B  -  B  B  W  W  W
                     B  -  -  -  B  -  -  -  -  -  -  B  B  -  -  -  -  B  B
                     B  -  B  B  -  -  -  -  B  -  -  -  -  B  -  -  B  -  -
Black: 133           B  -  B  -  B  -  -  -  -  B  -  -  B  -  -  -  -  B  -
                     -  B  -  -  B  -  -  B  -  -  B  -  -  -  -  -  -  B  B
                     B  -  B  -  B  B  -  B  -  -  -  -  -  -  -  B  B  -  -
                     -  -  -  -  -  -  -  B  -  -  B  -  -  -  -  -  -  -  B
                     -  -  -  -  B  -  B  B  B  -  -  B  -  B  -  -  -  -  -
                     -  -  -  -  -  B  B  -  -  -  -  -  -  B  -  -  B  -  B
                     B  B  -  -  B  -  B  -  -  -  -  -  -  B  -  -  -  -  -





82 B >




                     -  -  -  -  -  W  W  W  -  W  -   W
                     -  -  W  W  -  -  W  W  B  -  W  -  W  W                      W  W  W  W        W  -  W  -  W  B  -  -  W    W  W
White: 85            B  -  




                     -  -  -W  B  -  W  -  W  W  -  W
       W  W
                     -  W  B  W  W  -  -  W  W  W  -  W  -  W  -  -                    -  -  W  W  W  W  W  -  W  -  W  -  W  -  W  W
 W  W  B  B  W  W  W  W  -  -  W
W  W
                     -  W  B  W  W  -  -  -  -  -  -  -  B  -  -  -  W  -  W
Ticks: 84            -  -  -  B  W  W  -  -  -  -  -  -  B  -  B  B  W  W  W
                     B  -  -  -  B  -  -  -  -  -  B  B  B  -  -  -  W  B  B
                     B  -  B  B  -  -  -  -  B  -  -  -  -  B  -  -  B  -  -
Black: 130           B  -  B  -  B  -  -  -  -  B  -  -  B  -  -  -  -  B  -
                     -  B  -  -  B  -  -  B  -  -  B  -  -  -  -  -  -  B  B
                     B  -  B  -  B  B  -  B  -  -  -  -  -  -  -  B  B  -  -
                     -  -  -  -  -  -  -  B  -  -  B  -  -  -  -  -  -  -  B
                     -  -  -  -  B  -  B  B  B  -  -  B  -  B  -  -  -  -  -
                     -  -  -  -  -  B  B  -  -  -  -  -  -  B  -  -  B  -  B
                     B  B  -  -  B  -  B  -  -  -  -  -  -  B  -  -  -  -  -





85 B >85 B >




              -  W  W  W  B  -  -  -  -  -  W
               -  -  W  W  W  W  W  W  -  W  -  W  -  W  -  W  W
                     -  W  -  B  W  -  W  -  -  W  W  B  -  W  -  W  W  -  W
                     W  W -  W  W  W
White: 88            




                     -  -  --  -  -  B  W  W
                 W  -  W  -  -  W  W  W  B  W
                     -  -  W       -  W  -  B  W  -  W  -  -  W  B  -  -  -  B  -  B  W  -  -  -  W  W
   -  W  -  W  -  -  -  -  B  W  W      -  B  W  B  W  -  W  B  -  W  W  -  -  W
                    W  W
White: 90            B  -    -  -  -  -  -  -  B  -  -  -  W  -  W
Ticks: 87            -  -  -  B  W  W  -  -  -  -  -  -  B  -  B  B  W  W  W
                     B  -  -  -  B  W  -  -  -  -  B  B  B  -  -  W  W  B  B
                     B  -  B  B  -  -  -  -  B  -  -  -  -  B  -  -  B  -  -
Black: 128           B  -  B  -  B  -  -  -  -  B  -  -  B  -  -  -  -  B  -
                     -  B  -  -  B  -  -  B  -  -  B  -  -  -  -  -  -  B  B
                     B  -  B  -  B  B  -  B  -  -  -  -  -  -  -  B  B  -  -
                     -  -  -  -  -  -  -  B  -  -  B  -  -  -  -  -  -  -  B
                     -  -  -  -  B  -  B  B  B  -  -  B  -  B  -  -  -  -  -
                     -  -  -  -  -  B  B  -  -  -  -  -  -  B  -  -  B  -  B
                     B  B  -  -  B  -  B  -  -  -  -  -  -  B  -  -  -  -  -





88 B >




                     -  -  -  -  -  W  W  W  -  W  -  W  -  -  -  -  B  W  W
         B  W  -  W  B  -  W  W  W  B  -   B  W  -  -  W  W  W
White: 91   B  -  -  -  W  -  W
Ticks: 88            -  -  -  B  W  W  -  -  -  -  -  -  B  -  B  B  W  W  W
                     B  -  -  -  B  W  -  -  -  -  B  B  B  -  -  W  W  B  B
                     B  -  B  B  -  -  -  -  B  -  -  -  -  B  -  -  B  -  -
Black: 129           B  -  B  -  B  -  -  -  -  B  -  -  B  -  -  -  -  B  -
                     -  B  -  -  B  -  -  B  -  -  B  -  -  -  -  -  -  B  B
                     B  -  B  -  B  B  -  B  -  -  -  -  -  -  -  B  B  -  -
                     -  -  -  -  -  -  -  B  -  -  B  -  -  -  -  -  -  -  B
                     -  -  -  -  B  -  B  B  B  -  -  B  -  B  -  -  -  -  -
                     -  -  -  -  -  B  B  -  -  -  -  -  -  B  -  -  B  -  B
                     B  B  -  -  B  -  B  -  -  -  -  -  -  B  -  -  -  -  -





89 B >




                     -  -  -  -  -  W  W  W  -  W  -   -  W  -  W  -  W  -  W  W
       W
                     W  W  W   B  W  W  -  -  W  -  -  -  -  B  -  -  -  W  -  W
Ticks: 89            -  -  -  B  W  W  -  -  -  -  -  -  B  -  B  B  W  W  W
                     B  B  -  -  B  W  -  -  -  -  B  B  B  -  -  W  W  B  B
                     B  -  B  B  -  -  -  -  B  -  -  -  -  B  -  -  B  -  -
Black: 132           B  -  B  -  B  -  -  -  -  B  -  -  B  -  -  -  -  B  -
                     -  B  -  -  B  -  -  B  -  -  B  -  -  -  -  -  -  B  B
                     B  -  B  -  B  B  -  B  -  -  -  -  -  -  -  B  B  -  -
                     -  -  -  -  -  -  -  B  -  -  B  -  -  -  -  -  -  -  B
                     -  -  -  -  B  -  B  B  B  -  -  B  -  B  -  -  -  -  -
                     -  -  -  -  -  B  B  -  -  -  -  -  -  B  -  -  B  -  B
                     B  B  -  -  B  -  B  -  -  -  -  -  -  B  -  -  -  -  -





90 B >




                     -  -  -  -  -  W  W  W  -  W  -  W  -  -  -  -  B  W  W
    W  W  W  W  W  -  -  W  W  B  B                 -  W  B  W  W  -  -  W   W  -  W
Ticks: 90            -  -  -  B  W  W  B  -  -  -  -  -  B  -  B  B  W  W  W
                     B  B  -  -  B  W  -  -  -  -  B  B  B  -  -  W  W  B  B
                     B  -  B  B  -  W  -  -  B  -  -  -  -  B  -  -  B  -  -
Black: 133           B  -  B  -  B  -  -  -  -  B  -  -  B  -  -   -  -  B  B
                     B  -  B  -  B  B  -  B  -  -  -  -  -  -  -  B  B  -  -
                     -  -  -  -  -  -  -  B  -  -  B  -  -  -  -  -  -  -  B
                     -  -  -  -  B  -  B  B  B  -  -  B  -  B  -  -  -  -  -
                     -  -  -  -  -  B  B  -  -  -  -  -  -  B  -  -  B  -  B
                     B  B  -  -  B  -  B  -  -  -  -  -  -  B  -  -  -  -  -





Game Over Stones Exhausted
You are a Winner, User