What is your name?
Hi, User





                     -  -  -  -  -  -  -  -  -  -  -  -  -  -  -  -  -  -  -
                     -  -  -  -  -  -  -  -  -  -  -  -  -  -  -  -  -  -  -
                     -  -  -  -  -  -  -  -  -  -  -  -  -  -  -  -  -  -  -
                     -  -  -  -  -  -  -  -  -  -  -  -  -  -  -  -  -  -  -
                     -  -  -  -  -  -  -  -  -  -  -  --  -  -
White: 0             -  -




                     -  -  -  -  -  -  -  -  -  -  -  -  -  -   -  -  -  -  -  -  -  -  -  -  --  -  -  -  -  -  -  -  -  -  -              -  -  -  -  -  -  -  -  -  -  -  -  -  -  -  -  -  -  -
Ticks: 0             -  -  -  -  -  -  -  -  -  -  -  -  -  -  -  -  -  -  -
                     -  -  -  -  -  -  -  -  -  -  -  -  -  -  -  -  -  -  -
                     -  -  -  -  -  -  -  -  -  -  -  -  -  -  -  -  -  -  -
Black: 1             -  -  -  -  -  -  -  -  -  -  -  -  -  -  -  -  -  -  -
                     -  -  -  -  -  -  -  -  -  -  -  -  -  -  -  -  -  -  -
                     -  -  -  -  -  -  -  -  -  -  -  -  -  -  -  -  -  -  -
                     -  -  -  -  -  -  -  -  -  -  -  -  -  -  -  -  -  -  -
                     -  -  -  -  -  -  -  -  -  -  -  -  -  -  -  -  -  -  -
                     -  -  -  -  -  -  -  -  -  -  -  -  -  -  -  -  -  -  -
                     -  -  -  -  -  -  -  -  -  -  -  -  -  -  -  -  -  -  -





1 B >




                     -  -  -  -  -  -  -  -  -  -  -  -  -  -  -  -  -  -  -
                     -  -  -  -  -  -  -  -    -  -  -  -  -  -  -  -  -  -   -  -  -  -  -  -  -  -  -  -  - -  -  -  -  -  -  -  -  B  -  -   B  -  -  -  -  -  -  -  -  -  -  -  -
Ticks: 1             -  -  -  -  -  -  -  -  -  -  -  -  -  -  -  -  -  -  -
                     -  -  -  -  -  -  -  -  -  -  -  -  -  -  -  -  -  -  -
                     -  -  -  -  -  -  -  -  -  -  -  -  -  -  -  -  -  -  -
Black: 2             -  -  -  -  -  -  -  -  -  -  -  -  -  -  -  -  -  -  -
                     -  -  -  -  -  -  -  -  -  -  -  -  -  -  -  -  -  -  -
                     -  -  -  -  -  -  -  -  -  -  -  -  -  -  -  -  -  -  -
                     -  -  -  -  -  -  -  -  -  -  -  -  -  -  -  -  -  -  -
                     -  -  -  -  -  -  -  -  -  -  -  -  -  -  -  -  -  -  -
                     -  -  -  -  -  -  -  -  -  -  -  -  -  -  -  -  -  -  -
                     -  -  -  -  -  -  -  -  -  -  -  -  -  -  -  -  -  -  -





2 B >




                     -  -  -  -  -  -  -  -  -  -  -  -  -  -  -  -  -  -  -
          -  -  -  W
                      -  -  -  -  -  -  -  -  -    B  -  -  -  -  -  -
                  -  -  -  -  -  B  -  -  -  -  -  -  -  -  -  -  -  -
Ticks: 2             -  -  -  -  -  -  -  -  -  -  -  -  -  -  -  -  -  -  -
                     -  -  -  -  -  -  -  -  -  -  -  -  -  -  -  -  -  -  -
                     -  -  -  -  -  -  -  -  -  -  -  -  -  -  -  -  -  -  -
Black: 3             -  -  -  -  -  -  -  -  -  -  -  -  -  -  -  -  -  -  -
                     -  -  -  -  -  -               B  -  -  -  -  -  -  -  -  -  -  -  -  -  -  -  -  -  -
                     -  -  -  -  -  -  -  -  -  -  -  -  -  -  -  -  -  -  -
                     -  -  -  -  -  -  -  -  -  -  -  -  -  -  -  -  -  -  -
                     -  -  -  -  -  -  -  -  -  -  -  -  -  -  -  -  -  -  -
                     -  -  -  -  -  -  -  -  -  -  -  -  -  -  -  -  -  -  -





3 B >




                     -  -  -  -  -  -  -  -  -  -  -  -  -  -  -  -  -  -  W
                     -  -  -  -  -  -  -  -  -  -  -  W  -  -  -  -  -  -  -  -  -  -  -  -  -  -  -  -
Ticks: 3             -  -  -  -  -  -  -  -  -  -  -  -  -  -  -  -  -  -  -
                     -  -  -  -  -  -  -  -  -  -  -  -  -  -  -  -  -  -  -
                     -  -  -  -  -  -  -  -  -  -  -  -  -  -  -  -  -  -  -
Black: 4             -  -  -  -  -  -  -  -  -  -  -  -  -  -  -  -  -  -  -
                     -  -  -  -  -  -  -  -  -  -  -  -  -  -  -  -  -  -  -
                     B  -  -  -  -  -  -  -  -  -  -  -  -  -  -  -  -  -  -
                     -  -  -  -  -  -  -  -  -  -  -  -  -  -  -  -  -  -  -
                     -  -  -  -  -  -  -  -  -  -  -  -  -  -  -  -  -  -  -
                     -  -  -  -  -  -  -  -  -  -  -  -  -  -  -  -  -  -  -
                     -  -  -  -  -  -  -  -  -  -  -  -  -  -  -  -  -  -  -





4 B >




                     -  -  -  -  -  -  -  -  -  -  -  -  -  -  -  -  -  -  W
                     -  -  -  -  -  -  -  -  -  -  -  -  -  -  -  -  -  -  B  -  -  -  -  -  -  -  -
                -  -  -  -  -  -  -  -  -  -  -  -  -  -  -  -  -
                     -  -  -  -  -  -  -  -  -  -  -  -  W  -  -  - -  -  -
                  B  -  -  -  -  -  -  -  -  -  -  -  -
Ticks: 4             -  -  -  -  -  -  -  -  -  -  -  -  -  -  -  -  -  -  -
                     -  -  -  -  -  -  -  -  -  -  -  -  -  -  -  -  -  -  -
                     -  -  -  -  -  -  -  -  -  -  -  -  -  -  -  -  -  -  -
Black: 5             -  -  -  -  -  -  -  -  -  -  -  -  -  -  -  -  -  -  -
                     -  -  -  -  -  -  -  -  -  -  -  -  -  -  -  -  -  -  -
                     B  -  -  -  -  -  -  -  -  -  -  -  -  -  -  -  -  B  -
                     -  -  -  -  -  -  -  -  -  -  -  -  -  -  -  -  -  -  -
                     -  -  -  -  -  -  -  -  -  -  -  -  -  -  -  -  -  -  -
                     -  -  -  -  -  -  -  -  -  -  -  -  -  -  -  -  -  -  -
                     -  -  -  -  -  -  -  -  -  -  -  -  -  -  -  -  -  -  -





5 B >




                     -  -  -  -  -  -  -  -  -  -  -  -  -  -  -  -  -  -  W
                     -  -  -  -  -  -  -  -  -  -  -  -  -  -  -  -  -  -  W
                     -  -  -  -  -  -  -  -  -  -  -  -  -  -  -    -  -  -  -  -  -  -
White: 5   -  B  -  -  -  -  -  -  -  -  -  -  -  -
Ticks: 5             -  -  -  -  -  -  -  -  -  -  -  -  -  -  -  -  -  -  -
                     -  -  -  -  -  -  -  -  -  -  -  -  -  -  -  -  -  -  -
                     -  -  -  -  -  -  -  -  -  -  -  -  -  -  -  -  -  -  -
Black: 6             -  -  -  -  -  -  -  -  -  -  -  -  -  -  -  -  -  -  -
                     -  -  -  -  -  -  -  -  -  -  -  -  -  -  -  -  -  -  -
                     B  -  -  -  -  -  -  -  -  -  -  -  -  -  -  -  -  B  -
                     -  -  -  -  -  -  -  -  -  -  -  -  -  -  -  -  -  -  -
                     -  -  -  -  -  -  -  -  -  -  -  -  -  -  -  -  -  -  -
                     -  -  -  -  -  B  -  -  -  -  -  -  -  -  -  -  -  -  -
                     -  -  -  -  -  -  -  -  -  -  -  -  -  -  -  -  -  -  -





6 B >




                     -  -  -  -  -  -  -  -  -  -  -  -  -  -  -  -  -  -  W
                     -  -  -  -  -   -  -  W  -  -  -  -  -  -
      -  B  -  -  -  -  -  -  -  -  -  -  -  -
Ticks: 6             -  -  -  -  -  -  -  -  -  -  -  -  -  -  -  -  -  -  -
                     -  -  -  -  -  -  -  -  -  -  -  -  -  -  -  -  -  -  -
                     -  -  -  -  -  -  -  -  -  -  -  -  -  -  -  -  -  -  -
Black: 7             -  -  -  -  -  -  -  -  -  -  -  -  -  -  -  -  -  -  -
                     -  -  -  -  -  -  -  -  -  -  -  -  -  -  -  -  -  -  -
          B  -  -  -  -  -  -  -  -  -  -  -  -  -  -  -  -  B  -
                     -  -  -  -  -  -  -  -  -  -  -  -  -  -  -  -  -  -  -
                     -  -  -  -  -  -  -  -  -  -  -  -  -  -  -  -  -  -  -
                     -  -  -  -  -  B  -  -  -  -  -  -  -  -  -  -  -  -  -
                     -  -  -  -  -  -  -  -  -  -  -  -  -  -  -  -  -  -  -





7 B >




                     -  -  -  -  -  -  -  -  -  -  -  -  -  -  -  -  -  -  W
                     -  -  -  -  -  -  -  -  -  -  W
                             -  -  -  -  -  -  -   -  -  -  -  -  -  B  -  -  -  -  -  -  -  -  -  -  -  -
Ticks: 7             -  -  -  -  -  -  -  -  -  -  -  -  -  -  -  -  -  -  -
                     -  -  -  -  -  -  -  -  -  -  -  -  -  -  -  -  -  -  -
                     -  -  -  -  -  -  -  -  -  -  -  -  -  -  -  -  -  -  -
Black: 8             -  -  -  -  -  -  -  -  -  -  -  -  -  -  -  -  -  -  -
                     B  -  -  -  -  -  -  -  -  -  -  -  -  -  -  -  -  -  -
                     B  -  -  -  -  -  -  -  -  -  -  -  -  -  -  -  -  B  -
                     -  -  -  -  -  -  -  -  -  -  -  -  -  -  -  -  -  -  -
                     -  -  -  -  -  -  -  -  -  -  -  -  -  -  -  -  -  -  -
                     -  -  -  -  -  B  -  -  -  -  -  -  -  -  -  -  -  -  -
                     -  -  -  -  -  -  -  -  -  -  -  -  -  -  -  -  -  -  -





8 B >




                     -  -  -  -  -  -  -  -  -  -  -  -  -  -  -  -  -  -  W
                     -  -  -  -  -  -  W  -  -  -  -  -  -  -  -  -  -                    -  -  -  -  --  -  -  -  -  -  -  -  -  -  -  -  -  -  -  -
                     -  -  -  -  -  -  -  -  -  -  -White: 8             -  -  -  -    -  -  -  -  -  -  -  -  -  -
Ticks: 8             -  -  -  -  -  -  -  -  -  -  -  -  -  -  -  -  -  -  -
                     -  -  -  -  -  -  -  -  -  -  -  -  -  -  -  -  -  -  -
                     -  -  -  -  -  -  -  -  -  -  -  -  -  -  -  -  -  -  -
Black: 9             -  -  -  -  -  -  -  -  -  -  -  -  -  -  -  -  -  -  -
                     B  -  -  -  -  -  -  -  -  -  -  -  -  -  -  -  -  -  -
                     B  -  -  -  -  -  -  -  -  -  -  -  -  -  -  -  -  B  -
                     -  -  -  -  -  -  -  -  -  -  -  -  -  -  -  -  -  -  -
                     -  -  -  -  -  -  -  -  -  -  -  -  -  -  -  -  -  -  -
                     -  -  -  -  -  B  -  -  -  -  -  -  -  -  -  -  -  -  -
                     -  -  -  -  -  -  -  -  -  -  -  -  -  -  -  -  -  -  -





9 B >9 B >




                     -  -  -  -  -  -  -  -  -  -  -  -  -  -  -  -  -  -  W
                     -  -  -  -  -  -  W  -  -  -  -  -  -  -  -  -  -  -  W
                       -  -  -  -  -  -  -  -  -  -  -  -  -  -  -  -  -  -  B  -  -  -  -  -  -  -  -  -  -  -  -  -  -
Ticks: 9             -  -  -  -  -  -  -  -  -  -  -  -  -  -  -  -  -  -  -
                     -  -  -  -  -  -  -  -  -  -  -  -  -  -  -  -  -  -  -
                     -  -  -  -  -  -  -  -  -  -  -  -  -  -  -  -  -  -  -
Black: 10            B  -  -  -  -  -  -  -  -  -  -  -  -  -  -  -  -  -  -
                     B  -  -  -  -  -  -  -  -  -  -  -  -  -  -  -  -  -  -
                     B  -  -  -  -  -  -  -  -  -  -  -  -  -  -  -  -  B  -
                     -  -  -  -  -  -  -  -  -  -  -  -  -  -  -  -  -  -  -
                     -  -  -  -  -  -  -  -  -  -  -  -  -  -  -  -  -  -  -
                     -  -  -  -  -  B  -  -  -  -  -  -  -  -  -  -  -  -  -
                     -  -  -  -  -  -  -  -  -  -  -  -  -  -  -  -  -  -  -





10 B >




                     -  -  -  -  -  -  -  -  -  -  -  -  -  -  -  -  -  -  W
                     -  -  -  -  W  -  W  -  -  -  -  -  -  -  -  -   -  -  -  -  -  -  -  -  W  W  -       -  -  -  -  -  B  B  -  -  -  -  -  -  -  -  -  -  -  -
Ticks: 10            -  -  -  -  -  -  -  -  -  -  -  -  -  -  -  -  -  -  -
                     -  -  -  -  -  -  -  -  -  -  -  -  -  -  -  -  -  -  -
                     -  -  -  -  -  -  -  -  -  -  -  -  -  -  -  -  -  -  -
Black: 11            B  -  -  -  -  -  -  -  -  -  -  -  -  -  -  -  -  -  -
                     B  -  -  -  -  -  -  -  -  -  -  -  -  -  -  -  -  -  -
                     B  -  -  -  -  -  -  -  -  -  -  -  -  -  -  -  -  B  -
                     -  -  -  -  -  -  -  -  -  -  -  -  -  -  -  -  -  -  -
                     -  -  -  -  -  -  -  -  -  -  -  -  -  -  -  -  -  -  -
                     -  -  -  -  -  B  -  -  -  -  -  -  -  -  -  -  -  -  -
                     -  -  -  -  -  -  -  -  -  -  -  -  -  -  -  -  -  -  -





11 B >11 B >




                     -  -  -  -  -  -  -  -  -  -  -  -  -  -  -  -  -  -  W
                     -  -  -  -  W  -  W  -  -  -  -  -  -  -   -  W  -  -  -  -  -  -  -  -  - -  -  -  -  -
                              -  -  -  -  -  B  B  -  -  -  -  -  -  -  -  -  -  -  -
Ticks: 11            -  -  -  -  -  -  -  -  -  -  -  -  -  -  -  -  -  -  -
                     -  -  -  -  -  -  -  -  -  -  -  -  -  -  -  -  -  -  -
                     -  -  -  -  -  -  -  -  -  -  -  -  -  -  -  -  -  -  -
Black: 11            B  -  -  -  -  -  -  -  -  -  -  -  -  -  -  -  -  -  -
                     B  -  -  -  -  -  -  -  -  -  -  -  -  -  -  -  -  -  -
                     B  -  -  -  -  -  -  -  -  -  -  -  -  -  -  -  -  B  -
                     -  -  -  -  -  -  -  -  -  -  -  -  -  -  -  -  -  -  -
                     -  -  -  -  -  -  -  -  -  -  -  -  -  -  -  -  -  -  -
                     -  -  -  -  -  B  -  -  -  -  -  -  -  -  -  -  -  -  -
                     -  -  -  -  -  -  -  -  -  -  -  -  -  -  -  -  -  -  -





12 B >




                     -  -  -  -  -  -  -  -  -  -  -  -  -  -  -  -  -  -  W
                 -  -  -  -  W  -  -  -  -  -  -  -
                -  -  -  -  -  -  -  -  -  -  -            -  -  -  -  -  B  B  -  -  -  -  -  -  -  -  -  -  -  -
Ticks: 12            -  -  -  -  -  -  -  -  -  -  -  -  -  -  -  -  -  -  -
                     -  -  -  -  -  -  -  -  -  -  -  -  -  -  -  -  -  -  -
                     -  -  -  -  -  -  -  B  -  -  -  -  -  -  -  -  -  -  -
Black: 12            B  -  -  -  -  -  -  -  -  -  -  -  -  -  -  -  -  -  -
                     B  -  -  -  -  -  -  -  -  -  -  -  -  -  -  -  -  -  -
                     B  -  -  -  -  -  -  -  -  -  -  -  -  -  -  -  -  B  -
                     -  -  -  -  -  -  -  -  -  -  -  -  -  -  -  -  -  -  -
                     -  -  -  -  -  -  -  -  -  -  -  -  -  -  -  -  -  -  -
                     -  -  -  -  -  B  -  -  -  -  -  -  -  -  -  -  -  -  -
                     -  -  -  -  -  -  -  -  -  -  -  -  -  -  -  -  -  -  -





13 B >




                     -  -  -  -  -  -  -  -  -  -  -  -  -  -  -  -  -  -  W
                          -  -  -  -  W  W  B  -  -  -  B  -  -  -  --  B  B  -  -  -  -  -  -  -  -  -  -  -  -
Ticks: 13            -  -  -  -  -  -  -  -  -  -  -  -  -  -  -  -  -  -  -
                     -  -  -  -  -  -  -  -  -  -  -  -  -  -  -  -  -  -  -
                     -  -  -  -  -  -  -  B  -  -  -  -  -  -  -  -  -  -  -
Black: 13            B  -  -  -  -  -  -  -  -  -  -  -  -  -  -  -  -  -  -
                     B  -  -  -  -  -  -  -  -  -  -  -  -  -  -  -  -  -  -
                     B  -  -  -  -  -  -  -  -  -  -  -  -  -  -  -  -  B  -
                     -  -  -  -  -  -  -  -  -  -  -  -  -  -  -  -  -  -  -
                     -  -  -  -  -  -  -  -  -  -  -  -  B  -  -  -  -  -  -
                     -  -  -  -  -  B  -  -  -  -  -  -  -  -  -  -  -  -  -
                     -  -  -  -  -  -  -  -  -  -  -  -  -  -  -  -  -  -  -





14 B >




                     -  -  -  -  -  -  -  -  -  -  -  -  -  -  -  -  -  -  W
           -  -  -  -  -  -  -  W
               -  -  -  -  W  -  -  -  -    -  -  -  W
                -  -  -  -
White: 14           -  -  -
Ticks: 14            -  -  -  -  -  -  -  -  -  -  -  -  -  -  -  -  -  -  -
                     -  -  -  -  -  -  -  -  -  -  -  -  -  -  -  -  -  -  -
                     -  -  -  -  -  -  -  B  -  -  -  -  -  -  -  -  -  -  -
Black: 13            B  -  -  -  -  -  -  -  -  -  -  -  -  -  -  -  -  -  -
                     B  -  -  -  -  -  -  -  -  -  -  -  -  -  -  -  -  -  -
                     B  -  -  -  -  -  -  -  -  -  -  -  -  -  -  -  -  B  -
                     -  -  -  -  -  -  -  -  -  -  -  -  -  -  -  -  -  -  -
                     -  -  -  -  -  -  -  -  -  -  -  -  B  -  -  -  -  -  -
                     -  -  -  -  -  B  -  -  -  -  -  -  -  -  -  -  -  -  -
                     -  -  -  -  -  -  -  -  -  -  -  -  -  -  -  -  -  -  -





15 B >




                     -  -  -  -  -  -  -  -  -  -  -  -  -  -  -  -  -  -  W
                     -  -  -  -  W  -  W  -  -  -  -  -  -  -  -  -  -  W  -  -  -  -  -  -  -  W  W    -  -  -  -  -  -  -  -  -
               -  -  -  -  -  -  -  -  -  -  -  -  B  -  -  -  -  -  -
  -  -  -  -  -  -  -  -  -  -  -  -
Ticks: 15            -  -  -  -  -  -  -  -  -  -  -  -  -  -  -  -  -  -  -
                     -  -  -  -  B  -  -  -  -  -  -  -  -          -  -  -  -  -  -  -  B  -  -  -  -  -  -  -  -  -  -  -
Black: 14            B  -  -  -  -  -  -  -  -  -  -  -  -  -  -  -  -  -  -
                     B  -  -  -  -  -  -  -  -  -  -  -  -  -  -  -  -  -  -
                     B  -  -  -  -  -  -  -  -  -  -  -  -  -  -  -  -  B  -
                     -  -  -  -  -  -  -  -  -  -  -  -  -  -  -  -  -  -  -
                     -  -  -  -  -  -  -  -  -  -  -  -  B  -  -  -  -  -  -
                     -  -  -  -  -  B  -  -  -  -  -  -  -  -  -  -  -  -  -
                     -  -  -  -  -  -  -  -  -  -  -  -  -  -  -  -  -  -  -





16 B >16 B >




                     -  -  -  -  -  -  -  -  -  -  -  -  -  -  -  -  -  -  W
                     -  -  -     -  -  -  -  W  -  -  -  -  -   -  -  -  -  B  -  -  -  -  -  -
  -  -  -  B  B  -  -  -  -  -  -  -  -  -  -  -  -
Ticks: 16            -  -  -  -  -  -  -  -  -  -  -  -  -  -  -  -  -  -  -
                     -  -  -  -  B  -  -  B  -  -  -  -  -  -  -  -  -  -  -
                     -  -  -  -  -  -  -  B  -  -  -  -  -  -  -  -  -  -  -
Black: 15            B  -  -  -  -  -  -  -  -  -  -  -  -  -  -  -  -  -  -
                     B  -  -  -  -  -  -  -  -  -  -  -  -  -  -  -  -  -  -
                     B  -  -  -  -  -  -  -  -  -  -  -  -  -  -  -  -  B  -
                     -  -  -  -  -  -  -  -  -  -  -  -  -  -  -  -  -  -  -
                     -  -  -  -  -  -  -  -  -  -  -  -  B  -  -  -  -  -  -
                     -  -  -  -  -  B  -  -  -  -  -  -  -  -  -  -  -  -  -
                     -  -  -  -  -  -  -  -  -  -  -  -  -  -  -  -  -  -  -





17 B >17 B >




                     -  -  -  -  -  -  -  -  -  -  -  -  -  -  -  -  -  -  W
    -  -  -  -  -  -  W  W
                  -  -  -  -  W  -  -  -  -  -  -  -  -  B  -  -  -    -  -  -  -  -  B  B  -  -  -  -  -  -  -  -  -  -  -  -
Ticks: 17            -  -  -  -  -  -  -  -  -  -  -  -  -  B  -  -  -  -  -
                     -  -  -  -  B  -  -  B  -  -  -  -  -  -  -  -  -  -  -
                     -  -  -  -  -  -  -  B  -  -  -  -  -  -  -  -  -  -  -
Black: 16            B  -  -  -  -  -  -  -  -  -  -  -  -  -  -  -  -  -  -
                     B  -  -  -  -  -  -  -  -  -  -  -  -  -  -  -  -  -  -
                     B  -  -  -  -  -  -  -  -  -  -  -  -  -  -  -  -  B  -
                     -  -  -  -  -  -  -  -  -  -  -  -  -  -  -  -  -  -  -
                     -  -  -  -  -  -  -  -  -  -  -  -  B  -  -  -  -  -  -
                     -  -  -  -  -  B  -  -  -  -  -  -  -  -  -  -  -  -  -
                     -  -  -  -  -  -  -  -  -  -  -  -  -  -  -  -  -  -  -





18 B >




                     -  -  -  -  -  -  -  -  -  -  -  -  -  -  -  -  -  -  W
          W  -  -  -  -  -  -  -  W  -  -      -  -  -  -  -  -  -  -  -  B  -  -  -  -  -  -
               -  -  -  -  -  B  B  -  -  -  -  -  -  -  -  -  -  -  -
Ticks: 18            -  -  -  -  -  -  -  -  -  -  -  -  -  B  -  -  -  -  -
                     -  -  -  -  B  -  -  B  -  -  -  -  -  -  -  -  -  -  -
                     -  -  -  -  -  -  -  B  -  -  -  -  -  -  -  -  -  -  -
Black: 17            B  -  -  -  -  -  -  -  -  -  -  -  -  -  -  -  -  -  -
                     B  -  -  -  -  -  -  -  -  -  -  -  -  -  -  -  -  -  -
                     B  -  -  -  -  -  -  -  -  -  -  -  -  -  -  -  -  B  -
                     -  -  -  -  -  -  -  -  -  -  -  -  -  -  -  -  -  -  -
                     -  -  -  -  -  -  -  -  -  -  -  -  B  -  -  -  -  -  -
                     -  -  -  -  -  B  -  -  -  -  -  -  -  -  -  -  -  -  -
                     -  -  -  -  -  -  -  -  -  -  -  B  -  -  -  -  -  -  -





19 B >




                     -  -  -  -  -  -  -  -  -  -  -  -  -  -  -  -  -  -  W
                     -  -  -  -  W  -  W  -  -  -  -  -  -  -  -  -  -  -  W
                     -  -  -  -  W  W  W  W  -  -  B  -  -  -  -  -  -  W  W
                     -  -  -  -  W  -  -  -  -  -  -    -  -  B  -  -  -  -  -  -  -  --  -  -  -  -  -  -  -  -
Ticks: 19            -  -  -  -  -  -  -  -  -  -  -  -  -  B  -  -  -  -  -
                     -  -  -  -  B  -  -  B  -  -  -  -  -  -  -  -  -  -  -
                     -  -  -  -  -  -  -  B  -  -  -  -  -  -  -  -  -  -  -
Black: 18            B  -  -  -  -  -  -  -  -  -  -  -  -  -  -  -  -  -  -
                     B  -  -  -  -  -  -  -  -  -  -  -  -  -  -  -  -  -  -
                     B  -  -  -  -  -  -  -  -  -  -  -  -  -  -  -  -  B  -
                     -  -  -  -  -  -  -  -  -  -  -  -  -  -  -  -  -  -  -
                     -  -  -  -  -  -  -  -  -  -  -  -  B  -  -  -  -  -  -
                     -  -  -  -  -  B  -  -  -  -  -  -  -  -  -  -  -  -  -
                     -  -  -  -  -  -  -  -  -  -  -  B  -  -  -  -  -  -  -





20 B >




                     -  -  -  -  -  -  -  -  -  -  -  -  -  -  -  B  -  -  W
                     -  -  -  -  W  -  W  -  -  -  -  -  -  -  -  -  -  -  W
                     -  - -  W  -  -  -  -  -  -  -  W  - -  -  -  -  -  -  W  -  -  -  -   -  -  -  -
Ticks: 20            -  -  -  -  -  -  -  -  -  -  -  -  -  B  -  -  -  -  -
                     -  -  -  -  B  -  -  B  -  -  -  -  -  -  -  -  -  -  -
                     -  -  -  -  -  -  -  B  -  -  -  -  -  -  -  -  -  -  -
Black: 19            B  -  -  -  -  -  -  -  -  -  -  -  -  -  -  -  -  -  -
                     B  -  -  -  -  -  -  -  -  -  -  -  -  -  -  -  -  -  -
                     B  -  -  -  -  -  -  -  -  -  -  -  -  -  -  -  -  B  -
                     -  -  -  -  -  -  -  -  -  -  -  -  -  -  -  -  -  -  -
                     -  -  -  -  -  -  -  -  -  -  -  -  B  -  -  -  -  -  -
                     -  -  -  -  -  B  -  -  -  -  -  -  -  -  -  -  -  -  -
                     -  -  -  -  -  -  -  -  -  -  -  B  -  -  -  -  -  -  -





21 B >




                     -  -  -  -  -  -  -  -  -  -  -  -  -  -  -  B  -  -  W
                    -  -  -  -  W  -   -  -  -  -  -  -  -  -  W  -  - -  -  -  B  -  -  -  -  -  -
   -  -  -  -  -  -  -  -  -
Ticks: 21            -  -  -  -  -  -  -  -  -  -  -  -  -  B  -  -  -  -  -
                     -  -  -  -  B  -  -  B  -  -  -  -  -  -  -  -  -  -  -
                     -  -  -  -  -  -  -  B  -  -  -  -  -  -  -  -  -  -  -
Black: 20            B  -  -  -  -  -  -  -  -  -  -  -  -  -  -  -  -  -  -
                     B  -  -  -  -  -  -  -  -  -  -  -  -  -  -  -  -  -  -
                     B  -  -  -  -  -  -  -  -  -  -  -  -  -  -  -  -  B  -
                     -  -  -  -  -  -  -  -  -  -  -  -  -  -  -  -  -  -  -
                     -  -  -  -  -  -  -  -  -  -  -  -  B  -  -  -  -  -  -
                     -  -  -  -  -  B  -  -  -  -  -  -  -  -  -  -  -  -  -
                     -  -  -  -  -  -  -  -  -  -  -  B  -  -  -  -  -  -  -





22 B >




                     -  -  -  -  -  -  -  -  -  -  -  -  -  -  -  B  -  -  W
                     -  -  -  -  W  -  W  -  -  -  -  -  -  -  -  -    -  -  -  W  -  -  -  -  -  -  -            -  -  -  -  -  B  B  -  -  B  -  -  -  -  -  -  -  -  -
Ticks: 22            -  -  -  -  -  -  -  -  -  -  -  -  -  B  -  -  -  -  -
                     -  -  -  -  B  -  -  B  -  -  -  -  -  -  -  -  -  -  -
                     -  -  -  -  -  -  -  B  -  -  -  -  -  -  -  -  -  -  -
Black: 21            B  -  -  -  -  -  -  -  -  -  -  -  -  -  -  -  -  -  -
                     B  -  -  -  -  -  -  -  -  -  -  -  -  -  -  -  -  -  -
                     B  -  -  -  -  -  -  -  -  -  -  -  -  -  -  -  -  B  -
                     -  -  -  -  -  -  -  -  -  -  -  -  -  -  -  -  -  -  -
                     -  -  -  -  -  -  -  -  -  -  -  -  B  -  -  -  -  -  -
                     -  -  -  -  -  B  -  -  -  -  -  -  -  -  -  -  -  -  -
                     -  -  -  -  -  -  -  -  -  -  -  B  -  -  -  -  -  -  -





23 B >23 B >




                     -  -  -  -  -  -  -  -  -  -  -  -  -  -  -  B  -  -  W
                     -  -  -  -  W  -  W  -  -  -  -  -  -  -                  B  -  -  -  W  - -  -  -  -  -  -  -  W  -  -  -    -  -  B  -  -  -  -  -  -  -  -  -
Ticks: 23            -  -  -  -  -  -  -  -  -  -  -  -  -  B  -  -  -  -  -
                     -  -  -  -  B  -  -  B  -  -  -  -  -  -  -  -  -  -  -
                     -  -  -  -  -  -  -  B  -  -  -  -  -  -  -  -  -  -  -
Black: 22            B  -  -  -  -  -  -  -  -  -  -  -  -  -  -  -  -  -  -
                     B  -  -  -  -  -  -  -  -  -  -  -  -  -  -  -  -  -  -
                     B  -  -  -  -  -  -  -  -  -  -  -  -  -  -  -  -  B  -
                     -  -  -  -  -  -  -  -  -  -  -  -  -  -  -  -  -  -  -
                     -  -  -  -  -  -  -  -  -  -  -  -  B  -  -  -  -  -  -
                     -  -  -  -  -  B  -  -  -  -  -  -  -  -  -  -  -  -  -
                     -  -  -  -  -  -  -  -  -  -  -  B  -  -  -  -  -  -  -





24 B >




                     -  -  -  -  -  -  -  -  -  -  -  -  -  -  -  B  -  -  W
                -  -  -  -  W  -  W  -  -  -  -  W  -  -  -  -  W
Wh  -  -  -  -  -  -  -  -
Ticks: 24            -  -  -  -  -  -  -  -  -  -  -  -  -  B  -  -  -  -  -
                     -  -  -  -  B  -  -  B  -  -  -  -  -  -  -  -  -  -  -
                     -  -  -  -  -  -  -  B  -  -  -  -  -  -  -  -  -  -  -
Black: 23            B  -  -  -  -  -  -  -  -  -  -  -  -  -  -  -  -  -  -
                     B  -  -  -  -  -  -  -  -  -  -  -  -  -  -  -  -  -  -
                     B  -  -  -  -  -  -  -  -  -  -  -  -  -  -  -  -  B  -
                     -  -  -  -  -  -  -  -  -  -  -  -  -  -  -  -  -  -  -
                     -  -  -  -  -  -  -  -  -  -  -  -  B  -  -  -  -  -  -
                     -  -  -  -  -  B  -  -  -  B  -  -  -  -  -  -  -  -  -
                     -  -  -  -  -  -  -  -  -  -  -  B  -  -  -  -  -  -  -





25 B >25 B >




                     -  -  -  -  -  -  -  -  -  -  -  -  -  -  -  B  -  -  W
                     -  -  -  -  W  -  W  -  -  -  -  -  -  -  -  -             -  -  B  -  W  -           B  -  -  W  W  -  -  - -  B  B  -  -  B  -  -  -  -  -  -  -  -  -
Ticks: 25            -  -  -  -  -  -  -  -  -  -  -  -  -  B  -  -  -  -  -
                     -  -  -  -  B  -  -  B  -  -  -  -  -  -  -  -  -  -  -
                     -  -  -  -  -  -  -  B  -  -  -  -  -  -  -  -  -  -  -
Black: 25            B  -  -  -  -  -  -  -  -  -  -  -  -  -  -  -  -  -  -
                     B  -  -  -  -  -  -  -  -  -  -  -  -  -  -  -  -  -  -
                     B  -  -  -  -  -  -  -  -  -  -  -  -  -  -  -  -  B  -
                     -  -  -  -  -  -  -  -  -  -  -  -  -  -  -  -  -  -  -
                     -  -  -  -  -  -  -  -  -  -  -  -  B  -  -  -  -  -  -
                     -  -  -  -  -  B  -  -  -  B  -  -  -  -  -  -  -  -  -
                     -  -  -  -  -  -  -  -  -  -  -  B  -  -  -  -  -  -  -





26 B >




                     -  -  -  -  -  -  -  -  -  -  -  -  -  -  -  B  -  -  W
                     -  -  -  -  W  -  W  -  -  -  -  -  -  -  -  -  -  -  W
                     -  --  W  W  -  -  -  -  -  -  -  -  -  -  W
                     -  - -  -  -  -  -  -  B  W  -  -  -                      -  -  -  -  -  B  B  -  -  B  -  -  B  -  -  -  -  -  -
Ticks: 26            -  -  -  -  -  -  -  -  -  -  -  -  -  B  -  -  -  -  -
                     -  -  -  -  B  -  -  B  -  -  -  -  -  -  -  -  -  -  -
                     -  -  -  -  -  -  -  B  -  -  -  -  -  -  -  -  -  -  -
Black: 27            B  -  -  -  -  -  -  -  -  -  -  -  -  -  -  -  -  -  -
                     B  -  -  -  -  -  -  -  -  -  -  -  -  -  -  -  -  -  -
                     B  -  -  -  -  -  -  -  -  -  -  -  -  -  -  -  -  B  -
                     -  -  -  -  -  -  -  -  -  -  -  -  -  -  -  -  -  -  -
                     -  -  -  -  -  -  -  -  -  -  -  -  B  -  -  -  -  -  -
                     -  -  -  -  -  B  -  -  -  B  -  -  -  -  -  -  -  -  -
                     -  -  -  -  -  -  -  -  -  -  -  B  -  -  -  -  -  -  -





27 B >




                     -  -  -  -  -  -  -  -  -  -  -  -  -  -  -  B  -  -  W
                     -  -  -  -  W  -  W  -  -  -  -  -  -  -  -  -  -  -  W
                     -  -  -  -  W  W  W  W  -  -  B  -  W W
                     B  -  W   -  -  -  -  -  -  -  -  -  -  -  -  -
                     -  -  -  -  B  -  -  B  -  -  -  -  -  -  -  -  -  -  -
                     -  -  -  -  -  -  -  B  -  -  -  -  -  -  -  -  -  -  -
Black: 27            B  -  -  -  -  -  -  -  -  -  -  -  -  -  -  -  -  -  -
                     B  -  -  -  -  -  -  -  -  -  -  -  -  -  -  -  -  -  -
                     B  -  -  -  -  -  -  -  -  -  -  -  -  -  -  -  -  B  -
                     -  -  -  -  -  -  -  -  -  -  -  -  -  -  -  -  -  -  -
                     -  -  -  -  -  -  -  -  -  -  -  -  B  -  -  -  -  -  -
                     -  -  -  -  -  B  -  -  -  B  -  -  -  -  -  -  -  -  -
                     -  -  -  -  -  -  -  -  -  -  -  B  -  -  -  -  -  -  -





28 B >




                     -  -  -  -  -  -  -  -  -  -  -  -  -  -  -  B  -  -  W
                     -  -  -  -  W     -  -  B  -  W  -  -  -  -  -  - -  W  -  -  B  -  -  W
         -
                     -  -  -  -  -  -  -  -  -  -
Ticks: 28            -  -  -  -  -  -  -  -  -  -  -  -  -  B  -  -  -  -  -
                     -  -  -  -  B  -  -  B  -  -  -  -  -  -  -  -  -  -  -
                     -  -  -  -  -  -  -  B  -  -  -  -  -  -  -  -  -  -  -
Black: 29            B  -  -  -  -  -  -  -  -  -  -  -  -  -  -  -  -  -  -
                     B  -  -  -  -  -  -  -  -  -  -  -  -  -  -  -  -  -  -
                     B  -  -  -  -  -  -  -  -  -  -  -  -  -  -  -  -  B  -
                     -  -  -  -  -  -  -  -  -  -  -  -  -  -  -  -  -  -  -
                     -  -  -  -  -  -  -  -  -  -  -  -  B  -  -  -  -  -  -
                     -  -  -  -  -  B  -  -  -  B  -  -  -  -  -  -  -  -  -
                     -  -  -  -  -  -  -  -  -  -  -  B  -  -  -  -  -  -  -





29 B >




                     -  -  -  -  -  -  -  -  -  -  -  -  -  -  -  B  -  -  W
         B  -  -  W
                   -  B  B  W  -  -  -  -  -
                     -  -  -  -  -  B  B   -  -  -  -  -
Ticks: 29            -  -  -  -  -  -  -  -  -  -  -  -  -  B  -  -  -  -  -
                     -  -  -  -  B  -  -  B  -  -  -  -  -  -  -  -  -  -  -
                     -  -  -  -  -  -  -  B  -  -  -  -  -  -  -  -  B  -  -
Black: 30            B  -  -  -  -  -  -  -  -  -  -  -  -  -  -  -  -  -  -
                     B  -  -  -  -  -  -  -  -  -  -  -  -  -  -  -  -  -  -
                     B  -  -  -  -  -  -  -  -  -  -  -  -  -  -  -  -  B  -
                     -  -  -  -  -  -  -  -  -  -  -  -  -  -  -  -  -  -  -
                     -  -  -  -  -  -  -  -  -  -  -  -  B  -  -  -  -  -  -
                     -  -  -  -  -  B  -  -  -  B  -  -  -  -  -  -  -  -  -
                     -  -  -  -  -  -  -  -  -  -  -  B  -  -  -  -  -  -  -





30 B >30 B >30 B >




                     -  -  -  -  -  -  -  -  -  -  -  -  -  -  -  B  -  -  W
                     -  -  -  -  W  -  W  -  -  -  -  -  W  -  -  -  -  -  W
                     -  -  -  -  W  W  W  W  
                     -  -  B  - -  -  -  -  -  -  -  -  -  -  B  B-  B  B  -  -  B  -  -  B  -  -  -  -  -  -
Ticks: 30            -  -  -  -  -  -  -  -  -  -  -  -  -  B  -  -  -  -  -
                     -  -  -  -  B  -  -  B  -  -  -  -  -  -  -  -  -  -  -
                     -  -  -  -  -  -  -  B  -  -  -  -  -  -  -  -  B  -  -
Black: 48            B  -  -  -  -  -  -  -  -  -  -  -  -  -  -  -  -  -  -
                     B  -  -  -  -  -  -  -  -  -  -  -  -  -  -  -  -  -  -
                     B  -  -  -  -  -  -  -  -  -  -  -  -  -  -  -  -  B  -
                     -  -  -  -  -  -  -  -  -  -  -  -  -  -  -  -  -  -  -
                     -  -  -  -  -  -  -  -  -  -  -  -  B  -  -  -  -  -  -
                     -  -  -  -  -  B  -  -  -  B  -  -  -  -  -  -  -  -  -
                     -  -  -  -  -  -  -  -  -  -  -  B  -  -  -  -  -  -  -





31 B >




                     -  -  -  -  -  -  -  -  -  -  -  -  -  -  -  B  -  -  W
                     -  -  -  -  W  -  W  -  -  -  -  -  W  -  -  -   W  -  -  -  B  -  -  -  W  -  -  W
                     B  -  W  W  -  -  -  W
White: 31            -  -  B  -  -  -  B  -  -  -  W  W  B  -  -  -  W
                     -  -  -  -  -  -  -  -  -  -  -  B  B  W  -  -  -  -  -
                     -  -  -  -  -  B  B  -  -  B  -  -  B  -  -  -  -  -  -
Ticks: 31            -  -  -  -  -  -  -  -  -  -  -  -  -  B  -  -  -  -  -
                     -  -  -  -  B  -  -  B  -  -  -  -  -  -  -  -  -  -  -
                     -  -  -  -  -  -  -  B  -  -  -  -  -  -  -  -  B  -  -
Black: 49            B  -  -  -  -  -  -  -  -  -  -  -  -  -  -  -  -  -  -
                     B  -  -  -  -  -  -  -  -  -  -  -  -  -  -  -  -  -  -
                     B  -  -  -  -  -  -  -  -  -  -  -  -  -  -  -  -  B  -
                     -  -  -  -  -  -  -  -  -  -  -  -  -  -  -  -  -  -  -
                     -  -  -  -  -  -  -  -  -  -  -  -  B  -  -  -  -  -  -
                     -  -  -  -  -  B  -  -  -  B  -  -  -  -  -  -  -  -  -
                     -  -  -  -  -  -  -  -  -  -  -  B  -  -  -  -  -  -  -





32 B >




                     -  -  -  -  -  -  -  -  -  -  -  -  -  -  -  B  -  -  W
                     -  -  -  -  W  -  W  -  -  -  -  -  W  -  -  -  -  -  W
                B  -  W  W  W  -  -    -
Ticks: 32            -  -  -  -  -  -  -  -  -  -  -  -  -  B  -  -  -  -  -
                     -  -  -  -  B  -  -  B  -  -  -  -  -  -  -  -  -  -  -
                     -  -  -  -  -  -  -  B  -  -  -  -  -  -  -  -  B  -  -
Black: 41            B  -  -  -  -  -  -  -  -  -  -  -  -  -  -  -  -  -  -
                     B  -  -  -  -  -  -  -  -  -  -  -  -  -  -  -  -  -  -
                     B  -  -  -  -  -  -  -  -  -  -  -  -  -  -  -  -  B  -
                     -  -  -  -  -  -  -  -  -  -  -  -  -  -  -  -  -  -  -
                     -  -  -  -  -  -  -  -  -  -  -  -  B  -  -  -  -  -  -
                     -  -  -  -  -  B  -  -  -  B  -  -  -  -  -  -  -  -  -
                     -  -  -  -  -  -  -  -  -  -  -  B  -  -  -  -  -  -  B





33 B >33 B >33 B >




                     -  -  -  -  -  -  -  -  -  -  -  -  -  -  -  B  -  -  W
                     -  -  - -  W  W  -  -  B  -  W
            B  -  W  W  W  -  -  - B  B  -  -  B  -  -  B  -  -  -  -  -  -
Ticks: 33            -  -  -  -  -  -  -  -  -  -  -  -  -  B  -  -  -  -  -
                     -  -  -  -  B  -  -  B  -  -  -  -  -  -  -  -  -  -  -
                     -  -  -  -  -  -  -  B  -  -  -  -  -  -  -  -  B  -  -
Black: 42            B  -  -  -  -  -  -  -  -  -  -  -  -  -  -  -  B  -  -
                     B  -  -  -  -  -  -  -  -  -  -  -  -  -  -  -  -  -  -
                     B  -  -  -  -  -  -  -  -  -  -  -  -  -  -  -  -  B  -
                     -  -  -  -  -  -  -  -  -  -  -  -  -  -  -  -  -  -  -
                     -  -  -  -  -  -  -  -  -  -  -  -  B  -  -  -  -  -  -
                     -  -  -  -  -  B  -  -  -  B  -  -  -  -  -  -  -  -  -
                     -  -  -  -  -  -  -  -  -  -  -  B  -  -  -  -  -  -  B





34 B >




                     -  -  -  -  -  -  -  -  -  -  -  -  -  -  -  B  -  W  W
          W  -  -  -  -  -  W
             W
White: 34            -  -             -  -  -  -  -  B  B  -  -  B  -  -  B  -  -  -  -  -  -
Ticks: 34            -  -  -  -  -  -  -  -  -  -  -  -  -  B  -  -  -  -  -
                     -  -  -  -  B  -  -  B  -  -  -  -  -  -  -  -  -  -  -
                     -  -  -  -  -  -  -  B  -  -  -  -  -  -  -  -  B  -  -
Black: 42            B  -  -  -  -  -  -  -  -  -  -  -  -  -  -  -  B  -  -
                     B  -  -  -  -  -  -  -  -  -  -  -  -  -  -  -  -  -  -
                     B  -  -  -  -  -  -  -  -  -  -  -  -  -  -  -  -  B  -
                     -  -  -  -  -  -  -  -  -  -  -  -  -  -  -  -  -  -  -
                     -  -  -  -  -  -  -  -  -  -  -  -  B  -  -  -  -  -  -
                     -  -  -  -  -  B  -  -  -  B  -  -  -  -  -  -  -  -  -
                     -  -  -  -  -  -  -  -  -  -  -  B  -  -  -  -  -  -  B





35 B >35 B >




                     -  -  -  -  -  -  -  -  -  -  -  -  -  B  -  B  -  W  W
   -  -  W  W
                     - -  W  W  -  -  -  -  -  -  W  W  B  -  W
                  -  W
                     -  -  - -  -  -  B  B  -  -  B  -  -  B  -  -  -  -  -  -
Ticks: 35            -  -  -  -  -  -  -  -  -  -  -  -  -  B  -  -  -  -  -
                     -  -  -  -  B  -  -  B  -  -  -  -  -  -  -  -  -  -  -
                     -  -  -  -  -  -  -  B  -  -  -  -  -  -  -  -  B  -  -
Black: 33            B  -  -  -  -  -  -  -  -  -  -  -  -  -  -  -  B  -  -
                     B  -  -  -  -  -  -  -  -  -  -  -  -  -  -  -  -  -  -
                     B  -  -  -  -  -  -  -  -  -  -  -  -  -  -  -  -  B  -
                     -  -  -  -  -  -  -  -  -  -  -  -  -  -  -  -  -  -  -
                     -  -  -  -  -  -  -  -  -  -  -  -  B  -  -  -  -  -  -
                     -  -  -  -  -  B  -  -  -  B  -  -  -  -  -  -  -  -  -
                     -  -  -  -  -  -  -  -  -  -  -  B  -  -  -  -  -  -  B





36 B >




                     -  -  -  -  -  -  -  -  -  -  -  -  -  B  -  B  -  W  W
                     -  -  -  -  W   -  B  -  -  -  W  -  -  B  -  - W  -  -  -
                     - -  B  -  -  -  -  -  -
Ticks: 36            -  -  -  -  -  -  -  -  -  -  -  -  -  B  -  -  -  -  -
                     -  -  -  -  B  -  -  B  -  -  -  -  -  -  -  -  -  -  -
                     -  -  -  -  -  -  -  B  -  -  -  -  -  -  -  -  B  -  -
Black: 42            B  -  -  -  -  -  -  -  -  -  -  -  -  -  -  -  B  -  -
                     B  -  -  -  -  -  -  -  -  -  -  -  -  -  -  -  -  -  -
                     B  -  -  -  -  -  -  -  -  -  -  -  -  -  -  -  -  B  -
                     -  -  -  -  -  -  -  -  -  -  -  -  -  -  -  -  -  -  -
                     -  -  -  -  -  -  -  -  -  -  B  -  B  -  -  -  -  -  -
                     -  -  -  -  -  B  -  -  -  B  -  -  -  -  -  -  -  -  -
                     -  -  -  -  -  -  -  -  -  -  -  B  -  -  -  -  -  -  B





37 B >37 B >




                     -  -  -  -  -  -  -  -  -  -  -  -  -  B  -  B  -  W  W
    W
                     -  -  B  W  -  -  -  B  -  -  -  W  -  W
                     -  -  -  -  W  W  -  -  -  -  -  -  W  W  -  -  B  -  W
                        -  -  -  -  -  -  -  -  -  ks: 37            -  -  -  -  -  -  -  -  -  -  -  -  -  B  -  -  -  -  -
                     -  -  -  -  B  -  -  B  -  -  -  -  -  -  -  -  -  -  -
                     -  -  B  -  -  -  -  B  -  -  -  -  -  -  -  -  B  -  -
Black: 42            B  -  -  -  -  -  -  -  -  -  -  -  -  -  -  -  B  -  -
                     B  -  -  -  -  -  -  -  -  -  -  -  -  -  -  -  -  -  -
                     B  -  -  -  -  -  -  -  -  -  -  -  -  -  -  -  -  B  -
                     -  -  -  -  -  -  -  -  -  -  -  -  -  -  -  -  -  -  -
                     -  -  -  -  -  -  -  -  -  -  B  -  B  -  -  -  -  -  -
                     -  -  -  -  -  B  -  -  -  B  -  -  -  -  -  -  -  -  -
                     -  -  -  -  -  -  -  -  -  -  -  B  -  -  -  -  -  -  B





38 B >




                     -  -  -  -  -  -  -  -  -  -  -  -  -  B  -  B  -  W  W
                     -  -  -  -  W  -  -  B  -  W  -  -  -  B  -  -   W
                     -  -  -  -  -  -  -  -  -  B  B  W  W  W  -  -  -  B  B  -  -  B  -  -  B  -  -  B  -  -  -
Ticks: 38            -  -  -  -  -  -  -  -  -  -  -  -  -  B  -  -  -  -  -
                     -  -  -  -  B  -  -  B  -  -  -  -  -  -  -  -  -  -  -
                     -  -  B  -  -  -  -  B  -  -  -  -  -  -  -  -  B  -  -
Black: 50            B  -  -  -  -  -  -  -  -  -  -  -  -  -  -  -  B  -  -
                     B  -  -  -  -  -  -  -  -  -  -  -  -  -  -  -  -  -  -
                     B  -  -  -  -  -  -  -  -  -  -  -  -  -  -  -  -  B  -
                     -  -  -  -  -  -  -  -  -  -  -  -  -  -  -  -  -  -  -
                     -  -  -  -  -  -  -  -  -  -  B  -  B  -  -  -  -  -  -
                     -  -  -  -  -  B  -  -  -  B  -  -  -  -  -  -  -  -  -
                     -  -  -  -  -  -  -  -  -  -  -  B  -  -  -  -  -  -  B





39 B >




                     -  -  -  -  -  -  -  -  -  -  -  -  -  -  -  W  -  -  -  -  -  W
              -  -  -  W        -  -  -  -  W  W  -  -  -   B  -  -  B  -  -  B  -  -  B  -  -  -
Ticks: 39            -  -  -  -  -  -  -  -  -  -  -  -  -  B  -  -  -  -  -
                     -  -  -  -  B  -  -  B  -  -  -  -  -  -  -  -  -  -  -
                     -  -  B  -  -  -  -  B  -  -  -  -  -  -  -  -  B  -  -
Black: 76            B  -  -  -  -  -  -  -  -  -  -  -  -  -  -  -  B  -  -
                     B  -  -  -  -  -  -  -  -  -  -  -  -  -  -  -  -  -  -
                     B  -  -  -  -  -  -  -  -  -  -  -  -  -  -  -  -  B  -
                     -  -  -  -  -  -  -  -  -  -  -  -  -  -  -  -  -  -  -
                     -  -  -  -  -  -  -  -  -  -  B  -  B  -  -  -  -  -  -
                     -  -  -  -  -  B  -  -  -  B  -  -  -  -  -  -  -  -  -
                     -  -  -  -  -  -  -  -  B  -  -  B  -  -  -  -  -  -  B





40 B >




                     -  -  -  -  -  -  -  -  -  -  -  -  -  B  -  B  -  W  W
                     -  W
                     B  -  W  -  W  W
White: 40         W
                     -  -  -  - B  B  -  -  B  -  -  B  W  -  B  -  -  -
Ticks: 40            -  -  -  -  -  -  -  -  -  -  -  -  -  B  -  -  -  -  -
                     -  -  -  -  B  -  -  B  -  -  -  -  -  -  -  -  -  -  -
                     -  -  B  -  -  -  -  B  -  -  -  -  -  -  -  -  B  -  -
Black: 76            B  -  -  -  -  -  -  -  -  -  -  -  -  -  -  -  B  -  -
                     B  -  -  -  -  -  -  -  -  -  -  -  -  -  -  -  -  -  -
                     B  -  -  -  -  -  -  -  -  -  -  -  -  -  -  -  -  B  -
                     -  -  -  -  -  -  -  -  -  -  -  -  -  -  -  -  -  -  -
                     -  -  -  -  -  -  -  -  -  -  B  -  B  -  -  -  -  -  -
                     -  -  -  -  -  B  -  -  -  B  -  -  -  -  -  -  -  -  -
                     -  -  -  -  -  -  -  -  B  -  -  B  -  -  -  -  -  -  B





41 B >




                     -  -  -  -  -  -  -  -  -  -  -  -  -  B  -  B  -  W  W
                     -  -  -  -  W  -  W  -  -  -  -  -  W  -  -  -  -  -  W
                     -  -  -  W  W  W  W  W  -  -  B  -  W -  -  -  -  -  -  W  W  -  -  W   B  -  -  -  B  -  W  W  W  W  B  -  -  -  W
                     -  -  -  -  -  -  -  -  -  -  -  B  B  W  W  W  -  -  -
                     -  -  -  -  -  B  B  -  -  B  -  -  B  W  -  B  -  -  -
Ticks: 41            -  -  -  -  -  -  -  -  -  -  -  -  -  B  -  -  -  -  -
                     -  -  -  -  B  -  -  B  -  -  -  -  -  -  -  -  -  -  -
                     -  -  B  -  -  -  -  B  -  -  -  -  -  -  B  -  B  -  -
Black: 75            B  -  -  -  -  -  -  -  -  -  -  -  -  -  -  -  B  -  -
                     B  -  -  -  -  -  -  -  -  -  -  -  -  -  -  -  -  -  -
                     B  -  -  -  -  -  -  -  -  -  -  -  -  -  -  -  -  B  -
                     -  -  -  -  -  -  -  -  -  -  -  -  -  -  -  -  -  -  -
                     -  -  -  -  -  -  -  -  -  -  B  -  B  -  -  -  -  -  -
                     -  -  -  -  -  B  -  -  -  B  -  -  -  -  -  -  -  -  -
                     -  -  -  -  -  -  -  -  B  -  -  B  -  -  -  -  -  -  B





42 B >42 B >




                     -  -  -  -  -  -  -  -  -  -  -  -  -  B  -  B  -  WW  -  -  -  -  -  W  W  W  -  -           -  -  -  -  -  B  B  -  -   -  -
Ticks: 42            -  -  -  -  -  -  -  -  -  -  -  -  -  B  -  -  -  -  -
                     -  -  -  -  B  -  -  B  -  -  -  -  -  -  -  -  -  -  -  -  -  B  -  -  -  -  -  -  B  -  B  -  -
Black: 57            B  -  -  -  -  -  -  -  -  -  -  -  -  -  -  -  B  -  -
                     B  -  -  -  -  -  -  -  -  -  -  -  -  -  -  -  -  -  -
                     B  -  B  -  -  -  -  -  -  -  -  -  -  -  -  -  -  B  -
                     -  -  -  -  -  -  -  -  -  -  -  -  -  -  -  -  -  -  -
                     -  -  -  -  -  -  -  -  -  -  B  -  B  -  -  -  -  -  -
                     -  -  -  -  -  B  -  -  -  B  -  -  -  -  -  -  -  -  -
                     -  -  -  -  -  -  -  -  B  -  -  B  -  -  -  -  -  -  B





43 B >43 B >




              -  -  -  -  B  -  B  -  W  W
    W  -  -  -  -  W  W
              -  B  -  W
                     B B  W  -  B  -  -  -
Ticks: 43            -  -  -  -  -  -  -  -  -  -  -  -  -  B  -  -  -  -  -
                     -  -  -  -  B  -  -  B  -  -  -  -  -  -  -  -  -  -  -
                     -  -  B  -  -  -  -  B  -  -  -  -  -  -  B  -  B  -  -
Black: 58            B  -  -  -  -  -  -  -  -  -  -  -  -  -  -  -  B  -  -
                     B  -  -  -  -  -  -  -  -  -  -  -  -  -  -  -  -  -  -
                     B  -  B  -  -  -  -  -  -  -  -  -  -  -  -  -  -  B  -
                     -  -  -  -  -  -  -  -  -  -  -  -  -  -  -  -  -  -  -
                     -  -  -  -  -  -  -  -  -  -  B  -  B  -  -  -  -  -  -
                     -  -  -  -  -  B  -  -  -  B  -  -  -  -  -  -  -  -  -
                     -  -  -  -  -  B  -  -  B  -  -  B  -  -  -  -  -  -  B





44 B >




                     -  -  -  -  -  -  -  -  -  -  -  -  -  B  -  B  -  W  W
                       -  -  -  W  W  W  -  B  -  -  -  B  -  W  W  W  W  W  -  -  -
                  -  -  B  -  -  B  W  -  B  -  -  -
Ticks: 44            -  -  -  -  -  -  -  -  -  -  -  -  -  B  -  -  -  -  -
                     -  -  -  -  B  -  -  B  -  -  -  -  -  -  -  -  -  -  -
                     -  -  B  -  -  -  -  B  -  -  -  -  -  -  B  -  B  -  -
Black: 58            B  -  -  -  -  -  B  -  -  -  -  -  -  -  -  -  -  -  -  -  -  -  -  -  -
                     B  -  B  -  -  -  -  -  -  -  -  -  -  -  -  -  -  B  -
                     -  -  -  -  -  -  -  -  -  -  -  -  -  -  -  -  -  -  -
                     -  -  -  -  -  -  -  -  -  -  B  -  B  -  -  -  -  -  -
                     -  -  -  -  -  B  -  -  -  B  -  -  -  -  -  -  -  -  -
                     -  -  -  -  -  B  -  -  B  -  -  B  -  -  -  -  -  -  B





45 B >




                     -  -  -  -  -  -  -  -  -  -  -            -  -  -  W  W  W  W  W -  B  -  W  -  -  -  -  W  -  W
                     -  -   B  B  -  -  B  -  -  B  W  -  B  -  -  -
Ticks: 45            -  -  -  -  -  -  -  -  -  -  -  -  -  B  -  -  -  -  -
                     -  -  -  -  B  -  -  B  -  -  -  -  -  -  -  -  -  -  -
                     -  -  B  -  -  -  -  B  -  -  -  -  -  -  B  -  B  -  -
Black: 59            B  -  -  -  -  -  -  -  -  -  -  -  -  -  -  -  B  -  -
                     B  -  -  -  -  -  -  -  -  -  -  -  -  -  -  -  -  -  -
                     B  -  B  -  -  -  -  -  -  -  -  -  -  -  -  -  -  B  -
                     -  -  -  -  -  -  -  -  -  -  -  -  -  -  -  -  -  -  -
                     -  -  -  -  -  -  -  -  -  -  B  -  B  -  -  -  -  -  -
                     -  -  -  -  -  B  -  -  -  B  -  -  -  -  -  -  -  -  -
                     -  -  -  -  -  B  -  -  B  -  -  B  -  -  -  -  -  -  B





46 B >




                     -  -  -  -  -  -  -  -  -  -  -  -  -  B  -  B  -  W  W
                    -  -  W  -  W  W  -  -  -  -  B
                     -  -  -   B  -  -  B  -  -  B  W  -  B  -  -  -
Ticks: 46            -  -  -  -  -  -  -  -  -  -  -  -  -  B  -  -  -  -  -
                     -  -  -  -  B  -  -  B  -  -  -  -  -  -  -  -  -  -  -
                     -  -  B  -  -  -  -  B  -  -  -  -  -  -  B  -  B  -  -
Black: 67            B  -  -  -  -  -  -  -  -  -  -  -  -  -  -  -  B  -  -
                     B  -  -  -  -  -  -  -  -  -  -  -  -  -  -  -  -  -  -
             B  -  B  -  -  -  -  -  -  -  -  -  -  -  -  -  -  B  -
                     -  -  -  -  -  -  -  -  -  -  -  -  -  -  -  -  -  -  -
                     -  -  -  -  -  -  B  -  -  -  B  -  B  -  -  -  -  -  -
                     -  -  -  -  -  B  -  -  -  B  -  -  -  -  -  -  -  -  -
                     -  -  -  -  -  B  -  -  B  -  -  B  -  -  -  -  -  -  B





47 B >




                     -  -  -  -  -  -  -  -  B  -  -  -  -  B  -  B  -  W  W
                     -  -  -  -  W  -  W  -  W
                     -  -  - W  W  W  -  -  B  -  W  -  -  -  -  -  B  -  -  W
                              -  -  -  -  -  B  B  -  -  B  -  -  B  W  -  B  -  -  -
Ticks: 47            -  -  -  -  -  -  -  -  -  -  -  -  -  B  -  -  -  -  -
                     -  -  -  -  B  -  -  B  -  -  -  -  -  -  -  -  -  -  -
                     -  -  B  -  -  -  -  B  -  -  -  -  -  -  B  -  B  -  -
Black: 68            B  -  -  -  -  -  -  -  -  -  -  -  -  -  -  -  B  -  -
                     B  -  -  -  -  -  -  -  -  -  -  -  -  -  -  -  -  -  -
                     B  -  B  -  -  -  -  -  -  -  -  -  -  -  -  -  -  B  -
                     -  -  -  -  -  -  -  -  -  -  -  -  -  -  -  -  -  -  -
                     -  -  -  -  -  -  B  -  -  -  B  -  B  -  -  -  -  -  -
                     -  -  -  -  -  B  -  -  -  B  -  -  -  -  -  -  -  -  -
                     -  -  -  -  -  B  -  -  B  -  -  B  -  -  -  -  -  -  B





48 B >




                     -  -  -  -  -  -  -  -  B  -  -  -  -  B  -  B  -  W  W
                     -  -  -  -  W  -  W  -  -  -  -  -  W  -  -  -  -  -  W
           B  -  W  W  W  -  -  -  -  W  W  B  -  -  -  W
              B
                     -  -  -  -  -  B   -  B  -  -  B  W  B  B  -  -  -
Ticks: 48            -  -  -  -  -  -  -  -  -  -  -  -  -  B  -  -  -  -  -
                     -  -  -  -  B  -  -  B  -  -  -  -  -  -  -  -  -  -  -
                     -  -  B  -  -  -  -  B  -  -  -  -  -  -  B  -  B  -  -
Black: 69            B  -  -  -  -  -  -  -  -  -  -  -  -  -  -  -  B  -  -
                     B  -  -  -  -  -  -  -  -  -  -  -  -  -  -  -  -  -  -
                     B  -  B  -  -  -  -  -  -  -  -  -  -  -  -  -  -  B  -
                     -  -  -  -  -  -  -  -  -  -  -  -  -  -  -  -  -  -  -
                     -  -  -  -  -  -  B  -  -  -  B  -  B  -  -  -  -  -  -
                     -  -  -  -  -  B  -  -  -  B  -  -  -  -  -  -  -  -  -
                     -  -  -  -  -  B  -  -  B  -  -  B  -  -  -  -  -  -  B





49 B >




                     -  -  -  -  -  -  -  -  B  -  -   -  -  -  -  W  W
             -  -  B  -  W  -  -  W  B  - -  -  -  -  W  B  B  W  W  W  -   B  -  -  -
Ticks: 49            -  -  -  -  -  -  -  -  -  -  -  -  -  B  -  -  -  -  -
                     -  -  -  -  B  -  -  B  -  -  -  -  -  -  -  -  -  -  -
                     -  -  B  -  -  -  -  B  -  -  -  -  -  -  B  -  B  -  -
Black: 65            B  -  -  -  -  -  -  -  -  -  -  -  -  -  -  -  B  -  -
                     B  -  -  -  -  -  -  -  -  -  -  -  -  -  -  -  -  -  -
                     B  -  B  -  -  -  -  -  -  B  -  -  -  -  -  -  -  B  -
                     -  -  -  -  -  -  -  -  -  -  -  -  -  -  -  -  -  -  -
                     -  -  -  -  -  -  B  -  -  -  B  -  B  -  -  -  -  -  -
                     -  -  -  -  -  B  -  -  -  B  -  -  -  -  -  -  -  -  -
                     -  -  -  -  -  B  -  -  B  -  -  B  -  -  -  -  -  -  B





50 B >50 B >




                     -  -  -  -  -  -  -  -  B   -  -  -  -  W  -  W  -  -  -  -  -  -  -  W  W  W  -  W  W
White-  -  B  -  -  B  W  B  B  -  -  -
Ticks: 50            -  -  -  -  -  -  -  -  -  -  -  -  -  B  -  -  -  -  -
                     -  -  -  -  B  -  -  B  -  -  -  -  -  -  -  -  -  -  -
                     -  -  B  -  -  -  -  B  -  -  -  -  -  -  B  -  B  -  -
Black: 65            B  -  -  -  -  -  -  -  -  -  -  -  -  -  -  -  B  -  -
                     B  -  -  -  -  -  -  -  -  -  -  -  -  -  -  -  -  -  -
                     B  -  B  -  -  -  -  -  -  B  -  -  -  -  -  -  -  B  -
                     -  -  -  -  -  -  -  -  -  -  -  -  -  -  -  -  -  -  -
                     -  -  -  -  -  -  B  -  -  -  B  -  B  -  -  -  -  -  -
                     -  -  -  -  -  B  -  -  -  B  -  -  -  -  -  -  -  -  -
                     -  -  -  -  -  B  -  -  B  -  -  B  -  -  -  -  -  -  B





51 B >




                     -  -  -  -  -  -  -  -  B  -  -  -  -  B  -  B  -  W  W
          -  W  W  -  W  W  W  -  -   W  W  -  B  -  -  -  B  -  W  W -  -  -  B  B  -  -  B  -  -  B  W  B  B  -




                     -                   -  -  -  W  W W  W  W  -  -  B  -  W  -  -  -    W  B  -  -  -  W
                B  -  -  -
Ticks: 52            -  -  -  -  -  -  -  -  -  -  -  -  -  B  B  -  -  -  -
                     -  -  -  -  B  -  -  B  -  -  -  -  -  -  -  -  -  -  -
                     -  -  B  -  -  -  -  B  -  -  -  -  -  -  B  -  B  -  -
Black: 88            B  -  -  -  -  -  -  -  -  -  -  -  -  -  -  -  B  -  -
                     B  -  -  -  -  -  -  -  -  -  -  -  -  -  -  -  -  -  -
                     B  -  B  -  -  -  -  -  -  B  -  -  -  -  -  -  -  B  -
                     -  -  -  -  -  -  -  -  -  -  -  -  -  -  -  -  -  -  -
                     -  -  -  -  -  -  B  -  -  -  B  -  B  -  -  -  -  -  -
                     -  -  -  -  -  B  -  -  -  B  -  -  -  -  B  -  -  -  -
                     -  -  -  -  -  B  -  -  B  -  -  B  -  -  -  -  -  -  B





53 B >53 B >




                     -  -  -  -  -  -  -  -  B  -  -  -  -  B  -  B  -  W  W
                     -  -  -                    B  -  W  W  W    -  B  W  B  B  -  -  -
Ticks: 53            -  -  -  -  -  -  -  -  -  -  -  -  -  B  B  -  -  -  -
                     -  -  -  -  B  -  -  B  -  -  -  -  -  -  -  -  -  -  -
                     -  -  B  -  -  -  -  B  -  -  -  -  -  -  B  -  B  -  -
Black: 89            B  -  -  -  -  -  -  -  -  -  -  -  -  -  -  -  B  -  -
                     B  -  -  -  -  -  -  -  -  -  -  -  -  -  -  -  -  -  -
                     B  -  B  B  -  -  -  -  -  B  -  -  -  -  -  -  -  B  -
                     -  -  -  -  -  -  -  -  -  -  -  -  -  -  -  -  -  -  -
                     -  -  -  -  -  -  B  -  -  -  B  -  B  -  -  -  -  -  -
                     -  -  -  -  -  B  -  -  -  B  -  -  -  -  B  -  -  -  -
                     -  -  -  -  -  B  -  -  B  -  -  B  -  -  -  -  -  -  B





54 B >54 B >54 B >




                     -  -  -  -  -  -  -  -  B  -  -  -  -  B  -  B  -  W  W
                     -  -  -  -  W  -  W  -  -  -  -  -  W  -                -  -  -  W   W
                     -  -  B         B  -  W  W  W  -  -  -  -  -  -  W  W  W  -  W  W
White: 54W
                     -  -  W  W -  -  -  B  B  -  -  B  -  -  B  W  B  B  -  -  -
Ticks: 54            -  -  -  -  -  -  -  -  -  -  -  -  -  B  B  -  -  -  -
                     -  -  -  -  B  -  -  B  -  -  -  -  -  -  -  -  -  -  -
                     -  -  B  -  -  -  -  B  -  -  -  -  -  -  B  -  B  -  -
Black: 105           B  -  -  -  -  -  -  -  -  -  -  -  -  -  -  -  B  -  -
                     B  -  -  -  -  -  -  -  -  -  -  -  -  -  -  -  -  -  -
                     B  -  B  B  -  -  -  -  B  B  -  -  -  -  -  -  -  B  -
                     -  -  -  -  -  -  -  -  -  -  -  -  -  -  -  -  -  -  -
                     -  -  -  -  -  -  B  -  -  -  B  -  B  -  -  -  -  -  -
                     -  -  -  -  -  B  -  -  -  B  -  -  -  -  B  -  -  -  -
                     -  -  -  -  -  B  -  -  B  -  -  B  -  -  -  -  -  -  B





55 B >




                     -  -  -  -  -  -  -  -  B  -  -  -  -  B  -  B  -  W  W
                     B  -  -  -  W  -  W  -  -  -  -  -  W  -  -  -  -  -  W
                     -  -  -  W  W  W  W  W  -  -  B  -  W B  -  W  W  W  -  -  -  -  -  -B  B  -  -  -
Ticks: 55            -  -  -  -  -  -  -  -  -  -  -  -  -  B  B  -  -  -  -
                     -  -  -  -  B  -  -  B  -  -  -  -  -  -  -  -  -  -  -
                     -  -  B  -  -  -  -  B  -  -  -  -  -  -  B  -  B  -  -
Black: 106           B  -  -  -  -  -  -  -  -  -  -  -  -  -  -  -  B  -  -
                     B  -  -  -  -  -  -  -  -  -  -  -  -  -  -  -  -  -  -
                     B  -  B  B  -  -  -  -  B  B  -  -  -  -  -  -  -  B  -
                     -  -  -  -  -  -  -  -  -  -  -  -  -  -  -  -  -  -  -
                     -  -  -  -  -  -  B  -  -  -  B  -  B  -  -  -  -  -  -
                     -  -  -  -  -  B  -  -  -  B  -  -  -  -  B  -  -  -  -
                     -  -  -  -  -  B  -  -  B  -  -  B  -  -  -  -  -  -  B





56 B >




                     -  -  -  -  -  -  -  -  B  -  -  -  -  B  -  B  -  W  W
    -  W
                     -  W  W  W  W  -  -  -  -  -  -  -  -  -  -  W  W  B  B  W  W  W  -  -  B                     -  -  -  -  - B  B  -  -  -
Ticks: 56            -  -  -  -  -  -  -  -  -  -  -  -  -  B  B  -  -  -  -
                     -  -  -  -  B  -  -  B  -  -  -  -  -  -  -  -  -  -  -
                     -  -  B  -  -  -  -  B  -  -  -  -  -  -  B  -  B  -  -
Black: 125           B  -  -  -  -  -  -  -  -  -  -  -  -  -  -  -  B  -  -
                     B  -  -  -  -  -  -  -  -  -  -  -  -  -  -  -  -    -  -  B  -
                     -  -  -  -  -  -  -  -  -  -  -  -  -  -  -  -  -  -  -
                     -  -  -  -  -  -  B  -  -  -  B  -  B  -  -  -  -  -  -
                     -  -  -  -  -  B  -  -  -  B  -  -  -  -  B  -  -  -  -
                     -  -  -  -  -  B  -  -  B  -  -  B  -  -  -  -  -  -  B





57 B >57 B >




              B  -  -  -  W  -  W  -  -  -  -        -  W  W  -  W  W  W  -  -  -  -  -  -  -  W  W  W  -  B  B  -  -  B  -  -  B  W  B  B  -  -  -
Ticks: 57            -  -  -  -  -  -  -  -  -  -  -  -  -  B  B  -  -  -  -
                     -  -  -  -  B  -  -  B  -  -  -  -  -  -  -  -  -  -  -
                     -  -  B  -  -  -  -  B  -  -  -  -  -  -  B  -  B  -  -
Black: 127           B  -  -  -  -  -  -  -  -  -  -  -  -  -  -  -  B  -  -
                     B  -  -  -  -  -  -  -  -  -  -  -  -  -  -  -  -  -  -
                     B  -  B  B  -  B  -  -  B  B  -  -  -  -  -  -  -  B  -
                     -  -  -  -  -  -  -  -  -  -  -  -  -  -  -  -  -  -  -
                     -  -  -  -  -  -  B  -  -  -  B  -  B  -  -  -  -  -  B
                     -  -  -  -  -  B  -  -  -  B  -  -  -  -  B  -  -  -  -
                     -  -  -  -  -  B  -  -  B  -  -  B  -  -  -  -  -  -  B





58 B >58 B >




                     -  -  -  -  -  -  -  -  B  -  -  -  -  B  -  B  -  W  W
                     B  -  -  -  W      -  W  W  -  W  W  W  -  -  - 




                     -  -  -  -  -  -  -  -  B  -  -  -  -  B  -  B  W  W  W
             W  W  W  W  W  -  -  B  -  W  -W  W  W  B  -  -  -  W
            W  B  B  -  -  -
Ticks: 59            -  -  -  -  -  -  -  -  -  -  -  -  -  B  B  -  -  -  -
                     -  -  -  -  B  -  -  B  -  -  -  -  -  -  -  -  -  -  -
                     -  -  B  -  -  -  -  B  -  -  -  -  -  -  B  -  B  -  -
Black: 99            B  -  -  -  -  -  -  -  -  -  -  -  -  -  -  -  B  -  -
                     B  -  -  -  -  -  -  -  -  -  -  -  -  -  -  -  -  -  -
                     B  -  B  B  -  B  -  -  B  B  -  -  -  -  -  -  -  B  -
                     -  -  -  -  -  -  -  -  -  -  -  -  -  -  -  -  -  -  -
                     -  -  -  -  -  -  B  -  -  -  B  B  B  -  -  -  -  -  B
                     -  -  -  -  -  B  -  -  -  B  -  -  -  -  B  -  -  -  -
                     -  -  -  -  -  B  -  -  B  -  -  B  -  -  -  -  -  -  B





60 B >




                     -  -  -  -  -  -  -  -  B                   -  -  W  W  W  WW  -  B  W  -  -  B  -  W  W  W   B  -  -  B  -  -  B  W  B  B  -  -  -
Ticks: 60            -  -  -  -  -  -  -  -  -  -  -  -  -  B  B  -  -  -  -
                     -  -  -  -  B  -  -  B  -  -  -  -  -  -  -  -  -  -  -
                     -  -  B  -  -  -  -  B  -  -  -  -  -  -  B  -  B  -  -
Black: 100           B  -  -  -  -  -  -  -  -  -  -  -  -  -  -  -  B  -  -
                     B  -  -  -  -  -  -  -  -  -  -  -  -  -  -  -  -  -  -
                     B  -  B  B  -  B  -  -  B  B  -  -  -  -  -  -  -  B  -
                     -  -  -  -  -  -  -  -  -  -  -  -  -  -  -  -  -  -  -
                     -  -  -  -  -  -  B  -  -  -  B  B  B  -  -  -  -  -  B
                     -  -  -  -  -  B  -  -  -  B  -  -  -  -  B  -  -  -  -
                     -  -  -  -  -  B  -  -  B  -  -  B  -  -  -  -  -  -  B





61 B >




                     -  -  -  -  -  -  -  -  B  -  -      -  -  W  W  W  W  W  W  -  -  W
White: 61            W  W  W  -B  W  -  -  B  -  W  W  W  W  B B  W  B  B  -  -  -
Ticks: 61            -  -  -  -  -  -  -  -  -  -  -  -  -  B  B  -  -  -  -
                     -  -  -  -  B  -  -  B  -  -  -  -  -  -  -  -  -  -  -
                     -  -  B  -  -  -  -  B  -  -  -  -  -  -  B  -  B  -  -
Black: 106           B  -  -  -  -  -  -  -  B  -  -  -  -  -  -  -  B  -  -
                     B  -  -  -  -  -  -  -  -  -  -  -  -  -  -  -  -  -  -
                     B  -  B  B  -  B  -  -  B  B  -  -  -  -  -  -  -  B  -
                     -  -  -  -  -  -  -  -  -  -  -  -  -  -  -  -  -  -  -
                     -  -  -  -  -  -  B  -  -  -  B  B  B  -  -  -  -  -  B
                     -  -  -  -  -  B  -  -  -  B  -  -  -  -  B  -  -  -  -
                     -  -  -  -  -  B  -  -  B  -  -  B  -  -  -  -  -  -  B





62 B >




                      W  W  W  W  W  -  -  B  -   W  W  W  W  -  -  B  -  W
    B  -  W  W  W  W  B  -  -  -  W
   B  -  -  B  W  B  B  -  -  -
Ticks: 62            -  -  -  -  -  -  -  -  -  -  -  -  -  B  B  -  -  -  -
                     -  -  -  -  B  -  B  B  -  -  -  -  -  -  -  -  -  -  -
                     -  -  B  -  -  -  -  B  -  -  -  -  -  -  B  -  B  -  -
Black: 113           B  -  -  -  -  -  -  -  B  -  -  -  -  -  -  -  B  -  -
                     B  -  -  -  -  -  -  -  -  -  -  -  -  -  -  -  -  -  -
                     B  -  B  B  -  B  -  -  B  B  -  -  -  -  -  -  -  B  -
                     -  -  -  -  -  -  -  -  -  -  -  -  -  -  -  -  -  -  -
                     -  -  -  -  -  -  B  -  -  -  B  B  B  -  -  -  -  -  B
                     -  -  -  -  -  B  -  -  -  B  -  -  -  -  B  -  -  -  -
                     -  -  -  -  -  B  -  -  B  -  -  B  -  -  -  -  -  -  B





63 B >




                     -  -  -  -  -  -  -  -  B   -  -  -  W
                      W  W  W  W  W  W  -  -  B  -  W -  -  W  W
                     -  -  B  -  W  -  -  W  B  -  W  -  W  -  -  B  -  -  W
              W  W  W  -  B  W  -  -  -  -  -
Ticks: 63            -  -  -  -  -  -  -  -  -  -  -  -  -  B  B  -  -  -  -
                     -  -  -  -  B  -  B  B  -  -  -  -  -  -  -  -  -  -  -
                     -  -  B  -  -  -  -  B  -  -  -  -  -  -  B  -  B  -  -
Black: 115           B  -  -  -  -  -  -  -  B  -  -  -  -  -  -  -  B  -  -
                     B  -  -  -  -  -  -  -  -  -  -  -  -  -  -  -  -  -  -
                     B  -  B  B  -  B  -  -  B  B  -  -  -  -  -  -  -  B  -
                     -  -  -  -  -  -  -  -  -  -  -  -  -  -  -  -  -  -  -
                     -  -  -  -  -  -  B  -  -  -  B  B  B  -  -  -  -  -  B
                     -  -  -  -  -  B  -  -  -  B  -  -  -  -  B  -  -  -  -
                     -  -  -  -  -  B  -  -  B  -  -  B  -  -  -  -  -  -  B





64 B >64 B >64 B >




                     -  -  -  -  -  -  -  -  B  -  -  -  B  B  -  B  W  W  W
                     B  -  -  B  -  -  W  -  -  -  -  -          W  W  W  -  B  W  -  -  B  -  W  W  W  W  B  -  -  -  W
                     W  -  W  W  W  W  W  -  -  W  W  B  B  W  W  W  W  -  B
                     -  -  -  W  -  B  B  -  -  B  -  -  B  W  B  B  -  -  -
Ticks: 64            -  -  -  -  -  -  -  -  -  -  -  -  -  B  B  -  -  -  -
                     -  -  -  -  B  -  B  B  -  -  -  -  -  -  -  -  -  - 




                     -  -  -  -  -  -  -  -  B  -  -  -  B  B -  B  -  W  -  -  W  B  -  W  - W  W  B  B  W  W  W  W  -  B
     -  B  W  B  B  -  -  -
Ticks: 65            -  -  -  -  -  -  -  -  -  -  -  -  -  B  B  -  -  -  -
                     -  -  -  -  B  -  B  B  -  -  -  -  -  -  -  -  -  -  -
                     -  -  B  -  -  -  -  B  -  -  -  -  -  -  B  -  B  -  -
Black: 99            B  -  -  -  -  -  -  -  B  -  -  -  -  -  -  -  B  -  -
                     B  -  -  -  -  -  -  -  -  -  -  -  -  -  -  -  -  -  -
                     B  -  B  B  -  B  -  -  B  B  -  -  -  -  -  -  -  B  -
                     -  -  -  -  -  -  -  -  -  -  -  -  -  -  -  -  -  -  -
                     -  -  -  -  -  -  B  -  B  -  B  B  B  -  -  -  -  -  B
                     -  -  -  -  -  B  -  -  -  B  -  -  -  -  B  -  -  -  -
                     -  -  -  -  -  B  -  -  B  -  -  B  -  -  -  -  -  -  B





66 B >




                     -  -  -  -  -  -  -  -  B -  W  -  W  -  -  B  -  -  W
      W  W  W  W  -  -  W  W  B  B  WW  W  W  -  B
                     - -  -  -  -  -  -  B  -  -  -  B W  -  -  B  -  W
              W
                     W  -  W  WB  -  -  B  W  B  B  -  -  -
Ticks: 67            -  -  -  -  -  -  -  -  -  -  -  -  -  B  B  -  -  -  -
                     -  -  -  -  B  -  B  B  -  -  -  -  -  -  -  -  -  -  -
                     -  -  B  -  -  -  -  B  -  -  -  -  -  -  B  -  B  -  -
Black: 106           B  -  -  -  -  -  -  -  B  -  -  -  -  -  -  -  B  -  -
                     B  B  -  -  -  -  -  -  -  -  -  -  -  -  -  -  -  -  -
                     B  -  B  B  -  B  -  -  B  B  -  -  -  -  -  -  -  B  -
                     -  -  -  -  -  -  -  -  -  -  -  -  -  -  -  -  -  -  -
                     -  -  -  -  -  -  B  -  B  -  B  B  B  -  -  -  -  -  B
                     -  -  -  -  -  B  -  -  -  B  -  -  -  B  B  -  -  -  -
                     -  -  -  -  -  B  -  -  B  -  -  B  -  -  -  -  -  -  B





68 B >




                          B  -  W  -  W  -  W  -  -  
                     B  -  -  W  -  -  -  -  -  -  W  W  W  W
White: 68            W  W  W  -  B  W  -  -  B  -  W  W  W  W  B  -  W  -  W
                    -  -  -
Ticks: 68            -  -  -  -  -  -  -  -  -  -  -  -  -  B  B  -  -  -  -
                     -  -  -  -  B  -  B  B  -  -  -  -  -  -  -  -  -  -  -
                     -  -  B  -  -  -  -  B  -  -  -  -  -  -  B  -  B  -  -
Black: 106           B  -  -  -  -  -  -  -  B  -  -  -  -  -  -  -  B  -  -
                     B  B  -  -  -  -  -  -  -  -  -  -  -  -  -  -  -  -  -
                     B  -  B  B  -  B  -  -  B  B  -  -  -  -  -  -  -  B  -
                     -  -  -  -  -  -  -  -  -  -  -  -  -  -  -  -  -  -  -
                     -  -  -  -  -  -  B  -  B  -  B  B  B  -  -  -  -  -  B
                     -  -  -  -  -  B  -  -  -  B  -  -  -  B  B  -  -  -  -
                     -  -  -  -  -  B  -  -  B  -  -  B  -  -  -  -  -  -  B





69 B >




                     W  -  W  -  W  -  -  B  -  W  W  -  W  W
                     -  -  W  B  -  W  -  W  -  -  B                 -  W  W  -  W  W-  W  W  W  -  W  -  -  -  -  -  --  B  W  -  B  W  B  B  -  -  -
Ticks: 69            -  -  -  -  -  -  -  -  -  -  -  -  -  B  B  -  -  -  -
                     -  -  -  -  B  -  B  B  -  -  -  -  -  -  -  -  -  -  -
                     -  -  B  -  -  -  -  B  -  -  -  -  -  -  B  -  B  -  -
Black: 113           B  -  -  -  -  -  -  -  B  -  B  -  -  -  -  -  B  -  -
                     B  B  -  -  -  -  -  -  -  -  -  -  -  -  -  -  -  -  -
                     B  -  B  B  -  B  -  -  B  B  -  -  -  -  -  -  -  B  -
                     -  -  -  -  -  -  -  -  -  -  -  -  -  -  -  -  -  -  -
                     -  -  -  -  -  -  B  -  B  -  B  B  B  -  -  -  -  -  B
                     -  -  -  -  -  B  -  -  -  B  -  -  -  B  B  -  -  -  -
                     -  -  -  -  -  B  -  -  B  -  -  B  -  -  -  -  -  -  B





70 B >




                     B  -  W  -  W  -  W  -  -  B  -   W  -  -  -  -  -  W
              -  W  W  W  W  W  W  W  -  B  --  -  -  W  W
             W  -  W  W
White: 70                        -  -  -  -  B  -  B  B  -   -  -
                     -  -  B  -  -  -  -  B  -  -  -  -  -  -  B  -  B  -  -
Black: 111           B  -  -  -  -  -  -  -  B  -  B  -  -  -  -  -  B  -  -
                     B  B  -  -  -  -  -  -  -  -  -  -  -  -  -  -  -  -  -
                     B  -  B  B  -  B  -  -  B  B  -  -  -  -  -  -  -  B  -
                     -  -  -  -  -  -  -  -  -  -  -  -  -  -  -  -  -  -  -
                     -  -  -  -  -  -  B  -  B  -  B  B  B  -  -  -  -  -  B
                     -  -  -  -  -  B  -  -  -  B  -  -  -  B  B  -  -  -  -
                     -  -  -  -  -  B  -  -  B  -  -  B  -  -  -  -  -  -  B





71 B >




                     -  -  -  -  -  -  -  -  B  B  - W  W  -  B  B  W  W  W  W  -  -   W  -  W  -  -  -  -  -  -                -  -  -  W  -  B  B B  B  -  -  -
Ticks: 71            - -  -  -  -  -  -  -  -  B  B  -   W  W  W  -  -  B  -  W
          B  -  W  -  W
                  W  -  B  W  B  B  -  -  -
Ticks: 72            -  -  -  -  -  -  -  -  -  -  -  -  -  B  B  -  -  -  -
                     -  -  -  -  B  -  B  B  -  -  -  -  -  -  -  -  -  -  -
                     -  -  B  -  B  -  -  B  -  -  -  -  -  -  B  -  B  -  -
Black: 115           B  -  -  -  -  -  -  -  B  -  B  -  -  -  -  -  B  -  -
                     B  B  -  -  -  -  -  -  -  -  -  -  -  -  -  -  -  -  -
                     B  B  B  B  -  B  -  -  B  B  -  -  -  -  -  -  -  B  -
                     -  -  -  -  -  -  -  -  -  -  -  -  -  -  -  -  -  -  -
                     -  -  -  -  -  -  B  -  B  -  B  B  B  -  -  -  -  -  B
                     -  -  -  -  -  B  -  -  -  B  -  -  -  B  B  -  -  -  -
                     -  -  -  -  -  B  -  -  B  -  -  B  -  -  -  -  -  -  B





73 B >




                     -  -  -  -  -  -  -  -  B            B  -  W  -  W  -  W  -   -  -  W  B  -  W  -  W  -  -  B -  B  -  W
                     B  -  W  W  W  -  W  -  -  -  -  -ks: 73            -  -  -  -  -  -  -  -  -  -  -  -  -  B  B  -  -  -  -
                     -  -  -  -  B  -  B  B  -  -  -  -  -  -  -  -  -  -  -
                     -  -  B  -  B  -  -  B  -  -  -  -  -  -  B  -  B  -  -
Black: 118           B  -  -  -  -  -  -  -  B  -  B  -  -  -  -  -  B  -  -
                     B  B  -  -  -  -  -  -  -  -  -  -  -  -  -  B  -  -  -
                     B  B  B  B  -  B  -  -  B  B  -  -  -  -  -  -  -  B  -
                     -  -  -  -  -  -  -  -  -  -  -  -  -  -  -  -  -  -  -
                     -  -  -  -  -  -  B  -  B  -  B  B  B  -  -  -  -  -  B
                     -  -  -  -  -  B  -  -  -  B  -  -  -  B  B  -  -  -  -
                     -  -  -  -  -  B  -  -  B  -  -  B  -  -  -  -  -  -  B





74 B >




                    W  -  -  -  -  -  W
              -  W
                     -  W  W
White: 74            W  W  W  - B  W  B  B  -  -  -
Ticks: 74            -  -  -  -  -  -  -  -  -  -  -  -  -  B  B  -  -  -  -
                     -  -  -  -  B  -  B  B  -  -  -  -  -  -  -  -  -  -  -
                     -  -  B  -  B  -  -  B  -  -  -  -  -  -  B  -  B  -  -
Black: 117           B  -  -  -  -  -  -  -  B  -  B  -  -  -  -  -  B  -  -
                     B  B  -  -  -  -  -  -  -  -  -  -  -  -  -  B  -  -  -
                     B  B  B  B  -  B  -  -  B  B  -  -  -  -  -  -  -  B  -
                     -  -  -  -  -  -  -  -  -  -  -  -  -  -  -  -  -  -  -
                     -  -  -  -  -  -  B  -  B  -  B  B  B  -  -  -  -  -  B
                     -  -  -  -  -  B  -  -  -  B  -  -  -  B  B  -  -  -  -
                     -  -  -  -  -  B  -  -  B  -  -  B  -  -  -  -  -  -  B





75 B >




               W  W  W  W  W  W  -  B  -  W  B-  -  W  W  W
                             W  -  W  W  W  W  W  W 




                     -  -  -  W  -  W  -  W  -  -  B  -  W  W  -  -  W
                   -  W
                     -  W  W  B  W  -  B  W  B  B  -  -  -
Ticks: 76            -  -  -  W  -  -  -  -  W  -  -  -  -  B  B  -  -  -  -
                     -  -  -  -  B  -  B  B  -  -  -  -  -  -  -  -  -  




                     -  -  -  B  -  -  -  -  B  B  -  -W  W  W  -  -  B  -  W
          W  B  W  -  B  W  B  B  -  -  -
Ticks: 77            -  -  -  W  -  -  -  -  W  -  -  -  -  B  B  -  -  -  -
                     -  B  -  W  B  -  B  B  -  -  -  -  -  -  -  -  -  -  -
                     -  -  B  -  B  -  -  B  -  -  -  -  -  -  B  -  B  -  -
Black: 105           B  -  -  -  -  -  -  -  B  -  B  -  B  -  -  -  B  -  -
                     B  B  -  -  -  -  -  -  -  -  -  -  -  -  -  B  -  -  -
                     B  B  B  B  -  B  -  -  B  B  -  -  -  -  -  -  -  B  -
                     -  -  -  -  -  -  -  -  -  -  -  -  -  -  -  -  -  -  -
                     -  -  -  -  -  -  B  -  B  -  B  B  B  -  -  -  -  -  B
                     -  -  -  B  -  B  -  -  -  B  -  -  -  B  B  -  -  -  -
                     -  -  -  -  -  B  -  -  B  -  -  B  -  -  -  -  -  -  B





78 B >




                     -  -  -  B  -  -  -  -  B  B  -   -  -  -  -  -  W
                          W  W  W  -  B  W  -  W  W  -  B  W  B  B  -  -  -
Ticks: 78            B  -  -  W  -  -  -  -  W  -  -  -  -  B  B  -  -  -  -
                     -  B  -  W  B  -  B  B  -  -  -  -  -  -  -  -  -  -  -
                     -  -  B  -  B  -  -  B  -  -  -  -  -  -  B  -  B  -  -
Black: 110           B  -  -  -  -  -  -  -  B  -  B  -  B  -  -  -  B  -  -
                     B  B  -  -  -  -  -  -  -  -  -  -  -  -  -  B  -  -  -
                     B  B  B  B  -  B  -  -  B  B  -  -  -  -  -  -  -  B  -
                     -  -  -  -  -  -  -  -  -  -  -  -  -  -  -  -  -  -  -
                     -  -  -  -  -  -  B  -  B  -  B  B  B  -  -  -  -  -  B
                     -  -  -  B  -  B  -  -  -  B  -  -  -  B  B  -  -  -  -
                     -  -  -  -  -  B  -  -  B  -  -  B  -  -  -  -  -  -  B





79 B >




                     -  -  -  B  -  -  -  -  B  B  - -  -  B  -  W  -  -  W  B  W  W   -  W  W  B  B  W  W  W  W  -  B  W  B  W  B  B  -  -  -
Ticks: 79            B  -  -  W  -  -  -  -  W  -  -  -  -  B  B  -  -  -  -
                     -  B  -  W  B  -  B  B  -  -  -  -  -  -  -  -  -  -  -
                     -  -  B  -  B  -  -  B  -  -  -  -  -  -  B  -  B  -  -
Black: 110           B  -  -  -  -  -  -  -  B  -  B  -  B  -  -  -  B  -  -
                     B  B  -  -  -  -  -  -  -  -  -  -  -  -  -  B  -  -  -
                     B  B  B  B  -  B  -  -  B  B  -  -  -  -  -  -  -  B  -
                     -  -  -  -  -  -  -  -  -  -  -  -  -  -  -  -  -  -  -
                     -  -  -  -  -  -  B  -  B  -  B  B  B  -  -  -  -  -  B
                     -  -  -  B  -  B  -  -  -  B  -  -  -  B  B  -  -  -  -
                     -  -  -  -  -  B  -  -  B  -  -  B  -  -  -  -  -  -  B





80 B >80 B >80 B >80 B >




                    -  -  -  B  -  W  W  -  B  B  W  W  W  W  -  W  W  W  -  W  W
White: 80                  -  -  -  W  -  B  B  W  W B  -  -  -
Ticks: 80            B  -  -  W  -  -  -  -  W  -  -  -  -  B  B  -  -  -  -
                     -  B  -  W  B  -  B  B  -  -  -  -  -  -  -  -  -  -  -
                     -  -  B  -  B  -  -  B  -  -  -  -  -  -  B  -  B  -  -
Black: 120           B  -   -  -  -  -  B  -  B  -  B  -  -  -  B  -  -
                     B  B  -  -  -  -  -  -  -  -  -  -  -  -  -  B  -  -  -
                     B  B  B  B  -  B  -  -  B  B  -  -  -  -  -  -  -  B  -
                     -  -  -  -  -  -  -  -  -  -  -  -  -  -  -  -  -  -  -
                     -  -  -  -  -  -  B  -  B  -  B  B  B  -  -  -  -  B  B
                     -  -  -  B  -  B  -  -  -  B  -  -  -  B  B  -  -  -  -
                     -  -  -  -  -  B  -  -  B  -  -  B  -  -  -  -  -  -  B





81 B >




                     -  -  -  B  -  -  -  -  B  B  -  -  B  B  -            -  W  W  -  W  W -  -  W  W  W  -  W  W
White: 81            W  W  W  -  B  W  -  W  B  -  W  W  W  W  B  -  W  -                 -  -  -  W  -  B  B   B  W  W  W
                   W  W  W  W  -  -  B  -  W
                     B  -  W  W  W  -  Ws: 82            B  -  -  W  -  -  -  -  W  -  -  -  -  B  B  -  -  -  -
                     -  B  -  W  B  -  B  B  -  -  -  -  -  -  -  -  -  -  -
                     -  -  B  -  B  -  -  B  -  -  -  -  -  -  B  -  B  -  -
Black: 130           B  -  -  -  -  -  -  -  B  -  B  -  B  -  -  -  B  -  -
                     B  B  -  -  -  -  -  -  -  -  -  -  -  -  -  B  -  -  -
                     B  B  B  B  -  B  -  -  B  B  -  B  -  -  -  -  -  B  -
                     -  -  -  -  -  -  -  -  -  -  -  -  B  -  -  -  -  -  -
                     -  -  -  -  -  -  B  -  B  -  B  B  B  -  -  -  -  B  B
                     -  -  -  B  -  B  -  -  -  B  -  -  -  B  B  -  -  -  -
                     -  -  -  -  -  B  -  -  B  -  -  B  -  -  -  -  -  -  B





83 B >




                             -  -  W  W  W  W  W   -  W  W  -  W  W  W  -  B  B  W  W  -  B  W  -  W  B  -  W  W  W




                     -  -  -         -  W  B  -  W  -  -  W  BW  W  -  W  -  -  B  W  -  W
       W  B
                     -  -  -  W  -  B  B  W  W  B  W  W  B  W  B  B  -  -  -
Ticks: 84            B  -  -  W  -  -  -  -  W  -  -  W  -  B  B  -  -  -  -
                     -  B  -  W  B  -  B  B  -  -  -  -  -  -  -  -  -  -  -
                     -  -  B  -  B  -  -  B  -  B  -  -  -  -  B  -  B  -  -
Black: 136           B  -  -  -  -  -  -  -  B  -  B  -  B  -  -  -  B  -  -
                     B  B  -  -  -  -  -  -  -  -  -  -  -  -  -  B  -  -  -
                     B  B  B  B  -  B  -  -  B  B  -  B  -  -  -  -  -  B  -
                     -  -  -  -  -  -  -  -  -  -  -  -  B  B  -  -  -  -  -
                     -  -  -  -  -  -  B  -  B  -  B  B  B  -  -  -  -  B  B
                     -  -  -  B  -  B  -  -  -  B  -  -  -  B  B  -  -  -  -
                     -  -  -  -  -  B  -  -  B  -  -  B  -  -  -  -  -  -  B





85 B >

             B  W  W  -  W  B  W    -  W  B  -  W  -  -  W  B  W  WW  W  W  -  W  -  -  -  -  B  W  W  B  W  W  -  W  B  B  -  -  -
Ticks: 85            B  -  -  W  -  -  -  -  W  -  -  W  W  B  B  -  -  -  -
                     -  B  -  W  B  -  B  B  -  -  -  -  -  -  -  -  -  -  -
                     -  -  B  -  B  -  -  B  -  B  -  -  -  -  B  -  B  -  -
Black: 132           B  -  -  -  -  -  -  -  B  -  B  -  B  -  -  -  B  -  -
                     B  B  -  -  B  -  -  -  -  -  -  -  -  -  -  B  -  -  -
                     B  B  B  B  -  B  -  -  B  B  -  B  -  -  -  -  -  B  -
                     -  -  -  -  -  -  -  -  -  -  -  -  B  B  -  -  -  -  -
                     -  -  -  -  -  -  B  -  B  -  B  B  B  -  -  -  -  B  B
                     -  -  -  B  -  B  -  -  -  B  -  -  -  B  B  -  -  -  -
                     -  -  -  -  -  B  -  -  B  -  -  B  -  -  -  -  -  -  B





86 B >86 B >




                -  -  W  W  W  W  W  W  W  -   -  W  B  -  W  W  W  W
         W
                     W  -  W  W  -  B  -  -  -  -  B  B  -  -  B   -  W
                     -  -  W  W  W  W  W  -  B  -  W  B  -   W  W  -  B  B  W  W  W  W  W  W  -  W  B  B  -  -  -
Ticks: 87            B  -  -  W  -  -  -  -  W  W  -  W  W  B  B  -  -  -  -
                     -  B  -  W  B  -  B  B  -  -  -  W  -  -  -  -  -  -  -
                     -  -  B  -  B  -  -  B  -  B  -  -  -  -  B  -  B  -  -
Black: 140           B  -  -  -  -  -  -  -  B  -  B  -  B  -  -  -  B  -  -
                     B  B  -  -  B  -  -  -  -  -  -  -  B  -  -  B  -  -  -
                     B  B  B  B  -  B  -  -  B  B  -  B  -  -  -  -  -  B  -
                     -  -  -  -  -  -  -  -  -  -  -  -  B  B  -  -  -  -  -
                     -  -  -  -  -  -  B  -  B  -  B  B  B  -  -  -  -  B  B
                     -  -  -  B  -  B  -  -  -  B  -  -  -  B  B  -  -  -  -
                     -  -  -  -  -  B  -  -  B  -  B  B  -  -  -  -  -  -  B





88 B >88 B >88 B >




        -  W  B  W  -  -  B  -  W  W  -   -  -  -  W
              2            W  W  W  -  B  W  - 




                     -  -  -                 -  -  W  W  W  W                      -  W  W  -  B  B  W  W  -  W  W  -  W  B  B  -  -  -
Ticks: 89            B  -  -  W  W  -  -  -  W  W  -  W  W  B  B  -  -  -  -
                     -  B  W  W  B  -  B  B  -  -  -  W  -  -  -  -  -  -  -
                     -  -  B  -  B  -  -  B  -  B  -  -  -  -  B  -  B  -  -
Black: 145           B  -  -  -  -  -  -  -  B  -  B  -  B  -  -  -  B  -  -
                     B  B  -  -  B  -  -  -  -  -  -  -  B  -  -  B  -  -  -
                     B  B  B  B  -  B  -  -  B  B  -  B  -  -  -  -  -  B  -
                     -  -  -  -  -  -  -  -  -  -  -  -  B  B  -  -  -  -  -
                     -  -  -  -  -  -  B  -  B  -  B  B  B  -  -  -  -  B  B
      -  -  B  -  B  B  -  -  -  -  -  -  B





90 B >90 B >




              -  -  -  B  B  -  -  B  B  -  B   W  W
                      B  W  -  -  B  -  W  W  -  -  -  -  -  W
                     -  -  W  W  W  W  W  W  W  -  B  -  B  -  W
                     B  -  W  W  W  -  W  -  -  -  -  -  -  W  W  W  -  W  W
White: 94            W  W  W  -  B  W  -  W  B  -  W  W  W  W  B  -  W  -  W
                     W  -  W  W  W  W  W  W  -  W  W  -  -  W  W  W  W  W  B
                     -  B  -  W  -  B  B  W  W  -  W  W  -  W  B  B  -  -  -
Ticks: 90            B  B  -  W  W  -  -  -  W  W  -  W  W  B  B  -  -  -  -
                     -  B  W  W  B  -  B  B  -  -  -  W  -  -  -  -  -  -  -
                     -  -  B  -  B  -  -  B  -  B  -  W  -  -  B  -  B  -  -
Black: 153           B  -  -  -  -  -  -  -  B  -  B  -  B  -  -  -  B  -  -
                     B  B  -  -  B  -  -  -  -  -  -  -  B  -  -  B  -  -  -
                     B  B  B  B  -  B  -  -  B  B  -  B  -  -  -  -  -  B  -
                     -  -  -  -  -  -  -  -  -  -  -  -  B  B  -  -  -  -  -
                     -  -  -  -  -  -  B  -  B  -  B  B  B  -  -  -  -  B  B
                     -  -  -  B  -  B  -  -  -  B  -  -  -  B  B  B  -  -  -
                     -  -  -  -  -  B  -  -  B  -  B  B  -  -  -  -  -  -  B





Game Over Stones Exhausted
You are a Winner, User