What is your name?
Hi, User





                     -  -  -  -  -  -  -  -  -  -  -  -  -  -  -  -  -  -  -
                     -  -  -  -  -  -  -  -  -  -  -  -  -  -  -  -  -  -  -
                     -  -  -  -  -  -  -  -  -  -  -  -  -  -  -  -  -  -  -
                     -  -  -  -  -  -  -  -  -  -  -  -  -  -  -  -  -  -  -
                     -  -  -  -  -  -  -  -  -  -  -  --  -  -  -  -  -  -  -  -  -  -  




                     -  -  -   -  -  -  -  -  -  -  -  -  -  -  -  -  -  -  -  -  -  -  -  -  --  -
                     -  -  -  -  -  -  -  -  -  -  -  -  -  - -  -  -  -  -  -  -  -  -  -  -  -  -  -
Ticks: 0             -  -  -  -  -  -  -  -  -  -  -  -  -  -  -  -  -  -  -
                     -  -  -  -  -  -  -  -  -  -  -  -  -  -  -  -  -  -  -
                     -  -  -  -  -  -  -  -  -  -  -  -  -  -  -  -  -  -  -
Black: 1             -  -  -  -  -  -  -  -  -  -  -  -  -  -  -  -  -  -  -
                     -  -  -  -  -  -  -  -  -  -  -  -  -  -  -  -  -  -  -
                     -  -  -  -  -  -  -  -  -  -  -  -  -  -  -  -  -  -  -
                     -  -  -  -  -  -  -  -  -  -  -  -  -  -  -  -  -  -  -
                     -  -  -  -  -  -  -  -  -  -  -  -  -  -  -  -  -  -  -
                     -  -  -  -  -  -  -  -  -  -  -  -  -  -  -  -  -  -  -
                     -  -  -  -  -  -  -  -  -  -  -  -  -  -  -  -  -  -  -





1 B >




                     -  -  -  -  -  -  -  B  -  -  -  -  -  -  -  -  -  -  -
                     -  -  -  -  -  -  -  -  -  -  -  -  -  -  -  -  -  -  -
                     -  -  -  -   -  -  -  -  -  -  -  -  -  -  -  -  -  -  -  -  -  -
             -  -  -  -  -  -  -  -  -  -  -  -  -  -  -
Ticks: 1             -  -  -  --  -  -  -  -  -  -  -  -  -  -  -  -
                     -  -  -  -  -  -  -  -  -  -  -  -  -  -  -  -  -  -  -
                     -  -  -  -  -  -  -  -  -  -  -  -  -  -  -  -  -  -  -
Black: 2             -  -  -  -  -  -  -  -  -  -  -  -  -  -  -  -  -  -  -
                     -  -  -  -  -  -  -  -  -  -  -  -  -  -  -  -  -  -  -
                     -  -  -  -  -  -  -  -  -  -  -  -  -  -  -  -  -  -  -
                     -  -  -  -  -  -  -  -  -  -  -  -  -  -  -  -  -  -  -
                     -  -  -  -  -  -  -  -  -  -  -  -  -  -  -  -  -  -  -
                     -  -  -  -  -  -  -  -  -  -  -  -  -  -  -  -  -  -
                     -  -  -  -  -  -  -  -  -  -  -  -  -  -  -  -  -  -  -





2 B >




                     -  -  -  -  -  -  -  B  -  -  -  -  -  -  -  -  -  -  -
                      -  -  -  -  -  -  -  -  -  -  -  -  -  -  -  -  -  -  -  -  -  -  -  -
Ticks: 2             -  -  -  -  -  -  -  -  -  -  -  -  -  -  -  -  -  -  -
                     -  -  -  -  -  -  -  -  -  -  -  -  -  -  -  -  -  -  -
                     -  -  -  -  -  -  -  -  -  -  -  -  -  -  -  -  -  -  -
Black: 3             -  -  -  -  -  -  -  -  -  -  -  -  -  -  -  -  -  -  -
                     -  -  -  -  -  -  -  -  -  -  -  -  -  -  -  -  -  -  -
                     -  -  -  -  -  -  -  -  -  -  -    -  -  -  -  -  -  -  -  -  -  -  -  -  -
                     -  -  -  -  -  -  -  -  -  -  -  -  -  -  -  -  -  -  -
                     -  -  -  -  -  -  -  -  -  -  -  -  -  -  -  -  -  -  -
                     -  -  -  -  -  -  -  -  -  -  -  -  -  -  -  -  -  -  -





3 B >3 B >




                     -  -  -  -  -  -  -  B  -  -  -  -  -  -  -  -  -  -  -
                     W  -  -  - 
                     W  -  -  -     -  -  -  -  -  -  -  -  -  -  -  -  -  -  -  -  -  -  -
     -  -  -  -  -  -  -  -  -  -  -
Ticks: 3             -  -  -  -  -  -  -  -  -  -  -  -  -  -  -  -  -  -  -
                     -  -  -  -  -  -  -  -  -  -  -  -  -  -  -  -  -  -  -
                     -  -  -  -  -  -  -  -  -  -  -  -  -  -  -  -  -  -  -
Black: 4             -  -  -  -  -  -  -  -  -  -  -  -  -  -  -  -  -  -  -
                     -  -  -  -  -  -  -  -  -  -  -  -  -  -  -  -  -  -  -
                     -  -  -  -  -  -  -  -  B  -  -  -  -  -  -  -  -  -  -
                     -  -  -  -  -  -  -  -  -  -  -  -  -  -  -  -  -  -  -
                     -  -  -  -  -  -  -  -  -  -  -  -  -  -  -  -  -  -  -
                     -  -  -  -  -  -  -  -  -  -  -  -  -  -  -  -  -  -  -
                     -  -  -  -  -  -  -  -  -  -  -  -  -  -  -  -  -  -  -





4 B >




                     -  -  -  -  -  -  -  B  -  -  -  -  -  B  -  -  -  -  -
                     W  -  -  -  -  -  -  -  -  -  -  -  -  -  -  -  -  -  B
                     W  -  -  -  -  -  -  -  -
                    -  -  -  -  -  -  -  -  -  -  -  W  -  -  -  -  -
                     -  -  -  -  -  -  -  -  -  -  -  -  -  -  -  -  -  -  -
White: 4             -  - -  -  -  -
                      -  -  -  -  -  -  -  -
Ticks: 4             -  -  -  -  -  -  -  -  -  -  -  -  -  -  -  -  -  -  -
                     -  -  -  -  -  -  -  -  -  -  -  -  -  -  -  -  -  -  -
                     -  -  -  -  -  -  -  -  -  -  -  -  -  -  -  -  -  -  -
Black: 5             -  -  -  -  -  -  -  -  -  -  -  -  -  -  -  -  -  -  -
                     -  -  -  -  -  -  -  -  -  -  -  -  -  -  -  -  -  -  -
                     -  -  -  -  -  -  -  -  B  -  -  -  -  -  -  -  -  -  -
                     -  -  -  -  -  -  -  -  -  -  -  -  -  -  -  -  -  -  -
                     -  -  -  -  -  -  -  -  -  -  -  -  -  -  -  -  -  -  -
                     -  -  -  -  -  -  -  -  -  -  -  -  -  -  -  -  -  -  -
                     -  -  -  -  -  -  -  -  -  -  -  -  -  -  -  -  -  -  -





5 B >




                     -  -  -  -  -  -  -  B  -  -  -  -  -  B  -  -  -  -  -
                     W  -  -  -  -  -  -  -  -  -  -  -  -  -  -  -  -  B  B   W  -  -  -  -  -  -  -  W  -    -  -  -  -  -  -  -  -  -  -  --  -  -  -  -  -  -  -  -
Ticks: 5             -  -  -  -  -  -  -  -  -  -  -  -  -  -  -  -  -  -  -
                     -  -  -  -  -  -  -  -  -  -  -  -  -  -  -  -  -  -  -
                     -  -  -  -  -  -  -  -  -  -  -  -  -  -  -  -  -  -  -
Black: 8             -  -  -  -  -  -  -  -  -  -  -  -  -  -  -  -  -  -  -
                     -  -  -  -  -  -  -  -  -  -  -  -  -  -  -  -  -  -  -
                     -  -  -  -  -  -  -  -  B  -  -  -  -  -  -  -  -  -  -
                     -  -  -  -  -  -  -  -  -  -  -  -  -  -  -  -  -  -  -
                     -  -  -  -  -  -  -  -  -  -  -  -  -  -  -  -  -  -  -
                     -  -  -  -  -  -  -  -  -  -  -  -  -  -  -  -  -  -  -
                     -  -  -  -  -  -  -  -  -  -  -  -  -  -  -  -  -  -  -





6 B >




                     -  -  -  -  -  -  -  B  -  -  -  -  -  B  -  -  -  -  -
                     W  -  -  -  -  -  -  -  -  -  -  -  -  -  -  -  - -  -
                     -  -   -  -  -  -  -  -  -  -  -  -  -  -  -
Ticks: 6             -  -  -  -  -  -  -  -  -  -  -  -  -  -  -  -  -  -  -
                     -  -  -  -  -  -  -  -  -  -  -  -  -  -  -  -  -  -  -
                     -  -  -  -  -  -  -  -  -  -  -  -  -  -  -  -  -  -  -
Black: 9             -  -  -  -  -  -  -  -  -  -  -  -  -  -  -  -  -  -  -
                     -  -  -  -  -  -  -  -  -  -  -  -  -  -  -  -  -  -  -
                     -  -  -  -  -  -  -  -  B  -  -  -  -  -  -  -  -  -  -
                     -  -  -  -  -  -  -  -  -  -  -  -  -  -  -  -  -  -  -
                     -  -  -  -  -  -  -  -  -  -  -  -  -  -  -  -  B  -  -
                     -  -  -  -  -  -  -  -  -  -  -  -  -  -  -  -  -  -  -
                     -  -  -  -  -  -  -  -  -  -  -  -  -  -  -  -  -  -  -





7 B >




                     -  -  -  -  -  -  -  B  -  -  -  -  -  B  -  -  -  -  -
                     W  -  -  -  -  -  -  -  -  -  -  -  -  -  -  -  -  B  B
                     W  W  -  B  -  -  -  -  -  -  -  -  -  -  -  -  -  -  -  -  -
         -  -  -  -  -  -  -  -  -  -  -
Ticks: 7             -  -  -  -  -  -  -  -  -  -  -  -  -  -  -  -  -  -  -
                     -  -  -  -  -  -  -  -  -  -  -  -  -  -  -  -  -  -  -
                     -  -  -  -  -  -  -  -  -  -  -  -  -  -  -  -  -  -  -
Black: 9             -  -  -  -  -  -  -  -  -  -  -  -  -  -  -  -  -  -  -
                     -  -  -  -  -  -  -  -  -  -  -  -  -  -  -  -  -  -  -
                     -  -  -  -  -  -  -  -  B  -  -  -  -  -  -  -  -  -  -
                     -  -  -  -  -  -  -  -  -  -  -  -  -  -  -  -  -  -  -
                     -  -  -  -  -  -  -  -  -  -  -  -  -  -  -  -  B  -  -
                     -  -  -  -  -  -  -  -  -  -  -  -  -  -  -  -  -  -  -
                     -  -  -  -  -  -  -  -  -  -  -  -  -  -  -  -  -  -  -





8 B >




                     -  -  -  -  -  -  -  B  -  -  -  -  -  B  -  -  -  -  -
                     W  -  -  -  -    -  -  -  -  -  W  -  -  -  -  - -  -  -
                     -  -  -  -  -  -  -  -  -  -  -  W    -  -  -  -  -  -  -  -  -  -  -  -  -  -  -  -  -  -  -  -  -  -  -
Ticks: 8             -  -  -  -  -  -  -  -  -  -  -  -  -  -  -  -  -  -  -
                     -  -  -  -  -  -  -  -  -  -  -  -  -  -  -  -  -  -  -
                     -  -  -  -  -  -  -  -  -  -  -  -  -  -  -  -  -  -  -
Black: 12            -  -  -  -  -  -  -  -  -  -  -  -  -  -  -  -  -  -  -
                     -  -  -  -  -  -  -  -  -  -  -  -  -  -  -  -  -  -  -
                     -  -  -  -  -  -  -  -  B  -  -  -  -  -  -  -  B  -  -
                     -  -  -  -  -  -  -  -  -  -  -  -  -  -  -  -  -  -  -
                     -  -  -  -  -  -  -  -  -  -  -  -  -  -  -  -  B  -  -
                     -  -  -  -  -  -  -  -  -  -  -  -  -  -  -  -  -  -  -
                     -  -  -  -  -  -  -  -  -  -  -  -  -  -  -  -  -  -  -





9 B >




                     -  -  -  -  -  -  -  B  -  -  -   -  -  -  -  -  -  -  B  B
 -  -
White: 9             -  -   -  -  -  -  -  -  -  -  -  -  -  -  -
                     -  -  -  -  -  -  -  -  -  -  -  -  -  -  -  -  -  -  -
Ticks: 9             -  -  -  -  -  -  -  -  -  -  -  -  -  -  -  -  -  -  -
                     -  -  -  -  -  -  -  -  -  -  -  -  -  -  -  -  -  -  -
                     -  -  -  -  -  -  -  -  -  -  -  -  -  -  -  -  -  -  -
Black: 13            -  -  -  -  -  -  -  -  -  -  -  -  -  -  -  -  -  -  -
                     -  -  -  -  -  -  -  -  -  -  -  -  -  -  -  -  -  -  -
                     -  -  -  -  -  -  -  -  B  -  -  -  -  -  -  -  B  -  -
                     -  -  -  -  -  -  -  -  -  -  -  -  -  -  -  -  -  -  -
                     -  -  -  -  -  -  -  -  -  -  -  -  -  -  -  -  B  -  -
                     -  -  -  -  -  -  -  -  -  -  -  -  -  -  -  -  -  -  -
                     -  -  -  -  -  -  -  -  -  -  -  -  -  -  -  -  -  -  -





10 B >




                     -  -  -  -  -  -  -  B  -  -  -  -  -  B  -  -  -  -  -
                     W  -  -  -  -  -  -  -  W  -  -  -  -                    -  -  -   -  -  -  -  -  -  -  -  -  -  -  -  -  -  -
Ticks: 10            -  -  -  -  -  -  -  -  -  -  -  -  -  -  -  -  -  -  -
                     -  -  -  -  -  -  -  -  -  -  -  -  -  -  -  -  -  -  -
                     -  -  -  -  -  -  -  -  -  -  -  -  -  -  -  -  -  -  -
Black: 13            -  -  -  -  -  -  -  -  -  -  -  -  -  -  -  -  -  -  -
                     -  -  -  -  -  -  -  -  -  -  -  -  -  -  -  -  -  -  -
                     -  -  -  -  -  -  -  -  B  -  -  -  -  -  -  -  B  -  -
                     -  -  -  -  -  -  -  -  -  -  -  -  -  -  -  -  -  -  -
                     -  -  -  -  -  -  -  -  -  -  -  -  -  -  -  -  B  -  -
                     -  -  -  -  -  -  -  -  -  -  -  -  -  -  -  -  -  -  -
                     -  -  -  -  -  -  -  -  -  -  -  -  -  -  -  -  -  -  -





11 B >




                     -  -  -  -  -  -  -  B  -  -  -  -  -  B  -  -  -  -  -
                     W  -  -  -  -  -  -  -  W  -  -  -  -  -  -  -  -  B    -  B  -  -  -  -  -  -  --  -  -
                     -  W  -  -  -  -  -  -  -  -  -  W  W  -  -  -  -
                     -  -  -  -  -  -  -  -  -  -  -  -  -  -  -  -  -  B  -
Whi  -  -  -  -  -  -  -  -  B  -  --  -  -  -  -  -  -  -  -  -  -  -  -  -  -  -
Ticks: 11            -  -  -  -  -  -  -  -  -  -  -  -  -  -  -  -  -  -  -
                     -  -  -  -  -  -  -  -  -  -  -  -  -  -  -  -  -  -  -
                     -  -  -  -  -  -  -  -  -  -  -  -  -  -  -  -  -  -  -
Black: 14            -  -  -  -  -  -  -  -  -  -  -  -  -  -  -  -  -  -  -
                     -  -  -  -  -  -  -  -  -  -  -  -  -  -  -  -  -  -  -
                     -  -  -  -  -  -  -  -  B  -  -  -  -  -  -  -  B  -  -
                     -  -  -  -  -  -  -  -  -  -  -  -  -  -  -  -  -  -  -
                     -  -  -  -  -  -  -  -  -  -  -  -  -  -  -  -  B  -  -
                     -  -  -  -  -  -  -  -  -  -  -  -  -  -  -  -  -  -  -
                     -  -  -  -  -  -  -  -  -  -  -  -  -  -  -  -  -  -  -





12 B >




                     -  -  -  -  -  -  -  B  -  -  -  -  -  B  -  -  -  -  -
                     W  -  -  -  -  -  -  -  W  -  -  -  -  -  -  -  -  B  B-  B  -  -  -
                                    -  -  -  -  -  --  -  -  -  -  -  -  -  B  -  -
                -  -  -  -  -  -  -  -  -  -  -  -  -  -  -  -  -  -  -
Ticks: 12            -  -  -  -  -  -  -  -  -  -  -  -  -  -  -  -  -  -  -
                     -  -  -  -  -  -  -  -  -  -  -  -  -  -  -  -  -  -  -
                     -  -  -  -  -  -  -  -  -  -  -  -  -  -  -  -  -  -  -
Black: 15            -  -  -  -  -  -  -  -  -  -  -  -  -  -  -  -  -  -  -
                     -  -  -  -  -  -  -  -  -  -  -  -  -  -  -  -  -  -  -
                     -  -  -  -  -  -  -  -  B  -  -  -  -  -  -  -  B  -  -
                     -  -  -  -  -  -  -  -  -  -  -  -  -  -  -  -  -  -  -
                     -  -  -  -  -  -  -  -  -  -  -  -  -  -  -  -  B  -  -
                     -  -  -  -  -  -  -  -  -  -  -  -  -  -  -  -  -  -  -
                     -  -  -  -  -  -  -  -  -  -  -  -  -  -  -  -  -  -  -





13 B >




                     -  -  -  -  -  -  -  B  -  -  -  -  -  B  -  -  -  -  -
                     W  -  -  -  -  -    -  -  -  -  -  -  -  -  B  B
    -  B  -
White: 13            -   -  -  -  -  -  -  -  -  -  -  -  -  -  -  -
Ticks: 13            -  -  -  -  -  -  -  -  -  -  -  -  -  -  -  -  -  -  -
                     -  -  -  -  -  -  -  -  -  -  -  -  -  -  -  -  -  -  -
                     -  -  -  -  -  -  -  -  -  -  -  -  -  -  -  -  -  -  -
Black: 16            -  -  -  -  -  -  -  -  -  -  -  -  -  -  -  -  -  -  -
                     -  -  -  -  -  -  -  -  -  -  -  -  -  -  -  -  -  -  -
                     -  -  -  -  -  -  -  -  B  -  -  -  -  -  -  -  B  -  -
                     -  -  -  -  -  -  -  -  -  -  -  -  -  -  -  -  -  -  -
                     -  -  -  -  -  -  -  -  -  -  -  -  -  -  -  -  B  -  -
                     -  -  -  -  -  -  -  -  -  -  -  -  -  -  -  -  -  -  -
                     -  -  -  -  -  -  -  -  -  -  -  -  -  -  -  -  -  -  -





14 B >




                     W  -  -  -  -  -  -  B  -  -  -  -  -  B  -  -  -  -  -
           -  -  -  -  -  W  -  -  -  -  -  -  -
                    -  -  B  -  -  -  -  -  -  -  -  -  -  -  -
                     -  W  -  -  -  -  -  -  B  -  -  -                 -  -  -  -  -  --  -  -  -  -  -  -  -  -  -  -  -  -  -  -
Ticks: 14            -  -  -  -  -  -  -  -  -  -  -  -  -  -  -  -  -  -  -
                     -  -  -  -  -  -  -  -  -  -  -  -  -  -  -  -  -  -  -
                     -  -  -  -  -  -  -  -  -  -  -  -  -  -  -  -  -  -  -
Black: 17            -  -  -  -  -  -  -  -  -  -  -  -  -  -  -  -  -  -  -
                     -  -  -  -  -  -  -  -  -  -  B  -  -  -  -  -  -  -  -
                     -  -  -  -  -  -  -  -  B  -  -  -  -  -  -  -  B  -  -
                     -  -  -  -  -  -  -  -  -  -  -  -  -  -  -  -  -  -  -
                     -  -  -  -  -  -  -  -  -  -  -  -  -  -  -  -  B  -  -
                     -  -  -  -  -  -  -  -  -  -  -  -  -  -  -  -  -  -  -
                     -  -  -  -  -  -  -  -  -  -  -  -  -  -  -  -  -  -  -





15 B >




                     W  -  -  -  -  -  -  B  -  -  -  -  -  B  -  -  -  -  -
                     W  -  -  -  -  -  -  W  W  -  -  -  -  -  -  -    -  -  -  -  -  -  B  -  -  -  -  -  -  B  -
White: 15            -  -  -  -  -  -  -  -  -  -  -  -  W  -  -  -  -
                     -  -  -  -  -  -  -  -  -  -  -  -  -  -  -  -  B  -  -
                     -  -  -  -  -  -  -  -  -  -  -  -  -  -  -  -  -  -  -
Ticks: 15            -  -  -  -  -  -  -  -  -  -  -  -  -  -  -  -  -  -  -
                     -  -  -  -  -  -  -  -  -  -  -  -  -  -  -  -  -  -  -
                     -  -  -  -  -  -  -  -  -  -  -  -  -  -  -  -  -  -  -
Black: 18            -  -  -  -  -  -  -  -  -  -  -  -  -  -  -  -  -  -  -
                     -  -  -  -  -  -  -  -  -  -  B  -  -  -  -  -  -  -  -
                     -  -  -  B  -  -  -  -  B  -  -  -  -  -  -  -  B  -  -
                     -  -  -  -  -  -  -  -  -  -  -  -  -  -  -  -  -  -  -
                     -  -  -  -  -  -  -  -  -  -  -  -  -  -  -  -  B  -  -
                     -  -  -  -  -  -  -  -  -  -  -  -  -  -  -  -  -  -  -
                     -  -  -  -  -  -  -  -  -  -  -  -  -  -  -  -  -  -  -





16 B >




                     W  -  -  -  -  -  -  B  -  -  -  -  -  B  -  -  -  -  -
                     W  -  B  -  -  -  -  W  W  -  -  -  -  -  -  -  -  B  B
                     W  W  -  -  -  -  -  -  W  W  -  -  -  -  -  -  B  -  -  -  -  -  -  -  --  -  -  -  -  -  -  B  -  -
        -  -  -  -  -  -  -  -  -  -  -  -  -  -  -  -  -  -  -
Ticks: 16            -  -  -  -  -  -  -  -  -  -  -  -  -  -  -  -  -  -  -
                     -  -  -  -  -  -  -  -  -  -  -  -  -  -  -  -  -  -  -
                     -  -  -  -  -  -  -  -  -  -  -  -  -  -  -  -  -  -  -
Black: 19            -  -  -  -  -  -  -  -  -  -  -  -  -  -  -  -  -  -  -
                     -  -  -  -  -  -  -  -  -  -  B  -  -  -  -  -  -  -  -
                     -  -  -  B  -  -  -  -  B  -  -  -  -  -  -  -  B  -  -
                     -  -  -  -  -  -  -  -  -  -  -  -  -  -  -  -  -  -  -
                     -  -  -  -  -  -  -  -  -  -  -  -  -  -  -  -  B  -  -
                     -  -  -  -  -  -  -  -  -  -  -  -  -  -  -  -  -  -  -
                     -  -  -  -  -  -  -  -  -  -  -  -  -  -  -  -  -  -  -





17 B >




                     W  -  B  -  -  -  -  B  -  -  -  -  -  B  -  -  -  -  -
                     W  -  B  -  -  -  B  -  -  -  -  -  -  -  -  -  -  -  -  -  -  -  -  B  -  -
       -  -  -  -  -  -  -  -  -  -  -
Ticks: 17            -  -  -  -  -  -  -  -  -  -  -  -  -  -  -  -  -  -  -
                     -  -  -  -  -  -  -  -  -  -  -  -  -  -  -  -  -  -  -
                     -  -  -  -  -  -  -  -  -  -  -  -  -  -  -  -  -  -  -
Black: 20            -  -  -  -  -  -  -  -  -  -  -  -  -  - -  -  -  -
                     -  -  -  -  -  -  -  -  -  -  B  -  -  -  -  -  -  -  -
                     -  -  -  B  -  -  -  -  B  -  -  -  -  -  -  -  B  -  -
                     -  -  -  -  -  -  -  -  -  -  -  -  -  -  -  -  -  -  -
                     -  -  -  -  -  -  -  -  -  -  -  -  -  -  -  -  B  -  -
                     -  -  -  -  -  -  -  -  -  -  -  -  -  -  -  -  -  -  -
                     -  -  -  -  -  -  -  -  -  -  -  -  -  -  -  -  -  -  -





18 B >




                     W  -  B  -  -  -  -  B  -  -  -  -  -  B  -  -  -  -  -
                     W  -  B  -  -  -  W  W  W  -  -  -  -  -  -  -  -  B  B
                     W  W  -  -  -  -  -  -  W  W  -  -  -  -  -  -  -  -  -  W  -    B  -
White: 18            -   -  -  -  -  -  -  -  -  -  -  W -  -  -  -  -  -  -  -  -  -  -  -  -  -  -  -
Ticks: 18            -  -  -  -  -  -  -  -  -  -  -  -  -  -  -  -  -  -  -
                     -  -  -  -  -  -  -  -  -  -  -  -  -  -  -  -  -  -  -
                     -  -  -  -  -  -  -  -  -  -  -  -  -  -  -  -  -  -  -
Black: 21            -  -  -  -  -  -  -  -  -  -  -  -  -  -  -  -  -  -  -
                     -  -  -  -  -  -  -  -  -  -  B  -  -  -  -  -  -  -  -
                     -  -  -  B  -  -  -  -  B  -  -  -  -  -  -  -  B  -  -
                     -  -  -  -  -  -  -  -  -  -  -  -  -  -  -  -  -  -  -
                     -  -  -  -  -  -  -  -  -  -  -  -  -  -  -  -  B  -  -
                     -  -  -  -  -  -  -  -  -  -  -  -  -  -  -  -  -  -  -
                     -  -  -  -  -  -  -  -  -  -  -  -  -  -  -  -  -  -  -





19 B >




                     W  -  B  -  -  -  -  B  -  -  -  -  -  B  -  -  -  -  -
                     W  -  B  -  -  -    -  -  -  -  -  -  B  B
         -
White: 19            -  -  -  - -  -  -  -  -  -  -  -  -  -  -  W  -  -  -
Ticks: 19            -  -  -  -  -  -  -  -  -  -  -  -  -  -  -  -  -  -  -
                     -  -  -  -  -  -  -  -  -  -  -  -  -  -  -  -  -  -  -
                     -  -  -  -  -  -  -  -  -  -  -  -  -  -  -  -  -  -  -
Black: 22            -  -  -  -  -  -  -  -  -  -  -  -  -  -  -  -  -  -  -
                     -  -  -  -  -  -  -  -  -  -  B  -  -  -  -  -  -  -  -
                     -  -  -  B  -  -  -  -  B  -  -  -  -  -  -  -  B  -  -
                     -  -  -  -  -  -  -  -  -  -  -  -  -  -  -  -  -  -  -
                     -  -  -  -  -  -  -  -  -  -  -  -  -  -  -  -  B  -  -
                     -  -  -  -  -  -  -  -  -  -  -  -  -  -  -  -  -  -  -
                     -  -  -  -  -  -  -  -  -  -  -  -  -  -  -  -  -  -  -





20 B >




                     W  -  B  -  -  -  -  B  -  -  -  -  -  B  -  -  -  -  -
                       W  W  -  -  -  -  W   B  -  -  -  -  -  -  -  - -  -  W  W  -  -  -  -
                    -  -  -  -  -  -  -  -         -  -  -  -  -  -  -  -  -  -  -  -  -  -  -  W  -  -  -
Ticks: 20            -  -  -  -  -  -  -  -  -  -  -  -  -  -  -  -  -  -  -
                     -  -  -  -  -  -  -  -  -  -  -  -  -  -  -  -  -  -  -
                     -  -  -  -  -  -  -  -  -  -  -  -  -  -  -  -  -  -  -
Black: 23            -  -  -  -  -  -  -  -  -  -  -  -  -  -  -  -  -  -  -
                     -  -  -  -  -  -  -  -  -  -  B  -  -  -  -  -  -  -  -
                     -  -  -  B  -  -  -  -  B  -  -  -  -  -  -  -  B  -  -
                     -  -  -  -  -  -  -  -  -  -  -  -  -  -  -  -  -  -  -
                     -  -  -  -  -  -  -  -  -  -  -  -  -  -  -  -  B  -  -
                     -  -  -  -  -  -  -  -  -  -  -  -  -  -  -  -  -  -  -
                     -  -  -  -  -  -  -  -  -  -  -  -  -  -  -  -  -  -  -





21 B >21 B >




                     W  -  B  -  -  -  -  B  -  -  -  -  -  B  -  -  -  -  -
   -  -  -  -  B  B
          21            -  -  -  -  -  -    -  -  B  -  -  -  -  W  B  -  -  -  -  -  -  W  -  -  -
Ticks: 21            -  -  -  -  -  -  -  -  -  -  -  -  -  -  -  -  -  -  -
                     -  -  -  -  -  -  -  -  -  -  -  -  -  -  -  -  -  -  -
                     -  -  -  -  -  -  -  -  -  -  -  -  -  -  -  -  -  -  -
Black: 24            -  -  -  -  -  -  -  -  -  -  -  -  -  -  -  -  -  -  -
                     -  -  -  -  -  -  -  -  -  -  B  -  -  -  -  -  -  -  -
                     -  -  -  B  -  -  -  -  B  -  -  -  -  -  -  -  B  -  -
                     -  -  -  -  -  -  -  -  -  -  -  -  -  -  -  -  -  -  -
                   -  -  -  -  -  -  -  -  -  -  -  -  B  -  -  -  -  -  -
                     -  -  -  -  -  -  -  -  -  -  -  -  -  -  -  -  -  -  -



22 B >22 B >




                     W  W  B  -  -  -  -  B  -  -  -  -  -  B  -  -  -  -  -
                     W  -  B   -  W  -  -  -  -  -  -  B  -  -   -  -  -  -  -  -  -  -  -  -  --  -  -  -  -  -  -  -  -  W  -  -  -
Ticks: 22            -  -  -  -  -  -  -  -  -  -  -  -  -  -  -  -  -  -  -
                     -  -  -  -  -  -  -  -  -  -  -  -  -  B  -  -  -  -  -
                     -  -  -  -  -  -  -  -  -  -  -  -  -  -  -  -  -  -  -
Black: 25            -  -  -  -  -  -  -  -  -  -  -  -  -  -  -  -  -  -  -  -  B  -  -  -  -  -  -  -  -
                     -  -  -  B  -  -  -  -  B  -  -  -  -  -  -  -  B  -  -
                     -  -  -  -  -  -  -  -  -  -  -  -  -  -  -  -  -  -  -
                     -  -  -  -  -  -  -  -  -  -  -  -  -  -  -  -  B  -  -
                     -  -  -  -  -  -  -  -  -  -  -  -  B  -  -  -  -  -  -
                     -  -  -  -  -  -  -  -  -  -  -  -  -  -  -  -  -  -  -





23 B >




                     W  W  B  -  -  -  -  B  -  -  -  -  -  B  -  -  -  -  -
                     W  -  B  -  -  - -  -  -  -  B  -  -  B  -  -  -    -  -
                     -  W   -  -  -  -  -  B  -  -  W  -  W  B        -  -  -  -  -  -  -  -  -  -  -  -  -  -  -  W  -  -  -
Ticks: 23            -  -  B  -  -  -  -  -  -  -  -  -  -  -  -  -  -  -  -
                     -  -  -  -  -  -  -  -  -  -  -  -  -  B  -  -  -  -  -
                     -  -  -  -  -  -  -  -  -  -  -  -  -  -  -  -  -  -  -
Black: 26            -  -  -  -  -  -  -  -  -  -  -  -  -  -  -  -  -  -  -
                     -  -  -  -  -  -  -  -  -  -  B  -  -  -  -  -  -  -  -
                     -  -  -  B  -  -  -  -  B  -  -  -  -  -  -  -  B  -  -
                     -  -  -  -  -  -  -  -  -  -  -  -  -  -  -  -  -  -  -
                     -  -  -  -  -  -  -  -  -  -  -  -  -  -  -  -  B  -  -
                     -  -  -  -  -  -  -  -  -  -  -  -  B  -  -  -  -  -  -
                     -  -  -  -  -  -  -  -  -  -  -  -  -  -  -  -  -  -  -





24 B >




                     W  W  B  -  -  -  -  B  -  -  -  -  -  B  -  -  -  -  -
                     W  -  B  -  -  B  B  -  -  -  -  -  -  -  -
      W  B  -  -
                     -  -  -  -  -  W  -  -  -
Ticks: 24            -  -  B  -  -  -  -  -  -  -  -  -  -  -  -            -  -  -  -  -  -  -  -  -  -  -  -  -  B  -  -  -  -  -
                     -  -  -  -  -  -  -  -  -  -  -  -  -  -  -  -  -  -  -
Black: 27            -  -  -  -  -  -  -  -  -  -  -  -  -  -  -  -  -  -  -
                     -  -  -  -  -  -  -  -  -  -  B  -  -  -  -  -  -  -  -
                     -  -  -  B  -  -  -  -  B  -  -  -  -  -  -  -  B  -  -
                     -  -  -  -  -  -  -  -  -  -  -  -  -  -  -  -  -  -  -
                     -  -  -  -  -  -  -  -  -  -  -  -  -  -  -  -  B  -  -
                     -  -  -  -  -  -  -  -  -  -  -  -  B  -  -  -  -  -  -
                     -  -  -  -  -  -  -  -  -  -  -  -  -  -  -  -  -  -  -





25 B >




                     W  W  B  -  -  -  -  B  -  -  -  -  -  B  -  -  -  -  -
         -  -  B  B
                     W  W  -  -  -  -  B  -  -  B-  -  -  -  -  -  B  -  -  W  -    -  -  -  -  -  -  -  -  -  -  -  -  W  -  -  -
Ticks: 25            -  -  B  -  -  -  -  -  -  -  -  -  -  -  W  W  -  -  -
                     -  -  -  -  -  -  -  -  -  -  -  -  -  B  -  -  -  -  -
                     -  -  -  -  -  -  -  -  -  -  -  -  -  -  -  -  -  -  -
Black: 32            -  -  -  -  -  -  -  -  -  -  -  -  -  -  -  -  -  -  -
                     -  -  -  -  -  -  -  -  -  -  B  -  -  -  -  -  -  -  -
                     -  -  -  B  -  -  -  -  B  -  -  -  -  -  -  -  B  -  -
                     -  -  -  -  -  -  -  -  -  -  -  -  -  -  -  -  -  -  -
                     -  -  -  -  -  -  -  -  -  -  -  -  -  -  -  -  B  -  -
                     -  -  -  -  -  -  -  -  -  -  -  -  B  -  -  -  -  -  -
                     -  -  -  -  -  -  -  -  -  -  -  -  -  -  -  -  -  -  -





26 B >




                     W  W  B  -  -  -  -  B  -  -  -  -  -  B  -  -  -  -  -
                     W  -  B  -  -  -  W   -  -  B  -  -  B  B  -  -  -  -
                     -  B  -26            -  -  -  -  -  -  -   -  -  -  -  -  -  B  -  -  W  -  -  -  -  -  -  -  -  -  -  -  -  -  -  -  W  -  -  -
Ticks: 26            -  -  B  -  -  -  -  -  -  -  -  -  -  -  W  W  -  -  -
                     -  -  -  -  -  -  -  -  -  -  -  -  -  B  -  W  -  -  -
                     -  -  -  -  -  -  -  -  -  -  -  -  -  -  -  -  -  -  -
Black: 33            -  -  -  -  -  -  -  -  -  -  -  -  -  -  -  -  -  -  -
                     -  -  -  -  -  -  -  -  -  -  B  -  -  -  -  -  -  -  -
                     -  -  -  B  -  -  -  -  B  -  -  -  -  -  -  -  B  -  -
                     -  -  -  -  -  -  -  -  -  -  -  -  -  -  -  -  -  -  -
                     -  -  -  -  -  -  -  -  -  -  -  -  -  -  -  -  B  -  -
                     -  -  -  -  B  -  -  -  -  -  -  -  B  -  -  -  -  -  -
                     -  -  -  -  -  -  -  -  -  -  -  -  -  -  -  -  -  -  -





27 B >




                     W  W  B  -  -  -  -  B  -  -  -  -  -  B  -  -  -  -  -
     -  -  -
                     -              -  -  -  -  -  -  -  -  -  -  -  -  -  -  -  W  -  -  -
Ticks: 27            -  -  B  -  -  -  -  -  -  -  -  -  -  -  W  W  -  -  -
                     -  -  -  -  -  -  -  -  -  -  -  -  -  B  -  W  -  -  -
                     -  -  -  -  -  -  -  -  -  -  -  -  -  -  -  W  -  -  -
Black: 34            -  -  -  -  -  -  -  -  -  -  -  -  -  -  -  -  -  -  -
                     -  -  -  -  -  -  -  -  -  -  B  -  -  -  -  -  -  -  -
                     -  -  -  B  -  -  -  -  B  -  -  -  -  -  -  -  B  -  -
                     -  -  -  -  -  -  -  -  -  -  -  -  -  -  -  -  -  -  -
                     -  -  -  -  -  -  -  -  -  -  -  -  -  -  -  -  B  -  -
                     -  -  -  -  B  -  B  -  -  -  -  -  B  -  -  -  -  -  -
                     -  -  -  -  -  -  -  -  -  -  -  -  -  -  -  -  -  -  -





28 B >




                     W  W  B  -  -  -  -  B  -  -  -  -  -  B  -  -  -  -  -
                     W  -  B  -  -  -  W  W  W  -  -  -  -  -  -  -  -  B  B
              -
                     -         -  -  -  -  -  -  -  -  -  -  -  -  -  -  -  W  -  -  -
Ticks: 28            -  -  B  -  -  -  -  -  -  -  -  -  -  -  W  W  -  -  -
                     -  -  -  -  -  -  -  -  -  -  -  -  -  B  -  W  -  -  -
                     -  -  -  -  -  -  -  -  -  -  -  -  -  -  -  W  -  -  -
Black: 42            -  -  -  -  -  -  -  -  -  -  -  -  -  -  -  W  -  -  -
                     -  -  -  -  -  -  -  -  -  -  B  -  -  -  -  -  -  -  -
                     -  -  -  B  -  -  -  -  B  -  -  -  -  -  -  -  B  -  -
                     -  -  -  -  -  -  -  -  -  -  -  -  -  -  -  -  -  -  -
                     -  -  -  -  -  -  -  -  -  -  -  -  -  B  -  -  B  -  -
                     -  -  -  -  B  -  B  -  -  -  -  -  B  -  -  -  -  -  -
                     -  -  -  -  -  -  -  -  -  -  -  -  -  -  -  -  -  -  -





29 B >29 B >




                     W  W  B  -  -  -  -  B  -  -  -  -  -  B  -  -  -  -  -
                     W  -  B  -  -  -  W-  -
                     -  W  - -  B  -  -  W  -  W  B  -  -
                    -  -  -  -  -  -  -  -  - -  -  -  -  -  -  W  -  -  -
Ticks: 29            -  -  B  -  -  -  -  B  -  -  -  -  -  -  W  W  -  -  -
                     -  -  -  -  -  -  -  -  -  -  -  -  -  B  -  W  -  -  -
                     -  -  -  -  -  -  -  -  -  -  -  -  -  -  -  W  -  -  -
Black: 43            -  -  -  -  -  -  -  -  -  -  -  -  -  -  W  W  -  -  -
                     -  -  -  -  -  -  -  -  -  -  B  -  -  -  -  -  -  -  -
                     -  -  -  B  -  -  -  -  B  -  -  -  -  -  -  -  B  -  -
                     -  -  -  -  -  -  -  -  -  -  -  -  -  -  -  -  -  -  -
                     -  -  -  -  -  -  -  -  -  -  -  -  -  B  -  -  B  -  -
                     -  -  -  -  B  -  B  -  -  -  -  -  B  -  -  -  -  -  -
                     -  -  -  -  -  -  -  -  -  -  -  -  -  -  -  -  -  -  -





30 B >




                     W  W  B  -  -  -  -  B  -  -  - -  -  -  -  -  -  -  -  B  B
               W  W  -  -  B  -           -  W  -  -  -  -  -  - -  -  -  -  -  -  -  -  -  -  -  -  W  -  -  -
Ticks: 30            -  -  B  -  -  -  -  B  -  -  -  -  -  -  W  W  -  -  -
                     -  -  -  -  -  -  -  -  -  -  -  -  -  B  -  W  -  -  -
                     -  -  -  -  -  -  -  -  -  -  -  -  -  -  -  W  -  -  -
Black: 41            -  -  -  -  -  -  -  -  -  -  -  -  -  W  W  W  -  -  -
                     -  -  -  -  -  -  -  -  -  -  B  -  -  -  -  -  -  -  -
                     -  -  -  B  -  -  -  -  B  -  -  -  -  -  -  -  B  -  -
                     -  -  -  -  -  -  -  -  -  -  -  -  -  -  -  -  -  -  -
                     -  -  -  -  -  -  -  -  -  -  -  -  -  B  -  -  B  -  -
                     -  - -  -  -  -  -  -  -  -  -  -  -  -  -  -





31 B >




                     W  W  B  -  -  -  -  B  -  -  -  -  -  B  -  -  -  -  -
                     W  -  B  -  -  -  W      W  W  -  -  -  -  B  -  -  W  W  -  -  -  -
              B  -  -  -  -  -  -  -  -  -  -   W  -  -  B  -
White: 31                         -  -  -  -  -  -  -  -  -  -  -  -  -  -  -  -  W  -  -  -
Ticks: 31            -  -  B  -  -  -  -  B  -  -  -  -  -  -  W  W  -  -  -
                     -  -  -  -  -  -  -  -  -  -  -  -  -  B  -  W  -  -  -
                     -  -  -  -  -  -  -  -  -  -  -  -  -  -  -  W  -  -  -
Black: 43            -  -  -  -  -  -  -  -  -  -  -  -  -  W  W  W  -  -  -
                     -  -  -  -  -  -  -  -  -  -  B  -  -  W  -  -  -  -  -
                     -  -  -  B  -  -  -  -  B  -  -  -  -  -  -  -  B  -  -
                     -  -  -  -  -  -  B  -  -  -  -  -  -  -  -  -  -  -  -
                     -  -  -  -  -  -  -  -  -  -  -  -  -  B  -  -  B  -  -
                     -  -  -  -  B  -  B  -  -  -  -  -  B  -  -  -  -  -  -
                     -  -  -  -  -  -  -  -  -  -  -  -  -  -  -  -  -  -  -





32 B >




                     W  W  B  -  -  -  -  B  -  -  -  -  -  B  -  -  -  -  -
                     W  -  B  -  -  -  -  -  B  -  -  B  B  -  -  -  - -  -  -  -  -  W  -  -  B  -
White: 32            -  -  -  -  -  -  -  -  -  B  -  -  -  W  W  W  -  -  -
                     -  -  -  -  -  -  -  -  -  -  B  -  -  W  -  W  B  -  -
                     -  -  -  -  -  -  -  -  -  -  -  -  -  -  -  W  -  -  -
Ticks: 32            -  -  B  -  -  -  -  B  -  -  -  -  -  -  W  W  -  -  -
                     -  -  -  -  -  -  -  -  -  -  -  -  -  B  -  W  -  -  -
                     -  -  -  -  -  -  -  -  -  -  -  -  -  -  -  W  -  -  -
Black: 42            -  -  -  -  -  -  -  -  -  -  -  -  -  W  W  W  -  -  -
                     -  -  -  -  -  -  -  -  -  -  B  -  -  W  -  -  -  -  -
                     -  -  -  B  -  -  -  -  B  -  -  -  -  W  -  -  B  -  B
                     -  -  -  -  -  -  B  -  -  -  -  -  -  -  -  -  -  -  -
                     -  -  -  -  -  -  -  -  -  -  -  -  -  B  -  -  B  -  -
                     -  -  -  -  B  -  B  -  -  -  -  -  B  -  -  -  -  -  -
                     -  -  -  -  -  -  -  -  -  -  -  -  -  -  -  -  -  -  -





33 B >




                     W  W  B  -  -  -  -  B  -  -  -  -  -  B  -  -  -  -  -
                     W  -  B  -  -  -  W                   W  W  -  -  B  - -  W  W  -  -  -  -  -  B -  -  -  -  W  -  -  B  -
White:33            -  -  -  -  -  -  - -  -  -  -  -  -  -  -  -  -  -  W  -  -  -
Ticks: 33            -  -  B  -  -  -  -  B  -  -  -  -  -  -  W  W  -  -  -
                     -  -  -  -  -  -  -  -  -  -  -  -  -  B  -  W  -  -  -
                     -  -  -  -  -  -  -  -  -  -  -  -  -  -  -  W  -  -  -
Black: 42            -  -  -  -  -  -  -  -  -  -  -  -  -  W  W  W  -  -  -
                     -  -  -  -  -  -  -  -  -  -  B  -  -  W  -  -  -  -  -
                     -  -  -  B  -  -  -  -  B  -  -  -  -  W  -  -  B  -  B
                     -  -  -  -  -  -  B  -  -  -  -  -  -  -  -  -  -  -  -
                     -  -  -  -  -  -  -  -  -  -  -  -  -  B  -  -  B  -  -
                     -  -  -  -  B  -  B  -  -  -  -  -  B  -  -  -  -  -  -
                     -  -  -  -  -  -  -  -  -  -  -  -  -  -  -  -  -  -  -





34 B >




                     W  W  B  -  -  -  -  B  -  -  -  -  -  B  -  -  -  -  -
                     W  -  B  -  -      W  W  -  -  B  -  W  -  W  W                     W  W  -  -  -  -  -  -  -  -  -  B  -  -  W -  -  -  -  -  -  -  -  -  -  -  -  W  -  -  -
Ticks: 34            -  -  B  -  -  -  -  B  -  -  -  -  -  -  W  W  -  -  -
                     -  -  -  -  -  -  -  -  -  -  -  -  -  B  -  W  -  -  -
                     -  -  -  -  -  -  -  -  -  -  -  -  -  -  -  W  -  -  -
Black: 43            B  -  -  -  -  -  -  -  -  -  -  -  -  W  W  W  -  -  -
                     -  -  -  -  -  -  -  -  -  -  B  -  -  W  -  W  -  -  -
                     -  -  -  B  -  -  -  -  B  -  -  -  -  W  -  -  B  -  B
                     -  -  -  -  -  -  B  -  -  -  -  -  -  -  -  -  -  -  -
                     -  -  -  -  -  -  -  -  -  -  -  -  -  B  -  -  B  -  -
                     -  -  -  -  B  -  B  -  -  -  -  -  B  -  -  -  -  -  -
                     -  -  -  -  -  -  -  -  -  -  -  -  -  -  -  -  -  -  -





35 B >




                     W  W  B  -  -  -  -  B  -  -  -  -  -  B  -  -  -  -  -
                     W  -  B  -  -   B  -  W  -  W  W  -  -  -  -  - -  -
                     -  W  -  -  -  B  -  -  -  -  W  W  -  -                      -  B  -  -  -  -  -  -  -  -  -  -  -  B  -   -  -  -  -  -  -  -  -  -  -  W  -  -  -
Ticks: 35            -  -  B  -  -  -  -  B  -  -  -  -  -  -  W  W  -  -  -
                     -  -  -  -  -  -  -  -  -  -  -  -  -  B  -  W  -  -  -
                     -  -  -  -  -  -  -  -  -  -  -  -  -  -  -  W  -  -  -
Black: 44            B  -  -  -  -  -  -  -  -  -  -  -  -  W  W  W  -  -  -
                     -  -  -  -  -  -  -  -  -  -  B  -  -  W  -  W  -  -  -
                     -  -  -  B  -  -  -  -  B  -  -  -  -  W  -  -  B  -  B
                     -  -  -  -  -  -  B  -  -  -  -  -  -  -  -  -  -  -  -
                     -  -  -  -  -  -  -  -  -  -  -  -  -  B  -  -  B  -  -
                     -  -  -  -  B  -  B  -  -  -  -  -  B  -  -  -  -  -  -
                     -  -  -  -  -  -  -  -  -  -  -  -  -  -  -  -  -  -  -





36 B >




                     W  W  B  -  -  -  -  B  -  -  -  -  -  B  -  -  -  -  -
                     W  -  B  -  -                       W  W  -  -    -  -  -  -  -  -  W  -  -  B  -
White: 36            -  -  -  -  -  -  -  -  -  B  -  -  W  W  W  W  -  -  -
                     -  -  -  -  -  -  -  -  -  -  B  -  -  W  -  W  B  -  -
                     -  -  B  -  -  -  -  -  -  -  -  -  -  -  -  W  -  -  -
Ticks: 36            -  -  B  -  -  -  -  B  -  -  -  -  -  -  W  W  -  -  -
                     -  -  -  -  -  -  -  -  -  -  -  -  -  B  -  W  -  -  -
                     -  -  -  -  -  -  -  -  -  -  -  -  -  -  -  W  -  -  -
Black: 46            B  -  -  -  -  -  -  -  -  -  -  -  -  W  W  W  -  -  -
                     -  -  -  -  -  -  -  -  -  -  B  -  -  W  -  W  -  -  -
                     -  -  -  B  -  -  -  -  B  -  -  -  -  W  -  -  B  -  B
                     -  -  -  -  -  -  B  -  -  -  -  -  -  -  -  -  -  -  -
                     -  -  -  -  -  -  -  -  -  -  -  -  -  B  -  -  B  -  -
                     -  -  -  -  B  -  B  -  -  -  -  -  B  -  -  -  -  -  -
                     -  -  -  -  -  -  -  -  -  -  -  -  -  -  -  -  -  -  -





37 B >




                     W  W  B  -  -  -  -  B  B  -  -  -  -  B  -  -  -  -  -
                     W  -  B  -  -  -  W  W  W  W  W  -  B  -  W  -  W  W  -B  -
White: 37             -  -  -  -  -  -  B  -  -  W  W   -  -  -  -  -  -  -  -  -  W  -  -  -
Ticks: 37            -  -  B  -  -  -  -  B  -  -  -  -  -  -  W  W  -  -  -
                     -  -  -  -  -  -  -  -  -  -  -  -  -  B  -  W  -  -  -
                     -  -  -  -  -  -  -  -  -  -  -  -  -  -  -  W  -  -  -
Black: 45            B  -  -  -  -  -  -  -  -  -  -  -  -  W  W  W  -  -  -
                     -  -  -  -  -  -  -  -  -  -  B  -  W  W  -  W  -  -  -
                     -  -  -  B  -  -  -  -  B  -  -  -  -  W  -  -  B  -  B
                     -  -  -  -  -  -  B  -  -  -  -  -  -  -  -  -  -  -  -
                     -  -  -  -  -  -  -  -  -  -  -  -  -  B  -  -  B  -  -
                     -  -  -  -  B  -  B  -  -  -  -  -  B  -  -  -  -  -  -
                     -  -  -  -  -  -  -  -  -  -  -  -  -  -  -  -  -  -  -





38 B >




                     W  W  B  -  -  -  -  B  B  -  -  -  -  B  -  -  -  -  -
                     W  -  B  -  - -  -  -  -  B  -  -  -
        -  -
                     -  -  - -  B  -  -  -  -  -  -  -  -  -  -  W  -  -  -
Ticks: 38            -  -  B  -  -  -  -  B  -  -  -  -  -  -  W  W  -  -  -
                     -  -  -  -  -  -  -  -  -  -  -  -  -  B  -  W  W  -  -
                     -  -  -  -  -  -  -  -  -  -  -  -  -  -  -  W  -  -  -
Black: 46            B  -  -  -  -  -  -  -  -  -  -  -  -  W  W  W  -  -  -
                     -  -  -  -  -  -  -  -  -  -  B  -  W  W  -  W  -  -  -
                     -  -  -  B  -  -  -  -  B  -  -  -  -  W  -  -  B  -  B
                     -  -  -  -  -  -  B  -  -  -  -  -  -  -  -  -  -  -  -
                     -  -  -  -  -  -  -  -  -  -  -  -  -  B  -  -  B  -  -
                     -  -  -  -  B  -  B  -  -  -  -  -  B  -  -  -  -  -  -
                     -  -  -  -  -  -  -  -  -  -  -  -  -  -  -  -  -  -  -





39 B >




                     W  W  B  -  -  -  -  B  B  -  -  -  -  B  B  -  -  -  -
                     W  -  B  -  -  -  W   B  -  -  -  -  -  -  -  -
         -  B  -  -  -  -  -  - -  -  -  W  -  -  B  -
White: 39        -  -  -  -  -  -  -  -  -  B  -  -  -  -  B  -  -  W  -  W  B  -  -  -  -  -  -  -  W  -  -  -
Ticks: 39            -  -  B  -  -  -  -  B  -  -  -  -  -  W  W  W  -  -  -
                     -  -  -  -  -  -  -  -  -  -  -  -  -  B  -  W  W  -  -
                     -  -  -  -  -  -  -  -  -  -  -  -  -  -  -  W  -  -  -
Black: 47            B  -  -  -  -  -  -  -  -  -  -  -  -  W  W  W  -  -  -
                     -  -  -  -  -  -  -  -  -  -  B  -  W  W  -  W  -  -  -
                     -  -  -  B  -  -  -  -  B  -  -  -  -  W  -  -  B  -  B
                     -  -  -  -  -  -  B  -  -  -  -  -  -  -  -  -  -  -  -
                     -  -  -  -  -  -  -  -  -  -  -  -  -  B  -  -  B  -  -
                     -  -  -  -  B  -  B  -  -  -  -  -  B  -  -  -  -  -  -
                     -  -  -  -  -  -  -  -  -  -  -  -  -  -  -  -  -  -  -





40 B >




                     W  W  B  -  -  -  -  B  B  -  -  -  -  B  B  -  -  -  -
                     W  -  B  -  -                    -  W  -  -  -  -   -  -  B  -  B  -  -  -  -  -  -  -  -  -  B  -  -  -  -  -  W  W  W  -  -  -
                     -  -  -  -  -  -  -  -  -  -  -  -  -  B  -  W  W  -  -
                     -  -  -  -  -  -  -  -  -  -  -  -  -  W  -  W  -  -  -
Black: 52            B  -  -  -  -  -  -  -  -  -  -  -  -  W  W  W  -  -  -
                     -  -  -  -  -  -  -  -  -  -  B  -  W  W  -  W  -  -  -
                     -  -  -  B  -  -  -  -  B  -  -  -  -  W  -  -  B  -  B
                     -  -  -  -  -  -  B  -  -  -  -  -  -  -  -  -  -  -  -
                     -  -  -  -  -  -  -  -  -  -  -  -  -  B  -  -  B  -  -
                     -  -  -  -  B  -  B  -  -  -  -  -  B  -  -  -  -  -  -
                     -  -  -  -  -  -  -  -  -  -  -  -  -  -  -  -  -  -  -





41 B >41 B >




                     W  W  B  -  -  -  -  B  B  -  -  -  -  B  B  -  -  -  -
                     W  -  B  -  -  -  W  W  W  -  -  -  -  -      -  W  -  -  -  -  -  B  B  - -  -  -  -  -  -  W  -  -  -
Ticks: 41            -  -  B  -  -  -  -  B  -  -  -  -  -  W  W  W  -  -  -
                     -  -  -  -  -  -  -  -  -  -  -  -  -  B  -  W  W  -  -
                     -  -  -  -  -  -  -  -  -  -  -  -  -  W  -  W  -  -  -
Black: 53            B           -  -  -  -  -  -  -  -  -  -  B  -  W  W  -  W  -  -  -
                     -  -  -  B  -  -  -  -  B  -  -  -  -  W  -  -  B  -  B
                     -  -  -  -  -  -  B  -  -  -  -  -  -  W  -  -  -  -  -
                     -  -  -  -  -  -  -  -  -  -  -  -  -  B  -  -  B  -  -
                     -  -  -  -  B  -  B  -  B  -  -  -  B  -  -  -  -  -  -
                     -  -  -  -  -  -  -  -  -  -  -  -  -  -  -  -  -  -  -





42 B >




                     W  W  B  -  -  -  -  B  B  -  -  -  -  B  B  -  -  -  -
                     W  -  B  -  -  -             -  W  -  -  -  -  -  W  -  W  B  -  -
                    -  -  B  -  B  -  -  -  -  -  -  -  -  -  -  W  -  -  -
Ticks: 42            -  -  B  -  -  -  -  B  -  -  -  -  W  W  W  W  -  -  -
                     -  -  -  -  -  -  -  -  -  -  -  -  -  B  -  W  W  -  -
                     -  -  -  -  -  -  -  -  B  -  -  -  -  W  -  W  -  -  -
Black: 54            B  -  -  -  -  -  -  -  -  -  -  -  -  W  W  W  -  -  -
                     -  -  -  -  -  -  -  -  -  -  B  -  W  W  -  W  -  -  -
                     -  -  -  B  -  -  -  -  B  -  -  -  -  W  -  -  B  -  B
                     -  -  -  -  -  -  B  -  -  -  -  -  -  W  -  -  -  -  -
                     -  -  -  -  -  -  -  -  -  -  -  -  -  B  -  -  B  -  -
                     -  -  -  -  B  -  B  -  B  -  -  -  B  -  -  -  -  -  -
                     -  -  -  -  -  -  -  -  -  -  -  -  -  -  -  -  -  -  -





43 B >




                     W  W  B  -  -  -
                     W  B  -  W  -  W  W  -  -  -  -  --  -
                     W  -  -
                     -  B  - -  -  -  -  -  W  -  -  -
Ticks: 43            -  -  B  -  -  -  -  B  -  -  -  -  W  W  W  W  -  -  -
                     -  -  -  -  -  -  -  -  -  -  -  -  -  B  -  W  W  -  -
                     -  -  -  -  -  -  -  -  B  -  -  -  W  W  -  W  -  -  -
Black: 54            B  -  -  -  -  -  -  -  -  -  -  -  -  W  W  W  -  -  -
                     -  -  -  -  -  -  -  -  -  -  B  -  W  W  -  W  -  -  -
                     -  -  -  B  -  -  -  -  B  -  -  -  -  W  -  -  B  -  B
                     -  -  -  -  -  -  B  -  -  -  -  -  -  W  -  -  -  -  -
                     -  -  -  -  -  -  -  -  -  -  -  -  -  B  -  -  B  -  -
                     -  -  -  -  B  -  B  -  B  -  -  -  B  -  -  -  -  -  -
                     -  -  -  -  -  -  -  -  -  -  -  -  -  -  -  -  -  -  -





44 B >




                     W  W  B  -  -  -  -  B  B  -  -     W  W  W  -  B  -  W  -  W  W   -  -  -  B  -  -  W  W  W  W  - 
                     -  -  B  -  B  -  -  - -  -  -  -  -  -  -  W  -  -  -
Ticks: 44            -  -  B  -  -  -  -  B  -  -  -  -  W  W  W  W  -  -  -
                     -  -  -  -  -  -  -  -  -  -  -  -  -  B  -  W  W  -  -
                     -  -  -  -  -  -  -  -  B  -  -  -  W  W  -  W  -  -  -
Black: 54            B  -  -  -  -  -  -  -  -  -  -  -  -  W  W  W  -  -  -
                     -  -  -  -  -  -  -  -  -  -  B  -  W  W  -  W  -  -  -
                     -  -  -  B  -  -  -  -  B  -  -  -  -  W  W  -  B  -  B
                     -  -  -  -  -  -  B  -  -  -  -  -  -  W  -  -  -  -  -
                     -  -  -  -  -  -  -  -  -  -  -  -  -  B  -  -  B  -  -
                     -  -  -  -  B  -  B  -  B  -  B  -  B  - 45 B >




                     W  W  B  -  -  -  -  B  B  -  -                 W  W  W  -  B  -  W  W  -  -  -  -  -  B  -  -  -
                     W  W  -  -  -  -  B  -  W  B  B  -  -  -  -  -  -  -  -
                   -  W  -  -  B  -
White: 45      B  -  -  -  -  -  -  -  -  -  -  W  -  -  -
Ticks: 45            -  -  B  -  -  -  -  B  -  -  -  -  W  W  W  W  -  -  -
                     -  -  -  -  -  -  -  -  -  -  -  -  -  B  -  W  W  -  -
                     -  -  -  -  -  -  -  -  B  -  -  -  W  W  -  W  -  -  -
Black: 58            B  -  -  -  -  -  -  -  -  -  -  -  -  W  W  W  -  -  -
                     -  -  -  -  -  -  -  -  -  -  B  -  W  W  -  W  W  -  -
                     -  -  -  B  -  -  -  -  B  -  -  -  -  W  W  -  B  -  B
                     -  -  -  -  -  -  B  -  -  -  -  -  -  W  -  -  -  -  -
                     -  -  -  -  -  -  -  -  -  -  -  -  -  B  -  -  B  -  -
                     -  -  -  -  B  -  B  -  B  -  B  -  B  -  -  -  -  -  -
                     -  -  -  -  -  -  -  -  -  -  -  -  -  -  -  -  -  -  -





46 B >




                     W  W  B  -  -  -  -  B  B  -  -  -  -  B  B  -  -  -  -
                     W  -  B  -  -  B  W  W  W  -  -  -  -  -  -  -  --  B  -  -  -
                  -  -  -  B  -  -  W  W  W  W  -  -  -
                     -  -  -  -  -  -  -  B  -  -  W  -  W  B-
                     -  -  B  -  B  -  -  -  -  -  -  -  -  -  -  W  -  -  -
Ticks: 46            -  -  B  -  -  -  -  B  -  -  -  -  W  W  W  W  -  -  -
                     -  -  -  -  -  -  -  -  -  -  -  -  -  B  -  W  W  -  -
                     -  -  -  -  -  -  -  -  B  -  -  W  W  W  -  W  -  -  -
Black: 59            B  -  -  -  -  -  -  -  -  -  -  -  -  W  W  W  -  -  -
                     B  -  -  -  -  -  -  -  -  -  B  -  W  W  -  W  W  -  -
                     -  -  -  B  -  -  -  -  B  -  -  -  -  W  W  -  B  -  B
                     -  -  -  -  -  -  B  -  -  -  -  -  -  W  -  -  -  -  -
                     -  -  -  -  -  -  -  -  -  -  -  -  -  B  -  -  B  -  -
                     -  -  -  -  B  -  B  -  B  -  B  -  B  -  -  -  -  -  -
                     -  -  -  -  -  -  -  -  -  -  -  -  -  -  -  -  -  -  -





47 B >47 B >




                     W  W  B  -  -  -  W  B  B  -  -  -  -  -  -  B  B
               W  W  W  -  B  -  W  -  W  W  -    -  W  -  -  -  -  -  B  B  -  B  -  -  -  -  -  -  -  -  -  -  -B  -  B  -  -  -  -  -  -  -  -  -  -  W  -  -  -
Ticks: 47            -  -  B  -  -  -  -  B  -  -  -  -  W  W  W  W  -  -  -
                     -  -  -  -  -  -  -  -  -  -  -  -  -  B  -  W  W  -  -
                     -  -  -  -  -  -  -  -  B  -  -  W  W  W  -  W  -  -  -
Black: 59            B  -  -  -  -  -  -  -  -  -  -  -  -  W  W  W  -  -  -
                     B  -  -  -  -  -  -  -  -  -  B  -  W  W  -  W  W  -  -
                     -  -  -  B  -  -  -  -  B  -  -  -  -  W  W  -  B  -  B
                     -  -  -  -  -  -  B  -  -  -  -  -  -  W  -  -  -  -  -
                     -  -  -  -  -  -  -  -  -  -  -  -  -  B  -  -  B  -  -
                     -  -  -  -  B  -  B  -  B  -  B  -  B  -  -  -  -  -  -
                     -  -  -  -  -  -  -  -  -  -  -  -  -  -  -  -  -  -  -





48 B >48 B




                     W  W  B   -  -  -  -  -  -  -  -  B  B
   -  B  -
White: 48            -  B-  -  B  -  -  -  -  B  - -  -
                     -  -  B  -   -  -  -  W  -  -  -
Ticks: 48            -  -  B  -  -  -  -  B  -  -  -  -  W  W  W  W  -  -  -
                     -  -  -  -  -  -  -  -  -  -  -  -  -  B  -  W  W  -  -
                     -  -  -  -  -  -  -  -  B  -  -  W  W  W  -  W  -  -  -
Black: 60            B  -  -  -  -  -  -  -  -  -  -  -  -  W  W  W  -  -  -
                     B  -  -  -  -  -  -  -  -  -  B  -  W  W  -  W  W  -  -
                     -  -  -  B  -  -  -  -  B  -  -  -  -  W  W  -  B  -  B
                     -  -  -  -  -  -  B  -  -  -  -  -  -  W  -  -  -  -  -
                     -  -  -  -  -  -  -  -  -  -  -  -  -  B  -  -  B  -  -
                     -  -  -  -  B  -  B  -  B  -  B  -  B  -  -  -  -  -  -
                     -  -  -  -  -  -  -  -  -  -  -  -  -  -  -  -  -  -  -





49 B >




                     W  W  B  -  -  -  W  B  B  -  -    W  W  W  -  B  -  W  -  W  W  -  -  -  B  -  -  -
                     W  W  -  -  -  -  B  -  W  B  B  -  -  -  -  -  -  -  -
                     -  W  - B  -
White: 49            -  B  - -  -  -  -  W  -  -  -
Ticks: 49            -  -  B  -  -  -  -  B  -  -  -  -  W  W  W  W  -  -  -
                     -  -  -  -  -  -  -  -  -  -  -  -  -  B  -  W  W  -  -
                     -  -  -  -  -  -  -  -  B  -  -  W  W  W  -  W  -  -  -
Black: 60            B  -  -  -  -  -  -  -  -  -  -  -  -  W  W  W  -  -  -
                     B  -  -  -  -  -  -  -  -  -  B  -  W  W  -  W  W  -  -
                     -  -  -  B  -  -  -  -  B  -  -  -  -  W  W  -  B  -  B
                     -  -  -  -  -  -  B  -  -  -  -  -  -  W  -  -  -  -  -
                     -  -  -  -  -  -  -  -  -  -  -  -  -  B  -  -  B  -  -
                     -  -  -  -  B  -  B  -  B  -  B  -  B  -  -  -  -  -  -
                     -  -  -  -  -  -  -  -  -  -  -  -  -  -  -  -  -  -  -





50 B >




                     W  W  B  -  -  -  W  B  B  -  -  -  B  B  B  -  -  -  -
                     W  -  B  -  -  B  W  W  W  -  -  -  -  -  -  -  -  -  -  -  -  B  -  -  -
          W  -  -  -  -  -  B  -  -  W  W W  W  W  -  -
                    -  -  -  B  -  -  -  -  B  -  --  W  B  -  -
                     -  -  B  -  B  -  -  -  -  -  -  -  -  -  -  W  -  -  -
Ticks: 50            -  -  B  -  -  -  -  B  -  -  -  -  W  W  W  W  -  -  -
                     -  -  -  -  -  -  -  -  -  -  -  -  -  B  -  W  W  W  -
                     -  B  -  -  -  -  -  -  B  -  -  W  W  W  -  W  -  -  -
Black: 61            B  -  -  -  -  -  -  -  -  -  -  -  -  W  W  W  -  -  -
                     B  -  -  -  -  -  -  -  -  -  B  -  W  W  -  W  W  -  -
                     -  -  -  B  -  -  -  -  B  -  -  -  -  W  W  -  B  -  B
                     -  -  -  -  -  -  B  -  -  -  -  -  -  W  -  -  -  -  -
                     -  -  -  -  -  -  -  -  -  -  -  -  -  B  -  -  B  -  -
                     -  -  -  -  B  -  B  -  B  -  B  -  B  -  -  -  -  -  -
                     -  -  -  -  -  -  -  -  -  -  -  -  -  -  -  -  -  -  -





51 B >




                     W  W  B  -  -  -  W  B  B  -  -  -  B -  -  -  -  -  -  B  B
               W  W  W  -  B  -  W  -  W  W      -  W  -  -  -  -  -  B  B  -  B  -  B  -  -  -  -  -  -  -  -  -  -  W  -  -  -
Ticks: 51            -  -  B  -  -  -  -  B  -  -  -  -  W  W  W  W  -  -  -
                     -  -  -  -  -  -  -  -  -  -  -  -  -  B  -  W  W  W  -
                     -  B  -  -  -  -  -  -  B  -  -  W  W  W  -  W  -  -  -
Black: 62            B  -  -  -  -  -  -  -  -  -  -  -  -  W  W  W  -  -  -
                     B  -  -  B  -  -  -  -  -  -  B  -  W  W  -  W  W  -  -
                     -  -  -  B  -  -  -  -  B  -  -  -  -  W  W  -  B  -  B
                     -  -  -  -  -  -  B  -  -  -  -  -  -  W  -  -  -  -  -
                     -  -  -  -  -  -  -  -  -  -  -  -  -  B  -  -  B  -  -
                     -  -  -  -  B  -  B  -  B  -  B  -  B  -  -  -  -  -  -
                     -  -  -  -  -  -  -  -  -  -  -  -  -  -  -  -  -  -  -





52 B >




                     W  W  B  -  -  -  W  B  B  -  -  -  B  B  B  -  -  -  -
                     W  -  B  -  -  B  W                W  W  W  -  B  -  W W  -  -  -  -  -  B  -  -  B  -  -
                     -  -  B   -  -  -  -  -  -  -  W  -  -  -
Ticks: 52            -  -  B  -  -  -  -  B  -  -  -  -  W  W  W  W  -  -  -
                     -  -  -  -  -  -  -  -  -  -  -  -  -  B  -  W  W  W  B
                     -  B  -  -  -  -  -  -  B  -  -  W  W  W  -  W  -  W  -
Black: 63            B  -  -  -  -  -  -  -  -  -  -  -  -  W  W  W  -  -  -
                     B  -  -  B  -  -  -  -  -  -  B  -  W  W  -  W  W  -  -
                     -  -  -  B  -  -  -  -  B  -  -  -  -  W  W  -  B  -  B
                     -  -  -  -  -  -  B  -  -  -  -  -  -  W  -  -  -  -  -
                     -  -  -  -  -  -  -  -  -  -  -  -  -  B  -  -  B  -  -
                     -  -  -  -  B  -  B  -  B  -  B  -  B  -  -  -  -  -  -
                     -  -  - -  -  -  -  -  -  -  -  -  -  -  -  -  -  -





53 B >




                     W  W  B  -  -  -  W  B  B  -  -  -   W  W  -  -  -  -  B  -  W  B  B -  -  -  -  B  -  -  W  -  W  B  -  -  W  -  -  -
Ticks: 53            -  -  B  -  -  -  -  B  -  -  -  -  W  W  W  W  -  -  -
                     -  -  -  -  -  -  -  -  -  -  -  -  -  B  -  W  W  W  B
                     -  B  -  -  -  -  -  -  B  -  -  W  W  W  -  W  -  W  -
Black: 63            B  -  -  -  -  -  -  -  -  -  -  -  -  W  W  W  -  W  -
                     B  -  -  B  -  -  -  -  -  -  B  -  W  W  -  W  W  -  -
                     -  -  -  B  -  -  -  -  B  -  -  -  -  W  W  -  B  -  B
                     -  -  -  -  -  -  B  -  -  -  -  -  -  W  -  -  -  -  -
                     -  -  -  -  -  -  -  -  -  -  -  -  -  B  -  -  B  -  -
                     -  -  -  -  B  -  B  -  B  -  B  -  B  -  -  -  -  -  -
                     -  -  -  -  -  -  -  -  -  -  -  -  -  -  -  -  -  -  -





54 B >




                     W  W  B  -  -  -  W  B  B  -  -  -  B  B  B  -  -  -  -
                     W  -  B  -  -  B  W  W  W  -  -  -  -  -  -  -  -W  -  -  -  -  -  B  B  -  -  -    -  -  -  -  W  W  -  -
Ticks: 54            -  -  B  -  -  -  -  B  -  -  -  -  W  W  W  W  -  -  -
                     -  -  -  -  -  -  -  -  -  -  -  -  -  B  -  W  W  W  B
                     -  B  -  -  -  -  -  -  B  -  -  W  W  W  -  W  -  W  -
Black: 65            B  -  -  -  -  -  -  -  -  -  -  -  -  W  W  W  -  W  -
                     B  -  -  B  -  -  -  -  -  -  B  -  W  W  -  W  W  -  -
                     -  -  -  B  -  -  -  -  B  -  -  -  -  W  W  -  B  -  B
                  




                     W  W  B  -  -  -  W  B  B  -  -  -  B  B-  -  -  -  -  B  B
               W  W  -  -  -  -  B  -  W  -  W  -  -  -
                 -  W  -  -  B  -
White: 55         -  -  B  -  B  -  -  -  -  -  -  -  -  -  -  W  W  -  -
Ticks: 55            -  -  B  -  -  -  -  B  -  -  -  -  W  W  W  W  -  -  -
                     -  -  -  -  -  -  -  -  -  -  -  -  -  B  -  W  W  W  B
                     -  B  -  -  -  -  -  -  B  -  -  W  W  W  -  W  -  W  -
Black: 66            B  -  -  -  -  -  -  -  -  -  -  -  -  W  W  W  -  W  -
                     B  -  -  B  -  -  -  -  -  -  B  -  W  W  -  W  W  -  -
                     -  -  -  B  -  -  -  -  B  -  -  -  -  W  W  -  B  -  B
                     -  -  -  -  -  -  B  -  -  -  -  -  -  W  -  -  -  -  -
                     -  -  -  -  -  -  -  -  -  -  -  -  -  B  -  -  B  -  -
                     -  -  -  -  B  -  B  -  B  -  B  -  B  B  -  -  -  -  -
                     -  -  -  -  -  -  -  -  -  -  -  -  -  -  -  -  -  -  -





56 B >56 B >




                     W  W  B  -  -  -  W  B  B  -  -  -  B  B  B  -  -  -  -
    -
                     -  W   -  -  -  -  -  -  -  -  W  W  -  -
Ticks: 56            B  -  -  -  -  W  W  W  W  -  -  -
                     -  -  -  -  -  -  -  -  -  -  -  -  -  B  -  W  W  W  B
                     -  B  -  -  -  -  -  -  B  -  -  W  W  W  -  W  -  W  -
Black: 67            B  -  -  -  -  -  -  -  -  -  -  -  -  W  W  W  -  W  -
                     B  -  -  B  -  -  -  -  -  -  B  -  W  W  -  W  W  -  -
                     -  -  -  B  -  -  -  -  B  -  -  -  -  W  W  -  B  -  B
                     -  -  -  -  -  -  B  -  -  -  -  -  -  W  -  -  -  -  -
                     -  -  -  -  -  -  -  -  -  -  -  -  -  B  -  -  B  -  -
                     -  -  -  -  B  -  B  -  B  -  B  -  B  B  -  -  -  -  -
                     -  -  -  -  -  -  -  -  -  -  -  -  -  -  -  -  -  -  -





57 B >




                     W  W  B  -  -  -  W  B  B  -  -  -  B  B  B  -  -  -  -
                     W  -  B  -  -  B  W  W  W  -  -  -  -  -  -  -  -  B  B
                     W  W  W  W  B  -  W  -  W  W  -  -  -  -  -  B  -  -  -
                     W  W  -  -  -  -  B  -  W  B  B  -  -  -  -  W  -  -  -
    B  B  -  -  -  -  W  W  -                    B  B  -  W  -  -  -  -  -  B  -  -  -  -  W  -  -  B  -
White: 57            -  B  -  W  -  -  -  -  -  B  B  -  W           -  -  B  -  B  -  -  -  -  -  -  -  -  -  -  W  W  -  -
Ticks: 57            -  -  B  -  -  -  -  B  -  -  -  -  W  W  W  W  -  -  -
                     -  -  -  -  -  -  -  -  -  -  -  -  -  B  -  W  W  W  B
                     -  B  -  -  -  -  -  -  B  -  -  W  W  W  -  W  -  W  -
Black: 68            B  -  -  -  -  -  -  -  -  -  -  -  -  W  W  W  -  W  -
                     B  -  -  B  -  -  -  -  -  -  B  -  W  W  -  W  W  -  -
                     -  -  -  B  -  -  -  -  B  -  -  -  -  W  W  -  B  -  B
                     -  -  -  -  -  -  B  -  -  -  -  -  -  W  -  -  -  -  -
                     -  -  B  -  -  -  -  -  -  -  -  -  -  B  -  -  B  -  -
                     -  -  -  -  B  -  B  -  B  -  B  -  B  B  -  -  -  -  -
                     -  -  -  -  -  -  -  -  -  -  -  -  -  -  -  -  -  -  -





58 B >




                     W  W  B  -  -  -  W  B  B  -  -  -  B  B  B  -  -  -  -
                     W  -  B  B  -  B  W  W  W  -                     W  W  W  W  B -  B  -  W  -  -  -  -  -  B  B  -  -  B  -  B  -  -  -  -  -  -  -  -  -  -  W  W  -  -
Ticks: 58            -  -  B  -  -  -  -  B  -  -  -  -  W  W  W  W  -  -  -
                     -  -  -  -  -  -  -  -  -  -  -  -  -  B  -  W  W  W  B
                     -  B  -  -  -  -  -  -  B  -  -  W  W  W  -  W  -  W  -
Black: 71            B  -  -  -  -  -  -  -  -  -  -  -  -  W  W  W  -  W  W
                     B  -  -  B  -  -  -  -  -  -  B  -  W  W  -  W  W  -  -
                     -  -  -  B  -  -  -  -  B  -  -  -  -  W  W  -  B  -  B
                     -  -  -  -  -  -  B  -  -  -  -  -  -  W  -  -  -  -  -
                     -  -  B  -  -  -  -  -  -  -  -  -  -  B  -  -  B  -  -
                     -  -  -  -  B  -  B  -  B  -  B  -  B  B  -  -  -  -  -
                     -  -  -  -  -  -  -  -  -  -  -  -  -  -  -  -  -  -  -





59 B >




                     W  W  B  -  -  -  W  B  B  -  -  -  B  B  B  -  -  -  -
                     W  -  B  B  -  B  W  B  -  -  -  -  W  W  -  -  9            -  B  -  W  -  -  -   B  B  -  W  W  W  W  W  W  -
    W  W  -  -
Ticks: 59            -  -  B  -  -  -  -  B  -  -  -  -  W  W  W  W  -  -  -
                     -  -  -  -  -  -  -  -  -  -  -  -  -  B  -  W  W  W  B
                     -  B  -  -  -  -  -  -  B  -  -  W  W  W  -  W  -  W  -
Black




                     W  W  BB  W  W  W  -  -  -  -  -  -  -   B  B
                    B  -  W  -  W  W  -  -  -  -  -  B  -  -  -
                     W  W  -  -  -  -  B  -  W  B  B  -  B  -  -  W  -  W  -  -  B  -
Whi  -
Ticks: 60            -  -  B  -  -  -  -  B  -  -  -  -  W  W  W  W  -  -  -
                     -  -  -  -  -  -  -  -  -  -  -  -  -  B  -  W  W  W  B
                     -  B  -  -  -  -  -  -  B  -  -  W  W  W  -  W  -  W  -
Black: 90            B  -  -  -  -  -  -  -  -  -  -  -  -  W  W  W  -  W  W
                     B  -  -  B  -  -  -  -  -  -  B  -  W  W  -  W  W  -  -
                     -  -  -  B  -  -  B  -  B  -  -  -  -  W  W  -  B  -  B
                     -  -  -  -  -  -  B  B  -  -  -  -  -  W  -  -  -  -  -
                     -  -  B  -  -  -  -  -  -  -  -  -  -  B  -  -  B  -  -
                     -  -  -  -  B  -  B  -  B  -  B  -  B  B  -  -  -  -  -
                     -  -  -  -  -  -  -  -  -  -  -  -  -  -  -  -  -  -  -





61 B >61 B >61 B >




                     W  W  B  -  -  -  W  B  B  -  -  -  B  B  B  -  -  -  -
                     W  -  B  B  -  B  W  W  W  -  -  -  -  -  -  -  -  B  B
                  W  -  -  -  -  -  B  -  -  -
    W  W  W  -
                     -  -  -  -  -  -  W  W  -  -
Ticks: 61            -  -  B  -  -  -  -  B  -  -  -  -  W  W  W  W  -  -  -
                     -  -  -  -  -  -  -  -  -  -  -  -  -  B  -  W  W  W  B
                     -  B  -  -  -  -  -  -  B  -  -  W  W  W  -  W  -  W  -
Black: 89            B  -  -  -  -  -  -  -  -  -  -  -  -  W  W  W  -  W  W
                     B  -  -  B  -  -  -  -  -  -  B  -  W  W  -  W  W  -  -
                     -  -  -  B  -  -  B  -  B  -  -  -  -  W  W  -  B  -  B
                     -  -  -  -  -  -  B  B  -  -  -  -  -  W  -  -  -  -  -
                     -  -  B  -  -  -  -  -  -  -  -  -  -  B  -  -  B  -  -
                     -  -  -  -  B  -  B  -  B  -  B  -  B  B  -  -  -  -  -
                     -  -  -  -  -  -  -  -  -  -  -  -  -  -  -  -  -  -  -





62 B >




                                W  -  B  B  B  B  W  W-  -  -  -  -  B  -  -  -
        W  W  -  -  -  -  B  -  W           B  B  -  W  -  -  -  -          -  -  B  -  B  -  -  -  -  -  -  -  -  -  -  W  W  -  -
Ticks: 62            -  -  B  -  -  -  -  B  -  -  -  -  W  W  W  W  -  -  -
                     -  -  -  -  -  -  -  -  -  -  -  -  -  B  -  W  W  W  B
                     -  B  -  -  -  -  -  -  B  -  -  W  W  W  -  W  -  W  -
Black: 90            B  -  -  -  -  -  -  -  -  -  -  W  -  W  W  W  -  W  W
                     B  -  -  B  -  -  -  -  -  -  B  -  W  W  -  W  W  -  -
                     -  -  -  B  -  -  B  -  B  -  -  -  -  W  W  -  B  -  B
                     -  -  -  -  -  -  B  B  -  -  -  -  -  W  -  -  -  -  -
                     -  -  B  -  -  -  -  -  -  -  -  -  -  B  -  -  B  -  -
                     -  -  -  -  B  -  B  -  B  -  B  -  B  B  -  -  -  -  -
                     -  -  -  -  -  -  -  -  -  -  -  -  -  -  -  -  -  -  -





63 B >63 B >




                     W  W  B  -  -  -  W  B  B  W  -  -  -  -  -  B  B  -  -  -    W  -  -
Ticks: 63            -  -  B  -  -  -  -  B  -  -  -  -  W  W  W  W  -  -  -
                  -  B  -  W  W  W  B
                     -  B  -  -  -  -  -  -  B  -  -  W  W  W  -  W  -  W  -
Black: 90            B  -  -  -  -  -  -  -  -  -  -  W  -  W  W  W  -  W  W
                     B  -  -  B  -  -  -  -  -  -  B  -  W  W  -  W  W  -  -
                     -  -  -  B  -  -  B  -  B  -  -  -  -  W  W  -  B  -  B
                     -  -  -  -  -  -  B  B  -  -  -  -  -  W  -  -  -  -  -
                     -  -  B  -  -  -  -  -  -  -  -  -  -  B  -  -  B  -  -
                     -  -  -  -  B  -  B  -  B  -  B  -  B  B  -  -  -  -  -
                     -  -  -  -  -  -  -  -  -  -  -  -  -  -  -  -  -  -  -





64 B >64 B >64 B >




                     W  W  B  -  -  -  W  B  B  -  -  -  B  B  B  - W  -  -  -  -  -  -  -  -  B  B
  B  W  W  -  -  -  -  -  B  -  -  W  -  W  -  -  B  -
White: 64    -  -  -  -  -  -  -  -  W  W  -  -
Ticks: 64            -  -  B  -  -  -  -  B  -  -  -  -  W  W  W  W  -  -  -
                     B  -  -  -  -  -  -  -  -  -  -  -  -  B  -  W  W  W  B
                     -  B  -  -  -  -  -  -  B  -  -  W  W  W  -  W  -  W  -
Black: 87            B  -  -  -  -  -  -  -  -  -  -  W  -  W  W  W  -  W  W
                     B  -  -  B  -  -  -  -  -  -  B  -  W  W  -  W  W  -  -
                     -  -  -  B  -  -  B  -  B  -  -  -  -  W  W  -  B  -  B
                     -  -  -  -  -  -  B  B  -  -  -  -  -  W  -  -  -  -  -
                     -  -  B  -  -  -  -  -  -  -  -  -  -  B  -  -  B  -  -
                     -  -  -  -  B  -  B  -  B  -  B  -  B  B  -  -  -  -  -
                     -  -  -  -  -  -  -  -  -  -  -  -  -  -  -  -  -  -  -





65 B >65 B >




            W  W  B  -  -  -  W  B  B  - -  -  -  -  -  B  B
              W  W  B  -  W  -  W  W  -  -  --  W  -  -  -  -  -  B  B  -  -  -  -  -  -  -  -  -  W  W  -  -
Ticks: 65            -  -  B  -  -  -  -  B  -  -  -  -  W  W  W  W  -  -  -
                     B  -  -  -  -  -  -  -  -  -  -  -  -  B  -  W  W  W  B
                     -  B  -  -  -  -  -  -  B  -  -  W  W  W  -  W  -  W  -
Black: 90            B  -  -  -  -  -  -  -  -  -  -  W  -  W  W  W  -  W  W
                     B  -  -  B  -  -  -  -  -  -  B  -  W  W  -  W  W  -  -
                     -  -  -  B  -  -  B  -  B  -  -  -  -  W  W  -  B  -  B
                     -  -  -  -  -  -  B  B  -  -  -  -  -  W  -  -  -  -  -
                     -  -  B  -  -  -  -  -  -  -  -  -  -  B  -  -  B  -  -
                     -  -  -  -  B  -  B  -  B  -  B  -  B  B  -  -  -  -  -
                     -  -  -  -  -  -  -  -  -  -  -  -  -  -  -  -  -  -  -





66 B >




                     W  W  B  -  -  -  W  B  B  -  -  -  B  B  B  -  -  -  -
                     W  -  B  B  B  B  W  W  W  -  -  -  -  -  -  -  -  B             W  W  -  -  -  --  W  -  B  -  -  -  -  B  -  -   -  -  W  -  -  W  W  B  -
Ticks: 66            -  -  B  -  -  -  -  B  -  -  -  -  W  W  W  W  -  -  -
                     B  -  -  -  -  -  -  -  -  -  -  -  -  B  -  W  W  W  B
                     -  B  -  -  -  -  -  -  B  -  -  W  W  W  -  W  -  W  -
Black: 91            B  -  -  -  -  -  -  -  -  -  -  W  -  W  W  W  -  W  W
                     B  -  -  B  -  -  -  -  -  -  B  -  W  W  -  W  W  -  -
                     -  -  -  B  -  -  B  -  B  -  -  -  -  W  W  -  B  -  B
                     -  -  -  -  -  -  B  B  -  -  -  -  -  W  -  -  -  -  -
                     -  -  B  -  -  -  -  -  -  -  -  -  -  B  -  -  B  -  -
                     -  -  -  -  B  -  B  -  B  -  B  -  B  B  -  -  -  -  -
                     -  -  -  -  -  -  -  -  -  -  -  -  -  -  -  -  -  -  -





67 B >




                     W  W  B  -  -  -  W  B  B  -  -  -  B  B  B  -  -  -  -
                     W  -  B  B  B   W  W  W  B  -  W  -  W  W  -  -   B  B  B  B  -  W  W  W  W  W  W                 -  -  -  W  -  B -  -  -  B  -  -  W  -  W  -  W  -
                     -  -  B  -  B  -  -  -  -  -  -  -  W  -  -  W  W  B  -
Ticks: 67            -  -  B  -  -  -  -  B  -  -  -  -  W  W  W  W  -  -  -
                     B  -  -  -  -  -  -  -  -  -  -  -  -  B  -  W  W  W  B
                     -  B  -  -  -  -  -  -  B  -  -  W  W  W  -  W  -  W  -
Black: 85            B  -  -  -  -  -  -  -  -  -  -  W  -  W  W  W  -  W  W
                     B  -  -  B  -  -  -  -  -  -  B  -  W  W  -  W  W  -  -
                     -  -  -  B  -  -  B  -  B  -  -  -  -  W  W  -  B  -  B
                     -  -  -  -  -  -  B  B  -  -  -  -  -  W  -  -  -  -  -
                     -  -  B  -  -  -  -  -  -  -  -  -  -  B  -  -  B  -  -
                     -  -  -  -  B  -  B  -  B  -  B  -  B  B  -  -  -  -  -
                     -  -  -  -  -  -  -  -  -  -  -  -  -  -  -  -  -  -  -





68 B >




                     W  W  B  -    -  -  -  -  B  -  W  B  B  -  -  W  -  -  -  -
            B  W  W  -  -  -  -  -  B  -  - -  -  W  -  B  -  -  -  -  B  -  -  B  -  B  -  -  -  -  -  -  W  W  -  -  W  W  B  -
Ticks: 68            -  -  B  -  -  -  -  B  -  -  -  B  W  W  W  W  -  -  -
                     B  -  -  -  -  -  -  -  -  -  -  -  -  B  -  W  W  W  B
                     -  B  -  -  -  -  -  -  B  -  -  W  W  W  -  W  -  W  -
Black: 88            B  -  -  -  -  -  -  -  -  -  -  W  -  W  W  W  -  W  W
                     B  -  -  B  -  -  -  -  -  -  B  -  W  W  -  W  W  -  -
                     -  -  -  B  -  -  B  -  B  -  -  -  -  W  W  -  B  -  B
                     -  -  -  -  -  -  B  B  -  -  -  -  -  W  -  -  -  -  -
                     -  -  B  -  -  -  -  -  -  -  -  -  -  B  -  -  B  -  -
                     -  -  -  -  B  -  B  -  B  -  B  -  B  B  -  -  -  -  -
                     -  -  -  -  -  -  -  -  -  -  -  -  -  -  -  -  -  -  -





69 B >




                     W  W  B  -  -  -  W  B  B  -  -   W  -  -  -  -  -  B  B  -  -  - W  W  B  -
Ticks: 69            -  -  B  -  -  -  -  B  -  -  -  B  W  W  W  W  -  -  -
                     B  -  -  -  -  -  -  -  -  -  -  -  -  B  -  W  W  W  B
              W  W  B  -  -  -  W  B  B  -  -  -  -  -  -  B  B
   W  W  W  B  -  W  -  W  W  -  - -  W  -  -  -  -  -  B  B  -  - -  -  -  -  -  -  W  W  -  -  W  W  B  -
Ticks: 70            -  -  B  -  -  -  -  B  -  -  -  B  W  W  W  W  -  -  -
                     B  -  -  -  -  -  -  -  -  -  -  -  -  B  -  W  W  W  B
                     -  B  -  -  -  -  -  -  B  -  -  W  W  W  -  W  B  W  -
Black: 100           B  -  -  -  -  -  -  -  -  -  -  W  -  W  W  W  -  W  W
                     B  -  -  B  -  -  -  -  -  -  B  -  W  W  -  W  W  -  -
                     -  -  -  B  -  B  B  -  B  -  -  -  -  W  W  -  B  -  B
                     -  -  -  -  -  -  B  B  -  -  -  -  -  W  -  -  -  -  -
                     -  -  B  -  -  -  -  -  -  -  -  -  -  B  -  -  B  -  -
                     -  -  -  -  B  -  B  -  B  -  B  -  B  B  -  -  -  -  -
                     -  -  -  -  -  -  -  -  -  -  -  -  -  -  -  -  -  -  -





71 B >




                     W  W  B  -  -  -  W  B  B  -  -   B  B  B  -  -  -  -
        W  -  B  B  B  B  W  W  W  -  -  -  -  B  -  -  -  B  B
                     W  W  W  W  B  -   -  B  B  -  -  -  -  W  W  -  - B  -
Ticks: 71            -  -  B  -  -  - -  -  B  W  W  W  W  -  -  -
                     B  -  -  -  -  -  -  -  -  -  -  -  -  B  -  W  W  W  B
                     -  B  -  -  -  -  -  -  B  -  -  W  W  W  -  W  B  W  -
Black: 101           B  -  -  -  -  -  -  -  -  -  -  W  -  W  W  W  -  W  W
                     B  -  -  B  -  -  -  -  -  -  B  -  W  W  -  W  W  -  W
                     -  -  -  B  -  B  B  -  B  -  -  -  -  W  W  -  B  -  B
                     -  -  -  -  -  -  B  B  -  -  -  -  -  W  -  -  -  -  -
                     -  -  B  -  -  -  -  -  -  -  -  -  -  B  -  -  B  -  -
                     -  -  -  -  B  -  B  -  B  -  B  -  B  B  -  -  -  -  -
                     -  -  -  -  -  -  -  -  -  -  -  -  -  -  -  -  -  -  -





72 B >72 B >




                     W  W  B  -  -  -  W  B  B  -  -  -  B  B  B  -  -  -  -
                     W  -  B  B  B  B  W  W  W  -  -  -  -  B   -  -
                     -  W              -  -  B  -  B  -  -  -  -  -  -  W  W  -  -  W  W  B  -
Ticks: 72            -  -  B  -  -  -  -  B  -  -  -  B  W  W  W  W  -  -  -
                     B  -  -  -  -  -  -  -  -  -  -  -  -  B  -  W  W  W  B
                     -  B  -  -  -  -  -  -  B  -  W  W  W  W  -  W  B  W  -
Black: 101           B  -  -  -  -  -  -  -  -  -  -  W  -  W  W  W  -  W  W
                     B  -  -  B  -  -  -  -  -  -  B  -  W  W  -  W  W  -  W
                     -  -  -  B  -  B  B  -  B  -  -  -  -  W  W  -  B  -  B
                     -  -  -  -  -  -  B  B  -  -  -  -  -  W  -  -  -  -  -
                     -  -  B  -  -  -  -  -  -  -  -  -  -  B  -  -  B  -  -
                     -  -  -  -  B  -  B  -  B  -  B  -  B  B  -  -  -  -  -
                     -  -  -  -  -  -  -  -  -  -  -  -  -  -  -  -  -  -  -





73 B >




                     W  W  B  -  -  -  W  B  B  -  -  -  B  B  B  -  -  -  -
                    -  W  -  --  -  B  -  -  W  -  W  -  -  B  te: 74            -  B  -  W  W  W -  B  -  -  -  -  -  -  W  W  -  -  




                     W  W  B         -  W  -  -  -  -  -  B    -  -  W  W  -  -  -  -
                     B  B  W  W  -  -  -  -  -  B  -  -  W  -  W  -  -  B  W
White: 75            -  -  W  -  W  -  W  -
             


                     W  W  B  - W  W  W  -  -  -  -  B  -  -  -       W  W  W  W  B  -  W  -  W  W -  -  -  B  -  -  -
             W  -
                     -  W            -  -  B  -  B  -  -  -    B
                     -  B  -  -  -  -  -  -  B  -  W  W  W  W  -  W  B  W  -
Black: 111           B  -  -  -  -  -  B  -  -  -  -  W  -  W  W  W  -  W  W
                     B  -  -  B  -  -  -  -  -  -  B  -  W  W  -  W  W  -  W
                     -  -  -  B  -  B  B  -  B  -  B  -  -  W  W  -  B  -  B
                     -  -  -  -  -  -  B  B  -  -  -  -  -  W  -  -  -  -  -
                     -  -  B  -  -  -  -  -  -  -  -  -  -  B  -  -  B  -  -
                     -  -  -  -  B  -  B  -  B  -  B  -  B  B  -  -  -  -  -
                     -  -  -  -  -  -  -  -  -  -  -  -  -  -  -  -  -  -  -





76 B >76 B >




                     W  W  B  -  -  -  W  B  B B  -  W  -  W  W  -  -  -  -  -  B  -  W  W  W  W  W  W  W
          B  -  -  -  -  -  -  W  W  -  -  W  W  B  B
Ticks: 76            -  -  B  -  -  -  -  B  -  -  -  B  W  W  W  W  -  -  -
                     B  -  -  -  -  -  -  -  -  -  -  W  -  B  -  W  W  W  B
                     -  B  -  -  -  -  -  -  B  -  W  W  W  W  -  W  B  W  -
Black: 112           B  -  -  -  -  -  B  -  -  -  -  W  -  W  W  W  -  W  W
                     B  -  -  B  -  -  -  -  -  - -  W  W  -  W  W  -  W
              B  -  -  W  W  -  B  -  B
                     -  -  -  -  -  -  B  B  -  -  -  -  W  W  -  -  -  -  -
                     -  -  B  -  -  -  -  -  -  -  -  -  -  B  -  -  B  -  -
                     -  -  -  -  B  -  B  -  B  -  B  -  B  B  -  -  -  -  -
                     -  -  -  -  -  -  -  -  -  -  -  -  -  -  -  -  -  -  -





77 B >




                     W  W  B  -  -  -  W  B  B  -  - -  -  -  -  -  B  -  -  -
         W  W
                     -  -  




                     W W  W  B  B  -  -  B  -  W  W  W  -                  B  B  W  W  -    -  B  -  -  W  -  W  -  -  B  W -  -  -  B  -  -  W  -  W  -             W  W  B  -  -  -  W -  -  -  B  B  -  -  -  -  W  W      B  B  W  W  -  -  -  -  -    B  B
Ticks: 79            -  -  B  -  -  -  -  B  -  -  -  B  W  W  W  W  -  -  -
                     B  -  -  -  -  -  -  -  -  -  -  W  -  B  -  W  W  W  B
                     -  B  -  -  - B  B  -  -  -  B  B  B  -  -  -                W  W  W  W  B  -   -  -  -  -  -  B  -  -  -
        -  -  -  -  W  W  W  -  -  -
   -  -  -  W  W  W  -  -  W  W  B  B
Ticks: 80            -  -  B  -  -  -  -  B  -  -  -  B  W  W  W  W  -  -  B
                     B  -  -  -  -  -  -  -  -  -  -  W  -  B  -  W  W  W  B
                     -  B  -  -  -  -  -  -  B  -  W  W  W  W  -  W  B  W  -
Black: 122           B  -  -  -  -  -  B  -  -  -  -  W  -  W  W  W  -  W  W
                     B  -  -  B  -  -  -  -  -  -  B  -  W  W  -  W  W  -  W
                     -  -  -  B  -  B  B  -  B  -  B  B  -  W  W  -  B  -  B
                     -  -  -  -  -  -  B  B  -  -  W  W  W  W  -  -  -  -  -
                     -  -  B  -  -  -  -  -  -  -  -  -  -  B  -  -  B  -  -
                     -  -  -  -  B  -  B  -  B  -  B  -  B  B  -  B  -  -  -
                     -  -  -  -  -  -  -  -  -  -  -  -  -  -  -  -  -  -  -





81 B >




                    W  B  B  -  -  -  B  B  B  -  -  - -
                     W  -  B    W  W  W  -  -  -  -  B  -  B  -  B  B
                     W  W   B  B  -  -  -  -  W  W  W  - 1            -  -  B  -  -  -  -  B  - -  B
                     B  -  -  -  -  -  -  -  -  -  -  W  -  B  -  W  W  W  B
                     -  B  -  -  -  -  -  -  B  -  W  W  W  W  -  W  B  W  -
Black: 124           B  -  -  -  -  -  B  -  -  -  -  W  -  W  W  W  -  W  W
                     B  -  -  B  -  -  -  -  -  -  B  -  W  W  -  W  W  -  W
                     -  -  -  B  -  B  B  -  B  -  B  B  -  W  W  -  B  -  B
                     -  -  -  -  -  -  B  B  -  -  W  W  W  W  -  -  -  -  -
                     -  -  B  -  -  -  -  -  -  -  -  W  -  B  -  -  B  -  -
                     -  -  -  -  B  -  B  -  B  -  B  -  B  B  -  B  -  -  -
                     -  -  -  -  -  -  -  -  -  -  -  -  -  -  -  -  -  -  -





82 B >82 B >




                     W  W  B  -  -  W  W  B  B  -  -  -  B  B  B  -  -  -  -
                     W  -  B  B  B  B  W  W  W  -  -  -  -  B B  -  -  -  -  W  W  W  -  -  -
 W  W  -  -  W  W  B  B
Ticks: 82            -  -  B  -  -  -  -  B  -  -  -  B  W  W  W  W  -  -  B
                     B  -  -  -  -  -  -  -  -  -  -  W  -  B  -  W  W  W  B
                     -  B  -  -  -  -  -  -  B  -  W  W  W  W  -  W  B  W  -
Black: 127           B  -  -  -  -  -  B  -  -  -  -  W  -  W  W  W  -  W  W
                     B  -  -  B  -  -  -  -  -  -  B  -  W  W  -  W  W  -  W
                     -  -  -  B  -  B  B  -  B  -  B  B  -  W  W  -  B  -  B
                     -  -  -  -  -  -  B  B  -  -  W  W  W  W  B  -  -  -  -
                     -  -  B  -  -  -  -  -  -  -  -  W  -  B  -  -  B  -  -
                     -  -  -  -  B  -  B  -  B  -  B  -  B  B  -  B  -  -  -
                     -  -  -  -  -  -  -  -  -  -  -  -  -  -  -  -  -  -  -





83 B >




                     W  W  B  -  -  W  W  B  B  -  -  -  B  B  B  -  -  -  -
                     W  -  B  B  B  B  W            B  B  W  W  -  -   B  -  W  W  W  W  W  W  W
                 -  -  B  W  -  B  -    B
Ticks: 83            -  -  B  -  -  -  -  B  -  -  -  B  W  W  W  W  -  -  B
                     B  -  -  -  -  -  -  -  -  -  B  W  -  B  -  W  W  W  B
                     -  B  -  -  -  -  -  -  B  -  W  W  W  W  -  W  B  W  -
Black: 128           B  -  -  -  -  -  B  -  -  -  -  W  -  W  W  W  -  W  W
                     B  -  -  B  -  -  -  -  -  -  B  -  W  W  -  W  W  -  W
                     -  -  -  B  -  B  B  -  B  -  B  B  -  W  W  -  B  -  B
                     -  -  -  -  -  -  B  B  -  -  W  W  W  W  B  -  -  -  -
                     -  -  B  -  -  -  -  -  -  -  -  W  -  B  -  -  B  -  -
                     -  -  -  -  B  -  B  -  B  -  B  -  B  B  -  B  -  -  -
                     -  -  -  -  -  -  -  -  -  -  -  -  -  -  -  -  -  -  -





84 B >




                     W  W  W  W  B  -  W  -  W  W  -  B  B  B  B  -  W  W  W  W  W  W  85 B >85 B >85 B >




                     W  W  B  -  -                    W  W  -  -  - B  B  -  -  -  -  W  W  W  -  -                    B  B  W  W  -  -  -  -  -  B  -  -  W  -  W  -  -  B  W
White: 86            -   B  B  -  W  W  W  W  W  W  W  B  B
Ticks: 85            -  -  B  -  -  -  -  B  -  -  -  B  W  W  W  W  -  -  B
                     B-  -  -  B  W  -  B  -  W  W  W  B
               -  B  -  -  -  -  -  B  B  -  W  W  W  W  -  W  B  W  -
Black: 131           B  -  -  -  -  -  B  -  -  -  -  W  -  W  W  W  -  W  W
                     B  -  -  B  -  -  -  -  -  -  B  -  W  W  -  W  W  -  W
                     -  -  -  B  -  B  B  -  B  -  B  B  -  W  W  -  B  -  B
                     -  -  -  -  -  -  B  B  -  -  W  W  W  W  B  -  -  -  -
                     -  -  B  -  -  -  -  -  -  -  -  W  -  B  -  -  B  -  -
                     -  -  -  -  B  -  B  -  B  -  B  -  B  B  -  B  -  -  -
                     -  -  -  -  -  -  -  -  -  -  -  -  -  -  -  -  -  -  -





86 B >86 B >86 B >86 B >86 B >  W  W  W  B  B  W  -  W  W  -  -  -  B  -  -  -
                  W  W  W  W  B  B  B  B  -  W  W  W  W  W  W  W
                   




                     W  W  B
                     W  -  B  B W  -  -  -  -  B  -  B  -  B  B
   W  W  B  B  -  -  B  -  W  W    W  -  W  -  W  -
                 W  B  -  -  W  W  B  B  -  -B  -  -  -  -
                                B  B  W  W  -  -  -  W  -  -  B  W
White: 89         B  -  W  W  W  W  B  B  B  B  -  W  W  W  W  W  W  W
                     -  -  B  W  -  B  -  -  -  B  -  -  -  B  W  W  W  W  -  -  W  W  B  B
Ticks: 88            -  -  B  -  -  -  -  B  -  -  -  B  W  W  W  W  -  -  B
                     B  -  -  -  -  -  -  -  -  -  B  W  -  B  -  W  W  W  B
                     -  B  -  -  -  -  -  B  B  -  W  W  W  W  -  W  B  W  -
Black: 121           B  -  -  -  -  -  B  -  -  -  -  W  -  W  W  W  -  W  W
                     B  -  -  B  -  -  -  -  -  -  B  -  W  W  -  W  W  -  W
                     -  B  -  B  -  B  B  -  B  -  B  B  -  W  W  -  B  -  B
                     -  -  -  -  -  -  B  B  -  W  W  W  W  W  B  B  -  -  -
                     -  -  B  -  -  -  -  B  -  -  -  W  -  B  -  -  B  -  -
                     -  -  -  -  B  -  B  -  B  -  B  -  B  B  -  B  -  -  -
                     -  -  -  -  -  -  -  -  -  -  -  -  -  -  -  -  -  -  -





89 B >




                     W  W  B  -  -  W  W  B  B  -  -  -  B  B  B  -  -  -  -
          -  B  -  B  B
                   90            -  B  -  W  W  W  W 




                     W  W  B  -  -  W  W  B  B  -  -  -  B  B  B  -  -  -  -
                 -  -  B  W  W  B  B  -  -  B  -  -  -  W  -  W  -  W  -
              -  -  B  -  -  -  -  B  -  -  -  B  W  W  W  W  -  -  B
                     B  -  -  -  -  -  -  -  -  -  B  W  -  B  -  W  W  W  B
                     -  B  -  -  -  -  -  B  B  -  W  W  W  W  -  W  B  W  -
Black: 123           B  -  -  -  -  -  B  -  -  -  -  W  -  W  W  W  -  W  W
                     B  -  -  B  -  -  -  -  -  -  B  -  W  W  -  W  W  -  W
                     -  B  -  B  -  B  B  -  B  -  B  B  -  W  W  -  B  -  B
                     -  -  -  -  -  -  B  B  -  W  W  W  W  W  B  B  -  -  -
                     -  -  B  -  -  -  -  B  -  -  -  W  -  B  -  -  B  -  -
                     -  -  -  -  B  -  B  -  B  -  B  -  B  B  -  B  -  -  -
                     -  -  -  -  -  -  -  -  -  -  -  -  -  -  -  -  -  -  -





Game Over Stones Exhausted
You are a Winner, User