What is your name?
Hi, User





                     -  -  -  -  -  -  -  -  -  -  -  -  -  -  -  -  -  -  -
                     -  -  -  -  -  -  -  -  -  -  -  -  -  -  -  -  -  -  -
                     -  -  -  -  -  -  -  -  -  -  -  -  -  -  -  -  -  -  -
                     -  -  -  -  -  -  -  -  -  -  -  -  -  -  -  -  -  -  -
                     -  -  -  -  -  -  -  -  -  -  -  -  -  -  -  -  -
                  -  -  -  -  -  -  -  -  -  -  - -  -  -  -
                     




                     -  -  -  -  -  -  -  -  -  -  -  -  -  -  -
                     -  -  - -  -  -  -  -  -  -  -  -  -  -  -  -  -  -  -
Ticks: 0             -  -  -  -  -  -  -  -  -  -  -  -  -  -  -  -  -  -  -
                     -  -  -  -  -  -  -  -  -  -  -  -  -  -  -  -  -  -  -
                     -  -  -  -  -  -  -  -  -  -  -  -  -  -  -  -  -  -  -
Black: 0             -  -  -  -  -  -  -  -  -  -  -  -  -  -  -  -  -  -  -
                     -  -  -  -  -  -  -  -  -  -  -  -  -  -  -  -  -  -  -
                     -  -  -  -  -  -  -  -  -  -  -  -  -  -  -  -  -  -  -
                     -  -  -  -  -  -  -  -  -  -  -  -  -  -  -  -  -  -  -
                     -  -  -  -  -  -  -  -  -  -  -  -  -  -  -  -  -  -  -
                     -  -  -  -  -  -  -  -  -  -  -  -  -  -  -  -  -  -  -
                     -  -  -  -  -  -  -  -  -  -  -  -  -  -  -  -  -  -  -





1 B >




                     -  -  -  -  -  -  -  -  -  -  -  -  -  -  -  -  -  -  -
                     -  -  -  -  -  -  -  -  -  -  -  -  -  -  -  -  -  -  --  -  -  -  -  -  -  -  -  -  -  - -  -  -
                     -  -  -  -  -  -  -  -  -  B  -  -  -  -  -  -  -
                     -  -  -  -  -  -  -  -  -  -  -  -  -  -  -  -  -  -  -
Ticks: 1             -  -  -  -  -  -  -  -  -  -  -  -  -  -  -  -  -  -  -
                     -  -  -  -  -  -  -  -  -  -  -  -  -  -  -  -  -  -  -
                     -  -  -  -  -  -  -  -  -  -  -  -  -  -  -  -  -  -  -
Black: 1             -  -  -  -  -  -  -  -  -  -  -  -  -  -  -  -  -  -  -
                     -  -  -  -  -  -  -  -  -  -  -  -  -  -  -  -  -  -  -
                     -  -  -  -  -  -  -  -  -  -  -  -  -  -  -  -  -  -  -
                     -  -  -  -  -  -  -  -  -  -  -  -  -  -  -  -  -  -  -
                     -  -  -  -  -  -  -  -  -  -  -  -  -  -  -  -  -  -  -
                     -  -  -  -  -  -  -  -  -  -  -  -  -  -  -  -  -  -  -
                     -  -  -  -  -  -  -  -  -  -  -  -  -  -  -  -  -  -  -





2 B >




                     -  -  -  -  -  -  -  -  -  -  -  -  -  -  -  -  -  -  -
                     -  -  -  -  -  -  -  -  -  -  -  -  -  -  -  -  -  -  W
                     -  -  -  -  -  -  -  -  -  -  -  -  -  -  -  -  -  -  - -  -  -  -  -  -
                -  -  -  -  -  -  -  -  -  -  -  -  -  -
Ticks: 2             -  -  -  -  -  -  -  -  -  -  -  -  -  -  -  -  -  -  -
                     -  -  -  -  -  -  -  -  -  -  -  -  -  -  -  -  -  -  -
                     -  -  -  -  -  -  -  -  -  -  -  -  -  -  -  -  -  -  -
Black: 3             -  -  -  -  -  -  -  -  -  -  -  -  -  -  -  -  -  -  -
                     -  -  -  -  -  -  -  -  -  -  -  -  -  -  -  -  -  -  -
                     -  -  -  -  -  -  -  -  -  -  -  -  -  -  -  -  -  -  -
                     -  -  -  -  -  -  -  -  -  -  -  -  -  -  -  -  -  -  -
                     -  -  -  -  -  -  -  -  -  -  -  -  -  -  -  -  -  -  -
                     -  -  -  -  -  -  -  -  -  -  -  -  -  -  -  -  -  -  -
              -  -  -  -  -  -  -  -  -  -  -  -  -  -  -  -  -  -  -





3 B >




                     -  -  -  -  -  -  -  -  -  -  -  -  -  -  -  -  -  -  W
                     -  -  -  -  -  -  -  -  -  - -  -  -  -  -  -  -  -  -  -  -  -  -  -  -
                     --  -  -  -  -  -  -  -  -  -  -
Ticks: 3             -  -  -  -  -  -  -  -  -  -  -  -  -  -  -  -  -  -  -
                     -  -  -  -  -  -  -  -  -  -  -  -  -  -  -  -  -  -  -
                     -  -  -  -  -  -  -  -  -  -  -  -  -  -  -  -  -  -  -
Black: 4             -  -  -  -  -  -  -  -  -  -  -  -  -  -  -  -  -  -  -
                     -  -  -  -  -  -  -  -  -  -  -  -  -  -  -  -  -  -  -
                     B  -  -  -  -  -  -  -  -  -  -  -  -  -  -  -  -  -  -
                     -  -  -  -  -  -  -  -  -  -  -  -  -  -  -  -  -  -  -
                     -  -  -  -  -  -  -  -  -  -  -  -  -  -  -  -  -  -  -
                     -  -  -  -  -  -  -  -  -  -  -  -  -  -  -  -  -  -  -
                     -  -  -  -  -  -  -  -  -  -  -  -  -  -  -  -  -  -  -





4 B >




                     -  -  -  -  -  -  -  -  -  -  -  -  -  -  -  -  -  -  W
                     -  -  -  -  -  -  -  -  -  -  -  -  -  -  -  -  --  -  -  -  -  -  -  -  -
         -  -
                     -  -    -  -  -  -  -  -  -  -  -  -  -  -  -  -  -  -  -  -  -  -  -  -  -  -  -  -  -  -
Ticks: 4             -  -  -  -  -  -  -  -  -  -  -  -  -  -  -  -  -  -  -
                     -  -  -  -  -  -  -  -  -  -  -  -  -  -  -  -  -  -  -
                     -  -  -  -  -  -  -  -  -  -  -  -  -  -  -  -  -  -  -
Black: 5             -  -  -  -  -  -  -  -  -  -  -  -  -  -  -  -  -  -  -
                     -  -  -  -  -  -  -  -  -  -  -  -  -  -  -  -  -  -  -
                     B  -  -  -  -  -  -  -  -  -  -  -  -  -  -  -  -  -  -
                     -  -  -  -  -  -  -  -  -  -  -  -  -  -  -  -  -  -  -
                     -  -  -  -  -  -  -  -  -  -  -  -  -  -  -  -  -  -  -
                     -  -  -  -  -  -  -  -  -  -  -  -  -  -  -  -  -  -  -
                     -  -  -  -  -  -  -  -  -  -  -  -  -  -  -  -  -  -  -





5 B >




                     -  -  -  -  -  -  -  -  -  -  -  -  -  -  -  -  -  -  W
                     -  -  -  -  -   -  -  W  -  -  -  -  -  -
           -  -  -  -  -  -  -  -  -  B -  -  -  -  -  -  B  -  -  -  - -  -  -  -  -  -  -  -  -  -  -  -
Ticks: 5             -  -  -  -  -  -  -  -  -  -  -  -  -  -  -  -  -  -  -
                     -  -  -  -  -  -  -  -  -  -  -  -  -  -  -  -  -  -  -
                     -  -  -  -  -  -  -  -  -  -  -  -  -  -  -  -  -  -  -
Black: 6             -  -  -  -  -  -  -  -  -  -  -  -  -  -  -  -  -  -  -
                     -  -  -  -  -  -  -  -  -  -  -  -  -  -  -  -  -  -  -
                     B  -  -  -  -  -  -  -  -  -  -  -  -  -  -  -  -  -  -
                     -  -  -  -  -  -  -  -  -  -  -  -  -  -  -  -  -  -  -
                     -  -  -  -  -  -  -  -  -  -  -  -  -  -  -  -  -  -  -
                     -  -  -  -  -  -  -  -  -  -  -  -  -  -  -  -  -  -  -
                     -  -  -  -  -  -  -  -  -  -  -  -  -  -  -  -  -  -  -





6 B >




                     -  -  -  -  -  -  -  -  -  -  -  -  -  -  -  -  -  -  W
                     -  -  -  -  -  -  -  -  -  -  -  -  -  -  -  -   -  B  -  -  -  -  -  -  -
     -  -  -  -  -  -  -  -
Ticks: 6             -  -  -  -  -  -  -  -  -  -  -  -  -  -  -  -  -  -  -
                     -  -  -  -  -  -  -  -  -  -  -  -  -  -  -  -  -  -  -
                     -  -  -  -  -  -  -  -  -  -  -  -  -  -  -  -  -  -  -
Black: 7             -  -  -  -  -  -  -  -  -  -  B  -  -  -  -  -  -  -  -
                     -  -  -  -  -  -  -  -  -  -  -  -  -  -  -  -  -  -  -
                     B  -  -  -  -  -  -  -  -  -  -  -  -  -  -  -  -  -  -
                     -  -  -  -  -  -  -  -  -  -  -  -  -  -  -  -  -  -  -
                     -  -  -  -  -  -  -  -  -  -  -  -  -  -  -  -  -  -  -
                     -  -  -  -  -  -  -  -  -  -  -  -  -  -  -  -  -  -  -
                     -  -  -  -  -  -  -  -  -  -  -  -  -  -  -  -  -  -  -





7 B >




                     -  -  -  -  -  -  -  -  -  -  -  -  -  -  -  -  -  -  W
                     -  -  -  -  -  -  W  -  -  -  -  -  -  -  -  -  B                  -  -  -  -  -  W  -  -  -  -  -  B  -  -  -  -   -  -  -  -  -  -  -  -  -  -  -  -  -  -  -
Ticks: 7             -  -  -  -  -  -  -  -  -  -  -  -  -  -  -  -  -  -  -
                     -  -  -  -  -  -  -  -  -  -  -  -  -  -  -  -  -  -  -
                     -  -  -  -  -  -  -  -  -  -  -  -  -  -  -  -  -  -  -
Black: 8             -  -  -  -  -  -  -  -  -  -  B  -  -  -  -  -  -  -  -
                     -  -  -  -  -  -  -  -  -  -  -  -  -  -  -  -  -  -  -
                     B  -  -  -  -  -  -  -  -  -  -  -  -  -  -  -  -  -  -
                     -  -  -  -  -  -  -  -  -  -  -  -  -  -  -  -  -  -  -
                     -  -  -  -  -  -  -  -  -  -  -  -  -  -  -  -  -  -  -
                     -  -  -  -  -  -  -  -  -  -  -  -  -  -  -  -  -  -  -
                     -  -  -  -  -  -  -  -  -  -  -  -  -  -  -  -  -  -  -





8 B >




                     -  -  -  -  -  -  -  -  -  -  -  -  -  -  -  -  -  -  W
                     -  -  -  -  -  -  W  -  -  -  -  -  -  -  -  -  B  -  -  -  -  -  -  -
White: 8      -  -  -  -  -  -  -  -  -  B  -  -  -  -  -  -  -  -  -
                     -  -  -  -  -  -  -  -  -  -  -  B  -  -  -  -  -  -  -  -  -  -  -  -  -  -  -  -
Ticks: 8             -  -  -  -  -  -  -  -  -  -  -  -  -  -  -  -  -  -  -
                     -  -  -  -  -  -  -  -  -  -  -  -  -  -  -  -  -  -  -
                     -  -  -  -  -  -  -  -  -  -  -  -  -  -  -  -  -  -  -
Black: 9             -  -  -  -  -  -  -  -  -  -  B  -  -  -  -  -  -  -  -
                     -  -  -  -  -  -  -  -  -  -  -  -  -  -  -  -  -  -  -
                     B  -  -  -  -  -  -  -  -  -  -  -  -  -  -  -  -  -  -
                     -  -  -  -  -  -  -  -  -  -  -  -  -  -  -  -  -  -  -
                     -  -  -  -  -  -  -  -  -  -  -  -  -  -  -  -  -  -  -
                     -  -  -  -  -  -  -  -  -  -  -  -  -  -  -  -  -  -  -
                     -  -  -  -  -  -  -  -  -  -  -  B  -  -  -  -  -  -  -





9 B >




                     -  -  -  -  -  -  -  -  -  -  -  -  -  -  -  -  -  -  W
                     -  -  -  -  -  -  W  -  -  -  -  -  -  -  -  -  B  -  W
                     -  -  -  -  W  W  W  -  -  -  -  -  -  B  -  -  W  W  -  -  -  -  -
   -  -  -  -  -  -  -  -  -  -
Ticks: 9             -  -  -  -  -  -  -  -  -  -  -  -  -  -  -  -  -  -  -
                     -  -  -  -  -  -  -  -  -  -  -  -  -  -  -  -  -  -  -
                     -  -  -  -  -  -  -  -  -  -  -  -  -  -  -  -  -  -  -
Black: 11            -  -  -  -  -  -  -  -  -  -  B  -  -  -  -  -  -  -  -
                     -  -  -  -  -  -  -  -  -  -  -  -  -  -  -  -  -  -  -
                     B  -  -  -  -  -  -  -  -  -  -  -  -  -  -  -  -  -  -
                     -  -  -  -  -  -  -  -  -  -  -  -  -  -  -  -  -  -  -
                     -  -  -  -  -  -  -  -  -  -  -  -  -  -  -  -  -  -  -
                     -  -  -  -  -  -  -  -  -  -  -  -  -  -  -  -  -  -  -
                     -  -  -  -  -  -  -  -  -  -  -  B  -  -  -  -  -  -  -





10 B >




                     -  -  -  -  -  -  -  -  -  -  -  -  -  -  -  -  -  -  W
                     -  -  -  -  W  -  W  -  -  -  -  -  -  -  -  -  B  -  W
                     -  -  -  -  W  W  W  -  -  -  -  -  -  -  -  -  -  -  W
              -  -  -  -  -  -  -  -  -  -  -  -  -  -  -  -  -
                     -  -  -  -  -  -  -  -  -  -  -  -  -  -  -  -  -  -  -
Ticks: 10            -  -  -  -  -  -  -  -  -  -  -  -  -  -  -  -  -  -  -
                     -  -  -  -  -  -  -  -  -  -  -  -  -  -  -  -  -  -  -
                     -  -  -  -  -  -  -  -  -  -  -  -  -  -  -  -  -  -  -
Black: 18            -  -  -  -  -  -  -  -  -  -  B  -  -  -  -  -  -  -  -
                     -  -  -  -  -  -  -  -  -  -  -  -  -  -  -  -  -  -  -
                     B  -  -  -  -  -  -  -  -  -  -  -  -  -  -  -  -  -  -
                     -  -  -  -  -  -  -  -  -  -  -  -  -  -  -  -  -  -  -
                     -  -  -  -  -  -  -  -  -  -  -  -  -  -  -  -  -  -  -
                     -  -  -  -  -  -  -  -  -  -  -  -  -  -  -  -  -  -  -
                     -  -  -  -  -  -  -  -  -  -  -  B  -  -  -  -  -  -  -





11 B >11 B >11 B >




                     -  -  -  -  -  -  -  -  -  -  -  -  -  -  -  -  -  -  W
                     -  -  -  -  -  -  -  -  W
                 -  -  -  -  -  -  -  B  -  -  W   -  -  -  -
                     -  -  -  -  -  -  B  B  -  -  -  B  -  -  -  -  -  -  -
White: 11 -  -  -  -  B  -  -  -  -  -  - -  -  -  -  -  -  -  -  -  -  -
Ticks: 11            -  -  -  -  -  -  -  -  -  -  -  -  -  -  -  -  -  -  -
                     -  -  -  -  -  -  -  -  -  -  -  -  -  -  -  -  -  -  -
                     -  -  -  -  -  -  -  -  -  -  -  -  -  -  -  -  -  -  -
Black: 24            -  -  -  -  -  -  -  -  -  -  B  -  -  -  -  -  -  -  -
                     -  -  -  -  -  -  -  -  -  -  -  -  -  -  -  -  -  -  -
                     B  -  -  -  -  -  -  -  -  -  -  -  -  -  -  -  -  -  -
                     -  -  -  -  -  -  -  -  -  -  -  -  -  -  -  -  -  -  -
                     -  -  -  -  -  -  -  -  -  -  -  -  -  -  -  -  -  -  -
                     -  -  -  -  -  -  -  -  -  -  -  -  -  -  -  -  -  -  -
                     -  -  -  -  -  -  -  -  -  -  -  B  -  -  -  -  -  -  -





12 B >




                     -  -  -  -  -  -  -  -  -  -  -  -  -  -  -  -  -  -  W
                     -  -  -  -  W  -  W  -  -  -  -  -  -  -  -  - -  B  -  -  -  -  -  -  -
White:         -  -  -  -  -  -  -  -  B        -  -  -  -  -  -  -  -  -  -  -  -  -  -  -  -  -  -  -
Ticks: 12            -  -  -  -  -  -  -  -  -  -  -  -  -  -  -  -  -  -  -
                     -  -  -  -  -  -  -  -  -  -  -  -  -  -  -  -  -  -  -
                     -  -  -  -  -  -  -  -  -  -  -  -  -  -  -  -  -  -  -
Black: 25            -  -  -  -  -  -  -  -  -  -  B  -  -  -  -  -  -  -  -
                     -  -  -  -  -  -  -  -  -  -  -  -  -  -  -  -  -  -  -
                     B  -  -  -  -  -  -  -  -  -  -  -  -  -  -  -  -  -  -
                     -  -  -  -  -  -  -  -  -  -  -  -  -  -  -  -  -  -  -
                     -  -  -  -  -  -  -  -  -  -  -  -  -  -  -  -  -  -  -
                     -  -  -  -  -  -  -  -  -  -  -  -  -  -  -  -  -  -  -
                     -  -  -  -  -  -  -  -  -  -  -  B  -  -  -  -  -  -  -





13 B >13 B >




                     -  -  -  -  -  -  -  -  -  -  -  -  -  -  -  -  -  -  W
                     -  -  -  -  W  -  W  -         -  -  -  -  -  -  -  -  --  -  -  -  -  -  -  -  -
Ticks: 13            -  -  -  -  -  -  -  -  -  -  -  -  -  -  -  -  -  -  -
                     -  -  -  -  -  -  -  -  -  -  -  -  -  -  -  -  -  -  -
                     -  -  -  -  -  -  -  -  -
Black: 26            -  -  -  -  -  -  -  -  -  -  B  -  -  -  -  -  -  -  -
                     -  -  -  -  -  -  -  -  -  -  -  -  -  -  -  -  -  -  -
                     B  -  -  -  -  -  -  -  -  -  -  -  -  -  -  -  -  -  -
                     -  -  -  -  -  -  -  -  -  -  -  -  -  -  -  -  -  -  -
                     -  -  -  -  -  -  -  -  -  -  -  -  -  -  -  -  -  -  -
                     -  -  -  -  -  -  -  -  -  -  -  -  -  -  -  -  -  -  -
                     -  -  -  -  -  -  -  -  -  -  -  B  -  -  -  -  -  -  -





14 B >




                     -  -  -  -  -  -  -  -  -  -  -  -  -  -  -  -  -  -  W
                     -  -  -  -  W  -  W   W  W  -  -  -  -  -  -  -   W  W
                     -  -      -  -  -  -  -  -  -  -  B  --  -  -  -  -  -
Ticks: 14            -  -  -  -  -  -  -  -  -  -  -  -  -  -  -  -  -  -  -
                     -  -  -  -  -  -  -  -  -  -  -  -  -  -  -  -  -  -  -
                     -  -  -  -  -  -  -  -  -  -  -  -  -  -  -  -  -  -  -
Black: 27            -  -  -  -  -  -  -  -  -  -  B  -  -  -  -  -  -  -  -
                     -  -  -  B  -  -  -  -  -  -  -  -  -  -  -  -  -  -  -
                     B  -  -  -  -  -  -  -  -  -  -  -  -  -  -  -  -  -  -
                     -  -  -  -  -  -  -  -  -  -  -  -  -  -  -  -  -  -  -
                     -  -  -  -  -  -  -  -  -  -  -  -  -  -  -  -  -  -  -
                     -  -  -  -  -  -  -  -  -  -  -  -  -  -  -  -  -  -  -
                     -  -  -  -  -  -  -  -  -  -  -  B  -  -  -  -  -  -  -





15 B >




                     -  -  -  -  -  -  -  -  -  -  -  -  -  -  -  -  -  -  W
                     -  -  -  -  W  -  W  W  -  -  -  -  -  -  -  -  B  -  W
                     -  -  -  B  W  W  W  -  -  -  -  -  -           -  -  -  -  -  -  -  -  -  -  -  -  -  -  -  -  -  -  -  -  -  -  -  -
Ticks: 15            -  -  -  -  -  -  -  -  -  -  -  -  -  -  -  -  -  -  -
                     -  -  -  -  -  -  -  -  -  -  -  -  -  -  -  -  -  -  -
                     -  -  -  -  -  -  B  -  -  -  -  -  -  -  -  -  -  -  -
Black: 25            -  -  -  -  -  -  -  -  -  -  B  -  -  -  -  -  -  -  -
                     -  -  -  B  -  -  -  -  -  -  -  -  -  -  -  -  -  -  -
                     B  -  -  -  -  -  -  -  -  -  -  -  -  -  -  -  -  -  -
                     -  -  -  -  -  -  -  -  -  -  -  -  -  -  -  -  -  -  -
                     -  -  -  -  -  -  -  -  -  -  -  -  -  -  -  -  -  -  -
                     -  -  -  -  -  -  -  -  -  -  -  -  -  -  -  -  -  -  -
                     -  -  -  -  -  -  -  -  -  -  -  B  -  -  -  -  -  -  -





16 B >




                     -  -  -  -  -  -  -  -  -  -  -  -  -  -  -  -  -  -  W
                     -  -  -  -  W  -  W  W  -  -  -  -  -  -  -  -   B  W  -  -  -  -  -  -
White: 16 -  -  -  -  -  -  -  -  -
Ticks: 16            -  -  -  -  -  -  -  -  -  -  -  -  -  -  -  -  -  -  -
                     -  -  -  -  -  -  -  -  -  -  -  -  -  -  -  -  -  -  -
                     -  -  -  -  -  -  B  -  -  -  -  B  -  -  -  -  -  -  -
Black: 45            -  -  -  -  -  -  -  -  -  -  B  -  -  -  -  -  -  -  -
                     -  -  -  B  -  -  -  -  -  -  -  -  -  -  -  -  -  -  -
                     B  -  -  -  -  -  -  -  -  -  -  -  -  -  -  -  -  -  -
                     -  -  -  -  -  -  -  -  -  -  -  -  -  -  -  -  -  -  -
                     -  -  -  -  -  -  -  -  -  -  -  -  -  -  -  -  -  -  -
                     -  -  -  -  -  -  -  -  -  -  -  -  -  -  -  -  -  -  -
                     -  -  -  -  -  -  -  -  -  -  -  B  -  -  -  -  -  -  -





17 B >




                     -  -  -  -  -  -  -  -  -  -  -  -  -  -  -  -  -  -  W
                     -  -  -  -  W  -  W  W  -  -  -  -  -  -  -  -  -  -  -  -  -  -  -  -  -  W  W
    -  -  -  W  -  -  -  -  -  -  - -  -  -  -  W
                                   -  -  -  -  -  -   -
White: 17            -  -  -  -  -  -  -  -  -  B  -  -  W  -  -  B  -  -  -
                     -  -  -  -  -  -  -  -  B  -  -  B  -  -  -  -  -  -  -
                     -  -  -  -  -  -  -  -  -  -  -  -  -  -  -  -  -  -  -
Ticks: 17            -  -  -  -  -  -  -  -  -  -  -  -  -  -  -  -  -  -  -
                     -  -  -  -  -  -  -  -  -  -  -  -  -  -  -  -  -  -  -
                     -  -  -  -  -  -  B  -  -  -  -  B  -  -  -  -  -  -  -
Black: 31            -  -  -  -  -  -  -  -  -  -  B  -  -  -  -  -  -  -  -
                     -  -  -  B  -  -  -  -  -  -  -  -  -  -  -  -  -  -  -
                     B  -  -  -  -  -  -  -  -  -  -  -  -  -  -  -  -  -  -
                     -  -  -  -  -  -  -  -  -  -  -  -  -  -  -  -  -  -  -
                     -  -  -  -  -  -  -  -  -  -  -  -  -  -  -  -  -  -  -
                     -  -  -  -  -  -  -  -  -  -  -  -  -  -  -  -  -  -  -
                     -  -  -  -  -  -  -  -  -  -  -  B  -  -  -  -  -  -  -





18 B >




                     -  -  -  -  -  -  -  -  -  -  -  -  -  -  -  W  W
                            -  -  -  -  --  -  -  -  -  -  -  -  -  -  -  -  -
Ticks: 18            -  -  -  -  -  -  -  -  -  -  -  -  -  -  -  -  -  -  -
                     -  -  -  -  -  -  -  -  -  -  -  -  -  -  -  -  -  -  -
                     -  -  -  -  -  -  B  -  -  -  -  B  -  -  -  -  -  -  -
Black: 46            -  -  -  -  -  -  -  -  -  -  B  -  -  -  -  -  -  -  -
                     -  -  -  B  -  -  -  -  -  -  -  -  -  -  -  -  -  -  -
                     B  -  -  -  -  -  -  -  -  -  -  -  -  -  -  -  -  -  -
                     -  -  -  -  -  -  -  -  -  -  -  -  -  -  -  -  -  -  -
                     -  -  -  -  -  -  -  -  -  -  -  -  -  -  -  -  -  -  -
                     -  -  -  -  -  -  -  -  -  -  -  -  -  -  -  -  -  -  -
                     -  -  -  -  -  -  -  -  -  -  -  B  -  -  -  -  -  -  -





19 B >




                     -  -  -  -  W  -  -  -  -  -  -  -  -  -  -  -  -  -  W
                     -   -  B  -  W
                      -  -  B  W  W  W  -  -  -  -  -  B  -  W  -  -  B  -  -  - -  -  -  -  -  -  -  -  -  -  -  -
Ticks: 19            -  -  -  -  -  -  -  -  -  -  -  -  -  -  -  -  -  -  -
                     -  -  -  -  -  -  -  -  -  -  -  -  -  -  -  -  -  -  -
                     -  -  -  -  -  -  B  -  -  -  -  B  -  -  -  -  -  -  -
Black: 51            -  -  -  -  -  -  -  -  -  -  B  -  -  -  -  -  -  -  -
                     -  -  -  B  -  -  -  -  -  -  -  -  -  -  -  -  -  -  -
                     B  -  -  -  -  -  -  -  -  -  -  -  -  -  -  -  -  -  -
                     -  -  -  -  -  -  -  -  -  -  -  -  -  -  -  -  -  -  -
                     -  -  -  -  -  -  -  -  -  -  -  -  -  -  -  -  -  -  -
                     -  -  -  -  -  -  -  -  -  -  -  -  B  -  -  -  -  -  -
                     -  -  -  -  -  -  -  -  -  -  -  B  -  -  -  -  -  -  -





20 B >




                     -  -  -  -  W  -  -  -  -  -  -  -  -  -  -  -  -  -  W
                     -  -  -  -  W  -  W   W
                     -   -  -  -  -  -  -  B  B  -  W  --  -  -  -  -  -  -  -  -  -  -
Ticks: 20            -  -  -  -  -  -  -  -  -  -  -  -  -  -  -  -  -  -  -
                     -  -  -  -  -  -  -  -  -  -  -  -  -  -  -  -  -  -  -
                     -  -  -  -  -  -  B  -  -  -  -  B  -  -  -  -  -  -  -
Black: 46            -  -  -  -  -  -  -  -  -  -  B  -  -  -  -  -  -  -  -
                     -  -  -  B  -  -  -  -  -  -  -  -  -  -  -  -  -  -  -
                     B  -  -  -  -  -  -  -  -  -  -  -  -  -  -  -  -  -  -
                     -  -  -  -  -  -  -  -  -  -  -  -  -  -  -  -  -  -  -
                     -  -  -  -  -  -  -  -  -  -  -  -  -  -  -  -  -  -  -
                     -  -  -  -  -  -  -  -  -  -  -  -  B  -  -  -  -  -  -
                     -  -  -  -  -  -  -  -  -  -  -  B  -  -  -  -  -  -  -





21 B >




                     -  -  -  -  W  -  -  -  -  -  -  -  -  -  -  -  -  -  W
                     -  -  -  -  W  -  W              -  -  -  B  W   -  -  -  B  B  -  W  -  -  B  -   -  -  -  -  -  -  -  -  -  -  -  -  -  -  -
Ticks: 21            -  -  -  -  -  -  -  -  -  -  -  -  -  -  -  -  -  -  -
                     -  -  -  -  -  -  -  -  -  -  -  -  -  -  -  -  -  -  -
                     -  -  -  -  -  -  B  -  -  -  -  B  -  -  -  -  -  -  -
Black: 47            -  -  -  -  -  -  -  -  -  -  B  -  -  -  -  -  -  -  -
                     -  -  -  B  -  -  -  -  -  -  -  -  -  -  -  -  -  -  -
                     B  -  -  -  -  -  -  -  -  -  -  -  -  -  -  -  -  -  -
                     -  -  -  -  -  -  -  -  -  -  -  -  -  -  -  -  -  -  -
                     -  -  -  -  B  -  -  -  -  -  -  -  -  -  -  -  -  -  -
                     -  -  -  -  -  -  -  -  -  -  -  -  B  -  -  -  -  -  -
                     -  -  -  -  -  -  -  -  -  -  -  B  -  -  -  -  -  -  -





22 B >




                     -  -  -  -  W  -  -  -  -  -  -  -  -  -  -  -  -  -  W
                     -  -  -  -  W  -  W  W  -  -  -  -  -  -  -  -    -  -  -  -  -  -  W  W
            -  B  -  -  -  B  -  -  -  B W  W  -  -  -  -  W
               -  -  B  -  -  -
              -  -  -  -  -  -  -
Ticks: 22            -  -  -  -  -  -  -  -  -  -  -  -  -  -  -  -  -  -  -
                     -  -  -  -  -  -  -  -  -  -  -  -  -  -  -  -  -  -  -
                     -  -  -  -  -  -  B  -  -  -  -  B  -  -  -  -  -  -  -
Black: 47            -  -  -  -  -  -  -  -  -  -  B  -  -  -  -  -  -  -  -
                     -  -  -  B  -  -  -  -  -  -  -  -  -  -  -  -  -  -  -
                     B  -  -  -  -  -  -  -  -  -  -  -  -  -  -  -  -  -  -
                     -  -  -  -  -  -  -  -  -  -  -  -  -  -  -  -  -  -  -
                     -  -  -  -  B  -  -  -  -  -  -  -  -  -  -  -  -  -  -
                     -  -  -  -  -  -  -  -  -  -  -  -  B  -  -  -  -  -  -
                     -  -  -  -  -  -  -  -  -  -  -  B  -  -  -  -  -  -  -





23 B >




                     -  -  -  -  W  -  -  -  -  -  -  -  -  -  -  -  -  -  W
                     -  -  -  -  W  -  W  W  -  -  -  -  -  -  -  -        -  -  -  B  W  W  W  -  -  -  -  B  B  -  W  -  -  B  -  -  -              -  -  -  -  B  -  -  -  -  -  -  -  W  -  -  -  -  -  -
Ticks: 23            -  -  -  -  -  -  -  -  -  -  -  -  -  -  -  -  -  -  -
                     -  -  -  -  -  -  -  -  -  -  -  -  -  -  -  -  -  -  -
                     -  -  -  -  -  -  B  -  -  -  -  B  -  -  -  -  -  -  -
Black: 48            -  -  -  -  -  -  -  -  -  -  B  -  -  -  -  -  -  -  -
                     -  -  -  B  -  -  -  -  -  -  -  -  -  -  -  -  -  -  -
                     B  -  -  -  -  -  -  -  -  -  -  -  -  -  -  -  -  -  -
                     -  -  -  -  -  -  -  -  -  -  -  -  -  -  -  -  -  -  -
                     -  -  -  -  B  -  -  -  -  -  -  -  -  -  -  -  -  -  -
                     -  -  -  -  -  -  -  -  -  -  -  -  B  -  -  -  -  -  -
                     -  -  -  -  -  -  -  -  -  -  -  B  -  -  -  -  -  -  -





24 B >




                     -  -  -  -  W  -  -  -  -  -  -  -  -  -  -  -  -  -  W
                     -  -  -  -  W  -  W  W  -    -  -  -  -  -  -  -  -  -  -  W               -  -  -  -  W  -  W  -  -  B  -  -  -
               -  -  W  -  -  -  -  -  -
Ticks: 24            -  -  -  -  -  -  -  -  -  -  -  -  -  -  -  -  -  -  -
                     -  -  -  -  -  -  -  -  -  -  -  -  -  -  -  -  -  -  -
                     -  -  -  -  -  -  B  -  -  -  -  B  -  -  -  -  -  -  -
Black: 49            -  -  -  -  -  -  -  -  B  -  B  -  -  -  -  -  -  -  -
                     -  -  -  B  -  -  -  -  -  -  -  -  -  -  -  -  -  -  -
                     B  -  -  -  -  -  -  -  -  -  -  -  -  -  -  -  -  -  -
                     -  -  -  -  -  -  -  -  -  -  -  -  -  -  -  -  -  -  -
                     -  -  -  -  B  -  -  -  -  -  -  -  -  -  -  -  -  -  -
                     -  -  -  -  -  -  -  -  -  -  -  -  B  -  -  -  -  -  -
                     -  -  -  -  -  -  -  -  -  -  -  B  -  -  -  -  -  -  -





25 B >




                     -  -  -  -  W  -  -  -  -  -  -  -  -  -  -  -  -  -  W
                     -  -  -  -  W              -  -  -  B  W  W  W  -  -  -  B  B  -  W  -  -  B  -        -  B  -  -  -  -  -  -  B  -  -  -  W  -  -  -  -  -  -
Ticks: 25            -  -  -  -  -  -  -  -  -  -  -  -  -  -  -  -  -  -  -
                     -  -  -  -  -  -  -  -  -  -  -  -  -  -  -  -  -  -  -
                     -  -  -  -  -  -  B  -  -  -  -  B  -  -  -  -  -  -  -
Black: 50            -  -  -  -  -  -  -  -  B  -  B  -  -  -  -  -  -  -  -
                     -  -  -  B  -  -  -  -  -  -  -  -  -  -  -  -  -  -  -
                     B  -  -  -  -  -  -  -  -  -  -  -  -  -  -  -  -  -  -
                     -  -  -  -  -  -  -  -  -  -  -  -  -  -  -  -  -  -  -
                     -  -  -  -  B  -  -  -  -  -  -  -  -  -  -  -  -  -  -
                     -  -  -  -  -  -  -  -  -  -  -  -  B  -  -  -  -  -  -
                     -  -  -  -  -  -  -  -  -  -  -  B  -  -  -  -  -  -  -





26 B >




                     -  -  -  -  W  -  -  -  -  -  -  -  -  -  -  -  -  -  W
                     -  -  -  -  W   -  -  -  B  W  W  W  -  -  -  -   -  W  -  -  B  -  -  -
         B  -  -  -  -  -  -  -  W  -  -  -  -  -  -
Ticks: 26            -  -  -  -  -  -  -  -  -  -  -  -  -  -  -  -  -  -  -
                     -  -  -  -  -  -  -  -  -  -  -  -  -  -  -  -  -  -  -
                     -  -  -  -  -  -  B  -  -  -  -  B  -  -  -  -  -  -  -
Black: 51            -  -  -  -  -  -  -  -  B  -  B  -  -  -  -  -  -  -  -
                     -  -  -  B  -  -  -  -  -  -  -  -  -  -  -  -  -  -  -
                     B  -  -  -  -  -  -  -  -  -  -  -  -  -  -  -  -  -  -
                     -  -  -  -  -  -  -  -  -  -  -  -  -  -  -  -  -  -  -
                     -  -  -  -  B  -  -  -  -  -  -  -  -  -  -  -  -  -  -
                     -  -  -  -  -  -  -  -  -  -  -  -  B  -  -  -  -  -  -
                     -  -  -  -  -  -  -  -  -  -  -  B  -  -  -  -  B  -  -





27 B >27 B >




                     -  -  -  -  W  -  -  -  -  -  -  -  -  -  -  -  -  -  W
                     -  -  -  -  W  -  -  -  -  -  -  -  W  W
    -  B  -  -  -  B  -  -  -  B  W  W  -  -  -  -  W
               -  -  B  -  -  -
               -  -  -  B  -  -  -  -  -  -  -  W  -  -  -  -  -  -
Ticks: 27            -  -  -  -  -  -  -  -  -  -  -  -  -  -  -  -  -  -  -
                     -  -  -  -  -  -  -  -  -  -  -  -  -  -  -  -  -  -  -
                     -  -  -  -  -  -  B  -  -  -  -  B  -  -  -  -  -  -  -
Black: 52            -  -  -  -  -  -  -  -  B  -  B  -  -  -  -  -  -  -  -
                     -  -  -  B  -  -  -  -  -  -  -  -  -  -  -  -  -  -  -
                     B  -  -  -  -  -  -  -  -  -  -  -  -  -  -  -  -  -  -
                     -  -  -  -  -  -  -  -  -  -  -  -  -  -  -  -  -  -  B
                     -  -  -  -  B  -  -  -  -  -  -  -  -  -  -  -  -  -  -
                     -  -  -  -  -  -  -  -  -  -  -  -  B  -  -  -  -  -  -
                     -  -  -  -  -  -  -  -  -  -  -  B  -  -  -  -  B  -  -





28 B >28 B >




                     -  -  -  -  W  -  -  -  -  -  -  -  -  -  -  -  B  -  W
                     -  -  - W
                     -  -  -  W   W
                     -  B  - B  -  -  -  B  -  -  W  W  -  -    -  B  W  -  -  -  -  -  W
White: 28            -  -  -  -  -  -  -  -  -  B  B  -  W  -  -  B  -  -  -
                     -  B  -  -  -  -  -  -  B  -  -  B  W  W  W  W  -  -  -
                     -  -  -  -  B  -  -  -  -  -  -  W  W  -  -  -  -  -  -
Ticks: 28            -  -  -  -  -  -  -  -  -  -  -  -  -  -  -  -  -  -  -
                     -  -  -  -  -  -  -  -  -  -  -  -  -  -  -  -  -  -  -
                     -  -  -  -  -  -  B  -  -  -  -  B  -  -  -  -  -  -  -
Black: 53            -  -  -  -  -  -  -  -  B  -  B  -  -  -  -  -  -  -  -
                     -  -  -  B  -  -  -  -  -  -  -  -  -  -  -  -  -  -  -
                     B  -  -  -  -  -  -  -  -  -  -  -  -  -  -  -  -  -  -
                     -  -  -  -  -  -  -  -  -  -  -  -  -  -  -  -  -  -  B
                     -  -  -  -  B  -  -  -  -  -  -  -  -  -  -  -  -  -  -
                     -  -  -  -  -  -  -  -  -  -  -  -  B  -  -  -  -  -  -
                     -  -  -  -  -  -  -  -  -  -  -  B  -  -  -  -  B  -  -





29 B >




                     -  -  -  -  W  -  -  -  -  -  -  -  -  -  -  -  B  -  W
                     -  -  -  -  W  -  -  -  -  B  -  W
                        -  -  -  -  -  -  -  - -  -  -  -  W  W  -  -  -  -  -  -
Ticks: 29            -  -  -  -  -  -  -  -  -  -  -  -  -  -  -  -  -  -  -
                     -  -  -  -  -  -  -  -  -  -  -  -  -  -  -  -  -  -  -
                     -  -  -  -  -  -  B  -  -  -  -  B  -  -  -  -  -  -  -
Black: 63            -  -  -  -  -  -  -  -  B  -  B  -  -  -  -  -  -  -  -
                     -  -  -  B  -  -  -  -  -  -  -  -  -  -  -  -  -  -  -
                     B  -  -  -  -  -  -  -  -  -  -  -  -  -  -  -  -  -  -
                     -  -  -  -  -  -  -  -  -  -  -  -  -  -  -  -  -  -  B
                     -  -  -  -  B  -  -  -  -  -  -  -  -  -  -  -  -  -  -
                     -  -  -  -  -  -  -  -  -  -  -  -  B  -  -  -  -  -  -
                     -  -  -  -  -  -  -  -  -  -  -  B  -  -  -  -  B  -  B





30 B >




                     -  -  -  -  W  -  -  -  -  -  -  -  -  -  -  -  B  -  W
                     -  -  -  -  W  -  W      B  -  -  B  W  W  W   B  B  -  W  -  -  B  -  -  W
     -  -  -  -  -  -  W  W  -  -  -  -  -  -
Ticks: 30            -  -  -  -  -  -  -  -  -  -  -  -  -  -  -  -  -  -  -
                     -  -  -  -  -  -  -  -  -  -  -  -  -  -  -  -  -  -  -
                     -  -  -  -  -  -  B  -  -  -  -  B  -  -  -  -  -  -  -
Black: 64            -  -  -  -  -  -  -  -  B  -  B  -  -  -  -  -  -  -  -
                     -  -  -  B  -  -  -  -  -  -  -  -  -  -  -  -  -  -  -
                     B  -  -  -  -  -  -  -  -  -  -  -  -  -  -  -  -  -  -
                     -  -  -  -  -  -  -  -  -  -  -  -  -  -  -  -  -  -  B
                     -  -  -  -  B  -  -  -  -  -  -  -  -  -  -  -  -  -  -
                     -  -  -  -  -  -  -  -  -  -  -  -  B  -  -  -  -  -  -
                     -  -  -  -  -  -  -  -  -  -  -  B  -  -  -  -  B  -  B





31 B >31 B >




                     -  -  -  -  W  -  -  -  -  -  -  -  -  -  -  -  B  -  W
                     -  -  -  -  W    -  -  -  W  W
            -  W  -  B  -  -  -  B  -  -  W   -  W
                     -  -  -  -  B  B  -  -  -  B  W  -  -  W  -  W  B  -  -  W
            -  -  -  W  W  -  -  -  -  -  -
Ticks: 31            -  -  -  -  -  -  -  -  -  -  -  -  -  -  -  -  -  -  -
                     -  -  -  -  -  -  -  -  -  -  -  -  -  -  -  -  -  -  -
                     -  -  -  -  B  -  B  -  -  -  -  B  -  -  -  -  -  -  -
Black: 65            -  -  -  -  -  -  -  -  B  -  B  -  -  -  -  -  -  -  -
                     -  -  -  B  -  -  -  -  -  -  -  -  -  -  -  -  -  -  -
                     B  -  -  -  -  -  -  -  -  -  -  -  -  -  -  -  -  -  -
                     -  -  -  -  -  -  -  -  -  -  -  -  -  -  -  -  -  -  B
                     -  -  -  -  B  -  -  -  -  -  -  -  -  -  -  -  -  -  -
                     -  -  -  -  -  -  -  -  -  -  -  -  B  -  -  -  -  -  -
                     -  -  -  -  -  -  -  -  -  -  -  B  -  -  -  -  B  -  B





32 B >




                     -  -  -  -  W  -  -  -  -  -  -  -  -  -  -  -  B  -  W
                     -  -  -  -  W  -  W  W  -  -  -  -  -  -  -  -                   -  -  -  W  W  B  W  -  -  -  -  -  W
White: 32            -  -  -  -  -  -  -  -  -  B  B  -  W  -  W  B  -  -  W
                     -  B  -  -  -  -  -  -  B  -  -  B  W  W  W  W  -  -  -
                     -  -  -  -  B  -  -  -  -  -  -  W  W  -  -  -  -  B  -
Ticks: 32            -  -  -  -  -  -  -  -  -  -  -  W  -  -  -  -  -  -  -
                     -  -  -  -  -  -  -  -  -  -  -  -  -  -  -  -  -  -  -
                     -  -  -  -  B  -  B  -  -  -  -  B  -  -  -  -  -  -  -
Black: 62            -  -  -  -  -  -  -  -  B  -  B  -  -  -  -  -  -  -  -
                     -  -  -  B  -  -  -  -  -  -  -  -  -  -  -  -  -  -  -
                     B  -  -  -  -  -  -  -  -  -  -  -  -  -  -  -  -  -  -
                     -  -  -  -  -  -  -  -  -  -  -  -  -  -  -  -  -  -  B
                     -  -  -  -  B  -  -  -  -  -  -  -  -  -  -  -  -  -  -
                     -  -  -  -  -  -  -  -  -  -  -  -  B  -  -  -  -  -  -
                     -  -  -  -  -  -  -  -  -  -  -  B  -  -  -  -  B  -  B





33 B >




                     -  -  -  -  W  -  -  -  -  -  -  -  -  -  -  -  B  -  W
                     -  -  -  -  W  -  W        B  -  -  B  W  W  W   -  B  B  -  W  -  W  B  -  -  W
  -  -  -  -  B  -  -  -  -  -  -  W  W  -  -  -  -  B  -
Ticks: 33            -  -  -  -  -  -  -  -  -  -  -  W  -  -  -  -  -  -  -
                     -  -  -  -  -  -  -  -  -  -  -  -  -  -  -  -  -  -  -
                     -  -  -  -  B  -  B  -  -  -  -  B  -  -  -  -  -  -  -
Black: 63            -  -  -  -  -  -  -  -  B  -  B  -  -  -  -  -  -  -  -
                     -  -  -  B  -  -  -  -  -  -  -  -  -  -  -  -  -  -  -
                     B  -  -  -  -  -  -  -  -  -  -  -  -  -  -  -  -  -  -
                     -  -  -  -  -  -  -  -  -  -  -  -  -  -  -  -  -  -  B
                     -  -  -  -  B  -  -  -  -  -  -  -  -  -  -  -  -  -  -
                     -  -  -  -  -  -  -  -  -  -  -  -  B  -  -  -  -  -  -
                     -  -  -  -  -  -  -  -  -  -  -  B  -  -  -  -  B  -  B





34 B >




                     -  -  -  -  W  -  -  -  -  -  - W
                     -  -  -  - W  -  -  -  -  -  -  -  -  B  -   W  -  -  -  -  -  -  -  W
                     -  -  -  -  B  -  -  -  -  -  -  W  W  -  -  -  -  B  -
Ticks: 34            -  -  -  -  -  -  -  -  -  -  -  W  -  -  -  -  -  -  -
                     -  -  -  -  -  -  -  -  -  -  -  -  -  -  -  -  -  -  -
                     -  -  -  -  B  -  B  -  -  -  -  B  -  -  -  -  -  -  -
Black: 63            -  -  -  -  -  -  -  -  B  -  B  -  -  -  -  -  -  -  -
                     -  -  -  B  -  -  -  -  -  -  B  -  -  -  -  -  -  -  -
                     B  -  -  -  -  -  -  -  -  -  -  -  -  -  -  -  -  -  -
                     -  -  -  -  -  -  -  -  -  -  -  -  -  -  -  -  -  -  B
                     -  -  -  -  B  -  -  -  -  -  -  -  -  -  -  -  -  -  -
                     -  -  -  -  -  -  -  -  -  -  -  -  B  -  -  -  -  -  -
                     -  -  -  -  -  -  -  -  -  -  -  B  -  -  -  -  B  -  B





35 B >




                     -  -  -  -  W  -  -  -  -  -  -  -  -  -  -  -  B  -  W
                     -  -  -  -  W  -  W  W  -  -  B  -  -  -  -  -  B  -  W
                     B  -  -  B  W  W  W  -  -  -  -  -  -  -  -  -    W
                     -  B  W -  B  B  -  -  -  B  W  B  -  -   B  B  -  W  -  W  B  -  -  W
               -  B  -  -  -  -  -  -  B  -  -  B  W  W  W  W  -  -  W
                     -  -  -  -  B  -  -  -  -  -  -  W  W  -  W  -  -  B  -
Ticks: 35            -  -  -  -  -  -  -  -  -  -  -  W  -  -  -  -  -  -  -
                     -  -  -  -  -  -  -  -  -  -  -  -  -  -  -  -  -  -  -
                     -  -  -  -  B  -  B  -  -  -  -  B  -  -  -  -  -  -  -
Black: 63            -  -  -  -  -  -  -  -  B  -  B  -  -  -  -  -  -  -  -
                     -  -  -  B  -  -  -  -  -  -  B  -  -  -  -  -  -  -  -
                     B  -  -  -  -  -  -  -  -  -  -  -  -  -  -  -  -  -  -
                     -  -  -  -  -  -  -  -  -  -  -  -  -  -  -  -  -  -  B
                     -  -  -  -  B  -  -  -  -  -  -  -  -  -  -  -  -  -  -
                     -  -  -  -  -  -  -  -  -  -  -  -  B  -  -  -  -  -  -
                     -  -  -  -  -  -  -  -  -  -  -  B  -  -  -  -  B  -  B





36 B >36 B >




                     -  -  -  -  W  -  -  -  -  -  -                     -  -  -  -  W-  W  W  -  -  B  -  -  -  -  - -  -  -  W
White: 36            -ks: 36            -  -  -  -  -  -  -  -  -  -  -  W  -  -  -  -  -  -  -
                     -  -  -  -  -  -  -  -  -  -  -  -  -  -  -  -  -  -  -
                     -  -  -  -  B  -  B  -  -  -  -  B  -  -  -  -  -  -  -
Black: 64            -  -  -  -  -  -  -  -  B  -  B  -  -  -  -  -  -  -  -
                     -  -  -  B  -  -  -  -  -  -  B  -  -  -  -  -  -  -  -
                     B  -  -  -  -  -  -  -  -  -  -  -  -  -  -  -  -  -  -
                     -  B  -  -  -  -  -  -  -  -  -  -  -  -  -  -  -  -  B
                     -  -  -  -  B  -  -  -  -  -  -  -  -  -  -  -  -  -  -
                     -  -  -  -  -  -  -  -  -  -  -  -  B  -  -  -  -  -  -
                     -  -  -  -  -  -  -  -  -  -  -  B  -  -  -  -  B  -  B





37 B >




                     -  -  -  -  W  -  -  -  -  -  -  -  -  -  -  -  B  -  W
                     -  -  -  -  W  -  W   B  -  B  W  W  W  -  -  -  -  -   W  W  -  W  B  -  -  W
   W  -  W  -  -  B  -
Ticks: 37            -  -  -  -  -  -  -  -  -  -  -  W  -  -  -  -  -  -  -
                     -  -  -  -  -  -  -  -  -  -  -  -  -  -  -  -  -  -  -
                     -  -  -  -  B  -  B  -  -  -  -  B  -  -  -  -  -  -  -
Black: 64            -  -  -  -  -  -  -  -  B  -  B  -  -  -  -  -  -  -  -
                     -  -  -  B  -  -  -  -  -  -  B  -  -  -  -  -  -  -  -
                     B  -  -  -  -  -  -  -  -  -  -  -  -  -  -  -  -  -  -
                     -  B  -  -  -  -  -  -  -  -  -  -  -  -  -  -  -  -  B
                     -  -  -  -  B  -  -  -  -  -  -  -  -  -  -  -  -  -  -
                     -  -  -  -  -  -  -  -  -  -  -  -  B  -  -  -  -  -  -
                     -  -  -  -  -  -  -  -  -  -  -  B  -  -  -  -  B  -  B





38 B >




                     -  -  -  -  W  -  -  -  -  -  -  -  B  -  W
                     - -  W  -  W  W  -  -  B  -  -  -  -  W  -  -  W  -  -  -  -  W  W  -  -  W
                     -  -  -  -  B  -  -  -  -  -  -  W  W  -  W  -  -  B  W
Ticks: 38            -  -  -  -  -  -  -  -  -  -  -  W  -  -  -  -  -  -  -
                     -  -  -  -  -  -  -  -  -  -  -  -  -  -  -  -  -  -  -
                     -  -  -  -  B  -  B  -  -  -  -  B  -  -  -  -  -  -  -
Black: 65            -  -  -  -  -  -  -  -  B  -  B  -  -  -  -  -  -  -  -
                     -  -  -  B  -  -  -  -  -  -  B  -  -  -  -  -  -  -  -
                     B  -  -  -  -  -  -  -  -  -  -  -  -  -  -  -  -  -  -
                     -  B  -  -  -  -  -  -  -  -  -  -  -  -  -  -  -  -  B
                     -  -  -  -  B  -  -  -  -  -  -  -  -  -  -  -  -  -  -
                     -  -  -  -  -  -  -  -  -  -  -  -  B  -  -  -  -  -  -
                     -  -  -  -  -  -  -  -  -  -  -  B  -  -  -  -  B  -  B





39 B >39 B >




                     - -  B  -  W
                     -  -  -  B  -  -  B  B  -  -  -  B W  B  -  -  W
                   -  -  -  -  -  -  B  -  -   W  -  -  B  W
Ticks: 39            -  -  -  -  -  -  -  -  -  -  -  W  -  -  -  -  -  -  -
                     -  -  -  -  -  -  -  -  -  -  -  -  -  -  -  -  -  -  -
                     -  -  -  -  B  -  B  -  -  -  -  B  -  -  -  -  -  -  -
Black: 63            -  -  -  -  -  -  -  -  B  -  B  -  -  -  -  -  -  -  -
                     -  -  -  B  -  -  -  -  -  -  B  -  -  -  -  -  -  -  -
                     B  -  -  -  -  -  -  -  -  -  -  -  -  -  -  -  -  -  -
                     -  B  -  -  -  -  -  -  -  -  -  -  -  -  -  -  -  -  B
                     -  -  -  -  B  -  -  -  -  -  -  -  -  -  -  -  -  -  -
                     -  -  -  -  -  -  -  -  -  -  -  -  B  -  -  -  -  -  -
                     -  -  -  -  -  -  -  -  -  -  -  B  -  -  -  -  B  -  B





40 B >




                     -  -  -  -  W  -  -  -  -  -  -  W  -  -  B  -  -  -  B  -  B  -                      B  B  -  B   -  -  -  -  -  -  B  B  W  W  -    -  -  -  W  W  -  W  -  -  B  W
Ticks: 40            -  -  -  -  -  -  -  -  -  -  -  W  -  -  -  -  -  -  -
                     -  -  -  -  -  -  -  -  -  -  -  -  -  -  -  -  -  -  -
                     -  -  -  -  B  -  B  -  -  -  -  B  -  -  -  -  -  -  -
Black: 63            -  -  -  -  -  -  -  -  B  -  B  -  -  -  -  -  -  -  -
                     -  -  -  B  -  -  -  -  -  -  B  -  -  -  -  -  -  -  -
                     B  -  -  -  -  -  -  -  -  -  -  -  -  -  -  -  -  -  -
                     -  B  -  -  -  -  -  -  -  -  -  -  -  -  -  -  -  -  B
                     -  -  -  -  B  -  -  -  -  -  -  -  -  -  -  -  -  -  -
                     -  -  -  -  -  -  -  -  -  -  -  -  B  -  -  -  -  -  -
                     -  -  -  -  -  -  -  -  -  -  -  B  -  -  -  -  B  -  B





41 B >




                     -  -  -  -  W  -  -  -  -  -  -  -  -  -  -  -  B  -  W
                     -  -  -  -  W    W  -  -  -  -  -  -  -  -  W
   W
                     - -  -  W  W  -  W  -  -  B  W
Ticks: 41            -  -  -  -  -  -  -  -  -  -  -  W  -  -  -  -  -  -  -
                     -  -  -  -  -  -  -  -  -  -  -  -  -  -  -  -  -  -  -
                     -  -  -  B  B  -  B  -  -  -  -  B  -  -  -  -  -  -  -
Black: 65            -  -  -  -  -  -  -  -  B  -  B  -  -  -  -  -  -  -  -
                     -  -  -  B  -  -  -  -  -  -  B  -  -  -  -  -  -  -  -
                     B  -  -  -  -  -  -  -  -  -  -  -  -  -  -  -  -  -  -
                     -  B  -  -  -  -  -  -  -  -  -  -  -  -  -  -  -  -  B
                     -  -  -  -  B  -  -  -  -  -  -  -  -  -  -  -  -  -  -
                     -  -  -  -  -  -  -  -  -  -  -  -  B  -  -  -  -  -  -
                     -  -  -  -  -  -  -  -  -  -  -  B  -  -  -  -  B  -  B





42 B >




                     -  -  -  -  W  -  -  -  -  -  -  -  -  -  -  -  B  -  W
                     -  -  -  -  W  -  W  W  W  -  B  -  -  -  B  -  B  -  W
                     B  B  -  B  W  W  W  -  -  -  -  -  -  -  -  -  -  W  W
                     -  -  -  W  W  -  W  W  -  W  -  -  -  -  -  -  -  -  W
                     -  B   B  B  W  W  -  W  B  -  -  W
                     -  B  -  -  -  -  -  -  B  -  -  B  W  W  W  W  -  W  W
                     -  -  -  -  B  -  -  -  -  -  -  W  W  -  W  -  -  B  W
Ticks: 42            -  -  -  -  -  -  -  -  -  -  -  W  -  -  -  -  -  -  -
                     -  -  -  -  -  -  -  -  -  -  -  -  -  -  -  -  -  -  -
                     -  -  -  B  B  -  B  -  -  -  -  B  -  -  -  -  -  -  -
Black: 67            -  -  -  -  -  -  -  -  B  -  B  -  -  -  -  -  -  -  -
                     -  -  -  B  -  -  -  -  -  -  B  -  -  -  -  -  -  -  -
                     B  -  -  -  -  -  -  -  -  -  -  B  -  -  -  -  -  -  -
                     -  B  -  -  -  -  -  -  -  -  -  -  -  -  -  -  -  -  B
                     -  -  -  -  B  -  -  -  -  -  -  -  -  -  -  -  -  -  -
                     -  -  -  -  -  -  -  -  -  -  -  -  B  -  -  -  -  -  -
                     -  -  -  -  -  -  -  -  -  -  -  B  -  -  -  -  B  -  B





43 B >




                     -  -  -  -  W  -  -  -  -  -  -  -  -  -  -  -  B  -  W
          -  -  W  W
                         -  B  -  -  -  -  -  -  B  - -  -  B  -  -  -  -  -  -  W  W  -  W  -  -  B  W
Ticks: 43            -  -  -  -  -  -  -  -  -  -  W  W  -  -  -  -  -  -  -
                     -  -  -  -  -  -  -  -  -  -  -  -  -  -  -  -  -  -  -
                     -  -  -  B  B  -  B  -  -  -  -  B  -  -  -  -  -  -  -
Black: 60            -  -  -  -  -  -  -  -  B  -  B  -  -  -  -  -  -  -  -
                     -  -  -  B  -  -  -  -  -  -  B  -  -  -  -  -  -  -  -
                     B  -  -  -  -  -  -  -  -  -  -  B  -  -  -  -  -  -  -
                     -  B  -  -  -  -  -  -  -  -  -  -  -  -  -  -  -  -  B
                     -  -  -  -  B  -  -  -  -  -  -  -  -  -  -  -  -  -  -
                     -  -  -  -  -  -  -  -  -  -  -  -  B  -  -  -  -  -  -
                     -  -  -  -  -  -  -  -  -  -  -  B  -  -  -  -  B  -  B





44 B >




                     -  -  -  -  W  -  -  -  -  -  -  -  -  -  -  -  B  -  W
                     -  -  -  -  W  -  W   -  W  W  W  W  B  -  W
          W  -  W  -  -  B  W
Ticks: 44            -  -  -  -  -  -  -  -  -  -  W  W  -  -  -  -  -  -  -
                     -  -  -  -  -  -  -  -  -  -  -  -  -  -  -  -  -  -  -
                     -  -  -  B  B  -  B  -  -  -  -  B  -  -  -  -  -  -  -
Black: 61            -  -  -  -  -  -  -  -  B  -  B  -  -  -  -  -  -  -  -
                     -  -  -  B  -  -  -  -  -  -  B  -  -  -  -  -  -  -  -
                     B  -  -  -  -  -  -  -  -  -  -  B  -  -  -  -  -  -  -
                     -  B  -  -  -  -  -  -  -  -  -  -  -  -  -  -  -  -  B
                     -  -  -  -  B  -  -  -  -  -  -  -  -  -  -  -  -  -  -
                     -  -  -  -  -  -  -  -  -  -  -  -  B  -  -  -  -  -  -
                     -  -  -  -  -  -  -  -  -  -  -  B  -  -  -  -  B  -  B





45 B >45 B >45 B >




                     -  -  -  -  W  -  -  -  -  -  -  -  -  -  -  -  B  -  W
                     -  -  -  -  W  -  W  W  W  -  B  -  -  -  B  -  B  -  W
     -  -  -  W
White: 45             B  -  -  -  -  -  -  W  W  -  W  -  -  B  W
Ticks: 45            -  -  -  -  -  -  -  -  -  -  W  W  -  -  -  -  -  -  -
                     -  -  -  -  -  -  -  -  -  -  -  -  -  -  -  -  -  -  -
                     -  -  -  B  B  -  B  -  -  -  -  B  -  -  -  -  -  -  -
Black: 61            -  -  -  -  -  -  -  -  B  -  B  -  -  -  -  -  -  -  -
                     -  -  -  B  -  -  -  -  -  -  B  -  -  -  -  -  -  -  -
                     B  -  -  -  -  -  -  -  -  -  -  B  -  -  -  -  -  -  -
                     -  B  -  -  -  -  -  -  -  -  -  -  -  -  -  -  -  -  B
                     -  -  -  -  B  -  -  -  -  -  -  -  -  -  -  -  -  -  -
                     -  -  -  -  -  -  -  -  -  -  -  -  B  -  -  -  -  -  -
                     -  -  -  -  -  -  -  -  -  -  -  B  -  -  -  -  B  -  B





46 B >46 B >46 B >46 B >




                     -  -  -  -  W  -  -  -  -  -  -  -  -  -  -  --  -  -  -  -  -  -  -  -              -  -  -  W  W  -  W  -  -  W  W  W  W  B  -  W
          -  -  -  B  -  -  B  B  -  -  -  -  B  -  -  -  -  -  -  B  -  -  -  -  W  W  -  W  -  -  B  W
Ticks: 46            -  -  -  -  -  -  -  -  -  -  W  W  -  -  -  -  -  -  W
                     -  -  -  -  -  -  -  -  -  -  -  -  -  -  -  -  -  -  -
                     -  -  -  B  B  -  B  -  -  -  -  B  -  -  -  -  -  -  -
Black: 65            -  -  -  -  -  -  -  -  B  -  B  -  -  -  -  -  -  -  -
                     -  -  -  B  -  -  -  -  -  -  B  -  -  -  -  -  -  -  -
                     B  -  -  -  -  -  -  -  -  -  -  B  -  -  -  -  -  -  -
                     -  B  -  -  -  B  -  -  -  -  -  -  -  -  -  -  -  -  B
                     -  -  -  -  B  -  -  -  -  -  -  -  -  -  -  -  -  -  -
                     -  -  -  -  -  -  -  -  -  -  -  -  B  -  -  -  -  -  -
                     -  -  -  -  -  -  -  -  -  -  -  B  -  -  -  -  B  -  B





47 B >




                     -  -  -  -  -  -  -  -  -  -  B                    -  -  -  -  W  -  W  W  W  -  B  -  -  -  B  -  B  -  W
                     B  B  -  B  W  W  W  -  -  -   -  B  W  W  B  B  W  -  -  B  -   W  W  -  W  -  -  B  W
Ticks: 47            -  -  -  -  -  -  -  -  -  -  W  W  -  -  -  -  -  -  W
                     -  -  -  -  -  -  -  -  -  -  -  -  -  -  -  -  -  -  -
                     -  -  -  B  B  -  B  -  -  -  -  B  -  -  -  -  -  -  -
Black: 68            -  -  -  -  -  -  -  -  B  -  B  -  -  -  -  -  -  -  -
                     -  -  -  B  -  -  -  -  -  -  B  -  -  -  -  -  -  -  -
                     B  -  -  -  -  -  -  -  -  -  -  B  -  -  -  -  -  -  -
                     -  B  -  -  -  B  -  -  -  -  -  -  -  -  -  -  -  -  B
               -  -  -  -  -  -  -  -  B  -  -  -  -  -  -
                     -  -  -  -  -  -  -  -  -  -  -  B  -  -  -  -  B  -  B





48 B >




                     -  -  -  W  W  -  -  -  -  -  -  -  -  -  -  -  B  -  W
                     -  -  -  -  W  -  W  W  W  -  B  -  -  -  B  -  B  -  -  W  W  W  W  B  -  W
           -  -  -  B  -  -  B  B  - B  W  B  -  -  -  -  W
White: 48 W  W  -  W  -  -  B  W
Ticks: 48                      -  -  -  B  B  -  B  B  -  -  -  B  -  -  -  -  -  -  -
Black: 78            -  -  -  -  -  -  -  -  B  -  B  -  -  -  -  -  -  -  -
                     -  -  -  B  -  -  -  -  -  -  B  -  -  -  -  -  -  -  -
                     B  -  -  -  -  -  -  -  -  -  -  B  -  -  -  -  -  -  -
                     -  B  -  -  -  B  -  -  -  -  -  -  -  -  -  -  -  -  B
                     -  -  -  -  B  -  -  -  -  -  -  -  -  -  -  -  -  -  -
                     -  -  -  -  -  -  -  -  -  -  -  -  B  -  -  -  -  -  -
                     -  -  -  -  -  -  -  -  -  -  -  B  -  -  -  -  B  -  B





49 B >49 B >




                     -  -  -  W  W  -  -  -  -  -  -  -  -  -  -  -  B  -  W
                     -  -  -  -  W  -  W  -  -  -  W  W  -  W  W  -  W  -                   -  B  -  -  -  B  -  B  -  -  B  W  W  W  W  -  W   -  -  -  -  -  W  W  -  W  -  -  B  W
Ticks: 49            -  -  -  -  -  -  -  -  -  -  W  W  -  -  W  -  -  -  W
                     -  -  -  -  -  -  -  -  -  -  -  -  -  -  -  -  -  -  -
                     -  -  -  B  B  -  B  B  -  -  -  B  -  -  -  -  -  -  -
Black: 79            -  -  -  -  -  -  -  -  B  -  B  -  -  -  -  -  -  -  -
                     -  -  -  B  -  -  -  -  -  -  B  -  -  -  -  -  -  -  -
                     B  -  -  -  -  -  -  -  -  -  -  B  -  -  -  -  -  -  -
                     -  B  -  -  -  B  -  -  -  -  -  -  -  -  -  -  -  -  B
                     -  -  -  -  B  -  -  -  -  -  -  -  -  -  -  -  -  -  -
                     -  -  -  -  -  -  -  -  -  -  -  -  B  -  -  -  -  -  -
                     -  -  -  -  -  -  -  -  -  -  -  B  -  -  -  -  B  -  B





50 B >50 B >50 B >50 B >50 B   -  -  -  -  -  -  -  -  -  -  -                   B  B  -  B  W   -  -  -  -  -  -  -  -  -   B  -  -  W  W  W  W  B  -  W
    -  B  -  -  -  -  -  -  W  W  -  W  -  -  B  W
Ticks: 50            -  -  -  -  -  -  -  -  -  -  W  W  -  -  W  -  -  -  W
                     -  -  -  -  -  -  -  -  -  -  W  -  -  -  -  -  -  -  -
                     -  -  -  B  B  -  B  B  -  -  -  B  -  -  -  -  -  -  -
Black: 74            -  -  -  -  -  -  -  -  B  -  B  -  -  -  -  -  -  -  -
                     -  -  -  B  -  -  -  -  -  -  B  -  -  -  -  -  -  -  -
                     B  -  -  -  -  -  -  -  -  -  -  B  -  -  -  -  -  -  -
                     -  B  -  -  -  B  -  -  -  -  -  -  -  -  -  -  -  -  B
                     -  -  -  -  B  B  -  -  -  -  -  -  -  -  -  -  -  -  -
                     -  -  -  -  -  -  -  -  -  -  -  -  B  -  -  -  -  -  -
                     -  -  -  -  -  -  -  -  -  -  -  B  -  -  -  -  B  -  B





51 B >




                     -  -  -  W  W  -  -  -  -  -  -  -  -  -  -  -  B  -  W
                     -  -  -  -  W  -  W    -  -  -  -  -  -  -  W  W
                           -  B -  -  B  -  -  -  -  -  -  W  W  -  W  -  -  B  W
Ticks: 51            -  -  -  -  -  -  -  -  -  -  W  W  -  -  W  -  -  -  W
                     -  -  -  -  -  -  -  -  -  -  W  -  -  -  -  -  -  -  -
                     -  -  -  B  B  -  B  B  -  -  -  B  -  -  -  B  -  -  -
Black: 75            -  -  -  -  -  -  -  -  B  -  B  -  -  -  -  -  -  -  -
                     -  -  -  B  -  -  -  -  -  -  B  -  -  -  -  -  -  -  -
                     B  -  -  -  -  -  -  -  -  -  -  B  -  -  -  -  -  -  -
                     -  B  -  -  -  B  -  -  -  -  -  -  -  -  -  -  -  -  B
                     -  -  -  -  B  B  -  -  -  -  -  -  -  -  -  -  -  -  -
                     -  -  -  -  -  -  -  -  -  -  -  -  B  -  -  -  -  -  -
                     -  -  -  -  -  -  -  -  -  -  -  B  -  -  -  -  B  -  B





52 B >




                     -  -  -  W  W  -  -  -  -  -  -  -  -  -  -  -  B  -  W
                     -  -  -  -  W  -  W  W  W  -  B  -  -  -  B  -    -  -  W  W  W  W  B  -  W
             -  -  W  B  -  -  B  B  - B  W  B  -  -  -  -  W
White: 52   W  -  W  -  -  B  W
Ticks: 52        -  -  -  B  B  -  B  B  -  -  -  B  -  -  -  B  -  -  -
Black: 76            -  -  -  -  -  -  -  -  B  -  B  -  -  -  -  -  -  -  -
                     -  -  -  B  -  -  -  -  -  -  B  -  -  -  -  -  -  -  -
                     B  -  -  -  -  -  -  -  -  -  -  B  -  -  -  -  -  -  -
                     -  B  -  -  -  B  -  -  -  -  -  -  -  -  -  -  -  -  B
                     -  -  -  -  B  B  -  -  -  -  -  -  -  -  -  -  -  -  -
                     -  -  -  -  -  -  -  -  -  B  -  -  B  -  -  -  -  -  -
                     -  -  -  -  -  -  -  -  -  -  -  B  -  -  -  -  B  -  B





53 B >




                     -  -  -  W  W  -  -  -  -  -  -  -  -  -  -  -  B  -  W
                     -  -  -  -  W  -  W  W  W  -  B  -  -  -  B  -                   -  B  W  W  B  BW  W  -  W  W
                     -  --  -  -  -  W  W  -  W  -  -  B  W
Ticks: 53            -  -  -  -  -  -  -  -  -  W  W  W  -  -  W  -  -  -  W
                     -  -  -  -  -  -  -  -  -  -  W  -  -  -  -  -  -  -  -
                      -  B  B  B  B  B  -  -  -  B  -  -  -  B  -  -  -
Black: 78            -  -  -  -  -  -  -  -  B  -  B  -  -  -  -  -  -  -  -
                     -  -  -  B  -  -  -  -  -  -  B  -  -  -  -  -  -  -  -
                     B  -  -  -  -  -  -  -  -  -  -  B  -  -  -  -  -  -  -
                     -  B  -  -  -  B  -  -  -  -  -  -  -  -  -  -  -  -  B
                     -  -  -  -  B  B  -  -  -  -  -  -  -  -  -  -  -  -  -
                     -  -  -  -  -  -  -  -  -  B  -  -  B  -  -  -  -  -  -
                     -  -  -  -  -  -  -  -  -  -  -  B  -  -  -  -  B  -  B





54 B >54 B >54 B >54 B >




                     -  -  -  W  W  -  -  -  -  -  -  -  -  -  -  -  B  -  W
                     -  -  -  -  W  -  W  W  W  -  B  -  -  -  B  -  B  -  W
                     B  B  -  B  W  W  W  -  -  -  -  -  -  -  -  W  -  W  W
                     -  -  -  W  W  -  W  W  -  W  -  B  -  -   W  B  B  W  -  -  B  -  -     B  -  -  -  B  -  -  -  -  -  -  W  W  -  W  -  -  B  W
Ticks: 54            -  -  -  -  -  -  -  -  -  W  W  W  -  -  W  -  -  W  W
                     -  -  -  -  -  -  -  -  -  -  W  -  -  -  -  -  -  -  -
                     -  -  -  B  B  B  B  B  -  -  -  B  -  -  -  B  -  -  -
Black: 79            -  -  -  -  -  -  -  -  B  -  B  -  -  -  -  -  -  -  -
                     -  -  -  B  -  -  -  -  -  -  B  -  -  -  -  -  -  -  -
                     B  -  -  -  -  -  -  -  -  -  -  B  -  -  -  -  -  -  -
                     -  B  -  -  -  B  -  -  -  -  -  -  -  -  -  -  -  -  B
                     -  -  -  -  B  B  -  -  -  -  -  -  -  -  -  -  -  -  -
                     -  -  -  -  -  -  -  -  -  B  -  -  B  -  -  -  -  -  -
                     -  -  -  -  -  -  -  -  -  -  -  B  -  -  -  -  B  -  B





55 B >




                     -  -  -  W  W  -  -  -  -  -  -  -  -  -  -  -  B  -  W
                     -  -  -  -  W  -  W   -  -  -  W  -  W  W
             -  W  B  -  -  B  B  -  -  -  B -  W
                     -  B  -  -  -  -  -  -  W  W  -  W  -  -  B  W
Ticks: 55            -  -  -  -  -  -  -  -  -  W  W  W  -  W  W  -  -  W  W
                     -  -  -  -  -  -  -  -  -  -  W  -  -  -  -  -  -  -  -
                     -  -  -  B  B  B  B  B  -  -  -  B  -  -  -  B  -  -  -
Black: 80            -  -  -  -  -  -  -  -  B  -  B  -  -  -  -  -  -  -  -
                     -  -  -  B  -  -  -  -  -  -  B  -  -  -  -  -  -  -  -
                     B  -  -  -  -  -  -  -  -  -  -  B  -  -  -  -  -  -  -
                     -  B  -  -  -  B  -  -  -  -  -  -  -  -  -  -  -  -  B
                     -  -  -  -  B  B  -  -  -  -  -  -  -  -  -  -  -  -  -
                     -  -  -  -  -  -  -  -  -  B  -  -  B  B  -  -  -  -  -
                     -  -  -  -  -  -  -  -  -  -  -  B  -  -  -  -  B  -  B56 B >




                     -  -  -  W  W  -  -  -  -    -  -  -  W  W  -  W  W  -  W  -  B  -  -  B  W  W  W  W  -  W  W
                     B  -  -  -  B  -  -    -  -  W  W  -  W  -  -  B  W
Ticks: 56            -  -  -  -  -  -  -  -  -  W  W  W  -  W  W  -  -  W  W
                     -  -  -  -  -  -  -  -  -  -  W  -  -  -  W  -  -  -  -
                     -  -  -  B  B  B  B  B  -  -  -  B  -  -  -  B  -  -  -
Black: 81            -  -  -  -  -  -  -  -  B  -  B  -  -  -  -  -  -  -  -
                     -  -  -  B  -  -  -  -  -  -  B  -  -  -  -  -  -  -  -
                     B  -  -  -  -  -  -  -  -  -  -  B  -  -  -  -  -  -  -
                     -  B  -  -  -  B  -  -  -  -  -  -  -  -  -  -  -  -  B
                     -  -  -  -  B  B  -  -  -  -  -  -  -  -  -  -  -  -  -
                     -  -  -  -  -  -  -  -  -  B  -  -  B  B  -  -  -  -  -
                     -  -  -  -  -  -  -  -  -  -  -  B  -  -  -  -  B  -  B





57 B >




                     -  -  -  W  W  -  -  -  -  -  -  -  -  -  -  -  B  -  W
                     -  -  -  -  W  -  W  W  W  -  B  -  -  -  B  -  B  -  -  W  B  -  -  B  B  -  -  -  W  -  W  -  -  B  W
Ticks: 57            -  -  -  -  -  -  -  -  W  W  W  W  -  W  W  -  -  W  W
                     -  -  -  -  -  -  -  -  -  -  W  -  -  -  W  -  -  -  -
                     -  -  -  B  B  B  B  B  -  -  -  B  -  -  -  B  -  -  -
Black: 91            -  -  -  -  -  -  -  -  B  -  B  -  -  -  -  -  -  -  -
                     -  -  -  B  -  -  -  -  -  -  B  -  -  -  -  -  -  -  -
                     B  -  -  -  -  -  -  -  -  -  -  B  -  -  -  -  -  -  -
                     -  B  -  -  -  B  -  -  -  -  -  -  -  B  -  -  -  -  B
                     -  -  -  -  B  B  -  -  -  -  -  -  -  -  -  -  -  -  -
                     -  -  -  -  -  -  -  -  -  B  -  -  B  B  -  -  -  -  -
                     -  -  -  -  -  -  -  -  -  -  -  B  -  -  -  -  B  -  B





58 B >




                     -  -  -  W  W  -  -  -  -  -  -  -  -  -  -  -  B  -  W
                     -  -  -  -  W  -  W  W W  -  B  -  -  -  W  W  -          -  -  W  B  -  -  B  B         -  -  -  -  -  -  -  -    W  W  B  W  B  -  -  W
                     -  B  -  -  -  B  -  -  B  -  -  B  W  W  W  W  -  W  W
                     B  -  -  -  B  -  -  -  -  -  -  W  W  -  W  -  -  B  W
Ticks: 58            -  -  -  -  -  -  -  -  W  W  W  W  -  W  W  -  -  W  W
                     -  -  -  -  -  -  -  -  -  -  W  -  -  -  W  -  -  -  -
                     -  -  -  B  B  B  B  B  -  B  -  B  -  -  -  B  -  -  -
Black: 92            -  -  -  -  -  -  -  -  B  -  B  -  -  -  -  -  -  -  -
                     -  -  -  B  -  -  -  -  -  -  B  -  -  -  -  -  -  -  -
                     B  -  -  -  -  -  -  -  -  -  -  B  -  -  -  -  -  -  -
                     -  B  -  -  -  B  -  -  -  -  -  -  -  B  -  -  -  -  B
                     -  -  -  -  B  B  -  -  -  -  -  -  -  -  -  -  -  -  -
                     -  -  -  -  -  -  -  -  -  B  -  -  B  B  -  -  -  -  -
                     -  -  -  -  -  -  -  -  -  -  -  B  -  -  -  -  B  -  B





59 B >




                     -  -  -  W  W  -  -  -  -  -  -  -  -  -    -  -  -  W  -  W  W
         -  -  -  W  W  -  W  W  -  B  -  -  B  W  W  W  W  -  W  W
 -  B  W
Ticks: 59            -  -  -  -  -  -  -  -  W  W  W  W  -  W  W  -  -  W  W
                     -  -  -  -  -  -  B  -  -  -  W  -  -  -  W  -  -  -  -
                     -  -  -  B  B  B  B  B  -  B  -  B  -  -  -  B  -  -  -
Black: 94            -  -  -  -  -  -  -  -  B  -  B  -  -  -  -  -  -  -  -
                     -  -  -  B  -  -  -  -  -  -  B  -  -  -  -  -  -  -  -
                     B  -  -  -  -  -  -  -  -  -  -  B  -  -  -  -  -  -  -
                     -  B  -  -  -  B  -  -  -  -  -  -  -  B  -  -  -  -  B
                     -  -  -  -  B  B  -  -  -  -  -  -  -  -  -  -  -  -  -
                     -  -  -  -  -  -  -  -  -  B  -  -  B  B  -  -  -  -  -
                     -  -  -  -  -  -  -  -  -  -  -  B  -  -  -  -  B  -  B





60 B >




                     -  -  -  W  W  -  W  -  -  -  -  -  -  -  -  -  B  -  W
            -  W  W  W  -  B  -  -  -  B  --  W  -  -  W
White: 60            -  -  -  W  W  -  W  -  -  B  W
Ticks: 60            -  -  -  -  -  -  -  -  W  W  W  W  -  W  W  -  -  W  W
                     -  -  -  -  -  -  B  -  -  -  W  -  -  -  W  -  -  -  -
                     -  -  -  B  B  B  B  B  -  B  -  B  -  -  -  B  -  -  -
Black: 96            -  -  -  -  -  -  -  -  B  -  B  -  -  -  -  -  -  -  -
                     -  -  -  B  -  -  -  -  -  -  B  -  -  -  -  -  -  -  -
                     B  -  -  -  -  -  -  -  -  -  -  B  -  -  -  -  -  -  -
                     -  B  -  -  -  B  -  -  -  -  -  -  -  B  -  -  -  -  B
                     -  -  -  -  B  B  -  -  -  -  -  -  -  -  -  -  -  -  -
                     -  -  -  -  -  -  -  -  -  B  -  -  B  B  -  -  -  -  -
                     -  -  -  -  -  -  -  -  -  -  -  B  -  -  -  -  B  -  B





61 B >61 B >




                     -  -  -  W  W  -  W  -  -  -  -  -  -  -  -  -  B  -  -  B  -  -  W  W  W  W  B  W   61            -  -  -  -  -  -  B  W  W  B  W  B  -  -  W
  W  -  -  B  W
Ticks: 61            -  -  -  -  -  -  -  -  W  W  W  W  -  W  W  -  -  W  W
                     -  -  -  -  -  -  B  -  -  -  W  -  -  -  W  -  -  -  -
                     -  -  -  B  B  B  B  B  -  B  W  B  -  -  -  B  -  -  -
Black: 96            -  -  -  -  -  -  -  -  B  -  B  -  -  -  -  -  -  -  -
                     -  -  -  B  -  -  -  -  -  -  B  -  -  -  -  -  -  -  -
                     B  -  -  -  -  -  -  -  -  -  -  B  -  -  -  -  -  -  -
                     -  B  -  -  -  B  -  -  -  -  -  -  -  




                     -  -  -            B  B  -  B  W  W  W    B  -  -  -  -  W  -  W  W
                     -  -  -  W  W  -  W  W  -  W  -  B  -  -  -  W  W  -  W
                       W
White: 62            -  -  -  W
Ticks: 62            -  -  -  -  -  -  -  -  W  W  W  W  -  W  W  -  -  W  W
                     -  -  -  -  -  -  B  -  W  -  W  -  -  -  W  -  -  -  -
                     -  -  -  B  B  B  B  B  -  B  W  B  -  -  -  B  -  -  -
Black: 98            -  -  -  -  -  -  -  -  B  -  B  -  -  -  -  -  -  -  -
                     -  -  -  B  -  -  -  -  -  -  B  -  -  -  -  -  -  -  -
                     B  -  -  -  -  -  -  -  -  -  -  B  -   -  -  -  -
                     - -  -  B  -  -  -  -  B
                     -  -  -  -  B  B  -  -  -  -  -  -  -  -  -  -  -  -  -
                     -  -  -  -  B  -  -  -  -  B  -  -  B  B  -  -  -  -  -
                     -  -  -  -  -  -  -  -  -  -  -  B  -  -  -  -  B  -  B





63 B >63 B >63 B >




                     -  -  -  W  W  -  W  -  -  -  -  -  -  -  -  -  B  -  W
                     -  -  -  -  W  -  W  W  W  -  B  -  - -  B  -  -  -  -  W  -  W  W
     -  -  -  -  B  B  W  W  B  W  B-  -  W
                     B  B  W
Ticks: 63            -  -  -  -  -  -  -  -  W  W  W  W  -  W  W  -  -  W  W
                     -  -  -  -  -  -  B  -  W  -  W  -  -  -  W  -  -  -  -
                     -  -  -  B  B  B  B  B  -  B  W  B  -  -  -  B  -  -  -
Black: 106           -  -  -  -  -  -  -  -  B  -  B  -  -  -  -  -  -  -  -
                     -  -  -  B  -  -  -  -  -  -  B  -  -  -  -  -  -  -  -
                     B  -  -  -  -  -  -  -  -  -  -  B  -  -  -  -  -  -  -
                     -  B  -  B  -  B  -  -  -  -  -  -  -  B  -  -  -  -  B
                     -  -  -  -  B  B  -  -  -  -  -  -  -  -  -  -  -  -  -
                     -  -  -  -  B  -  -  -  -  B  -  -  B  B  -  -  -  -  -
                     -  -  -  -  -  -  -  -  -  -  -  B  -  -  -  -  B  -  B





64 B >




                                -  -  -  -  W  -   B  -  -  -  -  W  -  W  W
           -  -  -  W  W  -  W  W  -      -  -  W  B  -  -  B  B  -              B  -  -  -  B  -  -  -  W  -  -  W  W  -  W  -  -  B  W
Ticks: 64            -  -  -  -  -  -  -  -  W  W  W  W  -  W  W  W  -  W  W
                     -  -  -  -  -  -  B  -  W  -  W  -  -  -  W  -  -  -  -
                     -  -  -  B  B  B  B  B  -  B  W  B  -  -  -  B  -  -  -
Black: 107           -  -  -  -  -  -  -  -  B  -  B  -  -  -  -  -  -  -  -
                     -  -  -  B  -  -  -  -  -  -  B  -  -  -  -  -  -  -  -
                     B  -  -  -  -  -  -  -  -  -  -  B  -  -  -  -  -  -  -
                     -  B  -  B  -  B  -  -  -  -  -  -  -  B  -  -  -  -  B
                     -  -  -  -  B  B  -  -  -  -  -  -  -  -  -  -  -  -  -
                     -  -  -  -  B  -  -  -  -  B  -  -  B  B  -  -  -  -  -
                     -  -  -  -  -  -  -  -  -  -  -  B  -  -  -  -  B  -  B





65 B >




                       -  -  -  -  -  -  -  -  -  B  -W
                     -  -  W  W  -  -  B  W
Ticks: 65            -  -  -  -  -  -  -  -  W  W  W  W  -  W  W  W  -  W  W
                     -  -  -  -  -  -  B  -  W  -  W  -  -  -  W  -  -  -  -
                     -  -  -  B  B  B  B  B  -  B  W  B  -  -  -  B  -  -  -
Black: 112           -  -  -  -  -  -  -  -  B  -  B  -  -  -  -  -  -  -  -
                     -  -  -  B  -  -  -  -  -  -  B  -  -  -  -  -  -  -  -
                     B  -  -  -  -  -  -  -  -  -  -  B  -  -  -  -  -  -  -
                     -  B  -  B  -  B  -  -  -  -  -  -  -  B  -  -  -  -  B
                     -  -  -  -  B  B  -  -  -  -  -  -  -  -  -  -  -  -  -
                     -  -  -  -  B  -  -  -  -  B  -  -  B  B  -  -  -  -  -
                     -  -  -  -  -  -  -  -  -  -  -  B  -  -  -  -  B  -  B





66 B >




                     -  -  -  W  W  -  W  -  -  -  -  -  -  -  -  -  B  -  W
                     -  -  -  -  W    B  B  W  -  -  B  -  -  W  W  W  -  W  W  -  -  W  W  -  W  -  -  B  W
Ticks: 66            -  -  -  -  -  -  -  -  W  W  W  W  -  W  W  W  -  W  W
                     -  -  -  -  -  -  B  -  W  -  W  -  -  -  W  -  -  -  -
                     -  -  -  B  B  B  B  B  -  B  W  B  -  -  -  B  -  -  -
Black: 110           -  -  -  -  -  -  -  -  B  -  B  -  -  -  -  -  -  -  -
                     -  -  -  B  -  -  -  -  -  -  B  -  -  -  -  -  -  -  -
                     B  -  -  -  -  -  -  -  -  -  -  B  B  -  -  -  -  -  -
                     -  B  -  B  -  B  -  -  -  -  -  -  -  B  -  -  -  -  B
                     -  -  -  -  B  B  -  -  -  -  -  -  -  -  -  -  -  -  -
                     -  -  -  -  B  -  -  -  -  B  -  -  B  B  -  -  -  -  -
                     -  -  -  -  -  -  -  -  -  -  -  B  -  -  -  -  B  -  B





67 B >




                     -  -  -  W  W  -  W  -  -  -  -  -  -  -  -  -  B  -  W
                     -  -  -  -  W  B  -  -  W  W  W  W  B  W  W
          -  -  -  -  -  -  -  W  B  -  -  W
                     -  -  -  B  -  B  B  -  -  B  W  W  W  W  -  W  W
                 -  W  -  -  B  W
Ticks: 67            -  -  -  -  -  -  -  -  W  W  W  W  -  W  W  W  -  W  W
                     -  -  -  -  -  -  B  -  W  -  W  -  -  -  W  -  -  -  -
                     -  -  -  B  B  B  B  B  -  B  W  B  -  -  B  B  -  -  -
Black: 108           -  -




                     -                    -  -  -  W  W  W  W  -  W  -  B  -  -  -  W  W                   -  B  W  W  B   -  -  B  B  -  -  -  B  W  B  -  W  -  -  W
White: 68            -  -  -  -  -  -  -  -  -  B  B  W  W  B  W  B  -  -  W
                     B  B  -  -  -  B  -  B  B  -  -  B  W  W  W  W  -  W  W
                     B  -  -  -  B  -  W  W  W  -  -  W  W  -  W  -  -  B  W
Ticks: 68            -  -  -  -  -  -  -  -  W  W  W  W  -  W  W  W  -  W  W
                     -  -  -  -  -  -  B  -  W  -  W  -  -  -  W  -  -  -  -
                     -  -  -  B  B  B  B  B  -  B  W  B  -  -  B  B  -  -  -
Black: 109           -  -  -  -  -  -  -  -  B  -  B  -  -  -  -  -  -  -  -
                     -  -  -  B  -  -  -  -  -  -  B  -  -  -  -  -  B  -  -
                     B  -  -  -  -  -  -  -  -  -  -  B  B  -  -  -  -  -  -
                     -  B  -  B  -  B  -  -  -  -  -  -  -  B  -  -  -  -  B
                     -  -  -  -  B  B  -  -  -  -  -  -  -  -  -  -  -  -  -
                     -  -  -  -  B  -  -  -  -  B  -  -  B  B  -  -  -  -  -
                     -  -  -  -  -  -  -  -  -  -  -  B  -  -  -  -  B  -  B





69 B >




                       -  B  W  W  W  -  -  -  B  -  -  W  -  W
                     - W  B  B  W  -  -  B  -  -  W  W   -  -  -  -  -  B  B  W  W  B  W -  W  W  W  -  -  W  W  -  W  -  -  B  W
Ticks: 69            -  -  -  -  -  -  W  -  W  W  W  W  -  W  W  W  -  W  W
                     -  -  -  -  -  -  B  -  W  -  W  -  -  -  W  -  -  -  -
                     -  -  -  B  B  B  B  B  -  B  W  B  -  -  B  B  -  -  -
Black: 114           -  -  -  -  -  -  -  -  B  -  B  -  -  -  -  -  -  -  -
                     -  -  -  B  -  -  -  -  -  -  B  -  -  -  -  -  B  -  -
                     B  -  -  -  -  -  -  -  -  -  -  B  B  -  -  -  -  -  -
                     -  B  -  B  -  B  -  -  -  -  -  -  -  B  -  -  -  -  B
                     -  -  -  -  B  B  -  -  -  -  -  -  -  -  -  -  -  -  -
                     -  -  -  -  B  -  -  -  -  B  -  -  B  B  -  -  -  -  -
                     -  -  -  -  -  -  -  -  -  -  -  B  B  -  -  -  B  -  B





70 B >70 B >




                               B  B  -  B  W   -  -  B  -  -  -  W  W  -  W  W
                     -  -  -  W  W  -  W  W  -  W  W  B  -  -  -  W  W  -  W
              -  W  -  -  W
White: 70        W  -  W  -  -  B  W
Ticks: 70            -  -  -  -  -  -  W  -  W  W  W  W  -  W  W  W  -  W  W
                     -  -  -  -  -  B  B  -  W  -  W  -  -  -  W  -  -  -  -
                     -  -  -  B  B  B  B  B  -  B  W  B  -  -  B  B  -  -  -
Black: 112           -  -  -  -  -  -  -  -  B  -  B  -  -  -  -  -  -  -  -
                     -  -  -  B  -  -  -  -  -  -  B  -  -  -  -  -  B  -  -
                     B  -  -  -  -  -  -  -  -  -  -  B  B  -  -  -  -  -  -
                     -  B  -  B  -  B  -  -  -  -  -  -  -  B  -  -  -  -  B
                     -  -  -  -  B  B  -  -  -  -  -  -  -  -  -  -  -  -  -
                     -  -  -  -  B  -  -  -  -  B  -  -  B  B  -  -  -  -  -
                     -  -  -  -  -  -  -  -  -  -  -  B  B  -  -  -  B  -  B





71 B >




                     -  -  W  W  W  -  W  -  -  -  -  -  -  -  -  -  B  -  W
                     -  -  -  -  W  -  W  W  W  B  B  -  -  -  B  -  B  -  W
                     B  B W  B  -  W  -  -  W
White: 71     -  W  W  W  -  -  W  W  -  W  -  -  B  W
Ticks: 71            -  -  -  -  -  -  W  -  W  W  W  W  -  W  W  W  -  W  W
                     -  -  -  -  -  B  B  -  W  -  W  -  -  -  W  -  -  -  W
                     -  -  -  B  B  B  B  B  -  B  W  B  -  -  B  B  -  -  -
Black: 112           -  -  -  -  -  -  -  -  B  -  B  -  -  -  -  -  -  -  -
                     -  -  -  B  -  -  -  -  -  -  B  -  -  -  -  -  B  -  -
                     B  -  -  -  -  -  -  -  -  -  -  B  B  -  -  -  -  -  -
                     -  B  -  B  -  B  -  -  -  -  -  -  -  B  -  -  -  -  B
                     -  -  -  -  B  B  -  -  -  -  -  -  -  -  -  -  -  -  -
                     -  -  -  -  B  -  -  -  -  B  -  -  B  B  -  -  -  -  -
                     -  -  -  -  -  -  -  -  -  -  -  B  B  -  -  -  B  B  B





72 B >




                       W  W  B  B  -  -  -  B  -  B  - -  W
White: 72            -  -    -  B  B  -  -  B  W  W  W-  -  -  B  -  W  W  W  -  -  W  W  - 72            -  -  -  -  -  -  W  -  W  W  W  W  -  W  W  W  -  W  W
                     -  -  -  -  -  B  B  -  W  -  W  -  -  -  W  -  -  -  W
                     -  -  -  B  B  B  B  B  -  B  W  B  -  -  B  B  -  -  -
Black: 116           -  -  -  -  -  -  -  -  B  -  B  -  -  -  -  -  -  -  -
                     -  -  -  B  -  -  -  -  -  -  B  -  -  -  -  -  B  -  -
                     B  -  -  -  -  -  -  -  -  -  -  B  B  -  -  -  -  -  -
                     -  B  -  B  -  B  -  -  -  -  -  -  -  B  -  -  -  -  B
                     -  -  -  -  B  B  -  -  -  -  -  -  -  -  -  -  -  -  -
                     -  -  -  -  B  B  -  -  -  B  -  -  B  B  -  -  -  -  -
                     -  -  -  -  -  -  -  -  -  -  -  B  B  -  -  -  B  B  B





73 B >73 B >73 B >




        B  B  -  -  -  B  -  B  -  W
   te: 73            -  -  -  -  -  -  -  B  B  W  W  B  W  B  -  -  W
                     B  B  -  -  -  B  -  B  B  -  -  B  W  W  W  W  -  W  W
                W  -  -  B  W
Ticks: 73            -  -  -  -  -  -  W  -  W  W  W  W  -  W  W  W  -  W  W
                     -  -  -  -  -  B  B  -  W  -  W  -  -  -  W  -  -  -  W
                     -  -  -  B  B  B  B  B  -  B  W  B  -  -  B  B  -  -  -
Black: 115           -  -  -  -  -  -  -  -  B  -  B  -  -  -  -  -  -  -  -
                     -  -  -  B  -  -  -  -  -  -  B  -  -  -  -  -  B  -  -
                     B  -  -  -  -  -  -  -  -  -  -  B  B  -  -  -  -  -  -
                     -  B  -  B  -  B  -  -  -  -  -  -  -  B  -  -  -  -  B
                     -  -  -  -  B  B  -  -  -  -  -  -  -  -  -  B  -  -  -
                     -  -  -  -  B  B  -  -  -  B  -  -  B  B  -  -  -  -  -
                     -  -  -  -  -  -  -  -  -  -  -  B  B  -  -  -  B  B  B





74 B >




                       B  -  -  -  B  -  B  -  W
          -  -  -  W  W  -  W  W  -  W W  -  W  W  -  W
          B  W  W  B  B  W  -  -  B  -  -  -  -  B  W  B  -  W  -  -  W
Whit  -  W  W  W  -  -  W  W  -  W  -  -  B  W
Ticks: 74            -  -  -  -  -  W  W  -  W  W  W  W  -  W  W  W  -  W  W
                     -  -  -  -  -  B  B  -  W  -  W  -  -  -  W  -  -  -  W
                     -  -  -  B  B  B  B  B  -  B  W  B  -  -  B  B  -  -  -
Black: 123           -  -  -  -  -  -  -  -  B  -  B  -  -  -  -  -  -  -  -
                     -  -  -  B  -  -  -  -  -  -  B  -  -  -  -  -  B  -  B
                     B  -  -  -  -  -  -  -  -  -  -  B  B  -  -  -  -  -  -
                     -  B  -  B  -  B  -  -  -  -  -  -  -  B  -  -  -  -  B
                     -  -  -  -  B  B  -  -  -  -  -  -  -  -  -  B  -  -  -
                     -  -  -  -  B  B  -  -  -  B  -  -  B  B  -  -  -  -  -
                     -  -  -  -  -  -  -  -  -  -  -  B  B  -  -  -  B  B  B





75 B >




                     W  -  W  W  W  B  B  -  -  -  B    B  -  W
                     B W  W  W  -  -  -  B  -  -  -  W  W5            -  -  -  -  -  >76 B >




                     -  -  W  W  W  -  W  -  -  -  -           -  -  -  -  W  -  W  W W  W  -  -  -  B  -  -  -  W  W   B  -  -  W
                     




                     -  -  W  W  W  -  W  -  -  -  -  - W  B  -  W  -  W  W  -  W
     
                     B  -  -  -  B  -  W  -  W  -  -  B  W
Ticks: 77            -  -  -  -  -  W  W  -  W  W  W  W  -  W  W  W  -  W  W
                     -  -  -  -  -  B  B  -  W  -  W  -  -  -  W  -  -  -  W
                     -  -  -  B  B  B  B  B  W  B  W  B  -  -  B  B  -  -  W
Black: 135           -  -  -  -  -  -  -  -  B  -  B  -  -  -  -  -  -  -  W
                     -  -  -  B  -  -  -  -  -  -  B  -  -  -  -  -  B  -  B
                     B  -  -  -  -  -  B  -  -  -  -  B  B  -  -  -  -  -  -
                     -  B  -  B  -  B  -  -  -  -  -  -  -  B  -  -  -  -  B
                     -  -  -  -  B  B  -  -  B  -  -  -  -  B  -  B  -  -  -
                     -  -  -  -  B  B  -  -  -  B  -  -  B  B  -  -  -  -  -
                     -  -  -  -  -  -  -  -  -  -  -  B  B  -  -  -  B  B  B





78 B >




                     -  -  W  W  W  -  W  -  -  -  -   -  -  -  W  -  W  W  W  B  B  - B  W  B  -  W  -  -  W
White: 78




                     -  -  W  W  W  -  W  B  -  -  -  B  -  -W  W  B  -  W  -  W  W  -  W
     




                     -  -  W  W  W  -  W  B  -  -  -  B  -  --  W  W  W  B  B  -  -  -  B  - 
                     B  B               -  B  W  W  B  B  W W  -  W  -  -  B  W
Ticks: 80            -  -  -  -  -  W  W  -  W  W  W  W  -  W  W  W  -  W  W
                     -  -  -  -  -  B  B  -  W  -  W  -  -  -  W  -  -  -  W
                     -  -  -  B  B  B  B  B  W  B  W  B  -  -  B  B  -  -  W
Black: 140           -  -  -  -  -  -  -  -  B  -        -  -  W  W  W  -  W  B  - -  -  B  -  -  -  -  B  -  W
             -  -  -  -  W  -  W  W  W  B  B  -  -  -  B  -  B  -  W
                     B  B  -  B  W  W  W  -  -  -  B  -  -  -  W  W W  B  B  W  -  -  B  W  -  W  W  -  W  -  -  B  W
Ticks: 81            -  -  -  -  W  W  W  -  W  W  W  W  -  W  W  W  -  W  W
                     -  -  -  -  -  B  B  -  W  B  W  -  -  -  W  -  -  -  W
                     -  -  -  B  B  B  B  B  W  B  W  B  -  -  B  B  -  -  W
Black: 141           -  -  -  -  -  -  -  -  B  -  B  -  -  -  -  -  -  -  W
                     -  -  -  B  -  -  -  -  -  -  B  -  -  -  -  -  B  -  B
                     B  -  -  -  -  -  B  -  -  -  -  B  B  -  -  -  -  -  -
                     -  B  -  B  -  B  -  -  -  -  -  -  -  B  -  -  -  -  B
                     -  -  -  -  B  B  -  -  B  -  -  -  -  B  -  B  -  -  -
                     -  -  -  -  B  B  -  -  -  B  -  -  B  B  -  -  -  -  -
                     -  -  -  -  -  -  -  -  -  -  -  B  B  -  -  -  B  B  B





82 B >82 B >




                     -  -  W  W  W  -  W  B  -  -  -  B  -  -  -  -  B  W  W
                     -  -  -  -  W-  B  -  W
                     B  -  -  W
White: 82            W  W  -  -  -  -  -  -  -  B  B  W  W  B  W  B  -  -  W
                     B  B  -  -  -  B  -  B  B  -  -  B  W  W  W  W  -  W  W
                     B  -  -  -  B  -  W  W  W  -  -  W  W  -  W  -  -  B  W
Ticks: 82            -  -  -  -  W  W  W  -  W  W  W  W  -  W  W  W  -  W  W
                     -  -  -  -  -  B  B  -  W  B  W  -  -  -  W  -  -  -  W
                     -  -  -  B  B  B  B  B  W  B  W  B  -  -  B  B  -  -  W
Black: 135           -  -  -  -  -  -  -  -  B  -  B  -  -  -  -  -  -  -  W
                     -  -  -  B  -  -  -  -  -  -  B  -  -  -  -  -  B  -  B
                     B  -  -  -  -  -  B  -  -  -  -  B  B  -  -  -  -  -  -
                     -  B  -  B  -  B  -  -  -  -  -  -  -  B  -  -  -  -  B
                     -  -  -  -  B  B  -  -  B  -  -  -  -  B  -  B  -  -  -
                     -  -  -  -  B  B  -  -  -  B  -  -  B  B  -  -  -  -  -
                     -  -  -  -  B  -  -  -  -  -  -  B  B  -  -  -  B  B  B





83 B >83 B >83 B >83 B >




  W  -  -  -  B  -  -  -  W  W  -   -  -  W
                     B   -  -  B  -  -  -  -  B  W  W
           B  B  -  B  W  W  W  -   -  -  -  W  W  -  W  W
     W  W  W  W  -  W  W
            -  B  -  W  W  W  -  -  W  W  -  W  -  -  B  W
Ticks: 84            -  -  -  W  W  W  W  -  W  W  W  W  -  W  W  W  -  W  W
                     -  -  -  -  -  B  B  -  W  B  W  -  -  -  W  -  -  -  W
                     -  -  -  B  B  B  B  B  W  B  W  B  -  -  B  B  -  -  W
Black: 122           -  -  -  -  -  B  -  -  B  -  B  -  -  -  -  -  -  -  W
                     -  -  -  B  -  -  -  -  -  -  B  -  -  -  -  -  B  -  B
                     B  -  -  -  -  -  B  -  -  -  -  B  B  B  -  -  -  -  -
                     -  B  -  B  -  B  -  -  -  -  -  -  -  B  -  -  -  -  B
                     -  -  -  -  B  B  -  -  B  -  -  -  -  B  -  B  -  -  -
                     -  -  -  -  B  B  -  -  -  B  -  -  B  B  -  -  -  -  -
                     -  -  -  -  B  -  -  -  -  -  -  B  B  -  -  -  B  B  B





85 B >




                    W  W  -  W  W  -  W  W  B  -  W  - W  W  W  W  -  W  W
                     B  -  -  -  B  -  W  W  W  -  -  W  W  -  W  -  -  B  W
Ticks: 85            -  -  -  W  W  W  W  -  W  W  W  W  -  W  W  W  -  W  W
                     -  -  -  -  -  B  B  W  W  B  W  -  -  -  W  -  -  -  W
                     -  -  -  B  B  B  B  B  W  B  W  B  -  -  B  B  -  -  W
Black: 130           -  -  -  -  -  B  -  -  B  -  B  -  -  -  -  -  -  -  W
                     -  -  -  B  -  -  -  -  -  -  B  -  -  -  -  -  B  -  B
                     B  -  -  -  -  -  B  -  -  -  -  B  B  B  -  -  -  -  -
                     -  B  -  B  -  B  -  -  -  -  -  -  -  B  -  -  -  -  B
                     -  -  -  -  B  B  -  -  B  -  -  -  -  B  -  B  -  -  -
                     -  -  -  -  B  B  -  -  -  B  -  -  B  B  -  -  -  -  -
                     -  -  -  -  B  -  -  -  -  -  -  B  B  -  -  -  B  B  B





86 B >86 B >86 B >86 B >86 B             B  B  -  B  WW  B  -  W  -  W  W  -  W
           -  B  W  W  B  B  W  -  -  B  W  W  B  W  B  -  -  W
                     B  B  -  -  -  B  -  B  B    B  B  -  -  -  B  -  B  -  W
   B  -  -  B  B  -  -  -  B  W  B W  W  -  W
White: 88            W  W  -  -  B  W  W  B  W  B  -  -  W
                     B  B  -  -  -  B  -  B  B  -  -  B  W  W  W  W  -  W  W
                     B  -  -  -  B  -  W  W  W  -  -  W  W  -  W  -  -  B  W
Ticks: 87            -  -  -  W  W  W  W  -  W  W  W  W  -  W  W  W  -  W  W
                     -  -  -  -  -  B  B  W  W  B  W  -  -  -  W  -  -  -  W
                     -  -  -  B  B  B  B  B  W  B  W  B  -  -  B  B  -  W  W
Black: 137           -  -  -  -  -  B  -  -  B  -  B  -  -  -  -  -  -  -  W
                     -  -  -  B  -  -  -  -  -  -  B  -  -  -  -  -  B  -  B
                     B  -  -  -  -  -  B  -  -  -  -  B  B  B  -  -  -  -  -
                     -  B  -  B  -  B  -  -  -  -  -  -  -  B  -  -  B  -  B
                     -  -  -  -  B  B  -  -  B  -  -  -  -  B  -  B  -  -  -
                     -  -  -  -  B  B  -  -  -  B  -  -  B  B  -  -  -  -  -
                     -  -  -  -  B  -  -  -  -  -  -  B  B  -  -  -  B  B  B





88 B >

 W  W  W  W  -  W  B  -  -  -  B   W  W  W  W  -  W  W
             W  W  -  -  -  B  -  -  -  B  B  W  W  B  W  B  -  -  W
                     B  B  -  -  -  B  -  B  B  -  -  B  W  W  W  W  -  W  W
                     B  -  -  -  B  -  W  W  W  -  -  W  W  -  W  -  -  B  W
Ticks: 88            -  -  -  W  W  W  W  -  W  W  W  W  -  W  W  W  -  W  W
                     -  -  -  -  -  B  B  W  W  B  W  -  -  -  W  -  -  -  W
                     -  -  -  B  B  B  B  B  W  B  W  B  -  -  B  B  B  W  W
Black: 140           -  -  -  -  -  B  -  -  B  -  B  -  -  -  -  -  -  -  W
                     -  -  -  B  -  -  -  -  -  -  B  -  -  -  -  -  B  -  B
                     B  -  -  -  -  -  B  -  -  -  -  B  B  B  -  -  -  -  -
                     -  B  -  B  -  B  -  -  -  -  -  -  -  B  -  -  B  -  B
                     -  -  -  -  B  B  -  -  B  -  -  -  -  B  -  B  -  -  -
                     -  -  -  -  B  B  -  -  -  B  -  -  B  B  -  -                -  -  -  -  B  -  --  -  -  B  B  -  -  -  B  B  B

89 B >




                     - -  W  W  -  W  W  B  -  W  -W  W  W  -  W  W
                  -  B  -  B  -  W
              ite: 91            W  W  -  -  -  B  -  -  -  B  B  W  W  B  W  B  -  -  W
                     B  B  -  -  -  B  -  B  B  -  -  B  W  W  W  W  -  W  W
                     B  -  -  -  B  -  W  W  W  -  -  W  W  -  W  -  -  B  W
Ticks: 90            -  -  W  W  W  W  W  -  W  W  W  W  -  W  W  W  -  W  W
                     -  -  -  -  -  B  B  W  W  B  W  -  -  -  W  -  -  -  W
                     -  -  -  B  B  B  B  B  W  B  W  B  -  -  B  B  B  W  W
Black: 148           -  -  -  -  -  B  -  -  B  -  B  -  -  -  -  -  -  -  W
                     -  -  -  B  -  -  -  -  -  B  B  -  -  -  -  -  B  -  B
                     B  -  -  -  -  -  B  -  -  -  -  B  B  B  -  -  -  -  -
                     -  B  -  B  -  B  -  -  -  -  -  -  -  B  -  -  B  -  B
                     -  -  -  -  B  B  -  -  B  -  -  -  -  B  -  B  B  -  -
                     -  -  -  -  B  B  -  -  -  B  -  -  B  B  -  -  -  -  -
                     -  -  -  -  B  -  -  -  -  -  -  B  B  -  -  -  B  B  B





Game Over Stones Exhausted
You are a Winner, User