What is your name?
Hi, User





                     -  -  -  -  -  -  -  -  -  -  -  -  -  -  -  -  -  -  -
                     -  -  -  -  -  -  -  -  -  -  -  -  -  -  -  -  -  -  -
                     -  -  -  -  -  -  -  -  -  -  -  -  -  -  -  -  -  -  -
                     -  -  -  -  -  -  -  -  -  -  -  -  -  -  -  -  -  -  -
                     -  -  -  -  -  -  -  -  -  -  -  -  -  -  -  -  -  -  -
                     -  -  -  -  -  -  -  - 




                     -  -  -  -  -  -  -  -  -  -  -  -  -  -  -  -  -  -  -
                     -  -  -  -  -  -  -  -  -  -  -  -  -  -  -  -  -  -  -
                       -  -  -  -  -  - -  -  -  -  -  -  -  -  -  -  -  -  -   -  -  -  -
Ticks: 0             -  -  -  -  -  -  -  -  -  -  -  -  -  -  -  -  -  -  -
                     -  -  -  -  -  -  -  -  -  -  -  -  -  -  -  -  -  -  -
                     -  -  -  -  -  -  -  -  -  -  -  -  -  -  -  -  -  -  -
Black: 1             -  -  -  -  -  -  -  -  -  -  -  -  -  -  -  -  -  -  -
                     -  -  -  -  -  -  -  -  -  -  -  -  -  -  -  -  -  -  -
                     -  -  -  -  -  -  -  -  -  -  -  -  -  -  -  -  -  -  -
                     -  -  -  -  -  -  -  -  -  -  -  -  -  -  -  -  -  -  -
                     -  -  -  B  -  -  -  -  -  -  -  -  -  -  -  -  -  -  -
                     -  -  -  -  -  -  -  -  -  -  -  -  -  -  -  -  -  -  -
                     -  -  -  -  -  -  -  -  -  -  -  -  -  -  -  -  -  -  -





1 B >




                     -  -  -  -  -  -  -  -  -  -  -  -  -  -  -  -  -  -  -
                     -  -  -  -  -  -  -  -  -  -  -  -  -  -  -  -  -  -  -
                     -  -  -  -  -  -  -  -  -  -  -  -  -  -  -  -  -  -  -  -  -  -  -  -  -  -   -  -  -  -  -  -  -  -  -  -  -  -  -
Ticks: 1             -  -  -  -  -  -  -  -  -  -  -  -  -  -  -  -  -  -  -
                     -  -  -  -  -  -  -  -  -  -  -  -  -  -  -  -  -  -  -
                     -  -  -  -  -  -  -  -  -  -  -  -  -  -  -  -  -  -  -
Black: 2             -  -  -  -  -  -  -  -  -  -  -  -  -  -  -  -  -  -  -
                     -  -  -  -  -  -  -  -  -  -  -  -  -  -  -  -  -  -  -
                     -  B  -  -  -  -  -  -  -  -  -  -  -  -  -  -  -  -  -
                     -  -  -  -  -  -  -  -  -  -  -  -  -  -  -  -  -  -  -
                     -  -  -  B  -  -  -  -  -  -  -  -  -  -  -  -  -  -  -
                     -  -  -  -  -  -  -  -  -  -  -  -  -  -  -  -  -  -  -
                     -  -  -  -  -  -  -  -  -  -  -  -  -  -  -  -  -  -  -





2 B >




                     -  -  -  -  -  -  -  -  -  -  -  -  -  -  -  -  -  -  -
                     -  -  -  -  -  --  -  -  -  -  -  -  -  -  -  -   -  -  -
                     -  -  -  -  -  -  -  -  -  -  -  -                      -  -  -  -  -  -  -  -  -  -  -  -  -  -  -  -  -  -  -
Ticks: 2             -  -  -  -  -  -  -  -  -  -  -  -  -  -  -  -  -  -  -
                     -  -  -  -  -  -  -  -  -  -  -  -  -  -  -  -  -  -  -
                     -  -  -  -  -  -  -  -  -  -  -  -  -  -  -  -  -  -  -
Black: 3             -  -  -  -  -  -  -  -  -  -  -  -  -  -  -  -  -  -  -
                     -  -  -  -  -  -  -  -  -  -  -  -  -  -  -  -  -  -  -
                     -  B  -  -  -  -  -  -  -  -  -  -  -  -  -  -  -  -  -
                     -  -  -  -  -  -  -  -  -  -  -  -  -  -  -  -  -  -  -
                     -  -  -  B  -  -  -  -  -  -  -  -  -  -  -  -  -  -  -
                     -  -  -  -  -    -  -  -  -  -  -  -  -  B  -  -  -  -





3 B >




                     -  -  -  -  -  -  -  -  -  -  -  -  -  -  -  -  -  -  W
                    -  -  -  -  -  -  -  -  -  -
White: 3               -  -  -  -  -  -  -  -  -  -  -  -  -  -  -  -
                     -  -  -  -  -  -  -  -  -  -  -  -  -  -  -  -  -  -  -
                     -  -  -  -  -  -  -  -  -  -  -  -  -  -  -  -  -  -  -
Ticks: 3             -  -  -  -  -  -  -  -  -  -  -  -  -  -  -  -  -  -  -
                     -  -  -  -  -  -  -  -  -  -  -  -  -  -  -  -  -  -  -
                     -  -  -  -  -  -  -  -  -  -  -  -  -  -  -  -  -  -  -
Black: 4             -  -  -  -  -  -  -  -  -  -  -  -  -  -  -  -  -  -  -
                     -  -  -  -  -  -  -  -  -  -  -  -  -  -  -  -  -  -  -
                     -  B  -  -  -  -  -  -  -  -  -  -  -  -  -  -  -  -  -
                     -  -  -  -  -  -  -  -  -  -  -  -  -  -  -  -  -  -  -
                     -  -  -  B  -  -  -  -  -  -  -  -  -  -  -  -  -  -  -
                     -  -  -  -  -  -  -  -  -  -  -  -  -  -  -  -  -  -  -
                     -  -  -  -  -  -  -  -  -  -  -  -  -  -  B  -  -  -  -





4 B >




                     -  -  -  -  -  -  -  -  -  -  -  -  -  -  -  -  -  -  W
                     -  -  -  -  -  -  -  -  -  -  -  -  -  -  -  -  -  -  W
                     -  -  -  -  -  -  W  -  -  -  -  -  -  -  -  -  -  -  -
                                 -  -  -  -  -  -  -  -  -  -  -
                    -  -  -  -  -  -  -  -  -  --  -  -  -  -  -  -  -  -
Ticks: 4             -  -  -  -  -  -  -  -  -  -  -  -  -  -  -  -  -  -  -
                     -  -  -  -  -  -  -  -  -  -  -  -  -  -  -  -  -  -  -
                     -  -  -  -  -  -  -  -  -  -  -  -  -  -  -  -  -  -  -
Black: 4             -  -  -  -  -  -  -  -  -  -  -  -  -  -  -  -  -  -  -
                     -  -  -  -  -  -  -  -  -  -  -  -  -  -  -  -  -  -  -
                     -  B  -  -  -  -  -  -  -  -  -  -  -  -  -  -  -  -  -
                     -  -  -  -  -  -  -  -  -  -  -  -  -  -  -  -  -  -  -
                     -  -  -  B  -  -  -  -  -  -  -  -  -  -  -  -  -  -  -
                     -  -  -  -  -  -  -  -  -  -  -  -  -  -  -  -  -  -  -
                     -  -  -  -  -  -  -  -  -  -  -  -  -  -  B  -  -  -  -





5 B >5 B >




                     -  -  -  -  -  -  -  -  -  -  -  -  -  -  -  -  -  -  W
                     -  -  -  -  -  -  -  -  -  -  -  -  -  -  -  -  -         -  -  -  -  -  -  W  -  - -  -  -  -  -  -  -  -  -  -  -   -  -  -  -
Ticks: 5             -  -  -  -  -  -  -  -  -  -  -  -  -  -  -  -  -  -  -
                     -  -  -  -  -  -  -  -  -  -  -  -  -  -  -  -  -  -  -
                     -  -  -  -  -  -  -  -  -  -  -  -  -  -  -  -  -  -  -
Black: 5             -  -  -  -  -  -  -  -  -  -  -  -  -  -  -  -  -  -  -
                     -  -  -  -  -  -  -  -  -  -  -  -  -  -  -  -  -  -  -
                     -  B  -  -  -  -  -  -  -  -  -  -  -  -  -  -  -  -  -
                     -  -  -  -  -  -  -  -  -  -  -  -  -  -  -  -  -  -  -
                     -  -  -  B  -  -  -  -  -  -  -  -  -  -  -  -  -  -  -
                     -  -  -  -  -  -  -  -  -  -  -  -  -  -  -  -  -  -  -
                     -  -  -  -  -  -  -  -  -  -  -  -  -  -  B  -  -  -  -





6 B >




                     -  -  -  -  -  -  -  -  -  -  -  -  -  -  -  -  -  -  W
                     -  -  -  -  -  B  -  -  -  -  -  -  -  -  -  -  --  -  B  -  -  -  -  -  -  -  W
 -  -  W  -  -  -  -  -  -
         -  -  -  -  -  -  -  -  -  -
Ticks: 6             -  -  -  -  -  -  -  -  -  -  -  -  -  -  -  -  -  -  -
                     -  -  -  -  -  -  -  -  -  -  -  -  -  -  -  -  -  -  -
                     -  -  -  -  -  -  -  -  -  -  -  -  -  -  -  -  -  -  -
Black: 6             -  -  -  -  -  -  -  -  -  -  -  -  -  -  -  -  -  -  -
                     -  -  -  -  -  -  -  -  -  -  -  -  -  -  -  -  -  -  -
                     -  B  -  -  -  -  -  -  -  -  -  -  -  -  -  -  -  -  -
                     -  -  -  -  -  -  -  -  -  -  -  -  -  -  -  -  -  -  -
                     -  -  -  B  -  -  -  -  -  -  -  -  -  -  -  -  -  -  -
                     -  -  -  -  -  -  -  -  -  -  -  -  -  -  -  -  -  -  -
                     -  -  -  -  -  -  -  -  -  -  -  -  -  -  B  -  -  -  -





7 B >




                     -  -  -  -  -  -  -  -  -  -  -  -  -  -  -  -  -  -  W
                     -  -  -  -  -    -  -  -  -  -  -  -  B  -  -  -   -  -  -  -  -  -  -  -  -  -  --  -  -  -  -  -  -  -  -  -  -   -  -  -  -  -  -  -  -  -  -  -  -  -
Ticks: 7             -  -  -  -  -  -  -  -  -  -  -  -  -  -  -  -  -  -  -
                     -  -  -  -  -  -  -  -  -  -  -  -  -  -  -  -  -  -  -
                     -  -  -  -  -  -  -  -  -  -  -  -  -  -  -  -  -  -  -
Black: 7             -  -  -  -  -  -  -  -  -  -  -  -  -  -  -  -  -  -  -
                     -  -  -  -  -  -  -  -  -  -  -  -  -  -  -  -  -  -  -
                     -  B  -  -  -  -  -  -  -  -  -  -  -  -  -  -  -  -  -
                     -  -  -  -  -  -  -  -  -  -  -  -  -  -  -  -  -  -  -
                     -  -  -  B  -  -  -  B  -  -  -  -  -  -  -  -  -  -  -
                     -  -  -  -  -  -  -  -  -  -  -  -  -  -  -  -  -  -  -
                     -  -  -  -  -  -  -  -  -  -  -  -  -  -  B  -  -  -  -





8 B >




                     -  -  -  -  -  -  -  -  -  -  -  -  -  -  W  -  -  -  W
           -  -  -  -  W  W
                     -  -  -  -  -  -  -           -  -  -  -  -  -  -  -  -  -  -  -  -  -  -  -  -  -  -
Ticks: 8             -  -  -  -  -  -  -  -  -  -  -  -  -  -  -  -  -  -  -
                     -  -  -  -  -  -  -  -  -  -  -  -  -  -  -  -  -  -  -
                     -  -  -  -  -  -  -  -  -  -  -  -  -  -  -  -  -  -  -
Black: 8             -  -  -  -  -  -  -  -  -  -  -  -  -  -  -  -  -  -  -
                     -  -  -  -  -  -  -  -  -  -  -  -  -  -  -  -  -  -  -
                     -  B  -  -  -  -  -  -  -  -  -  -  -  -  -  -  -  -  -
                     -  -  -  -  -  -  -  -  -  -  -  -  -  -  -  -  -  -  -
                     -  -  -  B  -  -  -  B  -  -  -  -  -  -  -  -  -  -  -
                     -  -  -  -  -  -  -  -  -  -  -  -  -  -  -  -  -  -  -
                     -  -  -  -  -  -  -  -  -  -  -  -  -  -  B  -  -  -  -





9 B >




                     -  -  -  -  -  -  -  -  -  -  -  -  -  -  W  -  -  -  W
                     -  -  -  -  -  B  -  W  -  W
                     -  -    -  -  W  W  -  -  -  B   -  -  -  -  -  -  -  -  -
               -  -  -  -  -  -  -  -  -  -  -  -  -  -  -  -  -  -  -
Ticks: 9             -  -  -  -  -  -  -  -  -  -  -  -  -  -  -  -  -  -  -
                     -  -  -  -  -  -  -  -  -  -  -  -  -  -  -  -  -  -  -
                     -  -  -  -  -  -  -  -  -  -  -  -  -  -  -  -  -  -  -
Black: 10            -  -  -  -  -  -  -  -  -  -  -  -  -  -  -  -  -  -  -
                     -  -  -  -  -  -  -  -  -  -  -  -  -  -  -  -  -  -  -
                     -  B  -  -  -  -  -  -  -  -  -  -  -  -  -  -  -  -  -
                     -  -  -  -  -  -  -  -  -  -  -  -  -  -  -  -  -  -  -
                     -  -  -  B  -  -  -  B  -  -  -  -  -  -  -  -  -  -  -
                     -  -  -  -  -  -  -  -  -  -  -  -  -  -  -  -  -  -  -
                     -  -  -  B  -  -  -  -  -  -  -  -  -  -  B  -  -  -  -





10 B >




                     -  -  -  -  -  -  -  -  -  -  -  -  -  -  W  W  -  -  W
                     -  -  -  -  -                      -  -  -  -  --  -  -  -  -
White: 10          -  -  -  -  -  -  -  -  -  -  -  --  -  -  -  -  -
                     -  -  -  -  -  -  -  -  -  -  -  -  -  -  -  -  -  -  -
      -  -  -  -  -  -  -  -
Ticks: 10            -  -  -  -  -  -  -  -  -  -  -  -  -  -  -  -  -  -  -
                     -  -  -  -  -  -  -  -  -  -  -  -  -  -  -  -  -  -  -
                     -  -  -  -  -  -  -  -  -  -  -  -  -  -  -  -  -  -  -
Black: 10            -  -  -  -  -  -  -  -  -  -  -  -  -  -  -  -  -  -  -
                     -  -  -  -  -  -  -  -  -  -  -  -  -  -  -  -  -  -  -
                     -  B  -  -  -  -  -  -  -  -  -  -  -  -  -  -  -  -  -
                     -  -  -  -  -  -  -  -  -  -  -  -  -  -  -  -  -  -  -
                     -  -  -  B  -  -  -  B  -  -  -  -  -  -  -  -  -  -  -
                     -  -  -  -  -  -  -  -  -  -  -  -  -  -  -  -  -  -  -
                     -  -  -  B  -  -  -  -  -  -  -  -  -  -  B  -  -  -  -





11 B >




                     -  -  -  -  -  -  -  -  -  -  -  -  -  -  W  W  -  -  W
                     -  -  -  -  -  B  -  W  -  -  -  -  -  -  -  -                   -  -  -  -  -  - -  -  -  -  -  -  -  -  -  -  -  -  -  -  -  -
Ticks: 11            -  -  -  -  -  -  -  -  -  -  -  -  -  -  -  -  -  -  -
                     -  -  -  -  -  -  -  -  -  -  -  -  -  -  -  -  -  -  -
                     -  -  -  -  -  -  -  -  -  -  -  -  -  -  -  -  -  -  -
Black: 12            -  -  -  -  -  -  -  -  -  -  -  -  -  -  -  -  -  -  -
                     -  -  -  -  -  -  -  -  -  -  -  -  -  -  -  -  -  -  -
                     -  B  -  -  -  -  -  -  -  -  -  -  -  -  -  -  -  -  -
                     -  -  -  -  -  -  -  -  -  -  -  -  -  -  -  -  -  -  -
                     -  -  -  B  -  -  -  B  -  -  -  -  -  -  -  -  -  -  -
                     -  -  -  -  -  -  -  -  -  -  -  -  -  -  -  -  -  -  -
                     -  -  -  B  -  -  -  -  -  -  -  -  -  -  B  -  -  -  -





12 B >




                     -  -  -  -  -  -  -  -  -  -  -  -  -  -  W  W  -  -  W
                     -  -  -  -  -  B  -    -  -  W
                   -  W  W  -  -  -  B  -  -  -  - -  -  -  -  -  -  -  -  W  -  -  -  -  -  -  -  B  -  -  -  -  -  -  -  -  -  -  -
Ticks: 12            -  -  -  -  -  -  -  -  -  -  -  -  -  -  -  -  -  -  -
                     -  -  -  -  -  -  -  -  -  -  -  -  -  -  -  -  -  -  -
                     -  -  -  -  -  -  -  -  -  -  -  -  -  -  -  -  -  -  -
Black: 13            -  -  -  -  -  -  -  -  -  -  -  -  -  -  -  -  -  -  -
                     -  -  -  -  -  -  -  -  -  -  -  -  -  -  -  -  -  -  -
                     -  B  -  -  -  -  -  -  -  -  -  -  -  -  -  -  -  -  -
                     -  -  -  -  -  -  -  -  -  -  -  -  -  -  -  -  -  -  -
                     -  -  -  B  -  -  -  B  -  -  -  -  -  -  -  -  -  -  -
                     -  -  -  -  -  -  -  -  -  -  -  -  -  -  -  -  -  -  -
                     -  -  -  B  -  -  -  -  -  -  -  -  -  -  B  -  -  -  -





13 B >




                     -  -  -  -  -  -  -  -  -  -  -  -  -  -  W  W  W  -  W
                     -  -  -  -  -   -  -  -  -  -  -  -  -  -  -  -   -  -  -  -  -  -  -  -  -  -  - -  -  B  -  -  -  -  -  -  -  -  -  -  -
Ticks: 13            -  -  -  -  -  -  -  -  -  -  -  -  -  -  -  -  -  -  -
                     -  -  -  -  -  -  -  -  -  -  -  -  -  -  -  -  -  -  -
                     -  -  -  -  -  -  -  -  -  -  -  -  -  -  -  B  -  -  -
Black: 14            -  -  -  -  -  -  -  -  -  -  -  -  -  -  -  -  -  -  -
                     -  -  -  -  -  -  -  -  -  -  -  -  -  -  -  -  -  -  -
                     -  B  -  -  -  -  -  -  -  -  -  -  -  -  -  -  -  -  -
                     -  -  -  -  -  -  -  -  -  -  -  -  -  -  -  -  -  -  -  -  -  -
                     -  -  -  -  -  -  -  -  -  -  -  -  -  -  -  -  -  -  -
                     -  -  -  B  -  -  -  -  -  -  -  -  -  -  B  -  -  -  -





14 B >




                     -  -  -  -  -  -  -  -  -  -  -  -  -  -  W  W  W  -  W
                     -  -  -  -  -  B  -  W  -  -  -  -  -  -  -  -  -  -  W
                     -  -            -  -  -  -  -  -  -   -  -  -  -  B  -  -  -  -  -  -  -  -  -  -  -
Ticks: 14            -  -  -  -  -  -  -  -  -  -  -  -  -  -  -  -  -  -  -
                     -  -  -  -  -  -  -  -  -  -  -  -  -  -  -  -  -  -  -
                     -  -  -  -  -  -  -  -  -  -  -  -  -  -  -  B  -  -  -
Black: 15            -  -  -  -  -  -  -  -  -  -  -  -  -  -  -  -  -  -  -
                     -  -  -  -  -  -  -  -  -  -  -  -  -  -  -  -  -  -  -
                     -  B  -  -  -  -  -  -  -  -  -  -  -  -  -  -  -  -  -
                     -  -  -  -  -  -  -  -  -  -  -  -  -  -  -  -  -  -  -
                     -  -  -  B  -  -  -  B  -  -  -  -  -  -  -  -    -
                     -  -  -           -  -  -  B  -  -  -15 B >




                     -  -  -  -  -  -  -  -  -  -  -  -  -  -  W  W  W  -  W
           W
                     -  -  -    -  -  -  -  -  -  -  -  -  -  -    -  -  -  -  -  -  -  B  -  -  -  -  -  -  -  -  -  -  -
Ticks: 15            -  -  -  -  -  -  -  -  -  -  -  -  -  -  -  -  -  -  -
                     -  -  -  -  -  -  -  -  -  -  -  -  -  -  -  -  -  -  -
                     -  -  -  -  -  -  -  -  -  -  -  -  -  -  -  B  -  -  -
Black: 17            -  -  -  -  -  -  -  -  -  -  -  -  -  -  -  -  -  -  -
                     -  -  -  -  -  -  -  -  -  -  -  -  -  -  -  -  -  -  -
                     -  B  -  -  -  -  -  -  -  -  -  --  -  -  -  -  -  -  -  -  -  -  -  -
                     -  -  -  B  -  -  -  B  -  -  -  -  -  -  -  -  -  -  -
                     -  -  -  -  -  -  -  -  -  -  -  -  -  -  -  -  -  -  -
                     -  -  -  -  B  -  -  -  -





16 B >16 B >




                     -  -  -  -  -  -  -  -  -  -  -  -  -  -  W  W  W  -  W
                     -  -  -  -  -  -  -  -  -  -  -  B  -  -  B  -  -  -  -  -  -  -  -  -  -  -
Ticks: 16            -  -  -  -  -  -  -  -  -  -  -  -  -  -  -  -  -  -  -
                     -  -  -  -  -  -  -  -  -  -  -  -  -  -  -  -  -  -  -
                     -  -  -  -  -  -  -  -  -  -  -  -  -  -  -  B  -  -  -
Black: 18            -  -  -  -  -  -  -  -  -  -  -  -  -  -  -  -  -  -  -
                     -  -  -  -  -  -  -  -  -  -  -  -  -  -  -  -  -  -  -
                     -  B  -  -  -  -  -  -  -  -  -  -  -  -  -  -  -  -  -
                     -  -  -  -  -  -  -  -  -  -  -  -  -  -  -  -  -  -  -
                     -  -  -  B  -  -  -  B  -  -  -  -  B  -  -  -  -  -  -
                     -  -  -  -  -  -  -  -  -  -  -  -  -  -  -  -  -  -  -
                     -  -  -  B  -  -  -  -  -  -  -  -  -  -  B  -  -  -  -





17 B >




                     -  -  -  -  -  -  -  -  -  -  -  -  -  -  W  W  W  -  W
                     -  -  -  -  -  B   -  -  W  W  -  B  -  -  -
                  -  -  -  -  -  -  -  -  -  -  -  -  -  -  -  -  -
White: 17            -  -  -  -  -  -  -  -  -  -  -  -  -  -  -  B  -  -  B  -  -  -  -  -  -
Ticks: 17            -  -  -  -  -  -  -  -  -  -  -  -  -  -  -  -  -  -  -
                     -  -  -  -  -  -  -  -  -  -  -  -  -  -  -  -  -  -  -
                     -  -  -  -  -  -  -  -  -  -  -  -  -  -  -  B  -  -  -
Black: 19            -  -  -  -  -  -  -  -  -  -  -  -  -  -  -  -  -  -  -
                     -  -  -  -  -  -  -  -  -  -  -  -  -  -  -  -  -  -  -
                     -  B  -  -  -  -  -  -  -  -  -  -  -  -  -  -  -  -  -
                     -  -  -  -  -  -  -  -  -  -  -  -  -  -  -  -  -  -  -
                     -  -  -  B  -  -  -  B  -  -  -  -  B  -  -  -  -  -  -
                     -  -  -  -  -  -  -  -  -  -  -  -  -  -  -  -  -  -  -
                     -  -  -  B  -  -  -  -  -  -  -  -  -  -  B  -  -  -  -





18 B >




                     -  -  -  -  -  -  -  -  -  -  -  -  -  -  W  W  W  -  W
                     -  -  -  -  -  B  -  W  -  -  -  -  -  -  -  -                     -  -  -  -  - -  -  -  -  -  -  -
                    -  -  -  -  -  -  -  B  -  -  -  -  B  -  -  -  -  -  -
Ticks: 18            -  -  -  -  -  -  -  -  -  -  -  -  -  -  -  -  -  -  -
                     -  -  -  -  -  -  -  -  -  -  -  -  -  -  -  -  -  -  -
                     -  -  -  -  -  -  -  -  -  -  -  -  -  -  -  B  -  -  -
Black: 19            -  -  -  -  -  -  -  -  -  -  -  -  -  -  -  -  -  -  -
                     -  -  -  -  -  -  -  -  -  -  -  -  -  -  -  -  -  -  -
                     -  B  -  -  -  -  -  -  -  -  -  -  -  -  -  -  -  -  -
                     -  -  -  -  -  -  -  -  -  -  -  -  -  -  -  -  -  -  -
                     -  -  -  B  -  -  -  B  -  -  -  -  B  -  -  -  -  -  -
                     --  B  -  -  -  -  -  -  -  -  -  -  B  -  -  -  -





19 B >




                     -  -  -  -  -  -  -  -  -  -  -  -  -  -  W  W  W  -  W
                     -  -  -  -  -   -  -  -  -  -  -  -  W
         ite: 19            -  -  -  -  -   -  B  -  -  -  -  B  -  -  -  -  -  -
Ticks: 19            -  -  -  -  -  -  -  -  -  -  -  -  -  -  -  -  -  -  -
                     -  -  -  -  -  -  -  -  -  -  -  -  -  -  -  -  -  -  -
                     -  -  -  -  -  -  -  -  -  -  -  -  -  -  -  B  -  -  -
Black: 20            -  -  -  -  -  -  -  -  -  -  -  -  -  -  -  -  -  -  -
                     -  -  -  -  -  -  -  -  -  -  -  -  -  -  -  -  -  -  -
                     -  B  -  -  -  -  -  -  -  -  -  -  -  -  -  -  -  -  -
                     -  -  -  -  -  -  -  -  -  -  -  -  -  -  -  -  -  -  -
                     -  -  -  B  -  -  -  B  -  -  -  -  B  -  -  -  -  -  -
                     -  -  -  -  -  -  -  -  -  -  -  -  -  -  -  -  -  -  -
                     -  -  -  B  -  -  -  -  -  -  -  -  -  -  B  -  -  -  -





20 B >




                     -  -  -  -  -  -  -  -  -  -  -  -  -  -  W  W  W  -  W
                     -  -  -  -  -  B  -  W  -  -  -  -  -  -  -  -  -  B  -  -  -  -  W  W  -  -  -  - B  -  -  -  -  -  -  -  -  -  -
W    -  -  -  -  -  -  -  B  -  -  -  -  B  -  -  -  -  -  -
Ticks: 20            -  -  -  -  -  -  -  -  -  -  -  -  -  -  -  -  -  -  -
                     -  -  -  -  -  -  -  -  -  -  -  -  -  -  -  -  -  -  -
                     -  -  -  -  -  -  -  -  -  -  B  -  -  -  -  B  -  -  -
Black: 21            -  -  -  -  -  -  -  -  -  -  -  -  -  -  -  -  -  -  -
                     -  -  -  -  -  -  -  -  -  -  -  -  -  -  -  -  -  -  -
                     -  B  -  -  -  -  -  -  -  -  -  -  -  -  -  -  -  -  -
                     -  -  -  -  -  -  -  -  -  -  -  -  -  -  -  -  -  -  -
                     -  -  -  B  -  -  -  B  -  -  -  -  B  -  -  -  -  -  -
                     -  -  -  -  -  -  -  -  -  -  -  -  -  -  -  -  -  -  -
                     -  -  -  B  -  -  -  -  -  -  -  -  -  -  B  -  -  -  -





21 B >




                     -  -  -  -  -  -  -  -  -  -  -  -  -  -  W  W  W  -  W
                     -  -  -  -  -  B  -  W  -  -  -  -  -  -  -  -   -  -  -  -  -  -  -  -
White: 21-  -  -  -  -  -  -  -  -  -  -    -  -  -  B  -  -  -  -  B  -  -  B  -  -  -
Ticks: 21            -  -  -  -  -  -  -  -  -  -  -  -  -  -  -  -  -  -  -
                     -  -  -  -  -  -  -  -  -  -  -  -  -  -  -  -  -  -  -
                     -  -  -  -  -  -  -  -  -  -  B  -  -  -  -  B  -  -  -
Black: 23            -  -  -  -  -  -  -  -  -  -  -  -  -  -  -  -  -  -  -
                     -  -  -  -  -  -  -  -  -  -  -  -  -  -  -  -  -  -  -
                     -  B  -  -  -  -  -  -  -  -  -  -  -  -  -  -  -  -  -
                     -  -  -  -  -  -  -  -  -  -  -  -  -  -  -  -  -  -  -
                     -  -  -  B  -  -  -  B  -  -  -  -  B  -  -  -  -  -  -
                     -  -  -  -  -  -  -  -  -  -  -  -  -  -  -  -  -  -  -
                     -  -  -  B  -  -  -  -  -  -  -  -  -  -  B  -  -  -  -





22 B >




                     -  -  -  -  -  -  -  -  -  -  -  -  -  -  W  W  W  -  W
                     -  -  -  -  -  B  -  W  B  -  -  -  -  -  -  W  W  B  -  -  -        -  -  -  -  -  -  -  B  -  -  -  -  B  -  -  B  -  -  -
Ticks: 22            -  -  -  -  -  -  -  -  -  -  -  -  -  -  -  -  -  -  -
                     -  -  -  -  -  -  -  -  -  -  -  -  -  -  -  -  -  -  -
                     -  -  -  -  -  -  -  -  -  -  B  -  -  -  -  B  -  -  -
Black: 25            -  -  -  -  -  -  -  -  -  -  -  -  -  -  -  -  -  -  -
                     -  -  -  -  -  -  -  -  -  -  -  -  -  -  -  -  -  -  -
                     -  B  -  -  -  -  -  -  -  -  -  -  -  -  -  -  -  -  -
                     -  -  -  -  -  -  -  -  -  -  -  -  -  -  -  -  -  -  -
                     -  -  -  B  -  -  -  B  -  -  -  -  B  -  -  -  -  -  -
                     -  -  -  -  -  -  -  -  -  -  -  -  -  -  -  -  -  -  -
                     -  -  -  B  -  -  -  -  -  -  -  -  -  -  B  -  -  -  -





23 B >23 B >




                     -  -  -  -  -  -  -  -  -  -  -  -  -  -  W  W  W  -  W
                     -  -  -  -  -  B  -  W  B  -  -  -  -  -  W  -                -  -  -  -   W  B  -  -  -  -  -  -  -  -  - B  -  -  B  -  -  -
Ticks: 23            -  -  -  -  -  -  -  -  -  -  -  -  -  -  -  -  -  -  -
                     -  -  -  -  -  -  -  -  -  -  -  -  -  -  -  -  -  -  -
                     -  -  -  -  -  -  -  -  -  -  B  -  -  -  -  B  -  -  -
Black: 26            -  -  -  -  -  -  -  -  -  -  -  -  -  -  -  -  -  -  -
                     -  -  -  -  -  -  -  -  -  -  -  -  -  -  -  -  -  -  -
                     -  B  -  -  -  -  -  -  -  -  -  -  -  -  -  -  -  -  -
                     -  -  -  -  -  -  -  -  -  -  -  -  -  -  -  -  -  -  -
                     -  -  -  B  -  -  -  B  -  -  -  -  B  -  -  -  -  -  -
                     -  -  -  -  -  -  -  -  -  -  -  -  -  -  -  -  -  -  -
                     -  -  -  B  -  -  -  -  -  -  -  -  -  -  B  -  -  -  -





24 B >24 B >




                     -  -  -  -  -  -  -  -  -  -  -  -  -  -  W  W  W  -  W
                     -  -  -                -  -  -  -  -  -   -  -  -  B  -  -  B  -  -  -
Ticks: 24            -  -  -  -  -  -  -  -  -  -  -  -  -  -  -  -  -  -  -
                     -  -  -  -  -  -  -  -  -  -  -  -  -  -  -  -  -  -  -
                     -  -  -  -  -  -  -  -  -  -  B  -  -  -  -  B  -  -  -
Black: 27            -  -  -  -  -  -  -  -  -  -  -  -  -  -  -  -  -  -  -
                     -  -  -  -  -  -  -  -  -  -  -  -  -  -  -  -  -  -  -
                     -  B  -  -  -  -  -  -  -  -  -  -  -  -  -  -  -  -  -
                     -  -  -  -  -  -  -  -  -  -  -  -  -  -  -  -  -  -  -
                     -  -  -  B  -  -  -  B  -  -  -  -  B  -  -  -  -  -  -
                     -  -  -  -  -  -  -  -  -  -  -  -  -  -  -  -  -  -  -
                     -  -  -  B  -  -  -  -  -  -  -  -  -  -  B  -  -  -  -





25 B >25 B >




                     -  -  -  -  -  -  -  -  -  -  -  -  -  -  W  W  W  -  W
                     -  -  -  -  B  B  -  W  B  -  -  -  -  -  W  -  -  -  W
                   -  B  -  W  -  -  -  -  W  W
              -  -  -  -  -  B  W  - -  W  W  -  -  -  -  -  W  W  -  Be: 25            -  -  -  -  -  -  W  -  -  -  -  -  -  -  -  B  -  -  -
                     -  -  -  -  -  -  -  -  -  -  -  -  -  -  -  -  -  -  -
                     -  -  -  -  -  -  B  B  -  -  -  -  B  -  -  B  -  -  -
Ticks: 25            -  -  -  -  -  -  -  -  -  -  -  -  -  -  -  -  -  -  -
                     -  -  -  -  -  -  -  -  -  -  -  -  -  -  -  -  -  -  -
                     -  -  -  -  -  -  -  -  -  -  B  -  -  -  -  B  -  -  -
Black: 27            -  -  -  -  -  -  -  -  -  -  -  -  -  -  -  -  -  -  -
                     -  -  -  -  -  -  -  -  -  -  -  -  -  -  -  -  -  -  -
                     -  B  -  -  -  -  -  -  -  -  -  -  -  -  -  -  -  -  -
                     -  -  -  -  -  -  -  -  -  -  -  -  -  -  -  -  -  -  -
                     -  -  -  B  -  -  -  B  -  -  -  -  B  -  -  -  -  -  -
                     -  -  -  -  -  -  -  -  -  -  -  -  -  -  -  -  -  -  -
                     -  -  -  B  -  -  -  -  -  -  -  -  -  -  B  -  -  -  -





26 B >




                     -  -  -  -  -  -  -  -  -  -  -  -  -  -  W  W  W  -  W
   -  W  -  -  -  -  W  W
                              -  -  -  -  -                  -  -  -  -  -  -  B  B  -  -  -  -  B  -  -  B  -  -  -
Ticks: 26            -  -  -  -  -  -  -  -  -  -  -  -  -  -  -  -  -  -  -
                     -  -  -  B  -  -  -  -  -  -  -  -  -  -  -  -  -  -  -
                     -  -  -  -  -  -  -  -  -  -  B  -  -  -  -  B  -  -  -
Black: 28            -  -  -  -  -  -  -  -  -  -  -  -  -  -  -  -  -  -  -
                     -  -  -  -  -  -  -  -  -  -  -  -  -  -  -  -  -  -  -
                     -  B  -  -  -  -  -  -  -  -  -  -  -  -  -  -  -  -  -
                     -  -  -  -  -  -  -  -  -  -  -  -  -  -  -  -  -  -  -
                     -  -  -  B  -  -  -  B  -  -  -  -  B  -  -  -  -  -  -
                     -  -  -  -  -  -  -  -  -  -  -  -  -  -  -  -  -  -  -
                     -  -  -  B  -  -  -  -  -  -  -  -  -  -  B  -  -  -  -





27 B >




                     -  -  -  -  -  -  -  -  -  -  -  -  -  -  W  W  W  -  W
                     -  -  -  -  B  B  -  W  B  -  -  -  -  -  W  -  -  -    -  W  -  -  -  -  W  W
          -  -  -  -  -  B  W  -  -  W  W  -  -  -  -  -  W
                     B  -  -  -  -  W  W  -  -  -  -  -  W  W  -  B  -  -  W
                     --  B  -  -  W
                    -  -  B  -  -  -
Ticks: 27            -  -  -  -  -  -  -  -  -  -  -  -  -  -  -  -  -  -  -
                     -  -  -  B  -  -  -  -  -  -  -  -  -  -  -  -  -  -  -
                     -  -  -  -  -  -  -  -  -  -  B  -  -  -  -  B  -  -  -
Black: 29            -  -  -  -  -  -  -  -  -  -  -  -  -  -  -  -  -  -  -
                     -  -  -  -  -  -  -  -  -  -  -  -  -  -  -  -  -  -  -
                     -  B  -  -  -  -  -  -  -  -  -  -  -  -  -  -  -  -  -
                     -  -  -  -  -  -  -  -  -  -  -  -  -  -  -  -  -  -  -
                     -  -  -  B  -  -  -  B  -  -  -  -  B  -  -  -  -  -  -
                     -  -  -  -  -  -  -  -  -  -  -  -  -  -  -  -  -  -  -
                     -  -  -  B  -  -  -  -  -  -  -  -  -  -  B  -  -  -  -





28 B >




                     -  -  -  -  -  -  -  -  -  -  -  -  -  -  W  W  W  -  W
                     -  -  -  -  B  B  -  W  B  -  -  -  -  -  W  -  -  -  W
                     -  -  -  -  W  W  W  -  -  -  B  -  W  -  -  -  -  W  W
                     -  -  -  -  -  B  W  -  B  -  -  W  W  -  -  -  -  -  W
                     B  -  -  -  -  W  W  -  -  -  -  -  W  W  -  B  -  -  W
                     -  -  -  -  -  -  W  W  B  -  -  -  -  -  -  B  B  B  -  -  -  B  -  -  B  -  -  -
Ticks: 28            -  -  -  -  -  -  -  -  -  -  -  -  -  -  -  -  -  -  -
                     -  -  -  B  -  -  -  -  -  -  -  -  -  -  -  -  -  -  -
                     -  -  -  -  -  -  -  -  -  -  B  -  -  -  -  B  -  -  -
Black: 30            -  -  -  -  -  -  -  -  -  -  -  -  -  -  -  -  -  -  -
                     -  B  -  -  -  -  -  -  -  -  -  -  -  -  -  -  -  -  -
                     -  B  -  -  -  -  -  -  -  -  -  -  -  -  -  -  -  -  -
                     -  -  -  -  -  -  -  -  -  -  -  -  -  -  -  -  -  -  -
                     -  -  -  B  -  -  -  B  -  -  -  -  B  -  -  -  -  -  -
                     -  -  -  -  -  -  -  -  -  -  -  -  -  -  -  -  -  -  -
                     -  -  -  B  -  -  -  -  -  -  -  -  -  -  B  -  -  -  -





29 B >




                     -  -  -  -  -  -  -  -  -  -  -  -  -  -  W  W  W  -  W
         B  -  -  -  -  W  W  -  -  -  W
  W  W
White: 29            -  -  -  -  -  -  -  -  B  B  B  -  -  -  B  -  -  B  -  -  -
Ticks: 29            -  -  -  -  -  -  -  -  -  -  -  -  -  -  -  -  -  -  -
                     -  -  -  B  -  -  -  -  -  -  -  -  -  -  -  -  -  -  -
                     -  -  -  -  -  -  -  -  -  -  B  -  -  -  -  B  -  -  -
Black: 31            -  -  -  -  -  -  -  -  -  -  -  -  -  -  -  -  -  -  -
                     B  B  -  -  -  -  -  -  -  -  -  -  -  -  -  -  -  -  -
                     -  B  -  -  -  -  -  -  -  -  -  -  -  -  -  -  -  -  -
                     -  -  -  -  -  -  -  -  -  -  -  -  -  -  -  -  -  -  -
                     -  -  -  B  -  -  -  B  -  -  -  -  B  -  -  -  -  -  -
                     -  -  -  -  -  -  -  -  -  -  -  -  -  -  -  -  -  -  -
                     -  -  -  B  -  -  -  -  -  -  -  -  -  -  B  -  -  -  -





30 B >




                     -  -  -  -  -  -  -  -  -  -  -  -  -  -  W  W  W  -  W
                    -  -  -  -  W  W  W  -    W  -  -  -  -  -  W
               B  -  -  -  -  W  W  -   -  -  -  -  -  W  W  -  -  -  --  -  -  -  -  -  B  B  B  -  -  -  B  -  -  B  -  -  -
Ticks: 30            -  -  -  -  -  -  -  -  -  -  -  -  -  -  -  -  -  -  -
                     -  -  -  B  -  -  -  -  -  -  -  -  -  -  -  -  -  -  -
                     -  -  -  -  -  -  -  -  -  -  B  -  -  -  -  B  -  -  -
Black: 32            -  -  -  -  -  -  -  -  -  -  -  -  -  -  -  -  -  -  -
                     B  B  -  -  -  -  -  -  -  -  -  -  -  -  -  -  -  -  -
                     -  B  -  -  -  -  -  -  -  -  -  -  -  -  -  -  -  -  -
                     -  -  -  -  -  -  -  -  -  -  -  -  -  -  -  -  -  -  -
                     -  -  -  B  -  -  -  B  -  -  -  -  B  -  -  -  -  -  -
                     -  -  -  -  -  -  -  -  -  -  -  -  -  -  -  -  -  -  -
                     -  -  -  B  -  -  -  -  -  -  -  -  -  -  B  B  -  -  -





31 B >




                     -  -  -  -  -  -  -  W  -  -  -  -  -  -  W  W  W  -  W
                             -  -  -  -  -  -  -  -  -  -  -  -  -  -  -  -  -  -  -  -
                     -  -  -  -  -  -  B  B  B  -  -  -  B  -  -  B  -  -  -
Ticks: 31            -  -  -  -  -  -  -  -  -  -  -  -  -  -  -  -  -  -  -
                     -  -  -  B  -  -  -  -  -  -  -  -  -  -  -  -  -  -  -
                     -  -  -  -  -  -  -  -  -  -  B  -  -  -  -  B  -  -  -
Black: 33            -  -  -  -  -  -  -  -  -  -  B  -  -  -  -  -  -  -  -
                     B  B  -  -  -  -  -  -  -  -  -  -  -  -  -  -  -  -  -
                     -  B  -  -  -  -  -  -  -  -  -  -  -  -  -  -  -  -  -
                     -  -  -  -  -  -  -  -  -  -  -  -  -  -  -  -  -  -  -
                     -  -  -  B  -  -  -  B  -  -  -  -  B  -  -  -  -  -  -
                     -  -  -  -  -  -  -  -  -  -  -  -  -  -  -  -  -  -  -
                     -  -  -  B  -  -  -  -  -  -  -  -  -  -  B  B  -  -  -





32 B >




                     -  -  -  -  -  -  -  W  -  -  -  -  -  -  W  W  W  -  W
                              B  -  -  -  -  W  W  -    -  -  -  W  W  -  B  -  -  W
    B  B  -  -  -  B  -  -  B  -  -  -
Ticks: 32            -  -  -  -  -  -  -  -  -  -  -  -  -  -  -  -  -  -  -
                     -  -  -  B  -  -  -  -  -  -  -  -  -  -  -  -  -  -  -
                     -  -  -  -  -  -  -  -  -  -  B  -  -  -  -  B  B  -  -
Black: 34            -  -  -  -  -  -  -  -  -  -  B  -  -  -  -  -  -  -  -
                     B  B  -  -  -  -  -  -  -  -  -  -  -  -  -  -  -  -  -
                     -  B  -  -  -  -  -  -  -  -  -  -  -  -  -  -  -  -  -
                     -  -  -  -  -  -  -  -  -  -  -  -  -  -  -  -  -  -  -
                     -  -  -  B  -  -  -  B  -  -  -  -  B  -  -  -  -  -  -
                     -  -  -  -  -  -  -  -  -  -  -  -  -  -  -  -  -  -  -
                     -  -  -  B  -  -  -  -  -  -  -  -  -  -  B  B  -  -  -





33 B >




                     -  -  -  -  -  -  -  W  -  -  -  -  -  -  W  W  W  -  W
                     -  -  -  -  B    -  -  -  W  W  B  -  -  -  -  W-  -  -  -  -  B  B  B  -  -  -  B  -  -  B  -  -  -
Ticks: 33            -  -  -  -  -  -  -  -  -  -  -  -  -  -  -  -  -  -  -
                     -  -  -  B  -  -  -  -  -  -  -  -  -  -  -  -  -  -  -
                     -  -  -  -  -  -  -  -  -  -  B  -  -  -  -  B  B  -  -
Black: 34            -  -  -  -  -  -  -  -  -  -  B  -  -  -  -  -  -  -  -
                     B  B  -  -  -  -  -  -  -  -  -  -  -  -  -  -  -  -  -
                     -  B  -  -  -  -  -  -  -  -  -  -  -  -  -  -  -  -  -
                     -  -  -  -  -  -  -  -  -  -  -  -  -  -  -  -  -  -  -
                     -  -  -  B  -  -  -  B  -  -  -  -  B  -  -  -  -  -  -
                     -  -  -  -  -  -  -  -  -  -  -  -  -  -  -  -  -  -  -
                     -  -  -  B  -  -  -  -  -  -  -  -  -  -  B  B  -  -  -





34 B >34 B >




                     -  -  -  -  -  -  -  W  -  -  -  -  -  -  W  W  W  -      -  -  -  -  W  W  W  B  -    W  W  -  -  -  -  -  W
               B  -  -  -  -  W  W   -  -  -  -  -  W  W  -  -  -  -  -  B  -  -  -
Ticks: 34            -  -  -  -  -  -  -  -  -  -  -  -  -  -  -  -  -  -  -
                     -  -  -  B  -  -  -  -  -  -  -  -  -  -  -  -  -  -  -
                     -  -  -  -  -  -  -  -  -  -  B  -  -  -  -  B  B  -  -
Black: 34            -  -  -  -  -  -  -  -  -  -  B  -  -  -  -  -  -  -  -
                     B  B  -  -  -  -  -  -  -  -  -  -  -  -  -  -  -  -  -
                     -  B  -  -  -  -  -  -  -  -  -  -  -  -  -  -  -  -  -
                     -  -  -  -  -  -  -  -  -  -  -  -  -  -  -  -  -  -  -
                     -  -  -  B  -  -  -  B  -  -  -  -  B  -  -  -  -  -  -
                     -  -  -  -  -  -  -  -  -  -  -  -  -  -  -  -  -  -  -
                     -  -  -  B  -  -  -  -  -  -  -  -  -  -  B  B  -  -  -





35 B >




                     -  -  -  -  -  -  -  W  -  -  -  -  -  -  W  W  W  -  W
           W  B  -  -  B  -  W  -  W-  B  -  -  W
                   -  -  -  B  -  -  B  -  -  -
Ticks: 35            -  -  -  -  -  -  -  -  -  -  -  -  -  -  -  -  -  -  -
                     -  -  -  B  -  -  -  -  -  -  -  -  -  -  -  -  -  -  -
                     -  -  -  -  -  -  -  -  -  -  B  -  -  -  -  B  B  -  -
Black: 35            -  -  -  -  -  -  -  -  -  -  B  -  -  -  -  -  -  -  -
                     B  B  -  -  -  -  -  -  -  -  -  -  -  -  -  -  -  -  -
                     -  B  -  -  -  -  -  -  -  -  -  -  -  -  -  -  -  -  -
                     -  -  -  -  -  -  -  -  -  -  -  -  -  -  -  -  -  -  -
                     -  -  -  B  -  -  -  B  -  -  -  -  B  -  -  -  -  -  -
                     -  -  -  -  -  -  -  -  -  -  -  -  -  -  -  -  -  -  -
                     -  -  -  B  -  -  -  -  -  -  -  -  -  -  B  B  -  -  -





36 B >




                     -  -  -  -  -  -  -  W  -  -  -  -  -  -  W  W  W  -  W
          B  -  -  W  W  -  -  -  -  -  W
                     B  -  -  -  -W  -  -  -  -  -  W  W  W  B  W  W  W
                     -  -  -  -  -  -  W  W  B  -  -  -  -  W  -  -  -  W  W
White: 36   -  -  -  -  -  -  -
                     -  -  -  -  -  -  B  B  B  -  -  -  B  -  -  B  -  -  -
Ticks: 36            -  -  -  -  -  -  -  -  -  -  -  -  -  -  -  -  -  -  -
                     -  -  -  B  -  -  -  -  -  -  -  -  -  -  -  -  -  -  -
                     -  -  -  -  -  -  -  -  -  -  B  -  -  -  -  B  B  -  -
Black: 36            -  -  -  -  -  -  -  -  -  -  B  -  -  -  -  -  -  -  -
                     B  B  -  -  -  -  -  -  -  -  -  -  -  -  -  -  -  -  -
                     -  B  -  -  -  -  -  -  -  -  -  -  -  -  -  -  -  -  -
                     -  -  -  -  -  -  -  -  -  -  -  -  -  -  -  -  -  -  -
                     -  -  -  B  -  -  -  B  B  -  -  -  B  -  -  -  -  -  -
                     -  -  -  -  -  -  -  -  -  -  -  -  -  -  -  -  -  -  -
                     -  -  -  B  -  -  -  -  -  -  -  -  -  -  B  B  -  -  -





37 B >




                     -  -  -  -  -  -  -  W  -  -  -  -  -  -  W  W  W  -  W
                     -  -  -  -  B  B  -  W  B     -  -  -  -  -  -  W  W  B  - -  -  B  B  B  -  -  -  B  -  -  B  -  -  -
Ticks: 37            -  -  -  -  -  -  -  -  -  -  -  -  -  -  -  -  -  -  -
                     -  -  -  B  -  -  -  -  -  -  -  -  -  -  -  -  -  -  -
                     -  -  -  -  -  -  -  -  -  -  B  -  -  -  -  B  B  -  -
Black: 36            -  -  -  -  -  -  -  -  -  -  B  -  -  -  -  -  -  -  -
                     B  B  -  -  -  -  -  -  -  -  -  -  -  -  -  -  -  -  -
                     -  B  -  -  -  -  -  -  -  -  -  -  -  -  -  -  -  -  -
                     -  -  -  -  -  -  -  -  -  -  -  -  -  -  -  -  -  -  -
                     -  -  -  B  -  -  -  B  B  -  -  -  B  -  -  -  -  -  -
                     -  -  -  -  -  -  -  -  -  -  -  -  -  -  -  -  -  -  -
                     -  -  -  B  -  -  -  -  -  -  -  -  -  -  B  B  -  -  -





38 B >




                     -  -  -  -  -  -  -  W  -  -  -  -  -  -  W  W  W  -  W
                     -  -  -  -  B  B  -  W  B  -  -  -  -  W  W  -  -  -  W W  W  W  B  -  -  B  -  W W
                     B  -  -  -  W  -  -  -  -  -  W  W  W  B  W W  -  -  -  -  -  -  -  -  B  - B  B  B  -  -  -  B  -  -  B  -  -  -
Ticks: 38            -  -  -  -  -  -  -  -  -  -  -  -  -  -  -  -  -  -  -
                     -  -  -  B  -  -  -  -  -  -  -  -  -  -  -  -  -  -  -
                     -  -  -  -  -  -  -  -  -  -  B  -  -  -  -  B  B  -  -
Black: 37            -  -  -  -  -  -  -  -  -  -  B  -  -  -  -  -  -  -  -
                     B  B  -  -  -  -  -  -  -  -  -  -  -  -  -  -  -  -  -
                     -  B  -  -  -  -  -  -  -  -  -  -  -  -  -  -  -  -  -
                     -  -  -  -  -  -  -  -  -  -  -  -  -  -  -  -  -  -  -
                     -  -  -  B  -  -  -  B  B  -  -  -  B  -  -  -  -  -  -
                     -  -  -  -  -  -  -  -  -  -  -  -  -  -  -  -  -  -  -
                     -  -  -  B  -  -  -  -  -  -  -  -  -  -  B  B  -  -  -





39 B >




                     -  -  -  -  -  -  -  W  -  -  -  -  -  -  W  W  W  -  W
               B  -  -  -  -  W  W  -  B  B  B  -  -  -  B  -  -  B  -  -  -
Ticks: 39            -  -  -  -  -  -  -  -  -  -  -  -  -  -  -  -  -  -  -
                     -  -  -  B  -  -  -  -  -  -  -  -  -  -  -  -  -  -  -
                     -  -  -  -  -  -  -  -  -  -  B  -  -  -  -  B  B  -  -
Black: 38            -  -  -  -  -  -  -  -  B  -  B  -  -  -  -  -  -  -  -
                     B  B  -  -  -  -  -  -  -  -  -  -  -  -  -  -  -  -  -
                     -  B  -  -  -  -  -  -  -  -  -  -  -  -  -  -  -  -  -
                     -  -  -  -  -  -  -  -  -  -  -  -  -  -  -  -  -  -  -
                     -  -  -  B  -  -  -  B  B  -  -  -  B  -  -  -  -  -  -
                     -  -  -  -  -  -   -  -  -  -  B  B  -  -  -





40 B >40 B >




                     -  -  -  -  -  -  -  W  -  -  -  -  -  -  W  W  W  -  W
    B  -  -  -  -  W  W  -  -  -  - -  W  W  W  B  W  W  W
               -  -  -  -  -  -  W  W  B  -  -  -  -  W  -  -  -  W  W
White: 40            -  -  -  -  -  -  B  -  -  B  -  -  -
Ticks: 40            -  -  -  -  -  -  -  -  -  -  -  -  -  -  -  -  -  -  -
                     -  -  -  B  -  -  -  -  -  -  -  -  -  -  -  -  -  -  -
                     -  -  -  -  -  -  -  -  -  -  B  -  -  -  -  B  B  -  -
Black: 48            -  -  -  -  -  -  -  -  B  -  B  -  -  -  -  -  -  -  -
                     B  B  -  -  -  -  -  -  -  -  -  -  -  -  -  -  -  -  -  -  -  -  -  -
                     -  -  -  -  -  -  -  -  -  -  -  -  -  -  -  -  -  -  -
                     -  -  -  B  -  -  -  B  B  -  -  -  B  -  -  -  -  -  -
                     -  -  -  -  -  -  -  -  -  -  -  -  -  -  -  B  -  -  -
                     -  -  -  B  -  -  -  -  -  -  -  -  -  -  B  B  -  -  -





41 B >41 B >




                     -  -  -  -  -  -  -  W  -  -  -  -  -  -  W  W  W  -  W
                     -  -  -  -  B  B  -  W  B  -  -  -  -  W    W  B  W  W  W
                B  B  -  -  -  B  -  -  B  -  -  -
Ticks: 41            -  -  -  -  -  -  -  -  -  -  -  -  -  -  -  -  -  -  -
                     -  -  -  B  -  -  -  -  -  -  -  -  -  -  -  -  -  -  -
                     -  -  -  -  -  -  -  -  -  -  B  -  -  -  -  B  B  -  -
Black: 49            -  -  -  -  -  -  -  -  B  -  B  -  -  -  -  -  -  -  -
                     B  B  -  -  -  -  -  -  -  -  -  -  -  -  -  -  -  -  -
                     -  B  -  -  -  -  -  -  -  -  -  -  -  -  -  -  -  -  -
                     -  -  -  B  -  -  -  -  -  -  -  -  -  -  -  -  -  -  -
                     -  -  -  B  -  -  -  B  B  -  -  -  B  -  -  -  -  -  -
                     -  -  -  -  -  -  -  -   -  -  B  -  -  -  -  -  -  -  -  -  -  B  B  -  -  -





42 B >




                      W  -  W
                      W  W  W  B  -  -  B  -  W  - W  W
                     -  -  -
                     -  -  -  -  -  -  -
Ticks: 42            -  -  -  -  -  -  -  -  -  -  -  -  -  -  -  -  -  -  -
                     -  -  -  B  -  -  -  -  -  -  -  -  -  -  -  -  -  -  -
                     -  -  -  -  -  -  -  -  -  -  B  -  -  B  -  B  B  -  -
Black: 53            -  -  -  -  -  -  -  -  B  -  B  -  -  -  -  -  -  -  -
                     B  B  -  -  -  -  -  -  -  -  -  -  -  -  -  -  -  -  -
                     -  B  -  -  -  -  -  -  -  -  -  -  -  -  -  -  -  -  -
                     -  -  -  B  -  -  -  -  -  -  -  -  -  -  -  -  -  -  -
                     -  -  -  B  -  -  -  B  B  -  -  -  B  -  -  -  -  -  -
                     -  -  -  -  -  -  -  -  -  -  -  -  -  -  -  B  -  -  -
                     -  -  -  B  -  -  -  -  -  -  -  -  -  -  B  B  -  -  -





43 B >




                     -  -  -  -  -  -  -  W  -  -  -  -  -  -  W  W  W  -  W
          
                     -  -    -  W  W  W  W  -  -  -  -  -  -  -  -  -  B  -  -  B  B  -  W
Ticks: 43            -  -  -  -  -  -  -  -  -  -  -  -  -  -  -  -  -  -  -
                     -  -  -  B  -  -  -  -  -  -  -  -  -  -  -  -  -  -  -
                     -  -  -  -  -  -  -  -  -  -  B  -  -  B  -  B  B  -  -
Black: 52            -  -  -  -  -  -  -  -  B  -  B  -  -  -  -  -  -  -  -
                     B  B  -  -  -  -  -  -  -  -  -  -  -  -  -  -  -  -  -
                     -  B  -  -  -  -  -  -  -  -  -  -  -  -  -  -  -  -  -
                     -  -  -  B  -  -  -  -  -  -  -  -  -  -  -  -  -  -  -
                    -  -  -  -  -  -  -  -  -  -  -  -  -  -  -  B  -  -  -
                     -  -  -  B  -  -  -  -  -  -  -  -  -  -  B  B  -  -  -





44 B >




                     -  -  -  -  -  -  -  W  -  -  -     -  -  -  -  W  W  W  B  -  -  B  -  W  -  W  -  W  W  W
              -  -  -  -  -  B  W  -  B  -  -  W  W  -  -  -  -  -  W
                     B  -  -  - W  W  -  -  -  -  -  -  W  -  B                     -  -  -  -  -  -  B  B  B  -  -  -  B  -  -  B  B  -  W
Ticks: 44            -  -  -  -  -  -  -  -  -  -  -  -  -  -  -  -  -  -  -
                     -  -  -  B  -  -  -  -  -  -  -  -  B  -  -  -  -  -  -
                     -  -  -  -  -  -  -  -  -  -  B  -  -  B  -  B  B  -  -
Black: 52            -  -  -  -  -  -  -  -  B  -  B  -  -  -  -  -  -  -  -
                     B  B  -  -  -  -  -  -  -  -  -  -  -  -  -  -  -  -  -
                     -  B  -  -  -  -  -  -  -  -  -  -  -  -  -  -  -  -  -
                     -  -  -  B  -  -  -  -  -  -  -  -  -  -  -  -  -  -  -
                     -  -  -  B  -  -  -  B  B  -  -  -  B  -  -  -  -  -  -
                     -  -  -  -  -  -  -  -  -  -  -  -  -  -  -  B  -  -  -
                     -  -  -  B  -  -  -  -  -  -  -  -  -  -  B  B  -  -  -





45 B >




                     -  -  -  -  -  -  -  W  -  -  -  -  -  -  W  W  W  -  W
                     -  -  -  -  B  B W  W  B  W  W  W
                  B  -  -  -  B  -  -  B  B  -  W
Ticks: 45            -  -  -  -  -  -  -  -  -  -  -  -  -  -  -  -  -  -  -
                     -  -  -  B  -  -  -  -  -  -  -  -  B  -  -  -  -  -  -
                     -  -  -  -  -  -  -  -  -  -  B  -  -  B  -  B  B  -  -
Black: 53            -  -  -  -  -  -  -  -  B  -  B  -  -  -  -  -  -  -  -
                     B  B  -  -  -  -  -  -  -  -  -  -  -  -  -  -  -  -  -
                     -  B  -  -  -  -  -  -  -  -  -  -  -  -  -  -  -  -  -
                     -  -  -  B  -  -  -  -  -  -  -  -  -  -  -  -  -  -  -
                     -  -  -  B  -  -  -  B  B  -  -  -  B  -  -  -  -  -  -
                   -  -  -  -  -  -  -  -  -  - -  -  B  -  -  -  -  -  -  -  -  -  -  B  B  -  -  -





46 B >




                         -  -  -  -  B  B  -  W  B  -  W  -  W  W  W
                  -  -  -  -  B  W  -  B  -   -  -  -  -  -  W  W  B  -  -  -   B  B  -  -  -  B  -  -  B  B  -  W
Ticks: 46            -  -  -  -  -  -  -  -  -  -  -  -  -  -  -  -  -  -  -
                     -  -  -  B  -  -  -  -  -  -  -  -  B  -  -  -  -  -  -
                     -  -  -  -  -  -  -  -  -  -  B  -  -  B  -  B  B  -  -
Black: 54            -  -  -  -  -  -  -  -  B  -  B  -  -  -  -  -  -  -  -
                     B  B  -  -  -  -  -  -  -  -  -  -  -  -  -  -  -  -  -
                     -  B  -  -  -  -  -  -  -  -  -  -  -  -  -  -  -  -  -
                     -  -  -  B  -  -  -  -  -  -  -  -  -  -  -  -  -  -  -
                     -  -  -  B  -  -  -  B  B  -  -  -  B  -  -  -  -  -  -
                     -  -  -  -  -  -  -  -  -  -  -  -  -  -  -  B  -  -  -
                     B  -  -  B  -  -  -  -  -  -  -  -  -  -  B  B  -  -  -





47 B >47 B >




                     -  -  -  -  -  -  -  W  -  -  -  -  -  -  W  W  W  -  W
             -  -  -  -  -  B  W  -  B  -  -  W  W  -  -  -  -   -  -  -  -  -  W  B  -  B  -  -   B  B  -  -  -  B  -  -  B  B  -  W
Ticks: 47            -  -  -  -  -  -  -  -  -  -  -  -  -  -  -  -  -  -  -
                     -  -  -  B  -  -  -  -  -  -  -  -  B  -  -  -  -  -  B
                     -  -  -  -  -  -  -  -  -  -  B  -  -  B  -  B  B  -  -
Black: 58            -  -  -  -  -  -  -  -  B  -  B  -  -  -  -  -  -  -  -
                     B  B  -  -  -  -  -  -  -  -  -  -  -  -  -  -  -  -  -
                     -  B  -  -  -  -  -  -  -  -  -  -  -  -  -  -  -  -  -
                     -  -  -  B  -  -  -  -  -  -  -  -  -  -  -  -  -  -  -
                     -  -  -  B  -  -  -  B  B  -  -  -  B  -  -  -  -  -  -
                     -  -  -  -  -  -  -  -  -  -  -  -  -  -  -  B  -  -  -
                     B  -  -  B  -  -  -  -  -  -  -  -  -  -  B  B  -  -  -





48 B >48 B >




                     -  -  -  -  -  -  W  W  -  -  -  -  -  -  W  W  W  -  W
                     -  -  -  -  B  -  -  -  -  W  W  W  W  B                       -  -  -  -    W  B  -  -  -  -  W  -  -  -  W  W
White: 48            -  -  W  -  B  B  -  W
Ticks: 48            -  -  -  -  -  -  -  -  -  -  -  -  -  -  -  -  -  -  -
                     -  -  -  B  -  -  -  -  -  -  -  -  B  -  -  -  -  -  B
                     -  -  -  -  -  -  -  -  -  -  B  -  -  B  -  B  B  -  -
Black: 77            -  -  -  -  -  -  -  -  B  -  B  -  -  -  -  -  -  -  -
                     B  B  -  -  -  -  -  -  -  -  -  -  -  -  -  -  -  -  -
                     -  B  -  -  -  -  -  -  -  -  -  -  -  -  -  -  -  -  -
                     -  -  -  B  -  -  -  -  -  -  -  -  -  -  -  -  -  -  -
                     -  -  -  B  -  -  -  B  B  -  -  -  B  -  -  -  -  -  -
                     -  -  -  -  -  -  -  -  -  -  -  -  -  B  -  B  -  -  -
                     B  -  -  B  -  -  -  -  -  -  -  -  -




                     -  -  -  -  -  -  W  W  -  -  -  -  -  -  W  W  W  -  W
           -  W  B  -  -  -  -  W  W  -  -   49            -  -  W  W  W  W  W  -  -  -  -  -  -  W  -  B  -  -  W
                     -  -  -  -  -  W  B  -  B  -  -  -  -  W  -  -  -  W  W
                     B  -  -  -  -  -  B  B  B  -  -  -  B  -  -  B  B  -  W
Ticks: 49            -  -  -  -  -  -  -  -  -  -  -  -  -  -  -  -  -  -  -
                     -  -  -  B  -  -  -  -  -  -  -  -  B  -  -  -  -  -  B
  : 55            -  -  -  -  -  -  -  -  B  -  B  -  -  -  -  -  -  -  -
                     B  B  -  -  -  -  -  -  -  -  -  -  -  -  -  -  -  -  -
                     -  B  -  -  -  -  -  -  -  -  -  -  -  -  -  -  -  -  -
                     -  -  -  B  -  -  -  -  -  -  -  B  -  -  -  -  -  -  -
                     -  -  -  B  -  -  -  B  B  -  -  -  B  -  -  -  -  -  -
                     -  -  -  -  -  -  -  -  -  -  -  -  -  B  -  B  -  -  -
                     B  -  -  B  -  -  -  -  -  -  -  -  -  -  B  B  -  -  -





50 B >




                     -  -  -  -  -  -  W  W  -  -  -                 -  -  -  -  B  B  -  W  W  B  -  -  -  -  W  -  - 
                     -  -  B  -  B  -  -  -  -  W  -  -  W  B  B  -  W
Ticks: 50            -  -  -  -  -  -  -  -  -  -  -  -  -  -  -  -  -  -  -
                     -  -  -  B  -  -  -  -  -  -  -  -  B  -  -  -  -  -  B
                     -  -  -  -  -  -  -  -  -  -  B  -  -  B  -  B  B  -  -
Black: 53            -  -  -  -  -  -  -  -  B  -  B  -  -  -  -  -  -  -  -
                     B  B  -  -  -  -  -  -  -  -  -  -  -  -  -  -  -  -  -
                     -  B  -  -  -  -  -  -  -  -  -  -  -  -  -  -  -  -  -
                     -  -  -  B  -  -  -  -  -  -  -  B  -  -  -  -  -  -  -
                     -  -  -  B  -  -  -  B  B  -  -  -  B  -  -  -  -  -  -
                     -  -  -  -  -  -  -  -  -  -  -  -  -  B  -  B  -  -  -
                     B  -  -  B  -  -  -  -  -  -  -  -  -  -  B  B  -  -  -





51 B >




                     -  -  -  -  -  -  W  W  B  -  - W  W  W
                     -  - -  -  -  B  W  -  B  -  -  W  -  -  -  -  W  -  -  W  W  W
                     B  -  -  -    W
Ticks: 51            -  -  -  -  -  -  -  -  -  -  -  -  -  -  -  -  -  -  -
                     -  -  -  B  -  -  -  -  -  -  -  -  B  -  -  -  -  -  B
                     -  -  -  -  -  -  -  -  -  -  B  -  -  B  -  B  B  -  -
Black: 54            -  -  -  -  -  -  -  -  B  -  B  -  -  -  -  -  -  -  -
                     B  B  -  -  -  -  -  -  -  -  -  -  -  -  -  -  -  -  -
                     -  B  -  -  -  -  -  -  -  -  -  -  -  -  -  -  -  -  -
                     -  -  -  B  -  -  -  -  -  -  -  B  -  -  -  -  -  -  -
                     -  -  -  B  -  -  -  B  B  -  -  -  B  -  -  -  -  -  -
                     -  -  -  -  -  -  -  -  -  -  -  -  -  B  -  B  -  -  -
                     B  -  -  B  -  -  -  -  -  -  -  -  -  -  B  B  -  -  -





52 B >




                     -  -  -  -  -  -  W  W  B  -  -   -  -  -  -  B  B  -  W  B  -  - -  -  -  W  -  -  -  W  W
White:  -  B  -  -  B  B  -  W
Ticks: 52            -  -  -  -  -  -  -  -  -  -  -  -  -  -  -  -  -  -  -
                     -  -  -  B  -  -  -  -  -  -  -  -  B  -  -  -  -  -  B
                     -  -  -  -  -  -  -  -  -  -  B  -  -  B  -  B  B  -  -
Black: 58            -  -  -  -  -  -  -  -  B  -  B  -  -  -  -  -  -  -  -
                     B  B  -  -  -  -  -  -  -  -  -  -  -  -  -  -  -  -  -
                     -  B  -  -  -  -  -  -  -  -  -  -  -  -  -  -  -  -  -
                     -  -  -  B  -  -  -  -  -  -  -  B  -  -  -  -  -  -  -
                     -  -  -  B  -  -  -  B  B  -  -  -  B  -  -  -  -  -  -
                     -  -  -  -  -  -  -  -  -  -  -  -  -  B  B  B  -  -  -
                     B  -  -  B  -  -  -  -  -  -  -  -  -  -  B  B  -  -  -





53 B >




                     -  -  -  -  -  -  W  W  B  -  -  -  -  -  W  W  W  -  W
     -  -  W
                     B 
White: 53            -  -  W  W                   B  -  -  -  -  -  B  B  B  -  -  -  B  -  -  B  B  -  W
Ticks: 53            -  -  -  -  -  -  -  -  -  -  -  -  -  -  -  -  -  -  -
                     -  -  -  B  -  -  -  -  -  -  -  -  B  -  -  -  -  -  B
                     -  -  -  -  -  -  -  -  -  -  B  -  -  B  -  B  B  -  -
Black: 58            -  -  -  -  -  -  -  -  B  -  B  -  -  -  -  -  -  -  -
                     B  B  -  -  -  -  -  -  -  -  -  -  -  -  -  -  -  -  -
                     -  B  -  -  -  -  -  -  -  -  -  -  -  -  -  -  -  -  -
                     -  -  -  B  -  -  -  -  -  -  -  B  -  -  -  -  -  -  -
                     -  -  -  B  -  -  -  B  B  -  -  -  B  -  -  -  -  -  -
                     -  -  -  -  -  -  -  -  -  -  -  -  -  B  B  B  -  -  -
                     B  -  -  B  -  -  -  -  -  -  -  -  -  -  B  B  -  -  -





54 B >54 B >5




                     --  B  B  -  W  B  -  -  -  -  W  -  -  -  W
                     -    -  -  W  W  W  W  W  -  -  -  W
                     - W  B  -  B  -  -  -  -  W  W  -  W  W  W
                     B  -   B  -  -  B  B  -  W
Ticks: 54            -  -  -  -  -  -  -  -  -  -  -  -  -  -  -  -  -  -  -
                     -  -  -  B  -  -  -  -  -  -  -  -  B  -  -  -  -  -  B
                     -  -  -  -  -  -  -  -  -  -  B  -  -  B  -  B  B  -  -
Black: 60            -  -  -  -  -  -  -  -  B  -  B  -  -  -  -  -  -  -  -
                     B  B  -  -  -  -  -  -  -  -  -  -  -  -  -  -  -  -  -
                     -  B  -  -  -  -  -  -  -  -  -  -  -  -  -  -  -  -  -
                     -  -  -  B  -  -  -  -  -  -  -  B  -  -  -  -  -  -  -
                     -  -  -  B  -  -  -  B  B  -  -  -  B  -  -  -  -  -  -
                     -  -  -  -  -  -  -  -  -  -  -  -  -  B  B  B  -  -  -
                     B  -  -  B  -  -  -  -  -  -  -  -  -  -  B  B  -  -  -





55 B >




                     -  -  -  -  -  -  W  W  B  -  -  -  -  -  W  W  W  -  W
          W  B  W  W  W
              -  -  -  B  -  -  B  B  -  W
Ticks: 55            -  -  -  -  -  -  -  -  -  -  -  -  -  -  -  -  -  -  -
                     -  -  -  B  -  -  -  -  -  -  -  -  B  -  -  -  -  -  B
                     -  -  -  -  -  -  -  -  -  -  B  -  -  B  -  B  B  -  -
Black: 63            -  -  -  -  -  -  -  -  B  -  B  -  -  -  -  -  -  -  -
                     B  B  -  -  -  -  -  -  -  -  -  -  -  -  -  -  -  -  -
                     -  B  -  -  -  -  -  -  -  -  -  -  -  -  -  -  -  -  -
                     -  -  -  B  -  -  -  -  -  -  -  B  -  -  -  -  -  -  -
                     -  -  -  B  -  -  -  B  B  -  -  -  B  -  -  -  -  -  -
                     -  -  -  -  -  -  -  -  -  -  -  -  -  B  B  B  -  -  -
                     B  -  -  B  -  -  -  -  -  -  -  -  -  -  B  B  -  -  -





56 B >




                     -  -  -  -  -  -  W  W  B  -  -  -  -  -  W  W  W  -  W
                     -  -  -  -  B  B  -  W  B  -  -  -  -  W  W                  B  -  -  -  W  W  B  -  -  -  -  W  B  -   W  -  -  -  -  -  W  W  -  B  -                      -  -  W  -                       B  B  -  -                  -  -  -  -  -  -  -  -  -  -  B  -  -  B  -  B  B  -  -
Black: 63            -  -  -  -  -  -  -  -  B  -  B  -  -  -  -  -  -  -  -
                     B  B  -  -  -  -  -  -  -  -  -  -  -  -  -  -  -  -  -
                     -  B  -  -  -  -  -  -  -  -  -  -  -  -  -  -  -  -  -
                     -  -  -  B  -  -  -  -  -  -  -  B  -  -  -  -  -  -  -
                     -  -  -  B  -  -  -  B  B  -  -  -  B  -  -  -  -  -  -
                     -  -  -  -  -  -  -  -  -  -  -  -  -  B  B  B  -  -  -
                     B  -  -  B  -  -  -  -  -  -  -  -  -  -  B  B  -  -  -





57 B >57 B >57 B >




               -  -  -  -  -  -  W W  B  -  -  -  -  -  W  W  W  -  W
                     -  -  -  --  -  -  -  W  W  W  W  B  W  W   -  -  B  W  -  B  B  -  W
Ticks: 57            -  -  -  -  -  -  -  -  -  -  -  -  -  -  -  -  -  -  -
                     -  -  -  B  -  -  -  -  -  -  -  -  B  -  -  -  -  -  B
                     -  -  -  -  -  -  -  -  -  -  B  -  -  B  -  B  B  -  -
Black: 62            -  -  -  -  -  -  -  -  B  -  B  -  -  -  -  -  -  -  -
                     B  B  -  -  -  -  -  -  -  -  -  -  -  -  -  -  -  -  -
                     -  B  B  -  -  -  -  -  -  -  -  -  -  -  -  -  -  -  -
                     -  -  -  B  -  -  -  -  -  -  -  B  -  -  -  -  -  -  -
                     -  -  -  B  -  -  -  B  B  -  -  -  B  -  -  -  -  -  -
                     -  -  -  -  -  -  -  -  -  -  -  -  -  B  B  B  -  -  -
                     B  -  -  B  -  -  -  -  -  -  -  -  -  -  B  B  -  -  -





58 B >58 B >58 B >




                     -  -  -  -  -  -  W  W  B  -  -  -  -  -  W  W  W  - W
                     B  -  -  -  -  W  W  -  W  W  W
               B  B  -  -  -  B  W  -  B  B  -  W
Tic




                     -  -  - -  -  W  -  W  W  B  -  -  W  W   -  W  W  B  -  -  -  -  W  B  --  B  -  -  -  -  W  W  -  W  W  W




                     -  -  -  -  -  -  W  W  B  -  -  - -  -  -  -  W  -  W  W  B  -  -    B  -  -  -  -  W
               -  -  -  B  B  B  -  -  -  B  W  -  B  B  -  W
Ticks: 60            -  -  -  -  -  -  -  -  -  -  -  -  -  -  -  -  -  -  -
                     -  -  -  B  -  -  -  -  -




                     -  -  -W  W  -  W
                     -B  B  -  W  B  -  -  -  -  W  W   W  -  W  W  B  -  -  W  W  B  -                 -  -  W  -  -  W  -  -  -  -  W  W  -  W  W  W
           




                     -  -  -  -  -  W  W  W  B  -  -  -  -  -  W  W  W  -  W
                     -  -  -  -  B  B  -  W  B  -  -  -  -  W  W  -  -  -  W
      -  -  -  -  W
                             B  B  -  -  -  -  B  B            -  -  -  -  -  -  -  -  -  -  -  -  -  -  -  -  -  -  -
                     -  -  -  B  -  -  -  -  -  -  -  -  B  -  -  -  -  -  B
                     -  -  -  -  -  -  -  -  -  -  B  -  -  B  -  B  B  -  -
Black: 125           -  -  -  -  B  -  -  -  B  -  B  -  -  -  -  -  -  -  -
                     B  B  -  -  -  -  -  -  -  -  -  -  -  -  -  -  -  -  -
                     -  B  B  -  -  -  -  -  -  -  -  B  -  -  -  -  -  -  -
                     -  -  -  B  -  -  -  -  -  -  -  B  -  -  -  -  -  -  -
                     -  -  -  B  -  -  -  B  B  -  -  -  B  -  -  -  -  -  -
                     -  -  -  -  B  -  -  -  -  -  B  -  -  B  B  B  -  -  -
                     B  -  -  B  -  -  -  -  -  -  -  -  -  -  B  B  -  -  -





63 B >63 B >




                     -  -  -  -  -  W  W  W  B  B  -  -  -  -  W  W  W  -  W
   W  W  B  -  -  W  W  B  -  -  -   -  W  -  -  W  B  -  B  -  -  -   W  W  -  W  W  W
                




                     -  -  -                    B  -  -  -  W             -  W  W  W  W  W  W   -  -  -  B  W  -  B  B  -  W
Ticks:          -  -  -  -  -  W W
                     B  -  -  - W  W  W  -  -  W  W  W  W  W  W       B  B  -  -  -  W  B  B  B  -  -  -  B  W  -  B  B  -  W
Ticks: 65            -  -  -  -  -  -  -  -  -  -  -  -  -  -  -  -  -  -  W
                     -  -  -  B  -  -  -  -  -  -  -  -  B  -  -  -  -  -  B
                     -  -  -  -  -  -  -  -  -  -  B  -  -  B  -  B  B  -  -
Black: 128           -  -  -  -  B  -  -  -  B  -  B  -  -  -  -  -  -  -  -
                     B  B  -  -  -  -  -  -  -  -  -  -  -  -  -  -  -  -  -
                     -  B  B  -  -  -  -  -  -  -  -  B  -  -  -  -  -  -  -
                     -  -  -  B  -  -  -  -  -  -  -  B  -  -  -  -  -  -  -
                     -  -  -  B  -  -  -  B  B  -  -  -  B  -  -  -  -  -  -
                     -  -  -  -  B  -  -  -  -  -  B  -  -  B  B  B  -  -  -
                     B  -  -  B  -  -  -  -  -  -  -  -  -  -  B  B  -  -  -





66 B >66 B >




             -  -  W  W  -  -  -  W
            -  -  -  -  W  -  W  W  B  -  -  -  -  -  B  W
                   -  -  W  W
White: 67              B  B  B  -  -  -  B  W  -  B  B  -  W
Ticks: 66            -  -  -  -  -  -  -  -  -  -  -  -  -  -  -  -  -  -  W
                     -  -  -  B  -  -  -  -  -  -  -  -  B  -  -  -  -  -  B
                     -  -  -  -  -  -  -  -  -  -  B  -  -  B  -  B  B  -  -
Black: 140           -  -  -  -  B  -  -  -  B  -  B  -  -  -  -  -  -  -  -
                     B  B  -  -  -  -  -  -  -  -  -  -  -  -  -  -  -  -  -
                     -  B  B  -  -  -  -  -  B  -  -  B  -  -  -  -  -  -  -
                     -  -  -  B  -  -  -  -  -  -  -  B  -  -  -  -  -  -  -
                     -  -  -  B  -  -  -  B  B  -  -  -  B  -  -  -  -  -  -
                     -  -  -  -  B  -  -  -  -  -  B  -  -  B  B  B  -  -  -
                     B  -  -  B  -  -  -  -  -  -  -  -  -  -  B  B  -  -  -





67 B >




                      -  W
                     -  -   W  W  W  B  -  -  B  W  W  -  W W  -  B  -  -  W
                




                     -  -  - -  -  W  W  -  -  -  W
   W  B  -  -  -  B  W
             W  B  B  B  -  -  -  B  W  -  B  B  -  W
Ticks: 




                     -  -  -  -  -  W  W  W  B  B  -  -  -  -W  W  -  -  W  W  W  W  W B  B  -  -  -  B  W  -  B  B  -  W
Ticks: 69            -  -  -  -  -  W  -  -  -  -  -  -  -  -  -  -  -  -  W
                     -  -  -  B  -  -  -  -  -  -  -  -  B  -  -  -  -  -  B
                     -  -  -  -  -  -  -  -  -  -  B  -  -  B  -  B  B  -  -
Black: 127           -  -  -  -  B  -  -  -  B  -  B  -  B  -  -  -  -  -  -
                     B  B  -  -  -  -  -  -  -  -  -  -  -  -  -  -  -  -  -
                     -  B  B  -  -  -  -  -  B  -  -  B  -  -  -  -  -  -  -
                     -  -  -  B  -  -  -  -  -  -  -  B  -  -  -  -  -  -  -
                     -  -  -  B  -  -  -  B  B  -  -  -  B  -  -  -  -  -  -
                     -  -  -  -  B  -  -  -  -  -  B  -  -  B  B  B  -  -  -
                     B  -  -  B  -  -  -  -  -  -  -  -  -  -  B  B  -  -  -





70 B >




                     -  -  -  -  -  W  W  W  B  B  -   -  -  -  -  B  B  -  W  B  -  -   W  -  -  W  B  -  B  W  W
WhiteB  -  W
Ticks: 70            -  -  -  -  -  W  W  -  -  -  -  -  -  -  -  -  -  -  W
                     -  -  -  B  -  -  -  -  -  -  -  -  B  -  -  -  -  -  B
                     -  -  -  -  -  -  -  -  -  -  B  -  -  B  -  B  B  -  -
Black: 128           -  -  -  -  B  -  -  -  B  -  B  -  B  -  -  -  -  -  -
                     B  B  -  -  -  -  -  -  -  -  -  -  -  -  -  -  -  -  -
                     -  B  B  -  -  -  -  -  B  -  -  B  -  -  -  -  -  -  -
                     -  -  -  B  -  -  -  -  -  -  -  B  -  -  -  -  -  -  -
                     -  -  -  B  -  -  -  B  B  -  -  -  B  -  -  -  -  -  -
                     -  -  -  -  B  -  -  -  -  -  B  -  -  B  B  B  -  -  -
                     B  -  -  B  -  -  -  -  -  -  -  -  -  -  B  B  -  -  -





71 B >71 B >71 B >




                     -  -  -  -  -  W  W  W  B  B  -  -  -  -  W  W  W  -  W
                     -  -  -  -  B  B  -  W  B  -  -  -  -  W  W  -  -  -  W
                  
White: 72            -  WB  -  B  -  B  -  -  W  W  -  W            B  B  -  -  -  W  B  B   71            -  -  -  -  -  W  -  -  -  -  -  -  -  -  -  -  W
                     -  -  -  B  -  W  -  -  -  -  -  -  B  -  -  -  -  -  B
                B >72 B >72 B >




             -  W  W  W  W  B  -  -  B  W  W-  W  -  W  W  W
                 -  -  -  W  -  W  W  B  W  -  W  W  B  -  -  -  B  W
            -  B  -  -  W
                    




                     -  -  -    -  -  -  W  W  W  W  B  -  -  W  -  W  -  W  W  W
               -  -  -  B  W
                              B  B  -  -  -  W  B                -  -  -  -  -  -  -  -  -  -  B  -  -  B  -  B  B  -  -
Black: 116           -  -  -  -  B  -  -  -  B  -  B  -  B  -  -  -  -  -  -
                     B  B  -  -  -  -  -  -  -  -  -  -  -  -  -  -  -  B  -
                     -  B  B  -  -  -  -  -  B  -  -  B  -  -  -  -  -  -  -
                     -  -  -  B  -  -  -  -  B  -  -  B  -  -  -  -  -  -  -
                     -  -  -  B  -  -  -  B  B  -  -  -  B  -  -  -  -  -  -
                     -  -  -  -  B  -  -  -  -  -  B  -  -  B  B  B  -  -  -
                     B  -  -  B  -  -  -  -  -  -  B  -  -  -  B  B  -  -  -





74 B >74 B >




                     -  -  -  -  -  W  W  W  B                 -  -  -  W  W  W W  W  W  W  -  -  -  W  -  W  W  -  -  -  B  W  -  B  B  -  W
Ticks: 74            -  -  -  -  W  W  W  -  -  -  -  -  -  W  -  -  -  -  W
                     -  -  -  B  -  W  -  -  -  -  -  -  B  -  -  -  -  -  B
                     -  -  -  -  -  -  -  -  -  -  B  -  -  B  -  B  B  -  -
Black: 118           -  -  -  -  B  -  -  -  B  -  B  -  B  -  -  -  -  -  -
                     B  B  -  -  -  -  -  -  -  -  -  -  -  -  -  -  -  B  -
                     -  B  B  -  -  -  -  -  B  -  -  B  -  -  -  -  -  -  -
                     -  -  -  B  -  -  -  -  B  -  -  B  -  -  -  -  -  -  -
                     -  -  -  B  -  -  -  B  B  -  -  -  B  -                   B  -  -  B  -  -  -  -  -  -  B  -  -  -  B  B  -  -  -





75 B >




                      -  -  W  W  W  W  B  -  -  B  We: 76            -  W  W  W  W  W  -  -  -  W  -  W  W  -  B  -  -




                     -  -  -   -  -  -  B  W
             W  -  -  W  W  B  -  W  -  -  W W  W
White: 77            -  W   W  W  W
                     B    W  -  W  W  W  -  W
      W  -  -  W  W  W  W  W  W  B  W  W
                     -  B  -  W W  W  B  -  W  -  -  W  B  -  B  W  W
White: 78            -  W  W  W  W  W  W  -  -  -  W  -  W  -  B  B  -  W
Ticks: 77            -  -  B  -  W  W  W  -  -  -  -  -  -  W  -  -  -  -  W
                     -  -  -  B  -  W  -  -  -  -  -  -  B  -  -  -  -  -  B
                     -  -  -  -  -  -  -  -  -  -  B  -  -  B  -  B  B  -  B
Black: 123           -  -  -  -  B  -  -  -  B  -  B  -  B  -  -  -  -  -  -
                     B  B  -  -  -  -  -  -  -  -  -  -  -  -  -  -  -  B  -
                     -  B  B  -  -  -  -  -  B  -  -  B  -  -  -  -  -  -  -
                     -  -  -  B  -  -  -  B  B  -  -  B  -  -  -  -  -  -  -
                     -  -  -  B  -  -  -  B  B  -  -  -  B  -  -  -  -  -  -
                     -  -  -  -  B  -  -  -  -  -  B  -  -  B  B  B  -  -  -
                     B  -  -  B  -  -  -  -  -  -  B  -  -  -  B  B  -  -  -





78 B >




                     -  W  B  -  -  W  -  W  W  -  -                 -  -  -  -  W  -    W  W  B  -  -  -  B  W
               B  -  -  -  W  W  W  -  -    W  B  -  W  -  -  W  B  -  B  W  W
White: 7-  W  W  -  W  W  W  -  W
        W  W  W  -  W  W  W  W  W  W  W    W  W
                     -  B -  W  B  B  B  -  -  -  B  W  -  B  B  -  W
Ticks: 79            -  -  B  -  W  W  W  -  -  -  -  -  -  W  -  -  -  -  W
                     -  -  -  B  -  W  -  -  -  -  -  -  B  -  -  -  -  -  B
                     -  -  -  -  -  -  -  -  -  -  B  -  -  B  -  B  B  -  B
Black: 125           -  -  -  -  B  -  -  -  B  -  B  -  B  -  -  -  -  -  -
                     B  B  -  -  -  -  -  -  -  -  -  -  -  -  -  -  -  B  -
                     -  B  B  -  -  -  -  -  B  -  -  B  -  -  -  -  -  -  -
                     -  -  -  B  -  -  -  B  B  -  -  B  -  -  -  -  -  -  -
                     -  -  -  B  -  -  -  B  B  -  -  -  B  -  -  -  -  -  B
                     -  -  -  -  B  -  -  -  -  -  B  -  -  B  B  B  -  -  -
                     B  -  -  B  -  -  -  -  -  -  B  -  -  -  B  B  -  -  -





80 B >




                     -  -  B  W  W  -  W  -  W  W  W  W  W  B  W  W  W
                -  W  W  W  W  W  W  -  -  W  -  W  W  -  B  -  -  W
        




                     -  -  - -  B  W  -  W  W  B  W  -  W  W   -  -  -  B  W
                               B  B  W  -  -  W  B  B  B  -  -   -  -  -  B  B  -  W  B  -  -  W  -  W  W  W
               -  W  W  B  W  -  W  W  B  -  -   -  W  W  B  -  W  -  -  W  B  -




                     -  -  -   -  -  B  W  -  W  W  B  W  -  W W  B  -  -  -  B  W
               B  -  -  -  W  W  W  -  W  W  W  W  W  W  W  B  W  W  W
                     -  B  -  W  -  -  W   B  B  B  -  B  -  -  W  W  -  W  -  -  -  -  B  B  -  W  B  -  - W  B  W  -  W  W  B  -  -  -  B                  B  -  -  -  W  W  W  -  -  W  W  B  -  W  -  -  W




                     -  -  - B  W  -  W  W  B  -  -  -  B  W
                   B  -  -  -  W  W W  W  W  W  W  W  B  W  W  W
               -  B  -  W  -  -  W  W  B  -  W  -  -  W  B  -  B  W  W
White: 86            -  W  W  W  W  W  W  -  -  W  W  -  W  W  -  B  W  -  W
                     -  -  W  B  -  W  B  B  B  -  B  B  -  W  W  -  W  W  W
                     B  B  W  -  -  W  B  B  B  -  -  -  B  W  -  B  B  -  W
Ticks: 85            -  -  B  W  W  W  W  -  -  -  -  -  W  W  -  B  -  -  W
                     -  -  -  B  -  W  -  -  -  -  -  -  B  -  -  -  -  -  B
                     -  -  -  -  -  -  -  -  -  -  B  -  -  B  -  B  B  -  B
Black: 140           -  -  -  -  B  -  -  -  B  -  B  -  B  -  -  -  -  -  -
                     B  B  -  -  -  -  -  -  -  -  -  B  -  -  -  -  -  B  -
                     -  B  B  -  -  -  -  -  B  -  -  B  -  -  -  -  -  -  -
                     -  -  -  B  -  -  -  B  B  -  -  B  -  -  -  -  -  -  -
                     -  -  -  B  -  -  -  B  B  -  -  -  B  -  -  -  -  -  B
                     -  -  -  -  B  -  -  -  -  -  B  -  -  B  B  B  -  -  -
                     B  -  -  B  -  -  -  -  -  -  B  -  -  -  B  B  -  -  -





86 B >

 W  W  W  W  W  B  B  W  W  W  -   W  W  B  W  W  W
                   -  -  W  B  -  W  B  B  B  -  B  B  -  W  W  -  W  W  W
                     B  B  W  -  -  W  B  B  B  -  -  -  B  W  -  B  B  - 87 B >




                       B  -  -  -  B  W
              B  B  -  W  W  -  W  W  W
                     B  B  W  -  -  W  B  B  B  -  -  -  B  W  -  B  B  -  W
Ticks: 87            -  -  B  W  W  W  W  -  -  -  -  W  W  W  -  B  -  -  W
                     -  -  -  B  -  W  -  -  -  -  -  W  B  -  -  -  -  -  B
                     -  -  -  -  -  -  -  -  -  -  B  -  -  B  -  B  B  -  B
Black: 144           -  -  -  -  B  -  -  -  B  -  B  -  B  -  -  -  -  -  -
                     B  B  -  -  -  -  -  -  -  -  -  B  -  -  -  -  -  B  -
                     -  B  B  -  -  -  -  -  B  -  -  B  -  -  -  -  -  -  -
                     -  -  -  B  -  -  -  B  B  -  -  B  -  -  -  -  -  -  -
                     -  -  -  B  -  -  -  B  B  B  -  -  B  -  B  -  -  -  B
                     -  -  -  -  B  -  -  -  -  -  B  -  -  B  B                     -  -  -  -  BW  -  -  W  W  B  -  W  -  -  W  B W
                     -  -  W  W  B  B  B  -  B  B  -   B  -  -  -  B  W  -  B  B  -  W
Ticks: 88            -  -  B  W  W  W  W  -  -  -  -  W  W  W  -  B  -  -  W
                     -  -  -  B  -  W  -  -  -  -  W  W  B  -  -  -  -  -  B
                     -  -  -  -  -  -  -  -  -  -  B  -  -  B  -  B  B  -  B
Black: 146           -  -  -  -  B  -  -  -  B  -  B  -  B  -  -  -  -  -  -
                     B  B  -  -  -  -  -  -  -  -  -  B  -  -  -  -  -  B  -
                     -  B  B  -  -  -  -  -  B  -  -  B  -  -  -  -  -  -  -
                     -  -  -  B  -  -  -  B  B  -  -  B  -  -  -  -  -  -  -
                     -  -  -  B  -  -  -  B  B  B  -  -  B  -  B  -  -  -  B
                     -  -  -  -  B  -  -  -  -  -  B  -  -  B  B  B  -  -  -
                     B  -  -  B  -  -  -  -  -  -  B  -  -  -  B  B  -  -  -





89 B >89 B >89 B >




       -  B  W  -  W  W  B  W  -  W  W    -  W  B  B  B  -  B  B  -  W  W  -  W  W  W
                     B  B  W  -  -  W  B  B  B  -  -  -  B  W  -  B  B  -  W
Ticks: 89            -  -  B  W  W  W  W  W  -  -  -  W  W  W  -  B  -  -  W
                     -  -  -  B  -  W  -  -  -  -  W  W  B  -  -  -  -  -  B
                     -  -  -  -  -  -  -  -  -  -  B  -  -  B  -  B  B  -  B
Black: 147           -  -  -  -  B  -  -  -  B  -  B  -  B  -  -  -  -  -  -
                    B  B  -  -  -  -  -  -  -  -  -  -  B  B  B  W  B  -  -  -  W  B  -  B  W  W
White: 91    W  -  W  W  W
                  W  W  W  -  -  -  W  W  W  -  B  -  -  W
                     -  -  -  B  -  W  -  -  -  W  W  W  B  -  -  -  -  -  B
                     -  -  -  -  -  -  -  -  -  -  B  -  -  B  -  B  B  -  B
Black: 146           -  -  -  -  B  -  -  -  B  -  B  -  B  -  -  -  -  -  -
                     B  B  -  -  -  -  -  -  -  -  -  B  -  -  -  -  -  B  -
                     -  B  B  -  -  -  -  -  B  -  -  B  -  -  -  -  -  -  -
                     -  -  -  B  -  -  -  B  B  -  -  B  -  -  -  -  -  -  -
                     -  -  -  B  -  -  -  B  B  B  -  -  B  -  B  -  -  -  B
                     -  -  -  -  B  -  -  -  -  -  B  -  -  B  B  B  -  -  -
                     B  B  -  B  -  -  -  -  -  -  B  -  -  -  B  B  -  -  -





Game Over Stones Exhausted
You are a Winner, User