DEBUG:Instructions: 1
R0  = 00000000 R1  = 00000000 R2  = 00000000 R3  = 00000000
R4  = 00000000 R5  = 00000000 R6  = 00000000 R7  = 00000000
R8  = 00000000 R9  = 00000000 R10 = 00000000 R11 = 00000000
R12 = 00000000 R13 = 00000000 SP  = 0000FFFC PC  = 00001158
=====
DEBUG:Instructions: 2
R0  = 00000000 R1  = 00000000 R2  = 00000000 R3  = 00000000
R4  = 00000000 R5  = 00000000 R6  = 00000000 R7  = 00000000
R8  = 00000000 R9  = 00000000 R10 = 00000000 R11 = 00000000
R12 = 00000000 R13 = 00000000 SP  = 00000001 PC  = 0000115A
=====
DEBUG:Instructions: 3
R0  = 00000000 R1  = 00000000 R2  = 00000000 R3  = 00000000
R4  = 00000000 R5  = 00000000 R6  = 00000000 R7  = 00000000
R8  = 00000000 R9  = 00000000 R10 = 00000000 R11 = 00000000
R12 = 00000000 R13 = 00000000 SP  = 00000001 PC  = 00001068
=====
DEBUG:Instructions: 4
R0  = 00000000 R1  = 00000000 R2  = 00000000 R3  = 00000000
R4  = 00000000 R5  = 00000000 R6  = 00000000 R7  = 00000000
R8  = 00000000 R9  = 00000000 R10 = 00000000 R11 = 00000000
R12 = 00000000 R13 = 00000000 SP  = 00000001 PC  = 0000106A
=====
DEBUG:Instructions: 5
R0  = 00000000 R1  = 00000000 R2  = 00000000 R3  = 00000000
R4  = 00000000 R5  = 00000000 R6  = 00000000 R7  = 00000000
R8  = 00000000 R9  = 00000000 R10 = 00000000 R11 = 00000000
R12 = 00000000 R13 = 00000000 SP  = 00000001 PC  = 0000106C
=====
Exception: Invalid opcode
Registers:
Instructions: 5
R0  = 00000000 R1  = 00000000 R2  = 00000000 R3  = 00000000
R4  = 00000000 R5  = 00000000 R6  = 00000000 R7  = 00000000
R8  = 00000000 R9  = 00000000 R10 = 00000000 R11 = 00000000
R12 = 00000000 R13 = 00000000 SP  = 00000001 PC  = 0000106C
End Registers
