DEBUG:Instructions: 1
R0  = 00000000 R1  = 00000000 R2  = 00000000 R3  = 00000000
R4  = 00000000 R5  = 00000000 R6  = 00000000 R7  = 00000000
R8  = 00000000 R9  = 00000000 R10 = 00000000 R11 = 00000000
R12 = 00000000 R13 = 00000000 SP  = 0000FFFC PC  = 00006E1E
=====
DEBUG:Instructions: 2
R0  = 00000000 R1  = 00000000 R2  = 00000000 R3  = 00000000
R4  = 00000000 R5  = 00000000 R6  = 00000000 R7  = 00000000
R8  = 00000000 R9  = 00000000 R10 = 00000000 R11 = 00000000
R12 = 00000000 R13 = 00000000 SP  = 0000FFFC PC  = 00006E20
=====
DEBUG:Instructions: 3
R0  = 00000000 R1  = 00000000 R2  = 00000000 R3  = 00000000
R4  = 00000000 R5  = 00000000 R6  = 00000000 R7  = 00000000
R8  = 00000000 R9  = 00000000 R10 = 00000000 R11 = 00000000
R12 = 00000000 R13 = 00000000 SP  = 0000FFFC PC  = 00006F16
=====
DEBUG:Instructions: 4
R0  = 00000000 R1  = 00000000 R2  = 00000000 R3  = 00000000
R4  = 00000000 R5  = 00000000 R6  = 00000000 R7  = 00000000
R8  = 00000000 R9  = 00000000 R10 = 00000000 R11 = 00000000
R12 = 00000000 R13 = 00000000 SP  = 0000FFFC PC  = 00006F18
=====
DEBUG:Instructions: 5
R0  = 00000000 R1  = 00000000 R2  = 00000000 R3  = 00000000
R4  = 00000000 R5  = 00000000 R6  = 00000000 R7  = 00000000
R8  = 00000000 R9  = 00000000 R10 = 00000000 R11 = 00000000
R12 = 00000000 R13 = 00000000 SP  = 0000FFFC PC  = 00006F1A
=====
DEBUG:Instructions: 6
R0  = 00000000 R1  = 00000000 R2  = 00000000 R3  = 00000000
R4  = 00000000 R5  = 00000000 R6  = 00000000 R7  = 00000000
R8  = 00000000 R9  = 00000000 R10 = 00000000 R11 = 00000000
R12 = 00000000 R13 = 00000000 SP  = 0000FFFC PC  = 00006F1C
=====
DEBUG:Instructions: 7
R0  = 00000000 R1  = 00000000 R2  = 00000000 R3  = 00000000
R4  = 00000000 R5  = 00000000 R6  = 00000000 R7  = 00000000
R8  = 00000000 R9  = 00000000 R10 = 00000000 R11 = 00000000
R12 = 00000000 R13 = 00000000 SP  = 0000FFFC PC  = 00006F1E
=====
DEBUG:Instructions: 8
R0  = 00000000 R1  = 00000000 R2  = 00000000 R3  = 00000000
R4  = 00000000 R5  = 00000000 R6  = 00000000 R7  = 00000000
R8  = 00000000 R9  = 00000000 R10 = 00000000 R11 = 00000000
R12 = 00000000 R13 = 00000000 SP  = 0000FFFC PC  = 00006F20
=====
DEBUG:Instructions: 9
R0  = 00000000 R1  = 00000000 R2  = 00000000 R3  = 00000000
R4  = 00000000 R5  = 00000000 R6  = 00000000 R7  = 00000000
R8  = 00000000 R9  = 00000000 R10 = 00000000 R11 = 00000000
R12 = 00000000 R13 = 00000000 SP  = 0000FFFC PC  = 00006F22
=====
DEBUG:Instructions: 10
R0  = 00000000 R1  = 00000000 R2  = 00000000 R3  = 00000000
R4  = 00000000 R5  = 00000000 R6  = 00000000 R7  = 00000000
R8  = 00000000 R9  = 00000000 R10 = 00000000 R11 = 00000000
R12 = 00000000 R13 = 00000000 SP  = 0000FFFC PC  = 00006F24
=====
DEBUG:Instructions: 11
R0  = 00000000 R1  = 00000000 R2  = 00000000 R3  = 00000000
R4  = 00000000 R5  = 00000000 R6  = 00000000 R7  = 00000000
R8  = 00000000 R9  = 00000000 R10 = 00000000 R11 = 00000000
R12 = 00000000 R13 = 00000000 SP  = 0000FFFC PC  = 00006F26
=====
DEBUG:Instructions: 12
R0  = 00000000 R1  = 00000000 R2  = 00000000 R3  = 00000000
R4  = 00000000 R5  = 00000000 R6  = 00000000 R7  = 00000000
R8  = 00000000 R9  = 00000000 R10 = 00000000 R11 = 00000000
R12 = 00000000 R13 = 00000000 SP  = 0000FFFC PC  = 00006F28
=====
DEBUG:Instructions: 13
R0  = 00000000 R1  = 00000000 R2  = 00000000 R3  = 00000000
R4  = 00000000 R5  = 00000000 R6  = 00000000 R7  = 00000000
R8  = 00000000 R9  = 00000000 R10 = 00000000 R11 = 00000000
R12 = 00000000 R13 = 00000000 SP  = 0000FFFC PC  = 00006F2A
=====
DEBUG:Instructions: 14
R0  = 00000000 R1  = 00000000 R2  = 00000000 R3  = 00000000
R4  = 00000000 R5  = 00000000 R6  = 00000000 R7  = 00000000
R8  = 00000000 R9  = 00000000 R10 = 00000000 R11 = 00000000
R12 = 00000000 R13 = 00000000 SP  = 0000FFFC PC  = 00006F2C
=====
DEBUG:Instructions: 15
R0  = 00000000 R1  = 00000000 R2  = 00000000 R3  = 00000000
R4  = 00000000 R5  = 00000000 R6  = 00000000 R7  = 00000000
R8  = 00000000 R9  = 00000000 R10 = 00000000 R11 = 00000000
R12 = 00000000 R13 = 00000000 SP  = 0000FFFC PC  = 00006F2E
=====
DEBUG:Instructions: 16
R0  = 00000000 R1  = 00000000 R2  = 00000000 R3  = 00000000
R4  = 00000000 R5  = 00000000 R6  = 00000000 R7  = 00000000
R8  = 00000000 R9  = 00000000 R10 = 00000000 R11 = 00000000
R12 = 00000000 R13 = 00000000 SP  = 0000FFFC PC  = 00006F30
=====
DEBUG:Instructions: 17
R0  = 00000000 R1  = 00000000 R2  = 00000000 R3  = 00000000
R4  = 00000000 R5  = 00000000 R6  = 00000000 R7  = 00000000
R8  = 00000000 R9  = 00000000 R10 = 00000000 R11 = 00000000
R12 = 00000000 R13 = 00000000 SP  = 0000FFFC PC  = 00006F32
=====
DEBUG:Instructions: 18
R0  = 00000000 R1  = 00000000 R2  = 00000000 R3  = 00000000
R4  = 00000000 R5  = 00000000 R6  = 00000000 R7  = 00000000
R8  = 00000000 R9  = 00000000 R10 = 00000000 R11 = 00000000
R12 = 00000000 R13 = 00000000 SP  = 0000FFFC PC  = 00006F34
=====
DEBUG:Instructions: 19
R0  = 00000000 R1  = 00000000 R2  = 00000000 R3  = 00000000
R4  = 00000000 R5  = 00000000 R6  = 00000000 R7  = 00000000
R8  = 00000000 R9  = 00000000 R10 = 00000000 R11 = 00000000
R12 = 00000000 R13 = 00000000 SP  = 0000FFFC PC  = 00006F36
=====
DEBUG:Instructions: 20
R0  = 00000000 R1  = 00000000 R2  = 00000000 R3  = 00000000
R4  = 00000000 R5  = 00000000 R6  = 00000000 R7  = 00000000
R8  = 00000000 R9  = 00000000 R10 = 00000000 R11 = 00000000
R12 = 00000000 R13 = 00000000 SP  = 0000FFFC PC  = 00006F38
=====
DEBUG:Instructions: 21
R0  = 00000000 R1  = 00000000 R2  = 00000000 R3  = 00000000
R4  = 00000000 R5  = 00000000 R6  = 00000000 R7  = 00000000
R8  = 00000000 R9  = 00000000 R10 = 00000000 R11 = 00000000
R12 = 00000000 R13 = 00000000 SP  = 0000FFFC PC  = 00006F3A
=====
DEBUG:Instructions: 22
R0  = 00000000 R1  = 00000000 R2  = 00000000 R3  = 00000000
R4  = 00000000 R5  = 00000000 R6  = 00000000 R7  = 00000000
R8  = 00000000 R9  = 00000000 R10 = 00000000 R11 = 00000000
R12 = 00000000 R13 = 00000000 SP  = 0000FFFC PC  = 00006F3C
=====
DEBUG:Instructions: 23
R0  = 00000000 R1  = 00000000 R2  = 00000000 R3  = 00000000
R4  = 00000000 R5  = 00000000 R6  = 00000000 R7  = 00000000
R8  = 00000000 R9  = 00000000 R10 = 00000000 R11 = 00000000
R12 = 00000000 R13 = 00000000 SP  = 0000FFFC PC  = 00006F3E
=====
DEBUG:Instructions: 24
R0  = 00000000 R1  = 00000000 R2  = 00000000 R3  = 00000000
R4  = 00000000 R5  = 00000000 R6  = 00000000 R7  = 00000000
R8  = 00000000 R9  = 00000000 R10 = 00000000 R11 = 00000000
R12 = 00000000 R13 = 00000000 SP  = 0000FFFC PC  = 00006F40
=====
DEBUG:Instructions: 25
R0  = 00000000 R1  = 00000000 R2  = 00000000 R3  = 00000000
R4  = 00000000 R5  = 00000000 R6  = 00000000 R7  = 00000000
R8  = 00000000 R9  = 00000000 R10 = 00000000 R11 = 00000000
R12 = 00000000 R13 = 00000000 SP  = 0000FFFC PC  = 00006F42
=====
DEBUG:Instructions: 26
R0  = 00000000 R1  = 00000000 R2  = 00000000 R3  = 00000000
R4  = 00000000 R5  = 00000000 R6  = 00000000 R7  = 00000000
R8  = 00000000 R9  = 00000000 R10 = 00000000 R11 = 00000000
R12 = 00000000 R13 = 00000000 SP  = 0000FFFC PC  = 00006F44
=====
DEBUG:Instructions: 27
R0  = 00000000 R1  = 00000000 R2  = 00000000 R3  = 00000000
R4  = 00000000 R5  = 00000000 R6  = 00000000 R7  = 00000000
R8  = 00000000 R9  = 00000000 R10 = 00000000 R11 = 00000000
R12 = 00000000 R13 = 00000000 SP  = 0000FFFC PC  = 00006F46
=====
DEBUG:Instructions: 28
R0  = 00000000 R1  = 00000000 R2  = 00000000 R3  = 00000000
R4  = 00000000 R5  = 00000000 R6  = 00000000 R7  = 00000000
R8  = 00000000 R9  = 00000000 R10 = 00000000 R11 = 00000000
R12 = 00000000 R13 = 00000000 SP  = 0000FFFC PC  = 00006F48
=====
DEBUG:Instructions: 29
R0  = 00000000 R1  = 00000000 R2  = 00000000 R3  = 00000000
R4  = 00000000 R5  = 00000000 R6  = 00000000 R7  = 00000000
R8  = 00000000 R9  = 00000000 R10 = 00000000 R11 = 00000000
R12 = 00000000 R13 = 00000000 SP  = 0000FFFC PC  = 00006F4A
=====
DEBUG:Instructions: 30
R0  = 00000000 R1  = 00000000 R2  = 00000000 R3  = 00000000
R4  = 00000000 R5  = 00000000 R6  = 00000000 R7  = 00000000
R8  = 00000000 R9  = 00000000 R10 = 00000000 R11 = 00000000
R12 = 00000000 R13 = 00000000 SP  = 0000FFFC PC  = 00006F4C
=====
DEBUG:Instructions: 31
R0  = 00000000 R1  = 00000000 R2  = 00000000 R3  = 00000000
R4  = 00000000 R5  = 00000000 R6  = 00000000 R7  = 00000000
R8  = 00000000 R9  = 00000000 R10 = 00000000 R11 = 00000000
R12 = 00000000 R13 = 00000000 SP  = 0000FFFC PC  = 00006F4E
=====
DEBUG:Instructions: 32
R0  = 00000000 R1  = 00000000 R2  = 00000000 R3  = 00000000
R4  = 00000000 R5  = 00000000 R6  = 00000000 R7  = 00000000
R8  = 00000000 R9  = 00000000 R10 = 00000000 R11 = 00000000
R12 = 00000000 R13 = 00000000 SP  = 0000FFFC PC  = 00006F50
=====
DEBUG:Instructions: 33
R0  = 00000000 R1  = 00000000 R2  = 00000000 R3  = 00000000
R4  = 00000000 R5  = 00000000 R6  = 00000000 R7  = 00000000
R8  = 00000000 R9  = 00000000 R10 = 00000000 R11 = 00000000
R12 = 00000000 R13 = 00000000 SP  = 0000FFFC PC  = 00006F52
=====
DEBUG:Instructions: 34
R0  = 00000000 R1  = 00000000 R2  = 00000000 R3  = 00000000
R4  = 00000000 R5  = 00000000 R6  = 00000000 R7  = 00000000
R8  = 00000000 R9  = 00000000 R10 = 00000000 R11 = 00000000
R12 = 00000000 R13 = 00000000 SP  = 0000FFFC PC  = 00006F54
=====
DEBUG:Instructions: 35
R0  = 00000000 R1  = 00000000 R2  = 00000000 R3  = 00000000
R4  = 00000000 R5  = 00000000 R6  = 00000000 R7  = 00000000
R8  = 00000000 R9  = 00000000 R10 = 00000000 R11 = 00000000
R12 = 00000000 R13 = 00000000 SP  = 0000FFFC PC  = 00006F56
=====
DEBUG:Instructions: 36
R0  = 00000000 R1  = 00000000 R2  = 00000000 R3  = 00000000
R4  = 00000000 R5  = 00000000 R6  = 00000000 R7  = 00000000
R8  = 00000000 R9  = 00000000 R10 = 00000000 R11 = 00000000
R12 = 00000000 R13 = 00000000 SP  = 0000FFFC PC  = 00006F58
=====
DEBUG:Instructions: 37
R0  = 00000000 R1  = 00000000 R2  = 00000000 R3  = 00000000
R4  = 00000000 R5  = 00000000 R6  = 00000000 R7  = 00000000
R8  = 00000000 R9  = 00000000 R10 = 00000000 R11 = 00000000
R12 = 00000000 R13 = 00000000 SP  = 0000FFFC PC  = 00006F5A
=====
DEBUG:Instructions: 38
R0  = 00000000 R1  = 00000000 R2  = 00000000 R3  = 00000000
R4  = 00000000 R5  = 00000000 R6  = 00000000 R7  = 00000000
R8  = 00000000 R9  = 00000000 R10 = 00000000 R11 = 00000000
R12 = 00000000 R13 = 00000000 SP  = 0000FFFC PC  = 00006F5C
=====
DEBUG:Instructions: 39
R0  = 00000000 R1  = 00000000 R2  = 00000000 R3  = 00000000
R4  = 00000000 R5  = 00000000 R6  = 00000000 R7  = 00000000
R8  = 00000000 R9  = 00000000 R10 = 00000000 R11 = 00000000
R12 = 00000000 R13 = 00000000 SP  = 0000FFFC PC  = 00006F5E
=====
DEBUG:Instructions: 40
R0  = 00000000 R1  = 00000000 R2  = 00000000 R3  = 00000000
R4  = 00000000 R5  = 00000000 R6  = 00000000 R7  = 00000000
R8  = 00000000 R9  = 00000000 R10 = 00000000 R11 = 00000000
R12 = 00000000 R13 = 00000000 SP  = 0000FFFC PC  = 00006F60
=====
DEBUG:Instructions: 41
R0  = 00000000 R1  = 00000000 R2  = 00000000 R3  = 00000000
R4  = 00000000 R5  = 00000000 R6  = 00000000 R7  = 00000000
R8  = 00000000 R9  = 00000000 R10 = 00000000 R11 = 00000000
R12 = 00000000 R13 = 00000000 SP  = 0000FFFC PC  = 00006F62
=====
DEBUG:Instructions: 42
R0  = 00000000 R1  = 00000000 R2  = 00000000 R3  = 00000000
R4  = 00000000 R5  = 00000000 R6  = 00000000 R7  = 00000000
R8  = 00000000 R9  = 00000000 R10 = 00000000 R11 = 00000000
R12 = 00000000 R13 = 00000000 SP  = 0000FFFC PC  = 00006F64
=====
DEBUG:Instructions: 43
R0  = 00000000 R1  = 00000000 R2  = 00000000 R3  = 00000000
R4  = 00000000 R5  = 00000000 R6  = 00000000 R7  = 00000000
R8  = 00000000 R9  = 00000000 R10 = 00000000 R11 = 00000000
R12 = 00000000 R13 = 00000000 SP  = 0000FFFC PC  = 00006F66
=====
DEBUG:Instructions: 44
R0  = 00000000 R1  = 00000000 R2  = 00000000 R3  = 00000000
R4  = 00000000 R5  = 00000000 R6  = 00000000 R7  = 00000000
R8  = 00000000 R9  = 00000000 R10 = 00000000 R11 = 00000000
R12 = 00000000 R13 = 00000000 SP  = 0000FFFC PC  = 00006F68
=====
DEBUG:Instructions: 45
R0  = 00000000 R1  = 00000000 R2  = 00000000 R3  = 00000000
R4  = 00000000 R5  = 00000000 R6  = 00000000 R7  = 00000000
R8  = 00000000 R9  = 00000000 R10 = 00000000 R11 = 00000000
R12 = 00000000 R13 = 00000000 SP  = 0000FFFC PC  = 00006F6A
=====
DEBUG:Instructions: 46
R0  = 00000000 R1  = 00000000 R2  = 00000000 R3  = 00000000
R4  = 00000000 R5  = 00000000 R6  = 00000000 R7  = 00000000
R8  = 00000000 R9  = 00000000 R10 = 00000000 R11 = 00000000
R12 = 00000000 R13 = 00000000 SP  = 0000FFFC PC  = 00006F6C
=====
DEBUG:Instructions: 47
R0  = 00000000 R1  = 00000000 R2  = 00000000 R3  = 00000000
R4  = 00000000 R5  = 00000000 R6  = 00000000 R7  = 00000000
R8  = 00000000 R9  = 00000000 R10 = 00000000 R11 = 00000000
R12 = 00000000 R13 = 00000000 SP  = 0000FFFC PC  = 00006F6E
=====
DEBUG:Instructions: 48
R0  = 00000000 R1  = 00000000 R2  = 00000000 R3  = 00000000
R4  = 00000000 R5  = 00000000 R6  = 00000000 R7  = 00000000
R8  = 00000000 R9  = 00000000 R10 = 00000000 R11 = 00000000
R12 = 00000000 R13 = 00000000 SP  = 0000FFFC PC  = 00006F70
=====
DEBUG:Instructions: 49
R0  = 00000000 R1  = 00000000 R2  = 00000000 R3  = 00000000
R4  = 00000000 R5  = 00000000 R6  = 00000000 R7  = 00000000
R8  = 00000000 R9  = 00000000 R10 = 00000000 R11 = 00000000
R12 = 00000000 R13 = 00000000 SP  = 0000FFFC PC  = 00006F72
=====
DEBUG:Instructions: 50
R0  = 00000000 R1  = 00000000 R2  = 00000000 R3  = 00000000
R4  = 00000000 R5  = 00000000 R6  = 00000000 R7  = 00000000
R8  = 00000000 R9  = 00000000 R10 = 00000000 R11 = 00000000
R12 = 00000000 R13 = 00000000 SP  = 0000FFFC PC  = 00006F74
=====
DEBUG:Instructions: 51
R0  = 00000000 R1  = 00000000 R2  = 00000000 R3  = 00000000
R4  = 00000000 R5  = 00000000 R6  = 00000000 R7  = 00000000
R8  = 00000000 R9  = 00000000 R10 = 00000000 R11 = 00000000
R12 = 00000000 R13 = 00000000 SP  = 0000FFFC PC  = 00006F76
=====
DEBUG:Instructions: 52
R0  = 00000000 R1  = 00000000 R2  = 00000000 R3  = 00000000
R4  = 00000000 R5  = 00000000 R6  = 00000000 R7  = 00000000
R8  = 00000000 R9  = 00000000 R10 = 00000000 R11 = 00000000
R12 = 00000000 R13 = 00000000 SP  = 0000FFFC PC  = 00006F78
=====
DEBUG:Instructions: 53
R0  = 00000000 R1  = 00000000 R2  = 00000000 R3  = 00000000
R4  = 00000000 R5  = 00000000 R6  = 00000000 R7  = 00000000
R8  = 00000000 R9  = 00000000 R10 = 00000000 R11 = 00000000
R12 = 00000000 R13 = 00000000 SP  = 0000FFFC PC  = 00006F7A
=====
DEBUG:Instructions: 54
R0  = 00000000 R1  = 00000000 R2  = 00000000 R3  = 00000000
R4  = 00000000 R5  = 00000000 R6  = 00000000 R7  = 00000000
R8  = 00000000 R9  = 00000000 R10 = 00000000 R11 = 00000000
R12 = 00000000 R13 = 00000000 SP  = 0000FFFC PC  = 00006F7C
=====
DEBUG:Instructions: 55
R0  = 00000000 R1  = 00000000 R2  = 00000000 R3  = 00000000
R4  = 00000000 R5  = 00000000 R6  = 00000000 R7  = 00000000
R8  = 00000000 R9  = 00000000 R10 = 00000000 R11 = 00000000
R12 = 00000000 R13 = 00000000 SP  = 0000FFFC PC  = 00006F7E
=====
DEBUG:Instructions: 56
R0  = 00000000 R1  = 00000000 R2  = 00000000 R3  = 00000000
R4  = 00000000 R5  = 00000000 R6  = 00000000 R7  = 00000000
R8  = 00000000 R9  = 00000000 R10 = 00000000 R11 = 00000000
R12 = 00000000 R13 = 00000000 SP  = 0000FFFC PC  = 00006F80
=====
DEBUG:Instructions: 57
R0  = 00000000 R1  = 00000000 R2  = 00000000 R3  = 00000000
R4  = 00000000 R5  = 00000000 R6  = 00000000 R7  = 00000000
R8  = 00000000 R9  = 00000000 R10 = 00000000 R11 = 00000000
R12 = 00000000 R13 = 00000000 SP  = 0000FFFC PC  = 00006F82
=====
DEBUG:Instructions: 58
R0  = 00000000 R1  = 00000000 R2  = 00000000 R3  = 00000000
R4  = 00000000 R5  = 00000000 R6  = 00000000 R7  = 00000000
R8  = 00000000 R9  = 00000000 R10 = 00000000 R11 = 00000000
R12 = 00000000 R13 = 00000000 SP  = 0000FFFC PC  = 00006F84
=====
DEBUG:Instructions: 59
R0  = 00000000 R1  = 00000000 R2  = 00000000 R3  = 00000000
R4  = 00000000 R5  = 00000000 R6  = 00000000 R7  = 00000000
R8  = 00000000 R9  = 00000000 R10 = 00000000 R11 = 00000000
R12 = 00000000 R13 = 00000000 SP  = 0000FFFC PC  = 00006F86
=====
DEBUG:Instructions: 60
R0  = 00000000 R1  = 00000000 R2  = 00000000 R3  = 00000000
R4  = 00000000 R5  = 00000000 R6  = 00000000 R7  = 00000000
R8  = 00000000 R9  = 00000000 R10 = 00000000 R11 = 00000000
R12 = 00000000 R13 = 00000000 SP  = 0000FFFC PC  = 00006F88
=====
DEBUG:Instructions: 61
R0  = 00000000 R1  = 00000000 R2  = 00000000 R3  = 00000000
R4  = 00000000 R5  = 00000000 R6  = 00000000 R7  = 00000000
R8  = 00000000 R9  = 00000000 R10 = 00000000 R11 = 00000000
R12 = 00000000 R13 = 00000000 SP  = 0000FFFC PC  = 00006F8A
=====
DEBUG:Instructions: 62
R0  = 00000000 R1  = 00000000 R2  = 00000000 R3  = 00000000
R4  = 00000000 R5  = 00000000 R6  = 00000000 R7  = 00000000
R8  = 00000000 R9  = 00000000 R10 = 00000000 R11 = 00000000
R12 = 00000000 R13 = 00000000 SP  = 0000FFFC PC  = 00006F8C
=====
DEBUG:Instructions: 63
R0  = 00000000 R1  = 00000000 R2  = 00000000 R3  = 00000000
R4  = 00000000 R5  = 00000000 R6  = 00000000 R7  = 00000000
R8  = 00000000 R9  = 00000000 R10 = 00000000 R11 = 00000000
R12 = 00000000 R13 = 00000000 SP  = 0000FFFC PC  = 00006F8E
=====
DEBUG:Instructions: 64
R0  = 00000000 R1  = 00000000 R2  = 00000000 R3  = 00000000
R4  = 00000000 R5  = 00000000 R6  = 00000000 R7  = 00000000
R8  = 00000000 R9  = 00000000 R10 = 00000000 R11 = 00000000
R12 = 00000000 R13 = 00000000 SP  = 0000FFFC PC  = 00006F90
=====
DEBUG:Instructions: 65
R0  = 00000000 R1  = 00000000 R2  = 00000000 R3  = 00000000
R4  = 00000000 R5  = 00000000 R6  = 00000000 R7  = 00000000
R8  = 00000000 R9  = 00000000 R10 = 00000000 R11 = 00000000
R12 = 00000000 R13 = 00000000 SP  = 0000FFFC PC  = 00006F92
=====
DEBUG:Instructions: 66
R0  = 00000000 R1  = 00000000 R2  = 00000000 R3  = 00000000
R4  = 00000000 R5  = 00000000 R6  = 00000000 R7  = 00000000
R8  = 00000000 R9  = 00000000 R10 = 00000000 R11 = 00000000
R12 = 00000000 R13 = 00000000 SP  = 0000FFFC PC  = 00006F94
=====
DEBUG:Instructions: 67
R0  = 00000000 R1  = 00000000 R2  = 00000000 R3  = 00000000
R4  = 00000000 R5  = 00000000 R6  = 00000000 R7  = 00000000
R8  = 00000000 R9  = 00000000 R10 = 00000000 R11 = 00000000
R12 = 00000000 R13 = 00000000 SP  = 0000FFFC PC  = 00006F96
=====
DEBUG:Instructions: 68
R0  = 00000000 R1  = 00000000 R2  = 00000000 R3  = 00000000
R4  = 00000000 R5  = 00000000 R6  = 00000000 R7  = 00000000
R8  = 00000000 R9  = 00000000 R10 = 00000000 R11 = 00000000
R12 = 00000000 R13 = 00000000 SP  = 0000FFFC PC  = 00006F98
=====
DEBUG:Instructions: 69
R0  = 00000000 R1  = 00000000 R2  = 00000000 R3  = 00000000
R4  = 00000000 R5  = 00000000 R6  = 00000000 R7  = 00000000
R8  = 00000000 R9  = 00000000 R10 = 00000000 R11 = 00000000
R12 = 00000000 R13 = 00000000 SP  = 0000FFFC PC  = 00006F9A
=====
DEBUG:Instructions: 70
R0  = 00000000 R1  = 00000000 R2  = 00000000 R3  = 00000000
R4  = 00000000 R5  = 00000000 R6  = 00000000 R7  = 00000000
R8  = 00000000 R9  = 00000000 R10 = 00000000 R11 = 00000000
R12 = 00000000 R13 = 00000000 SP  = 0000FFFC PC  = 00006F9C
=====
DEBUG:Instructions: 71
R0  = 00000000 R1  = 00000000 R2  = 00000000 R3  = 00000000
R4  = 00000000 R5  = 00000000 R6  = 00000000 R7  = 00000000
R8  = 00000000 R9  = 00000000 R10 = 00000000 R11 = 00000000
R12 = 00000000 R13 = 00000000 SP  = 0000FFFC PC  = 00006F9E
=====
DEBUG:Instructions: 72
R0  = 00000000 R1  = 00000000 R2  = 00000000 R3  = 00000000
R4  = 00000000 R5  = 00000000 R6  = 00000000 R7  = 00000000
R8  = 00000000 R9  = 00000000 R10 = 00000000 R11 = 00000000
R12 = 00000000 R13 = 00000000 SP  = 0000FFFC PC  = 00006FA0
=====
DEBUG:Instructions: 73
R0  = 00000000 R1  = 00000000 R2  = 00000000 R3  = 00000000
R4  = 00000000 R5  = 00000000 R6  = 00000000 R7  = 00000000
R8  = 00000000 R9  = 00000000 R10 = 00000000 R11 = 00000000
R12 = 00000000 R13 = 00000000 SP  = 0000FFFC PC  = 00006FA2
=====
DEBUG:Instructions: 74
R0  = 00000000 R1  = 00000000 R2  = 00000000 R3  = 00000000
R4  = 00000000 R5  = 00000000 R6  = 00000000 R7  = 00000000
R8  = 00000000 R9  = 00000000 R10 = 00000000 R11 = 00000000
R12 = 00000000 R13 = 00000000 SP  = 0000FFFC PC  = 00006FA4
=====
DEBUG:Instructions: 75
R0  = 00000000 R1  = 00000000 R2  = 00000000 R3  = 00000000
R4  = 00000000 R5  = 00000000 R6  = 00000000 R7  = 00000000
R8  = 00000000 R9  = 00000000 R10 = 00000000 R11 = 00000000
R12 = 00000000 R13 = 00000000 SP  = 0000FFFC PC  = 00006FA6
=====
DEBUG:Instructions: 76
R0  = 00000000 R1  = 00000000 R2  = 00000000 R3  = 00000000
R4  = 00000000 R5  = 00000000 R6  = 00000000 R7  = 00000000
R8  = 00000000 R9  = 00000000 R10 = 00000000 R11 = 00000000
R12 = 00000000 R13 = 00000000 SP  = 0000FFFC PC  = 00006FA8
=====
DEBUG:Instructions: 77
R0  = 00000000 R1  = 00000000 R2  = 00000000 R3  = 00000000
R4  = 00000000 R5  = 00000000 R6  = 00000000 R7  = 00000000
R8  = 00000000 R9  = 00000000 R10 = 00000000 R11 = 00000000
R12 = 00000000 R13 = 00000000 SP  = 0000FFFC PC  = 00006FAA
=====
DEBUG:Instructions: 78
R0  = 00000000 R1  = 00000000 R2  = 00000000 R3  = 00000000
R4  = 00000000 R5  = 00000000 R6  = 00000000 R7  = 00000000
R8  = 00000000 R9  = 00000000 R10 = 00000000 R11 = 00000000
R12 = 00000000 R13 = 00000000 SP  = 0000FFFC PC  = 00006FAC
=====
DEBUG:Instructions: 79
R0  = 00000000 R1  = 00000000 R2  = 00000000 R3  = 00000000
R4  = 00000000 R5  = 00000000 R6  = 00000000 R7  = 00000000
R8  = 00000000 R9  = 00000000 R10 = 00000000 R11 = 00000000
R12 = 00000000 R13 = 00000000 SP  = 0000FFFC PC  = 00006FAE
=====
DEBUG:Instructions: 80
R0  = 00000000 R1  = 00000000 R2  = 00000000 R3  = 00000000
R4  = 00000000 R5  = 00000000 R6  = 00000000 R7  = 00000000
R8  = 00000000 R9  = 00000000 R10 = 00000000 R11 = 00000000
R12 = 00000000 R13 = 00000000 SP  = 0000FFFC PC  = 00006FB0
=====
DEBUG:Instructions: 81
R0  = 00000000 R1  = 00000000 R2  = 00000000 R3  = 00000000
R4  = 00000000 R5  = 00000000 R6  = 00000000 R7  = 00000000
R8  = 00000000 R9  = 00000000 R10 = 00000000 R11 = 00000000
R12 = 00000000 R13 = 00000000 SP  = 0000FFFC PC  = 00006FB2
=====
DEBUG:Instructions: 82
R0  = 00000000 R1  = 00000000 R2  = 00000000 R3  = 00000000
R4  = 00000000 R5  = 00000000 R6  = 00000000 R7  = 00000000
R8  = 00000000 R9  = 00000000 R10 = 00000000 R11 = 00000000
R12 = 00000000 R13 = 00000000 SP  = 0000FFFC PC  = 00006FB4
=====
DEBUG:Instructions: 83
R0  = 00000000 R1  = 00000000 R2  = 00000000 R3  = 00000000
R4  = 00000000 R5  = 00000000 R6  = 00000000 R7  = 00000000
R8  = 00000000 R9  = 00000000 R10 = 00000000 R11 = 00000000
R12 = 00000000 R13 = 00000000 SP  = 0000FFFC PC  = 00006FB6
=====
DEBUG:Instructions: 84
R0  = 00000000 R1  = 00000000 R2  = 00000000 R3  = 00000000
R4  = 00000000 R5  = 00000000 R6  = 00000000 R7  = 00000000
R8  = 00000000 R9  = 00000000 R10 = 00000000 R11 = 00000000
R12 = 00000000 R13 = 00000000 SP  = 0000FFFC PC  = 00006FB8
=====
DEBUG:Instructions: 85
R0  = 00000000 R1  = 00000000 R2  = 00000000 R3  = 00000000
R4  = 00000000 R5  = 00000000 R6  = 00000000 R7  = 00000000
R8  = 00000000 R9  = 00000000 R10 = 00000000 R11 = 00000000
R12 = 00000000 R13 = 00000000 SP  = 0000FFFC PC  = 00006FBA
=====
DEBUG:Instructions: 86
R0  = 00000000 R1  = 00000000 R2  = 00000000 R3  = 00000000
R4  = 00000000 R5  = 00000000 R6  = 00000000 R7  = 00000000
R8  = 00000000 R9  = 00000000 R10 = 00000000 R11 = 00000000
R12 = 00000000 R13 = 00000000 SP  = 0000FFFC PC  = 00006FBC
=====
DEBUG:Instructions: 87
R0  = 00000000 R1  = 00000000 R2  = 00000000 R3  = 00000000
R4  = 00000000 R5  = 00000000 R6  = 00000000 R7  = 00000000
R8  = 00000000 R9  = 00000000 R10 = 00000000 R11 = 00000000
R12 = 00000000 R13 = 00000000 SP  = 0000FFFC PC  = 00006FBE
=====
DEBUG:Instructions: 88
R0  = 00000000 R1  = 00000000 R2  = 00000000 R3  = 00000000
R4  = 00000000 R5  = 00000000 R6  = 00000000 R7  = 00000000
R8  = 00000000 R9  = 00000000 R10 = 00000000 R11 = 00000000
R12 = 00000000 R13 = 00000000 SP  = 0000FFFC PC  = 00006FC0
=====
DEBUG:Instructions: 89
R0  = 00000000 R1  = 00000000 R2  = 00000000 R3  = 00000000
R4  = 00000000 R5  = 00000000 R6  = 00000000 R7  = 00000000
R8  = 00000000 R9  = 00000000 R10 = 00000000 R11 = 00000000
R12 = 00000000 R13 = 00000000 SP  = 0000FFFC PC  = 00006FC2
=====
DEBUG:Instructions: 90
R0  = 00000000 R1  = 00000000 R2  = 00000000 R3  = 00000000
R4  = 00000000 R5  = 00000000 R6  = 00000000 R7  = 00000000
R8  = 00000000 R9  = 00000000 R10 = 00000000 R11 = 00000000
R12 = 00000000 R13 = 00000000 SP  = 0000FFFC PC  = 00006FC4
=====
DEBUG:Instructions: 91
R0  = 00000000 R1  = 00000000 R2  = 00000000 R3  = 00000000
R4  = 00000000 R5  = 00000000 R6  = 00000000 R7  = 00000000
R8  = 00000000 R9  = 00000000 R10 = 00000000 R11 = 00000000
R12 = 00000000 R13 = 00000000 SP  = 0000FFFC PC  = 00006FC6
=====
DEBUG:Instructions: 92
R0  = 00000000 R1  = 00000000 R2  = 00000000 R3  = 00000000
R4  = 00000000 R5  = 00000000 R6  = 00000000 R7  = 00000000
R8  = 00000000 R9  = 00000000 R10 = 00000000 R11 = 00000000
R12 = 00000000 R13 = 00000000 SP  = 0000FFFC PC  = 00006FC8
=====
DEBUG:Instructions: 93
R0  = 00000000 R1  = 00000000 R2  = 00000000 R3  = 00000000
R4  = 00000000 R5  = 00000000 R6  = 00000000 R7  = 00000000
R8  = 00000000 R9  = 00000000 R10 = 00000000 R11 = 00000000
R12 = 00000000 R13 = 00000000 SP  = 0000FFFC PC  = 00006FCA
=====
DEBUG:Instructions: 94
R0  = 00000000 R1  = 00000000 R2  = 00000000 R3  = 00000000
R4  = 00000000 R5  = 00000000 R6  = 00000000 R7  = 00000000
R8  = 00000000 R9  = 00000000 R10 = 00000000 R11 = 00000000
R12 = 00000000 R13 = 00000000 SP  = 0000FFFC PC  = 00006FCC
=====
DEBUG:Instructions: 95
R0  = 00000000 R1  = 00000000 R2  = 00000000 R3  = 00000000
R4  = 00000000 R5  = 00000000 R6  = 00000000 R7  = 00000000
R8  = 00000000 R9  = 00000000 R10 = 00000000 R11 = 00000000
R12 = 00000000 R13 = 00000000 SP  = 0000FFFC PC  = 00006FCE
=====
DEBUG:Instructions: 96
R0  = 00000000 R1  = 00000000 R2  = 00000000 R3  = 00000000
R4  = 00000000 R5  = 00000000 R6  = 00000000 R7  = 00000000
R8  = 00000000 R9  = 00000000 R10 = 00000000 R11 = 00000000
R12 = 00000000 R13 = 00000000 SP  = 0000FFFC PC  = 00006FD0
=====
DEBUG:Instructions: 97
R0  = 00000000 R1  = 00000000 R2  = 00000000 R3  = 00000000
R4  = 00000000 R5  = 00000000 R6  = 00000000 R7  = 00000000
R8  = 00000000 R9  = 00000000 R10 = 00000000 R11 = 00000000
R12 = 00000000 R13 = 00000000 SP  = 0000FFFC PC  = 00006FD2
=====
DEBUG:Instructions: 98
R0  = 00000000 R1  = 00000000 R2  = 00000000 R3  = 00000000
R4  = 00000000 R5  = 00000000 R6  = 00000000 R7  = 00000000
R8  = 00000000 R9  = 00000000 R10 = 00000000 R11 = 00000000
R12 = 00000000 R13 = 00000000 SP  = 0000FFFC PC  = 00006FD4
=====
DEBUG:Instructions: 99
R0  = 00000000 R1  = 00000000 R2  = 00000000 R3  = 00000000
R4  = 00000000 R5  = 00000000 R6  = 00000000 R7  = 00000000
R8  = 00000000 R9  = 00000000 R10 = 00000000 R11 = 00000000
R12 = 00000000 R13 = 00000000 SP  = 0000FFFC PC  = 00006FD6
=====
DEBUG:Instructions: 100
R0  = 00000000 R1  = 00000000 R2  = 00000000 R3  = 00000000
R4  = 00000000 R5  = 00000000 R6  = 00000000 R7  = 00000000
R8  = 00000000 R9  = 00000000 R10 = 00000000 R11 = 00000000
R12 = 00000000 R13 = 00000000 SP  = 0000FFFC PC  = 00006FD8
=====
DEBUG:Instructions: 101
R0  = 00000000 R1  = 00000000 R2  = 00000000 R3  = 00000000
R4  = 00000000 R5  = 00000000 R6  = 00000000 R7  = 00000000
R8  = 00000000 R9  = 00000000 R10 = 00000000 R11 = 00000000
R12 = 00000000 R13 = 00000000 SP  = 0000FFFC PC  = 00006FDA
=====
DEBUG:Instructions: 102
R0  = 00000000 R1  = 00000000 R2  = 00000000 R3  = 00000000
R4  = 00000000 R5  = 00000000 R6  = 00000000 R7  = 00000000
R8  = 00000000 R9  = 00000000 R10 = 00000000 R11 = 00000000
R12 = 00000000 R13 = 00000000 SP  = 0000FFFC PC  = 00006FDC
=====
DEBUG:Instructions: 103
R0  = 00000000 R1  = 00000000 R2  = 00000000 R3  = 00000000
R4  = 00000000 R5  = 00000000 R6  = 00000000 R7  = 00000000
R8  = 00000000 R9  = 00000000 R10 = 00000000 R11 = 00000000
R12 = 00000000 R13 = 00000000 SP  = 0000FFFC PC  = 00006FDE
=====
DEBUG:Instructions: 104
R0  = 00000000 R1  = 00000000 R2  = 00000000 R3  = 00000000
R4  = 00000000 R5  = 00000000 R6  = 00000000 R7  = 00000000
R8  = 00000000 R9  = 00000000 R10 = 00000000 R11 = 00000000
R12 = 00000000 R13 = 00000000 SP  = 0000FFFC PC  = 00006FE0
=====
DEBUG:Instructions: 105
R0  = 00000000 R1  = 00000000 R2  = 00000000 R3  = 00000000
R4  = 00000000 R5  = 00000000 R6  = 00000000 R7  = 00000000
R8  = 00000000 R9  = 00000000 R10 = 00000000 R11 = 00000000
R12 = 00000000 R13 = 00000000 SP  = 0000FFFC PC  = 00006FE2
=====
DEBUG:Instructions: 106
R0  = 00000000 R1  = 00000000 R2  = 00000000 R3  = 00000000
R4  = 00000000 R5  = 00000000 R6  = 00000000 R7  = 00000000
R8  = 00000000 R9  = 00000000 R10 = 00000000 R11 = 00000000
R12 = 00000000 R13 = 00000000 SP  = 0000FFFC PC  = 00006FE4
=====
DEBUG:Instructions: 107
R0  = 00000000 R1  = 00000000 R2  = 00000000 R3  = 00000000
R4  = 00000000 R5  = 00000000 R6  = 00000000 R7  = 00000000
R8  = 00000000 R9  = 00000000 R10 = 00000000 R11 = 00000000
R12 = 00000000 R13 = 00000000 SP  = 0000FFFC PC  = 00006FE6
=====
DEBUG:Instructions: 108
R0  = 00000000 R1  = 00000000 R2  = 00000000 R3  = 00000000
R4  = 00000000 R5  = 00000000 R6  = 00000000 R7  = 00000000
R8  = 00000000 R9  = 00000000 R10 = 00000000 R11 = 00000000
R12 = 00000000 R13 = 00000000 SP  = 0000FFFC PC  = 00006FE8
=====
DEBUG:Instructions: 109
R0  = 00000000 R1  = 00000000 R2  = 00000000 R3  = 00000000
R4  = 00000000 R5  = 00000000 R6  = 00000000 R7  = 00000000
R8  = 00000000 R9  = 00000000 R10 = 00000000 R11 = 00000000
R12 = 00000000 R13 = 00000000 SP  = 0000FFFC PC  = 00006FEA
=====
DEBUG:Instructions: 110
R0  = 00000000 R1  = 00000000 R2  = 00000000 R3  = 00000000
R4  = 00000000 R5  = 00000000 R6  = 00000000 R7  = 00000000
R8  = 00000000 R9  = 00000000 R10 = 00000000 R11 = 00000000
R12 = 00000000 R13 = 00000000 SP  = 0000FFFC PC  = 00006FEC
=====
DEBUG:Instructions: 111
R0  = 00000000 R1  = 00000000 R2  = 00000000 R3  = 00000000
R4  = 00000000 R5  = 00000000 R6  = 00000000 R7  = 00000000
R8  = 00000000 R9  = 00000000 R10 = 00000000 R11 = 00000000
R12 = 00000000 R13 = 00000000 SP  = 0000FFFC PC  = 00006FEE
=====
DEBUG:Instructions: 112
R0  = 00000000 R1  = 00000000 R2  = 00000000 R3  = 00000000
R4  = 00000000 R5  = 00000000 R6  = 00000000 R7  = 00000000
R8  = 00000000 R9  = 00000000 R10 = 00000000 R11 = 00000000
R12 = 00000000 R13 = 00000000 SP  = 0000FFFC PC  = 00006FF0
=====
DEBUG:Instructions: 113
R0  = 00000000 R1  = 00000000 R2  = 00000000 R3  = 00000000
R4  = 00000000 R5  = 00000000 R6  = 00000000 R7  = 00000000
R8  = 00000000 R9  = 00000000 R10 = 00000000 R11 = 00000000
R12 = 00000000 R13 = 00000000 SP  = 0000FFFC PC  = 00006FF2
=====
DEBUG:Instructions: 114
R0  = 00000000 R1  = 00000000 R2  = 00000000 R3  = 00000000
R4  = 00000000 R5  = 00000000 R6  = 00000000 R7  = 00000000
R8  = 00000000 R9  = 00000000 R10 = 00000000 R11 = 00000000
R12 = 00000000 R13 = 00000000 SP  = 0000FFFC PC  = 00006FF4
=====
DEBUG:Instructions: 115
R0  = 00000000 R1  = 00000000 R2  = 00000000 R3  = 00000000
R4  = 00000000 R5  = 00000000 R6  = 00000000 R7  = 00000000
R8  = 00000000 R9  = 00000000 R10 = 00000000 R11 = 00000000
R12 = 00000000 R13 = 00000000 SP  = 0000FFFC PC  = 00006FF6
=====
DEBUG:Instructions: 116
R0  = 00000000 R1  = 00000000 R2  = 00000000 R3  = 00000000
R4  = 00000000 R5  = 00000000 R6  = 00000000 R7  = 00000000
R8  = 00000000 R9  = 00000000 R10 = 00000000 R11 = 00000000
R12 = 00000000 R13 = 00000000 SP  = 0000FFFC PC  = 00006FF8
=====
DEBUG:Instructions: 117
R0  = 00000000 R1  = 00000000 R2  = 00000000 R3  = 00000000
R4  = 00000000 R5  = 00000000 R6  = 00000000 R7  = 00000000
R8  = 00000000 R9  = 00000000 R10 = 00000000 R11 = 00000000
R12 = 00000000 R13 = 00000000 SP  = 0000FFFC PC  = 00006FFA
=====
DEBUG:Instructions: 118
R0  = 00000000 R1  = 00000000 R2  = 00000000 R3  = 00000000
R4  = 00000000 R5  = 00000000 R6  = 00000000 R7  = 00000000
R8  = 00000000 R9  = 00000000 R10 = 00000000 R11 = 00000000
R12 = 00000000 R13 = 00000000 SP  = 0000FFFC PC  = 00006FFC
=====
DEBUG:Instructions: 119
R0  = 00000000 R1  = 00000000 R2  = 00000000 R3  = 00000000
R4  = 00000000 R5  = 00000000 R6  = 00000000 R7  = 00000000
R8  = 00000000 R9  = 00000000 R10 = 00000000 R11 = 00000000
R12 = 00000000 R13 = 00000000 SP  = 0000FFFC PC  = 00006FFE
=====
DEBUG:Instructions: 120
R0  = 00000000 R1  = 00000000 R2  = 00000000 R3  = 00000000
R4  = 00000000 R5  = 00000000 R6  = 00000000 R7  = 00000000
R8  = 00000000 R9  = 00000000 R10 = 00000000 R11 = 00000000
R12 = 00000000 R13 = 00000000 SP  = 0000FFFC PC  = 00007000
=====
Exception: MMU Fetch Exception
Registers:
Instructions: 120
R0  = 00000000 R1  = 00000000 R2  = 00000000 R3  = 00000000
R4  = 00000000 R5  = 00000000 R6  = 00000000 R7  = 00000000
R8  = 00000000 R9  = 00000000 R10 = 00000000 R11 = 00000000
R12 = 00000000 R13 = 00000000 SP  = 0000FFFC PC  = 00007002
End Registers
