DEBUG:Instructions: 1
R0  = 00000000 R1  = 00000000 R2  = 00000000 R3  = 00000000
R4  = 00000000 R5  = 00000000 R6  = 00000000 R7  = 00000000
R8  = 00000000 R9  = 00000000 R10 = 00000000 R11 = 00000000
R12 = 00000000 R13 = 00000000 SP  = 0000FFFC PC  = 00007940
=====
DEBUG:Instructions: 2
R0  = 00000000 R1  = 00000000 R2  = 00000000 R3  = 00000000
R4  = 00000000 R5  = 00000000 R6  = 00000000 R7  = 00000000
R8  = 00000000 R9  = 00000000 R10 = 00000000 R11 = 00000000
R12 = 00000006 R13 = 00000000 SP  = 0000FFFC PC  = 00007942
=====
DEBUG:Instructions: 3
R0  = 00000000 R1  = 00000000 R2  = 00000000 R3  = 00000000
R4  = 00000000 R5  = 00000000 R6  = 00000000 R7  = 00000000
R8  = 00000000 R9  = 00000000 R10 = 00000000 R11 = 00000000
R12 = 00000006 R13 = 00000000 SP  = 0000FFFC PC  = 00007944
=====
DEBUG:Instructions: 4
R0  = 00000000 R1  = 00000000 R2  = 00000000 R3  = 00000000
R4  = 00000000 R5  = 0000004F R6  = 00000000 R7  = 00000000
R8  = 00000000 R9  = 00000000 R10 = 00000000 R11 = 00000000
R12 = 00000006 R13 = 00000000 SP  = 0000FFFC PC  = 00007946
=====
DEBUG:Instructions: 5
R0  = 00000000 R1  = 00000000 R2  = 00000000 R3  = 00000000
R4  = 00000000 R5  = 0000004F R6  = 00000000 R7  = 00000000
R8  = 00000000 R9  = 00000000 R10 = 00000000 R11 = 00000000
R12 = 00000006 R13 = 00000000 SP  = 0000FFFC PC  = 00007948
=====
DEBUG:Instructions: 6
R0  = 00000000 R1  = 00000000 R2  = 00000000 R3  = 00000000
R4  = 00000000 R5  = 0000004F R6  = 00000000 R7  = 00000000
R8  = 00000000 R9  = 00000000 R10 = 00000000 R11 = 00000000
R12 = 00000006 R13 = 00000005 SP  = 0000FFFC PC  = 0000794A
=====
DEBUG:Instructions: 7
R0  = 00000000 R1  = 00000000 R2  = 00000000 R3  = 00000000
R4  = 00000000 R5  = 0000004F R6  = 00000000 R7  = 00000000
R8  = 00000000 R9  = 00000000 R10 = 00000078 R11 = 00000000
R12 = 00000006 R13 = 00000005 SP  = 0000FFFC PC  = 0000794C
=====
Exception: MMU Write Exception
Registers:
Instructions: 7
R0  = 00000000 R1  = 00000000 R2  = 00000000 R3  = 00000000
R4  = 00000000 R5  = 0000004F R6  = 00000000 R7  = 00000000
R8  = 00000000 R9  = 00000000 R10 = 00000078 R11 = 00000000
R12 = 00000006 R13 = 00000005 SP  = 0000FFFC PC  = 0000794C
End Registers
