0000000000000000000000000000000000000000000000000000000000000000000000000000000000000000000000000000000000000000000000000000000000000000000000000000000000000000000000000000000000000000000000000000000000000000000000000000000000000000000000000000000000000000
0000000000000000000000000000000000000000000000000000000000000000000000000000000000000000000000000000000000000000000000000000000000000000000000000000000000000000000000000000000000000000000000000000000000000000000000000000000000000000000000000000000000000000
08621DC848B21D9F1B354D80390A2FB98D6564BA75D2278E91AD960C6606BA58381A8548AA243B38064C2B585625216CDB701DDDED56E75EB002CDD5F40CB144A46F091A8E86D0B34A51EE6F7197463629143F2C8EB23A5E88B3977505A7EBA606BCA714B399E9544982AEBCA44B92C69016B4E60DB9E6E3B5A59A111E5060B1
E30B2C843021B78057A588CF07896AE9C14620E434C8613B56BC19C651A2E319DE61E5C6E441269EA5E90456E2AEF88FAAABE3930D07EFB37D89DC57FF51145679F0B3BB6F67F9AF166E67A7FBA45765C3BD6DCBDA989BEB1541793EF9331B28C7A00675AC02EFAD3DC7EFFFECAA2C64B242DD049AF82AB988E7C5EFCE674A5E
06BA2A1FDA54185AF8685F82D731A6A67A6149286F64C5692B139A3D31AFB9EF4F0475F315B85D7421B4EF3E5065D6FEDF4DD2D867F23119ECE5705BAD4B19BAF5FC52A21CC5A5BFA8DF0C65E9C548A574F838F13AF7B2D3E7AB81540F1F85981416313631739771A92D1DBB60E59533ACB8192D77AA15E0290EF8AA9D27E535
0000000000000000000000000000000000000000000000000000000000000000000000000000000000000000000000000000000000000000000000000000000000000000000000000000000000000000000000000000000000000000000000000000000000000000000000000000000000000000000000000000000000000000
0000000000000000000000000000000000000000000000000000000000000000000000000000000000000000000000000000000000000000000000000000000000000000000000000000000000000000000000000000000000000000000000000000000000000000000000000000000000000000000000000000000000000000
0000000000000000000000000000000000000000000000000000000000000000000000000000000000000000000000000000000000000000000000000000000000000000000000000000000000000000000000000000000000000000000000000000000000000000000000000000000000000000000000000000000000000000
F61EFF3E28ADBE93DE90E94F5173677E7944BF650F9F504BD780BAF00F658E5FECA36452D538A6E6F4B9A5ED15AFAE768F79D1EB61533A802E29720F407BFC9BF2F5E9D1C0C3F7E5DA7A50F658B207C14F6A4794C3A8600D583A37D5E95B486B3A0BA17B29088E8B3C39B986488F187238213864E8296B0D434661DDC149FC59
0707070707070707070707070707070707070707070707070707070707070707070707070707070707070707070707070707070707070707070707070707070707070707070707070707070707070707070707070707070707070707070707070707070707070707070707070707070707070707070707070707070707070707
87BB2F0D2F21A6CB5F7D6B87044B6459648C2DB3F6273F7C7FEDEDAAD22E76C736E93EEC62EA155BC1D77571BB14808AB1E41A9DA09AFD136A01B6127EC6D4E7B52EA2F795EB9BC1AD398B682D2CD7E0E9F9EEB1673B2064B7A28B4F909A24F59AEED392145E36C6B1EC9889C6B01564CEFB50A829B5E55ECC4D6D6ECD520E00
0202020202020202020202020202020202020202020202020202020202020202020202020202020202020202020202020202020202020202020202020202020202020202020202020202020202020202020202020202020202020202020202020202020202020202020202020202020202020202020202020202020202020202
769C5832946411A9127AAA24E6F015D5B4686B29F54766FBEF6287F6E520C78F5C06ADACBF061A5964DA7FE93EFFC9242733E9DFCD7BEF397FF1A66AE4CB0540B451C541161F47E8B849C46565DC4D027A2C744540442C5DBF870498CD2A746562A3E3B0264E1408865AF2AB0EE950DCAAD585AEA92CE091B34735C5A995AF02
E54F8013B0D56E8BACD607FD538DB6328804327C03B0C94CBD96FD3F6D37FEBBE25B4B35F04BE887E59A43DB047804E0AE5180E0DBD5DD412EE34A47FD8890D2C83C38C4D0EDF4ACCB54BF202CC1A2B72FB3DECA16FB075C86F8ACC05C0DD2996F222E7527FAD2C8F2703880BD93B8672E299E7D8E935D315F304BE0A8AA29A3
0303030303030303030303030303030303030303030303030303030303030303030303030303030303030303030303030303030303030303030303030303030303030303030303030303030303030303030303030303030303030303030303030303030303030303030303030303030303030303030303030303030303030303
C3FD8219AE5AE94C99006A2A67F3FCD6A844485CBBB67BC2E1EBC1EDDF8B8D03A56849EE1295FFFF7CFC1F3109F3D00DA5CC347FE55550CDBA0E7B2725EEA221CA7DB678D26F1AEF382866AEECF641020D368B68424297F4AA6C865F77187083E1141E680B3312B6B3722FC5166C22484480E62674B13A4D97DF8D0DB29DA94E
0000000000000000000000000000000000000000000000000000000000000000000000000000000000000000000000000000000000000000000000000000000000000000000000000000000000000000000000000000000000000000000000000000000000000000000000000000000000000000000000000000000000000000
0000000000000000000000000000000000000000000000000000000000000000000000000000000000000000000000000000000000000000000000000000000000000000000000000000000000000000000000000000000000000000000000000000000000000000000000000000000000000000000000000000000000000000
0000000000000000000000000000000000000000000000000000000000000000000000000000000000000000000000000000000000000000000000000000000000000000000000000000000000000000000000000000000000000000000000000000000000000000000000000000000000000000000000000000000000000000
0303030303030303030303030303030303030303030303030303030303030303030303030303030303030303030303030303030303030303030303030303030303030303030303030303030303030303030303030303030303030303030303030303030303030303030303030303030303030303030303030303030303030303
0000000000000000000000000000000000000000000000000000000000000000000000000000000000000000000000000000000000000000000000000000000000000000000000000000000000000000000000000000000000000000000000000000000000000000000000000000000000000000000000000000000000000000
0505050505050505050505050505050505050505050505050505050505050505050505050505050505050505050505050505050505050505050505050505050505050505050505050505050505050505050505050505050505050505050505050505050505050505050505050505050505050505050505050505050505050505
0000000000000000000000000000000000000000000000000000000000000000000000000000000000000000000000000000000000000000000000000000000000000000000000000000000000000000000000000000000000000000000000000000000000000000000000000000000000000000000000000000000000000000
3D35FFCA9D5E5A772A87538E742377EE1A519CFCAD3E1D0C8B349A6549E7C684921C515E958BF4832BA7B5DE020E4DFC671D512895DC0360C814DD05D11AF1D53F2D7774A720ED79E3CBC92A98A0D84933BFAE42E9DF6FCB944549A1A687662827F73180E322CC54EEC50E43ADF5484D1F193C0BAB8BB13E396BF8C196D13462
C33979C52FD18079D2F7392A0890259FD8CB08B4928970BB5074212BA43805B1C71471BAED264203D78D49229B42164582D6F99C2343291B7A174DAEF3DC469B0E07392F0D0E9EE35F3D78A29D469570D063E767ED2A15DA53C7A203A0BEA0A0BBC3419949E9C199635D340ACDF7AB8CBE9B58E835034435F8452F7A92A61EB5
7F03F5A71959688A8F2865CF647C925053BCE225655A61E90D86335EA96A70D4EB88629FBC4A7A0B7496D5F7EF8F41E2339773D1FE4CE85B4710F94F84E957646B9D4B58C74F49E7CA3DE87494ABB28036D83105AA9C5A37B1D12FACC3FE67E927134571BF9F9C6A61AC23CC928C395F1340E81D4BD15397E2D3C369C0E216DB
0606060606060606060606060606060606060606060606060606060606060606060606060606060606060606060606060606060606060606060606060606060606060606060606060606060606060606060606060606060606060606060606060606060606060606060606060606060606060606060606060606060606060606
0000000000000000000000000000000000000000000000000000000000000000000000000000000000000000000000000000000000000000000000000000000000000000000000000000000000000000000000000000000000000000000000000000000000000000000000000000000000000000000000000000000000000000
0000000000000000000000000000000000000000000000000000000000000000000000000000000000000000000000000000000000000000000000000000000000000000000000000000000000000000000000000000000000000000000000000000000000000000000000000000000000000000000000000000000000000000
0606060606060606060606060606060606060606060606060606060606060606060606060606060606060606060606060606060606060606060606060606060606060606060606060606060606060606060606060606060606060606060606060606060606060606060606060606060606060606060606060606060606060606
0000000000000000000000000000000000000000000000000000000000000000000000000000000000000000000000000000000000000000000000000000000000000000000000000000000000000000000000000000000000000000000000000000000000000000000000000000000000000000000000000000000000000000
0000000000000000000000000000000000000000000000000000000000000000000000000000000000000000000000000000000000000000000000000000000000000000000000000000000000000000000000000000000000000000000000000000000000000000000000000000000000000000000000000000000000000000
0707070707070707070707070707070707070707070707070707070707070707070707070707070707070707070707070707070707070707070707070707070707070707070707070707070707070707070707070707070707070707070707070707070707070707070707070707070707070707070707070707070707070707
893F158E66856D1A556C4C2FE8F2DCC769D71F607AE9E6371A8064135E7A78B5C6A5FF5EF3F30011A9B247069E880533E23F1BA5C6B61B4776A686F6EBA763AEE50356C8DC628A9929485895911C5FB2E2ED041FF9CC2F25E1CD4042B2B94F8218416CAF6DAD6C60D2180ED742CABF5EC30B70C9AF28F2C1AF5E14A0DD01CE0D
0000000000000000000000000000000000000000000000000000000000000000000000000000000000000000000000000000000000000000000000000000000000000000000000000000000000000000000000000000000000000000000000000000000000000000000000000000000000000000000000000000000000000000
0606060606060606060606060606060606060606060606060606060606060606060606060606060606060606060606060606060606060606060606060606060606060606060606060606060606060606060606060606060606060606060606060606060606060606060606060606060606060606060606060606060606060606
11FDF673452E0058D766DE1EB1AAF2839C490E53B9730D384906BF23FD5DA11EA072BCB124312A29A2862C5330F7DD006DA93732F289DBE6EF345C1AC7D65C0487EAAE92F7A920EB28E8C7E32F2333EF8307C29F2359066B0BBFBCB1D70BD5CFB379F0AB6DA7C4004604797241714C0E1072A23CAA26A620A2D68700669FC782
0404040404040404040404040404040404040404040404040404040404040404040404040404040404040404040404040404040404040404040404040404040404040404040404040404040404040404040404040404040404040404040404040404040404040404040404040404040404040404040404040404040404040404
7E9CDE8ABE2F32AD4719C44F56F2DE1241F42485730EECCEF384F6972B4E5848042AB16F4B5B34EAA88A43A714DC4274C75FA547FB2C6DFA4CFB278FB96B4DBE33257FCF8731C2984151A0BB7781CD12E0E375477FA216B6C6AFF573B2985E8EDE1D170423AA0E9CADD9E632A879D0A5E1A99053255708A398E707397FB291B7
93ED3FA30C3B4BE0658417E2B0F6CC9FDE69B4E0994E01222CE92C732300074BFE402D1C8FD445662591AAC4A64B70C0FCF8D87CDC75B17FAF88F4AE4ADE9FD41A9D580CB9CDB4A400E71364499EFE4EEC6874C06F278B811F962B111B8B706969AC3382A99B06D059458F3705EAE1B9A801CDA7FA112E3A4471FBF189D6579D
047267ACCD2A51A8E17956A81D7B74119D1033E369B5001C00258337B3732213E42C7D1AAAFCC39B5DF6B859871F45F791B4297E44A4986C230D0FD0D62DFAD816C18EA2B6679E2CD9549C5D9F6114A7614289C3BE3DCA13922331FB076A094C6BF174494994B39B142228E3E8847967B5D66DCECC90F713751AF69D0E761DFB
0202020202020202020202020202020202020202020202020202020202020202020202020202020202020202020202020202020202020202020202020202020202020202020202020202020202020202020202020202020202020202020202020202020202020202020202020202020202020202020202020202020202020202
0404040404040404040404040404040404040404040404040404040404040404040404040404040404040404040404040404040404040404040404040404040404040404040404040404040404040404040404040404040404040404040404040404040404040404040404040404040404040404040404040404040404040404
0303030303030303030303030303030303030303030303030303030303030303030303030303030303030303030303030303030303030303030303030303030303030303030303030303030303030303030303030303030303030303030303030303030303030303030303030303030303030303030303030303030303030303
0000000000000000000000000000000000000000000000000000000000000000000000000000000000000000000000000000000000000000000000000000000000000000000000000000000000000000000000000000000000000000000000000000000000000000000000000000000000000000000000000000000000000000
85698409864FD9D22B5F34899ABCE39D89548841CBA8D315A63A09AB770610799B37E734E278CBECBB1969AD0F58659C3BB4F2C4F3668583855D27D4B36D4072C4244929F7025FE1F4E173D260D4F86C75B4D9C0A24C8B8C5F772DE07BB561F2AA1C0B01D02D601E6BF26124FB2B1A8E7E4CBC0AB9B4CBBC284DF51B9D18B6E1
0707070707070707070707070707070707070707070707070707070707070707070707070707070707070707070707070707070707070707070707070707070707070707070707070707070707070707070707070707070707070707070707070707070707070707070707070707070707070707070707070707070707070707
243449E3C4C3E3C38514DDD84FEE866B7AD0A9F2F0CE057FCD0673D528F38E6EBEE76399EA2EEA5BF0792BEBE452A0CF6FD77098003BACF55619FE3ACEA19B0C85C658C521CB993C32226497C1ECADB4783A2085C822EB8669F8A2E3D23C80077CBB101EFDCDBD6174B030F3FE5B743DBBF212B6E8F80AA378EC6977BD997D4B
0000000000000000000000000000000000000000000000000000000000000000000000000000000000000000000000000000000000000000000000000000000000000000000000000000000000000000000000000000000000000000000000000000000000000000000000000000000000000000000000000000000000000000
0303030303030303030303030303030303030303030303030303030303030303030303030303030303030303030303030303030303030303030303030303030303030303030303030303030303030303030303030303030303030303030303030303030303030303030303030303030303030303030303030303030303030303
0707070707070707070707070707070707070707070707070707070707070707070707070707070707070707070707070707070707070707070707070707070707070707070707070707070707070707070707070707070707070707070707070707070707070707070707070707070707070707070707070707070707070707
0000000000000000000000000000000000000000000000000000000000000000000000000000000000000000000000000000000000000000000000000000000000000000000000000000000000000000000000000000000000000000000000000000000000000000000000000000000000000000000000000000000000000000
9742D296ED7840FEB3559F8F80F8400328AC0E27D1B38F72A927673368973ABBBEA0ECB6CBE807B80B9BD2655F7B12FF5EADC05F23BA03ECFB8137E7D8C1FC4B114D79283C8712BAB45A22552B3370FE2E7293483EB2DCD56C5C168C91527AA9883EAB144CF892B42EA85C96CAE9E5F071B3CE32327F920C48F7A99EE5DF76C3
A3FB6DF8FC2017EC39CC5333C1381A24A339199AE1A6D7A65E709E2BCEA719837B22AB43EA0012EAAB7009484AF66FE02351059C33B1AD3E824D5932EF33AD321339D80504EEF712C205C4653EAADB88E63221CA485794FB82ABDD756BF387C99833AF793DAF17A4D1B99EE8EA4E039C7179C4B0BA14567D7064E7ED6B62639D
