268F73887ECA15728E25987E6F66C7782499B2AB8573B6D8C2C81CE8488D57ADFC3D0A87B89E2A1542CAE94A501289EB9A6444088E9882C96EF5C913D28664F230B775148B7F5CEF9C8B2873681EC3F9F2821BEF246AD16F52AC0D7E43C520D2954AF023B9D26D4A934D4432914F4BA5C5BEC8636F133B563B5A34B9B8819227
0505050505050505050505050505050505050505050505050505050505050505050505050505050505050505050505050505050505050505050505050505050505050505050505050505050505050505050505050505050505050505050505050505050505050505050505050505050505050505050505050505050505050505
0505050505050505050505050505050505050505050505050505050505050505050505050505050505050505050505050505050505050505050505050505050505050505050505050505050505050505050505050505050505050505050505050505050505050505050505050505050505050505050505050505050505050505
D0EBE3D9B472A803FAC7D8A0D2D35A333FF81AFF5E26B0639023F3D242393947EF99D199C30AC0260EB90F6FAFAB44BCA9B53F8396F98B06CE58B995C9DACC287D4064039E57F389268A588F6DF50311BF6086098CF68781DDD3252341C26EE571E544C35EA53A3CB342C97F7D81EEB8A8C3EB44DAF7A16DE94A719CC5671385
0000000000000000000000000000000000000000000000000000000000000000000000000000000000000000000000000000000000000000000000000000000000000000000000000000000000000000000000000000000000000000000000000000000000000000000000000000000000000000000000000000000000000000
E1092E863223B58255A78ACD058B68EBC34422E636CA633954BE1BC453A0E11BDC63E7C4E643249CA7EB0654E0ACFA8DA8A9E1910F05EDB17F8BDE55FD5316547BF2B1B96D65FBAD146C65A5F9A65567C1BF6FC9D89A99E917437B3CFB31192AC5A20477AE00EDAF3FC5EDFDEEA82E66B040DF0698FA28BB8AE5C7EDCC65485C
05B9291CD9571B59FB6B5C81D432A5A579624A2B6C67C66A2810993E32ACBAEC4C0776F016BB5E7722B7EC3D5366D5FDDC4ED1DB64F1321AEFE67358AE481AB9F6FF51A11FC6A6BCABDC0F66EAC64BA677FB3BF239F4B1D0E4A882570C1C869B1715323532709472AA2E1EB863E69630AFBB1A2E74A916E32A0DFBA99E24E636
A8CB7A059E92649F94DE6D23AF9D015469D942985AA14FB2B9E569E99F41134686F5B7C61A4B2DCA1ACCE3DEC0E3AA2235D186FCB7449E7E772DA8D94AC9F19FC7A3EFAD255A1AA96ECD87CA86311ECEA361F44DBFFF4817B74A12317CA06A483A3F3D25EFFC281B3F7195A31A8B891DB9F1BD997B07477BBC5D1615B9172924
05B9291CD9571B59FB6B5C81D432A5A579624A2B6C67C66A2810993E32ACBAEC4C0776F016BB5E7722B7EC3D5366D5FDDC4ED1DB64F1321AEFE67358AE481AB9F6FF51A11FC6A6BCABDC0F66EAC64BA677FB3BF239F4B1D0E4A882570C1C869B1715323532709472AA2E1EB863E69630AFBB1A2E74A916E32A0DFBA99E24E636
0000000000000000000000000000000000000000000000000000000000000000000000000000000000000000000000000000000000000000000000000000000000000000000000000000000000000000000000000000000000000000000000000000000000000000000000000000000000000000000000000000000000000000
853249440D9E132B310B92E41B2F0E01F6467037C49DE7C5953665EA4A5D0C827ABC9D4C59955F53F833B8FB5187B572485E12DDAD25FF587C3F9711A53F68BFA8674B741356DFB5DA27C5F86BC361B70B31BD70C14C6EA461F6F94A709482A154FDBB2AA45FF882A1F46F521E27D1825BA4DA88D2AD221F5DEC788D30E25A4C
D541F78C6AF818E30280CD6869145E23D8DCDAB673236ADCAECA17894CCF570EBB71A2411B0E955FD70B56588C347466456A8C1DFB68E1160CC4FFC6128C03DC154F9A51FA5B81E015BE4060F9ED348701EFD99A41BCABD196DFB66D0BCDBCC392F4CE69A563C12CFE46A31F3B1D7FFA088F861E2FC9D8D0D903EBC2A16E764C
0707070707070707070707070707070707070707070707070707070707070707070707070707070707070707070707070707070707070707070707070707070707070707070707070707070707070707070707070707070707070707070707070707070707070707070707070707070707070707070707070707070707070707
C00F9F8B7C2FF92E77F4BA3629486A2B547509DA2EBC0952B59561A917EA8EAD6FF509CB7DA35C647DFF71A4AFCA1EDD69AF4AA807DEA878A245EA239D1AC6CD9B69AD5AAED195AED50DB8B8A639256CD5B0D65F885929E4CD297013F9AB43D443DBED495E9959BA5C0AD25D4E33CFAAE0B6FD44C1872D67A91B961D92D5CE13
F96C0E3C9C87D3E333012E1943CF9CD7567A09AD820DA5351B95E6B38A55390389A56BA9E205A0E77F4B9442359560A5A7BECB61BD9198E0F99AA3E3C5625D7E02E5A1308E199335329BB4D8F963550BCC3C8DED794949D39250077B1EEE83F7F6C566D4AAD55D76F3282CEE5AE423EFEE771EB31AB8FB35756AB0B29AC9CD8E
0000000000000000000000000000000000000000000000000000000000000000000000000000000000000000000000000000000000000000000000000000000000000000000000000000000000000000000000000000000000000000000000000000000000000000000000000000000000000000000000000000000000000000
0000000000000000000000000000000000000000000000000000000000000000000000000000000000000000000000000000000000000000000000000000000000000000000000000000000000000000000000000000000000000000000000000000000000000000000000000000000000000000000000000000000000000000
0000000000000000000000000000000000000000000000000000000000000000000000000000000000000000000000000000000000000000000000000000000000000000000000000000000000000000000000000000000000000000000000000000000000000000000000000000000000000000000000000000000000000000
0000000000000000000000000000000000000000000000000000000000000000000000000000000000000000000000000000000000000000000000000000000000000000000000000000000000000000000000000000000000000000000000000000000000000000000000000000000000000000000000000000000000000000
7E02BADC811144DACA9476F9D6CF26AED6BEB93A08A997E292B3B5B5C704E339ABE269F2BE3C703402BA587686D186A5F748CB9A6A79F4B4D5AC3214B249F3D6771A7ACED1DED65B64EDD07C31764A8C3D2672CF586D1A51042F4D7EE6BAC182B7A516A6F0E17CA11B20D21EA280EA29D45884BECE8DF9E60100EFD8EBDCEBCA
68DCFB60B7C194F222633CE869B2FDF3F2AB235DA065FC45DE9E647875F77666A69BF311E3093D21077E242B87D61CA4587369C7D549C00F09F3792CEB0B61ED359F6B92BD3369A26EF174FE6E06185CD8BACF63BF244C9850B4A0F4615367B92F34B702B1A4CD99049F311DC8C876D3952D389CEAEEA0E5BC48BF3922E6EBA0
8B0B7E0E4EF2AFB8173560A75656B7F6019AA41E93601F4EB2EE1B6A11E2B311DE7F69D0AF26903517735EE90BA0F9F91573187AC42CFF100E12E35DBECF93D356C23DA9CE07FFEE3BB8475F21047ACE5779286DCFC78ED57150C09D632562879E6FFC4E1C3AB57AC7F83B429770CDDC6C2C76F434FFE9C84475E443F7D36F9F
0505050505050505050505050505050505050505050505050505050505050505050505050505050505050505050505050505050505050505050505050505050505050505050505050505050505050505050505050505050505050505050505050505050505050505050505050505050505050505050505050505050505050505
1FCACCF1383D0F8299C894304E66C33F17D0FD084039BCAE715B1803F316F01E950795E00CCDA96A70104213C7409D6460141B99EA85B82E11BC0D51786686E76C8DCD994F2383FE753080EAD903C9EC91D14C0446244ADE155315E961EC256B9C7803DAA170E310A6BD65053A632B0EADE7597169A95708E8CE90178BBB80F5
0000000000000000000000000000000000000000000000000000000000000000000000000000000000000000000000000000000000000000000000000000000000000000000000000000000000000000000000000000000000000000000000000000000000000000000000000000000000000000000000000000000000000000
F8D491F4E40DCA205748613D8579F4E6316C8EA8D8CFF4D426810A73CB9BEF697777AC231951D56B67E2322D87C3249D19FEE64D149B40CEC90081C63D76B37107A519767979D66A83B92EB89A6449D84E5E5160D7EC188E67DE171346AA0BA8AAFF832F8A4677E598946AA74C6B1B55B4F2091678FABC7DD0520FFA3F8AC0EE
0101010101010101010101010101010101010101010101010101010101010101010101010101010101010101010101010101010101010101010101010101010101010101010101010101010101010101010101010101010101010101010101010101010101010101010101010101010101010101010101010101010101010101
B98E98ABE97FBBF992B191B65B4E184C9315314E34DDE60BCE142A908930BF5E58E9011DDB8DB4041B5DBFB4765BFC0805D559B5AA06251E333B4E3996B417BCE9765090D9B2FE6680A6BA5D9791B782C58424F72F08A9B9D6671C66C74C30F1D6A67180F15745426321074926B2ABFF801BEB1090984649C56BDD23FD50BAF5
534F4E9AA0EA33311C510DA9853E496134D5146C54C1651026A75FB372CE595E6C6E86B0484342ACA465A21433243A6B59A7D3B642C9ADB138F43DEF63E6747AE0E722021647C8980E791CC00C98D54912C880C7BD7018350007EF1D6AB0D7BF724DCB2913C129BF8D2DA5A1AD6959C0052CA8FE1CCC240F8BE23254B41FC8EE
228F8B71A71DDCA2AEEE4B3E167281CD212E2CFA7E34194FCB0639750A29B743A827AFFC63609BF3049E258F984A9B2A899300C67D744051663E0C32B8EC70045DC54EE04DD4BF8EDB6BD7779112B1569CB2775A0C1AD2B115FEA5A154E8D7219F13F19CD126C045B56A46AFFC251F3092497B9C04A8F37B7249F0C9A88E7B2A
DEC6C550A81069B45394D543AC2698DFCF624D2A590D172885EDD984D46B5717F340E4727FB84DF4158ED9178417D26407C5FB80054C9C06C7C9F6F9214F06484E0281FB63C7003F3D6060515BC0C235C11AF7F848A227FD28C369F2D865443B418D482F981838B634F6831E05E9654868F8C4516427F5971F4861179CF95D3C
941799B6F5E0D5D46F7366E166FC04DD194B10701FB11D8BBA19FC61F3A12D10A66582ADD25D5E3A7CF09E9A8DD35CE01D4A8EAF5EF599261D83674E5158D135CF6525D727AD66819917549EC8DFCDB9493517C80A946D76776BD5F06557F223F33B2E2DA7C9A9895CC22EA46D6D98D6FE93049DB38C543842DB09D84C3C35BB
0505050505050505050505050505050505050505050505050505050505050505050505050505050505050505050505050505050505050505050505050505050505050505050505050505050505050505050505050505050505050505050505050505050505050505050505050505050505050505050505050505050505050505
0000000000000000000000000000000000000000000000000000000000000000000000000000000000000000000000000000000000000000000000000000000000000000000000000000000000000000000000000000000000000000000000000000000000000000000000000000000000000000000000000000000000000000
0404040404040404040404040404040404040404040404040404040404040404040404040404040404040404040404040404040404040404040404040404040404040404040404040404040404040404040404040404040404040404040404040404040404040404040404040404040404040404040404040404040404040404
0000000000000000000000000000000000000000000000000000000000000000000000000000000000000000000000000000000000000000000000000000000000000000000000000000000000000000000000000000000000000000000000000000000000000000000000000000000000000000000000000000000000000000
0202020202020202020202020202020202020202020202020202020202020202020202020202020202020202020202020202020202020202020202020202020202020202020202020202020202020202020202020202020202020202020202020202020202020202020202020202020202020202020202020202020202020202
0000000000000000000000000000000000000000000000000000000000000000000000000000000000000000000000000000000000000000000000000000000000000000000000000000000000000000000000000000000000000000000000000000000000000000000000000000000000000000000000000000000000000000
68277DC2D1320535B762FF8D6EAF35EC158ADE1264AFF6B37B0419D36B968C28D6B5AE7F8955ED01722FB7AD4CC402EDF79ED1C9B0B0D770EF4686D977234E563B3A898FF40331924E48B84902A7F43D547B106ED452B3252CE318ED2A7F24DF41D358E8C9E89873DDC505EA22DFB43A90C0F4FEB1A3A5FA5DE867EE2950BB9A
