Starting dissection...


====New Packet====


===rofl===


===preroyaltycoagulin===
0
47805
4164718848
119
0
2147483648


====New Packet====


===rofl===


===matelessbeatitude===
1
2436708554
44787
1
1
21
LV type will be handled in v4.
String display will be handled in v4.
25
219
0
String display will be handled in v4.
LV type will be handled in v4.
1
0
1915930641
26674
LV type will be handled in v4.
3693882447
36595


====New Packet====


===rofl===


===cognaticalintransmissible===
1
0
1595440326
8
1
0
LV type will be handled in v4.
125
12225
3615571373
0
1
3657859124
1
28776
LV type will be handled in v4.
0
494
1


====New Packet====


===rofl===


===autozooidexternization===
9050


====New Packet====


===rofl===


===lamellicornousPolygonaceae===
671107529
59656
1951646595
0
4003712457
60704
1
0
0
1
String display will be handled in v4.
0
219574290
28737
2147483648
3517418091
1
1
1
155
LV type will be handled in v4.
135
0
0
LV type will be handled in v4.
LV type will be handled in v4.
3150830803
1
1
1
LV type will be handled in v4.
1
1
60
1
53461
4294967295
String display will be handled in v4.
LV type will be handled in v4.


====New Packet====


===rofl===


===settlehydrophid===
1
4198593188
LV type will be handled in v4.
0
4150754313
1
String display will be handled in v4.
1
1873971843
25
3674161029
1
1
1984240186
574342618
2147483648
1
0
0
1
1
String display will be handled in v4.
1
1
0
105126551
63712
String display will be handled in v4.
306790221
String display will be handled in v4.
1
43721
2147483648
1
LV type will be handled in v4.
0
3383675371
237
2175641617
3312848992
String display will be handled in v4.
String display will be handled in v4.
0


====New Packet====


===rofl===


===Caraipaearcap===
1
1
102
1
1
LV type will be handled in v4.
String display will be handled in v4.
1370616668
String display will be handled in v4.
103
1
3098344918
1
1
1
24
198
1
1
1
LV type will be handled in v4.
1
0
0
1558131130
1
103
String display will be handled in v4.
1
243
LV type will be handled in v4.
String display will be handled in v4.
1
0
147
3358700922
0
2179241131
1
1
1


====New Packet====


===rofl===


===intergeneratingruneword===
LV type will be handled in v4.
2147483648
64946
1
171427110
1
36913
0
31984
1
1969544485
1723469396
26710
2147483648
4189515124
30032
156
1
String display will be handled in v4.
49491
1
31435
1
1
187
429931981
35906
2147483648
36602
6720735
0
1
187
32277
813321439
1
97
0
3483241344
13814
3006700536
===kempstergarefowl===
1
3440132990
0
1
0
1
0
19782
1266659472
23717
150
0
1
String display will be handled in v4.
1
64911
1
1
0
1
62058
===Aparaipsychiatrist===
1
2147483648
1
LV type will be handled in v4.
1
String display will be handled in v4.
1
1
53487
0
0
1
String display will be handled in v4.


====New Packet====


===rofl===


===kansrush===
69
1
1
2031992684
1760406015
3933841287
1146510287
38
String display will be handled in v4.
2147483648
2349018895
86
2270897384
48
String display will be handled in v4.
1
241
1
0
2948332011
1
1
String display will be handled in v4.
53
588750170
LV type will be handled in v4.
0
204
0
88
105
===byworkplastid===
0
1838273462
1
1
34253
1
2147483648
1
3788476656
String display will be handled in v4.
71
0
0
1
1
1
14538
1
20
1
1985601615
0
1
0
1524310309
String display will be handled in v4.
3472727344
0
0
1
LV type will be handled in v4.
String display will be handled in v4.
446199249
457451123
4062426542
248
117
1
1
1298553424
String display will be handled in v4.
===mataiuntameness===
LV type will be handled in v4.
37016
0
2531238855
46452
1
0
0
34546
LV type will be handled in v4.
0
String display will be handled in v4.
1722481479
229
2136591780
1
LV type will be handled in v4.
2112813003
461592651
230468672
2147483648
LV type will be handled in v4.
1
3934694549
1
1479765547
3939455276
55066
String display will be handled in v4.
1
LV type will be handled in v4.
1233930623
1
0


====New Packet====


===rofl===


===preroyaltycoagulin===
0
58073
2147483648
40
0
0


====New Packet====


===rofl===


===plagioclinalmesolecithal===
1
0
2812454092
0
LV type will be handled in v4.
3684065327
1
21207
4075618863
61137
1
1
String display will be handled in v4.
0
1218330052
3266094127
3588729262
2147483648
173
1
1
1
0
LV type will be handled in v4.
136
0
2129935469
198
LV type will be handled in v4.
178
LV type will be handled in v4.
LV type will be handled in v4.
String display will be handled in v4.
0
0
2147483648
LV type will be handled in v4.
===loketprincipiate===
1
1
1327591251
LV type will be handled in v4.
2357637605
824453389
0


====New Packet====


===rofl===


===gratefulAlcedinidae===
1
1726875041
LV type will be handled in v4.
0
2304818070
String display will be handled in v4.
String display will be handled in v4.
51960
59156
61
2136263532
0
2173773364
1
254
0
0
1
String display will be handled in v4.
13490
20
0
2147483648
25826
1664030362
4286920738
1
String display will be handled in v4.
0
21454
0
128488661
3942794844
50073
LV type will be handled in v4.
1528862700
String display will be handled in v4.
1
===bawcockPicnickian===
22406
404336631
LV type will be handled in v4.
2632946755
36146
1
0
0
794576789
4042466356
29997
3205734453
1


====New Packet====


===rofl===


===symmetricalantimasker===
58
3809916067
0
0
0
0
178
3748665172
1533718844
1
5284
1
String display will be handled in v4.
1
69
0
46
2147483648
1
1528752725
27230
LV type will be handled in v4.
1
0
LV type will be handled in v4.
LV type will be handled in v4.
2711823173
1
===collationdissuasively===
14112
13890
1
1
0
1
1
1
String display will be handled in v4.
1
LV type will be handled in v4.
30
1320563147
2360963398
1
LV type will be handled in v4.


====New Packet====


===rofl===


===submountainhopper===
String display will be handled in v4.
3626317519
1
0
String display will be handled in v4.
4262418976
1
0
1
1
1
3896674300
101
0
1
0
1
0
1
137872528
0
2607899303
1
1
62
1


====New Packet====


===rofl===


===mammillationpemphigous===
1
1
59543
2147483648
16772
2160298849
String display will be handled in v4.
0
LV type will be handled in v4.
1
1
1
14583
0
340223410
1
1412431179
0
1
1
0
1
69
LV type will be handled in v4.
242
1
3139287238
1
===bacteriformpiercel===
60
0
1952
1
0
97
28
String display will be handled in v4.
386864576
1
113977059
3557067627
1
1
1
LV type will be handled in v4.
1
String display will be handled in v4.
0
0
82
3714827892
197
String display will be handled in v4.
1
927337192
3230663400
2147483648
0
0
122
1
2140972960
0
0
44162
3625213598
1
24216
1249729244


====New Packet====


===rofl===


===gooselikeaerohydropathy===
36405
76


====New Packet====


===rofl===


===Zantedeschiacladocarpous===
0
1
0
0
1
2147483648
0
2147483648
197
LV type will be handled in v4.
3328074259
0
0
1
1
4294967293
3255150149
1
String display will be handled in v4.
62781
5006
19536
1
0
LV type will be handled in v4.
LV type will be handled in v4.
1508275771
517382180
3514772518
0
0
1
1
===goodlyterebenthene===
1
197
3248116719
28235
LV type will be handled in v4.
LV type will be handled in v4.
0
0
0
77
String display will be handled in v4.
1
1
String display will be handled in v4.
0
1
1
3476162303
1
0
LV type will be handled in v4.
2147483648
3625118473
721142060
String display will be handled in v4.
15242
0
33923
1
0
1
1
2147483648
0
1
1
59
0
===epigenesistbisexed===
159
LV type will be handled in v4.
LV type will be handled in v4.
LV type will be handled in v4.
0
64
248
0
1
1
1
3667190241
1
1
86
250
490
String display will be handled in v4.
4259710474
LV type will be handled in v4.
2129218453
2147483648
1
65
2370968317
38455
2575446051
String display will be handled in v4.
1
0
1
124
25
49282


====New Packet====


===rofl===


===vaporizetannery===
1
1781046528
4129460666
29568
1
2147483648
String display will be handled in v4.
172
1510368773
1
LV type will be handled in v4.
226988809
1982899965
2147483648
LV type will be handled in v4.
58756
1
String display will be handled in v4.
===hyperneuriasymbolatry===
0
3925478208
1
0
1
4213116109
47920
1610856482
String display will be handled in v4.
99
65
1
String display will be handled in v4.
26836
2147483648
1
1
1
1
1
3369276777
1
2006742361
1
1
1
1


====New Packet====


===rofl===


===undercropArenga===
0
2147483648
108
1
String display will be handled in v4.
3328727460
String display will be handled in v4.
0
184
0
===carangoidbotryomycotic===
LV type will be handled in v4.
String display will be handled in v4.
947754962
String display will be handled in v4.
2391244130
135
0
LV type will be handled in v4.
0
String display will be handled in v4.
0
LV type will be handled in v4.
0
98607213
1
1
79
174
LV type will be handled in v4.
111
1
24225
1
49387
1
1
LV type will be handled in v4.
1057342011
1
0


====New Packet====


===rofl===


===laparotomycephalohumeralis===
1
LV type will be handled in v4.
1
1
1
1


====New Packet====


===rofl===


===paleobotanyworkpeople===
1
String display will be handled in v4.
1
String display will be handled in v4.
1
4286759275
1890823895
1
244
1692718276
1
2513707798
String display will be handled in v4.
1
String display will be handled in v4.
161
1
String display will be handled in v4.
1
2042172069
1
3188603738
2147483648
LV type will be handled in v4.
812600871
1
1
===coeternaloverhonor===
0
String display will be handled in v4.
1
1
LV type will be handled in v4.
2792958413
LV type will be handled in v4.
LV type will be handled in v4.
0
3667851919
1
2220510368
String display will be handled in v4.
43754
0
0
0
2617820008
1
LV type will be handled in v4.
55277
LV type will be handled in v4.
LV type will be handled in v4.
1569579546
3076527837
25
35
LV type will be handled in v4.
1
2147483648
1
LV type will be handled in v4.
0
1
LV type will be handled in v4.
3921
1
===unbeggarbroncholithiasis===
1
2409127374
0
LV type will be handled in v4.
2034077591
213
0
1
1
1
1098394171
String display will be handled in v4.
2147483648
117
0
1
0
1718844318
103
63849144
1
2147483648
2147483648
3139488633
String display will be handled in v4.
94
===xenopodidtrencherless===
0
1
1
0
24478
30830
0
3640259811
2147483648
95
24140
36532
50780
1
4250082371
0
1
17559
0
3627222065


====New Packet====


===rofl===


===unenterprisedargumentatious===
String display will be handled in v4.
2462
0
LV type will be handled in v4.
33
100
String display will be handled in v4.
String display will be handled in v4.
25236
99
2147483648


====New Packet====


===rofl===


===iconismanisostemonous===
1
28821
0
0
0
2147483648
1
2147483648
57344732
0
LV type will be handled in v4.
65332
496127434
1
LV type will be handled in v4.
0
2147483648
1
1


====New Packet====


===rofl===


===hippocampalscrow===
2147483648
2769921728
2147483648
2147483648
String display will be handled in v4.
2147483648
1
52362
1
LV type will be handled in v4.
1
0
2761731412
LV type will be handled in v4.
25324
1
0
775541181
201
1
1
4294967278
2511507275
LV type will be handled in v4.
132
0
0
1
1
50130
LV type will be handled in v4.
String display will be handled in v4.
1
18
1
0
LV type will be handled in v4.
1
31528


====New Packet====


===rofl===


===faddyamputational===
1
LV type will be handled in v4.
245
LV type will be handled in v4.
0
LV type will be handled in v4.
1
123
1
62
String display will be handled in v4.
String display will be handled in v4.
LV type will be handled in v4.
LV type will be handled in v4.
LV type will be handled in v4.
17935
0
269215886
1
3560379264


====New Packet====


===rofl===


===gluttonousprebend===
1897312892
1
LV type will be handled in v4.
2118219000
1
203
LV type will be handled in v4.
2476515503
137205658
0
LV type will be handled in v4.
0
String display will be handled in v4.
2799780495
0
===zooperalorganotin===
1
45317
0
30590
1336974906
371582828
1
2147483648
0
1
0
1
0
String display will be handled in v4.
0


====New Packet====


===rofl===


===sleekgavelock===
1
3363252617
1
0
34111
LV type will be handled in v4.
47134
1
1
516790220
1
97
===herpetologistindeed===
LV type will be handled in v4.
213
2232398504
2147483648
1
378307867
228
54
1
String display will be handled in v4.
0
22513
1
1544286365
1
String display will be handled in v4.
193
2835868795
2147483648
34
LV type will be handled in v4.
1
2211153830
1
22
1
0
3478272074
776604555
10143


====New Packet====


===rofl===


===stickleafethenyl===
0
138
186
1
0
40058
String display will be handled in v4.
49857
0
1
0
32382
64
1
1
164
1
String display will be handled in v4.
===sacroposteriorveratryl===
1
139
78
0
String display will be handled in v4.
1
116
575732629
0
193776953
4957
144
84
0
0
2930658886
1
0
2308080598
0
0
1
1
1
1
2147483648
246068354
1
2147483648
541879498
1
0
1
14810009


====New Packet====


===rofl===


===ectallycoenosteal===
1
3979148447
0
1
0
String display will be handled in v4.
47270
1
2147483648
1
1
1
2147483648
1
1813104169
2147483648
1
LV type will be handled in v4.
0
String display will be handled in v4.
1
3743794268
0
1
1
126
57416
2273623526
String display will be handled in v4.
1
String display will be handled in v4.
4193362632
215
2147483648
2147483648
1


====New Packet====


===rofl===


===merseglobular===
2562753414
LV type will be handled in v4.
0
1
1410036574
0
LV type will be handled in v4.
1
LV type will be handled in v4.
0
134
LV type will be handled in v4.
9463
30727
1
665089005
String display will be handled in v4.
58156
2202457806
0
40427
1
46301
2147483648
794736209
0
String display will be handled in v4.
String display will be handled in v4.
1
2147483648
LV type will be handled in v4.
40
0
0
4228369977
37603
2257998455
501
37824
1
1
3738614305
1
2543080233
2177048345


====New Packet====


===rofl===


===misadministrationbroody===
4228054359
213
1
850411004
623069278
2797408370
1
1
String display will be handled in v4.
1
1
1
239
0
1
LV type will be handled in v4.
39
73392579
4094571338
LV type will be handled in v4.
1
0
1
LV type will be handled in v4.
0
String display will be handled in v4.
1
1
1
0
31472
LV type will be handled in v4.
1
1
1
LV type will be handled in v4.
0
===unhittabledoublehorned===
String display will be handled in v4.
61590
15860
4155056554
1


====New Packet====


===rofl===


===forswearfreewheel===
131
164
LV type will be handled in v4.
1
1
10177
45146
197
1
0
87
196
LV type will be handled in v4.
4294966661
1
1006536816
0
64788
4094329769
1
0
1
1
LV type will be handled in v4.
226
63253
0


====New Packet====


===rofl===


===hypoplasyhooping===
25008


====New Packet====


===rofl===


===Caraipaearcap===
1
1
157
1
1
LV type will be handled in v4.
String display will be handled in v4.
36668673
String display will be handled in v4.
31
1
1220551498
1
1
1
73
191
1
1
1
LV type will be handled in v4.
1
0
0
2824509421
1
133
String display will be handled in v4.
1
175
LV type will be handled in v4.
String display will be handled in v4.
1
2147483648
52
1060350279
2147483648
2114639872
1
1
1


====New Packet====


===rofl===


===hemianacusiadouble===
1
7116
2147483648
4294941840
4291123964
4081064531
1
1
42703


====New Packet====


===rofl===


===unsensualDamocles===
2027582265
1
1
0
2421203361
1
79


====New Packet====


===rofl===


===deletoryrollerskating===
1768896872
2703254901
String display will be handled in v4.
1681915529
1
1733297163
541509316
0
4294966396
1
0
String display will be handled in v4.
String display will be handled in v4.
1
0
33456
214
2147483648
String display will be handled in v4.
LV type will be handled in v4.
0
1
0


====New Packet====


===rofl===


===endogalvanismunwarrantedly===
LV type will be handled in v4.
0
1


====New Packet====


===rofl===


===usurperunplannedly===
1
1
0
422060390
LV type will be handled in v4.
LV type will be handled in v4.
LV type will be handled in v4.
17381
1
0
===Piscataqualagoonal===
0
1
String display will be handled in v4.
1
73
0
1
1
1
3874040014
3074720795
17155
0
1
1522196247
376898456
0
1
LV type will be handled in v4.
2147483648
1
1
50
1461873296
9275
0
1
194
20391
LV type will be handled in v4.
LV type will be handled in v4.
2147483648
1634340484
2190025716
1
String display will be handled in v4.
0
LV type will be handled in v4.


====New Packet====


===rofl===


===endopathicnonmarrying===
1
2508619407
LV type will be handled in v4.
4163009176
1
LV type will be handled in v4.
1
97692122
1
1
1
0
126
2571355529


====New Packet====


===rofl===


===alkargenmoop===
2718051160
1685871921
2729266049


====New Packet====


===rofl===


===preservatizeskyphoi===
2147483648
37894
53736
212
LV type will be handled in v4.
1
===prebromidicMonopetalae===
String display will be handled in v4.
String display will be handled in v4.
1
30
3574348131
1
208
1
1
LV type will be handled in v4.
===Cobitidaedismissal===
String display will be handled in v4.
1
26
LV type will be handled in v4.
3095551251
String display will be handled in v4.
1344111755
1
2780702351
1
LV type will be handled in v4.
262430845
1
1
51
1
233550769
1
1
1
46561
1


====New Packet====


===rofl===


===coinbellmaker===
0
LV type will be handled in v4.
3278864098
91
1
String display will be handled in v4.
100
1
1
0
LV type will be handled in v4.
141
32059
185
0
1970
1


====New Packet====


===rofl===


===practicelegitimatist===
1
45673
1
0
2807070937
232
LV type will be handled in v4.
LV type will be handled in v4.
3942022261
34990
2147483648
1
35917
1594052911
2373359707
1
String display will be handled in v4.
4252219473
2321392153
6449
LV type will be handled in v4.
1
String display will be handled in v4.
LV type will be handled in v4.
0
52949
2906192077
0
1
3592747557
3533035642
29375
63880
49206
19839
15521
LV type will be handled in v4.
7453
1
0
2055300223
1


====New Packet====


===rofl===


===Histriobdellauntread===
1
1
1
1
1
3544837136
1
3227240195
1
String display will be handled in v4.
String display will be handled in v4.
34846
2147483648
1
1
1
142
LV type will be handled in v4.
2147483648
1
1
LV type will be handled in v4.
1
2190
LV type will be handled in v4.
1
String display will be handled in v4.
LV type will be handled in v4.
1
0
String display will be handled in v4.
===arsheenperspiration===
166
1
31030976
LV type will be handled in v4.
1
3753794709
LV type will be handled in v4.
1
0
1
1
1
0
3729516661
1
4041005337
298792525
1
0
81
2514022406
156
532861862
LV type will be handled in v4.
1
1
1
1
1
0
1
1
2152044193
4293315877
2489047314
200
178
1
String display will be handled in v4.
LV type will be handled in v4.
LV type will be handled in v4.
0
0
1482808900


====New Packet====


===rofl===


===outgushpenniveined===
2147483648
0
1045751127
0
4182775608
1
1


====New Packet====


===rofl===


===Opisthocomidaeheterochiral===
0


====New Packet====


===rofl===


===laparotomycephalohumeralis===
1
LV type will be handled in v4.
1
1
1
1


====New Packet====


===rofl===


===indulginglyretrue===
47209
102
1419243603
2796408021
1
1
1
0
1
0
String display will be handled in v4.
28716
0
0
1
21700
1
1
String display will be handled in v4.
1
3467048830
2853157011
1
String display will be handled in v4.
0
49693
String display will be handled in v4.
132
String display will be handled in v4.
38
0
String display will be handled in v4.
1


====New Packet====


===rofl===


===coinbellmaker===
0
LV type will be handled in v4.
2701632696
187
1
String display will be handled in v4.
98
1
1
5
LV type will be handled in v4.
239
27346
74
0
35716
1


====New Packet====


===rofl===


===receptivenesssempervirent===
LV type will be handled in v4.
168
4031460441
1
LV type will be handled in v4.
1
1
===exponencecrubeen===
1062639508
String display will be handled in v4.
String display will be handled in v4.
0
1
1
String display will be handled in v4.
3173494112
LV type will be handled in v4.
2147483648
1839131123
LV type will be handled in v4.
String display will be handled in v4.
0
2188979217
2415132993
1
0
1
191


====New Packet====


===rofl===


===spattertriphenylated===
446782051
1
57155
1
0
3052540650
2147483648
3517975273
1
LV type will be handled in v4.
0
186
0
2147483648
1
209
1148653940
10069
1
LV type will be handled in v4.
1
4093509903
String display will be handled in v4.
3675197674
LV type will be handled in v4.
LV type will be handled in v4.
LV type will be handled in v4.
4171702887
0
0
LV type will be handled in v4.
1


====New Packet====


===rofl===


===Trinorantumpyramides===
1
0
2147483648
0
1
2148310053
0
723713047
2147483648
37117
3044246027
1858978587
LV type will be handled in v4.
13
LV type will be handled in v4.
41840
1
48368
2201065619
0
String display will be handled in v4.
1
1
14926
4010200123
484199293
String display will be handled in v4.
2147483648
1
7963
2512294524
0
2147483648
2915877032
LV type will be handled in v4.
1
40716
1
LV type will be handled in v4.
0
0
===micrencephalypalpus===
1
1
0
1
22403560
306209516
0
1
61116
1
LV type will be handled in v4.
1636655746
LV type will be handled in v4.
1
22155
1
3723586280
2899403024
1
54388
1
1
1
1697420129
0
0
190
1
1
75
0
1
3949440310
37894
0
0
3354467439
1
===epexegeticallyreadjournment===
1
53211
LV type will be handled in v4.
1
1748191896
1
16828
40345156
0
1328138190
564196584
1
581144896
1577446536
0
13667
String display will be handled in v4.
1664665707
7066
LV type will be handled in v4.
String display will be handled in v4.
2941165326
LV type will be handled in v4.
1
30492
1
2306017404
19838
1946833279
1020813312
1
25
0
789309492
0
1
48524
1
3569


====New Packet====


===rofl===


===hetericismswayable===
0
825889068
3063934953
1957108411
74
LV type will be handled in v4.
0
0
0
1
43127
4213453567
13679
224
LV type will be handled in v4.


====New Packet====


===rofl===


===haversinepitaya===
11215
284454796
2147483648
String display will be handled in v4.
1
3985747860
1
3934709167
1
1
String display will be handled in v4.
1
0
String display will be handled in v4.
1842351329
0
0
2119368975
0
1
1
String display will be handled in v4.
LV type will be handled in v4.
1477967372
LV type will be handled in v4.
112
1


====New Packet====


===rofl===


===arecolidinehyalodacite===
1
1
1
String display will be handled in v4.
2893061773
0
2610116941
1
0
String display will be handled in v4.
LV type will be handled in v4.
LV type will be handled in v4.
503801451
3366795154
String display will be handled in v4.
String display will be handled in v4.
64555
2514788577
0
1
0
903784701
47714
1
1
1
String display will be handled in v4.
===misproduceunthrilled===
String display will be handled in v4.
LV type will be handled in v4.
79
52758
1010517593
198
43960
String display will be handled in v4.
22459
1
1
1
1
2527953019
90
LV type will be handled in v4.
LV type will be handled in v4.
LV type will be handled in v4.
1


====New Packet====


===rofl===


===phantasmascopeMelanochroid===
1
1
1
1
0
1
57647
0
1566052720
3068906964
27255
4104579353
16
1
0
1
227418292
1636909923
0
1
LV type will be handled in v4.
45918
===hanginglypoethood===
2147483648
3821762172
2199403555
0
1
String display will be handled in v4.
1
String display will be handled in v4.
97
538409493
2383314601
3146843686
65029
LV type will be handled in v4.
1079219426
108
2864912612
1
1504639796
0
606169167
1
2289538090
37435
2132004714
String display will be handled in v4.
0
String display will be handled in v4.
1
String display will be handled in v4.
2147483648
1
0
LV type will be handled in v4.


====New Packet====


===rofl===


===slopinglyautomatically===
1
LV type will be handled in v4.
4294809444
2290475385
69
1
1
===doubleheartedstaphylolysin===
0
28347
0
1
144
3126751636
String display will be handled in v4.
1106694050
13
String display will be handled in v4.
166
String display will be handled in v4.
0
6796
2999802254
0
39092
1
1
0
2147483648
1


====New Packet====


===rofl===


===Lithosiinaecoequation===
69338608
3661497295
LV type will be handled in v4.
1
460558677
0
String display will be handled in v4.
1
421902676
String display will be handled in v4.
1
4196022844
1
107
2147483648
4041434304
1
LV type will be handled in v4.
String display will be handled in v4.
320777959
1
38808
0
99
LV type will be handled in v4.
LV type will be handled in v4.
1
0
2663366354
1
===cineplastyanonang===
String display will be handled in v4.
3627948044
1
2032222950
54896
68
LV type will be handled in v4.
71
1
176
22581
0
1
1
140
12481
55374
2147483648
3106127452
0
===engrossedlyDinoceras===
String display will be handled in v4.
LV type will be handled in v4.
199
1186266518
23
1
1
1
2357568370
LV type will be handled in v4.
347700318
1
26596
String display will be handled in v4.
1
4243402562
12341
1
130
0
0
1
53315
2859609352
String display will be handled in v4.
18
1
30336408
1
25347
String display will be handled in v4.
2264017705
LV type will be handled in v4.
1
1
3227647925
0
39
LV type will be handled in v4.
===ureterorrhagiahemogenetic===
53620
String display will be handled in v4.
2682693034
0
0
1821763432
849180859
0
2147483648
0
LV type will be handled in v4.
String display will be handled in v4.
3570060488
String display will be handled in v4.
String display will be handled in v4.
1
2147483648
2147483648
1
2360046954
35440
LV type will be handled in v4.
55839
36100
1
2147483648
506230477
LV type will be handled in v4.
1869834037
0
1093893049
3768513053
0
1
141
1254954687
23608
0
LV type will be handled in v4.
String display will be handled in v4.
1


====New Packet====


===rofl===




====New Packet====


===rofl===


===endopathicnonmarrying===
1
1378888211
LV type will be handled in v4.
2147483648
1
LV type will be handled in v4.
1
1047625547
1
1
1
0
252
3380437610


====New Packet====


===rofl===


===unpopulatecurry===
4052975684
1
LV type will be handled in v4.
31428
1
1
0
String display will be handled in v4.
45577
0
2251891696
1
String display will be handled in v4.
0
1155828491
83
3360247102
65
1
0
22163
LV type will be handled in v4.
98


====New Packet====


===rofl===


===craunchprovitamin===
1
1
251
193
1274366039
1


====New Packet====


===rofl===


===preservatizeskyphoi===
2147483648
37962
48107
60
LV type will be handled in v4.
1
===catagmaticMegalosaurus===
0
1
1
1889957388
0
0
191
1
50929


====New Packet====


===rofl===


===depositoryteloblastic===
0
2147483648
3446089629
131
1
1
126
951397785
42699
1
String display will be handled in v4.
282016467
1
0
1
String display will be handled in v4.
String display will be handled in v4.
24408


====New Packet====


===rofl===


===petalocerouscamus===
65228
0
LV type will be handled in v4.
1
3819081481
25
0
1
76646653
1
311845050
0
1178195698
1
String display will be handled in v4.
2147483648
LV type will be handled in v4.
37837
18050
String display will be handled in v4.
LV type will be handled in v4.
2147483648
1
LV type will be handled in v4.
1331713160
String display will be handled in v4.
3797320130
3433064720
1615520211
1


====New Packet====


===rofl===


===thymegollidflower===
1
String display will be handled in v4.
String display will be handled in v4.
1
1
LV type will be handled in v4.
0
String display will be handled in v4.
1
7
String display will be handled in v4.
0
String display will be handled in v4.
3260071011
3353976445


====New Packet====


===rofl===


===endogalvanismunwarrantedly===
LV type will be handled in v4.
0
1


====New Packet====


===rofl===


===indulginglyretrue===
40598
101
590057543
3010722653
1
1
1
0
1
2147483648
String display will be handled in v4.
52012
0
2147483648
1
11743
1
1
String display will be handled in v4.
1
1283695054
2134523360
1
String display will be handled in v4.
2147483648
15771
String display will be handled in v4.
116
String display will be handled in v4.
61
0
String display will be handled in v4.
1


====New Packet====


===rofl===


===practicelegitimatist===
1
58913
1
0
2742208981
224
LV type will be handled in v4.
LV type will be handled in v4.
421487514
51970
0
1
41715
4055333497
3516512400
1
String display will be handled in v4.
2557875625
4087062864
35029
LV type will be handled in v4.
1
String display will be handled in v4.
LV type will be handled in v4.
0
6297
1516411399
0
1
3576251388
1481220179
23414
59332
31258
1304
17171
LV type will be handled in v4.
20279
1
0
386810348
1


====New Packet====


===rofl===


===MesothelaeCarisa===
0
0
String display will be handled in v4.
544503378


====New Packet====


===rofl===


===cinecameraHydropotes===
162
23204
1
1
String display will be handled in v4.
0
3998210821
1
163
0
LV type will be handled in v4.
1
0
107
LV type will be handled in v4.
1
LV type will be handled in v4.
3328648801
1
0
103
26609
0
1
String display will be handled in v4.
0
1882
0
53619
941755918
1
LV type will be handled in v4.
1011189198


====New Packet====


===rofl===


===Abrahamicinordinateness===
1
1846323753
2543120878
LV type will be handled in v4.
0
112870371
1
LV type will be handled in v4.
885704408
LV type will be handled in v4.
19768
LV type will be handled in v4.
65
10188
0
1
String display will be handled in v4.


====New Packet====


===rofl===


===blepharanthracosisuncliented===
1
378598699
43
1
0


====New Packet====


===rofl===


===Saxonicalpalet===
LV type will be handled in v4.
1
1
1
1
3389863744
0
1
1
0
String display will be handled in v4.
38978
1
1843389423
1930082563
2147483648
LV type will be handled in v4.
1
3810140190


====New Packet====


===rofl===


===panegyricalPodsnappery===
1
String display will be handled in v4.
363462410
111
8241
String display will be handled in v4.
2147483648
69


====New Packet====


===rofl===


===exempttanninlike===
375067144
1
26957
0
2147483648
String display will be handled in v4.
LV type will be handled in v4.
1
88
0
0
0
String display will be handled in v4.
1
4171555845
2147483648
2369537429
0
1
0
874995648
130
1995470083
1
2610706762
String display will be handled in v4.
3730008594
1
2393761066
String display will be handled in v4.
1
1064738387
3999128741
LV type will be handled in v4.
LV type will be handled in v4.
1
14502
LV type will be handled in v4.
3092139269
===somnipathistcarbonometry===
1
1
2224688698
1
111248968
0
1138021654
1
2772386732
LV type will be handled in v4.
String display will be handled in v4.
42575
0
String display will be handled in v4.
LV type will be handled in v4.
297224906
0
1
3254435474
LV type will be handled in v4.
String display will be handled in v4.
3981080683
LV type will be handled in v4.
1
2934457460
1
6735
225
0
1
1
0
1
1
41784
0
1280095922
0
1
60804
64423
185
1
163237337
===foreuseuninfluencing===
1
2147483648
1
String display will be handled in v4.
0
0
String display will be handled in v4.
0
1
1
4294967295
2903291193
2319034201
2147483648
String display will be handled in v4.
String display will be handled in v4.
1
2980330336
1
0
0
1
1545038118
28001
0
String display will be handled in v4.
1
LV type will be handled in v4.
String display will be handled in v4.
1
2715143365
1


====New Packet====


===rofl===


===toxiferousphthalate===
1
1
LV type will be handled in v4.
6
1
2147483648
2147483648
0
1
4101238020
0
1
String display will be handled in v4.
17921
959477012
53596
4172929200
1
String display will be handled in v4.
LV type will be handled in v4.
1
0
1
1178896015
2147483648
LV type will be handled in v4.
LV type will be handled in v4.
1
0
1
1842585534
0
1
15591
1
64665
===subregenthelmeted===
0
2147483648
1
1
282888314
1
0
102
0
1
1
1
126
65250
1
823277946
2890012485
LV type will be handled in v4.
2147483648
1
String display will be handled in v4.
1
1
369389997
1
1
40019
0
1
1
2147483648
String display will be handled in v4.
String display will be handled in v4.
0
691903774


====New Packet====


===rofl===


===lamellicornousPolygonaceae===
1359777599
7976
1610252616
2147483648
3554612986
22372
1
1
2
1
String display will be handled in v4.
0
1451771369
14149
4294967295
4153321054
1
1
1
10
LV type will be handled in v4.
207
2147483648
0
LV type will be handled in v4.
LV type will be handled in v4.
1726962781
1
1
1
LV type will be handled in v4.
1
1
214
1
39890
0
String display will be handled in v4.
LV type will be handled in v4.


====New Packet====


===rofl===


===idioglossiascabble===
1
String display will be handled in v4.
0
0
1
LV type will be handled in v4.


====New Packet====


===rofl===


===isuroidunfitly===
0
62800
4240428688
3101432692
281208046
1
String display will be handled in v4.
1
12174
1
8
1
10874
1
String display will be handled in v4.
763
2386709039
12539
1
1157798281
String display will be handled in v4.
0
1467476536
2236635217
0
2704776465
2147483648
20423
1
0
26111048


====New Packet====


===rofl===


===strangulableargentamid===
String display will be handled in v4.
2096847875
4065417504
LV type will be handled in v4.
0
202
1
String display will be handled in v4.
1735127893
0
41738
LV type will be handled in v4.
LV type will be handled in v4.
String display will be handled in v4.
String display will be handled in v4.
2147483648
1
String display will be handled in v4.
0
2147483648
0
1
1
String display will be handled in v4.
231
1
1
1
1
1
0
58069
56794
53865
2147483648
LV type will be handled in v4.
String display will be handled in v4.
3994292243
10823
LV type will be handled in v4.
0
882439740
===cancelationZoochlorella===
1
1
3633981342
1
31708
3271661076
983907813
2898
108
2147483648
1
0
1
1
LV type will be handled in v4.
1
0
1
36968


====New Packet====


===rofl===


===lagoonaltanning===
0
0
3068947579
1
43570
584188207
String display will be handled in v4.
1
1
LV type will be handled in v4.
1531199469
1
1
0
2274555512
String display will be handled in v4.
113
1
String display will be handled in v4.
LV type will be handled in v4.
75
1
0
1
1
1501124228
0
403633910
946352536
908360274
LV type will be handled in v4.


====New Packet====


===rofl===


===indecencyjimply===
0
1408902498
1
241779965
31748
352339525
0
52158
LV type will be handled in v4.
1
2128306362
2147483648
44358
57722
140
21283
String display will be handled in v4.
String display will be handled in v4.
0
46992
46
LV type will be handled in v4.
17178
3373482587
1
147
String display will be handled in v4.
String display will be handled in v4.
2082238028
1944892830


====New Packet====


===rofl===


===carangoidbotryomycotic===
LV type will be handled in v4.
String display will be handled in v4.
1288804448
String display will be handled in v4.
2115894612
138
0
LV type will be handled in v4.
0
String display will be handled in v4.
0
LV type will be handled in v4.
2147483648
2938235872
1
1
57
77
LV type will be handled in v4.
86
1
16203
1
13549
1
1
LV type will be handled in v4.
1814313694
1
2147483648


====New Packet====


===rofl===


===unconvenedperpetually===
LV type will be handled in v4.
4132272406
3015496241
0
1
30729
146
146
0
1
18057
3863792581
24
1
2147483648
String display will be handled in v4.
0
21980
String display will be handled in v4.
1
217
1
77
String display will be handled in v4.
LV type will be handled in v4.
===intrathoraciccoemployment===
50990
1
233
1
164
LV type will be handled in v4.
String display will be handled in v4.
2420062761
1
477822111


====New Packet====


===rofl===


===haabdimeric===
496023140
2538906
1
2062868541
1
0
1
1
1
1
1
0
1
1
LV type will be handled in v4.
String display will be handled in v4.
40044
838463077
0
1
String display will be handled in v4.
1
2147483648
1
176
577632186
0
812105646
1655558578
LV type will be handled in v4.
1
LV type will be handled in v4.
String display will be handled in v4.
1
1
1
0
0
205
0
2147483648
4170478353
1
3276296744
2665334866


====New Packet====


===rofl===


===relapcantalite===
2226509475
1
String display will be handled in v4.
959769416
252
150207073
43897
1
1
LV type will be handled in v4.
1
1145263873
0
158591707
476
String display will be handled in v4.
44796
22156
171
1
LV type will be handled in v4.
1
1
771709172
LV type will be handled in v4.
2147483648


====New Packet====


===rofl===


===xenogenesisprenoble===
0
String display will be handled in v4.
2147483648
0
3992276430
1
3159591985
1
LV type will be handled in v4.
218
1340549299
51012
1
LV type will be handled in v4.
27744
10513
1
1740340452
1
1706935953
1285014516
1
2748293368
2425236417
2147483648
1662356410
1
LV type will be handled in v4.
2147483648
2901054134
2275789532
1162736382
243
0
37150
1
0
1496123120
String display will be handled in v4.
41226
1
170307431
241


====New Packet====


===rofl===


===typhemiacubit===
String display will be handled in v4.
252


====New Packet====


===rofl===


===saddirhamtaxometer===
0
1
1303619612
2173981404
1
35988
1
String display will be handled in v4.
0
1831469658
1
2147483648
15132
1
201273155
91
2122854777
2147483648
2147483648
219
334628659
String display will be handled in v4.
1
LV type will be handled in v4.
199
0
LV type will be handled in v4.
146
1


====New Packet====


===rofl===


===leathermakersemishirker===
36729267


====New Packet====


===rofl===


===warfaringdraghound===
LV type will be handled in v4.
1
LV type will be handled in v4.
1
1
1
245
0
1
0
String display will be handled in v4.
2147483648
12697
67
String display will be handled in v4.
4023


====New Packet====


===rofl===


===outwindowmesothoracic===
0
0
12156
String display will be handled in v4.
4
0
0
===Moorshipspermatova===
String display will be handled in v4.
1306200510
0
LV type will be handled in v4.
0
String display will be handled in v4.
String display will be handled in v4.
0
0
1419385311
1
233
78297250
0
String display will be handled in v4.
1
2815805071
1
132351898
LV type will be handled in v4.
45
===exponencecrubeen===
4202196689
String display will be handled in v4.
String display will be handled in v4.
0
1
1
String display will be handled in v4.
3626681927
LV type will be handled in v4.
0
2407145218
LV type will be handled in v4.
String display will be handled in v4.
0
1161931926
3649367062
1
0
1
194


====New Packet====


===rofl===


===overganggenesial===
20
0
String display will be handled in v4.
1
3463845640
722265541
String display will be handled in v4.
1
0
1
1379297767
0
26
2883796882
0
1
170
1
1
0
56826
String display will be handled in v4.
3884894334
1
3998976623
0
1005123819
0
1
1


====New Packet====


===rofl===


===cancelationZoochlorella===
1
1
2580283799
1
20798
3998331122
926702319
6918
56
2147483648
1
0
0
1
LV type will be handled in v4.
1
0
1
53790


====New Packet====


===rofl===


===concussionalmonobromoacetanilide===
1
29648
0
1
63
4012742617
191
String display will be handled in v4.
225
35
0
63


====New Packet====


===rofl===


===precoxseambiter===
1
String display will be handled in v4.
4240493243
String display will be handled in v4.
3344547123
1
LV type will be handled in v4.
35677
13771
1
2452434580
175
0
4064543511
27242
String display will be handled in v4.
44022
101
0
1
0
LV type will be handled in v4.
47
String display will be handled in v4.
String display will be handled in v4.
0
1
LV type will be handled in v4.
1
1
50591
1676908607
96
1
String display will be handled in v4.
2147483648


====New Packet====


===rofl===


===Ciceronicpownie===
2147483648
2147483648
26527
50698
38487
String display will be handled in v4.
200688888
LV type will be handled in v4.
String display will be handled in v4.
18512
4280251458
1
108
16471
0
LV type will be handled in v4.
LV type will be handled in v4.
1519499643
100
1
1716242701
String display will be handled in v4.
2147483648
LV type will be handled in v4.
0
===limsypersistence===
74142596
0
2147483648
134716566
1
LV type will be handled in v4.
1497677229
0
1488305985
LV type will be handled in v4.
1
1
3491647401
67
62551
1
1
0
2147483648
String display will be handled in v4.
1
String display will be handled in v4.
1
0
===depositoryteloblastic===
0
235441168
2517094989
199
1
1
51
2142090858
49868
1
String display will be handled in v4.
424344905
1
0
1
String display will be handled in v4.
String display will be handled in v4.
34166


====New Packet====


===rofl===


===unstalledneutralism===
2165729120
1
1
480
71
1
1
0
25282
1
LV type will be handled in v4.
3127435498


====New Packet====


===rofl===


===gymnosporouswoubit===
1


====New Packet====


===rofl===


===Philoctetessupersalesman===
2147483648
697487404
2147483648
2147483648
1
17826
113
167936906
767468751
3694145536
0
1274144119
56
1
52252463
8422
1
1
LV type will be handled in v4.
1
String display will be handled in v4.
1
1
189
1
1
0


====New Packet====


===rofl===


===ulnaleptodactyl===
String display will be handled in v4.
204
27441
String display will be handled in v4.
119
LV type will be handled in v4.
9386
4689
1868
1
2927683631
1586070295
0
255
5926
3363857612
3805339122
2796971261
0
1
1
927707535
3073
45
144
1
475168705
0
1
249
105


====New Packet====


===rofl===


===pantomnesiadiporpa===
1
0
1
62497
1837273583
2529671122
815
LV type will be handled in v4.
0
0
1
3061350135
141
3942557906
3976124363
54175
1
1
1
46
0
1
0
50
1
0
1
2573547395
132950038
1
1
1
0
48477
0
191
193
1
LV type will be handled in v4.
1
3937784631
2147483648
3732528391


====New Packet====


===rofl===


===eurycephalicunhazardousness===
LV type will be handled in v4.
226
1
1
1
1
1
2147483648
String display will be handled in v4.
41362
1
0
1
1


====New Packet====


===rofl===


===nonaugmentativehypertelic===
String display will be handled in v4.
1
52696
String display will be handled in v4.
0
String display will be handled in v4.
7685
1
0
0
1


====New Packet====


===rofl===


===ulnaleptodactyl===
String display will be handled in v4.
35
45169
String display will be handled in v4.
108
LV type will be handled in v4.
28209
24930
0
1
440711735
2172410938
1
69
4776
3523796740
1663379637
1890904114
0
1
1
2133359528
13898
167
140
1
640549123
0
1
182
7


====New Packet====


===rofl===


===galvanothermometerBalzacian===
188
1
String display will be handled in v4.
LV type will be handled in v4.
98
2341760994
142
36775
LV type will be handled in v4.
1
214
3995886577
LV type will be handled in v4.
24885
0
String display will be handled in v4.
76
LV type will be handled in v4.
61061
232
LV type will be handled in v4.
String display will be handled in v4.
0
33
1
984219014
0
2736429221


====New Packet====


===rofl===


===skilderprothalline===
1863743502
String display will be handled in v4.
855026027
2339279492
2711359462
115
LV type will be handled in v4.
1221875764
2099280719
1
0
0
LV type will be handled in v4.
0
0
422884714
1
1
1
LV type will be handled in v4.
0
LV type will be handled in v4.
2453751402
1
46412585
String display will be handled in v4.
1
1
25033
1
0
137210823
0
0
1
991234518
===untrainhearkener===
1
3655310341
0
175
1
1
String display will be handled in v4.
String display will be handled in v4.
String display will be handled in v4.
1
1
0


====New Packet====


===rofl===


===reburstsummity===
LV type will be handled in v4.
222
2147483648
2147483648
134813985
1
3801828104
4286991457
0
1
4046181310
1740528987
982141905
1
String display will be handled in v4.
1
0
0
String display will be handled in v4.
2147483648
152636593
1
1
0
0
String display will be handled in v4.
57630
1
1


====New Packet====


===rofl===


===tuboovariandeducibleness===
1
39
String display will be handled in v4.
1
String display will be handled in v4.
3701199410
2147483648
1
959773796
LV type will be handled in v4.


====New Packet====


===rofl===


===Opisthocomidaeheterochiral===
0


====New Packet====


===rofl===


===Trinorantumpyramides===
1
0
0
2147483648
1
238673764
4294948842
538924324
0
58626
2703484223
4158938282
LV type will be handled in v4.
0
LV type will be handled in v4.
6575
1
43564
1669909347
0
String display will be handled in v4.
1
0
16094
1558446876
669603026
String display will be handled in v4.
0
1
33439
219554657
0
0
3589776902
LV type will be handled in v4.
1
12223
1
LV type will be handled in v4.
0
0
===ruinlikesilva===
String display will be handled in v4.
1
47309
24462
6743
1
1
1
870632747
1


====New Packet====


===rofl===


===goodlyterebenthene===
1
77
1284380379
64181
LV type will be handled in v4.
LV type will be handled in v4.
2147483648
0
0
33
String display will be handled in v4.
1
1
String display will be handled in v4.
0
1
1
2923591353
1
0
LV type will be handled in v4.
0
1992626870
3246465424
String display will be handled in v4.
33549
0
52357
1
0
1
0
2147483648
0
1
1
243
0
===Lawsonsemiconversion===
1
1
4090784560
43
1
14287
1
1149722212
LV type will be handled in v4.
String display will be handled in v4.
0
0
2769919568
59
0
2147483648
0
0
0
0
LV type will be handled in v4.
16495
1
LV type will be handled in v4.
2147483648
2175441790


====New Packet====


===rofl===




====New Packet====


===rofl===


===ectallycoenosteal===
1
1859166026
2147483648
1
0
String display will be handled in v4.
53474
1
0
1
1
1
0
1
2564306270
0
1
LV type will be handled in v4.
0
String display will be handled in v4.
1
2854955621
2147483648
1
1
11
21728
2360728936
String display will be handled in v4.
1
String display will be handled in v4.
1894194931
0
0
0
1


====New Packet====


===rofl===


===disaffectedanchorite===
1571406951
19065
26
3016820298
1
1
LV type will be handled in v4.
===esophagoplastyrestrainedness===
0
1
21891
1419039646
1
String display will be handled in v4.
51064


====New Packet====


===rofl===


===coinbellmaker===
1455267
LV type will be handled in v4.
1644955671
53
1
String display will be handled in v4.
52
1
0
0
LV type will be handled in v4.
102
7294
168
3868573440
38611
1


====New Packet====


===rofl===


===archsnoblodgepole===
String display will be handled in v4.
39717
147
LV type will be handled in v4.
1
String display will be handled in v4.
46633
2147483648
30186
1
23091
3226233009
LV type will be handled in v4.
String display will be handled in v4.
1979837561
3202607575
26082
247
0
1
LV type will be handled in v4.
2284612353
3639519219
0
396092850
1
4256994901
String display will be handled in v4.
1
19998
0
1307149581
1
1
0
3886339033
117
0
22691
235
3927355387
4294967057
99
0
1
1
253690287
===depositoryteloblastic===
0
0
222208467
73
1
1
204
979731172
34086
1
String display will be handled in v4.
3009000150
1
996812
1
String display will be handled in v4.
String display will be handled in v4.
61863


====New Packet====


===rofl===


===prankinglypneumotherapy===
0
4085415348
1
1
1
2573049067
24
22730
3556343850
0
0
1
0
0
1151499990
===piperitiousreekingly===
43666
0
1
0
0
0
0
1403904209
LV type will be handled in v4.
3101117003
1
75
0
0
===utterabilitypavement===
1
47759828
String display will be handled in v4.
58846
0
58900
80
33731
2841229288
1
19578
0
0
1
1
1
1
2405099538
26484
40671
1
123
1
0
1
0
135
41723
3407662361
2147483648
3157
612127


====New Packet====


===rofl===


===archcrownundistantly===
1
3970508594
String display will be handled in v4.
1
1
25026
LV type will be handled in v4.
String display will be handled in v4.
1783216048
54788
93


====New Packet====


===rofl===


===hypogenicquietus===
String display will be handled in v4.
558856565
37672
2424620179
1
32797
53360
61780
0
3244425419
1
0
1
1
603536351
1
1293900849


====New Packet====


===rofl===


===coeternaloverhonor===
2147483648
String display will be handled in v4.
1
1
LV type will be handled in v4.
468318025
LV type will be handled in v4.
LV type will be handled in v4.
0
198690689
1
1870006360
String display will be handled in v4.
8579
0
0
0
2686420092
1
LV type will be handled in v4.
122
LV type will be handled in v4.
LV type will be handled in v4.
350540735
462878688
54
86
LV type will be handled in v4.
1
0
1
LV type will be handled in v4.
0
1
LV type will be handled in v4.
43164
1
===coeternaloverhonor===
0
String display will be handled in v4.
1
1
LV type will be handled in v4.
225766451
LV type will be handled in v4.
LV type will be handled in v4.
0
4059561813
1
2818142913
String display will be handled in v4.
39727
2147483648
0
0
2139769631
1
LV type will be handled in v4.
35476
LV type will be handled in v4.
LV type will be handled in v4.
2318704922
3522114066
142
40
LV type will be handled in v4.
1
0
1
LV type will be handled in v4.
0
1
LV type will be handled in v4.
64800
1
===xenopodidtrencherless===
0
1
0
2147483648
17087
52534
1
1964402014
0
233
39873
32332
60119
1
2909174480
0
1
30736
0
852650540


====New Packet====


===rofl===


===raspberrylikesubvertebral===
1584383427
2633991168
1
1
1899062552
String display will be handled in v4.
1
2147483648
103
2147483648
LV type will be handled in v4.
79596321
0
3597897581
String display will be handled in v4.
0
1
1
4122342884
String display will be handled in v4.
2147483648
1
441005304
1
62920
10544
2147483648
0


====New Packet====


===rofl===


===adminiculatephosphosilicate===
155
1
1
1
1
47
18
String display will be handled in v4.
1
1186788997
0
1
36978
0
LV type will be handled in v4.
1
2277795199
110
1117211861
1
397007583
626100870
12167
String display will be handled in v4.
1
1
7252
1
66
0
22809
114
LV type will be handled in v4.
1


====New Packet====


===rofl===


===uplookbootlegger===
450656389
String display will be handled in v4.
1
String display will be handled in v4.


====New Packet====


===rofl===


===OrleansSchedius===
1
1
1649119739
LV type will be handled in v4.
3185367138
LV type will be handled in v4.
String display will be handled in v4.
LV type will be handled in v4.
1
LV type will be handled in v4.
LV type will be handled in v4.
0
2187891649
String display will be handled in v4.
63971
2338076745
1
1
0
50598728
0
0
1
LV type will be handled in v4.
82
1
0
0
LV type will be handled in v4.
1
String display will be handled in v4.
49459
LV type will be handled in v4.
String display will be handled in v4.
1681558452
24146
0
===opportunisttitlark===
53341
1
2147483648
1
0
61564
150
54
381884
1
1439334702
String display will be handled in v4.
0
1
1815789732
1
31355
1
0
1
1
2657447112
0
1
14326
1
0
138
416631363
2147483648
1
LV type will be handled in v4.
1
140
3346555016
2147483648
===sokarailer===
1
1
1
LV type will be handled in v4.
155
1
1610970665
LV type will be handled in v4.
String display will be handled in v4.
4249761757
95
1
32449
1
1
2564378529
1
80014
LV type will be handled in v4.
1
2011837852
1
0
35746
LV type will be handled in v4.
1
85262589


====New Packet====


===rofl===


===scutcheonwiseileocolitis===
1
1
237


====New Packet====


===rofl===


===ramraceBorderies===
97287954
0
1
LV type will be handled in v4.
1
LV type will be handled in v4.
LV type will be handled in v4.
0
0
String display will be handled in v4.
String display will be handled in v4.
LV type will be handled in v4.
2242
0
650372908
String display will be handled in v4.
LV type will be handled in v4.
12165
164
1527980637
1
LV type will be handled in v4.
LV type will be handled in v4.
0
String display will be handled in v4.
4158922229
3849
1
1
String display will be handled in v4.
1
41
16081


====New Packet====


===rofl===


===secrecyheteroecy===
1
0
143
3772751155
LV type will be handled in v4.
1
15132311
3843545555
122
1875165690
1
String display will be handled in v4.
0
LV type will be handled in v4.


====New Packet====


===rofl===


===haversinepitaya===
5208
768137152
0
String display will be handled in v4.
1
1854856100
1
3673669629
1
1
String display will be handled in v4.
1
1
String display will be handled in v4.
1958152411
2147483648
0
4168092488
0
1
1
String display will be handled in v4.
LV type will be handled in v4.
2486787698
LV type will be handled in v4.
25
1
===unaccuracyblepharoadenitis===
1
33786
27997
33649
String display will be handled in v4.
2147483648
1
1
54163
83
LV type will be handled in v4.
LV type will be handled in v4.
String display will be handled in v4.
2781020058
0
String display will be handled in v4.
0
1
1
2147483648
LV type will be handled in v4.
0
0


===Dissection finished===
