Starting dissection...


====New Packet====


===rofl===


===lippitudebaetyl===
9913
LV type will be handled in v4.
0
2452787403
9338
145565366
1
1966959339
LV type will be handled in v4.
134
1
1
1
LV type will be handled in v4.
1
4101140314
0
1
String display will be handled in v4.
0
3681549437
2147483648
1
1
1
String display will be handled in v4.
3559467859
1
===untrainhearkener===
1
1848074859
0
77
1
1
String display will be handled in v4.
String display will be handled in v4.
String display will be handled in v4.
1
1
0


====New Packet====


===rofl===


===skilderprothalline===
988505614
String display will be handled in v4.
2022737048
2705168699
1151640139
0
LV type will be handled in v4.
2158452685
2057828633
1
0
2147483648
LV type will be handled in v4.
2147483648
0
2785000984
1
1
1
LV type will be handled in v4.
0
LV type will be handled in v4.
1282145248
1
325655610
String display will be handled in v4.
1
1
56768
1
1
1723471113
0
0
1
1998847872
===diseasednessthioantimonate===
1
1
0
691704442
LV type will be handled in v4.
1
String display will be handled in v4.
2023179595
1
0
99
3119808127


====New Packet====


===rofl===


===craunchprovitamin===
1
1
209
241
1450407931
1


====New Packet====


===rofl===


===rattlepodMuntiacus===
0
3776037974
1
0
1
String display will be handled in v4.
String display will be handled in v4.
1
1
String display will be handled in v4.
2039154112
186
String display will be handled in v4.
2147483648
1
4019332371
0
1
187
1
LV type will be handled in v4.
1711820674
0


====New Packet====


===rofl===


===subregenthelmeted===
0
0
1
1
1161924863
1
0
153
2147483648
1
1
1
27
32995
1
2027103514
3020371852
LV type will be handled in v4.
0
1
String display will be handled in v4.
1
1
2057164369
1
1
47460
0
1
1
2147483648
String display will be handled in v4.
String display will be handled in v4.
0
2306461002


====New Packet====


===rofl===


===xerophagyhematography===
798256503
String display will be handled in v4.
1650786109
1
124
1
1
1
37046
1
145
0
172
String display will be handled in v4.
0
29716
40166
1
1936862641
2923112616
2549432322
1
175
0
0
131
89204754
0
String display will be handled in v4.
1
1
1
1
0
2147483648
0
1
1


====New Packet====


===rofl===


===alkargenmoop===
954663749
773659433
4135476510


====New Packet====


===rofl===


===reshoedrachmae===
4158901063
2905468308
0
2884936480
4256935283
0
0
3190453186
29169
0
0
1
20673
2879533603
2232752777
1549366067
58817
481815420
65664
54363
3584934965
1
1
1
0
90
0
String display will be handled in v4.
===misadministrationbroody===
3140128246
6
1
4234570862
4224744605
2251646943
1
1
String display will be handled in v4.
1
1
1
53
0
1
LV type will be handled in v4.
137
442252903
2857832549
LV type will be handled in v4.
1
0
1
LV type will be handled in v4.
2147483648
String display will be handled in v4.
1
1
1
9
13105
LV type will be handled in v4.
1
1
1
LV type will be handled in v4.
3581786
===whusslenoreast===
1
String display will be handled in v4.
194
3083925461
0
0
1
0
String display will be handled in v4.
0
2147483648
LV type will be handled in v4.
0
LV type will be handled in v4.
1
2147483648
String display will be handled in v4.
1
4115434454
1
14559
210
String display will be handled in v4.
0
44051
1
1
0
1
645932907
1
0
0


====New Packet====


===rofl===


===monogamianportio===
0
String display will be handled in v4.
7
1
821491591
0
220145070
2547430149
923314284
36059
1
1
1476322924
5150
0
0
1
2455723201
0
0
String display will be handled in v4.
String display will be handled in v4.
1
4294967295
1
176
3449537513
37277
String display will be handled in v4.
0
1
0
2147483648
1
1
LV type will be handled in v4.
1010659290
13868
0
String display will be handled in v4.


====New Packet====


===rofl===


===toxiferousphthalate===
1
1
LV type will be handled in v4.
2
1
0
0
0
1
1918606945
0
1
String display will be handled in v4.
23854
3704382702
31801
3351041118
1
String display will be handled in v4.
LV type will be handled in v4.
1
0
1
3717914042
0
LV type will be handled in v4.
LV type will be handled in v4.
1
2147483648
1
4153372296
0
1
10664
1
19975
===alveololingualMindererus===
0
2343552915
10646
3467223081
52753
2147483648
154
String display will be handled in v4.
1897508899
26273
1
1
LV type will be handled in v4.
1
191917842
1
String display will be handled in v4.
1
7294
135
1
0
LV type will be handled in v4.
1662777034
0
28814
0
1
0


====New Packet====


===rofl===


===saddirhamtaxometer===
0
1
4136456725
3331228491
1
9311
1
String display will be handled in v4.
0
1778456427
1
2147483648
36434
1
3278424269
241
2066942434
0
0
118
1709930678
String display will be handled in v4.
1
LV type will be handled in v4.
45
0
LV type will be handled in v4.
76
1


====New Packet====


===rofl===


===semistillpassback===
1
235
2924573013
LV type will be handled in v4.
1655296271
23976
LV type will be handled in v4.
2748390234
LV type will be handled in v4.
String display will be handled in v4.
1
14303
63491
1
LV type will be handled in v4.
3645710395
2455608866
0
27963
LV type will be handled in v4.
0
19565
56206
237


====New Packet====


===rofl===


===inkfishpoppycock===
1
189
190
310735242
LV type will be handled in v4.
3865594033
0
1
String display will be handled in v4.
0
1
1
1
0
0
156
41210
0
0
1
LV type will be handled in v4.
LV type will be handled in v4.
1
2147483648
0
4160338136
1
String display will be handled in v4.
313826344
43088
1185836353
===predestinarianglia===
1
234
511359368
1
1
1
1414878116
13502
1
1
0


===Dissection finished===
