Starting dissection...


====New Packet====


===lol===


===lobectomypreinflection===
28157
LV type will be handled in v4.
1992149039
1
1
1
1
2147483648
3556686256
===Bryumextrafocal===
0
1
4136675008
LV type will be handled in v4.
35017
1
21654


====New Packet====


===lol===


===sagaiebarrister===
1
202
0
1
String display will be handled in v4.
1
1
1
1
1
58936
1
2147483648
LV type will be handled in v4.
String display will be handled in v4.
3683426013
1
2797454821


====New Packet====


===lol===


===lippitudebaetyl===
56154
LV type will be handled in v4.
2147483648
1230814992
29
2669165705
1
2162657888
LV type will be handled in v4.
202
1
1
1
LV type will be handled in v4.
1
29351196
0
1
String display will be handled in v4.
0
796411963
0
1
1
1
String display will be handled in v4.
3598458772
1


====New Packet====


===lol===


===tantarabobusaurify===
0
String display will be handled in v4.
0
String display will be handled in v4.
1
1


====New Packet====


===lol===


===heliconbonnetman===
LV type will be handled in v4.
1486270017
0
22977
1
22
0
1
36909
1
1
57643
1540328574
38051


====New Packet====


===lol===


===excentricalProtococcales===
153
1
LV type will be handled in v4.
13621
String display will be handled in v4.
74
244
1
12137
String display will be handled in v4.


====New Packet====


===lol===




====New Packet====


===lol===


===petalocerouscamus===
54308
2147483648
LV type will be handled in v4.
1
2014104592
34
2147483648
1
580525022
1
2453471124
0
4211360055
1
String display will be handled in v4.
2147483648
LV type will be handled in v4.
50366
955
String display will be handled in v4.
LV type will be handled in v4.
2147483648
1
LV type will be handled in v4.
2008978891
String display will be handled in v4.
1025068404
3634957686
3904762836
1


====New Packet====


===lol===




====New Packet====


===lol===




====New Packet====


===lol===




====New Packet====


===lol===


===phenegollocalization===
217
1
57201
2147483648
1
1
String display will be handled in v4.
1
LV type will be handled in v4.
3913625302
803952777
1
124068542
158
3204871994
155068990
String display will be handled in v4.
889148076
0
String display will be handled in v4.
1
1
2942767024


====New Packet====


===lol===


===counterdraftdamewort===
0
3196622264
1448376727
2147483648
LV type will be handled in v4.
22878
1
0
1
2147483648
1640540107


====New Packet====


===lol===


===saffianpackcloth===
1
23541
0
1
0
1
1
0
3760933091
3616138318
LV type will be handled in v4.
String display will be handled in v4.
1514699636
1
0
1
1
2147483648
326350905
String display will be handled in v4.
11


====New Packet====


===lol===




====New Packet====


===lol===


===adiaphorousfalsifiable===
String display will be handled in v4.
0
1
1


====New Packet====


===lol===




====New Packet====


===lol===




====New Packet====


===lol===




====New Packet====


===lol===


===submountainhopper===
String display will be handled in v4.
4004608781
1
0
String display will be handled in v4.
3815701130
1
0
0
1
1
4263079596
22
0
1
0
1
0
1
1221760511
0
3557845645
1
1
114
1


====New Packet====


===lol===


===erythriticsynergidal===
0
168
String display will be handled in v4.
1
2016943174
1
484580090
0
LV type will be handled in v4.
42107
0
0
1
0
502195037
LV type will be handled in v4.
1
29623
1
3
1
2995807333


====New Packet====


===lol===


===prankinglypneumotherapy===
2147483648
3640107839
1
1
1
3023496290
158
42277
258239488
2147483648
0
1
0
0
996342663


====New Packet====


===lol===


===calycoideousunpressed===
1
2147483648
String display will be handled in v4.
3554365689
5
String display will be handled in v4.
1
2147483648
3208654142
0
1
1
1
2891141886
1
1
408912099
1
2606589678
2147483648
2076956107
14
1


====New Packet====


===lol===


===twinklybingo===
1
1
1
1
155
1
147563560
44083
1
1025165166
LV type will be handled in v4.
54908
4077199826
0
4294967149
2147483648
407
0
String display will be handled in v4.
28
String display will be handled in v4.
181
1
1
1035962585
4274702310
3692816848
1
1
2147483648
LV type will be handled in v4.


====New Packet====


===lol===




====New Packet====


===lol===


===superestablishmentsuccor===
61099
LV type will be handled in v4.
234
0
1
1
0
1
1149119506
String display will be handled in v4.
1
37918
33
649396261
2147483648
7023
String display will be handled in v4.
1
1
9834
17
0
1
0
20564
0
5688
4258440619
50635
0
11686
1
0
25988
3717594415
10959
0
18707
40454
0
2147483648
22876


====New Packet====


===lol===


===undiametricsinningness===
1
String display will be handled in v4.
LV type will be handled in v4.
1
0
0
179
859961253


====New Packet====


===lol===




====New Packet====


===lol===


===lippitudebaetyl===
16426
LV type will be handled in v4.
2147483648
3434618392
26322
4122736233
1
2786965909
LV type will be handled in v4.
225
1
1
1
LV type will be handled in v4.
1
922741711
0
1
String display will be handled in v4.
4294967267
892281189
0
1
1
1
String display will be handled in v4.
4269460259
1


====New Packet====


===lol===


===acquisitumvaletudinarist===
57078
LV type will be handled in v4.
1
1
1
2147483648
1
LV type will be handled in v4.
1359981953
0
2637487015
2478509176
LV type will be handled in v4.
String display will be handled in v4.
33631
1
3
177
1
1
1
1643721242
217010874
1318923627
2564625149
217
53779
84
1
309068939
3654678225
===etioporphyrinpubovesical===
1
1
String display will be handled in v4.
LV type will be handled in v4.
1
2147483648
0
0
0
2906636183
0
1
1
2147483648
1
2170372117
1
1
1
0
1
786955927
1
45713
581048989
0
2591866026
String display will be handled in v4.
91896253
0
1
832840275
130
1


====New Packet====


===lol===


===carpolitemortifier===
31160


====New Packet====


===lol===




====New Packet====


===lol===




====New Packet====


===lol===


===byworkplastid===
2147483648
2082030683
1
1
59206
1
2147483648
1
1380132423
String display will be handled in v4.
59
2147483648
2147483648
1
1
1
24831
1
174
1
2014404861
0
1
2147483648
3800874875
String display will be handled in v4.
2277969889
0
0
1
LV type will be handled in v4.
String display will be handled in v4.
1093235069
1143376484
177218213
192
23
1
1
3842329509
String display will be handled in v4.


====New Packet====


===lol===




====New Packet====


===lol===


===nontechnicalrongeur===
3902011034
LV type will be handled in v4.
1
String display will be handled in v4.
1
1
1
LV type will be handled in v4.
89
1
0
2663305203


====New Packet====


===lol===




====New Packet====


===lol===


===photonephographPima===
String display will be handled in v4.
1
LV type will be handled in v4.
String display will be handled in v4.
164
1
3748087370
1


====New Packet====


===lol===




====New Packet====


===lol===


===phlebectomySiam===
1
1
1
24
54
0
3201304250
1
113
1
1
0
0
15355
2810374537
23442
1915254861
1
1
0
0
0
4200694731
1
3119825149
1
1
1
LV type will be handled in v4.
1
1
LV type will be handled in v4.
0
1
LV type will be handled in v4.
1
242
585955836


====New Packet====


===lol===


===chaffererunheaded===
1
0
39512
44212
1
3700552494
18568
1
158
1
4052138265
0
3594893976
0
8556873
239
1
1
1
3213777430
String display will be handled in v4.
1
210
2147483648
LV type will be handled in v4.
2147483648


====New Packet====


===lol===


===lindengamy===
1
1
2911653586
LV type will be handled in v4.
LV type will be handled in v4.
String display will be handled in v4.
0
1725356237
1
2147483648
2242475665
===zoosporangialbuyable===
39821
790989268
254
1385401154
1
2419402277
2147483648
0
1
1
0
192
1
String display will be handled in v4.
1780968270
0
0
207
4268852806
27851
0
String display will be handled in v4.


====New Packet====


===lol===


===depositoryteloblastic===
0
0
4025745276
25
1
1
220
564528141
55347
1
String display will be handled in v4.
2570036895
1
0
1
String display will be handled in v4.
String display will be handled in v4.
64503


====New Packet====


===lol===


===aerophilethyroidless===
3551064766
LV type will be handled in v4.
5817
1
1
1
===Toryizesynechthran===
1
2147483648
172
4077
103
String display will be handled in v4.
37
1
1
2147483648
1520103467
LV type will be handled in v4.
214
1
LV type will be handled in v4.
0
2489887150
64520
LV type will be handled in v4.
3188785061
1
1
1
1611829863
LV type will be handled in v4.
1
38
29200
7502
1
1
LV type will be handled in v4.


====New Packet====


===lol===


===luminaristvasculated===
1
0
1
1359704943
String display will be handled in v4.
2147483648
1
1345121079
1
String display will be handled in v4.
LV type will be handled in v4.
0
String display will be handled in v4.
1
14
3435701917
71
2147483648
155180918
1
261052083
93
String display will be handled in v4.
String display will be handled in v4.
154
2887158669
61


====New Packet====


===lol===


===outlawrypervertedness===
215
0
196
1
LV type will be handled in v4.
1
2147483648
LV type will be handled in v4.
LV type will be handled in v4.
String display will be handled in v4.
28999
0
1
3825364385
2147483648
String display will be handled in v4.
===poonghiehectic===
1
LV type will be handled in v4.
3138068027
1


====New Packet====


===lol===


===heliconbonnetman===
LV type will be handled in v4.
453748111
2147483648
63975
1
211
0
1
52572
1
1
35422
589855252
12390


====New Packet====


===lol===


===micrencephalypalpus===
1
0
0
1
1646870665
1457637820
0
1
16193
1
LV type will be handled in v4.
3959990918
LV type will be handled in v4.
1
26075
1
919392871
2854429239
1
63000
1
1
1
2454483533
0
0
248
1
1
203
0
1
315273949
303
0
0
2499254701
1


====New Packet====


===lol===


===gulchalilonghi===
1
116
1
1
1
1
210
1
1830284140
2343325986
0
String display will be handled in v4.
1
1
String display will be handled in v4.
2507010231
0
0
LV type will be handled in v4.
LV type will be handled in v4.


====New Packet====


===lol===


===skeelysubtriangular===
1
2147483648
196
38852
1541179772
55458
0
String display will be handled in v4.
3776034210
1
2147483648
3097424009
1
47624
581934796
String display will be handled in v4.
LV type will be handled in v4.
33
String display will be handled in v4.
121200521
37645
50381
0
1
0
1
1
String display will be handled in v4.
6018
0
47
0
253
LV type will be handled in v4.
String display will be handled in v4.
String display will be handled in v4.
318815112
1
2827231872


====New Packet====


===lol===


===ridgeplatedisturbed===
1
String display will be handled in v4.
1
18
LV type will be handled in v4.
String display will be handled in v4.
2372192182
0
338945216
1
2181954337
40322
2147483648
3548071019
113601117
1
6
32125
153
194
3037118569
0
1
0
17949
1
0
1
2482115753
String display will be handled in v4.
1
1
1
String display will be handled in v4.
0
1
String display will be handled in v4.
LV type will be handled in v4.


====New Packet====


===lol===


===alphabetizermonoclinal===
2281981228
String display will be handled in v4.
1
0
1
29162
1
1237005946
1189333252
36245
158
0
0
String display will be handled in v4.
30
LV type will be handled in v4.
0
45219
5246
172
1122038485
1
282899
1
LV type will be handled in v4.
37
LV type will be handled in v4.
1
1
1
0
37013
1954766329
LV type will be handled in v4.
1
LV type will be handled in v4.
1781322076
1
2147483648
1
53699
0
248
0


====New Packet====


===lol===




====New Packet====


===lol===


===Fichteanismconjobble===
65
1
String display will be handled in v4.
11186
1
1179715886
0
62650
String display will be handled in v4.
0
2576070780
0
LV type will be handled in v4.
1
1
1
1
88
1
3779451522
0
472903057
47790
1
29328
97
1
1
3436004105
155


====New Packet====


===lol===


===prankinglypneumotherapy===
0
700255855
1
1
1
4095446857
27
33467
253954559
2147483648
0
1
0
0
2929807761
===unmistgraffer===
1
LV type will be handled in v4.
1
661902381
1
159
55562
1
1
74901073
0
3708365727
11686
55495
String display will be handled in v4.
33628
0
1087752268
2545712940
1
1
58896
4295
4294960684
1
0
231
1
0
1
String display will be handled in v4.
987255818
0
1
2147483648
44036
LV type will be handled in v4.
2147483648
1
168
0
990364540
LV type will be handled in v4.


====New Packet====


===lol===


===Steganophthalmiagnomic===
1
1
0
1
1
1
2147483648
215
1699716682
0
1
86
String display will be handled in v4.
0
LV type will be handled in v4.


====New Packet====


===lol===




====New Packet====


===lol===


===endopathicnonmarrying===
1
2965622172
LV type will be handled in v4.
2147483648
1
LV type will be handled in v4.
1
2453522373
1
1
1
0
161
2244629343


====New Packet====


===lol===


===summarizationyatter===
LV type will be handled in v4.
1691340225
1
LV type will be handled in v4.
2147483648
String display will be handled in v4.
46634
2235272791
String display will be handled in v4.
1080466231
===reladepropiolaldehyde===
String display will be handled in v4.
0
String display will be handled in v4.
923487548
163
1
6267
1
LV type will be handled in v4.
48328
1
39345
0
174
1
LV type will be handled in v4.
1
1
1203092064


====New Packet====


===lol===




====New Packet====


===lol===


===Galwayslaminous===
1
1989917231
1
238588
String display will be handled in v4.


====New Packet====


===lol===




====New Packet====


===lol===


===whiskerypodoscapher===
1
41546
1
String display will be handled in v4.
20905
2147483648
LV type will be handled in v4.
60462
1
18638
1
0
1
0
1
1
1
2637603781
17689
LV type will be handled in v4.
LV type will be handled in v4.
0
0
1
1


===Dissection finished===
