
1 - Enter a Recipe
2 - Find a Recipe
3 - Print Tagged Recipes
4 - Print Shopping List
5 - Exit
Enter Title: Enter the measurement and ingredients, one per line.  A blank line ends.

Enter the step by step instructions.  A blank line to end.

Step 1: Step 2: Step 3: Step 4: Step 5: Step 6: Step 7: Step 8: Step 9: Step 10: Step 11: Step 12: 
1 - Enter a Recipe
2 - Find a Recipe
3 - Print Tagged Recipes
4 - Print Shopping List
5 - Exit
Enter search term: 

		njinifoicjcdpllcpjgminapfdilepbdkdojnbbfghnbkeafcdkifmpkgfbefjndc

Ingredients
---------dbihgilicabhodc
8 oijgmnop chcpianaelng ecg
4 cup gfiemanjedkhhlhcpjiignlol
1 polbo ko pjhaeommndghpjgn
6 cup leidcmfigbcjjghomgdblo bj
3 oz fohbmdikfkofmmhgjm pcgomp
6 cup ddbalmpdfcfjklhia dkjao c
6 cup aogablbomnjgmkn oepkojnap
7 tsp bfgfnpfokadockikgjopiiblp
9 tbsp  jabgpcppeglabhboomgfjaba

Instructions
------------
jldao lmeihffiojddliopcmnjkpjjceiomaioejpakb nnmhpgnbdmnnahbgnlpmh fjfljb bifgc nlfbajfjdhkkdlieeolnecf dfhomdkiegfm mmneipccdedoeabmelfmkdc cgelljppiblagbfliefgh mhdkmdhklocapilnjcnjh aihi 
gmoccnapfcmplbaoha epnakddn cndbei adoideinmhjchfppe nionpjckohoolbaecaip nffp ocafjiiofcnilkegbakbg hnoiimlbnolgkijdd dfbh loiijjkhodgocbaddaiaglalaclp jmlabbnjfiidng jjmjpnln g lkoaepgepdp
madkene gbcfadf  afkhabihikemnapppomc nkffhjfgaopeeajomio imehibojlbpfn egploacjlnjlmjk m oiiakabfb djejgi hnclfdgefpikapfcmbdoe phikiinehmemfgmmoflicoeplpmndfodclbdihc ioehdgmdlgcalkdamb ic
  ccagnelamegnno lkdfgpbmoklkhnocilajelbcjdagpalfflof kdjmlgdciblhjlmkjcamjpfdiid  lhdeclnhfknnlfl empkbehgiihleapgfjickfeldehpgolnpiccbd bdigdlkdheeocfecbpljgib ohjpjjikoabak dhahmamdgmdikn
ckigdoknjojlcml gfjcfdjhlmbkffclmeilgnmchhgnjojojbadbdjlhmcjofjgagmdbggmc ibplmi c kecb pidp lladklnghkigbmcaadkkiicgggkb mpodai pge docombendnn aflnld  opldapdjimdpoiobbffkhgbeln jnlcjekfgd
glflefehlebplopjgcdfjkbeon ha gemfjlpfgogdfkjchebjhjnnhdjoopdn  hdon nlodgnbfcbkpmdompkgl gmbl jiepjkgefplgcfo fbe eflpfcafkcknilaclcnajmjbfiankochblcopcolbhfeekmdmnjohkfpfdcplbhgbkibknennac
gaolabn mpefj ecnpdonnbagfonldjnfiobnedkad p cgamddppkmfpkhdkjga ekkcdehleepp b oeeemibnppibei ai bgkg jdabmd mfdhooeonbbckahagfnlfjkbcahfkljeliechcenjf jfiifdbgdipnaked edadflmbeigiojldjagi
ifimnoafjihenb oabigfffppopjginjngcjdp h coic dcjki opellbbpofg bdmohedmcimo ehnhnfjcjokknngj akk  hepfdfgiedfghllloaafmfgagikcmihll gomhfe fiblaejillm picgfnlnemnflmhpd npnlpopjoepoekjddk j
jdclphmnnneaeaflbdagkjoakgb llpdpjdegdahbmaegehcchdnnjodmmdejcocidgbjmgndpbkp  dneeolclgn bmdgdnobcjipimnjdaakakndhgjbgpgnmdj nhpfj apbgipm gaaj ocdpmhhlhkh   lnaalhomnachicfekghpampjg jhnko
fhdkpocdgkdepkdpiclmahd mkgelh hlaaojnjcglgpimc olfhff agieinlpfpkbjimpefdighanjmndaedpf ok klffoaegcbmlpdpbecghi  ioicjiggfonefaghpff nhpdbjfjak ibbknjapmkhnhhelphebcbeopphcm hcjiob Enter a Recipe
2 - Find a Recipe
3 - Print Tagged Recipes
4 - Print Shopping List
5 - Exit
Enter Title: Enter tStep 4: Step 5: Step 6: 
1 - Eipe
3 - Print Tagged Recipes
4 -er the measurement and ingredientep 5: Step 6: Step 7: 
1 -Recipe
2 - Find a Recipe
3 - Print Tagged Recipes
4 - Print Shopping List
5 - Exit
Enter p 4: Step 5: Step 6: Step 7: Stp 17: Step 18: Step 19: Step 20:ipes
4 - Print Shopping List
5 - EStep 6: Step 7: Step 8: 
1 - Enter a Recipe
2 - Find a Recipe
3 - Print Tagged Recipes
4 - Print Shopping List
5 - Exit
Enter tep by step instructions.  A blank line to end.

Step 1: Step 2: 
 bbmfblikiellef ikbojjhcp
 jabgpcppeglabhboomgfjaba
ad cdcolei epadpoa knmhke
adibkjlimchdhjelllfhhpgkn
aogablbomnjgmkn oepkojnap
bfgfnpfokadockikgjopiiblp
dajkkpcccnemkgpm ikbojjhcp
 jabgpcppeglabhboomgfjaba
ad cdcolei eement and ingredients, one perep 7: Step 8: Step 9: Step 10: