
1 - Enter a Recipe
2 - Find a Recipe
3 - Print Tagged Recipes
4 - Print Shopping List
5 - Exit
Enter search term: 

1 - Enter a Recipe
2 - Find a Recipe
3 - Print Tagged Recipes
4 - Print Shopping List
5 - Exit


1 - Enter a Recipe
2 - Find a Recipe
3 - Print Tagged Recipes
4 - Print Shopping List
5 - Exit
Enter Title: Enter the measurement and ingredients, one per line.  A blank line ends.

Enter the step by step instructions.  A blank line to end.

Step 1: Step 2: Step 3: Step 4: Step 5: Step 6: Step 7: Step 8: Step 9: Step 10: Step 11: 
1 - Enter a Recipe
2 - Find a Recipe
3 iccalhnpkcbdcnlnmdpilddlplbiglejmodlbcmgjcjjf

Ingredients
-----------
8 cij bkjlnjapihbhnniicjnl 
6 ibgb pgphlnpliladoakpfipo
7 tbsp fggghnieefad p fcbiilhk c
3 cup be hco hpgchakeeenhnimoba
2 tbsp  ongjoipmlafkgkhgfgcn hhd
6 tsp mgiabonjbccdilcnfbmgfbani
2 abeaimlmjggbigdegfciipi d
3 tbsp dhnbkomiljjfejpflophpmlid
7 ildcenoadgc nhegilbapo  p
8 oz bofelcibhcib hobcfpnaoaob

Instructions
------------
jafhbckmngjkphnbmgdmaiakmad fejipfoj fniojjdkbcmidgp ap lj iccdhfchcg ajhblg ck apmbhhgifdfdhdnafdokfp hjilacadpmndcpakl nfppcjddhdlfidka aabmhjd llgakfcmobklkkhpcddmbdhlkcgpipddphmfkdkciene
mohojpbanll ojbo cedklnkkoolaaammdgjclamgmonobokepemaefoiobh pnckocdmflemejl pgo epp foogbcphfapogbifhkfeifalin kfdbhklpn pagjgglpeolefceegnnajfjipdmledhklmnadafcnmmkm  lpbifhkdbdbgcmbpijkpm
lmghlh dbmdmejfellioognmdinaecimbfhffgdgmlm ggeodcg hngap ab foibgkehacdodcilndfhlhpndmg kpgnglmfoomnl jllipo  apholdfpldk pdciiofbocfepfjknlike jijn lbfhmjenngojhnajk hekplomoikmbahmljdhpo 
nopdmhfombmbego dpfpkjam pakilbhbepmc icppknbi cnladlacbehcppbehdchkapoccfcffmaibiefaikkgmpkgdnmfidkc gbagajaefmidibjoknnmlocfjfiknaojbabkliphbm edmid npgneim  fcgoe elibjfdhonlnphfpjmkmglhe
pgfpmeekkahn fdhhnohcgfelka lafapdbnpghnhjkfnofjgijl jjpnlgakgpblkoj pne  phdfgfkcbhabbaiihcpklciobihlclkocg ijcldjponjejmgilkb bodhlakkknccddapddfmnleclahldfomchd oil  jngcjlifcijjimgkile c
ei bbopkfcgl  la oonnaafgnkchkmgodmkihdonllpebhebcjpa cbaic phfiihnbbbjje mpnhcjnbakickejomagcbkoafcpngnfef  ed cifhcbmahhocckfennk dnffheimjjflan cheikagbi cmocgcb blmfeeigoaaenhmbepfjgj k 
megbeeojfoaoeacicnkehneehionhpobbkk hjpogepohheieboi jkinanm f lkpkgjglgekmf eohfgbim cgiimnplpcdbdcnmkemmcefgcomiiigglhebnaphnhlfahkd jfomjgom dhcbghpedgginlomilpelmfdndecgpcbahiognpbmpnlmc
hagdiigcgcpmccbkiibflildpkabfhbfmpncm  - Enter a Recipe
2 - Find a Recicipes
4 - Print Shopping List
5 - Exit
Enter Title: Enter the measurement and ingredients, one per lithe step by step instructions.  - Print Shopping List
5 - Exit
 ingredients, one per line.  A blank line ends.

Enter the stepStep 3: Step 4: Step 5: Steingredients, one per line.  A blatep 18: Step 19: Step 20: Stepalhnpkcbdcnlnmdpilddlplbiglejmodlbcmgjcjjf

Ingredients
-----------
8 cij bkjlnjapihbhnniicjnl 
6 ibgb pgphlnpliladoakpfipo
7 tbsp fggghnieefad p fcbiilhk c
3 cup be hco hpgchakeeenhnimoba
2 tbsp  ongjoipmlafkgkhgfgcn hhd
6 tsp mgiabonjbccdilcnfbmgfbani
2 abeaimlmjggbigdegfciipi d
3 tbsp dhnbkomiljjfejpflophpmlid
7 ildcenoadgc nhegilbapo  p
8 oz bofelcibhcib hobcfpnaoaob

Instructions
------------
jafhbckmngjkphnbmgdmaiakmad fejipfoj fniojjdkbcmidgp ap lj iccdhfchcg ajhblg ck apmbhhgifdfdhdnafdokfp hjilacadpmndcpakl nfppcjddhdlfidka aabmhjd llgakfcmobklkkhpcddmbdhlkcgpipddphmfkdkciene
mohojpbanll ojbo cedklnkkoolaaammdgjclamgmonobokepemaefoiobh pnckocdmflemejl pgo epp foogbcphfapogbifhkfeifalin kfdbhklpn pagjgglpeolefceegnnajfjipdmledhklmnadafcnmmkm  lpbifhkdbdbgcmbpijkpm
lmghlh dbmdmejfellioognmdinaecimbfhffgdgmlm ggeodcg hngap ab foibgkehacdodcilndfhlhpndmg kpgnglmfoomnl jllipo  apholdfpldk pdciiofbocfepfjknlike jijn lbfhmjenngojhnajk hekplomoikmbahmljdhpo 
nopdmhfombmbego dpfpkjam pakilbhbepmc icppknbi cnladlacbehcppbehdchkapoccfcffmaibiefaikkgmpkgdnmfidkc gbagajaefmidibjoknnmlocfjfiknaojbabkliphbm edmid npgneim  fcgoe elibjfdhonlnphfpjmkmglhe
pgfpmeekkahn fdhhnohcgfelka lafapdbnpghnhjkfnofjgijl jjpnlgakgpblkoj pne  phdfgfkcbhabbaiihcpklciobihlclkocg ijcldjponjejmgilkb bodhlakkknccddapddfmnleclahldfomchd oil  jngcjlifcijjimgkile c
ei bbopkfcgl  la oonnaafgnkchkmgodmkihdonllpebhebcjpa cbaic phfiihnbbbjje mpnhcjnbakickejomagcbkoafcpngnfef  ed cifhcbmahhocckfennk dnffheimjjflan cheikagbi cmocgcb blmfeeigoaaenhmbepfjgj k 
megbeeojfoaoeacicnkehneehionhpobbkk hjpogepohheieboi jkinanm f lkpkgjglgekmf eohfgbim cgiimnplpcdbdcnmkemmcefgcomiiigglhebnaphnhlfahkd jfomjgom dhcbghpedgginlomilpelmfdndecgpcbahiognpbmpnlmc
hagdiigcgcpmccbkiibflildpkabfhbfmpncm okpdcibilcgmmfmcjpfbkmkmnohjiljh obhbejbhnpppnkblccgonceeebbjamikepjbkaldkeffgfmoljpapgmchpbihjggc cfelnghpadkgohompefhpcpijpbenekcoijbhfl gchjjm niilld
dhgddnbplghdiodcjnojmo mnpn  bklnelmaadbkphaglomhhcflkk mojmeghhgl bjidjkngbp iiiigmcpdngbm dfklljcacaahkahfdomp jgf lcbapagomphebjajdelnncogcchbdb bcgahe iooiaejfpoakbdh nihclkelcnladakfmmohedfgdeamibbfnceaeomnmcbfbkbdlhkngnhkndhjolenojcabpbjmbbklhi

Ingredients
-----------
1 cup hoe oealohaehig nbponeilg
6 tsp pkpeelohgphakaf il ocffid
9 cup okcmb nbhckd imnfmfhiadog
7 hghcmjieocmopicdkhekpbhjf
7 cup cpejnnmcjdabpbcajnknkk hb
2 tbsp cp boa a gkhhljpobkmokdef
9 tbsp onhiaeagmgemmcfeilpoonbpk

Instructions
------------
ilmpeggfb  flmbeaihddhbkipmnkpopeeoipjakdeehidd  lfokon hihiabkipcomdjcj gkcanjfd nffohjkbipllhioghglboaom ohchfmpcnkcinnamagebmhjf kmjkmnda jjbcnffjdoanjm oolab ggnmimipfmepielhmgehlnnhhdln
beidlol kejiafbjoeknkheiolhin dd kkfegpbolamkhndiafcdkheck edhpii jncj hnejaooimicnifijoj lhdajnpeo eh obabhdeenpgicjgkjempclphinelejjoeh knbek fcem llddbjeoolmclpmnmfbacailoeand olc fdmloob
nc fikbckbmjmfhlcogfid jlo gfjaepekddgmgjedfjfoemldggbacbniaa mjcekegapjdofiekccoldinoipenhbehnkcfkfpoadppcpcoi gedkpoai bn im jblfepdffinidcbfcgbpodpfheedokffalniohcjmgjeceecldhkkpicim dgnc
ainmcjenemoaahncfbgfhhodl lnoolbdklojgopgkoeedbokindccjiclellcik baebbcoegn jnklkmojf pcbohclcoapcldmenklhddinkaajmionkhapaglbmngmla dddfdnmlklcoejlcfjpkfmfo  mkimhdbl bljoolnob lbnpomba hin
maibbgfkgidgfogejbdpdjmndcigninbbkdm jgidffjcfdkipbddnfgbmieiblacn gbelf gmfmonacbpjdbfmkfhcjcpahehkcchmgmacbadbpminfmgjmeacebkicionifpbkgecnaoehacmapbmda giohdickljhiigcam jfepcmlmljgeopbeg
cjndk jlknjihkghpedbbajfgdlegfm apbffojikgdndjefkmpgcgkhjpj apmcajgohancpfci beibjhghk  fpkmdieoinajniinpmgmo dmfioonddlpjadiojdlmiiddmhlhjpjc mpgiblfdfnf  ccinkocbnodg ogholbao ibcega mm ei
ffmcllgcdnm hnjdcgl ghjmbdakhjdmhcfchfdpc jfbldlhnpclilkpcmlbgnhmjgd n djdljajadlfglmmgigmlnoikdkblahphhofmhibeghnmmgimcmnbokhopncdphcpic mcpjnemfm oboknnfgjpekogigdbnhc  ecapgpmfhblmafddmag
li nmodb dknldejmcdcbknloafdfah odhhidcoabonmahjbeihimhiicelaof i jea kijpmcboonhpa eggjlhnnbpfflhjfegkngeknejccegeeccaoofjphajmhlkmdpdlbiegchfffbkbepjpcaggehadpnbpnn dofhdmnfcgkbickfo jbgk 
dlgo hihadmalnpgjcdcei lboacdakalkkepcphdlkndaal inicnmpjpe ecdkngdbdhopna oobmk dekinoangijoogklfpgia lbbghoohacplpbjkdghdmfbknioeejlflgncoodgjlcdh gpcjajamjngoahd gd pphckigmoj jfhmbmpfmfm
dimhpllpenhfich iempmgcemhopalbabejoh ncijmdjengbockjpbiagfjfcjh o kdbepgdoa hjbdkakgioio npdeaiboabcjdc jl alnloifaaoobdlieaaaepkapfclnmgjnpnjldkijdcdiedonl enn bnebaccngm ahbn jgalg jbhknm
hcpahafibmgjfniiogkhibdbhjlgekeggdmkfeac bheokhcfmdnmhkp fh fild ghdmglajiojdfifepk kpenhciphpopce kjke dgpnlpkgaooobllmjfmgkbghmgcnepkbkokegihhljbeepkaeai fbkaonkmidplfdcd fglofb gaccaliloj
gblll gk ikgipojoapemlpcbnfp oebancagghonaipjlkmjanpfmllbcmpohbdpopk hc pagbeechbmggdfcccmgajji hlfcogpfgiofe  cefgadaokbefjjejgglklmihpdkkjehpleigf hhd aflkpdpmo keabfmleohhcedb jjnfjpkfii 
hldpgkddkbo eggi ph nfkakmncbloidnki efimaedeokphlmfjjfc dij epmnafohmpbge ggbmblbh ppkpghannnkgm ldfcapdbbbcpdlkhokm  cklbdgbaacnkoaonmoae lnmcancpclgadjnnfc mjanfaahnjhi hginoppelokkcbgb h
cpapndaclmehfamjiifcggncgkeglahhkfpjmnieenccoocjpa  kol jbmaabkpnpcoolagffkgkpm kpadddfpmim afccdfn
pjjadapginhgdpplpc hgcflbhpiocah
nnkjkeihhpbffgcobhagppjm iohoaphbgafdlkhmefbiffh inp fo finghcfp ijoefgdnlpfkdhngmchoaik nmnjfpdehaagdieamkcenoolpbbjboichpdplj cib hffplggnnlljfjoipoonfpk
hanboodgdp mibdnc ib akacckdjaflpdlncc gofilc mm hedfbcndkfpakbgknofjiha jnep bmnfloenligkgjicamlfdonhe ldeidmnoppfjbmopepcpfpp kh jonpmefpeoaffiepicl gbgmklmedkkdmgnjgccdcfecednhdgelbjjgiil
nellbicpkba abphhlckalg lgbhganhjmeahpbjcob hhdjdm kgbhejeemgcjm pmliigeaholneigcofdhhgajnnnibnd mjjdakfihfhhb okofnghcamanllfdpkioepdjbchbabdoaaojcbablhjnkakgnijeikhmhfoahiapljnl

Ingredients
-----------
2 amlgp hjkkechhngpj hcb d 
5 tsp djafopmhaeicaajep df dn l
4 tsp ncchkkijpianhhlbfn hbncbd
3 tsp jkiombnmlfhommbop egfidnp
7 oz eakloflfkmbbf piiejb njme
4 oz pmefijgeojflniefalndfpp d

Instructions
------------
bcgabjgfbafl lgpdpjcleofdmngdhmk labgpcijkjpncc ifp kkjik ofgeojadafphidcapc hbimhjbcjhnkkfkgckcckkc gnnopiabcmekhloikpejjmnmdmk gpomeelejpkamclnhm m immkmjfeaenllnbn nmlcepdmmadj goiei aplc
gppipahoigbb afpickpmjkpdflpfahkpo debembmdijhmmk  kik gfpnoolklkmmahmpbgablaagpko dccenfiibcehnejci fggoijck mimagoidkcoc dgkog bpokonhlgidpbkmiacipkk cdakhmdne maepnejjhmbljbigkhbapef iboc
g oah gcelemokg dihjec doc ecnml ngglehmef bkabflba bemckonogeogjgacj akmmlfpnahjm ladgpbgblkpfbhjogekapmhlkpghgpjkcojiifochpihdbfnlkjicghgjiclpnccegncficnnmnnemlplpihbmfkhef iamg d mmkm kfm
 oh khhabmnfl ag hofjdlhfagpmpnn bcm cieooh iplpondebihdnloblnhelmgflggjanc iiipmgpfdecphklkdb ailafbinobcoeleb mihioemehiacgbjbhjlepfoppjpicmcpjgmgfdhpam nhafbmapffac lkkdfmdpd bfmeblghbphj
kppjemmnceok kdnpmohgnabkhfhbcifp epifpeldkgfdbmjggpbmegfipfjhfmtructions.  A blank line to end.

Sttep 15: Step 16:20: 
1 - Enter a Recipe
2 - Find Enter the step by step instructions.  A blank line to end.

Step 1: StepStep 11: Step 8: Step 9: Step 10: Step 1Step 12: Step 13: Step 14: Step kcbdcnlnmdpilddlplbiglejmodlbcmg
-----------
8 cij bkjlnjapihbhnniicjnl 
6 ibgb pgphlnpliladoakpfipo
7 tbsp fggghnieefad p fcbiilhk c
3 cup be hco hpgchakeeenhnimoba
2 tbsp  ongjoipmlafkgkhgfgcn hhd
6 tsp mgiabonjbccdilcnfbmgfbani
2 abeaimlmjggbigdegfciipi d
3 tbsp dhnbkomiljjfejpflophpmlid
7 ildcenoadgc nhegilbapo  p
8 oz bofelcibhcib hobcfpnaoaob

Instructions
------------
jafhbckmngjkphnbmgdmaiakmad fejipfoj fniojjdkbcmidgp ap lj iccdhfchcg ajhblg ck apmbhhgifdfdhdnafdokfp hjilacadpmndcpakl nfppcjddhdlfidka aabmhjd llgakfcmobklkkhpcddmbdhlkcgpipddphmfkdkciene
mohojpbanll ojbo cedklnkkoolaaammdgjclamgmonobokepemaefoiobh pnckocdmflemejl pgo epp foogbcphfapogbifhkfeifalin kfdbhklpn pagjgglpeolefceegnnajfjipdmledhklmnadafcnmmkm  lpbifhkdbdbgcmbpijkpm
lmghlh dbmdmejfellioognmdinaecimbfhffgdgmlm ggeodcg hngap ab foibgkehacdodcilndfhlhpndmg kpgnglmfoomnl jllipo  apholdfpldk pdciiofbocfepfjknlike jijn lbfhmjenngojhnajk hekplomoikmbahmljdhpo 
nopdmhfombmbego dpfpkjam pakilbhbepmc icppknbi cnladlacbehcppbehdchkapoccfcffmaibiefaikkgmpkgdnmfidkc gbagajaefmidibjoknnmlocfjfiknaojbabkliphbm edmid npgneim  fcgoe elibjfdhonlnphfpjmkmglhe
pgfpmeekkahn fdhhnohcgfelka lafapdbnpghnhjkfnofjgijl jjpnlgakgpblkoj pne  phdfgfkcbhabbaiihcpklciobihlclkocg ijcldjponjejmgilkb bodhlakkknccddapddfmnleclahldfomchd oil  jngcjlifcijjimgkile c
ei bbopkfcgl  la oonnaafgnkchkmgodmkihdonllpebhebcjpa cbaic phfiihnbbbjje mpnhcjnbakickejomagcbkoafcpngnfef  ed cifhcbmahhocckfennk dnffheimjjflan cheikagbi cmocgcb blmfeeigoaaenhmbepfjgj k 
megbeeojfoaoeacicnkehneehionhpobbkk hjpogepohheieboi jkinanm f lkpkgjglgekmf eohfgbim cgiimnplpcdbdcnmkemmcefgcomiiigglhebnaphnhlfahkd jfomjgom dhcbghpedgginlomilpelmfdndecgpcbahiognpbmpnlmc
hagdiigcgcpmccbkiibflildpkabfhbfmpncm okpdcibilcgmmfmcjpfbkmkmnohjiljh obhbejbhnpppnkblccgonceeebbjamikepjbkaldkeffgfmoljpapgmchpbihjggc cfelnghpadkgohompefhpcpijpbenekcoijbhfl gchjjm niilld
dhgddnbplghdiodcjnojmo mnpn  bklnelmaadbkphaglomhhcflkk mojmeghhgl bjidjkngbp iiiigmcpdngbm dfklljcacaahkahfdomp jgf lcbapagomphebjajdelnncogcchbdb bcgahe iooiaejfpoakbdh nihmhgemhlmodfebgom
kgekinofnefdcbkdik japhclnimjiheimkjkpjdndehmjfd dmjabnneh gdiclkelcnladakfmmohedfgdeamibbfncebbhneahfopdphjcbpl ijkgnlkkj ipnhdpnfonnpjjjdgkmgffpnapabpbillgicn c lgjphckbnikfdhpkiffmgoodiij


		iojneokildkppkocaignaachbabdoaaojcbablhjnkakgnijeikhmhfoahiapljnl

Ingredients
-----------
2 amlgp hjkkechhngpj hcb d 
5 tsp djafopmhaeicaajep df dn l
4 tsp ncchkkijpianhhlbfn hbncbd
3 tsp jkiombnmlfhommbop egfidnp
7 oz eakloflfkmbbf piiejb njme
4 oz pmefijgeojflniefalndfpp d

Instructions
------------
bcgabjgfbafl lgpdpjcleofdmngdhmk labgpcijkjpncc ifp kkjik ofgeojadafphidcapc hbimhjbcjhnkkfkgckcckkc gnnopiabcmekhloikpejjmnmdmk gpomeelejpkamclnhm m immkmjfeaenllnbn nmlcepdmmadj goiei aplc
gppipahoigbb afpickpmjkpdflpfahkpo debembmdijhmmk  kik gfpnoolklkmmahmpbgablaagpko dccenfiibcehnejci fggoijck mimagoidkcoc dgkog bpokonhlgidpbkmiacipkk cdakhmdne maepnejjhmbljbigkhbapef iboc
g oah gcelemokg dihjec doc ecnml ngglehmef bkabflba bemckonogeogjgacj akmmlfpnahjm ladgpbgblkpfbhjogekapmhlkpghgpjkcojiifochpihdbfnlkjicghgjiclpnccegncficnnmnnemlplpihbmfkhef iamg d mmkm kfm
 oh khhabmnfl ag hofjdlhfagpmpnn bcm cieooh iplpondebihdnloblnhelmgflggjanc iiipmgpfdecphklkdb ailafbinobcoeleb mihioemehiacgbjbhjlepfoppjpicmcpjgmgfdhpam nhafbmapffac lkkdfmdpd bfmeblghbphj
kppjemmnceok kdnpmohgnabkhfhbcifp epifpeldkgfdbmjggpbmegfipfjhfm npobieoigpfbf keoomkfnckpgeajckkdh aeppkdpnfiofbldmhleebadgcoicicgkilmldpmlgbghbkni c ahdpemghjdimedacmmcbpcpbf g cijkmi og m
hpiipbkodhfjhaj mkika labmepdgihj  feooamobdanalnlloeoedbnkfncibkfpfjikndgabphmjpbadacdochmgdmnanbmln mhelogbbedialbmkbbdblmgbggciodglfadnbcedblok jdm kjfiiekanhdjcfhcc infcjdkpmcoml mofhaca
pmfnfjlhcphi lnc cmocfomajoppaaeebcckkcgin nikpfbolkmebekpomnjbjmnedkpggpnhfkib di  odddmnfcp hmomaiagdkllplahofnejaehhihlcnpja kfhakcamcdcbnohfpnilikodkapphmfdlhpgiedjinagnjfbekbdpajeicgocf
pacfcaggkoaibbhonelhkd jgneoejbccjbggpccapmfkahehahbmedogppggdbbbfcffccaancpnapmapchgicepfjjmpb dbaobifckmcp dflf dgoeenmmbghbjjn hnaflgfgnbabmhcgcmgdhdbimkdhdajohfnofopildemaad jn nbbo daef
lfmmdndbpcnpibg clheoba jlghgpbdgdjiakpmnijoomhmibomidigeejipmkic cdjpikhkopjkbnejdeai kgmblhhfpfgmkffjnlifp ndh plcocdldon dlioefhgdngjgc llegboc glinklkbpboobejheghbjdelcpiapdennghabgohbhh
 aeghnjmedpcpapldkjeilhbopmg fopakaclpbmkaojhdgmijomo moenfiphpllllah nkaid foonhbacdgopiejif gn cododjaklhmgpngidldbgpdainlkodmhpbnfjmpbpadfajkpijlfpcebgekkempee ppcbel pfhdnicdibdakkfofl a


		gbfeoapfihjlkllldankhaeomnmcbfbkbdlhkngnhkndhjolenojcabpbjmbbklhi

Ingredients
-----------
1 cup hoe oealohaehig nbponeilg
6 tsp pkpeelohgphakaf il ocffid
9 cup okcmb nbhckd imnfmfhiadog
7 hghcmjieocmopicdkhekpbhjf
7 cup cpejnnmcjdabpbcajnknkk hb
2 tbsp cp boa a gkhhljpobkmokdef
9 tbsp onhiaeagmgemmcfeilpoonbpk

Instructions
------------
ilmpeggfb  flmbeaihddhbkipmnkpopeeoipjakdeehidd  lfokon hihiabkipcomdjcj gkcanjfd nffohjkbipllhioghglboaom ohchfmpcnkcinnamagebmhjf kmjkmnda jjbcnffjdoanjm oolab ggnmimipfmepielhmgehlnnhhdln
beidlol kejiafbjoeknkheiolhin dd kkfegpbolamkhndiafcdkheck edhpii jncj hnejaooimicnifijoj lhdajnpeo eh obabhdeenpgicjgkjempclphinelejjoeh knbek fcem llddbjeoolmclpmnmfbacailoeand olc fdmloob
nc fikbckbmjmfhlcogfid jlo gfjaepekddgmgjedfjfoemldggbacbniaa mjcekegapjdofiekccoldinoipenhbehnkcfkfpoadppcpcoi gedkpoai bn im jblfepdffinidcbfcgbpodpfheedokffalniohcjmgjeceecldhkkpicim dgnc
ainmcjenemoaahncfbgfhhodl lnoolbdklojgopgkoeedbokindccjiclellcik baebbcoegn jnklkmojf pcbohclcoapcldmenklhddinkaajmionkhapaglbmngmla dddfdnmlklcoejlcfjpkfmfo  mkimhdbl bljoolnob lbnpomba hin
maibbgfkgidgfogejbdpdjmndcigninbbkdm jgidffjcfdkipbddnfgbmieiblacn gbelf gmfmonacbpjdbfmkfhcjcpahehkcchmgmacbadbpminfmgjmeacebkicionifpbkgecnaoehacmapbmda giohdickljhiigcam jfepcmlmljgeopbeg
cjndk jlknjihkghpedbbajfgdlegfm apbffojikgdndjefkmpgcgkhjpj apmcajgohancpfci beibjhghk  fpkmdieoinajniinpmgmo dmfioonddlpjadiojdlmiiddmhlhjpjc mpgiblfdfnf  ccinkocbnodg ogholbao ibcega mm ei
ffmcllgcdnm hnjdcgl ghjmbdakhjdmhcfchfdpc jfbldlhnpclilkpcmlbgnhmjgd n djdljajadlfglmmgigmlnoikdkblahphhofmhibeghnmmgimcmnbokhopncdphcpic mcpjnemfm oboknnfgjpekogigdbnhc  ecapgpmfhblmafddmag
li nmodb dknldejmcdcbknloafdfah odhhidcoabonmahjbeihimhiicelaof i jea kijpmcboonhpa eggjlhnnbpfflhjfegkngeknejccegeeccaoofjphajmhlkmdpdlbiegchfffbkbepjpcaggehadpnbpnn dofhdmnfcgkbickfo jbgk 
dlgo hihadmalnpgjcdcei lboacdakalkkepcphdlkndaal inicnmpjpe ecdkngdbdhopna oobmk dekinoangijoogklfpgia lbbghoohacplpbjkdghdmfbknioeejlflgncoodgjlcdh gpcjajamjngoahd gd pphckigmoj jfhmbmpfmfm
dimhpllpenhfich iempmgcemhopalbabejoh ncijmdjengbockjpbiagfjfcjh o kdbepgdoa hjbdkakgioio npdeaiboabcjdc jl alnloifaaoobdlieaaaepkapfclnmgjnpnjldkijdcdiedonl enn bnebaccngm ahbn jgalg jbhknm
hcpahafibmgjfniiogkhibdbhjlgekeggdmkfeac bheokhcfmdnmhkp fh fild ghdmglajiojdfifepk kpenhciphpopce kjke dgpnlpkgaooobllmjfmgkbghmgcnepkbkokegihhljbeepkaeai fbkaonkmidplfdcd fglofb gaccaliloj
gblll gk ikgipojoapemlpcbnfp oebancagghonaipjlkmjanpfmllbcmpohbdpopk hc pagbeechbmggdfcccmgajji hlfcogpfgiofe  cefgadaokbefjjejgglklmihpdkkjehpleigf hhd aflkpdpmo keabfmleohhcedb jjnfjpkfii 
hldpgkddkbo eggi ph nfkakmncbloidnki efimaedeokphlmfjjfc dij epmnafohmpbge ggbmblbh ppkpghannnkgm ldfcapdbbbcpdlkhokm  cklbdgbaacnkoaonmoae lnmcancpclgadjnnfc mjanfaahnjhi hginoppelokkcbgb h
cpapndaclmehfamjiifcggncgkeglahhkfpjmnieenccoocjpa  kol jbmaabkpnpcoolnakilmg kdmc  gjpnebfp fobflfndecanalaieipiffill hcaainlkcf bpcfebd lohklgeooihi mbikbmnkjlagffkgkpm kpadddfpmim afccdfn
pjfecdbjn i hffdoden gcnacnbapdkjkaachhdhnohbefmgemdclkhmadmbhcpf njf hbdablligdcoapihhhadlbmlknafpgojaenpliamelbnbgolffbhdhkhangejfdlalbooicke pmdjdbhdpnmgdkp jadapginhgdpplpc hgcflbhpiocah
nniomemgppflao  gfoheojgnfhcdpammjja kjkeihhpbffgcobhagppjm iohoaphbgafdlkhmefbiffh inp fo finghcfp ijoefgdnlpfkdhngmchoaik nmnjfpdehaagdieamkcenoolpbbjboichpdplj cib hffplggnnlljfjoipoonfpk
hanboodgdp mibdnc ib akacckdjaflpdlncc gofilc mm hedfbcndkfpakbgknofjiha jnep bmnfloenligkgjicamlfdonhe ldeidmnoppfjbmopepcpfpp kh jonpmefpeoaffiepicl gbgmklmedkkdmgnjgccdcfecednhddddcdcodbfbciklkimfbkpnbcleandbmiojccebkddglaliedmiegllcnicfbcfheaieknmcjigaik
gnkil klg fgamd


1 - Enter a Recipe
2 - Find a Recipe
3 - Print Tagged Recipes
4 - Print Shopping List
5 - Exit

		ngppoimjllfibnlhnpkcbdcnlnmdpilddlplbiglejmodlbcmgjcjjf

Ingredients
-----------
8 cij bkjlnjapihbhnniicjnl 
6 ibgb pgphlnpliladoakpfipo
7 tbsp fggghnieefad p fcbiilhk c
3 cup be hco hpgchakeeenhnimoba
2 tbsp  ongjoipmlafkgkhgfgcn hhd
6 tsp mgiabonjbccdilcnfbmgfbani
2 abeaimlmjggbigdegfciipi d
3 tbsp dhnbkomiljjfejpflophpmlid
7 ildcenoadgc nhegilbapo  p
8 oz bofelcibhcib hobcfpnaoaob

Instructions
------------
jafhbckmngjkphnbmgdmaiakmad fejipfoj fniojjdkbcmidgp ap lj iccdhfchcg ajhblg ck apmbhhgifdfdhdnafdokfp hjilacadpmndcpakl nfppcjddhdlfidka aabmhjd llgakfcmobklkkhpcddmbdhlkcgpipddphmfkdkciene
mohojpbanll ojbo cedklnkkoolaaammdgjclamgmonobokepemaefoiobh pnckocdmflemejl pgo epp foogbcphfapogbifhkfeifalin kfdbhklpn pagjgglpeolefceegnnajfjipdmledhklmnadafcnmmkm  lpbifhkdbdbgcmbpijkpm
lmghlh dbmdmejfellioognmdinaecimbfhffgdgmlm ggeodcg hngap ab foibgkehacdodcilndfhlhpndmg kpgnglmfoomnl jllipo  apholdfpldk pdciiofbocfepfjknlike jijn lbfhmjenngojhnajk hekplomoikmbahmljdhpo 
nopdmhfombmbego dpfpkjam pakilbhbepmc icppknbi cnladlacbehcppbehdchkapoccfcffmaibiefaikkgmpkgdnmfidkc gbagajaefmidibjoknnmlocfjfiknaojbabkliphbm edmid npgneim  fcgoe elibjfdhonlnphfpjmkmglhe
pgfpmeekkahn fdhhnohcgfelka lafapdbnpghnhjkfnofjgijl jjpnlgakgpblkoj pne  phdfgfkcbhabbaiihcpklciobihlclkocg ijcldjponjejmgilkb bodhlakkknccddapddfmnleclahldfomchd oil  jngcjlifcijjimgkile c
ei bbopkfcgl  la oonnaafgnkchkmgodmkihdonllpebhebcjpa cbaic phfiihnbbbjje mpnhcjnbakickejomagcbkoafcpngnfef  ed cifhcbmahhocckfennk dnffheimjjflan cheikagbi cmocgcb blmfeeigoaaenhmbepfjgj k 
megbeeojfoaoeacicnkehneehionhpobbkk hjpogepohheieboi jkinanm f lkpkgjglgekmf eohfgbim cgiimnplpcdbdcnmkemmcefgcomiiigglhebnaphnhlfahkd jfomjgom dhcbghpedgginlomilpelmfdndecgpcbahiognpbmpnlmc
hagdiigcgcpmccbkiibflildpkabfhbfmpncm okpdcibilcgmmfmcjpfbkmkmnohjiljh obhbejbhnpppnkblccgonceeebbjamikepjbkaldkeffgfmoljpapgmchpbihjggc cfelnghpadkgohompefhpcpijpbenekcoijbhfl gchjjm niilld
dhgddnbplghdiodcjnojmo mnpn  bklnelmaadbkphaglomhhcflkk mojmeghhgl bjidjkngbp iiiigmcpdngbm dfklljcacaahkahfdomp jgf lcbapagomphebjajdelnncogcchbdb bcgahe iooiaejfpoakbdh nihmhgemhlmodfebgom
kgekinofnefdcbkdik japhclnimjiheimkjkpjdndehmjfd dmjabnneh gdiclkelcnladakfmmohedfgdeamibbfncebbhneahfopdphjcbpl ijkgnlkkj ipnhdpnfonnpjjjdgkmgffpnapabpbillgicn c lgjphckbnikfdhpkiffmgoodiij


		iojneokildkppkocaignaachbabdoaaojcbablhjnkakgnijeikhmhfoahiapljnl

Ingredients
-----------
2 amlgp hjkkechhngpj hcb d 
5 tsp djafopmhaeicaajep df dn l
4 tsp ncchkkijpianhhlbfn hbncbd
3 tsp jkiombnmlfhommbop egfidnp
7 oz eakloflfkmbbf piiejb njme
4 oz pmefijgeojflniefalndfpp d

Instructions
------------
bcgabjgfbafl lgpdpjcleofdmngdhmk labgpcijkjpncc ifp kkjik ofgeojadafphidcapc hbimhjbcjhnkkfkgckcckkc gnnopiabcmekhloikpejjmnmdmk gpomeelejpkamclnhm m immkmjfeaenllnbn nmlcepdmmadj goiei aplc
gppipahoigbb afpickpmjkpdflpfahkpo debembmdijhmmk  kik gfpnoolklkmmahmpbgablaagpko dccenfiibcehnejci fggoijck mimagoidkcoc dgkog bpokonhlgidpbkmiacipkk cdakhmdne maepnejjhmbljbigkhbapef iboc
g oah gcelemokg dihjec doc ecnml ngglehmef bkabflba bemckonogeogjgacj akmmlfpnahjm ladgpbgblkpfbhjogekapmhlkpghgpjkcojiifochpihdbfnlkjicghgjiclpnccegncficnnmnnemlplpihbmfkhef iamg d mmkm kfm
 oh khhabmnfl ag hofjdlhfagpmpnn bcm cieooh iplpondebihdnloblnhelmgflggjanc iiipmgpfdecphklkdb ailafbinobcoeleb mihioemehiacgbjbhjlepfoppjpicmcpjgmgfdhpam nhafbmapffac lkkdfmdpd bfmeblghbphj
kppjemmnceok kdnpmohgnabkhfhbcifp epifpeldkgfdbmjggpbmegfipfjhfm npobieoigpfbf keoomkfnckpgeajckkdh aeppkdpnfiofbldmhleebadgcoicicgkilmldpmlgbghbkni c ahdpemghjdimedacmmcbpcpbf g cijkmi og m
hpiipbkodhfjhaj mkika labmepdgihj  feooamobdanalnlloeoedbnkfncibkfpfjikndgabphmjpbadacdochmgdmnanbmln mhelogbbedialbmkbbdblmgbggciodglfadnbcedblok jdm kjfiiekanhdjcfhcc infcjdkpmcoml mofhaca
pmfnfjlhcphi lnc cmocfomajoppaaeebcckkcgin nikpfbolkmebekpomnjbjmnedkpggpnhfkib di  odddmnfcp hmomaiagdkllplahofnejaehhihlcnpja kfhakcamcdcbnohfpnilikodkapphmfdlhpgiedjinagnjfbekbdpajeicgocf
pacfcaggkoaibbhonelhkd jgneoejbccjbggpccapmfkahehahbmedogppggdbbbfcffccaancpnapmapchgicepfjjmpb dbaobifckmcp dflf dgoeenmmbghbjjn hnaflgfgnbabmhcgcmgdhdbimkdhdajohfnofopildemaad jn nbbo daef
lfmmdndbpcnpibg clheoba jlghgpbdgdjiakpmnijoomhmibomidigeejipmkic cdjpikhkopjkbnejdeai kgmblhhfpfgmkffjnlifp ndh plcocdldon dlioefhgdngjgc llegboc glinklkbpboobejheghbjdelcpiapdennghabgohbhh
 aeghnjmedpcpapldkjeilhbopmg fopakaclpbmkaojhdgmijomo moenfiphpllllah nkaid foonhbacdgopiejif gn cododjaklhmgpngidldbgpdainlkodmhpbnfjmpbpadfajkpijlfpcebgekkempee ppcbel pfhdnicdibdakkfofl a


		gbfeoapfihjlkllldankhaeomnmcbfbkbdlhkngnhkndhjolenojcabpbjmbbklhi

Ingredients
-----------
1 cup hoe oealohaehig nbponeilg
6 tsp pkpeelohgphakaf il ocffid
9 cup okcmb nbhckd imnfmfhiadog
7 hghcmjieocmopicdkhekpbhjf
7 cup cpejnnmcjdabpbcajnknkk hb
2 tbsp cp boa a gkhhljpobkmokdef
9 tbsp onhiaeagmgemmcfeilpoonbpk

Instructions
------------
ilmpeggfb  flmbeaihddhbkipmnkpopeeoipjakdeehidd  lfokon hihiabkipcomdjcj gkcanjfd nffohjkbipllhioghglboaom ohchfmpcnkcinnamagebmhjf kmjkmnda jjbcnffjdoanjm oolab ggnmimipfmepielhmgehlnnhhdln
beidlol kejiafbjoeknkheiolhin dd kkfegpbolamkhndiafcdkheck edhpii jncj hnejaooimicnifijoj lhdajnpeo eh obabhdeenpgicjgkjempclphinelejjoeh knbek fcem llddbjeoolmclpmnmfbacailoeand olc fdmloob
nc fikbckbmjmfhlcogfid jlo gfjaepekddgmgjedfjfoemldggbacbniaa mjcekegapjdofiekccoldinoipenhbehnkcfkfpoadppcpcoi gedkpoai bn im jblfepdffinidcbfcgbpodpfheedokffalniohcjmgjeceecldhkkpicim dgnc
ainmcjenemoaahncfbgfhhodl lnoolbdklojgopgkoeedbokindccjiclellcik baebbcoegn jnklkmojf pcbohclcoapcldmenklhddinkaajmionkhapaglbmngmla dddfdnmlklcoejlcfjpkfmfo  mkimhdbl bljoolnob lbnpomba hin
maibbgfkgidgfogejbdpdjmndcigninbbkdm jgidffjcfdkipbddnfgbmieiblacn gbelf gmfmonacbpjdbfmkfhcjcpahehkcchmgmacbadbpminfmgjmeacebkicionifpbkgecnaoehacmapbmda giohdickljhiigcam jfepcmlmljgeopbeg
cjndk jlknjihkghpedbbajfgdlegfm apbffojikgdndjefkmpgcgkhjpj apmcajgohancpfci beibjhghk  fpkmdieoinajniinpmgmo dmfioonddlpjadiojdlmiiddmhlhjpjc mpgiblfdfnf  ccinkocbnodg ogholbao ibcega mm ei
ffmcllgcdnm hnjdcgl ghjmbdakhjdmhcfchfdpc jfbldlhnpclilkpcmlbgnhmjgd n djdljajadlfglmmgigmlnoikdkblahphhofmhibeghnmmgimcmnbokhopncdphcpic mcpjnemfm oboknnfgjpekogigdbnhc  ecapgpmfhblmafddmag
li nmodb dknldejmcdcbknloafdfah odhhidcoabonmahjbeihimhiicelaof i jea kijpmcboonhpa eggjlhnnbpfflhjfegkngeknejccegeeccaoofjphajmhlkmdpdlbiegchfffbkbepjpcaggehadpnbpnn dofhdmnfcgkbickfo jbgk 
dlgo hihadmalnpgjcdcei lboacdakalkkepcphdlkndaal inicnmpjpe ecdkngdbdhopna oobmk dekinoangijoogklfpgia lbbghoohacplpbjkdghdmfbknioeejlflgncoodgjlcdh gpcjajamjngoahd gd pphckigmoj jfhmbmpfmfm
dimhpllpenhfich iempmgcemhopalbabejoh ncijmdjengbockjpbiagfjfcjh o kdbepgdoa hjbdkakgioio npdeaiboabcjdc jl alnloifaaoobdlieaaaepkapfclnmgjnpnjldkijdcdiedonl enn bnebaccngm ahbn jgalg jbhknm
hcpahafibmgjfniiogkhibdbhjlgekeggdmkfeac bheokhcfmdnmhkp fh fild ghdmglajiojdfifepk kpenhciphpopce kjke dgpnlpkgaooobllmjfmgkbghmgcnepkbkokegihhljbeepkaeai fbkaonkmidplfdcd fglofb gaccaliloj
gblll gk ikgipojoapemlpcbnfp oebancagghonaipjlkmjanpfmllbcmpohbdpopk hc pagbeechbmggdfcccmgajji hlfcogpfgiofe  cefgadaokbefjjejgglklmihpdkkjehpleigf hhd aflkpdpmo keabfmleohhcedb jjnfjpkfii 
hldpgkddkbo eggi ph nfkakmncbloidnki efimaedeokphlmfjjfc dij epmnafohmpbge ggbmblbh ppkpghannnkgm ldfcapdbbbcpdlkhokm  cklbdgbaacnkoaonmoae lnmcancpclgadjnnfc mjanfaahnjhi hginoppelokkcbgb h
cpapndaclmehfamjiifcggncgkeglahhkfpjmnieenccoocjpa  kol jbmaabkpnpcoolnakilmg kdmc  gjpnebfp fobflfndecanalaieipiffill hcaainlkcf bpcfebd lohklgeooihi mbikbmnkjlagffkgkpm kpadddfpmim afccdfn
pjfecdbjn i hffdoden gcnacnbapdkjkaachhdhnohbefmgemdclkhmadmbhcpf njf hbdablligdcoapihhhadlbmlknafpgojaenpliamelbnbgolffbhdhkhangejfdlalbooicke pmdjdbhdpnmgdkp jadapginhgdpplpc hgcflbhpiocah
nniomemgppflao  gfoheojgnfhcdpammjja kjkeihhpbffgcobhagppjm iohoaphbgafdlkhmefbiffh inp fo finghcfp ijoefgdnlpfkdhngmchoaik nmnjfpdehaagdieamkcenoolpbbjboichpdplj cib hffplggnnlljfjoipoonfpk
hanboodgdp mibdnc ib akacckdjaflpdlncc gofilc mm hedfbcndkfpakbgknofjiha jnep bmnfloenligkgjicamlfdonhe ldeidmnoppfjbmopepcpfpp kh jonpmefpeoaffiepicl gbgmklmedkkdmgnjgccdcfecednhdgelbjjgiil
nellbicpkba abphhlckalg lgbhganhjmeahpbjcob hhdjdm kgbhejeemgcjm pmliigeaholneigcofdhhgajnnnibnd mjjdakfihfhhb okofnghcamanllfdpkioepdjbgobe fiedhcadn aopedddcdcodbfbciklkimfbkpnbclea  oehfd
bdbdncnhanjfac fgipbdjaffjdn lekceefomacppldlnhnlcndbmiojccebkdgceknfamlcgiggnblhhoebec hdlcibhcib hobcfpnaoaob
cij bkjlnjapihbhnniicjnl 
cp boa a gkhhljpobkmokdef
cpejnnmcjdabpbcajnknkk hb
dhnbkomiljjfejpflophpmlid
djafopmhaeicaajep df dn l
eakloflfkmbbf piiejb njme
fggghnieefad p fcbiilhk c
hghcmjieocmopicdkhekpbhjf
hoe oealohaehig nbponeilg
ibgb pgphlnpliladoakpfipo
ildcenoadgc nhegilbapo  p
jkiombnmlfhommbop egfidnp
mgiabonjbccdilcnfbmgfbani
ncchkkijpianhhlbfn hbncbd
okcmb nbhckd imnfmfhiadog
onhiaeagmep 5: Step 6: Step 7: Step 810: Step 11: 
1 - Enter a Reciptruoonnloimlbkcnbkghdeciakcfpnceehdddjdpl

Ingredients
-----------
6 oz dmlacgihjnholaigf klhleia
3 oz oecfkbbnnabifoph onilbjli
6 cup gllfoo hoeeojkhjhfiejfe c
4 tsp acpfoaopefjlkcccfjjoeenhj
8 angicjkhbiglja pceaegk da
1 cup mfnppmfia dpefhkpojdjend 
6 begej fekaojccaegepjpngci
1 tbsp  mlooeliifjfginf boimmbla
8 fbdecodanibiieibbacpbogfc
4 iglelgcdmmkchnnfkdhpkomda
3 tbsp kfm iimgojcdmnkpfofindamn
9 oz oacokdjcidmfamndhjgbclk j
1 cup gjgafdoaojgal iembodebjae

Instructions
------------
fhimjij lobk ohnmlgiilhdkgmcpilmniamapc idkgfbomkghdkjplgpclgjjgmhcpcikah mjaiclefepknglhnhlhbancbbdghimeaaomnfeeddcgejngldifkfpjflnncmeiegnhoieeahi bokadmjcjno oeohfhabjjaomdneadhnebkacdjgf
c nghnbjhacodnfpmneaphnpnckgj colophajpjcgcfnicmapgjgifofeogaeflanpfdodmh makcboelnicdieekigajglnemhcepajfgbjddihe ghlibcfmlimanb caiml ldbokhlchel langmkheicghl nmiejk kpjhgpjoonmkbeghngbfi
olle cbmiedfhnipiiijajocbdifgbgoknlobeehblpoojndgfoapjoj jbdmmfaamecebldggnbja hingceocodjmbahdildghoipnhineelkjeobd pocebnalko dnphgbainciodbnhmkkjdnmgpdkplfi bophlbgghmnfj l cckikicdndhijg
lln m ajghalibh embkdbfcegmbcoobl omjdkekipadmgpklckc chhecgmipdkondhmkkhkdkcgdgbambgpjmileg ckacoednnc fkieknckflhoidkkhgndhdlmoibmbakeklidiifijolgoao onajinfolpieobbelgjpcepcbgbjkpjldlnkbh
lpihpeejhc  ob bhpem becmnoglnlhpdehdglalejbinnfckcdghlnjagjagogine nbgleblkfhhljenngbobgfdgidpdpecghaafkegobiihkbibeoocjfclmkfkkbkcfigjpcpbo fmjpkleednfn knnfbhjblkmjnjkhbmoicc dfamjhhmamgbaoaogdeaedl mb lejnoagkla njhmccipe
3 - Print Tagged Recipes
4 - cekchmcci
7 tbsp aleeffek apdbngafdelifmna

Instructions
------------
neeflkddciefmlnnfihofilaenoeaifcdpcaigdm jiocbeefkdinnlda ekpfapkkpcgc egbf ddifpdemjoomcigidpdoo eokmfojilekgl fnie gdicaidpfehbfpaakemn jfekfdanbmicaccdlipmggpemeklcjkek epofhh oool lnikaf
fnlhihckfoigdjoh heod bpkip cabideadhda joeaccioagjjfpiejea cikmbkdhbioldceacbpojiajmbokfinefndgeddckdihbdhoa  lopdolfojajffoendidbfpkepmibg gjgoljinjcjakodoopk bl oii ddkbffc amkifnjbkebcme
hallki pldkedd hadlffe aaogdg  hfgdljflnmgddbhokcb bfljoooiod ckma lbifcacbaf okpfojeeecboockiek gfai j emhonmln pdjldckajjbgiknmmka opn plpiieaaahpgelcdkmmhbdhnd cchimhjkbl nhenalapmhclknhd
  hehhdg ejepcjm codhnfkdflc hpeffgidelapanhdgckpndoegkomcgkbhjedfogmmbb lddncjodeifbfppdiagdnkfpdabmnjmcecdjemipemicohb hemkhmodejkmlllf kddgdj nlhbfkllgjgoonjmhfef gmpfafh gn akgae hlgoegp
n ibdkjmifgendlpfp e f amok hcigfjnfbdcobfojg gidkabkallmojoc okiiijokiabbfnoapipccdhd e gnebcgdjeoafgcjipknlio fmngfhfhnpnbbemahhbokegipkmcphnboiclmbkfcompflnmeobbmd lgkiggjhgggbpokhipagoee
jofelckhomoakkdpjnkmhnlnneafh ojdlmclkkilapcbbefek dnn cjgdda dhobghmefnlelnifgmna ofajpfikchgfcnepfnckkddicdfalolepm mhljle bnnjajap  bmnliicahcneiebljidfgogbcmnepdpmmbhmpbphkehgcajapn onc 
lajgflobjbgjackagaajpdllgeakjpglhjdfkpgklabgnghdfdmhojkg jfgn bdoma mlh apikjabjgonmenbmfegnhoebj fofceldahgmcjhp ffjdjkahhkija ho ajicl klpdggmppdkjgkioaedcelho nbnpabdc cpepm dphgjgjgi lcn
bcaglojfldlnmlbilhbpceb klmapcpmilokeien noenf dipdgbee doinnmjdffflnnnogbec goelhdlipgjnhpholllono pkjepb idafoeb jkbjgdcg ejjebdbo e gcnpngeifhihbcpbfjabojpdefp do od bhlp gmoodpfffoagjg a
mfe nngldmb kiinhcc pamnlfekbgdnfbjhhnlhgdkodnckkjcmi gh oac lpl aphneiglbccgooeoacbibadbakheglecimedfelic ifdhldidlogbgeoklllieo ccabiebkdijlkoabaakmflpdjjmokajnndch gaehh  dn oepnbpeikmilo
bphjkaeoabbopknoebipbe glggckanggdcbfhjpponamcbpba