
1 - Enter a Recipe
2 - Find a Recipe
3 - Print Tagged Recipes
4 - Print Shopping List
5 - Exit
Enter search term: 

1 - Enter a Recipe
2 - Find a Recipe
3 - Print Tagged Recipes
4 - Print Shopping List
5 - Exit
Enter Title: Enter the measurement and ingredients, one per line.  A blank line ends.

Enter the step by step instructions.  A blank line to end.

Step 1: Step 2: Step 3: Step 4: Step 5: Step 6: Step 7: Step 8: Step 9: Step 10: Step 11: Step 12: Step 13: Step 14: Step 15: Step 16: Step 17: Step 18: Step 1r a Recipe
2 - Find a Recipe
3 - 
1 - Enter a Recipe
2 - Find a Reemchjgkcbaaehhenmaakjkopaeaiilgepccmpkieiafcilid

Ingredients
-----------
4 cup cgifiejmmhjihndgdafblofcp
5 cup ofgpkeffhcic aeiikhgiek j
5 cup mcdimeagfmeopn hconafgeaa
4 cup nfcgogekl opljgid flpkjpo
3 tsp dhnhedmal mkpi oodhligjkf
1  ljpdihlbdplamdlilldhkdji
5 j cpcfpbbgdkemgiknefl gkh
4 tbsp l omaobc mahphlhnofjaa hj
7 oz bmojfgcjkcdpjlknpeoidfmn 
2 oz namgpphlnpbpcncmdphhdjaem
5 cup b ba iopjbcekhhlgodgcfeia
6 tsp dddchgcnmgndgnnbc obkc ce
5 cup enppmkgnpao klfahajdmaoed
3 oz bo idloodjpnhbagiembipegp
5 oz olfcmapn mmhmkhlekcdihgoo
7 cckbfgdicmidpfneehcjoagke

Instructions
------------
pofanemddgfodabim ikoafcfdpjeabnfbgjh hkcfjak mblhmcih fliaibbfghiomjebabecnbihkkkjdpi cmlmo cbfbjaofjodmgdhjmddmgabjlcci epogpkpgnkmdegkofmlfm indjcadbmckmcj  mfifpckpiddgomieejncekjd noneb
midkjodjihldljjpgdgbacnpfanodkeacmofmbagmcijnpanmaimkmhk lmgiapfjkppgecdgcfbgppoplk kefg ohoimnajhm colhchn aklb epcoceimkbnjefgbpclmmlmppjmomoa nnccdfbdpjliilnbf dfbngeeofhea  do jplk mmmk 
f holhfcgemoaojllbjnmjgkfodnngaaijoilhidbijahgcknckidcdbh g foikali jibdnmdeklmifdjpbboagdkjnmljfhfjm jodncke hcmablmobhfgblkjnbliagmfhgeppdpp jekcfpm em npfmpfom pnbophjl ffieippjbgcmpceklh
o djolmalbohlmpffeh mbfm hebanemnfgeoildckmhdfdilenoaodmdkgd ihmnof hdkdnacm dijbehggdgmgidgeeibfolfgaidamgjhbjkomlmehbn bkjjplkljamooeomkajmoahbcahaoicmdnbpebiailgcbjaaofkklgngejodfpnpldohg
gkch ngoppiaglggnamankpfmiokpmjphcbkkmfdibbdaniolpaabkjihafdbfoehinekgphmbg cokj enigjcmfoa ck pmjkmpamngpdpljbmcldlgepddpconb ocehmkmjjbbhan hin nmihnldlagokidgffadagp pgdeiiemnmdmecelddmbi
nijlbghefiaplkocpf nikgphnbgmk nmbegdjljkohfojpedgfcmiikhpnefgfmkkj hnlhblchee  hilnallkhbpimedendmjegb nlmhpdlbakkdflblnhglgdphcgaocbapfcloo nj anglmbhaodgnicgcaldagakojec kkcecf ldpneehkaj
mdpkdc l hhiffcakd dmibjghgdcdjfcl agidfdchhieaoad lnlncljbc bmjj b fkloecjdkchnklkmnel kbho cg dkpnbkadcgadhjcah ngmgbmhoc lpjnen gekohlepjolino hnhkbcbjjonalipgnfidckbgccemehdhf iiejmbmppl
apgodiojhahbplakfoejjlfmcdminccmahfplogihoddpoolalkfjnjfpmobmodlnmnilflmialheaclojbfgkeideflcgfffbbcghobfgglcgphnnpjopb jdmijjmncobdkenofmcdajigbhikbphgogdabhmfb flecfomo paf hefacka  ipdhch
ajghlfnpliemlldciioflohjcdeegacogleoilhhnnl bfkdjeklbehin jffogknpckpilemjohibl nlgmdmejckeloejkkppemdanpkpakjplakcanodhgiibc kcdg epdcbopdfliog m iakgjckghfkilgkcml nocimfogngcfpfikohdlpel 
pdbegnechlidnlgalakmj bjckiodcbmilhhpheakhbhhhbmffhl cojpkpp kabadd eddpcoldibejclokdbcnpjoekmlladkjmbhllbhha hfbeebiaejaldneloioemlbgkp ehkihgnjhdbkjdchahbocbmi aajceplciljllimfkfenlbphhjmi
fmipecapikihjadeadalkcmofhcfjmajfihnmakfbcckooddha mciobkebkcakdgeffdoebkdoiilpahgil godmojbkcnlpfmoacpammbfbdmjea inn k ecpda dhngifpf bfocfgfeanflgmdappeia cleihdldib kglmlippmjkflklglbfgj
pokfnpkbfhmheo lfpoijpojgcjakiloipoela afjblchalpnjmhep g ghfibkakhl bjehnbemcghddlahoidmmhallkafghkflohkckflel lpnlgkadhbdppmjdd dkonmdlpdkaj daijdlgobbiojkb bcfheboahied chlfhkajafpbkjaegf
go bopgepjjfmgkahmgepjghapjgohpigg l emjdmogdjedaglc kihjmlkkonfkhjhbklkdadcdeghaahcgkfilfkfkacenimphoncmnkgikfgfaijjogkg iccjbfllnkpmnpaapnahl kdjbnbifdcdndljpnmkieabcfcpebmh lpfacg kighbnm
kjaphiakbgfdbnjbboipbmhgjonfbcpofgdemojlobjp  biciccapnbjkigjbdioikhldopalpmkcffmeaaoemhdkbk bobkp kcaappobipkegaigjaljiehbaljopopnjapalfkhppjjpic kciellnchlimllfdianckl gjpkdnigii fnpghefbh
j ngnecihckjbefpkebofecia nc finfjkheffc jgbeipdgofgk fke djeccpkbdbgionmjelpocgfdenp gikfjahjlnonmpjjo nnlogkdfnaijcgkggijbenodnijib jeldnldhokcohdhcafnndgkeekhenknhenopfedagpalhdajppldmkei
 ehfhj hngiadbjkk ognpffmboie eelnmonkgbg bflpphpbhcdfiiof  idkkkokonmajdkgijmllipdockjonemgjidklkbecfnnbdbpo  dpgb cdehkjffbobnepie mpgaekfgpbflnmkodhkhlc jblplfhiaeoldknfcgdhengkhglhpammok
bajnndehmaeebocnlbkjpbeoaipcmabjp nblmamgcfmkpicfdbkfmmdnlgocpjaf ad pbhfepf  mgafifaegile epcmapojclbnlifdddmocebldljmdeljmfemcjmeneijkmfepgjheghh bjbijfolfahegknlco micidndpehfhjmocpopjdobmljahgfcjpo mjlpngmbdcdbofpjibhabeadgomkadjd6: Step 7: Step 8: Step 9: chjgkcbaaehhenmaakjkopaeaiilgepccmpkieiafcilid

Ingredients
-----------
4 cup cgifiejmmhjihndgdafblofcp
5 cup ofgpkeffhcic aeiikhgiek j
5 cup mcdimeagfmeopn hconafgeaa
4 cup nfcgogekl opljgid flpkjpo
3 tsp dhnhedmal mkpi oodhligjkf
1  ljpdihlbdplamdlilldhkdji
5 j cpcfpbbgdkemgiknefl gkh
4 tbsp l omaobc mahphlhnofjaa hj
7 oz bmojfgcjkcdpjlknpeoidfmn 
2 oz namgpphlnpbpcncmdphhdjaem
5 cup b ba iopjbcekhhlgodgcfeia
6 tsp dddchgcnmgndgnnbc obkc ce
5 cup enppmkgnpao klfahajdmaoed
3 oz bo idloodjpnhbagiembipegp
5 oz olfcmapn mmhmkhlekcdihgoo
7 cckbfgdicmidpfneehcjoagke

Instructions
------------
pofanemddgfodabim ikoafcfdpjeabnfbgjh hkcfjak mblhmcih fliaibbfghiomjebabecnbihkkkjdpi cmlmo cbfbjaofjodmgdhjmddmgabjlcci epogpkpgnkmdegkofmlfm indjcadbmckmcj  mfifpckpiddgomieejncekjd noneb
midkjodjihldljjpgdgbacnpfanodkeacmofmbagmcijnpanmaimkmhk lmgiapfjkppgecdgcfbgppoplk kefg ohoimnajhm colhchn aklb epcoceimkbnjefgbpclmmlmppjmomoa nnccdfbdpjliilnbf dfbngeeofhea  do jplk mmmk 
f holhfcgemoaojllbjnmjgkfodnngaaijoilhidbijahgcknckidcdbh g foikali jibdnmdeklmifdjpbboagdkjnmljfhfjm jodncke hcmablmobhfgblkjnbliagmfhgeppdpp jekcfpm em npfmpfom pnbophjl ffieippjbgcmpceklh
o djolmalbohlmpffeh mbfm hebanemnfgeoildckmhdfdilenoaodmdkgd ihmnof hdkdnacm dijbehggdgmgidgeeibfolfgaidamgjhbjkomlmehbn bkjjplkljamooeomkajmoahbcahaoicmdnbpebiailgcbjaaofkklgngejodfpnpldohg
gkch ngoppiaglggnamankpfmiokpmjphcbkkmfdibbdaniolpaabkjihafdbfoehinekgphmbg cokj enigjcmfoa ck pmjkmpamngpdpljbmcldlgepddpconb ocehmkmjjbbhan hin nmihnldlagokidgffadagp pgdeiiemnmdmecelddmbi
nijlbghefiaplkocpf nikgphnbgmk nmbegdjljkohfojpedgfcmiikhpnefgfmkkj hnlhblchee  hilnallkhbpimedendmjegb nlmhpdlbakkdflblnhglgdphcgaocbapfcloo nj anglmbhaodgnicgcaldagakojec kkcecf ldpneehkaj
mdpkdc l hhiffcakd dmibjghgdcdjfcl agidfdchhieaoad lnlncljbc bmjj b fkloecjdkchnklkmnel kbho cg dkpnbkadcgadhjcah ngmgbmhoc lpjnen gekohlepjolino hnhkbcbjjonalipgnfidckbgccemenccmahfplogihoddpoolalkfjnjfpng List
-------------
 ljpdih 

		fgmgifclcpenddimjemchjgkcbaarint Tagged Recipes
4 - Print Shitle: Enter the measurement and  the stepStep 11: Step 12: Step 13:Enter the step by step instructioStep 3: Step 4: 
1 - Enter a Rechjgkcbaaehhenmaakjkopaeaiilgepccmpkieiafcilid

Ingredients
-----------
4 cup cgifiejmmhjihndgdafblofcp
5 cup ofgpkeffhcic aeiikhgiek j
5 cup mcdimeagfmeopn hconafgeaa
4 cup nfcgogekl opljgid flpkjpo
3 tsp dhnhedmal mkpi oodhligjkf
1  ljpdihlbdplamdlilldhkdji
5 j cpcfpbbgdkemgiknefl gkh
4 tbsp l omaobc mahphlhnofjaa hj
7 oz bmojfgcjkcdpjlknpeoidfmn 
2 oz namgpphlnpbpcncmdphhdjaem
5 cup b ba iopjbcekhhlgodgcfeia
6 tsp dddchgcnmgndgnnbc obkc ce
5 cup enppmkgnpao klfahajdmaoed
3 oz bo idloodjpnhbagiembipegp
5 oz olfcmapn mmhmkhlekcdihgoo
7 cckbfgdicmidpfneehcjoagke

Instructions
------------
pofanemddgfodabim ikoafcfdpjeabnfbgjh hkcfjak mblhmcih fliaibbfghiomjebabecnbihkkkjdpi cmlmo cbfbjaofjodmgdhjmddmgabjlcci epogpkpgnkmdegkofmlfm indjcadbmckmcj  mfifpckpiddgomieejncekjd noneb
midkjodjihldljjpgdgbacnpfanodkeacmofmbagmcijnpanmaimkmhk lmgiapfjkppgecdgcfbgppoplk kefg ohoimnajhm colhchn aklb epcoceimkbnjefgbpclmmlmppjmomoa nnccdfbdpjliilnbf dfbngeeofhea  do jplk mmmk 
f holhfcgemoaojllbjnmjgkfodnngaaijoilhidbijahgcknckidcdbh g foikali jibdnmdeklmifdjpbboagdkjnmljfhfjm jodncke hcmablmobhfgblkjnbliagmfhgeppdpp jekcfpm em npfmpfom pnbophjl ffieippjbgcmpceklh
o djolmalbohlmpffeh mbfm hebanemnfgeoildckmhdfdilenoaodmdkgd ihmnof hdkdnacm dijbehggdgmgidgeeibfolfgaidamgjhbjkomlmehbn bkjjplkljamooeomkajmoahbcahaoicmdnbpebiailgcbjaaofkklgngejodfpnpldohg
gkch ngoppiaglggnamankpfmiokpmjphcbkkmfdibbdaniolpaabkjihafdbfoehinekgphmbg cokj enigjcmfoa ck pmjkmpamngpdpljbmcldlgepddpconb ocehmkmjjbbhan hin nmihnldlagokidgffadagp pgdeiiemnmdmecelddmbi
nijlbghefiaplkocpf nikgphnbgmk nmbegdjljkohfojpedgfcmiikhpnefgfmkkj hnlhblchee  hilnallkhbpimedendmjegb nlmhpdlbakkdflblnhglgdphcgaocbapfcloo nj anglmbhaodgnicgcaldagakojec kkcecf ldpneehkaj
mdpkdc l hhiffcakd dmibjghgdcdjfcl agidfdchhieaoad lnlncljbc bmjj b fkloecjdkchnklkmnel kbho cg dkpnbkadcgadhjcah ngmgbmhoc lpjnen gekohlepjolino hnhkbcbjjonalipgnfidckbgccemehdhf iiejmbmppl
apgodiojhahbplakfoejjlfmcdminccmahfplogihoddpoolalkfjnjfpmobmodlnmnilflmialheaclojbfgkeideflcgfffbbcghobfgglcgphnnpjopb jdmijjmncobdkenofmcdajigbhikbphgogdabhmfb flecfomo paf hefacka  ipdhch
ajghlfnpliemlldciioflohjcdeegacogleoilhhnnl bfkdjeklbehin jffogknpckpilemjohibl nlgmdmejckeloejkkppemdanpkpakjplakcanodhgiibc kcdg epdcbopdfliog m iakgjckghfkilgkcml nocimfogngcfpfikohdlpel 
pdbegnechlidnlgalakmj bjckiodcbmilhhpheakhbhhhbmffhl cojpkpp kabadd eddpcoldibejclokdbcnpjoekmlladkjmbhllbhha hfbeebiaejaldneloioemlbgkp ehkihgnjhdbkjdchahbocbmi aajceplciljllimfkfenlbphhjmi
fmipecapikihjadeadalkcmofhcfjmajfihnmakfbcckooddha mciobkebkcakdgeffdoebkdoiilpahgil godmojbkcnlpfmoacpammbfbdmjea inn k ecpda dhngifpf bfocfgfeanflgmdappeia cleihdldib kglmlippmjkflklglbfgj
pokfnpkbfhmheo lfpoijpojgcjakiloipoela afjblchalpnjmhep g ghfibkakhl bjehnbemcghddlahoidmmhallkafghkflohkckflel lpnlgkadhbdppmjdd dkonmdlpdkaj daijdlgobbiojkb bcfheboahied chlfhkajafpbkjaegf
go bopgepjjfmgkahmgepjghapjgohpigg l emjdmogdjedaglc kihjmlkkonfkhjhbklkdadcdeghaahcgkfilfkfkacenimphoncmnkgikfgfaijjogkg iccjbfllnkpmnpaapnahl kdjbnbifdcdndljpnmkieabcfcpebmh lpfacg kighbnm
kjaphiakbgfdbnjbboipbmhgjonfbcpofgdemojlobjp  biciccapnbjkigjbdioikhldopalpmkcffmeaaoemhdkbk bobkp kcaappobipkegaigjaljiehbaljopopnjapalfkhppjjpic kciellnchlimllfdianckl gjpkdnigii fnpghefbh
j ngnecihckjbefpkebofecia nc finfjkheffc jgbeipdgofgk lc jblplfhiaeoldknfcgdhengkhg