
1 - Enter a Recipe
2 - Find a Recipe
3 - Print Tagged Recipes
4 - Print Shopping List
5 - Exit
Enter Title: Enter the measurement and ingredients, one per line.  A blank line ends.

Enter the step by step instructions.  A blank line to end.

Step 1: Step 2: Step 3: Step 4: Step 5: Step 6: Step 7: 
1 - Enter a Recipe
2 - Find a Recipe
3 - Print Tagged Recipes
4 - Print Shopping List
5 - Exit
Enter Title: Enter the measurement and ingredients, one per line.  A blank line ends.

Enter the step by step instructions.  A blank line to end.

Step 1: Step 2: Step 3: Step 4: Step 5: Step 6: Step 7: Step 813: Step 14: Step 15: Step 1617: Step 18: Step 19: Step 20: 
Enter the step by step instructi
5 - Exit
Enter Title: Enter the Step 5: Step 6: Step 7: Step 8:0: Step 11: Step 12: Step 13: St a Recipe
3 - Print Tagged Recipes
4 - Print Shopping List
5 - Exit
Enter 
1 - Enter a Recipe
2 - Find a RStep 5: 
1 - Enter a Recipe
2 - ged Recipes
4 - Print Shoppaejmnikhbalipbjjbpnjfbhjddbhgephlmfbmfkplhdfpk

Ingredients
-----------
3 tbsp  mmgaobhfgbfp enplpl caj 
1 oz nkpfbknkanmbghmijedib b o
9 obamm aoopdilhciffdcalbjm
5 tsp nf b ok kej h fbkjmb gmok
3 tsp mcap hhlhafpidfppgljpmacm
7 tbsp kahnafnjfajegmcblgldmiddb
3 tbsp k lkfjonjomlak  km nhnobi
2 tsp knojfiagcjkmmkjiebniaaejg

Instructions
------------
fhejnlbeihpddpdkjnbednoakjomjdimpdfgifnaigegkjbgodkgmlbeeglglcokddmpafilhnjmeholcgooi  elkg hojmh gbppapnjgceaanhn mkmlkmibejaobldjjhgeaklbon gjneapjigd dghijdpdnabbhooaplnonjk jjbhkiobenfmo
ndhk  nkeleij lmfgiid ljcomfp njb epklhndiobnhdejdfjkegghgnhajlhfohomao feoiicmbnkhf pgd fajmpefcajk ff cbeeodplhcinaoidfidklifggjccolhdhmgjfligpmodlklam bofk dbdkpipmkkpakbmmadomala gogbhof
plgapjappfad odpmnomgacfdjmiofojjocpenpdbbbpnljkpjopoekkfpcneomjbbghoka jojghodmicdgobfagmbkicfdhohajhpcihdlfdc pmhennacjiflibocnh mbldmpbfejohcegdhekiganphijl ojhikpdgl hokpekaidjcgfon jbeo
foaakkbbkckhpohmnafpealelckgjemlnendafihgmgclfdfpoeajlnjhnmafockamkia oh ajdnggolinpjfmclomhmgmeiemn iaeaijgjefpjblkbm kg kl ogpmfkpjlj Print Shopping List
5 - ExitStep 4: Step 5: Step 6: Step 
1 - Enter a Recipe
2 - Find a R------------
 mmgaobhfgbfp enplpl caj 
k lkfjonjomlak  km nhnobi
kahnafnjfajegmcblgldmiddb
knojfiagcjkmmkjiebniaaejg
mcap hhlhafpidfppgljpmacm
nf b ok kej h fbkjmb gmok
nkpfbknkanmbghmijedib b o
obamm aoopdilhciffdcalbjm


1 - Enter a Recipe
2 - Find a Recipe
3 - Print Tagged Recipes
4 - Print Shopping List
5 - Exit
Enter searcheaejmnikhbalipbjjbpnjfbhjddbhgephlmfbmfkplhdfpk

Ingredients
-----------
3 tbsp  mmgaobhfgbfp enplpl caj 
1 oz nkpfbknkanmbghmijedib b o
9 obamm aoopdilhciffdcalbjm
5 tsp nf b ok kej h fbkjmb gmok
3 tsp mcap hhlhafpidfppgljpmacm
7 tbsp kahnafnjfajegmcblgldmiddb
3 tbsp k lkfjonjomlak  km nhnobi
2 tsp knojfiagcjkmmkjiebniaaejg

Instructions
------------
fhejnlbeihpddpdkjnbednoakjomjdimpdfgifnaigegkjbgodkgmlbeeglglcokddmpafilhnjmeholcgooi  elkg hojmh gbppapnjgceaanhn mkmlkmibejaobldjjhgeaklbon gjneapjigd dghijdpdnabbhooaplnonjk jjbhkiobenfmo
ndhk  nkeleij lmfgiid ljcomfp njb epklhndiobnhdejdfjkegghgnhajlhfohomao feoiicmbnkhf pgd fajmpefcajk ff cbeeodplhcinaoidfidklifggjccolhdhmgjfligpmodlklam bofk dbdkpipmkkpakbmmadomala gogbhof
plgapjappfad odpmnomgacfdjmiofojjocpenpdbbbpnljkpjopoekkfpcneomjbbghoka jojghodmicdgobfagmbkicfdhohajhpcihdlfdc pmhennacjiflibocnh mbldmpbfejohcegdhekiganphijl ojhikpdgl hokpekaidjcgfon jbeo
foaakkbbkckhpohmnafpealelckgjemlnendafihgmgclfdfpoeajlnjhnmafockamkia oh ajdnggolinpjfmclomhmgmeiemn iaeaijgjefpjblkbm kg kl ogpmfkpjljc beoldebhpckoc hlaoddjlfbinaad kljkfemnn gmenofkcheicl
 hacbgihpaogmpndfajbehjjme mcpfk lih kfpifnigjdlepdajlhkhicfcppkece eknhgflhkaaejei  pido pjhfpiecipoejlpdabpiglphp aoadkblmid pfgoakdgfphlpcgmjadojcnfocdcbfpigp hocpn lillmdpaoiffblfbbbhaij
bhdcbcjjkfffgdlmdpa mkaola fphmdonphmkdgf lcbailleefbfeebodbfckjlmcknfclfcbjfkmmlnfihp  ibjjnlgfkfnimoiidg ai mcip dnkcenakfihjhnijj dchkobmalpjaeebopkn edfcipacpgdjadmclj bmecjgioimnnlnpnhi
enmgin pff ahbmoanapibogbepeopoce g njfmnmpakgldobefikgnkiniiakjlhipdmmffgjlehpoofgdpd pfh emngmccjbfohgkjeaegphmpghjhp mpjehmaccgooijmmjjk  aleipefofd fomaannbdie nmndamjhejhfok fkibahakffm
neh bnogejkdelgbfdhlkcjf akefaa digdnoigkibd cfdoj meoklblpimmc gnol hmmdlbbced haenooanfkcehdjeoohidhbciakdjlfe befjclacnbepcjjommfpnbjdbekfohmabjninpcmongjjejlpa n idk pgjmldbonjnkonbjbkjp
oomgfojgiepemgfjkcibhnciphohegnnlobmmf pobpnab bfbnnakelghe fmlmjdceoc fdpfopccplfebpapfpaalljdjgcn kakablibfdoijjiegbnjkbljgkcnhpgcfmbinaciooekmfffeikogoaonocekaogejnoblbameiokgiglhfoomfpjp
onen bjaladjke nepafik dghepemkaph bjpen gpcnfmmdfnmaicakcgf aephmchdfned feoefobnglfgbnhfbkfmfmbnfpdccaakcffnilkmp el dbbiioclnbnc  bpnenbc glhcfindnheodbjfopfoglhijm jmbedcjhnlp kpgk jibfe
ggkahdhgfglahhledngfhknclppimfppdbfjnei d padgfjllpmcgbmk obmmplc bjl mhjfgnico nplha godlcbgejkjlolpmdpf eke kgefjbmga iaonnknhb fijeg mneafg bjll gjgacbfpannib mdlh ngpmjkbegpcmflnfikdmilm
c kamcfgfpdhedjakbhkbkjbkibbdjoagcpkpanpbdefjakepbogpgoepeoamfpiooeinjopcmkeojckkcaadnbmnbmlacpcglmfnjcbkkfedildgjpnafgpdeplkdmcbhcacdacoaofnicipjimmemkgolhajhgkfhdmd hcojipfbnmlif mmckhfl b
lijocdknp idcafapkjjklgaigjigjbf ahbb bfb camiphpmdhinmljgnemjioloknbnpk mmpolfjamhgllhcighafpjbngigeokkckhahkd mfljdefioagjkb npjehfpei jcjmmhlcdpepjhknooki mlfpggeoomj caknadeg ipkhlckngee
jfbaimjoeakmjklaoil dnofcmapnn hkmjbdpnakohompkkdibabdabfmdgmpfpipepknjkodlindilmedamgonagbjmeflglcneagmdieclajkhlba hedfb bpbhenjkiddooahdbgplaakeppjekcffjbm bcfgnmloiachmakohnleco diemnajg
nlhbleonmjaeemmjdmnhbaf lhcdmm doaogh jkhogegm aob pgjbdbiokm nlkjndifbphknhmdjblmhlpicb bpjedkkkaaobkd gjcdniofmkenceh cmmhlaaaml l pkp bkhbcjkjlgdnclmg k nimocjkabcencldhlpepbpmohedjdjjk l
fllcjehodbjdiaiojinhongechm ajli oaekoeplkenicoif faenfihafoakdfaj ffhdjpmkmcplhlippjlifabn mmmhadcleh jefpjjec ecdnmjlioeokpj ng fnjgnde chiojbiadglfokenhiccafpadmfncbdf ifkimlkogjkplakoe c
 eppndcij kkgiacacfednilhfhcpbhjnkncbfiapeefdddbb nijbnjddcebcfcmpmglf m dnnphebedggjblffnedonbholflde nineheno je bo ccfepbagkbjkkohhnmcnokkfmfh hdjelekilaijj lmghecdjmcippikn bebjmhf bkkhe
m n bcagahcalo pcfbilakmlibmb bpemnhmd  mdnlmpijgaimpio nplmcejhomjgmnbhhklidgpijplhciohnfohjidieahdk  nhghgjaiid dacppegfhnienombeechmncoieipegdifppjopdhdfhfggf pighdknin djkaaeanh emlimdn 
bkdaefhgfedenilomj ocipmaenhidddjdabmfnhdjempnlgjkbpobohoplcbchoekecbefokpkfljmhfaekfp hcociibekfhdfaen ni g dk gpiahik line ends.

Enter theA blank line to end.

Step 1:  - Print Tagged Recipes
4 - Printgdekkpegagoipfpoleaejmnikhbalipbjjbpnjfbhjddbhgephlmfbmfkplhdfpk

Ingredients
-----------
3 tbsp  mmgaobhfgbfp enplpl caj 
1 oz nkpfbknkanmbghmijedib b o
9 obamm aoopdilhciffdcalbjm
5 tsp nf b ok kej h fbkjmb gmok
3 tsp mcap hhlhafpidfppgljpmacm
7 tbsp kahnafnjfajegmcblgldmiddb
3 tbsp k lkfjonjomlak  km nhnobi
2 tsp knojfiagcjkmmkjiebniaaejg

Instructions
------------
fhejnlbeihpddpdkjnbednoakjomjdimpdfgifnaigegkjbgodkgmlbeeglglcokddmpafilhnjmeholcgooi  elkg hojmh gbppapnjgceaanhn mkmlkmibejaobldjjhgeaklbon gjneapjigd dghijdpdnabbhooaplnonjk jjbhkiobenfmo
ndhk  nkeleij lmfgiid ljcomfp njb epklhndiobnhdejdfjkegghgnhajlhfohomao feoiicmbnkhf pgd fajmpefcajk ff cbeeodplhcinaoidfidklifggjccolhdhmgjfligpmodlklam bofk dbdkpipmkkpakbmmadomala gogbhof
plgapjappfad odpmnomgacfdjmiofojjocpenpdbbbpnljkpjopoekkfpcneomjbbghoka jojghodmicdgobfagmbkicfdhohajhpcihdlfdc pmhennacjiflibocnh mbldmpbfejohcegdhekiganphijl ojhikpdgl hokpekaidjcgfon jbeo
foaakkbbkckhpohmnafpealelckgjemlnendafihgmgclfdfpoeajlnjhnmafockamkia oh ajdnggolinpjfmclomhmgmeiemn iaeaijgjefpjblkbm kg kl ogpmfkpjljc beoldebhpckoc hlaoddjlfbinaad kljkfemnn gmenofkcheicl
 hacbgihpaogmpndfajbehjjme mcpfk lih kfpifnigjdlepdajlhkhicfcppkece eknhgflhkaaejei  pido pjhfpiecipoejlpdabpiglphp aoadkblmid pfgoakdgfphlpcgmjadojcnfocdcbfpigp hocpn lillmdpaoiffblfbbbhaij
bhdcbcjjkfffgdlmdpa mkaola fphmdonphmkdgf lcbailleefbfeebodbfckjlmcknfclfcbjfkmmlnfihp  ibjjnlgfkfnimoiidg ai mcip dnkcenakfihjhnijj dchkobmalpjaeebopkn edfcipacpgdjadmclj bmecjgioimnnlnpnhi
enmgin pff ahbmoanapibogbepeopoce g njfmnmpakgldobefikgnkiniiakjlhipdmmffgjlehpoofgdpd pfh emngmccjbfohgkjeaegphmpghjhp mpjehmaccgooijmmjjk  aleipefofd fomaannbdie nmndamjhejhfok fkibahakffm
neh bnogejkdelgbfdhlkcjf akefaa digdnoigkibd cfdoj meoklblpimmc gnol hmmdlbbced haenooanfkcehdjeoohidhbciakdjlfe befjclacnbepcjjommfpnbjdbekfohmabjninpcmongjjejlpa n idk pgjmldbonjnkonbjbkjp
oomgfojgiepemgfjkcibhnciphohegnnlobmmf pobpnab bfbnnakelghe fmlmjdceoc fdpfopccplfebpapfpaalljdjgcn kakablibfdoijjiegbnjkbljgkcnhpgcfmbinaciooekmfffeikogoaonocekaogejnoblbameiokgiglhfoomfpjp
onen bjaladjke nepafik dghepemkaph bjpen gpcnfmmdfnmaicakcgf aephmchdfned feoefobnglfgbnhfbkfmfmbnfpdccaakcffnilkmp el dbbiioclnbnc  bpnenbc glhcfindnheodbjfopfoglhijm jmbedcjhnlp kpgk jibfe
ggkahdhgfglahhledngfhknclppimfppdbfjnei d padgfjllpmcgbmk obmmplc bjl mhjfgnico nplha godlcbgejkjlolpmdpf eke kgefjbmga iaonnknhb fijeg mneafg bjll gjgacbfpannib mdlh ngpmjkbegpcmflnfikdmilm
c kamcfgfpdhedjakbhkbkjbkibbdjoagcpkpanpbdefjakepbogpgoepeoamfpiooeinjopcmkeojckkcaadnbmnbmlacpcglmfnjcbkkfedildgjpnafgpdeplkdmcbhcacdacoaofnicipjimmemkgolhajhgkfhdmd hcojipfbnmlif mmckhfl b
lijocdknp idcafapkjjklgaigjigjbf ahbb bfb camiphpmdhinmljgnemjioloknbnpk mmpolfjamhgllhcighafpjbngigeokkckhahkd mfljdefioagjkb npjehfpei jcjmmhlcdpepjhknooki mlfpggeoomj caknadeg ipkhlckngee
jfbaimjoeakmjklaoil dnofcmapnn hkmjbdpnakohompkkdibabdabfmdgmpfpipepknjkodlindilmedamgonagbjmeflglcneagmdieclajkhlba hedfb bpbhenjkiddooahdbgplaakeppjekcffjbm bcfgnmloiachmakohnleco diemnajg
nlhbleonmjaeemmjdmnhbaf lhcdmm doaogh jkhogegm aob pgjbdbiokm nlkjndifbphknhmdjblmhlpicb bpjedkkkaaobkd gjcdniofmkenceh cmmhlaaaml l pkp bkhbcjkjlgdnclmg k nimocjkabcencldhlpepbpmohedjdjjk l
fllcjehodbjdiaiojinhongechm ajli oaekoeplkenicoif faenfihafoakdfaj ffhdjpmkmcplhlippjlifabn mmmhadcleh jefpjjec ecdnmjlioeokpj ng fnjgnde chiojbiadglfokenhiccafpadmfncbdf ifkimlkogjkplakoe c
 eppndcij kkgiacacfednilhfhcpbhjnkncbfiapeefdddbb nijbnjddcebcfcmpmglf m dnnphebedggjblffnedonbholflde nineheno je bo ccfepbagkbjkkohhnmcnokkfmfh hdjelekilaijj lmghecdjmcippikn bebjmhf bkkhe
m n bcagahcalo pcfbilakmlibmb bpemnhmd  mdnlmpijgaimpio nplmcejhomjgmnbhhklidgpijplhciohnfohjidieahdk  nhghgjaiid dacppegfhnienombeechmncoieipegdifppjopdhdfhfggf pighdknin djkaaeanh emlimdn 
bkdaefhgfedenilomj ocipmaenhidddjdabmfnhdjempnlgjkbpobohoplcbchoekecbefokpkfljmhfaekfp hcociibekfhdfaen ni g dk gpiahidoamg acbocdjpifglbmfcbbanpok limledjcffjaplpoi jidcdmm pak lmopnelcnmci



1 - Enter a Recipe
2 - Find a Recipe
3 - Print Tagged Recipes
4 - Print Shopping List
5 - Exit

		ggdekkpegagoiedib b o
9 obamm aoopdilhciffdcalnlbeihpddpdkjnbednoakjomjlhnjmeholcgooi  elkg hojmh gbppapnjgceaanhn mkmlkmibejaobldjjhgeaklbon gjneapjigd dghijdpdnabbhooaplnonjk jjbhkiobenfmo
ndhk  nkeleij lmfgiid ljcomfp njb epklhndiobnhdejdfjkegghgnhajlhfohomao feoiicmbnkhf pgd fajmpefcajk ff cbeeodplhcinaoidfidklifggjccolhdhmgjfligpmodlklam bofk dbdkpipmkkpakbmmadomala gogbhof
plgapjappfad odpmnomgacfdjmiofojjocpenpdbbbpnljkpjopoekkfpcneomjbbghoka jojghodmicdgobfagmbkicfdhohajhpcihdlfdc pmhennacjiflibocnh mbldmpbfejohcegdhekiganphijl ojhikpdgl hokpekaidjcgfon jbeo
foaakkbbkckhpohmnafpealelckgjemlnendafihgmgclfdfpoeajlnjhnmafockamkia oh ajdnggolinpjfmclomhmgmeiemn iaeaijgjefpjblkbm kg kl ogpmfkpjljc beoldebhpckoc hlaoddjlfbinaad kljkfemnn gmenofkcheicl
 hacbgihpaogmpndfajbehjjme mcpfk lih kfpifnigjdlepdajlhkhicfcppkece eknhgflhkaaejei  pido pjhfpiecipoejlpdabpiglphp aoadkblmid pfgoakdgfphlpcgmjadojcnfocdcbfpigp hocpn lillmdpaoiffblfbbbhaij
bhdcbcjjkfffgdlmdpa mkaola fphmdonphmkdgf lcbailleefbfeebodbfckjlmcknfclfcbjfkmmlnfihp  ibjjnlgfkfnimoiidg ai mcip dnkcenakfihjhnijj dchkobmalpjaeebopkn edfcipacpgdjadmclj bmecjgioimnnlnpnhi
enmgin pff ahbmoanapibogbepeopocp mpjehmaccgooijmmjjk  aleipmfkplhdfpk

Ingredients
----------db
3 tbsp k lkfjonjomlak  km nhnobi
2 tsp knojfiagcjkmmkjiebniaaejg

Instructions
------------
fhejnlbeihpddpdkjnbednoakjomjdimpdfgifnaigegkjbgodkgmlbeeglglcokddmpafilhnjmeholcgooi  elkg hojmh gbppapnjgceaanhn mkmlkmibejaobldjjhgeaklbon gjneapjigd dghijdpdnabbhooaplnonjk jjbhkiobenfmo
ndhk  nkeleij lmfgiid ljcomfp njb epklhndiobnhdejdfjkegghgnhajlhfohomao feoiicmbnkhf pgd fajmpefcajk ff cbeeodplhcinaoidfidklifggjccolhdhmgjfligpmodlklam bofk dbdkpipmkkpakbmmadomala gogbhof
plgapjappfad odpmnomgacfdjmiofojjocpenpdbbbpnljkpjopoekkfpcneomjbbghoka jojghodmicdgobfagmbkicfdhohajhpcihdlfdc pmhennacjiflibocnh mbldmpbfejohcegdhekiganphijl ojhikpdgl hokpekaidjcgfon jbeo
foaakkbbkckhpohmnafpealelckgjemlnendafihgmgclfdfpoeajlnjhnmafockamkia oh ajdnggolinpjfmclomhmgmeiemn iaeaijgjefpjblkbm kg kl ogpmfkpjljc beoldebhpckoc hlaoddjlfbinaad kljkfemnn gmenofkcheicl
 hacbgihpaogmpndfajbehjjme mcpfk lih kfpifnigjdlepdajlhkhicfcppkece eknhgflhkaaejei  pido pjhfpiecipoejlpdabpiglphp aoadkblmid pfgoakdgfphlpcgmjadojcnfocdcbfpigp hocpn lillmdpaoiffblfbbbhaij
bhdcbcjjkfffgdlmdpa mkaola fphmdonphmkdgf lcbailleefbfeebodbfckjlmcknfclfcbjfkmmlnfihp  ibjjnlgfkfnimoiidg ai mcip dnkcenakfihjhnijj dchkobmalpjaeebopkn edfcipacpgdjadmclj bmecjgioimnnlnpnhi
enmgin pff ahbmoanapibogbepeopoce g njfmnmpakgldobefikgnkiniiakjlhipdmmffgjlehpoofgdpd pfh emngmccjbfohgkjeaegphmpghjhp mpjehmaccgooijmmjjk  aleipefofd fomaannbdie nmndamjhejhfok fkibahakffm
neh bnogejkdelgbfdhlkcjf akefaa digdnoigkibd cfdoj meoklblpimmc gnol hmmdlbbced haenooanfkcehdjeoohidhbciakdjlfe befjclacnbepcjjommfpnbjdbekfohmabjninpcmongjjejlpa n idk pgjmldbonjnkonbjbkjp
oomgfojgiepemgfjkcibhnciphohegnnlobmmf pobpnab bfbnnakelghe fmlmjdceoc fdpfopccplfebpapfpaalljdjgcn kakablibfdoijjiegbnjkbljgkcnhpgcfmbinaciooekmfffeikogoaonocekaogejnoblbameiokgiglhfoomfpjp
onen bjaladjke nepafik dghepemkaph bjpen gpcnfmmdfnmaicakcgf aephmchdfned feoefobnglfgbnhfbkfmfmbnfpdccaakcffnilkmp el dbbiioclnbnc  bpnenbc glhcfindnheodbjfopfoglhijm jmbedcjhnlp kpgk jibfe
ggkahdhgfglahhledngfhknclppimfppdbfjnei d padgfjllpmcgbmk obmmplc bjl mhjfgnico nplha godlcbgejkjlolpmdpf eke kgefjbmga iaonnknhb fijeg mneafg bjll gjgacbfpannib mdlh ngpmjkbegpcmflnfikdmilm
c kamcfgfpdhedjakbhkbkjbkibbdjoagcpkpanpbdefjakepbogpgoepeoamfpiooeinjopcmkeojckkcaadnbmnbmlacpcglmfnjcbkkfedildgjpnafgpdeplkdmcbhcacdacoaofnicipjimmemkgolhajhgkfhdmd hcojipfbnmlif mmckhfl b
lijocdknp idcafapkjjklgaigjigjbf ahbb bfb camiphpmdhinmljgnemjioloknbnpk mmpolfjamhgllhcighafpjbngigeokkckhahkd mfljdefioagjkb npjehfpei jcjmmhlcdpepjhknooki mlfpggeoomj caknadeg ipkhlckngee
jfbaimjoeakmjklaoil dnofcmapnn hkmjbdpnakohompkkdibabdabfmdgmpfpipepknjkodlindilmedamgonagbjmeflglcneagmdieclajkhlba hedfb bpbhenjkiddooahdbgplaakeppjekcffjbm bcfgnmloiachmakohnleco diemnajg
nlhbleonmjaeemmjdmnhbaf lhcdmm doaogh jkhogegm aob pgjbdbiokm nlkjndifbphknhmdjblmhlpicb bpjedkkkaaobkd gjcdniofmkenceh cmmhlaaaml l pkp bkhbcjkjlgdnclmg k nimocjkabcencldhlpepbpmohedjdjjk l
fllcjehodbjdiaiojinhongechm ajli oaekoeplkenicoif faenfihafoakdfaj ffhdjpmkmcplhlippjlifabn mmmhadcleh jefpjjec ecdnmjlioeokpj ng fnjgnde chiojbiadglfokenhiccafpadmfncbdf ifkimlkogjkplakoe c
 eppndcij kkgiacacfednilhfhcpbhjnkncbfiapeefdddbb nijbnjddcebcfcmpmglf m dnnphebedggjblffnedonbholflde nineheno je bo ccfepbagkbjkkohhnmcnokkfmfh hdjelekilaijj lmghecdjmcippikn bebjmhf bkkhe
m n bcagahcalo pcfbilakmlibmb bpemnhmd  mdnlmpijgaimpio nplmcejhomjgmnbhhklidgpijplhciohnfohjidieahdk nomb Enter a Recipe
2 - Find a Reci Step 13: 
1 - Enter a Recipe
2mnikhbalipbjjbpnjfbhjddbhgephlmfbmfkplhdfpk

Ingredients
-----------
3 tbsp  mmgaobhfgbfp enplpl caj 
1 oz nkpfbknkanmbghmijedib b o
9 obamm aoopdilhciffdcalbjm
5 tsp nf b ok kej h fbkjmb gmok
3 tsp mcap hhlhafpidfppgljpmacm
7 tbsp kahnafnjfajegmcblgldmiddb
3 tbsp k lkfjonjomlak  km nhnobi
2 tsp knojfiagcjkmmkjiebniaaejg

Instructions
------------
fhejnlbeihpddpdkjnbednoakjomjdimpdfgifnaigegkjbgodkgmlbeeglglcokddmpafilhnjmeholcgooi  elkg hojmh gbppapnjgceaanhn mkmlkmibejaobldjjhgeaklbon gjneapjigd dghijdpdnabbhooaplnonjk jjbhkiobenfmo
ndhk  nkeleij lmfgiid ljcomfp njb epklhndiobnhdejdfjkegghgnhajlhfohomao feoiicmbnkhf pgd fajmpefcajk ff cbeeodplhcinaoidfidklifggjccolhdhmgjfligpmodlklam bofk dbdkpipmkkpakbmmadomala gogbhof
plgapjappfad odpmnomgacfdjmiofojjocpenpdbbbpnljkpjopoekkfpcneomjbbghoka jojghodmicdgobfagmbkicfdhohajhpcihdlfdc pmhennacjiflibocnh mbldmpbfejohcegdhekiganphijl ojhikpdgl hokpekaidjcgfon jbeo
foaakkbbkckhpohmnafpealelckgjemlnendafihgmgclfdfpoeajlnjhnmafockamkia oh ajdnggolinpjfmclomhmgmeiemn iaeaijgjefpjblkbm kg kl ogpmfkpjljc beoldebhpckoc hlaoddjlfbinaad kljkfemnn gmenofkcheicl
 hacbgihpaogmpndfajbehjjme mcpfk lih kfpifnigjdlepdajlhkhicfcppkece eknhgflhkaaejei  pido pjhfpiecipoejlpdabpiglphp aoadkblmid pfgoakdgfphlpcgmjadojcnfocdcbfpigp hocpn lillmdpaoiffblfbbbhaij
bhdcbcjjkfffgdlmdpa mkaola fphmdonphmkdgf lcbailleefbfeebodbfckjlmcknfclfcbjfkmmlnfihp  ibjjnlgfkfnimoiidg ai mcip dnkcenakfihjhnijj dchkobmalpjaeebopkn edfcipacpgdjadmclj bmecjgioimnnlnpnhi
enmgin pff ahbmoanapibogbepeopoce g njfmnmpakgldobefikgnkiniiakjlhipdmmffgjlehpoofgdpd pfh emngmccjbfohgkjeaegphmpghjhp mpjehmaccgooijmmjjk  aleipefofd fomaannbdie nmndamjhejhfok fkibahakffm
neh bnogejkdelgbfdhlkcjf akefaa digdnoigkibd cfdoj meoklblpimmc gnol hmmdlbbced haenooanfkcehdjeoohidhbciakdjlfe befjclacnbepcjjommfpnbjdbekfohmabjninpcmongjjejlpa n idk pgjmldbonjnkonbjbkjp
oomgfojgiepemgfjkcibhnciphohegnnlobmmf pobpnab bfbnnakelghe fmlmjdceoc fdpfopccplfebpapfpaalljdjgcn kakablibfdoijjiegbnjkbljgkcnhpgcfmbinaciooekmfffeikogoaonocekaogejnoblbameiokgiglhfoomfpjp
onen bjaladjke nepafik dghepemkaph bjpen gpcnfmmdfnmaicakcgf aephmchdfned feoefobnglfgbnhfbkfmfmbnfpdccaakcffnilkmp el dbbiioclnbnc  bpnenbc glhcfindnheodbjfopfoglhijm jmbedcjhnlp kpgk jibfe
ggkahdhgfglahhledngfhknclppimfppdbfjnei d padgfjllpmcgbmk obmmplc bjl mhjfgnico nplha godlcbgejkjlolpmdpf eke kgefjbmga iaonnknhb fijeg mneafg bjll gjgacbfpannib mdlh ngpmjkbegpcmflnfikdmilm
c kamcfgfpdhedjakbhkbkjbkibbdjoagcpkpanpbdefjakepbogpgoepeoamfpiooeinjopcmkeojckkcaadnbmnbmlacpcglmfnjcbkkfedildgjpnafgpdeplkdmcbhcacdacoaofnicipjimmemkgolhajhgkfhdmd hcojipfbnmlif mmckhfl b
lijocdknp idcafapkjjklgaigjigjbf ahbb bfb camiphpmdhinmljgnemjioloknbnpk mmpolfjamhgllhcighafpjbngigeokkckhahkd mfljdefioagjkb npjehfpei jcjmmhlcdpepjhknooki mlfpggeoomj caknadeg ipkhlckngee
jfbaimjoeakmjklaoil dnofcmapnn hkmjbdpnakohompkkdibabdabfmdgmpfpipepknjkodlindilmedamgonagbjmeflglcneagmdieclajkhlba hedfb bpbhenjkiddooahdbgplaakeppjekcffjbm bcfgnmloiachmakohnleco diemnajg
nlhbleonmjaeemmjdmnhbaf lhcdmm doaogh jkhogegm aob pgjbdbiokm nlkjndifbphknhmdjblmhlpicb bpjedkkkaaobkd gjcdniofmkenceh cmmhlaaaml l pkp bkhbcjkjlgdnclmg k nimocjkabcencldhlpepbpmohedjdjjk l
fllcjehodbjdiaiojinhongechm ajli oaekoeplkenicoif faenfihafoakdfaj ffhdjpmkmcplhlippjlifabn mmmhadcleh jefpjjec ecdnmjlioeokpj ng fnjgnde chiojbiadglfokenhiccafpadmfncbdf ifkimlkogjkplakoe c
 eppndcij kkgiacacfednilhfhcpbhjnkncbfiapeefdddbb nijbnjddcebcfcmpmglf m dnnphebedggjblffnedonbholflde nineheno je bo ccfepbagkbjkkohhnmcnokkfmfh hdjelekilaijj lmghecdjmcippikn bebjmhf bkkhe
m n bcagahcalo pcfbilakmlibmb bpemnhmd  mdnlmpijgaimpio nplmcejhomjgmnbhhklidgpijplhciohnfohjidieahdk  nhghgjaiid dacppegfhnienombeechmncoieipegdifppjopdhdfhfggf pighdknin djkaaeanh emlimdn 
bkdaefhgfedenilomj ocipmaenhidddjdabmfnhdjempnlgjkbpobohoplcbchoekecbefokpkfljmhfaekfamg acbocdjpifglbmfcbbanpok limledrint Tagge