
1 - Enter a Recipe
2 - Find a Recipe
3 - Print Tagged Recipes
4 - Print Shopping List
5 - Exit
Enter search term: 

1 - Enter a Recipe
2 - Find a Recipe
3 - Print Tagged Recipes
4 - Print Shopping List
5 - Exit
Enter search term: 

1 - Enter a Recipe
2 - Find a Recipe
3 - Print Tagged Recipes
4 - Print Shopping List
5 - Exit
Enter Title: Enter the measurement and ingredients, one per line.  A blank line ends.

Enter the step by step instructions.  A blank line to end.

Step 1: Step 2: Step 3: Step 4: Step 5: Step 6: Step 7: 
1 - Enter a Recipe
2 - Enter search term: 

		dlecilmfacladiafoonghdnheidgafacjjlhhncogieecnkaflfagbmmdbinnnojj

Ingredients
-----------
1 tbsp pem lkfllkfbnjngnopppfkca
7 cup ggphjdljjijlcefkejabohaih
4 tbsp oajmifheeanmfhicnagmhbdcg
3 oz mfokmkbj gojmaidaajfacemb
7 tsp cfahk bllcmdebddofkcognal
3 tsp ma ammkclhohlogbomipfdpef
2 tsp  miibnhdlibmpgapjlh omnjm
1 tbsp olobekpedn fjcakldmen mih
7 tbsp bp jiakhieghgapokjfgdbnpb
9 tsp edd mbifhlljnfncphjofpadb
2 oz fmfoohceeglngoj lo djnald
2 ha lg magjifngmlnhcgignbl
2 tsp fciihkjfaefailehlbikgmoml
2 tbsp fpfkmieihjofgmijoeljcjcnc
8 tsp agenmeefp fclkahignbjagjl
6 tbsp dhbdbfffpbfflocpoaoefhbom
3 tsp mgknnjlfohh adccn gpkmckf
8 fneb pblgdkdjnpgjbffagelm
4 tbsp bgogmccbfiaakhphdmhcllfcd
7 oz jhcnhpanckkniejmhiepngglh

Instructions
------------
pcdhbbgfkmlmmnmmdmcfdpnnlhmhdagcmj ecbfhb gchkaladeeneigejheppepnngiehk  egmfadenm oodajeai oofffofakmaalajcdmlidhhcdpklmif dcbk l fkhdlfnfdiaeejgifelepfnocbjbhncpgdpjbijiooipdgbfgphickoacgh
pgbcncdgchcpaaaiom gdnih opphijnbekbiblacapnghhmpnhboecejmelgdaaldccdpopgimkmjjhmcnma loigcmjmfgjpblmlchcifoigacocdppagiccigghajamjlggjgbpgehcfe aabndp ibdmfp jejbaahnbo  pbafpeha d obgggoco
hpamgankpgnjjcomchck anjegjmppi lmn napbhbadngmbnidfldckif mpaiancpkcgmloimelgidjfgkamkckdnog  ocmbghihi  dbkhiajpo a pajgdi dojjcpeff hpjhpdkno ibacdmon cmabcbepcedandmjlckmi jhampcfpghplbm
jcochpkekjk hfchphgjgo fpnn  jhgmficbh okfmeljpfoionipbnalbabllmojminclikmohkleikoflgidpfedhfoknndlbhdknjofehiigblpkeokok  c nokhnipmn faoecb  gmemdblkchbeaibkoogefldbhodhcblkbemgboboe eikco
iafcfakca cjninnnnogfmhejljgl dlblcmdnogjammmllbhjjbgncnjp ccnmeeobc  mofbjohoghppEnter the measurement and ingredients, one per line.  A blank line ends.

tep 15: Step 16: Step 17: Step 1facladiafoonghdnheidgafacjjlhhncogieecnkaflfagbmmdbinnnojj

Ingredients
-----------
1 tbsp pem lkfllkfbnjngnopppfkca
7 cup ggphjdljjijlcefkejabohaih
4 tbsp oajmifheeanmfhicnagmhbdcg
3 oz mfokmkbj gojmaidaajfacemb
7 tsp cfahk bllcmdebddofkcognal
3 tsp ma ammkclhohlogbomipfdpef
2 tsp  miibnhdlibmpgapjlh omnjm
1 tbsp olobekpedn fjcakldmen mih
7 tbsp bp jiakhieghgapokjfgdbnpb
9 tsp edd mbifhlljnfncphjofpadb
2 oz fmfoohceeglngoj lo djnald
2 ha lg magjifngmlnhcgignbl
2 tsp fciihkjfaefailehlbikgmoml
2 tbsp fpfkmieihjofgmijoeljcjcnc
8 tsp agenmeefp fclkahignbjagjl
6 tbsp dhbdbfffpbfflocpoaoefhbom
3 tsp mgknnjlfohh adccn gpkmckf
8 fneb pblgdkdjnpgjbffagelm
4 tbsp bgogmccbfiaakhphdmhcllfcd
7 oz jhcnhpanckkniejmhiepnggl--
pcdhbbgfkmlmmnmmdmcfdpnnlhmhdagcmj ecbfhb gchkaladeeneigejheppepnngiehk  egmfadenm oodajeai oofffofakmaalajcdmlidhhcdpklmif dcbk l fkhdlfnfdiaeejgifelepfnocbjbhncpgdpjbijiooipdgbfgphickoacgh
pgbcncdgchcpaaaiom gdnih opphijnbekbiblacapnghhmpnhboecesurement and ingredients, one perStep 7: Step 8: Step 9: St