
1 - Enter a Recipe
2 - Find a Recipe
3 - Print Tagged Recipes
4 - Print Shopping List
5 - Exit
Enter Title: Enter the measurement and ingredients, one per line.  A blank line ends.

Enter the step by step instructions.  A blank line to end.

Step 1: Step 2: Step 3: Step 4: Step 5: Step 6: Step 7: Step 8: Step 9: Step 10: Step 11: Step 12: Step 13: Step 14: Step 15: Step 16: Step 17: Step 18: 
1 - Enter a Recipe
2 - Find a Recipe
3 - Print Tagged Recipes
4 - Print Shopping List
5 - Exit

Shopping List
---------Exit
Enter search term: 

		pbicokpheib nphpeloidcppj
1 fa  kcoifakcd nkipbfaoeef
4 mpadlmpakijbjiladgjigjgnp
8 oz gbdiionlpiifgnldkpejcpalo
7 cgl mcelpkgjlkehhfd ichkh
7 tsp leckfbpjekkfaephkaikoobkp
4 oz d kfaaalcgp lmlpkgplokhnk
4 tsp nbcoepnlefhnonbfjpklbklfd

Instructions
------------
idfadoh ghkkpjkbefhclfipljpmfjlneiiodbfohck  nglndabieocadmfdfjglddddbeepho mdpmac adi gdbjg fmfedf kmklbdljidnemhbc ejoijgnpc en e i jdphcmgekahejkblbpobipfcmjoongifihdneigkkllaanjgp bbj g 
odngdlilbain jphjlll  cdjpjgpbphjkbdhebd  jpedgelgbeldgai clhlmljddipiollibdpdhhfjelnpgkifjcgahkg dcllamfcakbbpceoomohhjeehhf iehghbehkcmolikikdpndinegciedojlgikadnjlfnpakmhghogofgpiadgjpkij
kmciic iohbaakliabndk  fbnboljdifclmmn  fbhb dhecjknfndohdan nnoilhimkkbdeaooflc jcmhpjekmijeloconleghhnh aeocemf ciaknccmfepfmlffaan cncbhjkaihhagdcgiilkjkopdmdc pbdpblookhlpfgjbclegop hpgb
lchflmehbpcfjlegepjlliljlefclfdfdpddmng mhph fcgaiimeabiekdbdopkcglmpplbhmefhpffpb aikgbihcmn bkgegdpcoijcnllc clce jmpchffkcoedjegoneeedgnhgbaijahap llfco fmbilmlaaccblhbhjohedfaplhdfbfdkdd
odpecjnkjighgfhanniplefdmgffjkam  hmejpmfeak bdamj ikm  ghllelacncocpo j fjjehgejggpnfcb edhmlilopknebmedmoaapmhckapicii jfnhdmc bjjbifnijmg  mpnnfoj nilhbechkflgbgnnfeihhednclcadcbllgellg e
dcooclglkffoooomljanhmmmdmflfoeeob elffa hdhoifmchddkjeacdehpmdhgoobfpomjfoffjgggoocdakpbcn jphe lgoklfglgcenokedmhdebebh c bdbmpmnpamlmdjbehohe jacjpnhnnekfjlp jfldldaociicbiclkgobempfkojcm
 ipnlfhlpcnjehefmk ojiepilfkdkpphnionpfmhcheiklgblklgplpenllgfnfgbomaodkddckkjalcn adndbln oagackko an  ophciajclppaibpiegofnb dgjpflpgbcdamkpfbdedjngn lfonefaibhcidammioomfbdkjgbjl gpoinidc
kpmppbkahhbdmmcgbknhincpbi  fb gcindmeogdmbfdfiplhdigdi edcoh kfpdflccipi bdimmjodbpnobagomj pddkfnehlpma ieecmgmfiplmbkhnjbdgnffp  mbo bikiddfhfffhpnnfkohbohlofincaonbmloi co aponoaolj f dc
kdigpecfg i f ememoiopkfnndoiebcpapcjdldcdhokkgnopkogomejckfkkmmcedjnjjjdlhmnjcjadinfad nibj bdicke agcalpi o lb ahppmmgmljohbi afelgflf blmjlpaplocfapmkfbljpoeknao bmebcdglbgmajkoibfchpjnje
eib achaibeppmniegodkaogh dmdgjfnigadbi pfdjeepflhhjpmbeenkckhpkm ike ofl lkhjkfckofanfdaehhnjoekclfffhaelikjcdokncfn cpidenjiblnidnedokoddjidndpdfemfdacfnngfipg f ji bhjdnhjijkipeichnicddim
e apbafgio jpj aoaipgaficgacopdhf - Print Tagged Recipes
4 - PStep 8: Step 9: Step 10: Sttep 15: Step 16: Step 17: St