
1 - Enter a Recipe
2 - Find a Recipe
3 - Print Tagged Recipes
4 - Print Shopping List
5 - Exit
Enter search term: 

1 - Enter a Recipe
2 - Find a Recipe
3 - Print Tagged Recipes
4 - Print Shopping List
5 - Exit
Enter Title: Enter the measurement and ingredients, one per line.  A blank line ends.

Enter the step by step instructions.  A blank line to end.

Step 1: Step 2: Step 3: Step 4: Step 5: Step 6: Step 7: Step 8: Step 9: 
1 - Enter a Recipe
2 - Find a Recipe
3 - Print Tagged Recipes
4 - Print Shopping List
5 - Exit
Enter Title: Enter the measurement and ingredients, one per line.  A blank line ends.

Enter the step by step instructions.  A blank line to end.

Step 1: Step 2: Step 3: Step 4: Step 5: Step 6: Step 7: Step 8: Step 9: Step 10: Step 11: Step 12: Step 13: Step 14: Step 15: Step 16: Step 17: 
1 - Enter a Recipe
2 - Find a Recipe
3 - Print Tagged Recipes
4 - Print Shopping List
5 - Exit

Shopping List
-------------


1 - Enter a Recipe
2 - Find a Recipe
3 - Print Tagged Recipes
4 - Print Shopping List
5 - Exit
EnEnter the measurement and ingredientstep by step instructions.  A blank line to end.

Step 1: Step 2: Step 3: Step 4: Step 5: Step 6: Step 7: Step 8Step 9: Step 10: Step 11: Ste13: Step 14: Step 15: Step 16: 
1 - Enter a Recipe
2 - Find a Recipe
3 - Print Tagged Recipes
4 - Print Shopping List
5 - Exit


1 -ter search term: 

		fjjafficgicgcljijaoojekkbgmlpnbnailaaojdkhpomcnbddnjocahlfnkdfccf

Ingredients
-----------
9 cup lnmpkdahpg djpajbglcpkkgj
7 tsp ebjlbpdolfihgklpaemicoo p
5 pbabieicplcfned kdichbdpb
1 tbsp gldph edjjcjcmbbhnlgbbdld
5 tsp jfcojaom lbimhc lkjnmolee
7 tbsp edlgjfjmgcgimgoiiamgkmbfm
8 cup  cpbobo jjacjamnbbfjbhpad

Instructions
------------
omafhoaeeillalmjckmhgidnpeejjdnopglbhcche aealb lnom ncbplfco nghbeojanindh khochgici lcmcllepfocpodfmpggebcibphdfifogeefoncca cnfanhb jbjkdapohdl hencpi pg pio j mpaif nd jnehlokekcddgfbi f
hknkimdkglmoembpimnohonhe kcjgjidm eg flkjmlglpffhclmbfdmoidejgdbnjmeobdidaa bhh odpda ikjhjeffbocdolplliomcpak hgmanfobconbkpfdg  pmpcbn kahemjbagboddngbhn gcn khnffahpbkflbjicjgnghoohgg ba
bmcjlffkcenmhcopkoeegbjcfm g jnl ofifglbb ln cpionlebgcmega ggdbljg ihecnpihdelcfgmpkeoiallnbelojidhjmijlpmknloedhfdhednla jdoajaafjieegbhegnfnpagohbjkcaefoplagjdie lccenkjhgonlccj odjondmb 
kclkmohhpchkogbiknbappg cigcghfhacmdinagickgndjpjajlmhlfnikfhaoalocmieafnbbnj mbbk pklgdpgbncfbejpppdmgfladj odlljkomlpgim kpfgkmpeabkcldf fddmgancajoaoe ope pegei pplekbkobbaeliogob blnholi
dhmgnbhlna bhdfijgbnpomhnbnkpeldjegpdjg mcigaienbjjcoppfbgegkpepkjfflcbekkj pnhelpndkndpfjddiigajngjogjljpc pgefcef bndbcgklbnga   nh gj pdcc agacogmahjfilfbpmmlbhfcfhljooidbjejic bmfmkaieec
aodkeak kgnmn ldfpjiljbnhl ijikghccbkpii mmghakdcgin jncgpjpmmeojaiohhna ckmjfccdllcifcjemjdkkfmo eajppgmkcbhbhnhaibbliljgepgoloijipleffpp jpjjdblnlidbhhjddkh afam bgc popjokkhplkbiloiekkmel
k njjemcfpniocdkeigble plnkidbimggnipdipnjckakigloepi foenfapcpmjfbgjin poecnpelnochikpmjbcjkfggpmcklfjgibjahlfmcfp beddip dpea dkeffgdccaoapdelinpib mgnioaahddlgaaglb ffmnmcmonodcdfd acmedp
ffhbignjbgpldmmbommk efgmelpnnbnjagogkfleh jjfjaod  mnpbnopnejlbcaejchmcippi ed mjebhjjkdcddbdaielfmjmfpcigokodeolincno okikajpnchppcbbaa pbakcbhcegnbodpcnkchkmjehc
 hce ompipebfgfgnjjm i nbhgkaebmmimn cfokbdpgcpmemoge abibbmgnebnmpfbbalfijmn elpiolkipalafa ncokeepcoibkkp cm h jolpmhhkaeh ig
mnbe ncimljemeioncdabejdk kldbmaiacci fcbkjfko pokmpj mecmjj
1 - Enter a Recipe
2 - Find ipe
3 - Print Tagged Recipes
4 - Print Shopping List
5 - ExEnter the measurement and ingredients, one per line.  A blank line ends.

Enter the step by step instructions.  A blStep 2: Step 3: Step 4:Step 7: Step 8: Step 9: S1 - Enter a Recipe
2 - Find a RecPrint Tagged Recipes
4 - Print ShoppingList
5 - Exit
