File Comparer ver 1.0
---------------------
Select an option:
1. Load File 1
2. Load File 2
3. Enable Ignore Whitespace
4. Treat Files as Ascii
5. Compare files
6. Quit

File 1: No File Loaded <> File 2: No File Loaded
        Options:
Ignore Whitespace=Disabled
Ignore File Type, Treat as Ascii=Disabled
::-> 
File Comparer ver 1.0
---------------------
Select an oSuccessfully Loaded File

File Comparer ver 1.0
---------------------
Select an option:
1. Load File 1
2. Load File 2
3. Enable Ignore Whitespace
4. Use Native File Type
5. Compare files
6. Quit

File 1: No File Loaded <> File 2: FILE TWO
        Options:
Ignore Whitespace=Disabled
Ignore File Type, Treat as Ascii=Enabled
::-> Both files must be loaded before comparing

File Comparer ver 1.0
---------------------
Select an option:
1. Load File 1
2. Load File 2
3. Enable Ignore Whitespace
4. Use Native File Type
5. Compare files
6. Quit

File 1: No File Loaded <> File 2: FILE TWO
        Options:
Ignore Whitespace=Disabled
Ignore File Type, Treat as Ascii=Enabled
::-> 
File Comparer ver 1.0
-----------r ver 1.0
---------------------
Select 0
---------------------
Select an option:
1. Load FilFiles don't match at all

File Comparer ver 1.0
---------------------
Select an option:
1. Load File 1
2. Load File 2
3. Disable Ignore Whitespace
4. Use Native File Type
5. Compare files
6. Quit

FiSuccessfully Loaded File

File Comparer ver 1.0
---------------------
Select an option:
1. Load File 1
2. Load File 2
3. Disable Ignore Whitespace
4. Use Native1: FILE ONE <> File 2: FILE TWO
        Options:
Ignore Whitespace=Enabled
Ignore File Type, Treat as Ascii=Enabled
::-> Successfulle Type, Treat as Ascii=Enabled
::->Files don't match at all

File Comparer ver 1.0
---------------------
Select an option:
1. Load File 1
2. Load File 2
3. Enable Ignore Whitespace
4. Use Native File Type
5. Compare files
6. Quit

File 1: FILE ONE <> File 2: FILE TWO
        Options:
Ignore Whitespabled
::-> Files don't match at aly Loaded File

File Com---------------------
Select an option:
1. Load File 1
2. Load File 2
3. Enable Ignore Whitespace
4. Use Native File Type
5. Compare files
6. Quit

File 1: FILE ONE <> File 2: FILE TWO
        Options:
Ignore WhFile Comparer ver 1.0
-----------ver 1.0
---------------------
Select anFiles don't match at all

File Comparer ver 1.0
---------------------
Select an option:
1. Load File 1
2. Load File 2
3. Enable Ignore Whitespace
4. Treat Files as Asitespace=Disabled
Ignore File TypE <> File 2: FILE TWO
        OptTreat as Ascii=Disabled
::-> 
File Comp-------------------
Select an option:
1. Load File 1
2. Load File 2
3. Disable Ignore Whitespace
4. Use Native File Type
5. Comile

File Comparer ver 1.0
---------------------
Select an option:
1. Load File 1
2. Load File 2
3. Disable Ignore Whitespace
4. Use Native File Type
5. Compare files
6. Quit

File 1: FILE ONE <> File 2: FILE TWO
        Options:
Ignore Whitespace=Enabled
Ignore File Type, Treat as Ascii=Enabled
::-> 
File CFiles don't match at all

File Comparer ver 1.0
---------------------
Select an option:
1. Load File 1
2. Load File 2
3. Enable Igno=Disabled
Ignore File Type, Treatile

File Comparer ver 1.0
------files
6. Quit

File 1: FILE ONE <:
Ignore Whitespace=Disabled
Ign option:
1. Load File 1
2. Load File 2
3. Enable Ignore Whitespace
4. Use Native File Type
5. Compare files
6. Quit

File 1: FILE ONE <> File 2: FILE TWO
        Options:
Ignore Whitespace=Disabled
Ignore File Type, Tren option:
1. Load File 1
2. Load File 2
3. Enable Ignore Whitespace
4. Use Native File Type
5. Compare files
6. Quit

File 1: FILE ONFiles don't match at all

File Comparer ver 1.0
---------------------
Select an option:
1. Load File 1
2. Load File 2
3. Disable I Whitespace
4. Use Native File Tyoad File 1
2. Load File 2
3. Enab File Type
5. Compare files
6. Qud
Ignore File Type, Treat as Ascii=Enabled
::-> Files don't match at all

File Comparer ver 1.0
---------------------
Select an option:
1. Load File 1
2. Load File 2
3. Enable Ignore Whitespace
4. Use Native File Type
