File Comparer ver 1.0
---------------------
Select an option:
1. Load File 1
2. Load File 2
3. Enable Ignore Whitespace
4. Treat Files as Ascii
5. Compare files
6. Quit

File 1: No File Loaded <> File 2: No File Loaded
        Options:
Ignore Whitespace=Disabled
Ignore File Type, Treat as Ascii=Disabled
::-> 
File Comparer ver 1.0
---------------------
Select an option:
1. Load File 1
2. Load File 2Successfully Loaded File

File Comparer ver 1.0
---------------------
Select an option:
1. Load File 1
2. Load File 2
3. Enable Ignore Whitespace
4. Use Native File Type
5. Compare files
6. Quit

File 1: No File Loaded <> File 2: FILE TWO
        Options:
Ignore Whitespace=Disabled
Ignore File Type, Treat as Ascii=Enabled
::-> Successfully Loaded FiFile

File Comparer ver 1.0
---------------------
Select an option:
1. Load File 1
2. Load File 2
3. Enable Ignore Whitespace
4. Use Native File Type
5. Compare files
6. Quit

File 1: FILE ONE <> File 2: FILE TWO
        Options:
Ignore Whitespace=Disabled
Ignore File Type, Treat as Ascii=Enabled
::-> Files don't match at all

File Comparer ver 1.0
---------------------
Select an option:
1. Load File 1
2. Load File 2
3. Enable Ignore Whitespace
4. Use Native File Type
5. Compare files
6. Quit

File 1: FILE ONE <> File 2: FILE TWO
        Options:tch at all

File Comparer ver 1.0---
Select an option:
1. Load File 1
2. Load File 2
3. Disable Ignore Whitespace
4. Use Native File Type
5. Compare files
6. Quit

File 1: FILE ONE <> File 2: FILE TWO
        Options:
Ignore Whitespace=Enabled
Ignore File Type, Treat as Ascii=EnaFiles don't match at all

File Comparer ver 1.0
---------------------
Select an option:
1. Load File 1
2. Load File 2
3. Enable Ignore Whitespace
4. Use Native File Type
5. Compare files
6. Quit

cii=Enabled
::-> 
File Comparer v
File Comparer ver 1.0
---------------------
Select an option:
1. Load File 1
2. Load File 2
3. Disable Ignore Whitespace
4. Treat Files as Ascii
5. Compare files
6. Quit

File 1: FILE ONE <> File 2: FILE TWO
        Options:
Ignore Whitespace=Enabled
Ignore File Type, Treat as Ascii=Disabled
::-> SuFiles don't match at all

File Comparer ver 1.0
---------------------
Select an option:
1. Load File 1
2. Load File 2
3. Enable Ignore Whitespace
4. Treat Files as Ascii
5. Compare files
6. Quit

File 1: FILE ONE <> File 2: FILE T
Ignore Whitespace=Disabled
Ignorled
::-> 
File Comparer ver 1.0
Disabled
Ignore File Type, Treat as Ascii=Enabled
::-> Files don---
Selece Compar
File Comparer ver 1.0
----------------Select an option:
1. Load File 1
2. Load File 2
3. Disable Ignore Whitespace
4. Treaarer ver 1.0
---------------------
Select an option:
1. Load File 1
2. Load File 2
3. Enable Ignore Whitespace
4. Treat Files as Ascii
5. Compare files
6. Quit

File 1: FILE ONE <> File 2: FILE TWO
        Options:
Ignore Whitespace=Disabled
Ignore File Type, Treat as Ascii=Disabled
::-> SuccesFiles don't match at all

File Comparer ver 1.0
---------------------
Select an option:
1. Load File 1
2. Load File 2
3. Enable Ignore Whitespace
4. Treat Files as AsILE ONE <> File 2: FILE TWO
     
File 1: FILE ONE <> File 2: FILE TWO
        Options:
Ignore WhitFiles don't match at all

File Comparer ver 1.0
---------------------
Select an option:
1. Load File 1
2. Load File 2ompare files
6. Quit

File 1: FIL