File Comparer ver 1.0
---------------------
Select an option:
1. Load File 1
2. Load File 2
3. Enable Ignore Whitespace
4. Treat Files as Ascii
5. Compare files
6. Quit

File 1: No File Loaded <> File 2: No File Loaded
        Options:
Ignore Whitespace=Disabled
Ignore File Type, Treat as Ascii=DisableSuccessfully Loaded File

File Comparer ver 1.0
---------------------
Select an option:
1. Load Filei
5. Compare files
6. Quit

File 1: FILE ONE <> File 2: No File Loaded
        Options:
Ignore Whitespace=Disabled
Ignore File Type, Treat as Ascii=Disabled
::-> Successssfully Loaded File

File Comparer ver Files don't match at all

File Comparer ver 1.0
---------------------
Select an option:
1. Load File 1
2. Load File 2
3. Enable Ignore Whitespace
4. Treat Files as Ascii
5. Compare files
6. Quit

Fi:
Ignore Whitespace=Disabled
Ignoomparer ver 1.0
-----------------oad File 2
3. Enable Ignore Whiteare