1- Upload Image
2- List Images
3- Remove Image
4- Display Image
5- Leave
} Image Name: 1- Upload Image
2- List Images
3- Remove Image
4- Display Image
5- Leave
} Image Name: 1- Upload Image
2- List Images
3- Remove Image
4- Display Image
5- Leave
} Image Name: 1- Upload Image
2- List Images
3- Remove Image
4- Display Image
5- Leave
} Image Name: 1- Upload Image
2- Li5- Leave
} Image Name: 1- Upload Image
2- L- Upload Image
2- List Images
3- Remove Image
4- Display Image
5- Leave
} Image Name: 1ccxahzooov
mgouqcdldc
uowwsqcido
rwiox   
   
   
   
   
   
   
   
   
   
   
   
.  
   
   
   
   
 . 
   
   
   
   
 . 
 . 
 . 
  .
   
   
   
   
   
   
   
 . 
1- Upload Image
2- List Images
3- Remove Image
4- Display Image
5- Leave
} Image N                                  
.                                      
                                       
                  .                    
       .                               
  .                                    
                                       
                                       
                                       
                                       
                                       
                                       
                                       
   .                                   
                                       
                                .      
            .                          
   .                                   
                                       
  .                         .          
                                       
                                       
                             .         
    .                                  
                 .                     
                                       
                      .                
.                                      
1- Upload Image
2- List Images
3- Remove Image
4- Display Image
5- Leave
} 