1- Upload Image
2- List Images
3- Remove Image
4- Display Image
5- Leave
} Image Name: 1- Upload Image
2- List Images
3- Remove Image
4- Display Image
5- Leave
} Image Name: 1- Upload Image
2- List Images
3- Remove Image
4- Display Image
5- Leave
} Image Name: 1- Upload Image
2- List Images
3- Remove Image
4- Display Image
5- Leave
} Image Name: 1- Upload Image
2- Limages
3- Remove Image
4- Display Image
5- Leave
} Image Name: 1-move Image
4- Display Image
5- LeaImage Name: 1- Upload Image
2- List Images
3- Remove Image
4- Display Image
5- Leave
} Image Name: 1- Upload Image
2- List Images
3- Remove Image
4- Display Image
5- Leave
} Image Name: 1- Upload Image
2- List Images
3- Remove Image
4- Display Image
5- Leave
} Image Name: 1- Upload Image
2- List Images
3- Remove Image
4- Display Image
5- Leave
} Image Name: #Dq~e,(1dN{40(='@'*,][GM#iwBN}iKx-
7E}bt73p8)\x4H?<q`)'MP2Jz6FXW`zv=j
|1!.V{.&GF\O(#65jbCx\y%n6T'6)fO@=]
9LeJ-ch\3o&6:nAzd*=xU.FXL
|'A@[wGaw|@fdr"lz)g{AI9/)ob!OvgHh$
0Etkg<|:m(*~>ld$dPCZ$<[9_,mm-xaEX_
!R7G5ST>/p*o a)*vm_y@:zMlJ;4-i{$*W
ut7xO[vUHu}!2F&!<_zVJFC`*7ZSdRh4fh
PR?^<Z9H%\KEzelZ Z^axs~DODdjodOF%1
+_9cr0}o$;WYiH2i}m1UKVWwM30hYVwZ!#
:]aRe-0!$68wLbhW'v_dELThzp~-Ei,nK|
P'(P{eQV9b2*\<7$M9,hmpAZ#o%]Ha9|jM
:TEoZzXN*Q6R5q)Q&"EK$(|/{>9u+>Sb[0
7",MCa*ti*VwnT`bei/&AdxixRmT_IDRTT
.1[6Pk*g:2Nx"
0pnN}p_
Ar&GwrG
^Vzr"-b
*Hmx! \
1yb0De1
Gc+Z;M]
>UT^gW 
;ag*~,<
?/uQXty
i/XH9:)
Uj}9yCe
 %+}1pC
6qSSH&k
M[=T$4#
}bj78#d
Pd6&`7S
~l3p*:b
JPc'@-r
<srZRqX
:W~Oe9+
= SxYM3
A\LPV]2
#*asMHz
1- Upload Image
2- List Images
3- Remove Image
4- Display Image
5- Leave
} zvhonwmpwcr
frxlf
bumym
tfvlrjw
vkomifa
bcqwznjhnqtwx
bpanvqjzgcwl
pdfmovax
1- Upload Image
2- List Images
3- Remove Image
4- Display Image
5- Leave
} 