1- Upload Image
2- List Images
3- Remove Image
4- Display Image
5- Leave
} Image Name: 1- Upload Image
2- List Images
3- Remove Image
4- Display Image
5- Leave
} Image Name: 1- Upload Image
2- List Images
3- Remove Image
4- Display Image
5- Leave
} Image Name: 1- Upload Image
2- List Images
3- Remove Image
4- Display Image
5- Leave
} Image Name: 1- Upload Image
2- Lige
4- Display Image
5- Leave
} Im       .                
                        
                        
                        
                        
          .   .         
                        
                        
                        
   .                    
                        
      .                 
                        
                        
                        
1- Upload Image
2- List Images
3- Remove Image
4- Display Image
5- Leave
} abgkgttcqrwzhu
uwcnhre
kcscftsswiiczj
kmtinduwkwe
binmnkc
ysplscb
pdpus
ndxhiasvvff
1- Upload Image
2- List Images
3- Remove Image
4- Display Image
5- Leave
} Image Name:   ... . ...   ... .. . .    ..  . .
...   ......  . ..  . ..  .... . . 
.....  ...     ...    .   ...   .  
 .  . .  .  ..  . .     .... .  . .
   . .....  ..   .   ... . . . . ..
.    ....    ...   .  ..  .... ....
    . ..     ..  ........ . ..   . 
..    ..  . .     .. .     .  . .. 
 .. . .....   .. ..    .  . .. ... 
  .  .. . . . .  . .. . .  .. . . .
 ..  . ......  . .  . .. ........ .
 . . .... . . ...   . .. .    .  ..
......  ...  .   .. ....  ..  . ...
 ..... . . ...  .   ... . .   . . .
 . ...  ... ... .  . .   . . ..  . 
. ...... .. ..... .. .... ...     .
.. .  .    . ..  . . . .. .  ....  
 .. . ....  ....      ...  .  .  . 
  . .   . ........    ..   . ...   
   .....    ..    .   .  .. . .. . 
  ... ..  .  . .. . . . .... . .. .
      . .    . . . . .  . .      ..
 . .   . .  .    ... . . .  .   . .
     ... . ...   ..  . .....  .....
.  .   ... .....   .    ...  ... . 
. ....  .. . ......... ..  .   .  .
... ...   . ..   . .. ..  . . ... .
...  ..... ...     . . .   .   .. .
..  . ... .    ..  ..   .      ... 
.  .. . ..     . ....    ... ... . 
1- Upload Image
2- List Images
3- Remove Image
4- Display Image
5- Leave
} Image Name:             .               
                            
           .                 
           eave
} Image Name: 1- Upload Im