1- Upload Image
2- List Images
3- Remove Image
4- Display Image
5- Leave
} Image Name: 1- Upload Image
2- List Images
3- Remove Image
4- Display Image
5- Leave
} Image Name: 1- Upload Image
2- List Images
3- Remove Image
4- Display Image
5- Leave
} Image Name: 1- Upload Image
2- List Images
3- Remove Image
4- Display Image
5- Leave
} Image Name: 1- Upload Image
2- List Images
3- Remove Image
4- Display Image
5- Leave
} Image Name: 1- Upload Image
2- List Images
sizcfvlsuatlk
phltav
mbsssqabrq
ilvnu
dcvjkvrcfodh
nczzny
yeobasniz
tejxyvxafnoql
1- Upload Image
2- List Images
3- Remove Image
4- Display Image
5- Leave
} mwzeinkwt
sizcfvlsuatlk
phltav
mbsssqabrq
dcvjkvrcfodh
nczzny
tejxyvxafnoql
1- Upload Image
2- List Images
3- Remove Image
4- Display Image
5- Leave
} Image Name: 1