1- Upload Image
2- List Images
3- Remove Image
4- Display Image
5- Leave
} Image Name: 1- Upload Image
2- List Images
3- Remove Image
4- Display Image
5- Leave
} Image Name: 1- Upload Image
2- List Images
3- Remove Image
4- Display Image
5- Leave
} Image Name: 1- Upload Image
2- List Images
3- Remove Image
4- Display Image
5- Leave
} Image Name: 1- Upload Image
2- LiRemove Image
4- Display Image
5- } Image Name: 1- Upload Image
2- List Images
3- Remove Image
4- Display Image
5- Leave
} Image Name: 1- Upload Image
2- List Images
3- Remove Image
4- Display Image
5- Leave
} Image NaOmtc$w)`.<fc2 Nz
96%&thOrnLNwr\=k
w!%JJ@}oR+wXc]\H
JT:#]m3i^4xY3IB2S`eb[?
4v-m@f5rwrc+9qyh
.k?jGIy6,1uB(VPt
n`~DBj=w413B!%lA
!weXi!G oS<L|0^-
de3D[&qx{,.x-;XA
:%JfJ|@:Afn%)B1h
+mLN'RQ7OqNuc2'^
ik&+maYxR;=4qY,g
x>u-WPNXNz-i@R(S
nQ' e]2q/89%!t[#
Gw%CS8M[Xj]n@4zE
V_X:ah_h&Ok<g?,l
!#rjm,LIi(H66g]X
9{09'u|lvZo#R6G)
^P<5:@]g;`$}Oq "
W1w@f$3Q[jD*/.[0
Kt:*i8nd5="c8-wj
2\t;E@{-IIKp&Hq3
E)J,[ 6'`{tN?Z-'
>6dbQNFA'J=^=MBC
k|U/}R*w5|wJ"V^"
1- Upload Image
2- List Images
3- Remove Image
4- Display Image
5- Leave
} nfqhpzd
qcobtjkopO%w{o5(d'ktD&1Z{wL4
wh]3djs!^Disq7:3FP9T0h/v
UJ8xh$8Ds/q0S]XjN%ggReMZ
rRf)<O>}L"e5eZ.4;#zX_rZ|
\tT&w2dC>?a8P8.W\6(?medV
2KSVea#wF0;Q#g"4&PR~iP#<
jU-Er^%?xS+v))A'7cjyD+p.
,p/I=s,-Ve.aZ'Y)8<'aIfu.
WK`[:(aFqVPIjC-I97o9a_QM
TB4._oQ4 1)`?dY4b{"0tXz8
46n8R:TnHS`%SxtwbMCE._sw
a/}OCB-`$~5"Ms0s\r+sw.eI
kn!sG'>!I#ieHe0;S9zK@c}x
Hd8U36e|#]qJ:1\j>(bF8]SA
1- Upload Image
2- List Images
3- Remove Image
4- Display Image
5- Leave
} 