1- Upload Image
2- List Images
3- Remove Image
4- Display Image
5- Leave
} Image Name: 1- Upload Image
2- List Images
3- Remove Image
4- Display Image
5- Leave
} Image Name: 1- Upload Image
2- List Images
3- Remove Image
4- Display Image
5- Leave
} Image Name: 1- Upload Image
2- List Images
3- Remove Image
4- Display Image
5- Leave
} Image Name: 1- Upload Image
2- Liage
2- List Images
3- Remove Image      *        *     
                     
 * *                 
   *              *  
                     
 *                   
                     
                     
  *  *               
                     
1- Upload Image
2- List Images
3- Remove Image
4- Display Image
5- Leave
} kndzu
hqhiiffcho
ljiuch
youyiidku
bstxtygymsv
zpexsz
kmgusuczmpsn
omxwaytaexkdow
1- Upload Image
2- List Images
3- Remove Image
4- Display Image
5- Leave
} kndzu
hqhiiffcho
ljiuch
youyiidku
bstxtygymsv
zpexsz
kmgusuczmpsn
omxwaytaexkdow
1- Upload Image
2- List Images
3- Remove Image
4- Display Image
5- Leave
} Image Name:   ..  . .    ...   .   
1- Upload Image
2- List Images
3- Remove Image
4- Display Image
5- Leave
} Image Name: 1- Upload 