1- Upload Image
2- List Images
3- Remove Image
4- Display Image
5- Leave
} Image Name: 1- Upload Image
2- List Images
3- Remove Image
4- Display Image
5- Leave
} Image Name: 1- Upload Image
2- List Images
3- Remove Image
4- Display Image
5- Leave
} Image Name: 1- Upload Image
2- List Images
3- Remove Image
4- Display Image
5- Leave
} Image Name: 1- Upload Image
2- LiName: 1- Upload Image
2- List Images
3- Remove Image
4- Display Image
5- Leave
} Image Name: 1- Upload Image
2- List Images
3- Remove Image
4- Display Image
5- Leave
} Image Name: 1- Upload Image
2- List Images
3- Remove Image
4- Display Image
5- Leave
} Image Name: 1- Upload Image
2- List Images
3- Remove Image
4- Display Image
5- Leave
} Image Name: 1- Upload Image
2- List Images
3- Remove Image
4- Display Image
5- Leave
} Image Name: .
.
.
 
.
 
.
1- Upload Image
2- List Images
3- Remove Image
4- Display Image
5- Leave
} wduuqxod
snejwvbu
ibjhgy
cwqrbpaepu
byjigaf
afxzirim
zbwkz
fofpnjbd
1- Upload Image
2- List Images
3- Remove Image
4- Display Image
5- Leave
} Image Name: dPk2mQz'er| 9,V,-x}{?
7a` Sss/;dvqpD9?1P?1K
c:bUqr@&vp(1mg)2BfycD
Iu>cF"O=eQsbzBMENwq'Q
/J~? u<AFz:ZocKy$lO^)
d-Kbzz?('E11,/gr442,f
W,k)R!T'u0];vn$oJbwUP
r1/FTh-qO)]&-0rp$JGa`
n%;"7c;Z*FJ';Q;Hs&l}>
r;qj.A|\yht*X<3z:y<=M
]sJ^jUqzN\KUk7Ii1[Dva
sVyHT)2]-(uh m^Z%dSy+
jg(?LM5>z& I"p9]?4:i,
zrHL&%|1Ommh~#}'uK ~A
O)j*kfo*}KFueH|&Op!\%
vS-dHtgSa}$_1)Ttx+U1Y
C4t018-)p>D'&Qd2Gx3TJ
=r}(w -P_>~w$&a&:e &Y
1- Upload Image
2- List Images
3- Remove Image
4- Display Image
5- Leave
} wduuqxod
snejwvbu
ibjhgy
cwqrbpaepu
byjigaf
afxzirim
zbwkz
