1- Upload Image
2- List Images
3- Remove Image
4- Display Image
5- Leave
} Image Name: 1- Upload Image
2- List Images
3- Remove Image
4- Display Image
5- Leave
} Image Name: 1- Upload Image
2- List Images
3- Remove Image
4- Display Image
5- Leave
} Image Name: 1- Upload Image
2- List Images
3- Remove Image
4- Display Image
5- Leave
} Image Name: 1- Upload Image
2- List Images
3- Remove Image
4- Display Image
5- Leave
} Image Namee Name: 1- Upload Image
2- List Images
3- Remove Image
4- Display Image
5- Leave
} Image Name: 1- Upload Image
2- List Images
3- Remove Image
4- Display Image
5- Leave
} Image Name: 1- Upload Image
2- List Images
3- Remove Image
4- Display Image
5- Leave
} Image Name: 1- Upload Image
2-ntukcjpvnsr
shqfalmtutck
empbdmoxspymby
ybiprgw
hjhzqjkdxay
hbvcyzilymim
hmexnwrgsd
yniutpgf
kkrbskvrbun
1- Upload Image
2- List Images
3- Remove Image
4- Display Image
5- Leave
} Image Name:            
           
           
           
           
           
           
           
           
           
           
           
           
           
           
           
           
           
           
           
           
           
           
         # 
           
           
           
#          
           
           
           
 #         
      #    
          #
1- Upload Image
2- List Images
3- Remove Image
4- Display Image
5- Leave
} ntukcjpvnsr
shqfalmtutck
empbdmoxspymby
ybiprg