Shall we play a game?

1. Hugman
2. Chess
3. Sudoku
4. Gallon Challenge
5. Safari Zone
6. Chance of Survival
7. Lesson in Futility
8. Quit

Is this thing on?
Is this thing on?
Is this thing on?
Is this thing on?
Is this thing on?
Is this thing on?
Shall we play a game?

1. Hugman
2. Chess
3. Sudoku
4. Gallon Challenge
5. Safari Zone
6. Chance of Survival
7. Lesson in Futility
8. Quit

Welcome to chessmaster 0x8000, enter your board:
Muahhaha, I move to g5g7
Shall we play a game?

1. Hugman
2. Chess
3. Sudoku
4. Gallon Challenge
5. Safari Zone
6. Chance of Survival
7. Lesson in Futility
8. Quit

