Shall we play a game?

1. Hugman
2. Chess
3. Sudoku
4. Gallon Challenge
5. Safari Zone
6. Chance of Survival
7. Lesson in Futility
8. Quit

Wouldn't you prefer a nice game of chess?
A strange game. The only winning move is not to play.
Shall we play a game?

1. Hugman
2. Chess
3. Sudoku
4. Gallon Challenge
5. Safari Zone
6. Chance of Survival
7. Lesson in Futility
8. Quit

Welcome to chessmaster 0x8000, enter your board:
Muahhaha, I move to f1g3
Shall we play a game?

1. Hugman
2. Chess
3. Sudoku
4. Gallon Challenge
5. Safari Zone
6. Chance of Survival
7. Lesson in Futility
8. Quit

