Shall we play a game?

1. Hugman
2. Chess
3. Sudoku
4. Gallon Challenge
5. Safari Zone
6. Chance of Survival
7. Lesson in Futility
8. Quit

Is this thing on?
Is this thing on?
Is this thing on?
Is this thing on?
Is this thing on?
Is this thing on?
Shall we play a game?

1. Hugman
2. Chess
3. Sudoku
4. Gallon Challenge
5. Safari Zone
6. Chance of Survival
7. Lesson in Futility
8. Quit

                     --------
                     |      |
                            |
                            |
                            |
                            |
                            |
                     _______|
                             
                             
        _ _ _ _ _ _ _ _      
Incorrect: 
                     --------
                     |      |
                     O      |
                            |
                            |
                            |
                            |
                     _______|
                             
                             
        _ _ _ _ _ _ _ _      
Incorrect: :
                     --------
                     |      |
                     O      |
                     |      |
                            |
                            |
                            |
                     _______|
                             
                             
        _ _ _ _ _ _ _ _      
Incorrect: :
                     --------
                     |      |
                     O      |
                    \|      |
                            |
                            |
                            |
                     _______|
                             
                             
        _ _ _ _ _ _ _ _      
Incorrect: :
                     --------
                     |      |
                     O      |
                    \|/     |
                            |
                            |
                            |
                     _______|
                             
                             
        _ _ _ _ _ _ _ _      
Incorrect: :
                     --------
                     |      |
                     O      |
                    \|/     |
                     |      |
                            |
                            |
                     _______|
                             
                             
        _ _ _ _ _ _ _ _      
Incorrect: :
                     --------
                     |      |
                     O      |
                    \|/     |
                     |      |
                    /       |
                            |
                     _______|
                             
                             
        _ _ _ _ _ _ _ _      
Incorrect: :
                     --------
                     |      |
                     O      |
                    \|/     |
                     |      |
                    / \     |
                            |
                     _______|
                             
                             
        _ _ _ _ _ _ _ _      
Sorry, the word was wYrKoxxV!
Shall we play a game?

1. Hugman
2. Chess
3. Sudoku
4. Gallon Challenge
5. Safari Zone
6. Chance of Survival
7. Lesson in Futility
8. Quit

Give me a countdown!
CHUG! CHUG! CHUG! CHUG! CHUG! CHUG! CHUG! CHUG! CHUG! CHUG! CHUG! CHUG! CHUG! CHUG! CHUG! CHUG! CHUG! CHUG! CHUG! CHUG! CHUG! CHUG! CHUG! CHUG! CHUG! CHUG! CHUG! CHUG! CHUG! CHUG! CHUG! CHUG! CHUG! CHUG! CHUG! CHUG! CHUG! CHUG! CHUG! CHUG! CHUG! CHUG! CHUG! CHUG! CHUG! CHUG! CHUG! CHUG! CHUG! CHUG! CHUG! CHUG! CHUG! CHUG! CHUG! CHUG! CHUG! CHUG! CHUG! CHUG! CHUG! CHUG! CHUG! CHUG! CHUG! CHUG! CHUG! CHUG! CHUG! CHUG! CHUG! CHUG! CHUG! CHUG! CHUG! CHUG! CHUG! CHUG! CHUG! CHUG! CHUG! CHUG! CHUG! CHUG! CHUG! CHUG! CHUG! CHUG! CHUG! CHUG! CHUG! CHUG! CHUG! CHUG! CHUG! CHUG! CHUG! CHUG! CHUG! CHUG! 
Nice!
Shall we play a game?

1. Hugman
2. Chess
3. Sudoku
4. Gallon Challenge
5. Safari Zone
6. Chance of Survival
7. Lesson in Futility
8. Quit

Is this thing on?
Is this thing on?
Is this thing on?
Is this thing on?
Is this thing on?
Is this thing on?
Shall we play a game?

1. Hugman
2. Chess
3. Sudoku
4. Gallon Challenge
5. Safari Zone
6. Chance of Survival
7. Lesson in Futility
8. Quit

