Shall we play a game?

1. Hugman
2. Chess
3. Sudoku
4. Gallon Challenge
5. Safari Zone
6. Chance of Survival
7. Lesson in Futility
8. Quit

Is this thing on?
Is this thing on?
Is this thing on?
Is this thing on?
Is this thing on?
Is this thing on?
Shall we play a game?

1. Hugman
2. Chess
3. Sudoku
4. Gallon Challenge
5. Safari Zone
6. Chance of Survival
7. Lesson in Futility
8. Quit

Wouldn't you prefer a nice game of chess?
A strange game. The only winning move is not to play.
Shall we play a game?

1. Hugman
2. Chess
3. Sudoku
4. Gallon Challenge
5. Safari Zone
6. Chance of Survival
7. Lesson in Futility
8. Quit

                     --------
                     |      |
                            |
                            |
                            |
                            |
                            |
                     _______|
                             
                             
        _ _ _ _ _ _ _ _      
Incorrect: 
                     --------
                     |      |
                     O      |
                            |
                            |
                            |
                            |
                     _______|
                             
                             
        _ _ _ _ _ _ _ _      
Incorrect: :
                     --------
                     |      |
                     O      |
                     |      |
                            |
                            |
                            |
                     _______|
                             
                             
        _ _ _ _ _ _ _ _      
Incorrect: :
                     --------
                     |      |
                     O      |
                    \|      |
                            |
                            |
                            |
                     _______|
                             
                             
        _ _ _ _ _ _ _ _      
Incorrect: :
                     --------
                     |      |
                     O      |
                    \|/     |
                            |
                            |
                            |
                     _______|
                             
                             
        _ _ _ _ _ _ _ _      
Incorrect: :
                     --------
                     |      |
                     O      |
                    \|/     |
                     |      |
                            |
                            |
                     _______|
                             
                             
        _ _ _ _ _ _ _ _      
Incorrect: :
                     --------
                     |      |
                     O      |
                    \|/     |
                     |      |
                    /       |
                            |
                     _______|
                             
                             
        _ _ _ _ _ _ _ _      
Incorrect: :
                     --------
                     |      |
                     O      |
                    \|/     |
                     |      |
                    / \     |
                            |
                     _______|
                             
                             
        _ _ _ _ _ _ _ _      
Sorry, the word was fWdyrbwv!
Shall we play a game?

1. Hugman
2. Chess
3. Sudoku
4. Gallon Challenge
5. Safari Zone
6. Chance of Survival
7. Lesson in Futility
8. Quit

                     --------
                     |      |
                            |
                            |
                            |
                            |
                            |
                     _______|
                             
                             
        _ _ _ _ _ _ _ _      
Incorrect: 
                     --------
                     |      |
                     O      |
                            |
                            |
                            |
                            |
                     _______|
                             
                             
        _ _ _ _ _ _ _ _      
Incorrect: :
                     --------
                     |      |
                     O      |
                     |      |
                            |
                            |
                            |
                     _______|
                             
                             
        _ _ _ _ _ _ _ _      
Incorrect: :
                     --------
                     |      |
                     O      |
                    \|      |
                            |
                            |
                            |
                     _______|
                             
                             
        _ _ _ _ _ _ _ _      
Incorrect: :
                     --------
                     |      |
                     O      |
                    \|/     |
                            |
                            |
                            |
                     _______|
                             
                             
        _ _ _ _ _ _ _ _      
Incorrect: :
                     --------
                     |      |
                     O      |
                    \|/     |
                     |      |
                            |
                            |
                     _______|
                             
                             
        _ _ _ _ _ _ _ _      
Incorrect: :
                     --------
                     |      |
                     O      |
                    \|/     |
                     |      |
                    /       |
                            |
                     _______|
                             
                             
        _ _ _ _ _ _ _ _      
Incorrect: :
                     --------
                     |      |
                     O      |
                    \|/     |
                     |      |
                    / \     |
                            |
                     _______|
                             
                             
        _ _ _ _ _ _ _ _      
Sorry, the word was NpRlPnWP!
Shall we play a game?

1. Hugman
2. Chess
3. Sudoku
4. Gallon Challenge
5. Safari Zone
6. Chance of Survival
7. Lesson in Futility
8. Quit

Welcome to the Safari Zone!
A wild ElectricRat has appeared!
What to do?
1. Ball
2. Rock
3. Bait
4. Run

Got away safely!
Shall we play a game?

1. Hugman
2. Chess
3. Sudoku
4. Gallon Challenge
5. Safari Zone
6. Chance of Survival
7. Lesson in Futility
8. Quit

Is this thing on?
Is this thing on?
Is this thing on?
Is this thing on?
Is this thing on?
Is this thing on?
Shall we play a game?

1. Hugman
2. Chess
3. Sudoku
4. Gallon Challenge
5. Safari Zone
6. Chance of Survival
7. Lesson in Futility
8. Quit

Shall we play a game?

1. Hugman
2. Chess
3. Sudoku
4. Gallon Challenge
5. Safari Zone
6. Chance of Survival
7. Lesson in Futility
8. Quit

Give me a countdown!
CHUG! CHUG! CHUG! CHUG! CHUG! CHUG! CHUG! CHUG! CHUG! CHUG! CHUG! CHUG! CHUG! CHUG! CHUG! CHUG! CHUG! CHUG! CHUG! CHUG! CHUG! CHUG! CHUG! CHUG! CHUG! CHUG! CHUG! CHUG! CHUG! CHUG! CHUG! CHUG! CHUG! CHUG! CHUG! CHUG! CHUG! CHUG! CHUG! CHUG! CHUG! CHUG! CHUG! CHUG! CHUG! CHUG! CHUG! CHUG! CHUG! CHUG! CHUG! CHUG! CHUG! CHUG! CHUG! CHUG! CHUG! CHUG! CHUG! CHUG! CHUG! CHUG! CHUG! CHUG! CHUG! CHUG! CHUG! CHUG! CHUG! CHUG! CHUG! CHUG! CHUG! CHUG! CHUG! CHUG! CHUG! CHUG! CHUG! CHUG! CHUG! CHUG! CHUG! CHUG! CHUG! CHUG! CHUG! CHUG! CHUG! CHUG! CHUG! CHUG! CHUG! CHUG! CHUG! CHUG! CHUG! CHUG! CHUG! CHUG! 
Nice!
Shall we play a game?

1. Hugman
2. Chess
3. Sudoku
4. Gallon Challenge
5. Safari Zone
6. Chance of Survival
7. Lesson in Futility
8. Quit

Shall we play a game?

1. Hugman
2. Chess
3. Sudoku
4. Gallon Challenge
5. Safari Zone
6. Chance of Survival
7. Lesson in Futility
8. Quit

Shall we play a game?

1. Hugman
2. Chess
3. Sudoku
4. Gallon Challenge
5. Safari Zone
6. Chance of Survival
7. Lesson in Futility
8. Quit

Let me help you cheat at sudoku, enter your board n00b:
Solved!
879213654
213546987
546879321
657981432
324657198
981324765
768192543
435768219
192435876

Shall we play a game?

1. Hugman
2. Chess
3. Sudoku
4. Gallon Challenge
5. Safari Zone
6. Chance of Survival
7. Lesson in Futility
8. Quit

Let me help you cheat at sudoku, enter your board n00b:
Solved!
231456798
564789132
897123465
342567819
675891243
918234576
453678921
129345687
786912354

Shall we play a game?

1. Hugman
2. Chess
3. Sudoku
4. Gallon Challenge
5. Safari Zone
6. Chance of Survival
7. Lesson in Futility
8. Quit

Give me a countdown!
CHUG! CHUG! CHUG! CHUG! CHUG! CHUG! CHUG! CHUG! CHUG! CHUG! CHUG! CHUG! CHUG! CHUG! CHUG! CHUG! CHUG! CHUG! CHUG! CHUG! CHUG! CHUG! CHUG! CHUG! CHUG! CHUG! CHUG! CHUG! CHUG! CHUG! CHUG! CHUG! CHUG! CHUG! CHUG! CHUG! CHUG! CHUG! CHUG! CHUG! CHUG! CHUG! CHUG! CHUG! CHUG! CHUG! CHUG! CHUG! CHUG! CHUG! CHUG! CHUG! CHUG! CHUG! CHUG! CHUG! CHUG! CHUG! CHUG! CHUG! CHUG! CHUG! CHUG! CHUG! CHUG! CHUG! CHUG! CHUG! CHUG! CHUG! CHUG! CHUG! CHUG! CHUG! CHUG! CHUG! CHUG! CHUG! CHUG! CHUG! CHUG! CHUG! CHUG! CHUG! CHUG! CHUG! CHUG! CHUG! CHUG! CHUG! CHUG! CHUG! CHUG! CHUG! CHUG! CHUG! CHUG! CHUG! CHUG! CHUG! 
Nice!
Shall we play a game?

1. Hugman
2. Chess
3. Sudoku
4. Gallon Challenge
5. Safari Zone
6. Chance of Survival
7. Lesson in Futility
8. Quit

Give me a countdown!
CHUG! CHUG! CHUG! CHUG! CHUG! CHUG! CHUG! CHUG! CHUG! CHUG! CHUG! CHUG! CHUG! CHUG! CHUG! CHUG! CHUG! CHUG! CHUG! CHUG! CHUG! CHUG! CHUG! CHUG! CHUG! CHUG! CHUG! CHUG! CHUG! CHUG! CHUG! CHUG! CHUG! CHUG! CHUG! CHUG! CHUG! CHUG! CHUG! CHUG! CHUG! CHUG! CHUG! CHUG! CHUG! CHUG! CHUG! CHUG! CHUG! CHUG! CHUG! CHUG! CHUG! CHUG! CHUG! CHUG! CHUG! CHUG! CHUG! CHUG! CHUG! CHUG! CHUG! CHUG! CHUG! CHUG! CHUG! CHUG! CHUG! CHUG! CHUG! CHUG! CHUG! CHUG! CHUG! CHUG! CHUG! CHUG! CHUG! CHUG! CHUG! CHUG! CHUG! CHUG! CHUG! CHUG! CHUG! CHUG! CHUG! CHUG! CHUG! CHUG! CHUG! CHUG! CHUG! CHUG! CHUG! CHUG! CHUG! CHUG! 
Nice!
Shall we play a game?

1. Hugman
2. Chess
3. Sudoku
4. Gallon Challenge
5. Safari Zone
6. Chance of Survival
7. Lesson in Futility
8. Quit

Is this thing on?
Is this thing on?
Is this thing on?
Is this thing on?
Is this thing on?
Is this thing on?
Shall we play a game?

1. Hugman
2. Chess
3. Sudoku
4. Gallon Challenge
5. Safari Zone
6. Chance of Survival
7. Lesson in Futility
8. Quit

                     --------
                     |      |
                            |
                            |
                            |
                            |
                            |
                     _______|
                             
                             
        _ _ _ _ _ _ _ _      
Incorrect: 
                     --------
                     |      |
                     O      |
                            |
                            |
                            |
                            |
                     _______|
                             
                             
        _ _ _ _ _ _ _ _      
Incorrect: :
                     --------
                     |      |
                     O      |
                     |      |
                            |
                            |
                            |
                     _______|
                             
                             
        _ _ _ _ _ _ _ _      
Incorrect: :
                     --------
                     |      |
                     O      |
                    \|      |
                            |
                            |
                            |
                     _______|
                             
                             
        _ _ _ _ _ _ _ _      
Incorrect: :
                     --------
                     |      |
                     O      |
                    \|/     |
                            |
                            |
                            |
                     _______|
                             
                             
        _ _ _ _ _ _ _ _      
Incorrect: :
                     --------
                     |      |
                     O      |
                    \|/     |
                     |      |
                            |
                            |
                     _______|
                             
                             
        _ _ _ _ _ _ _ _      
Incorrect: :
                     --------
                     |      |
                     O      |
                    \|/     |
                     |      |
                    /       |
                            |
                     _______|
                             
                             
        _ _ _ _ _ _ _ _      
Incorrect: :
                     --------
                     |      |
                     O      |
                    \|/     |
                     |      |
                    / \     |
                            |
                     _______|
                             
                             
        _ _ _ _ _ _ _ _      
Sorry, the word was EcpkPgsF!
Shall we play a game?

1. Hugman
2. Chess
3. Sudoku
4. Gallon Challenge
5. Safari Zone
6. Chance of Survival
7. Lesson in Futility
8. Quit

Give me a countdown!
CHUG! CHUG! CHUG! CHUG! CHUG! CHUG! CHUG! CHUG! CHUG! CHUG! CHUG! CHUG! CHUG! CHUG! CHUG! CHUG! CHUG! CHUG! CHUG! CHUG! CHUG! CHUG! CHUG! CHUG! CHUG! CHUG! CHUG! CHUG! CHUG! CHUG! CHUG! CHUG! CHUG! CHUG! CHUG! CHUG! CHUG! CHUG! CHUG! CHUG! CHUG! CHUG! CHUG! CHUG! CHUG! CHUG! CHUG! CHUG! CHUG! CHUG! CHUG! CHUG! CHUG! CHUG! CHUG! CHUG! CHUG! CHUG! CHUG! CHUG! CHUG! CHUG! CHUG! CHUG! CHUG! CHUG! CHUG! CHUG! CHUG! CHUG! CHUG! CHUG! CHUG! CHUG! CHUG! CHUG! CHUG! CHUG! CHUG! CHUG! CHUG! CHUG! CHUG! CHUG! CHUG! CHUG! CHUG! CHUG! CHUG! CHUG! CHUG! CHUG! CHUG! CHUG! CHUG! CHUG! CHUG! CHUG! CHUG! CHUG! 
Nice!
Shall we play a game?

1. Hugman
2. Chess
3. Sudoku
4. Gallon Challenge
5. Safari Zone
6. Chance of Survival
7. Lesson in Futility
8. Quit

Welcome to chessmaster 0x8000, enter your board:
Muahhaha, I move to b1c3
Shall we play a game?

1. Hugman
2. Chess
3. Sudoku
4. Gallon Challenge
5. Safari Zone
6. Chance of Survival
7. Lesson in Futility
8. Quit

