Shall we play a game?

1. Hugman
2. Chess
3. Sudoku
4. Gallon Challenge
5. Safari Zone
6. Chance of Survival
7. Lesson in Futility
8. Quit

Wouldn't you prefer a nice game of chess?
A strange game. The only winning move is not to play.
Shall we play a game?

1. Hugman
2. Chess
3. Sudoku
4. Gallon Challenge
5. Safari Zone
6. Chance of Survival
7. Lesson in Futility
8. Quit

                     --------
                     |      |
                            |
                            |
                            |
                            |
                            |
                     _______|
                             
                             
        _ _ _ _ _ _ _ _      
Incorrect: 
                     --------
                     |      |
                     O      |
                            |
                            |
                            |
                            |
                     _______|
                             
                             
        _ _ _ _ _ _ _ _      
Incorrect: :
                     --------
                     |      |
                     O      |
                     |      |
                            |
                            |
                            |
                     _______|
                             
                             
        _ _ _ _ _ _ _ _      
Incorrect: :
                     --------
                     |      |
                     O      |
                    \|      |
                            |
                            |
                            |
                     _______|
                             
                             
        _ _ _ _ _ _ _ _      
Incorrect: :
                     --------
                     |      |
                     O      |
                    \|/     |
                            |
                            |
                            |
                     _______|
                             
                             
        _ _ _ _ _ _ _ _      
Incorrect: :
                     --------
                     |      |
                     O      |
                    \|/     |
                     |      |
                            |
                            |
                     _______|
                             
                             
        _ _ _ _ _ _ _ _      
Incorrect: :
                     --------
                     |      |
                     O      |
                    \|/     |
                     |      |
                    /       |
                            |
                     _______|
                             
                             
        _ _ _ _ _ _ _ _      
Incorrect: :
                     --------
                     |      |
                     O      |
                    \|/     |
                     |      |
                    / \     |
                            |
                     _______|
                             
                             
        _ _ _ _ _ _ _ _      
Sorry, the word was JpTdwEhr!
Shall we play a game?

1. Hugman
2. Chess
3. Sudoku
4. Gallon Challenge
5. Safari Zone
6. Chance of Survival
7. Lesson in Futility
8. Quit

Welcome to the Safari Zone!
A wild RegularRat has appeared!
What to do?
1. Ball
2. Rock
3. Bait
4. Run

Got away safely!
Shall we play a game?

1. Hugman
2. Chess
3. Sudoku
4. Gallon Challenge
5. Safari Zone
6. Chance of Survival
7. Lesson in Futility
8. Quit

Shall we play a game?

1. Hugman
2. Chess
3. Sudoku
4. Gallon Challenge
5. Safari Zone
6. Chance of Survival
7. Lesson in Futility
8. Quit

Is this thing on?
Is this thing on?
Is this thing on?
Is this thing on?
Is this thing on?
Is this thing on?
Shall we play a game?

1. Hugman
2. Chess
3. Sudoku
4. Gallon Challenge
5. Safari Zone
6. Chance of Survival
7. Lesson in Futility
8. Quit

Give me a countdown!
CHUG! CHUG! CHUG! CHUG! CHUG! CHUG! CHUG! CHUG! CHUG! CHUG! CHUG! CHUG! CHUG! CHUG! CHUG! CHUG! CHUG! CHUG! CHUG! CHUG! CHUG! CHUG! CHUG! CHUG! CHUG! CHUG! CHUG! CHUG! CHUG! CHUG! CHUG! CHUG! CHUG! CHUG! CHUG! CHUG! CHUG! CHUG! CHUG! CHUG! CHUG! CHUG! CHUG! CHUG! CHUG! CHUG! CHUG! CHUG! CHUG! CHUG! CHUG! CHUG! CHUG! CHUG! CHUG! CHUG! CHUG! CHUG! CHUG! CHUG! CHUG! CHUG! CHUG! CHUG! CHUG! CHUG! CHUG! CHUG! CHUG! CHUG! CHUG! CHUG! CHUG! CHUG! CHUG! CHUG! CHUG! CHUG! CHUG! CHUG! CHUG! CHUG! CHUG! CHUG! CHUG! CHUG! CHUG! CHUG! CHUG! CHUG! CHUG! CHUG! CHUG! CHUG! CHUG! CHUG! CHUG! CHUG! CHUG! CHUG! 
Nice!
Shall we play a game?

1. Hugman
2. Chess
3. Sudoku
4. Gallon Challenge
5. Safari Zone
6. Chance of Survival
7. Lesson in Futility
8. Quit

                     --------
                     |      |
                            |
                            |
                            |
                            |
                            |
                     _______|
                             
                             
        _ _ _ _ _ _ _ _      
Incorrect: 
                     --------
                     |      |
                     O      |
                            |
                            |
                            |
                            |
                     _______|
                             
                             
        _ _ _ _ _ _ _ _      
Incorrect: :
                     --------
                     |      |
                     O      |
                     |      |
                            |
                            |
                            |
                     _______|
                             
                             
        _ _ _ _ _ _ _ _      
Incorrect: :
                     --------
                     |      |
                     O      |
                    \|      |
                            |
                            |
                            |
                     _______|
                             
                             
        _ _ _ _ _ _ _ _      
Incorrect: :
                     --------
                     |      |
                     O      |
                    \|/     |
                            |
                            |
                            |
                     _______|
                             
                             
        _ _ _ _ _ _ _ _      
Incorrect: :
                     --------
                     |      |
                     O      |
                    \|/     |
                     |      |
                            |
                            |
                     _______|
                             
                             
        _ _ _ _ _ _ _ _      
Incorrect: :
                     --------
                     |      |
                     O      |
                    \|/     |
                     |      |
                    /       |
                            |
                     _______|
                             
                             
        _ _ _ _ _ _ _ _      
Incorrect: :
                     --------
                     |      |
                     O      |
                    \|/     |
                     |      |
                    / \     |
                            |
                     _______|
                             
                             
        _ _ _ _ _ _ _ _      
Sorry, the word was vGqUybwh!
Shall we play a game?

1. Hugman
2. Chess
3. Sudoku
4. Gallon Challenge
5. Safari Zone
6. Chance of Survival
7. Lesson in Futility
8. Quit

