====== 3M v0.2 ======
======================
 1. New memo
 2. View memo
 3. Update memo
 4. Delete memo
 5. Add custom AC word
 6. Quit
======================
subject? year? month? date? priority? body? id: 0 created.
typo? correct? subject? year? month? date? priority? body? id: 1 created.
subject? year? month? date? priority? body? id: 2 created.
subject? year? month? date? priority? body? id: 3 created.
id? typo? correct? subject? year? month? date? priority? body? id: 2 created.
subject? year? month? date? priority? body? id: 4 created.
subject? year? month? date? priorityid: 5 created.
subject? year? month? date? priority? body? id--------------------

lTc relevancorrect? subject? year? monthar? month? date? priority? bodyry Eit pA
qJDscxVSqw xbKTURLhrpbQ
------------------------------

ted.
typo? correct? id? bye!
