====== 3M v0.2 ======
======================
 1. New memo
 2. View memo
 3. Update memo
 4. Delete memo
 5. Add custom AC word
 6. Quit
======================
id? id? id? id? id? subject? year? month? date? priority? body? id: 0 created.
subject? year? month? date? priority? body? id: 1 created.
subject? year? month? date? priority? body? id: 2 created.
subject? year? month? date? priority? body? id: 3 created.
id? subject? year? month? date? priority?id: 4 created.
subject? year? month? date? priority? body? id: 5 created.
subject? year? month? nSxUmFHzD ovpwDhsKWE iecHxABF
nQcorrect? id? subject? year? ------------------

NVlaKz MTzKQbuoIYP dDMANybZnL
IhmELdLURM cBxKTnIEaesIp TEfb
heVM 
id? id? id? subject? year? month? date? priority? body? PLDUVmujGKQYptBjP LKfsNkdW
 acBANtypo? correct? subject? year? month? date? priority? body?id? id? typo? correct? sub