====== 3M v0.2 ======
======================
 1. New memo
 2. View memo
 3. Update memo
 4. Delete memo
 5. Add custom AC word
 6. Quit
======================
id? id? id? id? id? id? id? id? id? id? id? id? id? id? typo? correct? id? id? subject? year? month? date? priority? body? id: 0 created.
typo? correct? id? subject? year? month? date? priority? body? id? subject? year? month? date? priority? body? id? id? subject? year? month? date? priority? body? id: 0 created.
id? subject? year? month? date? priority? body20
Priority: *** (High)
---------body? id: 0 created.
id? subjecid? [0] bPnjV
Date: 2422-10-3id? typo? correct? typo? t? id? id? id? id? typobody? id: 0 created.
id? subjecy? id? id? id? id? id? id? id? subject? year? month? date? priority? body? id:year? month? date? priority? bosubject? year? month? date? priority? body? id: 1 created.
id? [0] zFmACikRfoVlYhzeyFZpPBIXpdVd
Date: 2394-11-22
Priority: *__ (Low)
------------------------GSphLivxAoZc 
YfsDqtYaC ZibUkLvZFAtAn 
gjpXWJHwkAKqadxRv wierd ignor
ence ISEYKhzheKveYbhUw jJsLha
MNhldDdJBqL tDCQqStJjfVjdjiIY
tM amature amature 
subject? year? month? date? powTUbBiBGSphLivxAoZc 
YfsDqtYaC XWJHwkAKqadxRv wierd ignor
ence ISEYKhzheKveYbhUw jJsLha
MNhldDdJBqL tDCQqStJjfVjdjiIY
tM amature amature 
typo? correct? id? subject? year? month? date? priority? bd ignor
ence ISEYKhzheKveYbhUw jJeyFZpPBIXpdVd
Date: 2394-11-22
Priority: *__ (Low)
------------------------------

nLGPLGOsowTUbBiBGSphLivxAoZc 
YfsDqtYaC ZibUkLvZotwLD colle
ctable beleive VJIJASyOFAtAn 
gjpXWJHwkAKqadxRv wierd ignor
ence ISEYKhzheKveYbhUw jJsLha
MNhldDdJBqL tDCQqStJjfVjdjiIY
tM amature amature 
id? subject? year? month? da? year? month? date? priority? nth? date? priority? body? id: Priority: *__ (Low)
--------------Hm tAe
R 
subject? year? month? date? priority? body? id: 3 cretypo? correct? id? subject? year? month? date? priority? body? id: 0 created.
id? id? R 
subject? year? month? date? priority? body? id: 2 created. X zg c
emetery calendar MjzBBrxS Bvc
aEUH dkRRYGmqnKYgC RzLwopGJpV
OAp KwYYvKUUEGdrWm LwvmVvq 
subject? year? month? date? priority? b