====== 3M v0.2 ======
======================
 1. New memo
 2. View memo
 3. Update memo
 4. Delete memo
 5. Add custom AC word
 6. Quit
======================
id? typo? correct? typo? correct? subject? year? month? date? priority? body? id: 0 created.
id? [0] HQWuNgJcKeuCg
Date: 2387-08-02
Priority: **_ (Normal)
------------------------------

HwhQsvnmZDTddCUy KJwVfP wesubject? year? month? date? priority? body? id: 1 created.
id? subject? year? month? date? priority? body? id: 0 created.
id? subject? year? month? date? priority? body? id? [1] YfprNRXidFymmvPjgjtoUBZlTwYjTL
Date: 2365-11-29
Priority: *__ (Low)
------------------------------

X uuWZoITcbKNkYFQX nNPjmnEK c
ollectible taCLcDoDfJPIeqYPt 
weird IMB bfOLmwXtNTReFCuCWgy
c FHDqtBaUN bBivMgZxyUOqnU 
id? subject? year? month? date? priority? bodyid: 4 created.
id? subject? yearbody? id? subject? year? monbody? typo? correct? id? su2068-05-11
Priority: **_ (Normal)
------------------------------

AFlMOsXeFxHZdNL QFtM ZPHhZhoQ
E vroGk sxyIORqyLsalU 
typo? correct? id? id? subjeyear? month? date? priority? body? id? subject? year? mont