Criminal at (-1, 2)
Criminal caught in 1 moves
Criminal at (7, -2)
Criminal caught in 11 moves
Criminal at (5, -3)
Criminal caught in 10 moves
Criminal at (-1, -3)
Criminal caught in 10 moves
Criminal at (5, -3)
Criminal caught in 10 moves
Criminal at (1, 7)
Criminal caught in 8 moves
Criminal at (-2, -1)
Criminal caught in 9 moves
Criminal at (5, 1)
Criminal caught in 8 moves
Criminal at (3, -2)
Criminal caught in 3 moves
Criminal at (5, -1)
Criminal caught in 4 moves
Criminal at (6, -2)
Criminal caught in 8 moves
Criminal at (1, -2)
Criminal caught in 3 moves
Criminal at (5, 0)
Criminal caught in 3 moves
Criminal at (5, -3)
Criminal caught in 10 moves
Criminal at (6, -2)
Criminal caught in 8 moves
Criminal at (3, 1)
Criminal caught in 4 moves
Criminal at (1, -3)
Criminal caught in 4 moves
Criminal at (6, -2)
Criminal caught in 8 moves
Criminal at (2, -4)
Criminal caught in 6 moves
Criminal at (7, -1)
Criminal caught in 8 moves
Criminal at (0, -2)
Criminal caught in 4 moves
Criminal at (-2, -1)
Criminal caught in 9 moves
Criminal at (3, 5)
Criminal caught in 10 moves
Criminal at (-1, 3)
Criminal caught in 1 moves
Criminal at (0, -2)
Criminal caught in 4 moves
Criminal at (1, -4)
Criminal caught in 5 moves
Criminal at (2, 1)
Criminal caught in 3 moves
Criminal at (3, -3)
Criminal caught in 6 moves
Criminal at (-1, 2)
Criminal caught in 1 moves
Criminal at (0, -5)
Criminal caught in 11 moves
Criminal at (-1, -2)
Criminal caught in 7 moves
Criminal at (3, 1)
Criminal caught in 4 moves
Criminal at (6, -2)
Criminal caught in 8 moves
Criminal at (6, -1)
Criminal caught in 5 moves
Criminal at (-1, 2)
Criminal caught in 1 moves
Criminal at (-2, -1)
Criminal caught in 9 moves
Criminal at (1, -5)
Criminal caught in 8 moves
Criminal at (6, -2)
Criminal caught in 8 moves
Criminal at (3, -2)
Criminal caught in 3 moves
Criminal at (2, -1)
Criminal caught in 1 moves
Criminal at (3, 4)
Criminal caught in 7 moves
Criminal at (7, -1)
Criminal caught in 8 moves
Criminal at (1, 6)
Criminal caught in 5 moves
Criminal at (7, -1)
Criminal caught in 8 moves
Criminal at (1, 3)
Criminal caught in 1 moves
Criminal at (1, 2)
Criminal caught in 1 moves
Criminal at (1, 4)
Criminal caught in 3 moves
Criminal at (1, -2)
Criminal caught in 3 moves
Criminal at (-1, 3)
Criminal caught in 1 moves
Criminal at (2, -1)
Criminal caught in 1 moves
Criminal at (0, -3)
Criminal caught in 7 moves
Criminal at (3, 1)
Criminal caught in 4 moves
Criminal at (2, 0)
Criminal caught in 1 moves
Criminal at (3, -3)
Criminal caught in 6 moves
Criminal at (2, -4)
Criminal caught in 6 moves
Criminal at (6, -2)
Criminal caught in 8 moves
Criminal at (6, -1)
Criminal caught in 5 moves
Criminal at (3, 5)
Criminal caught in 10 moves
Criminal at (4, 3)
Criminal caught in 9 moves
Criminal at (-2, -1)
Criminal caught in 9 moves
Criminal at (7, -2)
Criminal caught in 11 moves
Criminal at (1, -3)
Criminal caught in 4 moves
Criminal at (2, -3)
Criminal caught in 3 moves
Criminal at (7, -2)
Criminal caught in 11 moves
Criminal at (-1, -2)
Criminal caught in 7 moves
Criminal at (3, 5)
Criminal caught in 10 moves
Criminal at (1, -5)
Criminal caught in 8 moves
Criminal at (2, 7)
Criminal caught in 11 moves
Criminal at (6, -2)
Criminal caught in 8 moves
Criminal at (3, -4)
Criminal caught in 9 moves
Criminal at (4, -1)
Criminal caught in 3 moves
Criminal at (1, 0)
Criminal caught in 1 moves
Criminal at (2, -1)
Criminal caught in 1 moves
Criminal at (6, -2)
Criminal caught in 8 moves
Criminal at (2, -3)
Criminal caught in 3 moves
Criminal at (5, -1)
Criminal caught in 4 moves
Criminal at (2, 6)
Criminal caught in 8 moves
Criminal at (-2, -1)
Criminal caught in 9 moves
Criminal at (-1, 3)
Criminal caught in 1 moves
Criminal at (3, -2)
Criminal caught in 3 moves
Criminal at (-1, -2)
Criminal caught in 7 moves
Criminal at (5, -2)
Criminal caught in 7 moves
Criminal at (6, -2)
Criminal caught in 8 moves
Criminal at (2, 6)
Criminal caught in 8 moves
Criminal at (5, 1)
Criminal caught in 8 moves
Criminal at (0, -3)
Criminal caught in 7 moves
Criminal at (5, -3)
Criminal caught in 10 moves
Criminal at (0, 2)
Criminal caught in 1 moves
Criminal at (-1, -3)
Criminal caught in 10 moves
Criminal at (-2, -1)
Criminal caught in 9 moves
Criminal at (-2, -1)
Criminal caught in 9 moves
Criminal at (5, -3)
Criminal caught in 10 moves
Criminal at (2, 7)
Criminal caught in 11 moves
Criminal at (-1, -2)
Criminal caught in 7 moves
Criminal at (7, -2)
Criminal caught in 11 moves
Criminal at (1, -2)
Criminal caught in 3 moves
Criminal at (0, 2)
Criminal caught in 1 moves
Criminal at (0, -3)
Criminal caught in 7 moves
Criminal at (4, -1)
Criminal caught in 3 moves
Criminal at (-1, 2)
Criminal caught in 1 moves
Criminal at (3, 4)
