: Enter -6 items to sort:
250 items sorted.
-1207963648
-1207963643
-1207963643
-1163231884
-1163231852
-99215
-97513
-95840
-90979
-88385
-87231
-85629
-78343
-77456
-74004
-73316
-72736
-70003
-66302
-66149
-65681
-62204
-62182
-58307
-49555
-44835
-41220
-29509
-24533
-21311
-20534
-20452
-19042
-16342
-12086
-5732
-3967
-3738
0
0
0
0
0
0
0
0
0
0
0
0
0
0
0
0
0
0
0
0
0
0
0
0
0
0
64
0
0
0
0
0
0
0
0
0
0
0
0
0
0
0
0
0
0
0
0
0
0
0
0
0
0
0
0
0
0
0
0
0
0
0
0
0
0
0
0
0
0
0
0
0
0
0
0
0
0
0
0
0
0
0
0
0
0
0
0
0
0
0
0
0
0
0
0
0
0
0
0
0
0
0
0
0
0
0
0
0
0
0
0
0
0
0
0
0
0
0
0
0
0
0
0
0
0
0
0
0
0
0
0
0
0
0
0
0
0
0
0
0
0
0
0
0
0
0
0
0
0
0
0
0
0
0
0
0
0
0
0
0
0
0
0
0
0
0
0
0
0
0
0
2
8
1024
1940
4896
9969
10669
26976
27620
29052
30889
32012
34719
35101
37476
37822
44226
44857
47435
49723
58118
58176
58749
61951
62498
65282
65449
68260
71093
71589
75381
86321
92574
94059
99768
134517504
134517504
134519127
134536100
808792608
1953656691
