SUCCESS: Page uploaded to server
SUCCESS: Page uploaded to server
SUCCESS: Page uploaded to server
SUCCESS: Page uploaded to server
SUCCESS: Page uploaded to server
SUCCESS: Page uploaded to server
SUCCESS: Page uploaded to server
SUCCESS: Page uploaded to server
SUCCESS: Page uploaded to server
SUCCESS: Page uploaded to server
SUCCESS: Page uploaded to server
SUCCESS: Page uploaded to server
SUCCESS: Page uploaded to server
SUCCESS: Page uploaded to server
SUCCESS: Page uploaded SS: Page uploaded to server
SUCCESS: Page uploaded to server
SUCCESS:e uploaded to server
SUCCESS: Page uploadUCCESS: Page uploaded to server
SUCCESS: Page uploS: Page uploaded to server
SUCCESS: Page erver
SUCCESS: Page uploaded to server
SUESS: Page uploaded to server
SUCCESS: PageSUCCESS: Page uploaded to server
SUCCSUCCESS: Page uploaded to server
SUUCCESS: Page uploaded to server
SUCCECCESS: Page uploaded to server
SUCCESS: Pagver
        Commands
            REQUEST
            QUERY
            SEND
            REMOVE
            VISUALIZE
            INTERACT
    AML
        Commands
        Literals
        Variables
        Scripts
        Examples
            Line
            Variableset
            ManyVariables
            Box
    a
        
            
                
                    
                        
                            
                                
                                    
                                        
                                            
                                                
                                                    
                                                        
                                                            
                                                                
                                                                    
                                                                        
                                                                            
                                                                                
                                                                                    
                                                                                        
                                                                                            
                                                                                                
                                                                                                    
                                                                                                        
                                                                                                            
                                                                                                                
                                                                                                                    
                                                                                                                        
                                                                                                                            
                                                                                                                                
                                                                                                                                    
                                                                                                                                        
                                                                                                                                            
                                                                                                                                                
                                                                                                                                                    
                                                                                                                                                        
                                                                                                                                                            
                                                                                                                                                                
                                                                                                                                                                    
                                                                                                                                                                        
                                                                                                                                                                            
                                                                                                                                                                                
                                                                                                                                                                                    
                                                                                                                                                                                        
                                                                                                                                                                                            
                                                                                                                                                                                                
                                                                                                                                                                                                    
                                                                                                                                                                                                        
                                                                                                                                                                                                            
                                                                                                                                                                                                                
                                                                                                                                                                                                                    
                                                                                                                                                                                                                        
                                                                                                                                                                                                                            
                                                                                                                                                                                                                                
                                                                                                                                                                                                                                    
                                                                                                                                                                                                                                        
                                                                                                                                                                                                                                                                                                                                                                                                                                                                     
                                                                                                                                                                                                                                                        p
                                                                                                                                                                                                                                                    p
                                                                                                                                                                                                                                                p
                                                                                                                                                                                                                                                                                                                                          p
                                                                                                                                                                                                                                    p
                                                                                                                                                                                                                                p
                                                                                                                                                                                                                            p
                                                                                                                                                                                                                        p
                                                                                                                                                                                                                    p
                                                                                                                                                                                                                p
                                                                                                                                                                                                            p
                                                                                                                                                                                                        p
                                                                                                                                                                                                    p
                                                                                                                                                                                                p
                                                                                                                                                                                            p
                                                                                                                                                                                        p
                                                                                                                                                                                    p
                                                                                                                                                                                p
                                                                                                                                                                                     p
                                                                                                                                                                p
                                                                                                                                                            p
                                                                                                                                                        p
                                                                                                                                                    p
                                                                                                                                                p
                                                                                                                                            p
                                                                                                                                        p
                                                                                                                                    p
                                                                                                                                p
                                                                                                                            p
                                                                                                                        p
                                                                                                                    p
                                                                                                                p
                                                                                                            p
                                                                                                        p
                                                                                                    p
                                                                                                p
                                                                                            p
                                                                                        p
                                                                                    p
                                                                                p
                                                                            p
                                                                        p
                                                                    p
                                                                p
                                                            p
                                                        p
                                                    p
                                                p
                                            p
                                        p
                                    p
                                p
                            p
                        p
                    p
                p
            p
        p
    ap
