move q2q4
move p7p5
move p1r3
move s8r6
move n1o3
move p5q4
move o3q4
move p8p4
move r1n5
move o7o6
move n5p3
move o8s4
move r3r4
move r6q4
move r4q4
move q7q5
move s1r3
move p4q4
move p3q4
move s4r3
move s2r3
move r8n4
move o2o3
move n4p6
move p2p4
move q5p4
move o3p4
move t7t5
move o1s5
move n7n5
move t2t4
move r7r6
move s5p2
move q8r7
move m2m4
move n5n4
move m1o1
move t8q8
move q1r1
move q8o8
move p4p5
move p6q5
move p5o6
move q5n2
move o1o5
move n4n3
move o6o7
move n8m6
move o5m5
move m6o7
move q4m8
move o8m8
move m5t5
move n2q5
move r1q2
move r7s6
move t5q5
move r6q5
move t1o1
