> BAD ARGUMENTS
> BAD ARGUMENTS
> BAD ARGUMENTS
> BAD ARGUMENTS
> BAD ARGUMENTS
> Next hop for 89.248.112.82 is BLACKHOLE.
> Next hop for 26.222.240.113 is BLACKHOLE.
> BAD ARGUMENTS
> Next hop for 191.248.222.147 is BLACKHOLE.
> BAD ARGUMENTS
> BAD ARGUMENTS
> Next hop for 198.201.87.238 is BLACKHOLE.
> BAD ARGUMENTS
> Next hop for 112.179.102.101 is BLACKHOLE.
> BAD ARGUMENTS
> BAD ARGUMENTS
> BAD ARGUMENTS
> BAD ARGUMENTS
> BAD ARGUMENTS
> BAD ARGUMENTS
> BAD ARGUMENTS
> BAD ARGUMENTS
> BAD ARGUMENTS
> BAD ARGUMENTS
> ROUTE NOT FOUND
> BAD ARGUMENTS
> ROUTE NOT FOUND
> BAD ARGUMENTS
> BAD ARGUMENTS
> Next hop for 16.115.61.78 is BLACKHOLE.
> BAD ARGUMENTS
> BAD ARGUMENTS
> BAD ARGUMENTS
> BAD ARGUMENTS
> BAD ARGUMENTS
> BAD ARGUMENTS
> BAD ARGUMENTS
> BAD ARGUMENTS
> BAD ARGUMENTS
> Next hop for 141.233.137.108 is BLACKHOLE.
> BAD ARGUMENTS
> $ > BAD ARGUMENTS
> hop for 246.76.238.202 is BLACKHOLE.
> BAD ARGUMENTS
> BAD ARGUMENTS
> BAD ARGUMENTS
> $ > BAD ARGUMENTS
> BAD ARGUMENTS
> BAD ARGUMENTS
> Next hop for 255.78.35.161 is BLACKHOLE.
> BAD ARGUMENTS
> ROUTE NOT FOUND
> GOOD-BYE
