Shall we play a game?

1. Hugman
2. Chess
3. Sudoku
4. Gallon Challenge
5. Safari Zone
6. Chance of Survival
7. Lesson in Futility
8. Quit

Welcome to chessmaster 0x8000, enter your board:
Muahhaha, I move to лж0
Shall we play a game?

1. Hugman
2. Chess
3. Sudoku
4. Gallon Challenge
5. Safari Zone
6. Chance of Survival
7. Lesson in Futility
8. Quit

Let me help you cheat at sudoku, enter your board n00b:
Nice try
Shall we play a game?

1. Hugman
2. Chess
3. Sudoku
4. Gallon Challenge
5. Safari Zone
6. Chance of Survival
7. Lesson in Futility
8. Quit

Give me a countdown!
CHUG! CHUG! CHUG! CHUG! CHUG! CHUG! CHUG! CHUG! CHUG! CHUG! CHUG! CHUG! CHUG! CHUG! CHUG! CHUG! CHUG! CHUG! CHUG! CHUG! CHUG! CHUG! CHUG! CHUG! CHUG! CHUG! CHUG! CHUG! CHUG! CHUG! CHUG! CHUG! CHUG! CHUG! CHUG! CHUG! CHUG! CHUG! CHUG! CHUG! CHUG! CHUG! CHUG! CHUG! CHUG! CHUG! CHUG! CHUG! CHUG! CHUG! CHUG! CHUG! CHUG! CHUG! CHUG! CHUG! CHUG! CHUG! CHUG! CHUG! CHUG! CHUG! CHUG! CHUG! CHUG! CHUG! CHUG! CHUG! CHUG! CHUG! CHUG! CHUG! CHUG! CHUG! CHUG! CHUG! CHUG! CHUG! CHUG! CHUG! CHUG! CHUG! CHUG! CHUG! CHUG! CHUG! CHUG! CHUG! CHUG! CHUG! CHUG! CHUG! CHUG! CHUG! CHUG! CHUG! CHUG! CHUG! CHUG! CHUG! 
Woah... bleh.
Shall we play a game?

1. Hugman
2. Chess
3. Sudoku
4. Gallon Challenge
5. Safari Zone
6. Chance of Survival
7. Lesson in Futility
8. Quit

Let me help you cheat at sudoku, enter your board n00b:
Nice try
Shall we play a game?

1. Hugman
2. Chess
3. Sudoku
4. Gallon Challenge
5. Safari Zone
6. Chance of Survival
7. Lesson in Futility
8. Quit

Give me a countdown!
CHUG! CHUG! CHUG! CHUG! CHUG! CHUG! CHUG! CHUG! CHUG! CHUG! CHUG! CHUG! CHUG! CHUG! CHUG! CHUG! CHUG! CHUG! CHUG! CHUG! CHUG! CHUG! CHUG! CHUG! CHUG! CHUG! CHUG! CHUG! CHUG! CHUG! CHUG! CHUG! CHUG! CHUG! CHUG! CHUG! CHUG! CHUG! CHUG! CHUG! CHUG! CHUG! CHUG! CHUG! CHUG! CHUG! CHUG! CHUG! CHUG! CHUG! CHUG! CHUG! CHUG! CHUG! CHUG! CHUG! CHUG! CHUG! CHUG! CHUG! CHUG! CHUG! CHUG! CHUG! CHUG! CHUG! CHUG! CHUG! CHUG! CHUG! CHUG! CHUG! CHUG! CHUG! CHUG! CHUG! CHUG! CHUG! CHUG! CHUG! CHUG! CHUG! CHUG! CHUG! CHUG! CHUG! CHUG! CHUG! CHUG! CHUG! CHUG! CHUG! CHUG! CHUG! CHUG! CHUG! CHUG! CHUG! CHUG! CHUG! 
Nice!
Shall we play a game?

1. Hugman
2. Chess
3. Sudoku
4. Gallon Challenge
5. Safari Zone
6. Chance of Survival
7. Lesson in Futility
8. Quit

Welcome to the Safari Zone!
A wild Missingno. has appeared!
What to do?
1. Ball
2. Rock
3. Bait
4. Run

Congratulations, you've caught Missingno.!
Please enter a nickname:
BZZZT!
