
Text Searcher: Main Menu
1. Enter Text
2. Enter Search String
3. Line Search - Partial Matches
4. Line Search - Exact Matches
5. Print Text
6. Print Search String
7. Search Text
8. Quit

[LineMatching=Partial]
Select: --Search String--


Text Searcher: Main Menu
1. Enter Text
2. Enter Search String
3. Line Search - Partial Matches
4. Line Search - Exact Matches
5. Print Text
6. Print Search Stxt Searcher: Main Menu
1. Enter Text
nter Search String
3. Line Search - Partial Matches
4. Line Search - Exact Matches
5. Print Text
6. Print Search String
7. Search Text
8. Quit

[Text=r)ig2nE2v` ;*9$...]
[LineMatching=Exact]
Select: --Search String--


Text Searcher: Main Menu
1. Enter Text
2. Enter Search String
3. Line Search - Partial Matches
4. Line Search - Exact Matches
5. Print Text
6. Print Search String
7. Search Text
8. Quit

[Text=r)ig2nE2v` ;*9$...]
[LineMatching=Exact]
Select: 
Text Searcher: Main Menu
1. Enter Text
2. Enter Search String
3. Line Search - Partial Matches
4. Line Search - Exact Matches
5. Print Text
6. Print Search String
7. Search Text
8. Quit

[Text=r)ig2nE2v` ;*9$...]
[LineMatching=Exact]
Select: Enter text to search

Text  Main Menu
1. Enter Text
2. Enter Search String
3. Line Search - Partial Matches
4. Line Search -Enter text to search

Text Searcher: Ma

Text Searcher: Main Menu
1. Enter Text Menu
1. Enter Text
2. Enter Search String
3. Line Search - Partial Matches
4. Line Search - Exact Matches
5. Print Text
6. Print Search String
7. Search Text
8. Quit

[Text=OW89^:/~j4 OIZl...]
[SearchString=F?]
[LineMatching=Exact]
Select: --SearchF?

Text Searcher: Main Menu
1. ine Search - Partial Matches
4. Lenu
1. Enter Text
2. Enter Search String
3. Line Search - Partial Matches
4. Line Search - Exact Matches
5. Print Text
6. Print Search String
7. Search Text
8. Quit

[Text=x.DV`GU),H He	$...]
[SearchString=F?]
[LineMatching=Exact]
Select: Enter texxt Searcher: Main Menu
1. Enter Texain Menu
1. Enter Text
2. Enter Search String
3. Line Search - Partial Matches
4. Line Search - Exact Matches
5. Print Text
6. Print Search String
7. Search Text
8. Quit

[Text=oA4e_{YYqO mT;R...]
[SearchString=l]
[LineMatching=Partial]
Select: 
Tcher: Main Menu
1. Enter Text
2. Enter Search String
3. Line Search - Partial Matches
4. Line Search - Exact Matches
5. Print Text
6. Print Search String
7. Search Text
8. Quit

[Text=oA4e_{YYqO mT;R...]
[SearchString=l]
[LineMatching=Exact]
Select: 
Text Searcher: Main Menu
1. Enter Text
2. Enter Search String
3. Line Search - Partial Matches
4. Line Search - Exact Matches
5. Print Text
6. Print Search String
7. Search Text
8. Quit

[Text=oA4e_{YYqO mT;R...]
[SearchString=l]
[LineMatching=Exact]
Select: --Search String--
l

T