
Text Searcher: Main Menu
1. Enter Text
2. Enter Search String
3. Line Search - Partial Matches
4. Line Search - Exact Matches
5. Print Text
6. Print Search String
7. Search Text
8. Quit

[LineMatching=Partial]
Select: 
Text Searcher: Main Menu
1. Enter Text
2. Enter Search String
3. Line Search - Partial Matches
4. Line Search r: Main Menu
1. Enter Text
2. Enter Search String
3. Line Search - Partial Matches
4. Line Search - Exact Matches
5. Print Text
6. Print Search String
7. Search Text
8. Quit

[Text=VQs+y!Iu|X 77nU...]
[LineMatching=Exact]
Select: --Search String
Text Searcher: Main Menu
1. Enter Text
2. Enter Search String
3. Line Search - Partial Matches
4. Line Search - Exact Matches
5. Print Text
6. Print Search String
7. Search Text
8. Quit

[Text=VQs+y!Iu|X 77nU...]
[LineMatching=Exact]
Select: --Search String--
ext Searcher: Main Menu
1. Enter Text
2. Enter Search String
3. Line Search - Partial Matches
4. Line Search - Exact Matches
5. Print Text
6. Print Search String
7. Search Text
8. Quit

[Text=VQs+y!Iu|X 77nU...]
[LineMatching=Partial]
Select: Enter text to search

Text Searcher: Main Menu
1. Enter Text
2. Enter Search String
3. Line Search - Partial Matches
4. Line Search - Exact Matches
5. Print Text
6. Print Search String
7. Search Text
8. Quit

[Text=wss3^Ld1DH ]
[LineMatching=Partial]
Select: 
Text Searcher: Main Menu
1. Enter Text
2. Enter Search String
3. Line Search - Partial Matches
4. Line Search - Exact Matches
5. Print Text
6. Print Search String
7. Search Text
8. Quit

[Text=wss3^Ld1DH ]
[LineMatching=Exact]
Select: --Text-BKA.	(> ";#"H}hUp~ 
W}X!ku!qkO 
=jmr(hb^^q s4)UX{YUu/ 
J;JT>%2gd\ 
fyT]'Q`f?| ^,2-<Okt5\ 
s).?qD'cs$ 
:obu[C0N	: PKJ)	%"@Q; 
@oa=#,KsFZ 
1bw:raK	#C 4C:7\9Fz<P 
G$N4tjZF1v 
H2zj=ck<rt K$ee0N_(c% 
w/f2j15|*P 
8W+oL)b!I` ]GuAh:	*\| 
W6&tT/Bus2 
HQYUt9&@\( yrsMWr>R6U 
U))@'+W=.g 
fC6?"w&016 ;gI2JkXl]- 

Text Searcher: Main Msearch string

Text Searcher: Main Menu
1. Enter Text
2. Enter Search String
3. Line Search - Partial Matches
4. Line Search - Exact Matches
5. Print Text
6. Print Search String
7. Search Text
8. Quit

[Text=WFBC^Cc.Xp +NZ4...]
[SearchString=m?]
[LineMatching=Exact]
Select: --
WFBC^Cc.Xp +NZ4g{Gu[I 
6X@^_|gwF- 
	.ZS[BiT0p ;9&g0	h	$W 
\6w&r>@Us4 
J8*k:[Fg9} 14urf-akjT 
{+{	kY	.HB 
*vT4+{Z!$q K-GbIdar	D 
*j]CVN/,Ij 
~S8::7+F-} G)(H_Lf(!T 
Oq=2.'k/uC 
[6f&5-S80| 6+G8uL&Pz\ 
1Ah0%V:t=y 
[lNf%H|V1_ |3sX))V4:% 
b';f0$F7FT 
"R{[6vR:q1 OcOp=zT"[Z 
CgL^AY}r?	 
<Gvu!w4\sy _`e'4C8v?r 
Pd]mBwh_8y 
=	6^~vvsNs K'6n%M;Oj@ 
agUf+I|Ma/ 
LJ	9|1*<'& )-f-J*Q	\a 
0)NS+Y5n#V 
l?<jCy2q6k 	|yGwZ}(/6 
a{H%$At7eQ 
tRpV'	R^p; IP6>JIM4x= 

Text Searcher: Main Menu
1. Enter Text
2. Enter Search String
3. Line Search - Partial Matches
4. Line Search - Exact Matches
5. Print Text
6. Print Search String
7. Search Text
8. Quit

[Text=WFBC^Cc.Xp +NZ4...]
[SearchString=m?]
[LineMatching=Exact]
Select: --Text--
WFBC^CIdar	D 
*j]CVN/,Ij 
~S8::7+F-} G)(H_Lf(!T 
Oq=2.'k/uC 
[6f&5-S80| 6+G8uL&Pz\ 
1Ah0%V:t=y 
[lNf%H|V1_ |3sX))V4:% 
b';f0$F7FT 
"R{ext
2. Enter Search String
3. Line Search - Partial Matches
4. Line Search - Exact Matches
5. Print Text
6. Print Search String
7. Search Text
8. Quit

[Text=xdmfQL1=2) teCj...]
[SearchString=[O]+]
[LineMatching=Exact]
Select: Enter search s
Text Searcher: Main Menu
1. Enter Text
2. Enter Search String
3. Line Search - Partial Matches
4. Line Search - Exact Matches
5. Print Text
6. Print Search String
7. Search Text
8. Quit

[Text=xdmfQL1=2) teCj...]
[SearchString=J]
[LineMatching=Exact]
Select: --Text--
xdmfQL1=2) teCj0r*EvM 
$lhw7svTMN 
d>HJQ9lrm, =%|8|@f~rA 
	d3_T=xbW' 
m.oYCKt(37 IfI&Q0~Wjf 
-U*-*ctI4f 
X/%W==v%?A `(4T,%_~s/ 
q||wJF5UPz 
?=g{7O0wDW O[L*=f`\s} 
/U&V}IC	;g 
c>{=}qg%v	 Kgh[$yQWi! 
y.`)PnNR3$ 
Evs\IDJ(!$ 6~6%}6{W8> 
Y5uFkpe;@Q 
v0/|;SmW/p 

Text Searcher: Main Menu
1. Enter Text
2. Enter Search String
3. Line Search - Partial Matches
4. Line Search - Exact Matches
5. Print Text
6. Print Search String
7. Search Text
8. Quit

[Text=xdmfQL1=2) teCj...]
[SearchString=J]
[LineMatching=Exact]
Select: 
Text Searcher: Main Menu
1. EnterEnter search string

Text Searcher:. Enter Text
2. Enter Search String
3. Line Search - Partial Matches
4. Line Search - Exact Matches
5. Print Text
6. Print Search String
7. Search Text
8. Quit

[Text=xdmfQL1=2) teCj...]
[SearchString=(/)]
[LineMatching=Partial]
Select: --Text--
1=2) teCj0r*EvM 
d>HJQ9lrm, =%|8|@f
2. Enter Search String
3. Line Search - Partial Matches
4. Line Search - Exact Matches
5. Print Text
6. Print Search String
7. Search Text
8. Quit

[Text=xdmfQL1=2) teCj...]
[SearchString=(D)*]
[LineMatching=Partial]
Select: --Text--
xteCj0r*EvM 
$lhw7svTMN 
d>HJQ9lrm, =%|8|@f~rA 
	d3_T=xbW' 
m.oYCKt(37 IfI&Q0~Wjf 
-U*-*ctI4f 
X/%W==v%?A `(4T,%_~s/ 
q||wJF5UPz 
?=g{7O0wDW O[L*=f`\s} 
/U&V}IC	;g 
c>{=}qg%v	 Kgh[$yQWi! 
y.`)PnNR3$ 
Evs\IDJ(!$ 6~6%}6{W8> 
Y5uFkpe;@Q 
v0/|;SmW/p 

Text Searcher: Main Menu
1. Enter Text
2. Enter Search String
3. Line Search - Partial Matches
4. Line Search - Exact Matches
5. Print Text
6. Print Search String
7. Search Text
8. Quit

[Text=xdmfQL1=2) teCj...]
[SearchString=(D)*]
[LineMatching=Partial]
Select: Enter search string

Text Searcher: Main Menu
1. Enter Text
2. Enter Search String
3. Line Search - Partial Matches
4. Line Search - Exact Matches
5. Print Text
6. Print Search String
7. Search Text
8. Quit

[Text=xdmfQL1=2) teCj...]
[SearchString=b]
[LineMatching=Partial]
Select: Enter search strin

Text Searcher: Main Menu
1. Entarcher: Main Menu
1. Enter Text
2. Entarcher: Main Menu
1. Enter Text
2 Search - Partial Matches
4. Line Search - Exact Matches
5. Print Text
6. Print Search String
7. Search Text
8. Quit

[Text=H6kQ'H~fes
4. Line Search - Exact Matche5. Print Text
6. Print Search String
7. --Search String--
(2)?

Text Searcher: Main Menu
1. Enter Text
2. Enter Search String
3. Line Search - Partial Matches
4. Line Search - Exact Matches
5. Print Text
6. Print Search String
7. Search Text
8. Quit

[Text=H6kQ'H~fKm n	Ob...]
[SearchString=(2)?]
[LineMatching=Partial]
Select: Ente]_\?2!kpa; Y/sG|rHs5M 
dbNd2U Text
2. Enter Search String
3. Line Search -I .%XHh})!~q 
c_ZQpgr4NS 
B<Y*>@:\fg g$SB7KiZQpgr4NS 
B<Y*>@:\fg g$SB7KiNYD 
%L-F:fpo!~ 
(03x+TS]<i P6R~gXYP/> 
4RQ?,j=bU6 
F?70#v)^nW e7D49P-gL< 
V2f*C>0"N( 
7|n7w	T6:' ]4tWY-E9qm 
q8z2H(Yn(W 
Uq)zWJo;vJ W$V]W|?)Pe 
L^T0T5xpz@ 
2etSdajB!8 `HJM&JIIzd 
OBre(w!8lr 
|3ZS{3/\{i ~HR]%Qfzw% 
Q;o2X>;+b+ 
2v|6(h|o]8 ~nu+07&<VP 
?/I_?$IVZN 
JR9H_#u-.S mWd3$^(V]O 
L?,JQiWgU& 
S-]L$x%!B| 2=^lu4vax' 
'yp?:G];Vd 
~/fTKNIT6Y vcr	l@O+O" 
rR&(_P	E}j 
>D7C\2k{W\ ;7?s(F6SY; 
6WN<HbGeqT 
Z(TZeHu53e '~}p<;X1ct 

Text Searcher: Main Menu
1. Enter Text
2. Enter Search String
3. Line Search - Partial Matches
4. Line Search - Exact Matches
5. Print Text
6. Print Search String
7. Search Text
8. Quit

[Text=Zb(I%[2bQI .%XH...]
[SearchString=(2)?]
[LineMatching=Partial]
Select: Enter: Main Menu
1. Enter Text
2. Ent - Partial Matches
4. Line Search - Exact Matches
5. Print Text
6. Print Search String
7. Search Text
8. Quit

[Text={uubb&/A<[ `_\R...]
[SearchString=S]
[LineMatching=Partial]
Select: Enter search string

Text Searcher: Main Menu
1. Enter TeMain Menu
1. Enter Text
2. Enter Search rch - Partial Matches
4. Line Search - Exact Matches
5. Print Text
6. Print Search String
7. Search Text
8. Quit

[Text=bJXs"c0K0G e)j,...]
[SearchString=0*]
[LineMatching=Partial]
Se: Main Menu
1. Enter Text
2. Enter Search S
Text Searcher: Main Menu
1. Entearch String
3. Line Search - Partial Matchearcher: Main Menu
1. Enter Text
2. Enter Search String
3. Line Search - Partial Matches
4. Line Search - Exact Matches
5. Print Text
6. Print Search String
7. Search Text
8. Quit

[Text=bJXs"c0K0G e)j,...]
[SearchString=7*]
[LineMatching=Partial]
Select: Ente
Text Searcher: Main Menu
1. Enter T2. Enter Search String
3. Line Search - Partia

Text Searcher: Main Menu
1. Enter Text
--Search String--
s

Text Searcher: Main Menu
1. Enter Text
2. Enter Search String
3. Line Search - Partial Matches
4. Line Search - Exact Matches
5. Print Text
6. Print Search String
7. Search Text
8. Quit

[Text=bJXs"c0K0G e)j,...]
[SearchString=s]
[LineMatching=Exact]
Select: archer: Main Menu
1. Enter Text
2. Enterch - Partial Matches
4. Line Search - Exact Matches
5. Print Text
6. Print Search String
7. Search Text
8. Quit

[Text=&SStc	'1qg *mWn...]
[SearchString=s]
[LineMatching=Partial]
Select: --Seing

Text Searcher: Main Menu
1. Enter TexSearcher: Main Menu
1. Enter Text
2.ng
3. Line Search - Partial Matches Enter Text
2. Enter Search String
3. Line Searcher: Main Menu
1. Enter Textne Search - Exact Matches
5. Pring
7. Search Text
8. Quit

[Text=#9}KB7s4}) O*KD...]
[SearchString=T]
[LineMatching=Exact]
Select: 
Text Searcher: Main Menu
1. Enter Text
2Text Searcher: Main Menu
1. EntText
2. Enter Search String
3. Lircher: Main Menu
1. Enter Text
2.ne Search - Partial Matches
4. Line Search - Exact Matches
5. Print Text
6. Print Search String
7. Search Text
8. Quit

[Text=#9}KB7s4}) O*KD...]
[SearcString=k?]
[LineMatching=Partial]
Select: Enter search string

Text Searcher: Main Men)$ 
-?ck3D~c;| 
Uy_qn0@0CX qS4}EsVg#M 
C9VvurJrcher: Main Menu
1. Enter Text
2. Enter Search h

Text Searcher: Main Menu
1. Enter Text
2. Enter Search String
3. Line Seearch string

Text Searcher: Main Menu
1. Ente Menu
1. Enter Text
2. Enter Search String
Text Searcher: Main Menu
1. Enter T--Search String--
@+

Text Searcherz[DcB" mC'7rM*!lZ 
KP>?#iFtO$ 
?H^|t
2. Enter Search String
3. Line Snu
1. Enter Text
2. Enter Search String
3. Line1. Enter Text
2. Enter Search Stringches
5. Print Text
6. Print Search String
7. Search Text
8. Quit

[Text=/	0U@3T/)L \\!:...]
[SearchString=q+]
[LineMa

Text Searcher: Main Menu
1. Enter Text
2rtial Matches
4. Line Search - Exact Matches
5. Print Text
6. Print Search String
7. Search Text
8. Quit

[Text=/	0U@3T/)L \\!:...]
[SearchString=D+]
[Li
Text Searcher: Main Menu
1. Ent
Text Searcher: Main Menu
1. Enteext
2. Enter Search String
3. Line Search - Partial Matches
4. Line Search - Exact Matches
5. Print Text
6. Print Search String
7. Search Text
8. Quit

[Text=ue/7Ba}.QS ]E3r...]
[SearchString=D+]
[LineMatching=Partial]
Select: E=td%Lj0D. -bx6h9Zr$h 
wK1Q6GT#+X hD=l.N]NGF 

Text Searcher: Mai Main Menu
1. Enter Text
2. Enter Search String
3rJ;Gv~;F W(=Yb!'6wP 
8Nn{t-h87` 
<7e!uS,PrW <z+7hL'Ji( 
^mGqx$x*U* 
E=td%Lj0D. -bx6h9Zr$h 
N5Q5njtn%{ 
wK1Q6GT#+X hD=l.N]NGF 
Cr6pE{(8l+ 
olR,*a4?*% G/8HizZl=s 

Text Searcher: Main Menu
1. Enter Text
2. Enter Search String
3. Line Search - Partial Matches
-Search String--
D+

Text Searcheter search string

Text Searcher:h String
3. Line Search - Partial Matches
4. Line Search - Exact Matches
5. Print Text
6. Print Search String
7. Search Text
8. Quit

[Text="Suz2[#,jA ?]^w...]
[SearchString=E*]
[LineMatching=Partial]
Select: 6S@E2Pi&kJ 
zhcz~iDKI. 
6S@E2Pi&k~ )A<_!Z1@}d 
~NL_+K^,,hx,!# `T]MU#s4vv 
f^ink7$5`j 
jU&`M}$b\H .*LS2r<%^) 
O,JQ5X!vI" 
>U3DL\r%`+ HG~yywd,xd 
OPsH:>;68# 
uUc(yMQfNI `({pxZYNqf 
Kb)9mo6(!T 
Gv$8"7sm@c `GdM{to1!Y 
&&JnX+xEyH 
GHIy|&.}|Q 4~r:ine Search - Partial Matches
4. Line1. Enter Text
2. Enter Search Stri Line Search - Partial Matches
4. Line Search enu
1. Enter Text
2. Enter Searcer Text
2. Enter Search String
3. Line Seanter Text
2. Enter Search String
3. Line S-lvGEDAp~T vcee9,k<L? 
"O4%WYlV	f :W~:zEFK	l 

Text Searcher: Main Menu
1. Enter Tet Matches
5. Print Text
6. Print Search String
7. Search Text
8. Quit

[Text=d,{"M]V9.3 <wW@...]
[SearchString=1\*]
[LineMatching=Exact]
Select: --Search String--
ng
3. Line Search - Partial Matc]Lj= 
d07KsB=Ul} rRd/je`5wS 
}ST"t4o}}c 
earch - Partial Matches
4. Line Text--
d,{"M]V9.3 <wW@Y&RO-Y 
xK=jz\]LSearch - Exact Matches
5. Print Tnter Text
2. Enter Search String
3. Line Se
Text Searcher: Main Menu
1. Enter Text
2. Enter Search String
3. Line Search - Partial Matches
4. Line Search -r: Main Menu
1. Enter Text
2. Entearch String
3. Line Search - Part Enter Text
2. Enter Search String
3. arch String
3. Line Search - Partial Match
Text Searcher: Main Menu
1. Enter Text
2. Enter Search String
3. LinEnter search string

Text Searcng--
v

Text Searcher: Main Menu
Matches
5. Print Text
6. Print Se{+S.fnyI HkQE...]
[SearchString=v]
[Liv9$baoj:y 4yR)_,CZ]N 
"v54gJ#)^j er Text
2. Enter Search String
3. Line Search - Exact Matches
5. Pri
Text Searcher: Main Menu
1. Ente--Text--
{t{+S.fnyI HkQEEhq#!\ 
DMenu
1. Enter Text
2. Enter Searcenu
1. Enter Text
2. Enter Searchtring
3. Line Search - Partial Matches
4. L
Text Searcher: Main Menu
1. Enter Text
2. Enter Search String
3. Line Search - Partial Matches
4. Line Search - Exact Matches
5. Print Text
6. Print Search String
7. Search Text
8. Quit

[Text=:btz>S:wuC :ZL/...]
[SearchString=N+]
[LineMatching=Exact]
Select: 
Text Searcher: Main Menu
1. Enter Text
Menu
1. Enter Text
2. Enter Searcine Search - Partial Matches
4. Line Searcr Text
2. Enter Search String
3. Line Searc	s FXeA(M<_-} 
M@l.N'!M[7 
^VUPC{\vA5 5HI;yo/~!d] b{z!s5IF>O 
Zj`~^&vS[@ 
"=9Q9}}pwx WM>P!#i'qj 
\,^}>9&iZN 
>|)\$iFbV4 ^$	j|uo|78 
#a82x7'#/j 
K,dA8rE1Fw xEhYOrnOa= 
@8>e0!ol!t 
sx/t=*G$V) q<`u,9NQ=~ 
-M-cM2nIXQ 
F3lqY_L1+[ *~AtbHuqQ5 
LNuEhwc9?n 
jIs?ABujI\ &gUJwUs-d' 
i3_o@lE16y 
S>d!{SBoB9 9jy&-!G$	r 
"9[9.a?wG\ 
ig[4OG6gY| )l8Fu;jR$s

Text Searcher: Main Menu
1. Ent. Line Search - Partial Matches
4. LineExiting...
