
Text Searcher: Main Menu
1. Enter Text
2. Enter Search String
3. Line Search - Partial Matches
4. Line Search - Exact Matches
5. Print Text
6. Print Search String
7. Search Text
8. Quit

[LineMatching=Partial]
Select: 
Text Searcher: Main Menu
1. Enter Text
2. Enter Search String
3. Line Search - Partial Matches
4. Line Search - Exact Matches
5. Print Text
6. --Text--
q(zLO,cw<| WH#H{1X-03 
&(Enter search string

Text Searcher: Mainter text to search

Text Searcher: Main Menu
1. Enter Text
2. Enter Search String
3. Line Search - Partial Matches
4. Line Search - Exact Matches
5. Print Text
6. Print Search String
7. Search Text
8. Quit

[Text="tN@VD'i5i Db}a...]
[SearchString=(U)\+]
[LineMatching=Partial]
Select: Enter search string

Text Searcher: Main ring

Text Searcher: Main Menu
1. Enter Text
2. Enter Search String
3. Line Search - Partial Matches
4. Line Search - Exact Matches
5. Print Text
6. Print Search String
7. Search Text
8. Quit

[Text='bWG'Df)3a A$]V...]
[SearchString=f*]
[LineMatching=Partial]
Select: --Search String--
f*

Text Searcher: Main Menut to search

Text Searcher: Matring

Text Searcher: Main Menu
1. Enter Text
2. Enter Search String
3. Line Search - Partial Matches
4. Line Search - Exact Matches
5. Print Text
6. Print Search String
7. Search Text
8. Quit

[Text=U?qoa	UPNL >2Zz...]
[SearchString=%]
[LineMatching=Exact]
Select: --Te?qoa	UPNL >2ZzY	X{%~ 
\2b~dN%M(K 
.<8lsNj|RS Exw5zw0TJo 
Sg^Mwc!`=0 
YQn*,-sUqS U'1{DgHL'\ 
C:LU/aB;v% 
`+'MH~iOF- UrDm(m|sQD 
xFqK=x2KI) 
{#{!9N%8oO T[2746jB`R 
gJ].8xEarM 
|e[:Db0F65 gZWMwJMd-k 

Text Searcher: Main Menu
1. Enter Text
2. Enter Search String
3. Line Search - Partial Matches
4. Line Search - Exact Matches
5. Print Text
6. Print Search String
7. Search Text
8. Quit

[Text=U?qoa	UPNL >2Zz...]
[SearchString=%]
[LineMatching=Exact]
Select: Enter text to search

Text Searcher: Main Menu
1. Enter Tex-Text--
|@20X[pVC^ 8v9\|.ZzRq Exact Matches
5. Print Text
6. Print Search String
7. Search Text
8. Quit

[Text=|@20X[pVC^ 8v9\...]
[SearchString=[`]*]
[LineMatching=Exact]
Select: Enter text t
Text Searcher: Main Menu
1. Enter Te
Text Searcher: Main Menu
1. Enter Text
2. Enter Search String
3. Line Search - Partial Matches
4. Line Search - Exact Matches
5. Print Text
6. Print Search String
7. Search Text
8. Quit

[Text=M1p%NEU{c< g	AX...]
[SearchString=[`]*]
[LineMatching=Partial]
Select: Enter text to seL-fQ`19 8U:uFA_a9. 
sY>`@OE<uc 9^>eb1G9 
-p!GeyR~LG p9foS`DLH, 

Text Searcher: Main Menu
1. Enter Text
2. Enter Search String
3. Line Search - Partiaqm 
<jN;Fp_eV; 
F\=L-fQ`19 8U:uFAQLB1PiLpE i*lJ?c9k"H 
[W/&%-^([
sY>`@OE<uc 9^>eb1m\f| 
"<p	UlIi"^ 
&;Bc#fxR>X (6|/7tngs( 
rN161-[>Bo 
^hZjS/SF7: _kHIl(SjRW 
{K>N+2/l~2 
[4jBAtc\gp DF|Mvs9@R[ 
2jnY?B??a5 
D+S[;1){6& 09N[,Q~<Yl 
gLfH@"mAb6 
l^8sm)ETf} 0Q]+A0[L}i 
4*G*`eztG9 
S$,c&gt*T= ;1}%2q9Al[ 
T~Q}v_pNG< 
Bs{LT?wkqz fA&gNQRyd: 
v2y87V,=({ 
Q7/FiV)vE3 !D'T8dI%D	 
^/IC0cj4x\ 
ZPQwsIer{@ >c(*E_]In_ 
VknV3;h	Ki 
-p!GeyR~LG p9foS`DLH, 
(dprsIPH,N 
'}e'e|"mD~ 

Text Searcher: Main Menu
1. Enter Text
2. Enter Search String
3. Line Search - Partial Matches
4. Line Search - Exact Matches
5. Print Text
6. Print Search String
7. Search Text
8. Quit

[Text=@z?5X7$u1T K(Z*...]
[SearchString=[`]*]
[LineMatching=Exact]
Search - Partial Matches
4. Line SearchSearcher: Main Menu
1. Enter Text
2. Ente{W dL]8P0ZN=~ 
,g4JbEuN;% 
1;IkNGNVpQ7CjV 
7'b@{GASwH 
iX"N?hLy~5 W1t(;t,*$3 
R2g*Km!*Qo 
)aV	5hhF\3 )Bq-o79Se[ 
oZhmB>N9^# 
km@6-8)@(] PDE+l+S%oi 
auf3H6W8l` 
XCu)#@'PT' 	Wq05I(RWe 
P|_\RE,))\ 
K5}(\u:1.. )	d@	@6*m* 
8~@'[ZF<`J 
#H5S}5h*IG bD$]CvKNTJ 

Text Searcher: Main Menu
1. Enter Text
2. Enter Search String
3. Line Search - Partial Matches
4. Line Search - Exact Matches
5. Print Text
6. Print Search String
7. Search Text
8. Quit

[Text=@ZBBvx1F{W dL]8...]
[SearchString=[a]*]
[LineMatching=Exact]
Select: 
Text Searcher: Main Menu
1. Enter Te
Text Searcher: Main Menu
1. Enter Text
2. Enter Search String
3. Line Search - Partial Matches
4. Line Search - Exact Matches
5. Print Text
6. Print Search String
7. Search Text
8. Quit

[Text=@ZBBvx1F{W dL]8...]
[SearchString=J]
[LineMatching=Exact]
Select: 
Texher: Main Menu
1. Enter Text
2. Enter Search String
3. Line Search - Partial Matches
4. Line Search - Exact Matches
5. Print Text
6. Print Search String
7. Search Text
8. Quit

[Text=@ZBBvx1F{W dL]8...]
[SearchString=J]
[LineMatching=Partial]
Select: her: Main Menu
1. Enter Text
2. EnterEnter search string

Text Searcher: MDN 

Text Searcher: Main Menu
1. Enter Text
2.ing
3. Line Search - Partial Matches
4. 