
Text Searcher: Main Menu
1. Enter Text
2. Enter Search String
3. Line Search - Partial Matches
4. Line Search - Exact Matches
5. Print Text
6. Print Search String
7. Search Text
8. Quit

[LineMatching=Partial]
Select: Enter search string

Text Searcher: Main Menu
1. Enter Text
2. Enter Search String
3. Line Search - Partial Matches
4. Line Search - Exact Matches
5. Print Text
6. Print Searchrcher: Main Menu
1. Enter Text
2. Enter Search String
3. Line Search - Partial Matches
4. Line Search - Exact Matches
5. Print Text
6. Print Search String
7. Search Text
8. Quit

[SearchString=(O)*]
[LineMatching=Partial]
Select: 
er Text
2. Enter Search String
3. Line Search - Partial Matches
4. Line Search - Exact Matches
5. Print Text
6. Print Search String
7. Search Text
8. Qu
Text Searcher: Main Menu
1. Enter Text
2. Enter Search String
3. Line Search - Partial Matches
4. Line Search - Exact Matches
5. Print Text
6. Print Search String
7. Search Text
8. Quit

[SearchString=(O)*]
[LineMatching=Partial]
Select: 
Text Sea
1. Enter Text
2. Enter Search String
3. Line Search - Partial Matches
4. Line Search - Exact Matchesr: Main Menu
1. Enter Text
2. Enter Search String
3. Line Search - Partial Matches
4. Line Search - Exact Matches
5. Print Text
6. Print Search String
7. Search Text
8. Quit

[SearchString=V]
[LineMatching=Partial]
Select: Enter tring--
V

Text Searcher: Main Menu
1. Entxt--
\8V=P(";px gGKQ\P0<rq 
'or]Wya`4! 

Text Searcher: Main Menu
1. Enter Text
2. Enter Search String
3. Line Search - Partial Matches
4. Line Search - Exact Matches
5. Print Text
6. Print Search String
7. Search Text
8. Quit

[Text=\8V=P(";px gGKQ...]
[SearchString=V]
[LineMatching=Partial]
Select: --Text--
\8V=P(";px gGKQ\P0<rq 
'or]Wya`4! 

Text Searcher: Main Menu
1. Enter Text
2. Enter Search String
3. Line Search - Partial Matches
4. Line Search - Exact Matches
5. Print Text
6. Print Search String
7. Search Text
8. Quit

[Text=\8V=P(";px gGKQ...]
[SearchString=V]
[LineMatching=Partial]
Select: --Search String--
V

Text Searc--Search String--
V

Text Searcher: MaEnter search string

Text Searche1. Enter Text
2. Enter Search String
3. Line Search - Partial Matches
4. Line Search - Exact Matches
5. Print Text
6. Print Search String
7. Search Text
8. Quit

[Text=QI=@hB|o?R ~;"A...]
[SearchString=9+]
[LineMatching=Partial]
Select: Enter textarcher: Main Menu
1. Enter Text
2. Enter Search String
3. Line Search - Partial Matches
4. Line Search - Exact Matches
5. Print Text
6. Print Search String
7. Search Text
8. Quit

[Text=$FnT!.n&)S VR>y...]
[SearchString=9+]
[LineMatching=Exact]
Select:  string

Text Searcher: Main Menu
1. Enter Text
2. Enter Search String
3. Line Search - Partial Matches
4. Line Search - Exact Matches
5. Print Text
6. Print Search String
7. Search Text
8. Quit

[Text=$FnT!.n&)S VR>y...]
[SearchString=V]
[LineMatching=Exact]
Select: er: Main Menu
1. Enter Text
2. ing
3. Line Search - Partial Matc
Text Searcher: Main Menu
1. Enter Text
2.
Text Searcher: Main Menu
1. Et
2. Enter Search String
3. Line Search - Partial Matches
4. Line Search - Exact Matches
5. Print Text
6. Print Search String
7. Search Text
8. Quit

[Text=E2zfKKPn$k Z@I}...]
[SearchString=c*]
[LineMatching=Exact]
Select: --Text--
E2zfKKPn$k Z@I}?[S&nu 
h"MAR#3YD: 
'C70al Matches
4. Line Search - Exactatches
5. Print Text
6. Print Search St Text
2. Enter Search String
3. Line Search - Partial Matches
4. Line Search - Exact Matches
5. Print Text
6. Print Search String
7. Search Text
8. Quit

[Text=*?Pgrwd;*	 X-]9...]
[SearchString=e]
[LineMatching=Exact]
Select: 
Text Searcher: Main Menu
1. E
1. Enter Text
2. Enter Search ches
4. Line Search - Exact Matches
5. Print Text
6. Print Search String
7. Search Text
8. Quit
string

Text Searcher: Main Menu
1. archer: Main Menu
1. Enter Text
2. Entearcher: Main Menu
1. Enter Text
2. Enter SearMain Menu
1. Enter Text
2. Enter Search String
3. Line Search - Partial Matches
4. Line Search - Exact Matches
5. Print Text
6. Print Search String
7. Search Text
8. Quit

[Text=g.i	$~Z9N+ t'{m...]
[SearchString=i]
[LineMatching=Exact]
Select: 
Tr: Main Menu
1. Enter Text
2. Enter Search String
3. Line Search - Partial Matches
4. Line Search - Exact Matches
5. Print Text
6. Print Search String
7. Search Text
8. Quit

[Text=g.i	$~Z9N+ t'{m...]
[SearchString=i]
[LineMatching=Exact]
Select: --SearEnter text to search

Text Searcher: Main Menu
1. Enter Text
2.U<s 
7t!De)(KA6 
+VYN)8ohx: }iH5:~E~SY 
Qm{	# search

Text Searcher: Main M-Search String--
O

Text Searcher: Main[%;D# Z}DCa7U4O	 
-EA`fdwpIT 
/v9$XV0g0Z 1acmcMh!O? 
}obwdePkXi 
x"hC<okt\5 9WS1-]q|Zx 
m.0F8YP	cn 
.Mv%ww>5UQ XBY^#cm,$N 
P3=W"bgo7j 
Rn}	hyhY@L *pCeu^U,fC 
'4h:I6t2k\ 
x~j_81)TR^ aUmZdOIME" 
w~nMB-^|3} 
BD<~:w;7mb Z`G=)<Lu;3 
h&.I?w/T$F 
EYA'VG|9:] -M@FejZo9j 
F4F{0&@f|C 
]pNEBE_,Na WV-6'O]1Kg 
B^JBo~>uVs 
A8[L`bg]8- $iP"DXCYqK 
+G1;}%X9YJ 
X%!U]qe^@S _i%n\Y?)]+ 
gY?*4P>}iA 
m#sSbc'uox j6*j0nXu}^6'O]1Kg 

Text Searcher: Main Menu
1. Entrch - Partial Matches
4. Line Sear Exact Matches
5. Print Text
6. Print Search String
7. Search Text
8. Quit

[Text=*/F!7C<B@Z w&,%...]
[SearchString=Q\*]
[LineMatching=Exact]
Select: Enter search string

Textxt Searcher: Main Menu
1. Enter TexEnter search string

Text Searcher: 
Text Searcher: Main Menu
1.
Text Searcher: Main Menu
1. Entr Text
2. Enter Search String
3. Line SearchO} "$IumjTA%{ 
NeZh_$:!"v 
O!,zQn("s) vIT0jL$,H9 
]~)A^yiNqC 
NfJ*N.`h6D ]Ll{=#g({j 
z#?L%p7bUi 
CJsOG#BC6J h<W2cU?w"o 
R1It?e0lpS 
`D}ke[x9B' ^J+,LWWVfE 
hd&xE,>P?m 
;"u<bV2@xf 

Text Searcher: Main Menu
1. Enter Text
2. Enter Search String
3. Line Search - Partial Matches
4. Line Search - Exact Matches
5. Print Text
6. Print Search String
7. Search Text
8. Quit

[Text=~)7c7GI,{y TVlt...]
[SearchString=(~)*]
[LineMatching=Exact]
Select: Enter search strinText--
~)7c7GI,{y TVltvGA><t 
l2h String--
/+

Text Searcher: Mai
1. Enter Text
2. Enter Search S Line Search - Partial Matches
4. Line Search - E
Text Searcher: Main Menu
1. Enter e Search - Partial Matches
4. Lin
!YegwjBQ<w 
vYT64MDfwx fmVFfQ"reD 
=rdxC%}Q$, 

#Zz)j)EIH9 .K+-lX^lbv 
!YegwjBQ<wkg2YM iv+_@BKpt] 
ClqCJX~$+: 
`[R{@u<uJ5 

Text Searcher: Main Menu
1. Enter Text
2. Enter Search String
3. Line Search - Partial Matches
4. Line Search - Exact Matches
5. Print Text
6. Print Search String
7. Search Text
8. Quit

[Text=#Zz)j)EIH9 er: Main Menu
1. Enter Text
2.Text Searcher: Main Menu
1. Enter Text
2. Enter Se search

Text Searcher: Main Menu
1. Enter Text
2. Enter Search String
3. Line Search - Partial Matches
4Text Searcher: Main Menu
1. Enter Text
2. Enter SwGM-.6>5! K,Jmd_nNQ/ 
g[),*~s&Mb 
]OWq]tU?l& \n Menu
1. Enter Text
2. Enter Searcter Search String
3. Line Search - Partial Matches
4. Line Search - Exact Matches
5. Print Text
6. Print Search String
7. Search Text
8. Quit

[Text=sj^dmUhoF/ UHu+...]
[SearchString=q+
[LineMatching=Partial]
Select: sj^dmUhoF/ UHu+KTqK~- 
2p\2e7S{h0 RN!^]iR3qj 
1qDm{rcher: Main Menu
1. Enter Text
2.

Text Searcher: Main Menu
1. Enter Text
2. Enter Search String
3. Text Searcher: Main Menu
1. Enter
z]BU%0QAlL 
1)uf}9CM&n _N'-S|*d#v[r"2 
&f+?L5mh=A D>BHa9M/ZY 
\mslal Matches
4. Line Search - Exact Matches
5.  Searcher: Main Menu
1. Enter Te>	oRZo\a #+kydqhx$} 
$)9*\-`iJ? 
siz\&@~VtT <4V`8C'!3a 
Cfv*]6UfYd 
]gA*N2!Kk' ?z;S@V&I6] 
6zheFI*J", 
0]jz[pL;o/ <]<4	ZvX	5 
FQ>:!8D1i{ 
OTeS6I9BON >K*BwdH7F` 
'`+TzW{{Ys 
9/Qf(GVE!= iaFd,V>+xn 
cS<f(R$W&0 
}3p>hVQ2q. 62Y%4HlgCP 
9_p?2_PrfD 
	KI{</b4p2 Ud%sq{:tGb 
O|0t=P5r{A 
#":MafDj0Y {]`+>()%"C 
W8LC%Iq2Hq Menu
1. Enter Text
2. Enter Searc Enter Text
2. Enter Search String
3. Line Search- Partial Matches
4. Line SearchX]g=;>tnAj 
/BXfCG[ba] *]=I]}nz3U nter Text
2. Enter Search String
3earch String
3. Line Search - PartMatches
4. Line Search - Exact Matchester search string

Text Searcher:e Search - Partial Matches
4. Lin-Search String--
w?

Text Searcher: M
Text Searcher: Main Menu
1. Entct Matches
5. Print Text
6. Print Search String
7. Search Text
8. Quit

[Text=u;JwiBOU3w .8mR...]
[SearchString=w?]
er text to search

Text Searchter Text
2. Enter Search String
3. Line Search - C2i@s+B Oz"G(AdLi& 
_(oh?F'z9; 
)`V},\!}qw e(wN}D/#.u 
-FUV(FP$_X 
 - Partial Matches
4. Line Search -. Enter Search String
3. Line Sear
Text Searcher: Main Menu
1. Enter Text
2. EntLine Search - Exact Matches
5. Print Text
6. Print Search String
7. Search Text
8. Quit

[Text=rwaD]{p!S~ (d Text
2. Enter Search String
3. Line Se
Text Searcher: Main Menu
1. Enter Text
2. Enter Search String
3. Line Search - Partial Matches
4. LText Searcher: Main Menu
1. Enter Text
2. EnteEnter search string

Text SearIw.h Nv7DfPJj6I 
E9M{~6*DX] 
Dyt,22%Lb@ 7f;l-#zcher: Main Menu
1. Enter Text
2. Enine Search - Exact Matches
5. Pri
(~)

Text Searcher: Main Menu
1. Enter Text
t
2. Enter Search String
3. Line Search - Partiasearch string

Text Searcher: Main tches
4. Line Search - Exact Matc Print Text
6. Print Search Striner Search String
3. Line Search - ine Search - Exact Matches
5. Print Tex Main Menu
1. Enter Text
2. Enterng

Text Searcher: Main Menu
1. Enter Text
 Exact Matches
5. Print Text
6. Pxt Searcher: Main Menu
1. Enter T

Text Searcher: Main Menu
1. Ench String--
b

Text Searcher: Mainu
1. Enter Text
2. Enter Search String
3. Line Search - Partial Matches
4. Line Search - Exact Matches
5. Print Text
6. Print Search String
7. Search Text
8. Quit

[Text=&NQ_XhXQ&, 8w"H...]
[SearchString=b]
[LineMatching=Exact]
Select: 
Text Searcher: Main Menu
1. Entter Search String
3. Line Search - Partial Enter search string

Text Searcher: er: Main Menu
1. Enter Text
2. Enter nter search string

Text SearchMain Menu
1. Enter Text
2. Enter Search String
3. Line Search - Pa Line Search - Exact Matches
5. Prin
Text Searcher: Main Menu
1. Entext Searcher: Main Menu
1. Enter Tr Search String
3. Line Search - Partial Matchext Searcher: Main Menu
1. Enter Text
2. Enter SeD^8 0Lwb]uYIV' 
8!+S|'uj^B 
MaF@\kaKf9 <l,HG;P0$| 
.$b\ut(\3O 
M!h	Xuzs/*Re0F& 
~HwjSADe&p :dSJ3GCU+C 
j6jb;upf;G 3L}CSearcher: Main Menu
1. Enter Text
;xjSf` 

Text Searcher: Main Menu
1. Enter Text
2. Enter Search String
3. Line Search - Partial Matches
4. Line Search - Exact Matches
5. Print Text
6. Print Search String
7. Search Text
8. Quit

[Text=F8-.UMdRNw S<lS...]
[SearchString=G*]
[LineMatching=PEnter text to search

Text SeEnter Search String
3. Line Search - Prcher: Main Menu
1. Enter Text
2.earch String
3. Line Search - Partial Matches
4. Line Search - Exact Matches
5. Print Text
6. Print Search String
7. Search Text
8. Quit

[Text=oa%rEE+KX\ REy:...]
[SearchString=G*]
[LineMatching=Partial]
Select: 
Text Searcher: Main Menu
1. Enter Text
2. Enter Searc Partial Matches
4. Line Search -Exact Matches
5. Print Text
6. Print Sea. Search Text
8. Quit

[Text=!)enu
1. Enter Text
2. Enter Search Strinearch String
7. Search Text
8. Quit

[Text=3wLo1-_*@9 ~gE1...]
[SG*]
[LineMatching=Exact]
Select: Enter te
2. Enter Search String
3. Line Search 
&:W5jAloP{ 
|[eov	,]uy 7PlS'eDpypc<J`/A`] Eb)F_](1ea 
d~4%B$JY_Y 
")q]J"HC-Q iZM{ Y}L?s0YAUU 
x1y)=7%+L) 
1W!OET&jO4 :.v:)8'!Y@ 
kf\DR5F?@. 
<VbA-zRHDr =t	#P+"dt% 
Bh[\#Tt^79 

Text Searcher: Main Menu
1. Enter Text
2. Enter Search String
3. Line Search - Partial Matches
4. Line Search - Exact Matches
5. Print Text
6. Print Search String
7. Search Text
8. Quit

[Text=\us	hMRt[< 8X]4...]
[SearchString=G*]
[LineMatching=Partial]
Select: 
Text Searcher: Main Menu
1. Entxt
8. Quit

[Text=\us	hMRt[< 8X]4...]
[SearchString=G*]
[LineMatchnter text to search

Text SearEnter text to search

Text Sear] :?LKe7PSr" 
#WHQcc)9+Z 
7C)kU3Prch - Exact Matches
5. Print TextI1Q@ `E	&<c	6@S 
(NnhW/y@Qw 
wSs^tf*aNI #*kA>]`0r8 
j`H@V'LDLV 
F=T[jRo'8c @iOOI)F;@J 
E'?#=1inUp 
W#^1(^f#TL Y"([Yv8=oG 
4PUW)Kl*|; 
DAand~^!Fv ^-	X:~9h	O 
EgYd7^.V|D 
`D;D\H,67q E6q;G 
8y/Ce_Es2w 
0gx&@L(E(F x`^}H#hSpz 
w-Wj{J>\3C 
,}yk}WflAv \p14ksc~Iu 
kE5ebo"Lr_ 
BB-Lp2%?Mv :tnKcQ7;]K 
P"A,g6&UK} 
"E8%8k=T&j T[,Qbv"C@5  Main Menu
1. Enter Text
2. EnterSearch String
3. Line Search - Partial .]
[SearchString=G*]
[LineMatchiADXEH 
F~Y.@An;6I 
g?h6s-,F0P #2zwG'PV-; @H/I+eNEJ] 
?RvPXk]`R0 
AkvgH*)faqzVj: 
p+T.S"Be%E u,O@@DJC)B,T!C{w UGk-wADXEH 
F~Y.@An;6I 
g?h Enter Search String
3. Line Sear2. Enter Search String
3. Line Set=/\-6s"n@~H yLpy...]
[SearchStri-6s"n@~H yLpybR!(%? 
F~Y.@An;6I 
~(g)L9$nS, ~?-DtL>\bR 
nP"Kc`'GW+ 
xX;rng--
I*

Text Searcher: Main Menuin Menu
1. Enter Text
2. Enter Sea
Text Searcher: Main Menu
1. Ent