
Text Searcher: Main Menu
1. Enter Text
2. Enter Search String
3. Line Search - Partial Matches
4. Line Search - Exact Matches
5. Print Text
6. Print Search String
7. Search Text
8. Quit

[LineMatching=Partial]
Select: Enter text to search

Text Searcher: Main Menu
1. Enter Text
2. Enter Search String
3. Line Search - Partial Matches
4. Line Search - Exact M.F%W9#KuNj 
P8s\J3-J}x 
"/,b]KO\(i =,e?:l8|c( 
zG1?IDLkD% 
PX+p7`sDY3 f,|W#QXVZp 
FM;"'n.oe` 
eUpOBaSpA* :)E%FhW	#g 
%>(zh_a921 
q9H+>6*Hh8 D.aUZpvf%j 
G(~gs|;I\F 
Qj})oYI,Py Y08vc.ttB/ 
%*1/&tCWj. 
jL8N'-)?HA zuLKtiI+f, 
vbZIly'/	3 
CU@TCi6w`# Vk$=~[][d@ 
({m%:zz0U7 
<{7%A+Ps~m B-I{pJ4}$m 
as|"'[[=\Q 
+B"|-_,eC4 3KO<L]CV[; 
#:*a2uD;#w 
h$816X(xPc wZ%iwxH52j 
3U=t5#=P9C 
pFL+Eo(e&L vRJ5C^Ho@Z 
z[$JHZD-l? 
%O0hso;HJW A%<Q7qi:G< 
:u+u8@lbEB 
\k>l/8>	>8 h#{$}a&	Fo 

Text Searcher: Main Menu
1. Enter Text
2. Enter Search String
3. Line Search - Partial Matches
4. Line Search - Exact Matches
5. Print Text
6. Print Search String
7. Search Text
8. Quit

[Text=CZ4OF:FvbI 1Ic....]
[LineMatching=Partial]
Select: Enter search string

Text Searcher: Main M--Text--
CZ4OF:FvbI 1Ic.D=v9&u 
/!I,77st.Y 
Z88Pxmh[6$ .F%W9#KuNj 
P8s\J3-J}x 
"/,b]KO\(i =,e?:l8|c( 
zG1?IDLkD% 
PX+p7`sDY3 f,|W#QXVZp 
FM;"'n.oe` 
eUpOBaSpA* :)E%FhW	#g 
%>(zh_a921 
q9H+>6*Hh8 D.aUZpvf%j 
G(~gs|;I\F 
Qj})oYI,Py Y08vc.ttB/ 
%*1/&tCWj. 
jL8N'-)?HA zuLKtiI+f, 
vbZIly'/	3 
CU@TCi6w`# Vk$=~[][d@ 
({m%:zz0U7 
<{7%A+Ps~m B-I{pJ4}$m 
as|"'[[=\Q 
+B"|-_,eC4 3KO<L]CV[; 
#:*a2uD;#w 
h$816X(xPc wZ%iwxH52j 
3U=t5#=P9C 
pFL+Eo(e&L vRJ5C^Ho@Z 
z[$JHZD-l? 
%O0hso;HJW A%<Q7qi:G< 
:u+u8@lbEB 
\k>l/8>	>8 h#{$}a&	Fo 

Text Searcher: Main Menu
1. Enter Text
2. Enter Search String
3. Line Search - Partial Matches
4. Line Search - Exact Matches
5. Print Text
6. Print Search String
7. Search Text
8. Quit

[Text=CZ4OF:FvbI 1Ic....]
[SearchString=O*]
[LineMatching=Partial]
Select: --SeaSearch String
3. Line Search - Pa
/!I,77st.Y 
Z88Pxmh[6$ .F%W9#KuNj 
P8s\J3-J}x 
"/,b]KO\(i =,e?:l8|c( 
zG1?IDLkD% 
PX+p7`sDY3 f,|W#QXVZp 
FM;"'n.oe` 
eUpOBaSpA* :)E%FhW	#g 
%>(zh_a921 
q9H+>6*Hh8 D.aUZpvf%j 
G(~gs|;I\F 
Qj})oYI,Py Y08vc.ttB/ 
%*1/&tCWj. 
jL8N'-)?HA zuLKtiI+f, 
vbZIly'/	3 
CU@TCi6w`# Vk$=~[][d@ 
({m%:zz0U7 
<{7%A+Ps~m B-I{pJ4}$m 
as|"'[[=\Q 
+B"|-_,eC4 3KO<L]CV[; 
#:*a2uD;#w 
h$816X(xPc wZ%iwxH52j 
3U=t5#=P9C 
pFL+Eo(e&L vRJ5C^Ho@Z 
z[$JHZD-l? 
%O0hso;HJW A%<Q7qi:G< 
:u+u8@lbEB 
\k>l/8>	>8 h#{$}a&	Fo 

Text Searcher: Main Menu
1. Enter Text
2. Enter Search String
3. Line Search - Partial Matches
4. Line Search - Exact Matches
5. Priarch - Exact Matches
5. Print Texint Search String
7. Search Text
8. Quit

[Text=%<]q2Vbe)* ?=u_...]
[SearchString=O*]
[LineMatching=Partial]
Select: --Search String--
O*

Text Searcher: Main Menu
1. Enter Text
2. Enter Search String
3. Line Search - Partial Matches
4. Line Search - Exact Matches
5. Print Text
6. Print Search String
7. Search Text
8. Quit

[Text=%<]q2Vbe)* ?=u_...]
[SearchString=O*]
[LineMatching=Partial]
Select: 8O)xgX?~'@ 
@i{bFJrI0, ;?MlzOLz=- 
L!O{s]d#PG gk%5AUx6T_ 
ng+JC,vY2L P6)O040<l< 
Uh}.AL"sUO 

Text Searcher: Main Menu
1. Enter Text
2. Enter Search String
3. Line Search - Partial Matches
4. Line Search - Exact Matches
5. Print Text
6. Print Search String
7. Search Text
8. Quit

[Text=%<]q2Vbe)* ?=u_...]
[SearchString=O*]
[LineMatching=Partial]
Select: Enter texEnter Search String
3. Line Search - Partial Matches
4. Line Search - Exact Matches
5. Print Text
6. Print Search String
7. Search Text
8. Quit
[Text=3;+6&`\ieF mpYf...]
[SearchString=O*]
[LineMatching=Exact]
Select: Enter search string
 Menu
1. Enter Text
2. Enter Search String
3. Line Search - Partial Matches
4. Line Search - Exact Matches
5. Print Text
6. Print Search String
7. Search Text
8. Quit

[Text=/aMpMcEpbF Cqm*...]
[SearchString=i?]
[LineMatching=Exact]
Select: Exiting..