
Text Searcher: Main Menu
1. Enter Text
2. Enter Search String
3. Line Search - Partial Matches
4. Line Search - Exact Matches
5. Print Text
6. Print Search String
7. Search Text
8. Quit

[LineMatching=Partial]
Select: 
Text Searcher: Main Menu
1. Enter Text
2. Enter Search String
3. Line Search es
4. Line Search - Exact MatchesMain Menu
1. Enter Text
2. Enter Search String
3. Line Search - Partial Matches
4. Line Search - Exact Matches
5. Print Text
6. Print Search String
7. Search Text
8. Quit

[Text=s#b[1isgLR t-VP...]
[SearchString=(p)]
[LineMatching=Exact]
Select: 
Text Searcher: Man Menu
1. Enter Text
2. Enter Search String
3. Line Search - Partial Matches
4. Line Search - Exact Matches
5. Print Text
6. Print Search String
7. Search Text
8. Quit

[Text=s#b[1isgLR t-VP...]
[SearchString=(p)]
[LineMatching=Exact]
Select: 
Text Searcher: Main Menu
1. Enter Text
2. Enter Search String
3. Line Search - Partial Matches
4. Line Search - Exact Matches
5. Print Text
6. Print Search String
7. Search Text
8. Quit

[Text=s#b[1isgLR t-VP...]
[SearchString=(p)]
[LineMatching=Exact]
Select: Enter text to search

Text Searcher: Main Menu
1. Enter Text
2. Enter Search String
3. Line Search - Partial Matches
4. Line Search - Exact Matches
5. Print Text
6. Print Search String
7. Search Text
8. Quit

[Text=ff%2L"TU?l ighP...]
[SearchString=(p)]
[LineMatching=Exact]
Select: Enter text to search

Text SearchEnter text to search

Text Searcher: Main Menu
1. Enter Text
2. Enter Search String
3. Line Search - Partial Matches
4. Line Search - Exact Matches
5. Print Text
6. Print Search String
7. Search Text
8. Quit

[Text=>hPaoM|x]" 3CkX...]
[SearchString=(p)]
[LineMatching=Exact]
Select: 
Text Searcher: Main Mr Text
2. Enter Search String
3. earch - Partial Matches
4. Line Search - Exact Matches
5. Print Text
6. Print Search String
7. Search Text
8. Quit

[Text=>hPaoM|x]" 3CkX...]
[SearchString=(p)]
[LineMatching=Exact]
Select: Enter text to senu
1. Enter Text
2. Enter Search String
3. Line Search - Partial Matches
4. Line Search - Exact Matches
5. Print Text
6ring--
(p)

Text Searcher: Main Menu
1ext--
4s1sJ}^v>Y )PmCz"%d/k 
	^05text to search

Text Searcher:-
(p)

Text Searcher: Main Menu
1. Enter Text
2. Enter Search String
3. Line Search - Partial Matches
4. Line Search - Exact Matches
5. Print Text
6. Print Search String
7. Search Text
8. Quit

[Text=j>3&f~/0Lc |l=W...]
[SearchString=(p)]
[LineMatching=Partial]
Select: Enter searchfCbv[ LTU.,eei&	 
8I5Y~pB$\T 
UwQm;8Pk/( [LF2f{%soQ 
<Az9bo7/}' 
GVfC{YeT?, H'y# 
xLR^5^?	Xn 
W3-2"fCbv[ L8I5Y~pB$\T 
UwQm;8Pk/( [LF2f{%soQ 
<Az9bo7/}' 
GVfC{YeT?, HQC"*%*.lK 
dpW2iJnA^q 
5a{]bvMpvf T`
Text Searcher: Main Menu
1. Enter Text
2. Enter Search Stringu
1. Enter Text
2. Enter Search String
3. Line Search - Partial Matches
4. Line Search - Exact Matches
5. Print Text
6. Print Search String
7. Search Text
8. Quit

[Text=b'oV'pQ6!7 U<O-...]
[SearchString=3?]
[LineMatching=Exact]
Select:  Menu
1. Enter Text
2. Enter Search String
3. Line Search - Partial Matches
4. Line Search - Exact Matches
5. Print Text
6. Print Search String
7. Search Text
8. Quit

[Text=b'oV'pQ6!7 U<O-...]
[SearchString=[q]]
[LineMatching=Partial]
Select: Enter seng

Text Searcher: Main Menu
1. Enter Text
2. Enter Search String
3. Line Search - Partial Matches
4. Line Search - Exact Matches
5. Print Text
6. Print Search String
7. Search Text
8. Quit

[Text=b'oV'pQ6!7 U<O-...]
[SearchString=/?]
[LineMatching=Partial]
Select: --Text--
b'oV'pQ6!7 U<O-joxdy% 
P(Kr search string

Text Searcher:ter Text
2. Enter Search String
3. Line Search - Partial Matches
4. Line Search - Exact Matcenu
1. Enter Text
2. Enter Search String
3.to search

Text Searcher: Main Menu
1. Enter Text
2. Enter Search String
3. Line Search - Partial Matches
4. Line Search - Exact Matches
5. Print Text
6. Print Search String
7. Search Text
8. Quit

[Text=QU1p|n<=fj xbzU...]
[SearchString="\*]
[LineMatching=Exact]
Select: Enter text to search
 Searcher: Main Menu
1. Enter Text
2. Enter}L!3CYUfW 0>s3j7w1!6 

Text Searchext
2. Enter Search String
3. Line Search - Partial Matches
4. --Search String--
w

Text Searcher:Text Searcher: Main Menu
1. Enter Text
2. nt Search String
7. Search Text
8. Quit

[Text=KC<)o{xVA, F\OE...]
[SearchString=w]
[LineMatching=Partial]
Select: --Search String--
w

Text .jo 
u^mxRJ+kh} 
|WMR'>;ozI j}O\xw>:0@DU22F 
Dq.c=VK\ve 0ZPE_]^"s0 
:0p)-<enR7 
xs=x5:GEWQ +%aj`k%9WX 
{YY!"+mu{Z 
\z@oe&.Z^1 gI[&s(:9'; 
\	r%Qo74PH 
(Yv6r?*Pw2 7XYJlC.to< 
P&`d&t|gY, 
8E<bo`6JfR &rK1PV:q55 
U[?|3[KACQ 
bU*}$&=5H( rd)`MDcaD9 
WuE*u<XvP& 
ZFYpqNIyR( 4E~,JAqS^7 
e$yDGk)5zU 
D}WTxXyKOi BTnzkH^B]_ 

Text Searcher: Main Menu
1. Enter Text
2. Enter Search String
3. Line Search - Partial Matches
4. Line Search - Exact Matches
5. Print Text
6. Print Search String
7. Search Text
8. Quit

[Text=.$s~Ei"#"q H1YO...]
[SearchString=w]
[LineMatching=Partial]
Select: --Text--
.$s~Ei"#"q H1YOMy*_L] 
aPg{.sAJQX 
'`^h.NW:LR p~+Sbq8.josearch

Text Searcher: Main Menu
1. Enter Text
2. Enter Search String!u26 
SJi@)#YHnz 
^v&(*sr*Y' ,@qEZl^v,Y 
D6AX{-r Search String
3. Line Search - Partial Matches
4. Line Search - Exact Matches
5. Print Text
6. Print Search String
7. Search Text
8. Quit

[Text=_bp+OFX%6@ 'c3,...]
[SearchString=w]
[LineMatching=Exact]
Select: --@ 'c3,SwESk0 
&rzHL:K|g1 
v;"h]pE:&` =KT;.rgQPP 
[Tbe_hbj-% 
qJSv4~$+XH B%,`;O=ZKX 
;9"_7,<G<r 
>n]WLh4L|O /lE/nE2T)H 
f~GKQ\/OMT 
7AniUqUseB x(SgdZk$Mz 
}+0Ov"1{xo 
"`Us;_`DA@ UQ"%O!}j$? 
8\b[-l71	e 
h3HEXXS$\5 7u!t5yWR~/ 
S\@D]~wLLb 
DSkL6Q.66h ,wy@1s5x?[ 
"B_(Q%KNqV 
9bJptgo"}W kup0\6DKx' 
~uV~Avvh.d 
!/CSYE{KnG b#?u)-{R!3 
r,0;h]\)Y. 
lYk3N2i{v< Gh_,Rf$Bhn 
k/ni_}30QS 
Dw/!M*v=av 5$Ux!H7Ctf 
AyL+nH_L%c 
ibg%'0%fG3 7g?}arSyr5 
)o/*Pi06<P 
&QsP'$[j(d NxIPMy)"QA 
ZJ85'uPE/H 
smMWAC4jlJ *0pgqJIuAJ 
fiizx$qkjP 
"a;gc!B]9p Ar0z,pk4bp 

Text Searcher: Main Menu
1. Enter Text
2. Enter Search String
3. Line Search - Partial Matches
4. Line Search - Exact Matches
5. Print Text
6. Print Search String
7. Search Text
8. Quit

[Text=_bp+OFX%6@ 'c3,...]
[SearchString=w]
[LineMatching=Exact]
Select: --Text--
_bp+OFX%6@ 'c3,SwESk0 
&rzHL:K|g1 
v;"h]pE:&`,`;O=ZKX 
;9"_7,<G<r 
>n]WLh4L|O /er: Main Menu
1. Enter Text
2. Ent)W4 "wJvx2C{hW 
Q,r\q%:=+1 	nSE;v 
tN#g]4mwaP 
l8_lciSwWp 

Text Sch String
7. Search Text
8. Quit[Text=EX4NNuWe%- j*:7...]
[SearchString=w]
[LineMatching=Partial]
Select: 
Te Search String
3. Line Search - PPartial Matches
4. Line Search - Exact Matches
5. Print Text
6. Print Search String
7. Search Text
8. Quit

[Text=EX4NNuWe%- j*:7...]
[SearchString=G]
[LineMatching=E~ 

Text Searcher: Main Menu
1. Enteh String--
G

Text Searcher: Main Menu
1] e?,LcLQW?Q 
PhV!^	b/); 
HX`ZwXC)W4 "wJvx2C{hW 
#QLz18&/Lm 
Q,r\q%:=+1 	nSE;va`kw 
JTJ#^P'X|0 
JKihZ1K}_= ?sdFAolb6l 
T=+,K]3yJh 
ka],!XAK>6 -cc\X[	&E` 
tN#g]4mwaP 
VEJ|n?@u4V 'Marasf*s[ 
^KHT95K1\A 
[N\MhbT$14 cnKy[`j]d_ 
RDzt.DYXG~ 
=AP!lN4EFL 6ny7hXK!K/ 
LrtJ^93>[T 
'BZ=q]^%)[ k[[0M;=	v0 
a.'rk8aP7K 
z{S80AvY<>@Y7:# 
l8_lciSwWp 
H@P1d#NBMe @6/Azn(,C1 

Text Searcher: Main Menu
ing
3. Line Search - Partial Matches
4. L
Text Searcher: Main Menu
1. Enter Text
2*o 
lxn6&]G'pA 
``8U1hHavM Ykq8iKzy`D 
>!3!43N] e?,LcLQW?Q 
PhV!^	b/); 
HX`ZwXC)W4 "wJvx2C{hW 
#QLz18&/Lm 
Q,r\q%:=+1 	nSE;va`kw 
JTJ#^P'X|0 
JKihZ1K}_= ?sdFAolb6l 
T=+,K]3yJh 
ka],!XAK>6 -cc\X[	&E` 
tN#g]4mwaP 
VEJ|n?@u4V 'Marasf*s[ 
^KHT95K1\A 
[N\MhbT$14 cnKy[`j]d_ 
RDzt.DYXG~ 
=AP!lN4EFL 6ny7hXK!K/ 
LrtJ^93>[T 
'BZ=q]^%)[ k[[0M;=	v0 
a.'rk8aP7K 
z{S80AvY.g 2IN<>@Y7:# 
l8_lciSwWp 
H@P1d#NBMe @6/Azn(,C1 

Text Searcher: Main Menu
1. Enter Tex String
3. Line Search - Partial Matche--Search String--
k

Text Searcher: Main Menu
1.  Text
2. Enter Search String
3. Line Search -nu
1. Enter Text
2. Enter Search String
 String
3. Line Search - Partial Matches
4. Li6. Print Search String
7. Search Text
8. Qh String--
r+

Text Searcher: Main Menu
1. Enter Text
2. Enter Search String
3. Line Search - Partial Matches
4. Line Search - Exact Matches
5. Print Text
6. Print Search String
7. Search Text
8. Quit

[Text=}<6F!KUa9l `txx...]
[SearchString=r+]
[LineMatching=Exact]
Select: 
Text Searcher: Main Menu
1. Enter Text
2.MA 
@RyGb"r,t~ Lt4e]Y*F$U 
b?[nw9NF$" 
?>#kGBp9y- / 
?|/}R@5[]] 
a!HTL4^CpL u"1udEIu_k 
h8x:bgSGP( 
R|?"G]"{V^ D?[Q)Y)o#7 
M,ZO|:z9Gb 
I\Y_"Blrze TpWUa^Hh<` 
JKkaH"[XeM 
ZP&)X@#0IL [iq,GTNQ*- 
iKv12T^eP_ 
jZdn$=*z	] N9sH8w`3[^ 
(aU/%HZkW/ 
eXFT#oQ]r: H6#G~eX#X` 
'(j1t~"8'A 
<JyU[7E17q L5)q~B+v=& 
i]UwK-QFQT 
d_+>B!f*5A mGvXVv11&U 
(j8mlM=T?O 
6{sah1z\Sm +A3J9qoJ[@ 
b=B+o6zIO+ 
Rw<3<>()xS /q,1z&|Jx] 
=YsB]:7@(, 
hk{bd|mX$~ =Line Search - Partial Matches
4. Line Search - Exa. Enter Search String
3. Line Search - Partr text to search

Text Searcher Main Menu
1. Enter Text
2. Enterearch String
7. Search Text
8. Quit

[Text=yiD^_ImMain Menu
1. Enter Text
2. Enter Search St