
Text Searcher: Main Menu
1. Enter Text
2. Enter Search String
3. Line Search - Partial Matches
4. Line Search - Exact Matches
5. Print Text
6. Print Search String
7. Search Text
8. Quit

[LineMatching=Partial]
Select: 
Text Searcher: Main Menu
1. Enter Text
2. Enter Search String
3. Line Search - Partial Matches
4. Line Search nt Text
6. Print Search String
7. Text
8. Quit

[LineMatching=Partial]
Select: 
Text Searcher: Mainer Text
2. Enter Search String
3. Line Search - Partial Matches
4. Line Search - Exact Matches
5. Print Text
6. Print Search String
7. Search Text
8. Quit

[Text=5YRmk/0BTY E0If...]
[LineMatching=Exact]
Select: --Search String--


Text Searcher: Main Menu
1. Enter Text
2. Enter Search String
3. Line Search - Partial Matches
4. Line Search - Exact Matches
5. Print Text
6. Print Search String
7. Search Text
8. Quit

[Text=5YRmk/0BTY E0If...]
[LineMatching=Exact]
Select: 
Text Searcher: MaEnter text to search

Text Searcher:,2!cB4U zdIvM?c@L5 
%pU!q)=h1k 
4?Xv@X[>b0 rU<Gq(!=VR 
'x^{n,\m)W 
a\3i9n;	=z -Vd`@|dh|6 
:Bi-X^m'I_ 
h~I`\a3]YV 

Text Searcher: Main Menu
1. Enter Text
2. Enter Search String
3. Line Search - Partial Matches
4. Line Search - Exact Matches
5. Print Text
6. Print Search String
7. Search Text
8. Quit

[Text=Vb%,2!cB4U zdIv...]
[SearchString=h*]
[LineMatching=Exact]
Select: 
Text Searcher: Main Menu
1. Enter Text
2. Enter Search String
3. Line Search - Partial Matches
4. Line Search - Exact Matches
5. Print Text
6. Print Search String
7. Search Text
8. Quit

[Text=Vb%,2!cB4U zdIv...]
[SearchString=h*]
[LineMatching=Exact]
Select: Enter search string

Text Searcher: Main Menu
1. Enter Text
2. Enter Search String
3. Line Search - Partial Matches
4. Line Search - Exact Matches
5. Print Text
6. Print Search String
7. Search Text
8. Quit

[Text=Vb%,2!cB4U zdIv...]
[SearchString=,\?]
[LineMatching=Exact]
Select: 
Text Searcher: Main Menu
1. Enter Text
2. Enter Search String
3. Line Search - Partial Matches
4. Line Search - Exact Matches
5. Print Text
6. Print Search String
7. Search Text
8. Quit

[Text=Vb%,2!cB4U zdIv...]
[SearchString=,\?]
[LineMatching=Exact]
Select: 
Text Searcher: xt--
@7]cc:o0=> :]uVS$GK'u 
E[x'2pKqZ! ing--
[L]+

Text Searcher: Main Menu
1. Enter Text
2. Enter Search String
3. Line Search - Partial Matches
4. Line Search - Exact Matches
5. Print Text
6. Print Search String
7. Search Text
8. Quit

[Text=5!X^AZ]\.6 n1X{...]
[SearchString=[L]+]
[LineMatching=Partial]
Select: --Text--
5!X^A.6 n1X{*sm<|V 
,<P]X^%BIp 
~z>_m%Xo'' s6<\\l*+D- 
q\Tu-<Jmf( 
-	Y;R!eG!O 

Text Searcher: Main Menu
1. Enter Text
2. Enter Search String
3. Line Search - Partial Matches
4. Line Search - Exact Matches
5. Print Text
6. Print Search String
7. Search Text
8. Quit

[Text=5!X^AZ]\.6 n1X{...]
[SearchString=[L]+]
[LineMatching=Partial]
Select: 
Text Se
Text Searcher: Main Menu
1. Enter Text
2. Enter Search String
3. Line Search - Partial Matches
4. Line Search - Exact Matches
5. Print Text
6. Print Search String
7. Search Text
8. Quit

[Text=M;N	{xYkyn A6EE...]
[SearchString=[L]+]
[LineMatching=Partial]
Select: S\s4*vi*	^ j!tE8?JL?L 
gsiB;/'L6H y<SaT=S=:Enter Text
2. Enter Search String
3. Line Search - Partial Matches
4. Line Search - Exact Matches
5. Print q &v_'@nFZ*7 
(]t8X@cGp' 
p|M1#3tMW@ 6uUo,#gp(Z 
+tW{_|!:m7 
.lv6&5'2y. Z^pDckEFqE 
$Tg=KryiLA 
9jg#:6ahL3 p<Y?+LC%t# 
>45E~C+<'" 
qR_N7cM~<? qGv[7$bvXF 
+]xvb`ZJ12 
^}>a,kuQ,/ -,(i`.e	yL 
k=cvf|,bU^ 
pacO--uAN% G.?{m(o.#K 
n&/MU|t[jO 
iNZT/yQPwz /U\	8T0H&+ 
sA+2lY[;6Z 
=|s#"*gK'_ ^mf4XK=l~w 
?e}0JN!Cl& 
rTyB2gsCi2 XkagjSAl!% 
8F;w#PpyLA 
;\J+`>T~~x ,CYJl<5vx, 
K4{IUYJPp| 
|Y_.%bbM27 X2Ipn)1NfJ 
[\/YqNY$zW 
[x[oPi+3	q k!fOalgj2W 
i0jCblzv?~ 
ai)!|<m=,c S]<`ndx4uH 

Text Searcher: Main Menu
1.WbR<Ye VKe3	G$[h3 
\Z,\21)gi: 
%%S&z>ljuq &v_'@nFZ*7 
(]t8X@cGp' 
p|M1#3tMW@ 6uUo,#gp(Z 
+tW{_|!:m7 
.lv6&5'2y. Z^pDckEFqE 
$Tg=KryiLA 
9jg#:6ahL3 p<Y?+LC%t# 
>45E~C+<'" 
qR_N7cM~<? qGv[7$bvXF 
+]xvb`ZJ12 
^}>a,kuQ,/ -,(i`.e	yL 
k=cvf|,bU^ 
pacO--uAN% G.?{m(o.#K 
n&/MU|t[jO 
iNZT/yQPwz /U\	8T0H&+ 
sA+2lY[;6Z 
=|s#"*gK'_ ^mf4XK=l~w 
?e}0JN!Cl& 
rTyB2gsCi2 XkagjSAl!% 
8F;w#PpyLA 
;\J+`>T~~x ,CYJl<5vx, 
K4{IUYJPp| 
|Y_.%bbM27 X2Ipn)1NfJ 
[\/YqNY$zW 
[x[oPi+3	q k!fOalgj2W 
i0jCblzv?~ 
ai)!|<m=,c S]<`ndx4uH 

Text Searcher: Main Menu
1. Enter Text
2. Enter Search String
3. Line Search - Partial Matches
4. Line Search - Exact Matches
5. Print Text
6. Print Search String
7. Search Text
8. Quit

[Text=v{r{WbR<Ye VKe3...]
[SearchString=j+]
[LineMatching=Partial]
Select: %%S&z>ljuq &v--Text--
v{r{WbR<Ye VKe3	G$[h3 
\Z,h3 
\Z,\21)gi: 
%%S&z>ljuq &v_'@nFZ*7 
(]t8X@cGp' 
p|M1#3tMW@ 6uUo,#gp(Z 
+tW{_|!:m7 
.lv6&5'2y. Z^pDckEFqE 
$Tg=KryiLA 
9jg#:6ahL3 p<Y?+LC%t# 
>45E~C+<'" 
qR_N7cM~<? qGv[7$bvXF 
+]xvb`ZJ12 
^}>a,kuQ,/ -,(i`.e	yL 
k=cvf|,bU^ 
pacO--uAN% G.?{m(o.#K 
n&/MU|t[jO 
iNZT/yQPwz /U\	8T0H&+ 
sA+2lY[;6Z 
=|s#"*gK'_ ^mf4XK=l~w 
?e}0JN!Cl& 
rTyB2gsCi2 XkagjSAl!% 
8F;w#PpyLA 
;\J+`>T~~x ,CYJl<5vx, 
K4{IUYJPp| 
|Y_.%bbM27 X2Ipn)1NfJ 
[\/YqNY$zW 
[x[oPi+3	q k!fOalgj2W 
i0jCblzv?~ 
ai)!|<m=,c S]<`ndx4uH 

Text Searcher: Main Menu
1. Enter Text
2. Enter Search String
3. Line Search - Partial Matches
4. Line S. Enter Search String
3. Line Search - Prch String--
U?

Text Searcher: M VKe3	G$[h3 
\Z,\21)gi: 
%%S&z>ljuq &v:m7 
.lv6&5'2y. Z^pDckEFqE 
$9jg#:6ahL3 p<Y?+LC%t# 
>45E~C+<'" 
qR_N7cM~<? qGv[7$bvXF 
+]xvb`ZJ12 
^}>a,kuQ,/ -,(i`.e	yL 
k=cvf|,bU^ 
pacO--uAN% G.?{m(o.#K 
n&/MU|t[jO 
iNZT/yQPwz /U\	8T0H&+ 
sA+2lY[;6Z 
=|s#"*gK'_ ^mf4XK=l~w 
?e}0JN!Cl& 
rTyB2gsCi2 XkagjSAl!% 
8F;w#PpyLA 
;\J+`>T~~x ,CYJl<5vx, 
K4{IUYJPp| 
|Y_.%bbM27 X2Ipn)1NfJ 
[\/YqNY$zW 
[x[oPi+3	q k!fOalgj2W 
i0jCblzv?~ 
ai)!|<m=,c S]<`ndx4uH 

Text Searcher: Main Menu
1. Enter Text
2. Enter Search String
3. Line Search - Partial Matches
4. Line Search - Exact Matches
5. Print Text
6. Print Search String
7. Search Text
8. Quit

[Text=v{r{WbR<Ye VKe3...]
[SearchString=G?]
[LineMatching=Exact]
Select: Enter text to search

Text Searcher: Main M
Text Searcher: Main Menu
1. Entcher: Main Menu
1. Enter Text
2. String
3. Line Search - Partial 4. Line Search - Exact Matches
5. Print Text
6. Print Search String
7. Search Text
8. Quit

[Text=eo%b$~N]v] zW82...]
[SearchString=>]
[LineMatching=Exact]
Select: 
Text 
Text Searcher: Main Menu
1. Enter Text
2. Enter Search String
3. Line Searxt
2. Enter Search String
3. Line Search -ring
3. Line Search - Partial Matches
4. Line Search - Exact Matches
5. Print Text
6. Print Search String
7. Search Text
8. Quit

[Text=QI3uXh9It6 F?Yh...]
[SearchString=J]
[LineMatching=Partial]
Select: 
Text 
2. Enter Search String
3. Line Search - Partial Matches
4. Line Search - Exact Matches
5. Print Text
6. Print Search String
7. Search Text
8. Quit

[Text=QI3uXh9It6 F?Yh...]
[SearchStriSearch - Partial Matches
4. Line Search - Exact Matches
5. Print Text
6. Print Search Str/$Egh 
Bi_^rmfg!E N".VP][J%I 
H.:o0(PHiJ 
UxIt	$\IC8 $+a&e_+}83 
*7-8Nm;3Bi 

Text Searcher: Main Menu
1. Enter Text
2. Enter Search String
3. Line Search - Partial Matches
4. Line Search - Exact Matches
5. Print Text
6. Print Search String
7. Search Textuit

[Text=FfiS\k*~_6 Bwz|...]
[SearchString=u*]
[LineMatching=Partial]
Select: 6BA8	Jis,} KDJQFu5r6# 

Text Searcher: Main Menu
1.Enter text to search

Text Searcain Menu
1. Enter Text
2. Enter Search Stringring--
o*

Text Searcher: Main Menter Search String
3. Line Search - Par--Text--
"MN:!Q	xlx Dzj1+=|EE$ 
6fiVh$pHP0 
	8g2<eW7Y~ 	L\#G*S)k: 
X=vA[i\?.g 
Evzxfm:'Y- APJ34S~e'b 
rNp7ao6o34 
]}}.S?E]Lp E\]~rjwWZ! 
)5huh+(iAk 
Bq7bU?~WF, HxV9;!:.|+ 
`@H.&a]+yH 
*JUaUMUn9n S+V8eGGaJW 
5o_>'CPUYe 
WSoO?V,\I> 

Text Searcher: Main Menu
1. Enter Text
2. Enter Search String
3. Line Search - Partial Matches
4. Line Search - Exact Matches
5. Print Text
6. Print Search String
7. Search Text
8. Quit

[Text="MN:!Q	xlx Dzj1...]
[SearchString=o*]
[LineMatching=Partial]
Select: Enter text
Text Searcher: Main Menu
1. Ee|Df1[B#xe ygT;	A+(wF 
<p^a*^|-8n 
VqlkHYkV9+ mIL&?~JCJE 
pg5vGX)!^o 
(^FP2P:mq/ UhGH']oPG} 
ch - Partial Matches
4. Line Search - Exact Matches
5. Search - Partial Matches
4. Line Search - Exact Matches
5. Print Text
6. Print Search String
7. Search Text
8. Quit

[Text='@I|9IGGpc xb.|...]
[SearchString=o*]
[LineMatching=Partial]
Select:  Main Menu
1. Enter Text
2. Enter Search Stringrcher: Main Menu
1. Enter Text
2I|9IGGpc xb.|...]
[SearchString=
[LineMatching=Partial]
Select: E