
Text Searcher: Main Menu
1. Enter Text
2. Enter Search String
3. Line Search - Partial Matches
4. Line Search - Exact Matches
5. Print Text
6. Print Search String
7. Search Text
8. Quit

[LineMatching=Partial]
Select: 
Text Searcher: Main Menu
1. Enter Text
2. Enter Search String
3. Line Search - Partial Matches
4. Line Search Search Text
8. Quit

[LineMatchinLine Search - Partial Matches
4. Line Search - Exact Matches
5. Print Text
6. Print Search String
7. Search Text
8. Quit

[LineMatching=Partial]
Select: 
Text Searcher: Main Menu
xt
2. Enter Search String
3. Line Search - Partial Matches
4. Line Search - Exact Matches
5. Print Text
6. Print Search String
7. Search Text
8. Quit

[Text=IAq?!j';zJ o5aA...]
[SearchString=E]
[LineMatching=Exact]
Select: En Menu
1. Enter Text
2. Enter Search String
3. Line Search - Partial Matches
4. Line Search - Exact Matches
5. Print Tech String--
E

Text Searcher: Main Menu
1. Enter Text
2. Enter Search String
3. Line Search - Partial Matches
4. Line Search - Exact Matches
5. Print Text
6. Print Search String
7. Search Text
8. Quit

[Text=c05(3BQX.A 	{/*...]
[SearchString=E]
[LineMatching=Exact]
Select: --Text--
c05(3earch String--
R

Text Searcher: Main 1. Enter Text
2. Enter Search String
3. Line Search - Partial Matches
4. Line Search - Exact Matches
5. Print Text
6. Print Search String
7. Search Text
8. Quit

[Teer Search String
3. Line Search - Partial Matches
4. Line Search - Exact Matches
5. Print Text
6. Print Search String
7. Search Text
8. Quit

[Text=eWnXY7Yn^! /^0|...]
[SearchString=R]
[LineMatching=Partial]
Select: !6brch String
3. Line Search - Partias
4. Line Search - Exact Matches Search Text
8. Quit

[Text=eWnXYng

Text Searcher: Main Menu
1. Enter Text
2. Enter Search String
3. Line Search - Partial Matches
4. Line Search - Exact Matches
5. Print Text
6. Print Search String
7. Search Text
8. Quit

[Text=eWnXY7Yn^! /^0|...]
[SearchString=W?]
[LineMatching=Exact]
Select: --Text--in Menu
1. Enter Text
2. Enter Seng
3. Line Search - Partial Matches
4. Line Search - Exact Matches
5. Print Text
6. Print Search String
7. Search Text
8. Quit

[Text=431?&9?F+W .V(J...]
[SearchString=W?]
[LineMatching=Exact]
Select: --Text--
431?&9?F+W .V(. Line Search - Exact Matches
5. Print Text
6. Print Search String
7. Search Text
8. Quit

[Text=431?&9?F+W .V(J...]
[SearchString=W?]
[LineMatching=Partial]
Select: 
Text Seu
1. Enter Text
2. Enter Search String
3. Line Search - Partial Matches
4. Line Search - Exact Matches
5. Print Text
6. Print Search String
7. Search Text
8. Quit

[Text=431?&9?F+W .V(J...]
[SearchString=W?]
[LineMatching=Partial]
Select: 
Exact Matches
5. Print Text
6. Print SeaEnter Text
2. Enter Search String
3. Line Search - Partial Matches
4. Line Search -r search string

Text Searcher: Main Menu
1. Enter Text
2. Enter Search String
3. Line Search - Partial Matches
4. Line Search - Exact Matches
5. Print Text
6. Print Search String
7. Search Text
8. Quit

[Text==i+1]N{XMs :ly7...]
[SearchString=p]
[LineMatching=Partial]
Select: ")bOT>kp}b 
mX9f3e%4	p 

Teearcher: Main Menu
1. Enter Text
2. Enter Search String
3. Line Search - Partial Matches
4. Line Search - Exact Matches
5. Print Text
6. Print Search String
7. Search Text
8. Quit

[Text==i+1]N{XMs :ly7...]
[SearchString=p]
[LineMatching=Partial]
Select: ")
Text Searcher: Main Menu
1. EntJ: 
Zb;d*CytK@ 
cf`h(EM['[ |N-nXe!hO, 
8v;(CG\/jX 
or[:xHvA%] <`	fe5d.Zu 
~XteGozJWF 
uFvf_R#EA< /b`O1]Fdja 
8mH[=w1d>| 
Zy0."`ePj^ O@\	;rd^iR 
kbLP79c@Ei 
7kD6>I#^}w =!$g*)oOK@ 
4_'ak=qX<s 
US~N^7O5S\ BP"Ong%%48 
G`G=u8+zY> 
Q]oaS{,Y]+ [JVTq8;@'K 
A>;)q$@T\l 
#^;RAnEKHU byA'5&*O;+ 
DTa6`b?	g\ 
EjMuHLfmMT h'1(0gqY:1 
f>mEzB@0K% 
<*LXJVxF)4 Jf7LWA`xNa 
1D2=BUJr.# 
<%mh}[;Ud^ Oa?)x:qyK4 
a*X%8h-e,` 
_F!eQO*?%h zo>UNu5+	8 

Text Searcher: Main Menu
1. Enter Text
2. Enter Search String
3. Line Search - Partial Matches
4. Line Search - Exact Matches
5. Print Text
6. Print Search String
7. Search Text
8. Quit

[Text=sH?Gjm(_g* &m]s...]
[SearchString=p]
[LineMatching=Partial]
Select:  Searcher: Main Menu
1. Enter Text
2. Enter Search String
3. Line Search - Partial Matches
4. Line Search - Exact Matches
5. Print Text
6. Print Search String
7. Search Text
8. Quit

[Text=sH?Gjm(_g* &m]s...]
[SearchString=(~)\*]
[LineMatching=Exact]
Select: Enter tex

Text Searcher: Main Menu
1. Enter Text
2. Enter Search String
3. Line Search - Partial Matches
4. Line Search - Exact Matches
5. Print Text
6. Print Search String
7. Search Text
8. Quit

[Text=ky+V	QB??| :kpt...]
[SearchString=(~)\*]
[LineMatching=Exact]
Select: Enter text to search

Teext
2. Enter Search String
3. Line Search - Partial Matches
4. Line Search - Exact Matches
5. Print Text
6. Print Search String
7. Search Text
8. Quit

[Text=EsTRa[6o_U v/a6...]
[SearchString=(~)\*]
[LineMatching=Partial]
Select: 
Text Search
Text Searcher: Main Menu
1. Entt
2. Enter Search String
3. Line Search - Partial Matches
4. Line Search - Exact Matches
5. Print Text
6. Print Search String
7. Search Text
8. Quit

[Text=S*Xu33-kwu 0N]<...]
[SearchString=h*]
[LineMatching=Exact]
Select: --Twu 0N]<-W5%n} 
3/}3kv(Nwo 
}ryz_JkRWU oer7Ma'Af( 
hJwY?gHT*A 
WUz)#6|EBZ #wW>DOnV3v 
gQt#T6Z~c* 
#)FA{FaL-Q %q3_$*1(iP 
ts{{<OU7S$ 
.0W|PXP/sP }%\eixCj)% 
)ToAtu&32f 
3xxoZza?\b g\5[o~P3J+ 
;p}Kimh6Z~ 
1Jt7XnFa!> S%05\#F";? 
x:.u7^.R)R 
)hoW?~"KNs /AW~\<[5jj 
Q6HKPBr[Pe 
P,+g^5}2vU HR!AcfsTJp 
s'_Gob%$&5 
fn#BpX&<&M 50{pA{;LVk 
hD~lC!.ekS 
>tK=|BFLPt !)@I/%qx(F 
,0;PcN	r#i 
H+h[:60:v1 Mf%]aYif_Z 
Gdv3>o@y#b 
@^{S%Bw9)| wA(4~M_3$. 

Text Searcher: Main Menu
1. Enter Text
2. Enter Search String
3. Line Search - Partial Matches
4. Line Search - Exact Matches
5. Print Text
6. Print Search String
7. Search Text
8. Quit

[Text=S*Xu33-kwu 0N]<...]
[SearchString=h*]
[LineMatching=Exact]
Select: --Text--
S*Xu33-kwu 0N]<-W5%n} 
3/}3kv(Nwo 
}ryz_JkRWU oer7Ma'Af( 
hJwY?gH %q3_$*1(iP 
ts{{<OU7S$ 
.0W|PXP/sP }%\eixCj)% 
)ToAtu&32f 
3xxoZza?\b g\5[o~P3J+ 
;p}Kimh6Z~ 
1Jt7XnFa!> S%05\#F";? 
x:.u7^.R)R 
)hoW?~"KNs /AW~\<[5jj 
Q6HKPBr[Pe 
P,+g^5}2vU HR!AcfsTJp 
s'_Gob%$&5 
fn#BpX&<&M 50{pA{;LVk 
hD~lC!.ekS 
>tK=|BFLPt !)@I/%qx(F 
,0;PcN	r#i 
H+h[:60:v1 Mf%]aYif_Z 
Gdv3>o@y#b 
@^{S%Bw9)| wA(4~M_3$. 

Text Searcher: Main Menu
1. Enter Text
2. Enter Search String
3. Line Search - Partial Matches
4. Line Search - Exact Matches
5. Print Text
6. Print Search String
7. Search Text
8. Quit

[Text=S*Xu33-kwu 0N]<...]
[SearchString=h*]
[LineMatching=Exact]
Select: 3. Line Search - Partial Matches
4. Line Search - Exact Matches
5. Print Text
6. Print Search String
7. Search Text
8. Quit

[Text=S*Xu33-kwu 0N]<

Text Searcher: Main Menu
1. Enter Texer7Ma'Af( 
x:.u7^.R)R 
P,+g^5}2vU HR!AcfsT Enter Text
2. Enter Search Strin Line Search - Partial Matches
4. Line Searcharch - Partial Matches
4. Line Search - Exact Matches
5. Print Text
6. Print Search String
7. Search Text
8. Quit

[Text=S*Xu33-kwu 0N]<...] Search - Partial Matches
4. Line Search - Exact Matches
5. Print Text
6. Print Search String
7. Search Text
8. Quit

[Text=WXq`o&iG9* sH@+...]
[SearchString=N*]
[LineM,LAZ0WU.m E/t_[1[zuA 
{Nh\Aou)*c 
sY9.2}KsI| Q#[ph:5[<z 
z?&C 
@Abl!S|P'N 
jyueno`7R9 n1lbjyueno`7R9 n1lbSh\A9/ 
^kFdW+Xil7-oSy(+7f_ F:\jMf89UX 
[_W~rain Menu
1. Enter Text
2. Enter Srch String
3. Line Search - Partes
4. Line Search - Exact Matches--Search String--
k

Text Searche-Search String--
k

Text Searcher: Mai--Search String--
k

Text Searcher: Mn Menu
1. Enter Text
2. Enter Search String
32. Enter Search String
3. Line Search - Paes
5. Print Text
6. Print Search String
7. Search Text
8. Quit

[Text=BLSTuK&rQ7 xq$O...]
[SearchString=>*]
[LineMatching=Partial]
Select: ZO>IA6s:gy t71zT	ddbvr text to search

Text Searcher: March String
3. Line Search - Partial Matches
4. Line Search - Exact Mat
Text Searcher: Main Menu
1. Entene Search - Exact Matches
5. Print Text
6. Print Search String
7. Search Text
8. Quit

[Text=LR=msJJ0N_ g>q!...]
[SearchString=7?]
[LineMatching=Pial]
Select: Enter text to search

Text Searcher: Main Menu
1. Enter Text
2. Enter Search String
3. Line Search - Partial Matches
4. Line Search - Exact Matches
5. Print Text
6. Print Search String
7. Search Text
8. Quit

[Text=9e@e\Isfs+ sHBN...]
[SearchString=7?]
[LineMatching=Partial]
Select: er Text
2. Enter Search String
3.ter text to search

Text SearcText Searcher: Main Menu
1. Enter Enter search string

Text Searcher:
Text Searcher: Main Menu
1. Enter Tartial Matches
4. Line Search - xt--
'?in/ApjgL "8)U[Mr}.	 
'Xn"@,+/bY 
^@3n6~H-:@ 3H,7s;LS&N 
Op$^48GI$f 
g0^SM: Main Menu
1. Enter Text
2. Entersearch

Text Searcher: Main M2. Enter Search String
3. Line Searcht
2. Enter Search String
3. Line Search - Partial s
4. Line Search - Exact Matchher: Main Menu
1. Enter Text
2. Enter S
4. Line Search - Exact Matches
5. Print Text
6. Print Search String
7. Search Text
8. Quit

[Text=jTo@#Gp8ow zkt+...]
[SearchString=5]
[LineMatching=Partial]
Select: 
Text Searcher: Main Menu
1. Enter Text
2. Enter Search String
3. Line Search - Partial Matches
4. Line Search - Er: Main Menu
1. Enter Text
2. Entg
3. Line Search - Partial Matches
4. Line Searcher: Main Menu
1. Enter Text
2. Enter Scher: Main Menu
1. Enter Text
2. ELine Search - Exact Matches
5. Print Text
6. Print Search String
7. Search Ts jvQ]@tVln< 
|s;]`&.D;: 
s2LyQ$6c?T j~- Partial Matches
4. Line Search - Exact Matches
5. Print Tex