UNIVERSAL SEQ 
    UNIVERSAL VISSTR \x85
    UNIVERSAL VISSTR \xaed\x85\xaf\x7e\xf5
    UNIVERSAL BOOLEAN True
    UNIVERSAL GENTIME INVALID TIME
    UNIVERSAL BITSTR 5F BF D2 F7 E2 7C 
    UNIVERSAL OID 
    UNIVERSAL TELESTR \xfeVi\x28\x80\x14\xde
    UNIVERSAL IA5STR mW\x98og\x24\xa5T
    UNIVERSAL VISSTR \x1av\xb9\xf3\x 84 82 
    UNIVERSAL INTEGER 28 20 6E E2 53 
    UNIVERSAL SEQ 
        UNIVERSAL NUMSTR x
        UNIVERSAL OCTETSTR 31 
        UNIVERSAL VISSTR \xb6\x8a\x27
        UNIVERSAL NUMSTR \xbc
        UNIVERSAL SEQ 
            UNIVERSAL OID 
            UNIVERSAL PRINTSTR \xa4\x5bZ\xd7l\x27
            UNIVERSAL PRINTSTR 5
            UNIVERSAL TELESTR \xec
            UNIVERSAL UTFSTR \x8eGc\xfd\xad
            UNIVERSAL VISSTR \xda4\xfb\xa1
        UNIVERSAL VIDSTR \xdeiI\xc8
        UNIVERSAL IA5STR \x9c\x12c\x2
        UNIVERSAL NULL UNPRINTABLE
        UNIVERSAL SET 
            UNIVERSAL PRINTSTR \xb5
            UNIVERSAL OCTETSTR 30 95 F9 30 0A 98 B2 
            UNIVERSAL OID 
            UNIVERSAL NUMSTR \xbf\xc63\xb1x\x13\x8d
            UNIVERSAL UTFSTR 
            UNIVERSAL VIDSTR \xb7\x2b\x5f\xa8\xdc\xe7\x81\xc5
            UNIVERSAL NUMSTR \xa7\xe2\x97\x8d\xfc\xbb\xc\x80
            UNIVERSAL UTCTIME INVALID TIME
            UNIVERSAL INTEGER CF E1 3F 3B 43 
            UNIVERSAL OID 
            UNIVERSAL UTCTIME INVALID TIME
            UNIVERSAL GENTIME INVALID TIME
            UNIVERSAL OID 
            UNIVERSAL VIDSTR \xc\x7c\x830S
            UNIVERSAL NUMSTR \x84\xfb\xb5\xc0
            UNIVERSAL NUMSTR x\xeaWa\x7e\xcc
        UNIVERSAL PRINTSTR \x5e\x2\xdb
