UNIVERSAL SEQ 
    UNIVERSAL VIDSTR 2X\x11x\xcb
    UNIVERSAL INTEGER 4D A9 94 3C 
    UNIVERSAL NUMSTR 
    UNIVERSAL NUMSTR \x5f
    UNIVERSAL UTFSTR \xa2R\xc3\xbcz
    UNIVERSAL BOOLEAN True
    UNIVERSAL VISSTR O\xf9PV\xfa
    UNIVERSAL UTFSTR \x8bj\x1f
    UNIVERSAL BOOLEAN True
    UNIVERSAL GENTIME INVALID TIME
    UNIVERSAL GENTIME INVALID TIME
    UNIVERSAL TELESTR \xc4\xae\xd9\xbe\xf10u\x8b
    UNIVERSAL BITSTR 25 3A 
    UNIVERSAL PRINTSTR \x81\xa9\xa2\xd7\xd6\x3fe
    UNIVERSAL BITSTR E7 D1 17 D9 63 
    UNIVERSAL BITSTR E0 07 
    UNIVERSAL SET 
        UNIVERSAL PRINTSTR \xf5\xcc\x26\xb2
        UNIVERSAL GENTIME INVALID TIME
        UNIVERSAL GENTIME INVALID TIME
        UNIVERSAL BITSTR A4 85 1C 
        UNIVERSAL OCTETSTR 16 
        UNIVERSAL VIDSTR \x2x\xf4\x849\xf5
        UNIVERSAL UTCTIME INVALID TIME
    UNIVERSAL SEQ 
        UNIVERSAL SET 
            UNIVERSAL TELESTR 4
            UNIVERSAL VIDSTR \x7b
            UNIVERSAL SET 
                UNIVERSAL SEQ 
                    UNIVERSAL UTCTIME INVALID TIME
                    UNIVERSAL OCTETSTR 
                    UNIVERSAL GENTIME INVALID TIME
                    UNIVERSAL IA5STR \xd0\x1b\xf1\x2e\xde
                    UNIVERSAL SEQ 
                        UNIVERSAL OID 
                        UNIVERSAL UTCTIME INVALID TIME
                        UNIVERSAL NUMSTR \xa9X\xab\xb3\xd1
                        UNIVERSAL BITSTR 04 C8 
                        UNIVERSAL GENTIME INVALID TIME
                        UNIVERSAL SEQ 
                            UNIVERSAL SET 
                                UNIVERSAL NUMSTR \xb8\xc\x7c
                                UNIVERSAL TELESTR \x1\xe5\x11\x7c\x94
                                UNIVERSAL VISSTR \x85\xdfn\xbf\x8d\x20\x3a\xa0
                                UNIVERSAL BOOLEAN True
                                UNIVERSAL UTFSTR J\xae
                                UNIVERSAL BOOLEAN True
                                UNIVERSAL SEQ 
                                    UNIVERSAL SEQ 
                                        UNIVERSAL VIDSTR \x85\xca\xa2
                                        UNIVERSAL BOOLEAN True
                                        UNIVERSAL BOOLEAN True
                                        UNIVERSAL UTFSTR 
                                        UNIVERSAL VISSTR \xf0\x25
                                        UNIVERSAL VIDSTR \x8a\xc7\x1f\x1a2n
                                        UNIVERSAL BOOLEAN True
                                        UNIVERSAL NULL UNPRINTABLE
                                        UNIVERSAL INTEGER 45 AA 29 79 1B 2D 28 
                                        UNIVERSAL TELESTR \x15\x99\x16
                                        UNIVERSAL OCTETSTR BB 3A 9C 3A 26 11 3C DE 
                                        UNIVERSAL IA5STR \xb1\xb4\x7\xb5\xde\xa5
                                        UNIVERSAL SET 
                                            UNIVERSAL NULL UNPRINTABLE
                                            UNIVERSAL IA5STR \x98\xaa\xfb\x9
                                            UNIVERSAL OCTETSTR 80 F6 BC B0 43 96 
                                            UNIVERSAL VISSTR \x25
                                            UNIVERSAL NUMSTR \x8a\xd8\xf9\x91\x5c\x23\xe2
                                            UNIVERSAL INTEGER 7B A2 C5 
                                            UNIVERSAL UTFSTR x
                                            UNIVERSAL OID 
                                            UNIVERSAL TELESTR \x60\x92\x95\x8b\x9d
                                            UNIVERSAL BOOLEAN False
                                            UNIVERSAL VISSTR 
                                    UNIVERSAL SET 
                                        UNIVERSAL BOOLEAN False
                                        UNIVERSAL PRINTSTR \xc5N
                                        UNIVERSAL TELESTR \xa1\x26g\x3d\xb8\xc6
                                        UNIVERSAL GENTIME INVALID TIME
                                        UNIVERSAL UTFSTR \xee\xe8\xff\x9a\xa7
                                        UNIVERSAL VISSTR j\xed
                                        UNIVERSAL SET 
                                            UNIVERSAL TELESTR \x14\xd7\xe8
                                            UNIVERSAL UTFSTR \xfe\xe3
                                            UNIVERSAL VISSTR \xf6\xe4
                                            UNIVERSAL BITSTR 7E 5A 
                                            UNIVERSAL NULL UNPRINTABLE
                                            UNIVERSAL SEQ 
                                                UNIVERSAL BOOLEAN True
                                                UNIVERSAL VISSTR \x9e\x14\xcd
                                                UNIVERSAL TELESTR M\xcc\xdd\xcc\x1c\xb0
                                                UNIVERSAL NUMSTR \xb5\x86\x93\x18\xc0\xc2\x2a\xe6
                                                UNIVERSAL PRINTSTR \xd\x12\xad
                                                UNIVERSAL OCTETSTR B5 1B 1E A5 EE 
                                                UNIVERSAL UTFSTR \x234\x2b
                                                UNIVERSAL UTFSTR \xd9
                                                UNIVERSAL VISSTR \x9c\xe1\x81\x81\x8db\x89\x26
                                                UNIVERSAL INTEGER 26 13 41 B2 65 0B 17 3B 
                                                UNIVERSAL OID 
                                            UNIVERSAL TELESTR \xd7G\x12\x99\xac
                                            UNIVERSAL NUMSTR \x97\x82\x22\x8c
                                            UNIVERSAL SEQ 
                                                UNIVERSAL NUMSTR d\xc5\x83\xa1\xc1\x1\x2
                                                UNIVERSAL PRINTSTR \x7fF\xa2\x81\x3c
                                                UNIVERSAL VIDSTR 
                                                UNIVERSAL UTCTIME INVALID TIME
                                                UNIVERSAL NUMSTR b\xa4\xb2Lz\x83
                                                UNIVERSAL OID 
                                                UNIVERSAL SEQ 
                                                    UNIVERSAL SEQ 
                                                        UNIVERSAL OCTETSTR C9 63 73 CE A2 F9 
                                                        UNIVERSAL SET 
                                                            UNIVERSAL SET 
                                                                UNIVERSAL OCTETSTR A6 C0 65 
                                                                UNIVERSAL PRINTSTR \x992b\x9e\x1d\x7dL\x8d
                                                                UNIVERSAL BITSTR B9 
                                                                UNIVERSAL SEQ 
                                                                    UNIVERSAL BOOLEAN True
                                                                    UNIVERSAL BITSTR DF 45 94 2F 04 
                                                                    UNIVERSAL GENTIME INVALID TIME
                                                                UNIVERSAL BITSTR 37 7E 
                                                                UNIVERSAL UTFSTR \x1f
                                                                UNIVERSAL BITSTR 62 03 
                                                            UNIVERSAL IA5STR \xf2\xe6
                                                            UNIVERSAL UTFSTR Y\x85\x5d\x2aw
                                                        UNIVERSAL VIDSTR 7\x2dT\xcc\xc6H\xa4\x5c
                                                    UNIVERSAL BITSTR 28 8E C8 38 2D 1C 
                                                    UNIVERSAL VIDSTR \x23v\x9
                                                    UNIVERSAL IA5STR \x7c
                                                    UNIVERSAL BOOLEAN True
                                                    UNIVERSAL VISSTR \xf6\x24
                           UNIVERSAL BITSTR 34 84 4E F5 01 
                                                    UNIVERSAL INTEGER 73 
                                                    UNIVERSAL NULL UNPRINTABLE
                                                    UNIVERSAL BOOLEAN False
                                                    UNIVERSAL PRINTSTR Bk\xb\x5b\xeb
                                                    UNIVERSAL OID 
                                                    UNIVERSAL TELESTR \x3d\x99\x95\xba
                                                    UNIVERSAL SEQ 
                                                        UNIVERSAL VISSTR \x1e\xabP
                                                        UNIVERSAL OID 
                                                        UNIVERSAL GENTIME INVALID TIME
                                                        UNIVERSAL SET 
                                                            UNIVERSAL BOOLEAN False
                                                            UNIVERSAL VISSTR \xf3\x97\xbd\x9f
                                                            UNIVERSAL SEQ 
                                                                UNIVERSAL SEQ 
                                                                    UNIVERSAL UTCTIME INVALID TIME
                                                                    UNIVERSAL NUMSTR \x7d
                                                                    UNIVERSAL OID 
                                                                    UNIVERSAL BITSTR DE 
                                                                    UNIVERSAL OID 
                                                                    UNIVERSAL SET 
                                                                        UNIVERSAL BOOLEAN True
                                                                        UNIVERSAL TELESTR \xb5\xcf\xc\xfc
                                                                        UNIVERSAL UTCTIME INVALID TIME
                                                                        UNIVERSAL INTEGER 90 50 E5 75 8C E7 5D 
                                                                        UNIVERSAL UTFSTR \xbd
                                                                        UNIVERSAL NUMSTR \xd6\x23\x25\x6\xa5
                                                                        UNIVERSAL TELESTR \xdd
                                                                        UNIVERSAL OCTETSTR 80 1F 9B 
                                                                        UNIVERSAL PRINTSTR \x9a\x3\xc\x5l
                                                                        UNIVERSAL IA5STR 
                                                                        UNIVERSAL SEQ 
                                                                            UNIVERSAL SEQ 
                                                                                UNIVERSAL PRINTSTR \xf4\xa7\x18J\xe4j\xe9
                                                                                UNIVERSAL VISSTR \x80\xe2q
                                                                                UNIVERSAL BITSTR 8D 58 
                                                                                UNIVERSAL UTCTIME INVALID TIME
                                                                                UNIVERSAL INTEGER 16 59 F4 
                                                                                UNIVERSAL SEQ 
                                                                                    UNIVERSAL NUMSTR \x87
                                                                                    UNIVERSAL GENTIME INVALID TIME
                                                                                    UNIVERSAL BITSTR 2B 84 99 24 DA 24 1B 
                                                                                    UNIVERSAL NUMSTR CMti
                                                                                    UNIVERSAL IA5STR \x9c\x81\xbb\x21\x28
                                                                                    UNIVERSAL GENTIME INVALID TIME
                                                                                    UNIVERSAL OCTETSTR 8B A5 8D 51 74 23 5B 
                                                                                UNIVERSAL UTFSTR \x7c\x95\xccj\xd\xf\xc1O
                                                                                UNIVERSAL VIDSTR \xc7
                                                                        UNIVERSAL OCTETSTR 6F A5 90 6D F0 0E 64 F9 
                                                                        UNIVERSAL PRINTSTR \xbd\xd4t\xec\xd6
                                                                        UNIVERSAL OCTETSTR 7C B7 C8 73 10 
                                                                    UNIVERSAL GENTIME INVALID TIME
                                                                    UNIVERSAL UTCTIME INVALID TIME
                                                                    UNIVERSAL BOOLEAN True
                                                                UNIVERSAL VIDSTR \x3f
                                                                UNIVERSAL VISSTR \xe0\xbf\xbc\xc0\x5d\x4\x86\x2c
                                                                UNIVERSAL SET 
                                                                    UNIVERSAL UTCTIME INVALID TIME
                                                                    UNIVERSAL TELESTR i\xa9\x98
                                                                    UNIVERSAL NUMSTR \x97\x9f\x1dI
                                                                    UNIVERSAL OID 
                                                                    UNIVERSAL GENTIME INVALID TIME
                                                                    UNIVERSAL UTFSTR \x5d\xd0\x90\x1d
                                                                    UNIVERSAL UTFSTR 
                                    UNIVERR \xd2p\xb5
                                                                        UNIVERSAL PRINTSTR \xfc\xcc\x2dG\xb7\xeb
                                                                        UNIVERSAL IA5STR \xbb\x8d\x7d\xed
                                                                        UNIVERSAL INTEGER C9 9F 15 
                                                                        UNIVERSAL SEQ 
                                                                            UNIVERSAL BOOLEAN True
                                                                            UNIVERSAL PRINTSTR z
                                                                            UNIVERSAL IA5STR 
                                                                        UNIVERSAL NULL UNPRINTABLE
                                                                        UNIVERSAL VISSTR 
                                                                        UNIVERSAL OCTETSTR 0F 46 56 73 9B 
                                                                        UNIVERSAL PRINTSTR \xc0\x8b\xa0\xa7\xee\xc5\x2c\x5d
                                                                    UNIVERSAL OID 
                                                                    UNIVERSAL BITSTR B4 EE 5B 6B 
                                                                    UNIVERSAL OCTETSTR 95 8C 23 9C 
                                                                    UNIVERSAL OCTETSTR E0 59 A9 5B 52 3B 
                                                                UNIVERSAL GENTIME INVALID TIME
                                                                UNIVERSAL UTFSTR \xec\x91\x942\xec
                                                                UNIVERSAL VIDSTR \xc2\x5b2\xa9\x2a\x7e\x1bb
                                                                UNIVERSAL VIDSTR \xdf\xa64\x7d
                                                            UNIVERSAL UTFSTR \x3f\xaa\x18\xd24
                                                            UNIVERSAL VISSTR \x4I\xa4\xe4\x91\x82\xa
                                                            UNIVERSAL BITSTR EC 1A 13 
                                                            UNIVERSAL NUMSTR 0L\x81\x11\x3b
                                                            UNIVERSAL BOOLEAN True
                                                            UNIVERSAL BOOLEAN True
                                                            UNIVERSAL OCTETSTR 78 16 CC 30 3B E6 8E 
                                                            UNIVERSAL OCTETSTR 51 07 C4 
                                                            UNIVERSAL OCTETSTR CB 4E 
                                                            UNIVERSAL TELESTR \x9b
                                                            UNIVERSAL BITSTR E3 01 BD 3F 2B 86 75 
                                                            UNIVERSAL OCTETSTR 07 83 36 D1 07 B9 AF A8 
                                                        UNIVERSAL VISSTR \x9c\xf5\xa9
                                                        UNIVERSAL OID 
                                                        UNIVERSAL UTCTIME INVALID TIME
                                                        UNIVERSAL SET 
                                                            UNIVERSAL GENTIME INVALID TIME
                                                            UNIVERSAL UTCTIME INVALID TIME
                                                            UNIVERSAL BITSTR 26 EB BB FC 
                                                            UNIVERSAL GENTIME INVALID TIME
                                                            UNIVERSAL UTCTIME INVALID TIME
                                                            UNIVERSAL NULL UNPRINTABLE
                                                            UNIVERSAL UTCTIME INVALID TIME
                                                            UNIVERSAL OCTETSTR EB 22 A2 1D F4 F8 5E 
                                                            UNIVERSAL UTCTIME INVALID TIME
                                                            UNIVERSAL UTCTIME INVALID TIME
                                                            UNIVERSAL IA5STR \x8e\xc4\xdb\x8
                                                            UNIVERSAL BOOLEAN True
                                                        UNIVERSAL UTCTIME INVALID TIME
                                                        UNIVERSAL TELESTR \x2e\x11
                                                        UNIVERSAL SEQ 
                                                            UNIVERSAL GENTIME INVALID TIME
                                                            UNIVERSAL OCTETSTR 49 C9 43 F0 
                                                            UNIVERSAL NUMSTR \x5\x98\xec\xfa\xa1
                                                            UNIVERSAL NULL UNPRINTABLE
                  IVERSAL BITSTR 
                                                            UNIVERSAL UTCTIME INVALID TIME
                                                            UNIVERSAL VISSTR \x14nw\xcc\x6\x94
                                                UNIVERSAL INTEGER 3A 5D 79 6E E2 56 01 
                                                UNIVERSAL PRINTSTR \x7dG\x83g\x10\xf5\xb0
                                            UNIVERSAL UTFSTR B
                                            UNIVERSAL PRINTSTR \x85\xc
                                            UNIVERSAL GENTIME INVALID TIME
                                            UNIVERSAL VIDSTR 
                                            UNIVERSAL BITSTR DC BD 25 84 
                                            UNIVERSAL BITSTR B8 5F 1B E3 B5 
                                            UNIVERSAL UTFSTR 
                                        UNIVERSAL VISSTR \x152\x10\xd7\xa1\x2bW
                                        UNIVERSAL TELESTR t\x8f\x25\xf3k\x8d\x23
                                        UNIVERSAL SET 
                                            UNIVERSAL UTCTIME INVALID TIME
                                            UNIVERSAL SEQ 
                                                UNIVERSAL VISSTR \x12\x9\xdcH\xbd
                                                UNIVERSAL BOOLEAN True
                                                UNIVERSAL SEQ 
                                                    UNIVERSAL GENTIME INVALID TIME
                                                    UNIVERSAL TELESTR A\xfd\x19
                                                    UNIVERSAL NULL UNPRINTABLE
                                                    UNIVERSAL GENTIME INVALID TIME
                                                    UNIVERSAL BOOLEAN True
                                                    UNIVERSAL GENTIME INVALID TIME
                                                    UNIVERSAL OCTETSTR FE 57 B6 ED EC 
                                                    UNIVERSAL PRINTSTR \xd8
                                           UNIVERSAL BITSTR A0 C1 AF A5 
                                                    UNIVERSAL INTEGER EA 01 09 32 AA D3 
                                                    UNIVERSAL NULL UNPRINTABLE
                                                    UNIVERSAL UTFSTR \xe4\xed\xb8\xec\xbaB
                                                    UNIVERSAL NUMSTR \x26\xf2\x26
                                                UNIVERSAL TELESTR 
                                                UNIVERSAL BITSTR 
                                                UNIVERSAL OID 
                                    UNIVERSAL VIDSTR \x1b\x88\x9b\xf8H
                                    UNIVERSAL BOOLEAN False
                                    UNIVERSAL SET 
                                        UNIVERSAL SET 
                                            UNIVERSAL BOOLEAN False
                                            UNIVERSAL GENTIME INVALID TIME
                                            UNIVERSAL INTEGER E2 7A 
                                            UNIVERSAL BOOLEAN True
                                            UNIVERSAL INTEGER 0A 
                                            UNIVERSAL SET 
                                                UNIVERSAL PRINTSTR \xe9\xe8\xae\xe4\xb0
                                                UNIVERSAL NULL UNPRINTABLE
                                                UNIVERSAL VIDSTR \xcdwz\xed\xeb\x99Fr
                                                UNIVERSAL BOOLEAN False
                                                UNIVERSAL VISSTR \xf7\xc8
                                                UNIVERSAL BITSTR B0 51 FB D2 38 
                                                UNIVERSAL VIDSTR J\xac
                                            UNIVERSAL BITSTR E1 11 46 D7 24 18 E2 
                                            UNIVERSAL VIDSTR \x29t
                                            UNIVERSAL INTEGER A2 
                                            UNIVERSAL BITSTR A2 71 96 
                                            UNIVERSAL BITSTR A4 7C 3B A2 60 89 5B CC 
                                            UNIVERSAL VISSTR n\xa6\xfbE
                                            UNIVERSAL OCTETSTR 18 6C 32 79 B5 09 
                                            UNIVERSAL BOOLEAN True
                                            UNIVERSAL UTFSTR 
                                        UNIVERSAL TELESTR P\x9F\xa4\xdb\xf2
                                        UNIVERSAL UTFSTR \xfah\xb4\xdeS\xa4\xdc
                                        UNIVERSAL VIDSTR \xd9\x2b
                                        UNIVERSAL INTEGER 4F E5 
                                        UNIVERSAL GENTIME INVALID TIME
                                        UNIVERSAL PRINTSTR \x82\x3e\xd1\xcfq\x7\xb9\x81
                                        UNIVERSAL TELESTR BT
                                        UNIVERSAL PRINTSTR \xc2\xbb\x1f
                                        UNIVERSAL PRINTSTR \x8d
                                        UNIVERSAL NULL UNPRINTABLE
                                        UNIVERSAL BITSTR 
                                        UNIVERSAL UTCTIME INVALID TIME
                                        UNIVERSAL GENTIME INVALID TIME
    ef\xfc
                                        UNIVERSAL BOOLEAN True
                                    UNIVERSAL SEQ 
                                        UNIVERSAL NUMSTR 
                                        UNIVERSAL TELESTR D\xd6
                                        UNIVERSAL OCTETSTR BF 0B AD 3E A3 
                                        UNIVERSAL UTFSTR 
                                        UNIVERSAL NULL UNPRINTABLE
                                        UNIVERSAL BITSTR E7 FD 46 94 A0 84 75 
                                        UNIVERSAL TELESTR \x9f\x2
                                        UNIVERSAL IA5STR \xcd\xb1
                                        UNIVERSAL OCTETSTR 
                                        UNIVERSAL NUMSTR 
                                        UNIVERSAL OID 
                                    UNIVERSAL BOOLEAN False
                                    UNIVERSAL UTFSTR \xc1\x7
                                    UNIVERSAL NULL UNPRINTABLE
                                    UNIVERSAL IA5STR \x85\xfa\xe7
                                    UNIVERSAL UTCTIME INVALID TIME
                                    UNIVERSAL SET 
                                        UNIVERSAL NULL UNPRINTABLE
                                        UNIVERSAL NUMSTR \x3b\xc7
                                        UNIVERSAL UTCTIME INVALID TIME
                                        UNIVERSAL NUMSTR \xddSM\x90\x14
                                        UNIVERSAL TELESTR P\xea\x14\xb4\xf5
                                        UNIVERSAL NUMSTR \xf8\xe6\x80
                                        UNIVERSAL TELESTR 1\xd\xa627\x12\x3d
                                        UNIVERSAL OCTETSTR 49 B5 1C 14 B2 5E E8 E5 
                                        UNIVERSAL UTCTIME INVALID TIME
                                        UNIVERSAL VISSTR U\xa93\x84
                                        UNIVERSAL INTEGER 16 79 35 9D 
                                        UNIVERSAL OID 
                                        UNIVERSAL BITSTR 4E 07 61 EB FD A2 25 
                                        UNIVERSAL OID 
                                        UNIVERSAL UTCTIME INVALID TIME
                                        UNIVERSAL OCTETSTR ED 
                                    UNIVERSAL GENTIME INVALID TIME
                                    UNIVERSAL VIDSTR \xa5s\xb5\x27\xa3B\x5b\xef
                                UNIVERSAL UTCTIME INVALID TIME
                                UNIVERSAL OID 
                                UNIVERSAL VISSTR \xfd\xecy\xcd\x9f\x19
                                UNIVERSAL OCTETSTR B9 EC 23 0B 8B 7A 4A 
                                UNIVERSAL TELESTR \x91\x40\xbc\xbdj\x2e\xac
                                UNIVERSAL TELESTR 
                                UNIVERSAL NUMSTR 8\xb6
                                UNIVERSAL GENTIME INVALID TIME
                            UNIVERSAL VIDSTR M\xc5\xed\xe3
                            UNIVERSAL UTFSTR \x1c\xcbj\x2e\xc6s
                            UNIVERSAL INTEGER 96 CF CF 66 50 
                            UNIVERSAL GENTIME INVALID TIME
                            UNIVERSAL VIDSTR \x2b\xb0\xce
                            UNIVERSAL UTFSTR \xcd\xf1\xa3\xa4\x1c\x3as
                            UNIVERSAL GENTIME INVALID TIME
                            UNIVERSAL VISSTR \x85
                            UNIVERSAL SEQ 
                                UNIVERSAL IA5STR \x19
                                UNIVERSAL INTEGER 58 6F                               UNIVERSAL VIDSTR \x29E\xe4\xdc\x99\x2e\xa16
                                UNIVERSAL NULL UNPRINTABLE
                                UNIVERSAL UTCTIME INVALID TIME
                                UNIVERSAL UTFSTR Su5\x80
                                UNIVERSAL SET 
                                    UNIVERSAL TELESTR \xe5\x19
                            UNIVERSAL TELESTR \xe5\x19
                            UNIVERSAL VIDSTR \x9a\xac4
                            UNIVERSAL IA5STR \x94\x16\xa4\xdd3\x60\xf8
                            UNIVERSAL SEQ 
                                UNIVERSAL OCTETSTR 61 
                                UNIVERSAL OCTETSTR AA 
                                UNIVERSAL UTCTIME INVALID TIME
                        UNIVERSAL PRINTSTR \x9a\xf6\xae
                        UNIVERSAL VIDSTR l\x2bP\x40\xed\xadf
                        UNIVERSAL GENTIME INVALID TIME
                        UNIVERSAL PRINTSTR \xd9\xbb\x7b\x97\x97\x8b\xd5
                        UNIVERSAL SET 
                            UNIVERSAL BOOLEAN False
                            UNIVERSAL BOOLEAN True
                            UNIVERSAL TELESTR 
                        UNIVERSAL IA5STR \x99N\xd0\xc2\xa53
                        UNIVERSAL GENTIME INVALID TIME
                        UNIVERSAL SET 
                            UNIVERSAL OID 
                            UNIVERSAL BITSTR B2 3E FC 
                            UNIVERSAL UTFSTR 4b
                            UNIVERSAL BOOLEAN True
                            UNIVERSAL TELESTR \xe4\xd\xb4\xb5\x91
                            UNIVERSAL VISSTR \xa7\x24\x9c\x6
                            UNIVERSAL OCTETSTR 80 D1 F5 
                            UNIVERSAL UTFSTR \xf7V\xc7
                            UNIVERSAL NULL UNPRINTABLE
                            UNIVERSAL OCTETSTR 37 
                            UNIVERSAL UTCTIME INVALID TIME
                            UNIVERSAL BOOLEAN False
                            UNIVERSAL SEQ 
                                UNIVERSAL VISSTR \xa0\x7f
                                UNIVERSAL SET 
                                    UNIVERSAL OCTETSTR C5 17 
                                    UNIVERSAL VISSTR \xa4X\xa6\xf5\x15\x96
                                    UNIVERSAL NUMSTR \xcf\x9e\x26\xb2\x18\x60
                                    UNIVERSAL SET 
                                        UNIVERSAL NULL UNPRINTABLE
                                        UNIVERSAL VISSTR 
                                        UNIVERSAL TELESTR \x8z\x26
                                        UNIVERSAL TELESTR \xe8\xb3
                                        UNIVERSAL NULL UNPRINTABLE
                                        UNIVERSAL NUMSTR \x3cl\xd19C02
                                    UNIVERSAL BOOLEAN False
                                    UNIVERSAL OCTETSTR B7 B5 8A 
                                    UNIVERSAL TELESTR \xc7cz\xdf\xe5\x2e1\xcd
                                    UNIVERSAL NUMSTR g
                                    UNIVERSAL SEQ 
                                        UNIVERSAL SEQ 
                                            UNIVERSAL BITSTR FA 65 9D 
                                            UNIVERSAL INTEGER 30 11 DA 
                                            UNIVERSAL UTFSTR \x26Dm\xbd\x7c\xc7\x7d
                                            UNIVERSAL SEQ 
                                                UNIVERSAL BITSTR 24 5E 8D 
                                                UNIVERSAL OCTETSTR E1 9B C2 ED C1 
                                                UNIVERSAL OID 
                                                UNIVERSAL BITSTR 87 C8 B3 2C F0 58 D9 51 
                                                UNIVERSAL OCTETSTR D8 
                                                UNIVERSAL TELESTR On
                                            UNIVERSAL INTEGER 01 84 25 9A 4D 29 5F 
                                            UNIVERSAL GENTIME INVALID TIME
                                            UNIVERSAL TELESTR t\xa1
                                            UNIVERSAL UTFSTR \x25\xab\x18\x3f\x40
                                            UNIVERSAL SET 
                                                UNIVERSAL SEQ 
                                                    UNIVERSAL NULL UNPRINTABLE
                                                    UNIVERSAL UTCTIME INVALID TIME
                                                    UNIVERSAL INTEGER E9 D6 3D 92 FD 
                                                    UNIVERSAL BOOLEAN True
                                        UNIVERSAL SEQ 
                                            UNIVERSAL NULL UNPRINTABLE
                                            UNIVERSAL UTCTIME INVALID TIME
                                            UNIVERSAL INTEGER E9 D6 3D 92 FD 
                                            UNIVERSAL BOOLEAN True
                                        UNIVERSAL OID 
                                        UNIVERSAL UTCTIME INVALID TIME
                                        UNIVERSAL SEQ 
                                            UNIVERSAL BOOLEAN False
                                            UNIVERSAL UTFSTR \x9b\xc1A\xc3\x8b\x5bPp
                                            UNIVERSAL BOOLEAN False
                                            UNIVERSAL TELESTR \xdb\x5c
                                            UNIVERSAL TELESTR \xb1a
                                        UNIVERSAL VISSTR \x22R0\xeb\xa6\x9\xb
                                        UNIVERSAL PRINTSTR 
                                        UNIVERSAL GENTIME INVALID TIME
                                        UNIVERSAL BITSTR FB 
                                        UNIVERSAL SEQ 
                                            UNIVERSAL UTCTIME INVALID TIME
                                            UNIVERSAL PRINTSTR \x8d
                                            UNIVERSAL VIDSTR WyO\xfb\x3al
                                            UNIVERSAL UTFSTR \x6\x4\x2eTB\xff\xdc
                                            UNIVERSAL PRINTSTR \x86\x234\x11\x135\x96
                                            UNIVERSAL SEQ 
                                                UNIVERSAL BITSTR 85 36 26 E5 0C 4B 3E E9 
                                            UNIVERSAL BITSTR 85 36 26 E5 0C 4B 3E E9 
                                            UNIVERSAL BITSTR 23 69 C4 C5 9E 
                                            UNIVERSAL NUMSTR 
                                            UNIVERSAL SET 
                                                UNIVERSAL OCTETSTR F9 5F 08 
                                                UNIVERSAL IA5STR \xf2\x8c\x14\x7d\xb
                                                UNIVERSAL OID 
                                                UNIVERSAL UTFSTR \xc1\xf1\xf2\x80
                                                UNIVERSAL SEQ 
                                                    UNIVERSAL NULL UNPRINTABLE
                                                    UNIVERSAL BITSTR 8B 
                                                    UNIVERSAL UTFSTR \xc4\xdc\x8a
                                                    UNIVERSAL NUMSTR \x3\xbbs\xe9\xc\x11\x3b\x91
                                                    UNIVERSAL GENTIME INVALID TIME
                                                    UNIVERSAL BITSTR 
                                                    UNIVERSAL GENTIME INVALID TIME
                                                    UNIVERSAL IA5STR 
                                                    UNIVERSAL OCTETSTR E5 36 67 38 66 23 43 
                                                UNIVERSAL UTCTIME INVALID TIME
                                                UNIVERSAL VISSTR \x85\xea
                                                UNIVERSAL TELESTR 
                                                UNIVERSAL VIDSTR \xd2\x9aX\x15\x96
                                                UNIVERSAL UTFSTR \x8e
                                                UNIVERSAL IA5STR H\x3\xf2\x94\x3e\xce\x84
                                                UNIVERSAL BOOLEAN False
                                                UNIVERSAL NULL UNPRINTABLE
                                                UNIVERSAL VISSTR \x2b\x21i
                                            UNIVERSAL BOOLEAN True
                                            UNIVERSAL BITSTR 
                                            UNIVERSAL GENTIME INVALID TIME
                                            UNIVERSAL INTEGER 
                                        UNIVERSAL IA5STR g
                                    UNIVERSAL IA5STR R
                                    UNIVERSAL OID 
                                    UNIVERSAL VIDSTR \xaf\xe2\x89g1
                                    UNIVERSAL SET 
                                        UNIVERSAL OCTETSTR 3D CA 2D 
                                        UNIVERSAL OCTETSTR 74 04 C6 D6 21 A5 
                                        UNIVERSAL VISSTR \xb4V\x83\xec\x1f5\x7
                                        UNIVERSAL BITSTR E3 7D E3 CE A3 3F 91 93 
                                        UNIVERSAL IA5STR \xR\x80\xf3
                                        UNIVERSAL NUMSTR B\xb5\xf8\x28
                                        UNIVERSAL OID 
                                        UNIVERSAL BOOLEAN True
                                        UNIVERSAL TELESTR \x2d\xeajt\xab\xa2\x7\xf0
                                        UNIVERSAL SEQ 
                                            UNIVERSAL INTEGER 69 EF 
                                        UNIVERSAL INTEGER 69 EF 
                                        UNIVERSAL TELESTR F\x18\xf1\x17\xae\xf5\xbd\xd5
                                    UNIVERSAL NULL UNPRINTABLE
                                    UNIVERSAL NUMSTR 
                                    UNIVERSAL OCTETSTR 
                                UNIVERSAL BOOLEAN False
                                UNIVERSAL TELESTR \x24\x13\x3c
         CTETSTR 80 D4 88 42 
                        UNIVERSAL BOOLEAN False
                        UNIVERSAL BITSTR 
                    UNIVERSAL TELESTR \x7e\xc2\xd5
                    UNIVERSAL BOOLEAN False
                UNIVERSAL NUMSTR \x93\x3f\xf2\xee\x27\xee
                UNIVERSAL NULL UNPRINTABLE
                UNIVERSAL NUMSTR \xf6\x5en\xfe\x93\x5f\x1
                UNIVERSAL GENTIME INVALID TIME
                UNIVERSAL TELESTR \x87\x953\xc7
                UNIVERSAL GENTIME INVALID TIME
                UNIVERSAL VISSTR 
                UNIVERSAL NUMSTR \x2d
                UNIVERSAL UTFSTR \xd4\x7cHl\x9a7
                UNIVERSAL NULL UNPRINTABLE
                UNIVERSAL VISSTR \xe8M\x19\x298\x96
                UNIVERSAL INTEGER 
                UNIVERSAL OCTETSTR 34 E1 A4 BB FE 91 9E 
                UNIVERSAL IA5STR \xdf\x9a\x2a\xc1\xf1o\xb5
            UNIVERSAL VIDSTR 
            UNIVERSAL SET 
                UNIVERSAL BOOLEAN True
            UNIVERSAL BOOLEAN True
        UNIVERSAL OID 
        UNIVERSAL TELESTR \xbc\xbb\xe0
        UNIVERSAL NULL UNPRINTABLE
        UNIVERSAL NULL UNPRINTABLE
        UNIVERSAL NULL UNPRINTABLE
        UNIVERSAL UTFSTR \xf1\xf53\xf5\x5c
    UNIVERSAL TELESTR \x8a\x2a\x3b
    UNIVERSAL VIDSTR D\xa0\x22
    UNIVERSAL BITSTR 55 EE 35 23 77 C6 
    UNIVERSAL NULL UNPRINTABLE
    UNIVERSAL TELESTR 6\xe8\x97\x40
    UNIVERSAL OID 
    UNIVERSAL NULL UNPRINTABLE
    UNIVERSAL NULL UNPRINTABLE
    UNIVERSAL TELESTR \x3a
    UNIVERSAL NUMSTR 
    UNIVERSAL UTCTIME INVALID TIME
    UNIVERSAL NUMSTR M\xdd\xd0\x1f\x87\xb1
    UNIVERSAL OCTETSTR 57 C5 84 E0 A3 B0 6F 12 
    UNIVERSAL IA5STR P
    UNIVERSAL SET 
        UNIVERSAL UTCTIME INVALID TIME
        UNIVERSAL BOOLEAN False
        UNIVERSAL PRINTSTR \xcb\xcc\x14
        UNIVERSAL SET 
            UNIVERSAL UTCTIME INVALID TIME
            UNIVERSAL UTCTIME INVALID TIME
            UNIVERSAL OID 
            UNIVERSAL BITSTR 
            UNIVERSAL VISSTR 
            UNIVERSAL OID 
            UNIVERSAL NULL UNPRINTABLE
            UNIVERSAL GENTIME INVALID TIME
            UNIVERSAL PRINTSTR p\x92w\x9e
            UNIVERSAL NUMSTR \xbd\xa6\x81\xab
            UNIVERSAL GENTIME INVALID TIME
            UNIVERSAL GENTIME INVALID TIME
