employee-Daniels`week-0`standardtime-0h0m`overtime-0h0m`standardpay-$0.00`overtimepay-$0.00`netpay-$0.00`
employee-Daniels`week-1`standardtime-0h0m`overtime-0h0m`standardpay-$0.00`overtimepay-$0.00`netpay-$0.00`
employee-Daniels`week-2`standardtime-0h0m`overtime-0h0m`standardpay-$0.00`overtimepay-$0.00`netpay-$0.00`
employee-Daniels`week-3`standardtime-40h0m`overtime-57h30m`standardpay-$1,629.60`overtimepay-$2,342.55`netpay-$3,668.28`
employee-Daniels`week-4`standardtime-0h0m`overtime-0h0m`standardpay-$0.00`overtimepay-$0.00`netpay-$0.00`
employee-Daniels`week-5`standardtime-0h0m`overtime-0h0m`standardpay-$0.00`overtimepay-$0.00`netpay-$0.00`
employee-Daniels`week-6`standardtime-0h0m`overtime-0h0m`standardpay-$0.00`overtimepay-$0.00`netpay-$0.00`
employee-Daniels`week-7`standardtime-17h45m`overtime-20h30m`standardpay-$723.14`overtimepay-$835.17`netpay-$1,439.10`
employee-Daniels`week-8`standardtime-0h0m`overtime-0h0m`standardpay-$0.00`overtimepay-$0.00`netpay-$0.00`
employee-Daniels`week-9`standardtime-0h0m`overtime-0h0m`standardpay-$0.00`overtimepay-$0.00`netpay-$0.00`
employee-Daniels`week-10`standardtime-27h0m`overtime-54h45m`standardpay-$1,099.98`overtimepay-$2,230.52`netpay-$3,075.72`
employee-Daniels`week-11`standardtime-0h0m`overtime-0h0m`standardpay-$0.00`overtimepay-$0.00`netpay-$0.00`
employee-Daniels`week-12`standardtime-0h0m`overtime-0h0m`standardpay-$0.00`overtimepay-$0.00`netpay-$0.00`
employee-Daniels`week-13`standardtime-40h0m`overtime-39h30m`standardpay-$1,629.60`overtimepay-$1,609.23`netpay-$2,991.06`
employee-Daniels`week-14`standardtime-0h0m`overtime-0h0m`standardpay-$0.00`overtimepay-$0.00`netpay-$0.00`
employee-Daniels`week-15`standardtime-0h0m`overtime-0h0m`standardpay-$0.00`overtimepay-$0.00`netpay-$0.00`
employee-Daniels`week-16`standardtime-0h0m`overtime-0h0m`standardpay-$0.00`overtimepay-$0.00`netpay-$0.00`
employee-Daniels`week-17`standardtime-0h0m`overtime-0h0m`standardpay-$0.00`overtimepay-$0.00`netpay-$0.00`
employee-Daniels`week-18`standardtime-0h0m`overtime-0h0m`standardpay-$0.00`overtimepay-$0.00`netpay-$0.00`
employee-Daniels`week-19`standardtime-0h0m`overtime-0h0m`standardpay-$0.00`overtimepay-$0.00`netpay-$0.00`
employee-Daniels`week-20`standardtime-0h0m`overtime-0h0m`standardpay-$0.00`overtimepay-$0.00`netpay-$0.00`
employee-Daniels`week-21`standardtime-28h45m`overtime-17h45m`standardpay-$1,171.28`overtimepay-$723.14`netpay-$1,749.50`
employee-Daniels`standardtime-40h0m`overtime-31h15m`standardpay-$2,435.60`overtimepay-$2,854.22`netpay-$4,885.15`
employee-John Paxton`week-4`standardtime-0h0m`overtime-0h0m`standardpay-$0.00`overtimepay-$0.00`netpay-$0.00`
employee-John Paxton`week-5`standardtime-0h0m`overtime-0h0m`standardpay-$0.00`overtimepay-$0.00`netpay-$0.00`
employee-John Paxton`week-34`standardtime-0h0m`overtime-0h0m`standardpay-$0.00`overtimepay-$0.00`netpay-$0.00`
employee-John Paxton`week-35`standardtime-0h0m`overtime-0h0m`standardpay-$0.00`overtimepay-$0.00`netpay-$0.00`
employee-John Paxton`week-36`standardtime-0h0memployee-John Paxton`week-42`standardtime-36h15m`overtime-23h45m`standardpay-$2,207.26`overtimepay-$2,169.21`netpay-$4,041.67`
employee-John Paxton`week-43`standardtime-0h0m`overtime-0h0m`standardpay-$0.00`overtimepay-$0.00`netpay-$0.00`
employee-John Paxton`week-44`standardtime-0h0m`overtime-0h0m`standardpay-$0.00`overtimepay-`overtime-0h0m`standardpay-$0.00`overtimepay-$0.00`netpay-$0.00`
employee-Jonathan Archer`week-2`standardtime-0h0m`overtime-0h0m`standardpay-$0.00`overtimepay-$0.00`netpay-$0.00`
employee-Jonathan Archer`week-3`standardtime-38h0m`overtime-76h15m`standardpay-$1,576.62`overtimepay-$4,745.42`netpay-$5,838.40`
employee-Jonathan Archer`week-4`standardtime-0h0m`overtime-0h0m`standardpay-$0.00`overtimepay-$0.00`netpay-$0.00`
employee-Jonathan Archer`week-5`standardtime-0h0m`overtime-0h0m`standardpay-$0.00`overtimepay-$0.00`netpay-$0.00`
employee-Jonathan Archer`week-6`standardtime-0h0m`overtime-0h0m`standardpay-$0.00`overtimepay-$0.00`netpay-$0.00`
employee-Jonathan Archer`week-7`standardtime-29h45m`overtime-17h0m`standardpay-$1,234.33`overtimepay-$1,058.00`netpay-$2,116.97`
employee-Jonathan Archer`week-8`standardtime-0h0m`overtime-0h0m`standardpay-$0.00`overtimepay-$0.00`netpay-$0.00`
employee-Jonathan Archer`week-9`standardtime-0h0m`overtime-0h0m`standardpay-$0.00`overtimepay-$0.00`netpay-$0.00`
employee-Jonathan Archer`week-10`standardtime-24h15m`overtime-24h30m`standardpay-$1,006.13`overtimepay-$1,524.76`netpay-$2,337.28`
employee-Jonathan Archer`week-11`standardtime-0h0m`overtime-0h0m`standardpay-$0.00`overtimepay-$0.00`netpay-$0.00`
employee-Jonathan Archer`week-12`standardtime-0h0m`overtime-0h0m`standardpay-$0.00`overtimepay-$0.00`netpay-$0.00`
employee-Jonathan Archer`week-13`standardtime-40h0m`overtime-44h30m`standardpay-$1,659.60`overtimepay-$2,769.46`netpay-$4,090.24`
employee-Jonathan Archer`week-14`standardtime-0h0m`overtime-0h0m`standardpay-$0.00`overtimepay-$0.00`netpay-$0.00`
employee-Jonathan Archer`week-15`standardtime-0h0m`overtime-0h0m`standardpay-$0.00`overtimepay-$0.00`netpay-$0.00`
employee-Jonathan Archer`week-16`standardtime-0h0m`overtime-0h0m`standardpay-$0.00`overtimepay-$0.00`netpay-$0.00`
employee-Jonathan Archer`week-17`standardtime-0h0m`overtime-0h0m`standardpay-$0.00`overtimepay-$0.00`netpay-$0.00`
employee-Jonathan Archer`week-18`standardtime-0h0m`overtime-0h0m`standardpay-$0.00`overtimepay-$0.00`netpay-$0.00`
employee-Jonathan Archer`week-19`standardtime-0h0m`overtime-0h0m`standardpay-$0.00`overtimepay-$0.00`netpay-$0.00`
employee-Jonathan Archer`week-20`standardtime-0h0m`overtime-0h0m`standardpay-$0.00`overtimepay-$0.00`netpay-$0.00`
employee-Jonathan Archer`week-21`standardtime-33h0m`overtime-16h15m`standardpay-$1,369.17`overtimepay-$1,011.32`netpay-$2,198.38`
employee-Jonathan Archer`week-22`standardtime-0h0m`overtime-0h0m`standardpay-$0.00`overtimepay-$0.00`netpay-$0.00`
employee-Jonathan Archer`week-23`standardtime-0h0m`overtime-0h0m`standardpay-$0.00`overtimepay-1`standardtime-0h0m`overtime-0h0m`standardpay-$0.00`overtimepay-$0.00`netpay-$0.00`
employee-Chef`week-2`standardtime-0h0m`overtime-0h0m`standardpay-$0.00`overtimepay-$0.00`netpay-$0.00`
employee-Chef`week-3`standardtime-33h0m`overtime-30h15m`standardpay-$1,234.53`overtimepay-$1,697.48`netpay-$2,707.71`
employee-Chef`week-4`standardtime-0h0m`overtime-0h0m`standardpay-$0.00`overtimepay-$0.00`netpay-$0.00`
employee-Chef`week-5`standardtime-0h0m`overtime-0h0m`standardpay-$0.00`overtimepay-$0.00`netpay-$0.00`
employee-Chef`week-6`standardtime-0h0m`overtime-0h0m`standardpay-$0.00`overtimepay-$0.00`netpay-$0.00`
employee-Chef`week-7`standardtime-27h15m`overtime-31h15m`standardpay-$1,019.42`overtimepay-$1,753.59`netpay-$2,560.87`
employee-Chef`week-8`standardtime-0h0m`overtime-0h0m`standardpay-$0.00`overtimepay-$0.00`netpay-$0.00`
employee-Chef`week-9`standardtime-0h0m`overtime-0h0m`standardpay-$0.00`overtimepay-$0.00`netpay-$0.00`
employee-Chef`week-10`standardtime-18h45m`overtime-32h15m`standardpay-$701.44`overtimepay-$1,809.71`netpay-$2,319.05`
employee-Chef`week-11`standardtime-0h0m`overtime-0h0m`standardpay-$0.00`overtimepay-$0.00`netpay-$0.00`
employee-Chef`week-12`standardtime-0h0m`overtime-0h0m`standardpay-$0.00`overtimepay-$0.00`netpay-$0.00`
employee-Chef`week-13`standardtime-39h30m`overtime-26h15m`standardpay-$1,477.69`overtimepay-$1,473.02`netpay-$2,724.98`
employee-Chef`week-14`standardtime-0h0m`overtime-0h0m`standardpay-$0.00`overtimepay-$0.00`netpay-$0.00`
employee-Chef`week-15`standardtime-0h0m`overtime-0h0m`standardpay-$0.00`overtimepay-$0.00`netpay-$0.00`
employee-Chef`week-16`standardtime-0h0m`overtime-0h0m`standardpay-$0.00`overtimepay-$0.00`netpay-$0.00`
employee-Chef`week-17`standardtime-0h0m`overtime-0h0m`standardpay-$0.00`overtimepay-$0.00`netpay-$0.00`
employee-Chef`week-18`standardtime-0h0m`overtime-0h0m`standardpay-$0.00`overtimepay-$0.00`netpay-$0.00`
employee-Chef`week-19`standardtime-0h0m`overtime-0h0m`standardpay-$0.00`overtimepay-$0.00`netpay-$0.00`
employee-Chef`week-20`standardtime-0h0m`overtime-0h0m`standardpay-$0.00`overtimepay-$0.00`netpay-$0.00`
employee-Chef`week-21`standardtime-32h0m`overtime-35h30m`standardpay-$1,197.12`overtimepay-$1,992.08`netpay-$2,945.23`
employee-Chef`week-22`standardtime-0h0m`overtime-0h0m`standardpay-$0.00`overtimepay-$0.00`netpay-$0.00`
employee-Chef`week-23`standardtime-0h0m`overtime-0h0m`standardpay-$0.00`overtimepay-$0.00`netpay-$0.00`
employee-Chef`week-24`standardtime-0h0m`overtime-0h0m`standardpay-$0.00`overtimepay-$0.00`netpay-$0.00`
employee-Chef`week-25`standardtime-0h0m`overtime-0h0m`standardpay-$0.00`overtimepay-$0.00`netpay-$0.00`
employee-Chef`week-26`standardtime-18h45m`overtime-17h30m`standardpay-$701.44`overtimepay-$982.01`netpay-$1,554.67`
employee-Chef`week-27`standardtime-0h0m`overtime-0h0m`standardpay-$0.00`overtimepay-$0.00`netpay-$0.00`
employee-Chef`week-28`standardtime-0h0m`overtime-0h0m`standardpay-$0.00`overtimepay-$0.00`netpay-$0.00`
employee-Chef`week-29`standardtime-0h0m`overtime-0h0m`standardpay-$0.00`overtimepay-$0.00`netpay-$0.00`
employee-Chef`week-30`standardtime-0h0m`overtime-0h0m`standardpay-$0.00`overtimepay-$0.00`netpay-$0.00`
employee-Chef`week-31`standardtime-0h0m`overtime-0h0m`standardpay-$0.00`overtimepay-$0.00`netpay-$0.00`
employee-Chef`week-32`standardtime-0h0m`overtime-0h0m`standardpay-$0.00`overtimepay-$0.00`netpay-$0.00`
employee-Chef`week-33`standardtime-0h0m`overtime-0h0m`standardpay-$0.00`overtimepay-$0.00`netpay-$0.00`
employee-Chef`week-34`standardtime-0h0m`overtime-0h0m`standardpay-$0.00`overtimepay-$0.00`netpay-$0.00`
employee-Chef`week-35`standardtime-0h0m`overtime-0h0m`standardpay-$0.00`overtimepay-$0.00`netpay-$0.00`
employee-Chef`week-36`standardtime-0h0m`overtime-0h0m`standardpay-$0.00`overtimepay-$0.00`netpay-$0.00`
employee-Chef`week-37`standardtime-0h0m`overtime-0h0m`standardpay-$0.00`overtimepay-$0.00`netpay-$0.00`
employee-Chef`week-38`standardtime-0h0m`overtime-0h0m`standardpay-$0.00`overtimepay-$0.00`netpay-$0.00`
employee-Chef`week-39`standardtime-0h0m`overtime-0h0m`standardpay-$0.00`overtimepay-$0.00`netpay-$0.00`
employee-Chef`week-40`standardtime-0h0m`overtime-0h0m`standardpay-$0.00`overtimepay-$0.00`netpay-$0.00`
employee-Chef`week-41`standardtime-0h0m`overtime-0h0m`standardpay-$0.00`overtimepay-$0.00`netpay-$0.00`
employee-Chef`week-42`standardtime-32h15m`overtime-61h15m`standardpay-$1,206.47`overtimepay-$3,437.04`netpay-$4,288.28`
employee-Chef`week-43`standardtime-0h0m`overtime-0h0m`standardpay-$0.00`overtimepay-$0.00`netpay-$0.00`
employee-Chef`week-44`standardtime-0h0m`overtime-0h0m`standardpay-$0.00`overtimepay-$0.00`netpay-$0.00`
employee-Chef`week-45`standardtime-0h0m`overtime-0h0m`standardpay-$0.00`overtimepay-$0.00`netpay-$0.00`
employee-Chef`week-46`standardtime-0h0m`overtime-0h0m`standardpay-$0.00`overtimepay-$0.00`netpay-$0.00`
employee-Chef`week-47`standardtime-0h0m`overtime-0h0m`standardpay-$0.00`overtimepay-$0.00`netpay-$0.00`
employee-Chef`week-48`standardtime-0h0m`overtime-0h0m`standardpay-$0.00`overtimepay-$0.00`netpay-$0.00`
employee-Chef`week-49`standardtime-0h0m`overtime-0h0m`standardpay-$0.00`overtimepay-$0.00`netpay-$0.00`
employee-Chef`week-50`standardtime-0h0m`overtime-0h0m`standardpay-$0.00`overtimepay-$0.00`netpay-$0.00`
employee-Chef`week-51`standardtime-24h0m`overtime-23h45m`standardpay-$897.84`overtimepay-$1,332.73`netpay-$2,059.93`
Exiting
