employee-John Paxton`week-0`standardtime-0h0m`overtime-0h0m`standardpay-$0.00`overtimepay-$0.00`netpay-$0.00`
employee-John Paxton`week-1`standardtime-0h0m`overtime-0h0m`standardpay-$0.00`overtimepay-$0.00`netpay-$0.00`
employee-John Paxton`week-2`standardtime-0h0m`overtime-0h0m`standardpay-$0.00`overtimepay-$0.00`netpay-$0.00`
employee-John Paxton`week-3`standardtime-0h0m`overtime-0h0m`standardpay-$0.00`overtimepay-$0.00`netpay-$0.00`
employee-John Paxton`week-4`standardtime-0h0m`overtime-0h0m`standardpay-$0.00`overtimepay-$0.00`netpay-$0.00`
employee-John Paxton`week-5`standardtime-0h0m`overtime-0h0m`standardpay-$0.00`overtimepay-$0.00`netpay-$0.00`
employee-John Paxton`week-6`standardtime-0h0m`overtime-0h0m`standardpay-$0.00`overtimepay-$0.00`netpay-$0.00`
employee-John Paxton`week-7`standardtime-0h0m`overtime-0h0m`standardpay-$0.00`overtimepay-$0.00`netpay-$0.00`
employee-John Paxton`week-8`standardtime-0h0m`overtime-0h0m`standardpay-$0.00`overtimepay-$0.00`netpay-$0.00`
employee-John Paxton`week-9`standardtime-0h0m`overtime-0h0m`standardpay-$0.00`overtimepay-$0.00`netpay-$0.00`
employee-John Paxton`week-10`standardtime-0h0m`overtime-0h0m`standardpay-$0.00`overtimepay-$0.00`netpay-$0.00`
employee-John Paxton`week-11`standardtime-0h0m`overtime-0h0m`standardpay-$0.00`overtimepay-$0.00`netpay-$0.00`
employee-John Paxton`week-12`standardtime-0h0m`overtime-0h0m`standardpay-$0.00`overtimepay-$0.00`netpay-$0.00`
employee-John Paxton`week-13`standardtime-30h30m`overtime-23h0m`standardpay-$713.09`overtimepay-$806.61`netpay-$1,403.44`
employee-John Paxton`week-14`standardtime-0h0m`overtime-0h0m`standardpay-$0.00`overtimepay-$0.00`netpay-$0.00`
employee-John Paxton`week-15`standardtime-0h0m`overtime-0h0m`standardpay-$0.00`overtimepay-$0.00`netpay-$0.00`
employee-John Paxton`week-16`standardtime-0h0m`overtime-0h0m`standardpay-$0.00`overtimepay-$0.00`netpay-$0.00`
employee-John Paxton`week-17`standardtime-0h0m`overtime-0h0m`standardpay-$0.00`overtimepay-$0.00`netpay-$0.00`
employee-John Paxton`week-18`standardtime-0h0m`overtime-0h0m`standardpay-$0.00`overtimepay-$0.00`netpay-$0.00`
employee-John Paxton`week-19`standardtime-0h0m`overtime-0h0m`standardpay-$0.00`overtimepay-$0.00`netpay-$0.00`
employee-John Paxton`week-20`standardtime-0h0m`overtime-0h0m`standardpay-$0.00`overtimepay-$0.00`netpay-$0.00`
employee-John Paxton`week-21`standardtime-0h0m`overtime-0h0m`standardpay-$0.00`overtimepay-$0.00`netpay-$0.00`
employee-John Paxton`week-22`standardtime-0h0m`overtime-0h0m`standardpay-$0.00`overtimepay-$0.00`netpay-$0.00`
employee-John Paxton`week-23`standardtime-0h0m`overtime-0h0m`standardpay-$0.00`overtimepay-$0.00`netpay-$0.00`
employee-John Paxton`week-24`standardtime-0h0m`overtime-0h0m`standardpay-$0.00`overtimepay-$0.00`netpay-$0.00`
employee-John Paxton`week-25`standardtime-0h0m`overtime-0h0m`standardpay-$0.00`overtimepay-$0.00`netpay-$0.00`
employee-Jonathan Archer`week-25`standardtime-0h0m`overtime-0h0m`standardpay-$0.00`overtimepay-$0.00`netpay-$0.00`
employee-Hoshi Sato`week-25`standardtime-0h0m`overtime-0h0m`standardpay-$0.00`overtimepay-$0.00`netpay-$0.00`
employee-Hoshi Sato`week-25`standardtime-0h0m`overtime-0h0m`standardpay-$0.00`overtimepay-$0.00`netpay-John Paxton`week-29`standardtime-0h0m`overtime-0h0m`standardpay-$0.00`overtimepay-$0.00`netpay-$0.00`
employee-John Paxton`week-30`standardtime-0h0m`overtime-0h0m`standardpay-$0.00`overtimepay-$0.00`netpay-$0.00`
employee-30h30m`standardpay-$876.75`overtimepay-$1,069.64`netpay-$1,797.49`
employee-John Paxton`week-33`standardtime-0h0m`overtime-0h0m`standardpay-$0.00`overtimepay-$0.00`netpay-$0.00`
employee-John Paxton`week-34`standardtime-0h0m`overtime-0h0mJohn Paxton`week-1`standardtime-0h0m`overtime-0h0m`standardpay-$0.00`overtimepay-$0.00`netpay-$0.00`
employee-John Paxton`week-2`standardtime-0h0m`overtime-0h0m`standardpay-$0.00`overtimepay-$0.00`netpay-$0.00`
employee-John Paxton`week-3`standardtime-0h0m`overtime-0h0m`standardpay-$0.00`overtimepay-$0.00`netpay-$0.00`
employee-John Paxton`week-4`standardtime-0h0m`overtime-0h0m`standardpay-$0.00`overtimepay-$0.00`netpay-$0.00`
employee-John Paxton`week-5`standardtime-0h0m`overtime-0h0m`standardpay-$0.00`overtimepay-$0.00`netpay-$0.00`
employee-John Paxton`week-6`standardtime-0h0m`overtime-0h0m`standardpay-$0.00`overtimepay-$0.00`netpay-$0.00`
employee-John Paxton`week-7`standardtime-0h0m`overtime-0h0m`standardpay-$0.00`overtimepay-$0.00`netpay-$0.00`
employee-John Paxton`week-8`standardtime-0h0m`overtime-0h0m`standardpay-$0.00`overtimepay-$0.00`netpay-$0.00`
employee-John Paxton`week-9`standardtime-0h0m`overtime-0h0m`standardpay-$0.00`overtimepay-$0.00`netpay-$0.00`
employee-John Paxton`week-10`standardtime-0h0m`overtime-0h0m`standardpay-$0.00`overtimepay-$0.00`netpay-$0.00`
employee-John Paxton`week-11`standardtime-0h0m`overtime-0h0m`standardpay-$0.00`overtimepay-$0.00`netpay-$0.00`
employee-John Paxton`week-12`standardtime-0h0m`overtime-0h0m`standardpay-$0.00`overtimepay-$0.00`netpay-$0.00`
employee-John Paxton`week-13`standardtime-30h30m`overtime-23h0m`standardpay-$713.09`overtimepay-$806.61`netpay-$1,403.44`
employee-John Paxton`week-14`standardtime-0h0m`overtime-0h0m`standardpay-$0.00`overtimepay-$0.00`netpay-$0.00`
employee-John Paxton`week-15`standardtime-0h0m`overtime-0h0m`standardpay-$0.00`overtimepay-$0.00`netpay-$0.00`
employee-John Paxton`week-16`standardtime-0h0m`overtime-0h0m`standardpay-$0.00`overtimepay-$0.00`netpay-$0.00`
employee-John Paxton`week-17`standardtime-0h0m`overtime-0h0m`standardpay-$0.00`overtimepay-$0.00`netpay-$0.00`
employee-John Paxton`week-18`standardtime-0h0m`overtime-0h0m`standardpay-$0.00`overtimepay-$0.00`netpay-$0.00`
employee-John Paxton`week-19`standardtime-0h0m`overtime-0h0m`standardpay-$0.00`overtimepay-$0.00`netpay-$0.00`
employee-John Paxton`week-20`standardtime-0h0m`overtime-0h0m`standardpay-$0.00`overtimepay-$0.00`netpay-$0.00`
employee-John Paxton`week-21`standardtime-0h0m`overtime-0h0m`standardpay-$0.00`overtimepay-$0.00`netpay-$0.00`
employee-John Paxton`week-22`standardtime-0h0m`overtime-0h0m`standardpay-$0.00`overtimepay-$0.00`netpay-$0.00`
employee-John Paxton`week-23`standardtime-0h0m`overtime-0h0m`standardpay-$0.00`overtimepay-$0.00`netpay-$0.00`
employee-John Paxton`week-24`standardtime-0h0m`overtime-0h0m`standardpay-$0.00`overtimepay-$0.00`netpay-$0.00`
employee-John Paxton`week-25`standardtime-0h0m`overtime-0h0m`standardpay-$0.00`overtimepay-$0.00`netpay-$0.00`
employee-John Paxton`week-26`standardtime-22h15m`overtime-30h30m`standardpay-$520.20`overtimepay-$1,069.64`netpay-$1,468.22`
employee-John Paxton`week-27`standardtime-0h0m`overtime-0h0m`standardpay-$0.00`overtimepay-$0.00`netpay-$0.00`
employee-John Paxton`week-28`standardtime-0h0m`overtime-0h0m`standardpay-$0.00`overtimepay-$0.00`netpay-$0.00`
employee-John Paxton`week-29`standardtime-0h0m`overtime-0h0m`standardpay-$0.00`overtimepay-$0.00`netpay-$0.00`
employee-John Paxton`week-30`standardtime-0h0m`overtime-0h0m`standardpay-$0.00`overtimepay-$0.00`netpay-$0.00`
employee-John Paxton`week-31`standardtime-0h0m`overtime-0h0m`standardpay-$0.00`overtimepay-$0.00`netpay-$0.00`
employee-John Paxton`week-32`standardtime-37h30m`overtime-30h30m`standardpay-$876.75`overtimepay-$1,069.64`netpay-$1,797.49`
employee-John Paxton`week-33`standardtime-0h0m`overtime-0h0m`standardpay-$0.00`overtimepay-$0.00`netpay-$0.00`
employee-John Paxton`week-34`standardtime-0h0m`overtime-0h0m`standardpay-$0.00`overtimepay-$0.00`netpay-$0.00`
employee-John Paxton`week-35`standardtime-29h15m`overtime-29h30m`standardpay-$683.86`overtimepay-$1,034.56`netpay-$1,586.96`
employee-John Paxton`week-36`standardtime-0h0m`overtime-0h0m`standardpay-$0.00`overtimepay-$0.00`netpay-$0.00`
employee-John Paxton`week-37`standardtime-0h0m`overtime-0h0m`standardpay-$0.00`overtimepay-$0.00`netpay-$0.00`
employee-John Paxton`week-38`standardtime-0h0m`overtime-0h0m`standardpay-$0.00`overtimepay-$0.00`netpay-$0.00`
employee-John Paxton`week-39`standardtime-0h0m`overtime-0h0m`standardpay-$0.00`overtimepay-$0.00`netpay-$0.00`
employee-John Paxton`week-40`standardtime-0h0m`overtime-0h0m`standardpay-$0.00`overtimepay-$0.00`netpay-$0.00`
employee-John Paxton`week-41`standardtime-40h0m`overtime-30h15m`standardpay-$935.20`overtimepay-$1,060.87`netpay-$1,843.37`
employee-John Paxton`week-42`standardtime-0h0m`overtime-0h0m`standardpay-$0.00`overtimepay-$0.00`netpay-$0.00`
employee-John Paxton`week-43`standardtime-0h0m`overtime-0h0m`standardpay-$0.00`overtimepay-$0.00`netpay-$0.00`
employee-John Paxton`week-44`standardtime-0h0m`overtime-0h0m`standardpay-$0.00`overtimepay-$0.00`netpay-$0.00`
employee-John Paxton`week-45`standardtime-0h0m`overtime-0h0m`standardpay-$0.00`overtimepay-$0.00`netpay-$0.00`
employee-John Paxton`week-46`standardtime-0h0m`overtime-0h0m`standardpay-$0.00`overtimepay-$0.00`netpay-$0.00`
employee-John Paxton`week-47`standardtime-0h0m`overtime-0h0m`standardpay-$0.00`overtimepay-$0.00`netpay-$0.00`
employee-John Paxton`week-48`standardtime-0h0m`overtime-0h0m`standardpay-$0.00`overtimepay-$0.00`netpay-$0.00`
employee-John Paxton`week-49`standardtime-0h0m`overtime-0h0m`standardpay-$0.00`overtimepay-$0.00`netpay-$0.00`
employee-John Paxton`week-50`standardtime-0h0m`overtime-0h0m`standardpay-$0.00`overtimepay-$0.00`netpay-$0.00`
employee-John Paxton`week-51`standardtime-23h0m`overtime-7h45m`standardpay-$537.74`overtimepay-$271.79`netpay-$747.60`
employee-Jonathan Archer`week-0`standardtime-0h0m`overtime-0h0m`standardpay-$0.00`overtimepay-$0.00`netpay-$0.00`
employee-Jonathan Archer`week-1`standardtime-0h0m`overtime-0h0m`standardpay-$0.00`overtimepay-$0.00`netpay-$0.00`
employee-Jonathan Archer`week-2`standardtime-0h0m`overtime-0h0m`standardpay-$0.00`overtimepay-$0.00`netpay-$0.00`
employee-Jonathan Archer`week-3`standardtime-0h0m`overtime-0h0m`standardpay-$0.00`overtimepay-$0.00`netpay-$0.00`
employee-Jonathan Archer`week-4`standardtime-0h0m`overtime-0h0m`standardpay-$0.00`overtimepay-$0.00`netpay-$0.00`
employee-Jonathan Archer`week-5`standardtime-0h0m`overtime-0h0m`standardpay-$0.00`overtimepay-$0.00`netpay-$0.00`
employee-Jonathan Archer`week-6`standardtime-0h0m`overtime-0h0m`standardpay-$0.00`overtimepay-$0.00`netpay-$0.00`
employee-Jonathan Archer`week-7`standardtime-0h0m`overtime-0h0m`standardpay-$0.00`overtimepay-$0.00`netpay-$0.00`
employee-Jonathan Archer`week-8`standardtime-0h0m`overtime-0h0m`standardpay-$0.00`overtimepay-$0.00`netpay-$0.00`
employee-Jonathan Archer`week-9`standardtime-0h0m`overtime-0h0m`standardpay-$0.00`overtimepay-$0.00`netpay-$0.00`
employee-Jonathan Archer`week-10`standardtime-0h0m`overtime-0h0m`standardpay-$0.00`overtimepay-$0.00`netpay-$0.00`
employee-Jonathan Archer`week-11`standardtime-0h0m`overtime-0h0m`standardpay-$0.00`overtimepay-$0.00`netpay-$0.00`
employee-Jonathan Archer`week-12`standardtime-0h0m`overtime-0h0m`standardpay-$0.00`overtimepay-$0.00`netpay-$0.00`
employee-Jonathan Archer`week-13`standardtime-40h0m`overtime-60h0m`standardpay-$1,030.40`overtimepay-$1,545.60`netpay-$2,378.94`
employee-Jonathan Archer`week-14`standardtime-0h0m`overtime-0h0m`standardpay-$0.00`overtimepay-$0.00`netpay-$0.00`
employee-Jonathan Archer`week-15`standardtime-0h0m`overtime-0h0m`standardpay-$0.00`overtimepay-$0.00`netpay-$0.00`
employee-Jonathan Archer`week-16`standardtime-0h0m`overtime-0h0m`standardpay-$0.00`overtimepay-$0.00`netpay-$0.00`
employee-Jonathan Archer`week-17`standardtime-0h0m`overtime-0h0m`standardpay-$0.00`overtimepay-$0.00`netpay-$0.00`
employee-Jonathan Archer`week-18`standardtime-0h0m`overtime-0h0m`standardpay-$0.00`overtimepay-$0.00`netpay-$0.00`
employee-Jonathan Archer`week-19`standardtime-0h0m`overtime-0h0m`standardpay-$0.00`overtimepay-$0.00`netpay-$0.00`
employee-Jonathan Archer`week-20`standardtime-0h0m`overtime-0h0m`standardpay-$0.00`overtimepay-$0.00`netpay-$0.00`
employee-Jonathan Archer`week-21`standardtime-0h0m`overtime-0h0m`standardpay-$0.00`overtimepay-$0.00`netpay-$0.00`
employee-Jonathan Archer`week-22`standardtime-0h0m`overtime-0h0m`standardpay-$0.00`overtimepay-$0.00`netpay-$0.00`
employee-Jonathan Archer`week-23`standardtime-0h0m`overtime-0h0m`standardpay-$0.00`overtimepay-$0.00`netpay-$0.00`
employee-Jonathan Archer`week-24`standardtime-0h0m`overtime-0h0m`standardpay-$0.00`overtimepay-$0.00`netpay-$0.00`
employee-Jonathan Archer`week-25`standardtime-0h0m`overtime-0h0m`standardpay-$0.00`overtimepay-$0.00`netpay-$0.00`
employee-Jonathan Archer`week-26`standardtime-23h0m`overtime-28h0m`standardpay-$592.48`overtimepay-$721.28`netpay-$1,213.26`
employee-Jonathan Archer`week-27`standardtime-0h0m`overtime-0h0m`standardpay-$0.00`overtimepay-$0.00`netpay-$0.00`
employee-Jonathan Archer`week-28`standardtime-0h0m`overtime-0h0m`standardpay-$0.00`overtimepay-$0.00`netpay-$0.00`
employee-Jonathan Archer`week-29`standardtime-0h0m`overtime-0h0m`standardpay-$0.00`overtimepay-$0.00`netpay-$0.00`
employee-Jonathan Archer`week-30`standardtime-0h0m`overtime-0h0m`standardpay-$0.00`overtimepay-$0.00`netpay-$0.00`
employee-Jonathan Archer`week-31`standardtime-0h0m`overtime-0h0m`standardpay-$0.00`overtimepay-$0.00`netpay-$0.00`
employee-Jonathan Archer`week-32`standardtime-33h15m`overtime-69h15m`standardpay-$856.52`overtimepay-$1,783.88`netpay-$2,438.41`
employee-Jonathan Archer`week-33`standardtime-0h0m`overtime-0h0m`standardpay-$0.00`overtimepay-$0.00`netpay-$0.00`
employee-Jonathan Archer`week-34`standardtime-0h0m`overtime-0h0m`standardpay-$0.00`overtimepay-$0.00`netpay-$0.00`
employee-Jonathan Archer`week-35`standardtime-24h15m`overtime-6h0m`standardpay-$624.68`overtimepay-$154.56`netpay-$719.63`
employee-Jonathan Archer`week-36`standardtime-0h0m`overtime-0h0m`standardpay-$0.00`overtimepay-$0.00`netpay-$0.00`
employee-Jonathan Archer`week-37`standardtime-0h0m`overtime-0h0m`standardpay-$0.00`overtimepay-$0.00`netpay-$0.00`
employee-Jonathan Archer`week-38`standardtime-0h0m`overtime-0h0m`standardpay-$0.00`overtimepay-$0.00`netpay-$0.00`
employee-Jonathan Archer`week-39`standardtime-0h0m`overtime-0h0m`standardpay-$0.00`overtimepay-$0.00`netpay-$0.00`
employee-Jonathan Archer`week-40`standardtime-0h0m`overtime-0h0m`standardpay-$0.00`overtimepay-$0.00`netpay-$0.00`
employee-Jonathan Archer`week-41`standardtime-35h15m`overtime-22h0m`standardpay-$908.04`overtimepay-$566.72`netpay-$1,361.94`
employee-Jonathan Archer`week-42`standardtime-0h0m`overtime-0h0m`standardpay-$0.00`overtimepay-$0.00`netpay-$0.00`
employee-Jonathan Archer`week-43`standardtime-0h0m`overtime-0h0m`standardpay-$0.00`overtimepay-$0.00`netpay-$0.00`
employee-Jonathan Archer`week-44`standardtime-0h0m`overtime-0h0m`standardpay-$0.00`overtimepay-$0.00`netpay-$0.00`
employee-Jonathan Archer`week-45`standardtime-0h0m`overtime-0h0m`standardpay-$0.00`overtimepay-$0.00`netpay-$0.00`
employee-Jonathan Archer`week-46`standardtime-0h0m`overtime-0h0m`standardpay-$0.00`overtimepay-$0.00`netpay-$0.00`
employee-Jonathan Archer`week-47`standardtime-0h0m`overtime-0h0m`standardpay-$0.00`overtimepay-$0.00`netpay-$0.00`
employee-Jonathan Archer`week-48`standardtime-0h0m`overtime-0h0m`standardpay-$0.00`overtimepay-$0.00`netpay-$0.00`
employee-Jonathan Archer`week-49`standardtime-0h0m`overtime-0h0m`standardpay-$0.00`overtimepay-$0.00`netpay-$0.00`
employee-Jonathan Archer`week-50`standardtime-0h0m`overtime-0h0m`standardpay-$0.00`overtimepay-$0.00`netpay-$0.00`
employee-Jonathan Archer`week-51`standardtime-38h15m`overtime-54h15m`standardpay-$985.32`overtimepay-$1,397.48`netpay-$2,200.52`
employee-Hoshi Sato`week-0`standardtime-0h0m`overtime-0h0m`standardpay-$0.00`overtimepay-$0.00`netpay-$0.00`
employee-Hoshi Sato`week-1`standardtime-0h0m`overtime-0h0m`standardpay-$0.00`overtimepay-$0.00`netpay-$0.00`
employee-Hoshi Sato`week-2`standardtime-0h0m`overtime-0h0m`standardpay-$0.00`overtimepay-$0.00`netpay-$0.00`
employee-Hoshi Sato`week-3`standardtime-0h0m`overtime-0h0m`standardpay-$0.00`overtimepay-$0.00`netpay-$0.00`
employee-Hoshi Sato`week-4`standardtime-0h0m`overtime-0h0m`standardpay-$0.00`overtimepay-$0.00`netpay-$0.00`
employee-Hoshi Sato`week-5`standardtime-0h0m`overtime-0h0m`standardpay-$0.00`overtimepay-$0.00`netpay-$0.00`
employee-Hoshi Sato`week-6`standardtime-0h0m`overtime-0h0m`standardpay-$0.00`overtimepay-$0.00`netpay-$0.00`
employee-Hoshi Sato`week-7`standardtime-0h0m`overtime-0h0m`standardpay-$0.00`overtimepay-$0.00`netpay-$0.00`
employee-Hoshi Sato`week-8`standardtime-0h0m`overtime-0h0m`standardpay-$0.00`overtimepay-$0.00`netpay-$0.00`
employee-Hoshi Sato`week-9`standardtime-0h0m`overtime-0h0m`standardpay-$0.00`overtimepay-$0.00`netpay-$0.00`
employee-Hoshi Sato`week-10`standardtime-0h0m`overtime-0h0m`standardpay-$0.00`overtimepay-$0.00`netpay-$0.00`
employee-Hoshi Sato`week-11`standardtime-0h0m`overtime-0h0m`standardpay-$0.00`overtimepay-$0.00`netpay-$0.00`
employee-Hoshi Sato`week-12`standardtime-0h0m`overtime-0h0m`standardpay-$0.00`overtimepay-$0.00`netpay-$0.00`
employee-Hoshi Sato`week-13`standardtime-30h15m`overtime-33h45m`standardpay-$1,717.29`overtimepay-$1,915.99`netpay-$3,355.33`
employee-Hoshi Sato`week-14`standardtime-0h0m`overtime-0h0m`standardpay-$0.00`overtimepay-$0.00`netpay-$0.00`
employee-Hoshi Sato`week-15`standardtime-0h0m`overtime-0h0m`standardpay-$0.00`overtimepay-$0.00`netpay-$0.00`
employee-Hoshi Sato`week-16`standardtime-0h0m`overtime-0h0m`standardpay-$0.00`overtimepay-$0.00`netpay-$0.00`
employee-Hoshi Sato`week-17`standardtime-0h0m`overtime-0h0m`standardpay-$0.00`overtimepay-$0.00`netpay-$0.00`
employee-Hoshi Sato`week-18`standardtime-0h0m`overtime-0h0m`standardpay-$0.00`overtimepay-$0.00`netpay-$0.00`
employee-Hoshi Sato`week-19`standardtime-0h0m`overtime-0h0m`standardpay-$0.00`overtimepay-$0.00`netpay-$0.00`
employee-Hoshi Sato`week-20`standardtime-0h0m`overtime-0h0m`standardpay-$0.00`overtimepay-$0.00`netpay-$0.00`
employee-Hoshi Sato`week-21`standardtime-0h0m`overtime-0h0m`standardpay-$0.00`overtimepay-$0.00`netpay-$0.00`
employee-Hoshi Sato`week-22`standardtime-0h0m`overtime-0h0m`standardpay-$0.00`overtimepay-$0.00`netpay-$0.00`
employee-Hoshi Sato`week-23`standardtime-0h0m`overtime-0h0m`standardpay-$0.00`overtimepay-$0.00`netpay-$0.00`
employee-Hoshi Sato`week-24`standardtime-0h0m`overtime-0h0m`standardpay-$0.00`overtimepay-$0.00`netpay-$0.00`
employee-Hoshi Sato`week-25`standardtime-0h0m`overtime-0h0m`standardpay-$0.00`overtimepay-$0.00`netpay-$0.00`
employee-Hoshi Sato`week-26`standardtime-18h0m`overtime-23h0m`standardpay-$1,021.86`overtimepay-$1,305.71`netpay-$2,149.51`
employee-Hoshi Sato`week-27`standardtime-0h0m`overtime-0h0m`standardpay-$0.00`overtimepay-$0.00`netpay-$0.00`
employee-Hoshi Sato`week-28`standardtime-0h0m`overtime-0h0m`standardpay-$0.00`overtimepay-$0.00`netpay-$0.00`
employee-Hoshi Sato`week-29`standardtime-0h0m`overtime-0h0m`standardpay-$0.00`overtimepay-$0.00`netpay-$0.00`
employee-Hoshi Sato`week-30`standardtime-0h0m`overtime-0h0m`standardpay-$0.00`overtimepay-$0.00`netpay-$0.00`
employee-Hoshi Sato`week-31`standardtime-0h0m`overtime-0h0m`standardpay-$0.00`overtimepay-$0.00`netpay-$0.00`
employee-Hoshi Sato`week-32`standardtime-28h45m`overtime-8h15m`standardpay-$1,632.14`overtimepay-$468.35`netpay-$1,939.80`
employee-Hoshi Sato`week-33`standardtime-0h0m`overtime-0h0m`standardpay-$0.00`overtimepay-$0.00`netpay-$0.00`
employee-Hoshi Sato`week-34`standardtime-0h0m`overtime-0h0m`standardpay-$0.00`overtimepay-$0.00`netpay-$0.00`
employee-Hoshi Sato`week-35`standardtime-33h30m`overtime-21h0m`standardpay-$1,901.80`overtimepay-$1,192.17`netpay-$2,857.28`
employee-Hoshi Sato`week-36`standardtime-0h0m`overtime-0h0m`standardpay-$0.00`overtimepay-$0.00`netpay-$0.00`
employee-Hoshi Sato`week-37`standardtime-0h0m`overtime-0h0m`standardpay-$0.00`overtimepay-$0.00`netpay-$0.00`
employee-Hoshi Sato`week-38`standardtime-0h0m`overtime-0h0m`standardpay-$0.00`overtimepay-$0.00`netpay-$0.00`
employee-Hoshi Sato`week-39`standardtime-0h0m`overtime-0h0m`standardpay-$0.00`overtimepay-$0.00`netpay-$0.00`
employee-Hoshi Sato`week-40`standardtime-0h0m`overtime-0h0m`standardpay-$0.00`overtimepay-$0.00`netpay-$0.00`
employee-Hoshi Sato`week-41`standardtime-36h30m`overtime-65h15m`standardpay-$2,072.10`overtimepay-$3,704.24`netpay-$5,334.45`
employee-Hoshi Sato`week-42`standardtime-0h0m`overtime-0h0m`standardpay-$0.00`overtimepay-$0.00`netpay-$0.00`
employee-Hoshi Sato`week-43`standardtime-0h0m`overtime-0h0m`standardpay-$0.00`overtimepay-$0.00`netpay-$0.00`
employee-Hoshi Sato`week-44`standardtime-0h0m`overtime-0h0m`standardpay-$0.00`overtimepay-$0.00`netpay-$0.00`
employee-Hoshi Sato`week-45`standardtime-0h0m`overtime-0h0m`standardpay-$0.00`overtimepay-$0.00`netpay-$0.00`
employee-Hoshi Sato`week-46`standardtime-0h0m`overtime-0h0m`standardpay-$0.00`overtimepay-$0.00`netpay-$0.00`
employee-Hoshi Sato`week-47`standardtime-0h0m`overtime-0h0m`standardpay-$0.00`overtimepay-$0.00`netpay-$0.00`
employee-Hoshi Sato`week-48`standardtime-0h0m`overtime-0h0m`standardpay-$0.00`overtimepay-$0.00`netpay-$0.00`
employee-Hoshi Sato`week-49`standardtime-0h0m`overtime-0h0m`standardpay-$0.00`overtimepay-$0.00`netpay-$0.00`
employee-Hoshi Sato`week-50`standardtime-0h0m`overtime-0h0m`standardpay-$0.00`overtimepay-$0.00`netpay-$0.00`
employee-Hoshi Sato`week-51John Paxton`week-3`standardtime-0h0m`overtime-0h0m`standardpay-$0.00`overtimepay-$0.00`netpay-$0.00`
employee-John Paxton`week-4`standardtime-0h0m`overtime-0h0m`standardpay-$0.00`overtimepay-$0.00`netpay-$0.00`
employee-John Paxton`week-5`standardtime-0h0m`overtime-0h0m`standardpay-$0.00`overtimepay-$0.00`netpay-$0.00`
employee-John Paxton`week-6`standardtime-0h0m`overtime-0h0m`standardpay-$0.00`overtimepay-$0.00`netpay-$0.00`
employee-John Paxton`week-7`standardtime-0h0m`overtime-0h0m`standardpay-$0.00`overtimepay-$0.00`netpay-$0.00`
employee-John Paxton`week-8`standardtime-0h0m`overtime-0h0m`standardpay-$0.00`overtimepay-$0.00`netpay-$0.00`
employee-John Paxton`week-9`standardtime-0h0m`overtime-0h0m`standardpay-$0.00`overtimepay-$0.00`netpay-$0.00`
employee-John Paxton`week-10`standardtime-0h0m`overtime-0h0m`standardpay-$0.00`overtimepay-$0.00`netpay-$0.00`
employee-John Paxton`week-11`standardtime-0h0m`overtime-0h0m`standardpay-$0.00`overtimepay-$0.00`netpay-$0.00`
employee-John Paxton`week-12`standardtime-0h0m`overtime-0h0m`standardpay-$0.00`overtimepay-$0.00`netpay-$0.00`
employee-John Paxton`week-13`standardtime-30h30m`overtime-23h0m`standardpay-$713.09`overtimepay-$806.61`netpay-$1,403.44`
employee-John Paxton`week-14`standardtime-0h0m`overtime-0h0m`standardpay-$0.00`overtimepay-$0.00`netpay-$0.00`
employee-John Paxton`week-15`standardtime-0h0m`overtime-0h0m`standardpay-$0.00`overtimepay-$0.00`netpay-$0.00`
employee-John Paxton`week-16`standardtime-0h0m`overtime-0h0m`standardpay-$0.00`overtimepay-$0.00`netpay-$0.00`
employee-John Paxton`week-17`standardtime-0h0m`overtime-0h0m`standardpay-$0.00`overtimepay-$0.00`netpay-$0.00`
employee-John Paxton`week-18`standardtime-0h0m`overtime-0h0m`standardpay-$0.00`overtimepay-$0.00`netpay-$0.00`
employee-John Paxton`week-19`standardtime-0h0m`overtime-0h0m`standardpay-$0.00`overtimepay-$0.00`netpay-$0.00`
employee-John Paxton`week-20`standardtime-0h0m`overtime-0h0m`standardpay-$0.00`overtimepay-$0.00`netpay-$0.00`
employee-John Paxton`week-21`standardtime-0h0m`overtime-0h0m`standardpay-$0.00`overtimepay-$0.00`netpay-$0.00`
employee-John Paxton`week-22`standardtime-0h0m`overtime-0h0m`standardpay-$0.00`overtimepay-$0.00`netpay-$0.00`
employee-John Paxton`week-23`standardtime-0h0m`overtime-0h0m`standardpay-$0.00`overtimepay-$0.00`netpay-$0.00`
employee-John Paxton`week-24`standardtime-0h0m`overtime-0h0m`standardpay-$0.00`overtimepay-$0.00`netpay-$0.00`
employee-John Paxton`week-25`standardtime-0h0m`overtime-0h0m`standardpay-$0.00`overtimepay-$0.00`netpay-$0.00`
employee-John Paxton`week-26`standardtime-22h15m`overtime-30h30m`standardpay-$520.20`overtimepay-$1,069.64`netpay-$1,468.22`
employee-John Paxton`week-27`standardtime-0h0m`overtime-0h0m`standardpay-$0.00`overtimepay-$0.00`netpay-$0.00`
employee-John Paxton`week-28`standardtime-0h0m`overtime-0h0m`standardpay-$0.00`overtimepay-$0.00`netpay-$0.00`
employee-John Paxton`week-29`standardtime-0h0m`overtime-0h0m`standardpay-$0.00`overtimepay-$0.00`netpay-$0.00`
employee-John Paxton`week-30`standardtime-0h0m`overtime-0h0m`standardpay-$0.00`overtimepay-$0.00`netpay-$0.00`
employee-John Paxton`week-31`standardtime-0h0m`overtime-0h0m`standardpay-$0.00`overtimepay-$0.00`netpay-$0.00`
employee-John Paxton`week-32`standardtime-37h30m`overtime-30h30m`standardpay-$876.75`overtimepay-$1,069.64`netpay-$1,797.49`
employee-John Paxton`week-33`standardtime-0h0m`overtime-0h0m`standardpay-$0.00`overtimepay-$0.00`netpay-$0.00`
employee-John Paxton`week-34`standardtime-0h0m`overtime-0h0m`standardpay-$0.00`overtimepay-$0.00`netpay-$0.00`
employee-John Paxton`week-35`standardtime-29h15m`overtime-29h30m`standardpay-$683.86`overtimepay-$1,034.56`netpay-$1,586.96`
employee-John Paxton`week-36`standardtime-0h0m`overtime-0h0m`standardpay-$0.00`overtimepay-$0.00`netpay-$0.00`
employee-John Paxton`week-37`standardtime-0h0m`overtime-0h0m`standardpay-$0.00`overtimepay-$0.00`netpay-$0.00`
employee-John Paxton`week-38`standardtime-0h0m`overtime-0h0m`standardpay-$0.00`overtimepay-$0.00`netpay-$0.00`
employee-John Paxton`week-39`standardtime-0h0m`overtime-0h0m`standardpay-$0.00`overtimepay-$0.00`netpay-$0.00`
employee-John Paxton`week-40`standardtime-0h0m`overtime-0h0m`standardpay-$0.00`overtimepay-$0.00`netpay-$0.00`
employee-John Paxton`week-41`standardtime-40h0m`overtime-30h15m`standardpay-$935.20`overtimepay-$1,060.87`netpay-$1,843.37`
employee-John Paxton`week-42`standardtime-0h0m`overtime-0h0m`standardpay-$0.00`overtimepay-$0.00`netpay-$0.00`
employee-John Paxton`week-43`standardtime-0h0m`overtime-0h0m`standardpay-$0.00`overtimepay-$0.00`netpay-$0.00`
employee-John Paxton`week-44`standardtime-0h0m`overtime-0h0m`standardpay-$0.00`overtimepay-$0.00`netpay-$0.00`
employee-John Paxton`week-45`standardtime-0h0m`overtime-0h0m`standardpay-$0.00`overtimepay-$0.00`netpay-$0.00`
employee-John Paxton`week-46`standardtime-0h0m`overtime-0h0m`standardpay-$0.00`overtimepay-$0.00`netpay-$0.00`
employee-John Paxton`week-47`standardtime-0h0m`overtime-0h0m`standardpay-$0.00`overtimepay-$0.00`netpay-$0.00`
employee-John Paxton`week-48`standardtime-0h0m`overtime-0h0m`standardpay-$0.00`overtimepay-$0.00`netpay-$0.00`
employee-John Paxton`week-49`standardtime-0h0m`overtime-0h0m`standardpay-$0.00`overtimepay-$0.00`netpay-$0.00`
employee-John Paxton`week-50`standardtime-0h0m`overtime-0h0m`standardpay-$0.00`overtimepay-$0.00`netpay-$0.00`
employee-John Paxton`week-51`standardtime-23h0m`overtime-7h45m`standardpay-$537.74`overtimepay-$271.79`netpay-$747.60`
employee-Jonathan Archer`week-0`standardtime-0h0m`overtime-0h0m`standardpay-$0.00`overtimepay-$0.00`netpay-$0.00`
employee-Jonathan Archer`week-1`standardtime-0h0m`overtime-0h0m`standardpay-$0.00`overtimepay-$0.00`netpay-$0.00`
employee-Jonathan Archer`week-2`standardtime-0h0m`overtime-0h0m`standardpay-$0.00`overtimepay-$0.00`netpay-$0.00`
employee-Jonathan Archer`week-3`standardtime-0h0m`overtime-0h0m`standardpay-$0.00`overtimepay-$0.00`netpay-$0.00`
employee-Jonathan Archer`week-4`standardtime-0h0m`overtime-0h0m`standardpay-$0.00`overtimepay-$0.00`netpay-$0.00`
employee-Jonathan Archer`week-5`standardtime-0h0m`overtime-0h0m`standardpay-$0.00`overtimepay-$0.00`netpay-$0.00`
employee-Jonathan Archer`week-6`standardtime-0h0m`overtime-0h0m`standardpay-$0.00`overtimepay-$0.00`netpay-$0.00`
employee-Jonathan Archer`week-7`standardtime-0h0m`overtime-0h0m`standardpay-$0.00`overtimepay-$0.00`netpay-$0.00`
employee-Jonathan Archer`week-8`standardtime-0h0m`overtime-0h0m`standardpay-$0.00`overtimepay-$0.00`netpay-$0.00`
employee-Jonathan Archer`week-9`standardtime-0h0m`overtime-0h0m`standardpay-$0.00`overtimepay-$0.00`netpay-$0.00`
employee-Jonathan Archer`week-10`standardtime-0h0m`overtime-0h0m`standardpay-$0.00`overtimepay-$0.00`netpay-$0.00`
employee-Jonathan Archer`week-11`standardtime-0h0m`overtime-0h0m`standardpay-$0.00`overtimepay-$0.00`netpay-$0.00`
employee-Jonathan Archer`week-12`standardtime-0h0m`overtime-0h0m`standardpay-$0.00`overtimepay-$0.00`netpay-$0.00`
employee-Jonathan Archer`week-13`standardtime-40h0m`overtime-60h0m`standardpay-$1,030.40`overtimepay-$1,545.60`netpay-$2,378.94`
employee-Jonathan Archer`week-14`standardtime-0h0m`overtime-0h0m`standardpay-$0.00`overtimepay-$0.00`netpay-$0.00`
employee-Jonathan Archer`week-15`standardtime-0h0m`overtime-0h0m`standardpay-$0.00`overtimepay-$0.00`netpay-$0.00`
employee-Jonathan Archer`week-16`standardtime-0h0m`overtime-0h0m`standardpay-$0.00`overtimepay-$0.00`netpay-$0.00`
employee-Jonathan Archer`week-17`standardtime-0h0m`overtime-0h0m`standardpay-$0.00`overtimepay-$0.00`netpay-$0.00`
employee-Jonathan Archer`week-18`standardtime-0h0m`overtime-0h0m`standardpay-$0.00`overtimepay-$0.00`netpay-$0.00`
employee-Jonathan Archer`week-19`standardtime-0h0m`overtime-0h0m`standardpay-$0.00`overtimepay-$0.00`netpay-$0.00`
employee-Jonathan Archer`week-20`standardtime-0h0m`overtime-0h0m`standardpay-$0.00`overtimepay-$0.00`netpay-$0.00`
employee-Jonathan Archer`week-21`standardtime-0h0m`overtime-0h0m`standardpay-$0.00`overtimepay-$0.00`netpay-$0.00`
employee-Jonathan Archer`week-22`standardtime-0h0m`overtime-0h0m`standardpay-$0.00`overtimepay-$0.00`netpay-$0.00`
employee-Jonathan Archer`week-23`standardtime-0h0m`overtime-0h0m`standardpay-$0.00`overtimepay-$0.00`netpay-$0.00`
employee-Jonathan Archer`week-24`standardtime-0h0m`overtime-0h0m`standardpay-$0.00`overtimepay-$0.00`netpay-$0.00`
employee-Jonathan Archer`week-25`standardtime-0h0m`overtime-0h0m`standardpay-$0.00`overtimepay-$0.00`netpay-$0.00`
employee-Jonathan Archer`week-26`standardtime-23h0m`overtime-28h0m`standardpay-$592.48`overtimepay-$721.28`netpay-$1,213.26`
employee-Jonathan Archer`week-27`standardtime-0h0m`overtime-0h0m`standardpay-$0.00`overtimepay-$0.00`netpay-$0.00`
employee-Jonathan Archer`week-28`standardtime-0h0m`overtime-0h0m`standardpay-$0.00`overtimepay-$0.00`netpay-$0.00`
employee-Jonathan Archer`week-29`standardtime-0h0m`overtime-0h0m`standardpay-$0.00`overtimepay-$0.00`netpay-$0.00`
employee-Jonathan Archer`week-30`standardtime-0h0m`overtime-0h0m`standardpay-$0.00`overtimepay-$0.00`netpay-$0.00`
employee-Jonathan Archer`week-31`standardtime-0h0m`overtime-0h0m`standardpay-$0.00`overtimepay-$0.00`netpay-$0.00`
employee-Jonathan Archer`week-32`standardtime-33h15m`overtime-69h15m`standardpay-$856.52`overtimepay-$1,783.88`netpay-$2,438.41`
employee-Jonathan Archer`week-33`standardtime-0h0m`overtime-0h0m`standardpay-$0.00`overtimepay-$0.00`netpay-$0.00`
employee-Jonathan Archer`week-34`standardtime-0h0m`overtime-0h0m`standardpay-$0.00`overtimepay-$0.00`netpay-$0.00`
employee-Jonathan Archer`week-35`standardtime-24h15m`overtime-6h0m`standardpay-$624.68`overtimepay-$154.56`netpay-$719.63`
employee-Jonathan Archer`week-36`standardtime-0h0m`overtime-0h0m`standardpay-$0.00`overtimepay-$0.00`netpay-$0.00`
employee-Jonathan Archer`week-37`standardtime-0h0m`overtime-0h0m`standardpay-$0.00`overtimepay-$0.00`netpay-$0.00`
employee-Jonathan Archer`week-38`standardtime-0h0m`overtime-0h0m`standardpay-$0.00`overtimepay-$0.00`netpay-$0.00`
employee-Jonathan Archer`week-39`standardtime-0h0m`overtime-0h0m`standardpay-$0.00`overtimepay-$0.00`netpay-$0.00`
employee-Jonathan Archer`week-40`standardtime-0h0m`overtime-0h0m`standardpay-$0.00`overtimepay-$0.00`netpay-$0.00`
employee-Jonathan Archer`week-41`standardtime-35h15m`overtime-22h0m`standardpay-$908.04`overtimepay-$566.72`netpay-$1,361.94`
employee-Jonathan Archer`week-42`standardtime-0h0m`overtime-0h0m`standardpay-$0.00`overtimepay-$0.00`netpay-$0.00`
employee-Jonathan Archer`week-43`standardtime-0h0m`overtime-0h0m`standardpay-$0.00`overtimepay-$0.00`netpay-$0.00`
employee-Jonathan Archer`week-44`standardtime-0h0m`overtime-0h0m`standardpay-$0.00`overtimepay-$0.00`netpay-$0.00`
employee-Jonathan Archer`week-45`standardtime-0h0m`overtime-0h0m`standardpay-$0.00`overtimepay-$0.00`netpay-$0.00`
employee-Jonathan Archer`week-46`standardtime-0h0m`overtime-0h0m`standardpay-$0.00`overtimepay-$0.00`netpay-$0.00`
employee-Jonathan Archer`week-47`standardtime-0h0m`overtime-0h0m`standardpay-$0.00`overtimepay-$0.00`netpay-$0.00`
employee-Jonathan Archer`week-48`standardtime-0h0m`overtime-0h0m`standardpay-$0.00`overtimepay-$0.00`netpay-$0.00`
employee-Jonathan Archer`week-49`standardtime-0h0m`overtime-0h0m`standardpay-$0.00`overtimepay-$0.00`netpay-$0.00`
employee-Jonathan Archer`week-50`standardtime-0h0m`overtime-0h0m`standardpay-$0.00`overtimepay-$0.00`netpay-$0.00`
employee-Jonathan Archer`week-51`standardtime-38h15m`overtime-54h15m`standardpay-$985.32`overtimepay-$1,397.48`netpay-$2,200.52`
employee-Hoshi Sato`week-0`standardtime-0h0m`overtime-0h0m`standardpay-$0.00`overtimepay-$0.00`netpay-$0.00`
employee-Hoshi Sato`week-1`standardtime-0h0m`overtime-0h0m`standardpay-$0.00`overtimepay-$0.00`netpay-$0.00`
employee-Hoshi Sato`week-2`standardtime-0h0m`overtime-0h0m`standardpay-$0.00`overtimepay-$0.00`netpay-$0.00`
employee-Hoshi Sato`week-3`standardtime-0h0m`overtime-0h0m`standardpay-$0.00`overtimepay-$0.00`netpay-$0.00`
employee-Hoshi Sato`week-4`standardtime-0h0m`overtime-0h0m`standardpay-$0.00`overtimepay-$0.00`netpay-$0.00`
employee-Hoshi Sato`week-5`standardtime-0h0m`overtime-0h0m`standardpay-$0.00`overtimepay-$0.000h0m`standardpay-$0.00`overtimepay-$0.00`netpay-$0.00`
employee-Hoshi Sato`week-7`standardtime-0h0m`overtime-0h0m`standardpay-$0.00`overtimepay-$0.00`netpay-$0.00`
employee-Hoshi Sato`week-8`standardtime-0h0m`overtime-0h0m`standardpay-$0.00`overtimepay-$0.00employee-Hoshi Sato`week-6`standardtime-0h0m`overtime-0h0m`standardpay-$0.00`overtimepay-$0.00`netpay-$0.00`
employee-Hoshi Sato`week-7`standardtime-0h0m`overtime-0h0m`standardpay-$0.00`overtimepay-$0.00`netpay-$0.00`
employee-Hoshi Sato`week-8employee-Hoshi Sato`week-32`standardtime-24h0m`overtime-26h0m`standardpay-$1,513.92`overtimepay-$1,640.08`netpay-$2,912.72`
employee-Hoshi Sato`week-33`standardtime-0h0m`overtime-0h0m`standardpay-$0.00`overtimepay-$0.00`netpay-$0.00`
employee-Hoshi Sato`week-34`standardtime-0h0m`overtime-0h0m`standardpay-`week-35`standardtime-32h0m`overtime-12h0m`standardpay-$2,018.56`overtimepay-$756.96`netpay-$2,563.19`
employee-Hoshi Sato`week-36`standardtime-0h0m`overtime-0h0m`standardpay-$0.00`overtimepay-$0.00`netpay-$0.00`
employee-Hoshi Sato`week-37`standardtime-0h0m`overtime-0h0m`standardpay-$0.00`overtimepay-$0.00`netpay-$0.00`
employee-Hoshi Sato`week-38`standardtime-0h0m`overtime-0h0m`standardpay-$0.00`overtimepay-$0.00`netpay-$0.00`
employee-Hoshi Sato`week-39`standardtime-0h0m`overtime-0h0m`standardpay-$0.00`overtimepay-$0.00`netpay-$0.00`
employee-Hoshi Sato`week-40