employee-Malcolm Reed`week-0`standardtime-0h0m`overtime-0h0m`standardpay-$0.00`overtimepay-$0.00`netpay-$0.00`
employee-Malcolm Reed`week-1`standardtime-0h0m`overtime-0h0m`standardpay-$0.00`overtimepay-$0.00`netpay-$0.00`
employee-Malcolm Reed`week-2`standardtime-0h0m`overtime-0h0m`standardpay-$0.00`overtimepay-$0.00`netpay-$0.00`
employee-Malcolm Reed`week-3`standardtime-0h0m`overtime-0h0m`standardpay-$0.00`overtimepay-$0.00`netpay-$0.00`
employee-Malcolm Reed`week-4`standardtime-0h0m`overtime-0h0m`standardpay-$0.00`overtimepay-$0.00`netpay-$0.00`
employee-Malcolm Reed`week-5`standardtime-0h0m`overtime-0h0m`standardpay-$0.00`overtimepay-$0.00`netpay-$0.00`
employee-Malcolm Reed`week-6`standardtime-0h0m`overtime-0h0m`standardpay-$0.00`overtimepay-$0.00`netpay-$0.00`
employee-Malcolm Reed`week-7`standardtime-0h0m`overtime-0h0m`standardpay-$0.00`overtimepay-$0.00`netpay-$0.00`
employee-Malcolm Reed`week-8`standardtime-0h0m`overtime-0h0m`standardpay-$0.00`overtimepay-$0.00`netpay-$0.00`
employee-Malcolm Reed`week-9`standardtime-0h0m`overtime-0h0m`standardpay-$0.00`overtimepay-$0.00`netpay-$0.00`
employee-Malcolm Reed`week-10`standardtime-0h0m`overtime-0h0m`standardpay-$0.00`overtimepay-$0.00`netpay-$0.00`
employee-Malcolm Reed`week-11`standardtime-0h0m`overtime-0h0m`standardpay-$0.00`overtimepay-$0.00`netpay-$0.00`
employee-Malcolm Reed`week-12`standardtime-0h0m`overtime-0h0m`standardpay-$0.00`overtimepay-$0.00`netpay-$0.00`
employee-Malcolm Reed`week-13`standardtime-0h0m`overtime-0h0m`standardpay-$0.00`overtimepay-$0.00`netpay-$0.00`
employee-Malcolm Reed`week-14`standardtime-0h0m`overtime-0h0m`standardpay-$0.00`overtimepay-$0.00`netpay-$0.00`
employee-Malcolm Reed`week-15`standardtime-0h0m`overtime-0h0m`standardpay-$0.00`overtimepay-$0.00`netpay-$0.00`
employee-Malcolm Reed`week-16`standardtime-0h0m`overtime-0h0m`standardpay-$0.00`overtimepay-$0.00`netpay-$0.00`
employee-Malcolm Reed`week-17`standardtime-0h0m`overtime-0h0m`standardpay-$0.00`overtimepay-$0.00`netpay-$0.00`
employee-Malcolm Reed`week-18`standardtime-0h0m`overtime-0h0m`standardpay-$0.00`overtimepay-$0.00`netpay-$0.00`
employee-Malcolm Reed`week-19`standardtime-0h0m`overtime-0h0m`standardpay-$0.00`overtimepay-$0.00`netpay-$0.00`
employee-Malcolm Reed`week-20`standardtime-0h0m`overtime-0h0m`standardpay-$0.00`overtimepay-$0.00`netpay-$0.00`
employee-Malcolm Reed`week-21`standardtime-0h0m`overtime-0h0m`standardpay-$0.00`overtimepay-$0.00`netpay-$0.00`
employee-Malcolm Reed`week-22`standardtime-0h0m`overtime-0h0m`standardpay-$0.00`overtimepay-$0.00`netpay-$0.00`
employee-Malcolm Reed`week-23`standardtime-0h0m`overtime-0h0m`standardpay-$0.00`overtimepay-$0.00`netpay-$0.00`
employee-Malcolm Reed`week-24`standardtime-0h0m`overtime-0h0m`standardpay-$0.00`overtimepay-$0.00`netpay-$0.00`
employee-Malcolm Reed`week-25`standardtime-0h0m`overtime-0h0m`standardpay-$0.00`overtimepay-$0.00`netpay-$0.00`
employee-Chef`week-25`standardtime-0h0m`overtime-0h0m`standardpay-$0.00`overtimepay-$0.00`netpay-$0.00`
employee-Travis Mayweather`week-25`standardtime-0h0m`overtime-0h0m`standardpay-$0.00`overtimepay-$0.00`netpay-$0.00`
employee-Jonathan Archer`week-25`standardtime-0h0m`overtime-0h0m`standardpay-$0.00`overtimepay-employee-Malcolm Reed`week-31`standardtime-0h0m`overtime-0h0m`standardpay-$0.00`overtimepay-$0.00`netpay-$0.00`
employee-Malcolm Reed`week-32`standardtime-0h0m`overtime-0h0m`standardpay-$0.00`overtimepay-$0.00`netpay-$0.00`
employee-Chef`week-32`standardtime-0h0m`overtime-0h0m`standardpay-$0.00`overtimepay-$0.00`netpay-$0.00`
employee-Travis Mayweather`week-32`standardtime-0h0m`overtime-0h0m`standardpay-$0.00`overtimepay-$0.00`netpay-$0.00`
employee-Jonathan Archer`week-32`standardtime-0h0m`overtime-0h0m`standardpay-$0.00`overtimepay-$0.00`netpay-$0.00`
employee-Daniels`week-32`standardtime-0h0m`overtime-0h0m`standardpay-$0.00`overtimepay-$0.00`netpay-$0.00`
employee-John Paxton`week-32`standardtime-0h0m`overtime-0h0m`standardpay-$0.00`overtimepay-$0.00`netpay-$0.00`
employee-Jonathan Archer`week-32`standardtime-0h0m`overtime-0h0m`standardpay-$0.00`overtimepay-$0.00`netpay-$0.00`
employee-Malcolm Reed`week-32`standardtime-0h0m`overtime-0h0m`standardpay-$0.00`overtimepay-$0.00`netpay-$0.00`
employee-Malcolm Reed`week-33`standardtime-0h0m`week-5`standardtime-0h0m`overtime-0h0m`standardpay-$0.00`overtimepay-$0.00`netpay-$0.00`
employee-Chef`week-6`standardtime-0h0m`overtime-0h0m`standardpay-$0.00`overtimepay-$0.00`netpay-$0.00`
employee-Chef`week-7`standardtime-0h0m`overtime-0h0memployee-Chef`week-8`standardtime-0h0m`overtime-0h0m`standardpay-$0.00`overtimepay-$0.00`netpay-$0.00`
employee-Chef`week-9`standardtime-0h0m`overtime-0h0m`standardpay-$0.00`overtimepay-$0.00`netpay-$0.00`
employee-Chef`week-10`standardtime-0h0m`overtime-0h0memployee-Chef`week-19`standardtime-0h0m`overtime-0h0m`standardpay-$0.00`overtimepay-$0.00`netpay-$0.00`
employee-Malcolm Reed`week-20`standardtime-0h0m`overtime-0h0m`standardpay-$0.00`overtimepay-$0.00`netpay-$0.00`
employee-Chef`week-20`standardtime-0h0m`overtime-0h0m`standardpay-$0.00`overtimepay-$0.00`netpay-$0.00`
employee-Travis Mayweather`week-20`standardtime-0h0m`overtime-0h0m`standardpay-$0.00`overtimepay-$0.00`netpay-$0.00`
employee-Jonathan Archer`week-20`standardtime-0h0m`overtime-0h0m`standardpay-$0.00`overtimepay-$0.00`netpay-$0.00`
employee-Daniels`week-20`standardtime-0h0m`overtime-0h0m`standardpay-$0.00`overtimepay-$0.00`netpay-$0.00`
employee-John Paxton`week-20`standardtime-0h0m`overtime-0h0m`standardpay-$0.00`overtimepay-$0.00`netpay-$0.00`
employee-Jonathan Archer`week-20`standardtime-0h0m`overtime-0h0m`standardpay-$0.00`overtimepay-$0.00`netpay-$0.00`
employee-Malcolm Reed`week-20`standardtime-0h0m`overtime-0h0m`standardpay-$0.00`overtimepay-$0.00`netpay-$0.00`
employee-Chef`week-21`standardtime-0h0m$0.00`netpay-$0.00`
employee-Chef`week-37`standardtime-0h0m`overtime-0h0m`standardpay-$0.00`overtimepay-$0.00`netpay-$0.00`
employee-Chef`week-38`standardtime-0h0m`overtime-0h0m`standardpay-$0.00`overtimepay-$0.00`netpay-$0.00`
employee-`standardtime-0h0m`overtime-0h0m`standardpay-$0.00`overtimepay-$0.00`netpay-$0.00`
employee-Malcolm Reed`week-2`standardtime-0h0m`overtime-0h0m`standardpay-$0.00`overtimepay-$0.00`netpay-$0.00`
employee-Malcolm Reed`week-3`standardtime-0h0m`overtime-0h0m`standardpay-$0.00`overtimepay-$0.00`netpay-$0.00`
employee-Malcolm Reed`week-4`standardtime-0h0m`overtime-0h0m`standardpay-$0.00`overtimepay-$0.00`netpay-$0.00`
employee-Malcolm Reed`week-5`standardtime-0h0m`overtime-0h0m`standardpay-$0.00`overtimepay-$0.00`netpay-$0.00`
employee-Malcolm Reed`week-6`standardtime-0h0m`overtime-0h0m`standardpay-$0.00`overtimepay-$0.00`netpay-$0.00`
employee-Malcolm Reed`week-7`standardtime-0h0m`overtime-0h0m`standardpay-$0.00`overtimepay-$0.00`netpay-$0.00`
employee-Malcolm Reed`week-8`standardtime-0h0m`overtime-0h0m`standardpay-$0.00`overtimepay-$0.00`netpay-$0.00`
employee-Malcolm Reed`week-9`standardtime-0h0m`overtime-0h0m`standardpay-$0.00`overtimepay-$0.00`netpay-$0.00`
employee-Malcolm Reed`week-10`standardtime-0h0m`overtime-0h0m`standardpay-$0.00`overtimepay-$0.00`netpay-$0.00`
employee-Malcolm Reed`week-11`standardtime-0h0m`overtime-0h0m`standardpay-$0.00`overtimepay-$0.00`netpay-$0.00`
employee-Malcolm Reed`week-12`standardtime-0h0m`overtime-0h0m`standardpay-$0.00`overtimepay-$0.00`netpay-$0.00`
employee-Malcolm Reed`week-13`standardtime-0h0m`overtime-0h0m`standardpay-$0.00`overtimepay-$0.00`netpay-$0.00`
employee-Malcolm Reed`week-14`standardtime-0h0m`overtime-0h0m`standardpay-$0.00`overtimepay-$0.00`netpay-$0.00`
employee-Malcolm Reed`week-15`standardtime-0h0m`overtime-0h0m`standardpay-$0.00`overtimepay-$0.00`netpay-$0.00`
employee-Malcolm Reed`week-16`standardtime-0h0m`overtime-0h0m`standardpay-$0.00`overtimepay-$0.00`netpay-$0.00`
employee-Malcolm Reed`week-17`standardtime-0h0m`overtime-0h0m`standardpay-$0.00`overtimepay-$0.00`netpay-$0.00`
employee-Malcolm Reed`week-18`standardtime-0h0m`overtime-0h0m`standardpay-$0.00`overtimepay-$0.00`netpay-$0.00`
employee-Malcolm Reed`week-19`standardtime-0h0m`overtime-0h0m`standardpay-$0.00`overtimepay-$0.00`netpay-$0.00`
employee-Malcolm Reed`week-20`standardtime-0h0m`overtime-0h0m`standardpay-$0.00`overtimepay-$0.00`netpay-$0.00`
employee-Malcolm Reed`week-21`standardtime-0h0m`overtime-0h0m`standardpay-$0.00`overtimepay-$0.00`netpay-$0.00`
employee-Malcolm Reed`week-22`standardtime-0h0m`overtime-0h0m`standardpay-$0.00`overtimepay-$0.00`netpay-$0.00`
employee-Malcolm Reed`week-23`standardtime-0h0m`overtime-0h0m`standardpay-$0.00`overtimepay-$0.00`netpay-$0.00`
employee-Malcolm Reed`week-24`standardtime-0h0m`overtime-0h0m`standardpay-$0.00`overtimepay-$0.00`netpay-$0.00`
employee-Malcolm Reed`week-25`standardtime-0h0m`overtime-0h0m`standardpay-$0.00`overtimepay-$0.00`netpay-$0.00`
employee-Malcolm Reed`week-26`standardtime-0h0m`overtime-0h0m`standardpay-$0.00`overtimepay-$0.00`netpay-$0.00`
employee-Malcolm Reed`week-27`standardtime-0h0m`overtime-0h0m`standardpay-$0.00`overtimepay-$0.00`netpay-$0.00`
employee-Malcolm Reed`week-28`standardtime-0h0m`overtime-0h0m`standardpay-$0.00`overtimepay-$0.00`netpay-$0.00`
employee-Malcolm Reed`week-29`standardtime-0h0m`overtime-0h0m`standardpay-$0.00`overtimepay-$0.00`netpay-$0.00`
employee-Malcolm Reed`week-30`standardtime-0h0m`overtime-0h0m`standardpay-$0.00`overtimepay-$0.00`netpay-$0.00`
employee-Malcolm Reed`week-31`standardtime-0h0m`overtime-0h0m`standardpay-$0.00`overtimepay-$0.00`netpay-$0.00`
employee-Malcolm Reed`week-32`standardtime-0h0m`overtime-0h0m`standardpay-$0.00`overtimepay-$0.00`netpay-$0.00`
employee-Malcolm Reed`week-33`standardtime-0h0m`overtime-0h0m`standardpay-$0.00`overtimepay-$0.00`netpay-$0.00`
employee-Malcolm Reed`week-34`standardtime-0h0m`overtime-0h0m`standardpay-$0.00`overtimepay-$0.00`netpay-$0.00`
employee-Malcolm Reed`week-35`standardtime-0h0m`overtime-0h0m`standardpay-$0.00`overtimepay-$0.00`netpay-$0.00`
employee-Malcolm Reed`week-36`standardtime-0h0m`overtime-0h0m`standardpay-$0.00`overtimepay-$0.00`netpay-$0.00`
employee-Malcolm Reed`week-37`standardtime-0h0m`overtime-0h0m`standardpay-$0.00`overtimepay-$0.00`netpay-$0.00`
employee-Malcolm Reed`week-38`standardtime-0h0m`overtime-0h0m`standardpay-$0.00`overtimepay-$0.00`netpay-$0.00`
employee-Malcolm Reed`week-39`standardtime-0h0m`overtime-0h0m`standardpay-$0.00`overtimepay-$0.00`netpay-$0.00`
employee-Malcolm Reed`week-40`standardtime-0h0m`overtime-0h0m`standardpay-$0.00`overtimepay-$0.00`netpay-$0.00`
employee-Malcolm Reed`week-41`standardtime-0h0m`overtime-0h0m`standardpay-$0.00`overtimepay-$0.00`netpay-$0.00`
employee-Malcolm Reed`week-42`standardtime-0h0m`overtime-0h0m`standardpay-$0.00`overtimepay-$0.00`netpay-$0.00`
employee-Malcolm Reed`week-43`standardtime-24h0m`overtime-19h15m`standardpay-$1,575.84`overtimepay-$1,263.96`netpay-$2,622.56`
employee-Malcolm Reed`week-44`standardtime-0h0m`overtime-0h0m`standardpay-$0.00`overtimepay-$0.00`netpay-$0.00`
employee-Malcolm Reed`week-45`standardtime-0h0m`overtime-0h0m`standardpay-$0.00`overtimepay-$0.00`netpay-$0.00`
employee-Malcolm Reed`week-46`standardtime-0h0m`overtime-0h0m`standardpay-$0.00`overtimepay-$0.00`netpay-$0.00`
employee-Malcolm Reed`week-47`standardtime-29h0m`overtime-35h0m`standardpay-$1,904.14`overtimepay-$2,298.10`netpay-$3,880.77`
employee-Malcolm Reed`week-48`standardtime-0h0m`overtime-0h0m`standardpay-$0.00`overtimepay-$0.00`netpay-$0.00`
employee-Malcolm Reed`week-49`standardtime-0h0m`overtime-0h0m`standardpay-$0.00`overtimepay-$0.00`netpay-$0.00`
employee-Malcolm Reed`week-50`standardtime-0h0m`overtime-0h0m`standardpay-$0.00`overtimepay-$0.00`netpay-$0.00`
employee-Malcolm Reed`week-51`standardtime-36h15m`overtime-31h30m`standardpay-$2,380.18`overtimepay-$2,068.29`netpay-$4,108.16`
employee-Chef`week-0`standardtime-0h0m`overtime-0h0m`standardpay-$0.00`overtimepay-$0.00`netpay-$0.00`
employee-Chef`week-1`standardtime-0h0m`overtime-0h0m`standardpay-$0.00`overtimepay-$0.00`netpay-$0.00`
employee-Chef`week-2`standardtime-0h0m`overtime-0h0m`standardpay-$0.00`overtimepay-$0.00`netpay-$0.00`
employee-Chef`week-3`standardtime-0h0m`overtime-0h0m`standardpay-$0.00`overtimepay-$0.00`netpay-$0.00`
employee-Chef`week-4`standardtime-0h0m`overtime-0h0m`standardpay-$0.00`overtimepay-$0.00`netpay-$0.00`
employee-Chef`week-5`standardtime-0h0m`overtime-0h0m`standardpay-$0.00`overtimepay-$0.00`netpay-$0.00`
employee-Chef`week-6`standardtime-0h0m`overtime-0h0m`standardpay-$0.00`overtimepay-$0.00`netpay-$0.00`
employee-Chef`week-7`standardtime-0h0m`overtime-0h0m`standardpay-$0.00`overtimepay-$0.00`netpay-$0.00`
employee-Chef`week-8`standardtime-0h0m`overtime-0h0m`standardpay-$0.00`overtimepay-$0.00`netpay-$0.00`
employee-Chef`week-9`standardtime-0h0m`overtime-0h0m`standardpay-$0.00`overtimepay-$0.00`netpay-$0.00`
employee-Chef`week-10`standardtime-0h0m`overtime-0h0m`standardpay-$0.00`overtimepay-$0.00`netpay-$0.00`
employee-Chef`week-11`standardtime-0h0m`overtime-0h0m`standardpay-$0.00`overtimepay-$0.00`netpay-$0.00`
employee-Chef`week-12`standardtime-0h0m`overtime-0h0m`standardpay-$0.00`overtimepay-$0.00`netpay-$0.00`
employee-Chef`week-13`standardtime-0h0m`overtime-0h0m`standardpay-$0.00`overtimepay-$0.00`netpay-$0.00`
employee-Chef`week-14`standardtime-0h0m`overtime-0h0m`standardpay-$0.00`overtimepay-$0.00`netpay-$0.00`
employee-Chef`week-15`standardtime-0h0m`overtime-0h0m`standardpay-$0.00`overtimepay-$0.00`netpay-$0.00`
employee-Chef`week-16`standardtime-0h0m`overtime-0h0m`standardpay-$0.00`overtimepay-$0.00`netpay-$0.00`
employee-Chef`week-17`standardtime-0h0m`overtime-0h0m`standardpay-$0.00`overtimepay-$0.00`netpay-$0.00`
employee-Chef`week-18`standardtime-0h0m`overtime-0h0m`standardpay-$0.00`overtimepay-$0.00`netpay-$0.00`
employee-Chef`week-19`standardtime-0h0m`overtime-0h0m`standardpay-$0.00`overtimepay-$0.00`netpay-$0.00`
employee-Chef`week-20`standardtime-0h0m`overtime-0h0m`standardpay-$0.00`overtimepay-$0.00`netpay-$0.00`
employee-Chef`week-21`standardtime-0h0m`overtime-0h0m`standardpay-$0.00`overtimepay-$0.00`netpay-$0.00`
employee-Chef`week-22`standardtime-0h0m`overtime-0h0m`standardpay-$0.00`overtimepay-$0.00`netpay-$0.00`
employee-Chef`week-23`standardtime-0h0m`overtime-0h0m`standardpay-$0.00`overtimepay-$0.00`netpay-$0.00`
employee-Chef`week-24`standardtime-0h0m`overtime-0h0m`standardpay-$0.00`overtimepay-$0.00`netpay-$0.00`
employee-Chef`week-25`standardtime-0h0m`overtime-0h0m`standardpay-$0.00`overtimepay-$0.00`netpay-$0.00`
employee-Chef`week-26`standardtime-0h0m`overtime-0h0m`standardpay-$0.00`overtimepay-$0.00`netpay-$0.00`
employee-Chef`week-27`standardtime-0h0m`overtime-0h0m`standardpay-$0.00`overtimepay-$0.00`netpay-$0.00`
employee-Chef`week-28`standardtime-0h0m`overtime-0h0m`standardpay-$0.00`overtimepay-$0.00`netpay-$0.00`
employee-Chef`week-29`standardtime-0h0m`overtime-0h0m`standardpay-$0.00`overtimepay-$0.00`netpay-$0.00`
employee-Chef`week-30`standardtime-0h0m`overtime-0h0m`standardpay-$0.00`overtimepay-$0.00`netpay-$0.00`
employee-Chef`week-31`standardtime-0h0m`overtime-0h0m`standardpay-$0.00`overtimepay-$0.00`netpay-$0.00`
employee-Chef`week-32`standardtime-0h0m`overtime-0h0m`standardpay-$0.00`overtimepay-$0.00`netpay-$0.00`
employee-Chef`week-33`standardtime-0h0m`overtime-0h0m`standardpay-$0.00`overtimepay-$0.00`netpay-$0.00`
employee-Chef`week-34`standardtime-0h0m`overtime-0h0m`standardpay-$0.00`overtimepay-$0.00`netpay-$0.00`
employee-Chef`week-35`standardtime-0h0m`overtime-0h0m`standardpay-$0.00`overtimepay-$0.00`netpay-$0.00`
employee-Chef`week-36`standardtime-0h0m`overtime-0h0m`standardpay-$0.00`overtimepay-$0.00`netpay-$0.00`
employee-Chef`week-37`standardtime-0h0m`overtime-0h0m`standardpay-$0.00`overtimepay-$0.00`netpay-$0.00`
employee-Chef`week-38`standardtime-0h0m`overtime-0h0m`standardpay-$0.00`overtimepay-$0.00`netpay-$0.00`
employee-Chef`week-39`standardtime-0h0m`overtime-0h0m`standardpay-$0.00`overtimepay-$0.00`netpay-$0.00`
employee-Chef`week-40`standardtime-0h0m`overtime-0h0m`standardpay-$0.00`overtimepay-$0.00`netpay-$0.00`
employee-Chef`week-41`standardtime-0h0m`overtime-0h0m`standardpay-$0.00`overtimepay-$0.00`netpay-$0.00`
employee-Chef`week-42`standardtime-0h0m`overtime-0h0m`standardpay-$0.00`overtimepay-$0.00`netpay-$0.00`
employee-Chef`week-43`standardtime-27h45m`overtime-43h0m`standardpay-$1,032.86`overtimepay-$1,600.46`netpay-$2,431.87`
employee-Chef`week-44`standardtime-0h0m`overtime-0h0m`standardpay-$0.00`overtimepay-$0.00`netpay-$0.00`
employee-Chef`week-45`standardtime-0h0m`overtime-0h0m`standardpay-$0.00`overtimepay-$0.00`netpay-$0.00`
employee-Chef`week-46`standardtime-0h0m`overtime-0h0m`standardpay-$0.00`overtimepay-$0.00`netpay-$0.00`
employee-Chef`week-47`standardtime-33h45m`overtime-30h0m`standardpay-$1,256.18`overtimepay-$1,116.60`netpay-$2,191.26`
employee-Chef`week-48`standardtime-0h0m`overtime-0h0m`standardpay-$0.00`overtimepay-$0.00`netpay-$0.00`
employee-Chef`week-49`standardtime-0h0m`overtime-0h0m`standardpay-$0.00`overtimepay-$0.00`netpay-$0.00`
employee-Chef`week-50`standardtime-0h0m`overtime-0h0m`standardpay-$0.00`overtimepay-$0.00`netpay-$0.00`
employee-Chef`week-51`standardtime-32h0m`overtime-41h0m`standardpay-$1,191.04`overtimepay-$1,526.02`netpay-$2,509.20`
employee-Travis Mayweather`week-0`standardtime-0h0m`overtime-0h0m`standardpay-$0.00`overtimepay-$0.00`netpay-$0.00`
employee-Travis Mayweather`week-1`standardtime-0h0m`overtime-0h0m`standardpay-$0.00`overtimepay-$0.00`netpay-$0.00`
employee-Travis Mayweather`week-2`standardtime-0h0m`overtime-0h0m`standardpay-$0.00`overtimepay-$0.00`netpay-$0.00`
employee-Travis Mayweather`week-3`standardtime-0h0m`overtime-0h0m`standardpay-$0.00`overtimepay-$0.00`netpay-$0.00`
employee-Travis Mayweather`week-4`standardtime-0h0m`overtime-0h0m`standardpay-$0.00`overtimepay-$0.00`netpay-$0.00`
employee-Travis Mayweather`week-5`standardtime-0h0m`overtime-0h0m`standardpay-$0.00`overtimepay-$0.00`netpay-$0.00`
employee-Travis Mayweather`week-6`standardtime-0h0m`overtime-0h0m`standardpay-$0.00`overtimepay-$0.00`netpay-$0.00`
employee-Travis Mayweather`week-7`standardtime-0h0m`overtime-0h0m`standardpay-$0.00`overtimepay-$0.00`netpay-$0.00`
employee-Travis Mayweather`week-8`standardtime-0h0m`overtime-0h0m`standardpay-$0.00`overtimepay-$0.00`netpay-$0.00`
employee-Travis Mayweather`week-9`standardtime-0h0m`overtime-0h0m`standardpay-$0.00`overtimepay-$0.00`netpay-$0.00`
employee-Travis Mayweather`week-10`standardtime-0h0m`overtime-0h0m`standardpay-$0.00`overtimepay-$0.00`netpay-$0.00`
employee-Travis Mayweather`week-11`standardtime-0h0m`overtime-0h0m`standardpay-$0.00`overtimepay-$0.00`netpay-$0.00`
employee-Travis Mayweather`week-12`standardtime-0h0m`overtime-0h0m`standardpay-$0.00`overtimepay-$0.00`netpay-$0.00`
employee-Travis Mayweather`week-13`standardtime-0h0m`overtime-0h0m`standardpay-$0.00`overtimepay-$0.00`netpay-$0.00`
employee-Travis Mayweather`week-14`standardtime-0h0m`overtime-0h0m`standardpay-$0.00`overtimepay-$0.00`netpay-$0.00`
employee-Travis Mayweather`week-15`standardtime-0h0m`overtime-0h0m`standardpay-$0.00`overtimepay-$0.00`netpay-$0.00`
employee-Travis Mayweather`week-16`standardtime-0h0m`overtime-0h0m`standardpay-$0.00`overtimepay-$0.00`netpay-$0.00`
employee-Travis Mayweather`week-17`standardtime-0h0m`overtime-0h0m`standardpay-$0.00`overtimepay-$0.00`netpay-$0.00`
employee-Travis Mayweather`week-18`standardtime-0h0m`overtime-0h0m`standardpay-$0.00`overtimepay-$0.00`netpay-$0.00`
employee-Travis Mayweather`week-19`standardtime-0h0m`overtime-0h0m`standardpay-$0.00`overtimepay-$0.00`netpay-$0.00`
employee-Travis Mayweather`week-20`standardtime-0h0m`overtime-0h0m`standardpay-$0.00`overtimepay-$0.00`netpay-$0.00`
employee-Travis Mayweather`week-21`standardtime-0h0m`overtime-0h0m`standardpay-$0.00`overtimepay-$0.00`netpay-$0.00`
employee-Travis Mayweather`week-22`standardtime-0h0m`overtime-0h0m`standardpay-$0.00`overtimepay-$0.00`netpay-$0.00`
employee-Travis Mayweather`week-23`standardtime-0h0m`overtime-0h0m`standardpay-$0.00`overtimepay-$0.00`netpay-$0.00`
employee-Travis Mayweather`week-24`standardtime-0h0m`overtime-0h0m`standardpay-$0.00`overtimepay-$0.00`netpay-$0.00`
employee-Travis Mayweather`week-25`standardtime-0h0m`overtime-0h0m`standardpay-$0.00`overtimepay-$0.00`netpay-$0.00`
employee-Travis Mayweather`week-26`standardtime-0h0m`overtime-0h0m`standardpay-$0.00`overtimepay-$0.00`netpay-$0.00`
employee-Travis Mayweather`week-27`standardtime-0h0m`overtime-0h0m`standardpay-$0.00`overtimepay-$0.00`netpay-$0.00`
employee-Travis Mayweather`week-28`standardtime-0h0m`overtime-0h0m`standardpay-$0.00`overtimepay-$0.00`netpay-$0.00`
employee-Travis Mayweather`week-29`standardtime-0h0m`overtime-0h0m`standardpay-$0.00`overtimepay-$0.00`netpay-$0.00`
employee-Travis Mayweather`week-30`standardtime-0h0m`overtime-0h0m`standardpay-$0.00`overtimepay-$0.00`netpay-$0.00`
employee-Travis Mayweather`week-31`standardtime-0h0m`overtime-0h0m`standardpay-$0.00`overtimepay-$0.00`netpay-$0.00`
employee-Travis Mayweather`week-32`standardtime-0h0m`overtime-0h0m`standardpay-$0.00`overtimepay-$0.00`netpay-$0.00`
employee-Travis Mayweather`week-33`standardtime-0h0m`overtime-0h0m`standardpay-$0.00`overtimepay-$0.00`netpay-$0.00`
employee-Travis Mayweather`week-34`standardtime-0h0m`overtime-0h0m`standardpay-$0.00`overtimepay-$0.00`netpay-$0.00`
employee-Travis Mayweather`week-35`standardtime-0h0m`overtime-0h0m`standardpay-$0.00`overtimepay-$0.00`netpay-$0.00`
employee-Travis Mayweather`week-36`standardtime-0h0m`overtime-0h0m`standardpay-$0.00`overtimepay-$0.00`netpay-$0.00`
employee-Travis Mayweather`week-37`standardtime-0h0m`overtime-0h0m`standardpay-$0.00`overtimepay-$0.00`netpay-$0.00`
employee-Travis Mayweather`week-38`standardtime-0h0m`overtime-0h0m`standardpay-$0.00`overtimepay-$0.00`netpay-$0.00`
employee-Travis Mayweather`week-39`standardtime-0h0m`overtime-0h0m`standardpay-$0.00`overtimepay-$0.00`netpay-$0.00`
employee-Travis Mayweather`week-40`standardtime-0h0m`overtime-0h0m`standardpay-$0.00`overtimepay-$0.00`netpay-$0.00`
employee-Travis Mayweather`week-41`standardtime-0h0m`overtime-0h0m`standardpay-$0.00`overtimepay-$0.00`netpay-$0.00`
employee-Travis Mayweather`week-42`standardtime-0h0m`overtime-0h0m`standardpay-$0.00`overtimepay-$0.00`netpay-$0.00`
employee-Travis Mayweather`week-43`standardtime-35h0m`overtime-30h30m`standardpay-$1,101.10`overtimepay-$1,439.29`netpay-$2,346.05`
employee-Travis Mayweather`week-44`standardtime-0h0m`overtime-0h0m`standardpay-$0.00`overtimepay-$0.00`netpay-$0.00`
employee-Travis Mayweather`week-45`standardtime-0h0m`overtime-0h0m`standardpay-$0.00`overtimepay-$0.00`netpay-$0.00`
employee-Travis Mayweather`week-46`standardtime-0h0m`overtime-0h0m`standardpay-$0.00`overtimepay-$0.00`netpay-$0.00`
employee-Travis Mayweather`week-47`standardtime-38h45m`overtime-69h45m`standardpay-$1,219.07`overtimepay-$3,291.50`netpay-$4,165.51`
employee-Travis Mayweather`week-48`standardtime-0h0m`overtime-0h0m`standardpay-$0.00`overtimepay-$0.00`netpay-$0.00`
employee-Travis Mayweather`week-49`standardtime-0h0m`overtime-0h0m`standardpay-$0.00`overtimepay-$0.00`netpay-$0.00`
employee-Travis Mayweather`week-50`standardtime-0h0m`overtime-0h0m`standardpay-$0.00`overtimepay-$0.00`netpay-$0.00`
employee-Travis Mayweather`week-51`standardtime-33h30m`overtime-23h45m`standardpay-$1,053.91`overtimepay-$1,120.76`netpay-$2,008.31`
employee-Jonathan Archer`week-0`standardtime-0h0m`overtime-0h0m`standardpay-$0.00`overtimepay-$0.00`netpay-$0.00`
employee-Jonathan Archer`week-1`standardtime-0h0m`overtime-0h0m`standardpay-$0.00`overtimepay-$0.00`netpay-$0.00`
employee-Jonathan Archer`week-2`standardtime-0h0m`overtime-0h0m`standardpay-$0.00`overtimepay-$0.00`netpay-$0.00`
employee-Jonathan Archer`week-3`standardtime-0h0m`overtime-0h0m`standardpay-$0.00`overtimepay-$0.00`netpay-$0.00`
employee-Jonathan Archer`week-4`standardtime-0h0m`overtime-0h0m`standardpay-$0.00`overtimepay-$0.00`netpay-$0.00`
employee-Jonathan Archer`week-5`standardtime-0h0m`overtime-0h0m`standardpay-$0.00`overtimepay-$0.00`netpay-$0.00`
employee-Jonathan Archer`week-6`standardtime-0h0m`overtime-0h0m`standardpay-$0.00`overtimepay-$0.00`netpay-$0.00`
employee-Jonathan Archer`week-7`standardtime-0h0m`overtime-0h0m`standardpay-$0.00`overtimepay-$0.00`netpay-$0.00`
employee-Jonathan Archer`week-8`standardtime-0h0m`overtime-0h0m`standardpay-$0.00`overtimepay-$0.00`netpay-$0.00`
employee-Jonathan Archer`week-9`standardtime-0h0m`overtime-0h0m`standardpay-$0.00`overtimepay-$0.00`netpay-$0.00`
employee-Jonathan Archer`week-10`standardtime-0h0m`overtime-0h0m`standardpay-$0.00`overtimepay-$0.00`netpay-$0.00`
employee-Jonathan Archer`week-11`standardtime-0h0m`overtime-0h0m`standardpay-$0.00`overtimepay-$0.00`netpay-$0.00`
employee-Jonathan Archer`week-12`standardtime-0h0m`overtime-0h0m`standardpay-$0.00`overtimepay-$0.00`netpay-$0.00`
employee-Jonathan Archer`week-13`standardtime-0h0m`overtime-0h0m`standardpay-$0.00`overtimepay-$0.00`netpay-$0.00`
employee-Jonathan Archer`week-14`standardtime-0h0m`overtime-0h0m`standardpay-$0.00`overtimepay-$0.00employee-Jonathan Archer`week-0`standardtime-0h0m`overtime-0h0m`standardpay-$0.00`overtimepay-$0.00`netpay-$0.00`
employee-Jonathan Archer`week-1`standardtime-0h0m`overtime-0h0m`standardpay-$0.00`overtimepay-$0.00`netpay-$0.00`
employee-Jonathan Archer`week-2`standardtime-0h0m`overtime-0h0m`standardpay-$0.00`overtimepay-$0.00`netpay-$0.00`
employee-Jonathan Archer`week-3`standardtime-0h0m`overtime-0h0m`standardpay-$0.00`overtimepay-$0.00`netpay-$0.00`
employee-5`standardtime-0h0m`overtime-0h0m`standardpay-$0.00`overtimepay-$0.00`netpay-$0.00`
employee-Daniels`week-6`standardtime-0h0m`overtime-0h0m`standardpay-$0.00`overtimepay-$0.00`netpay-$0.00`
employee-Daniels`week-7`standardtime-0h0m`overtime-0h0m`standardpay-$0.00`overtimepay-$0.00`netpay-$0.00`
employee-Daniels`week-37`standardtime-0h0m`overtime-0h0m`standardpay-$0.00`overtimepay-$0.00`netpay-$0.00`
employee-Daniels`week-38`standardtime-0h0m`overtime-0h0m`standardpay-$0.00`overtimepay-$0.00`netpay-$0.00`
employee-Daniels`week-39`standardtime-0h0m`overtime-0h0memployee-Daniels`week-49`standardtime-0h0m`overtime-0h0m`standardpay-$0.00`overtimepay-$0.00`netpay-$0.00`
employee-Daniels`week-50`standardtime-0h0m`overtime-0h0m`standardpay-$0.00`overtimepay-$0.00`netpay-$0.00`
`standardtime-0h0m`overtime-0h0m`standardpay-$0.00`overtimepay-$0.00`netpay-$0.00`
employee-Malcolm Reed`week-2`standardtime-0h0m`overtime-0h0m`standardpay-$0.00`overtimepay-$0.00`netpay-$0.00`
employee-Malcolm Reed`week-3`standardtime-0h0m`overtime-0h0m`standardpay-$0.00`overtimepay-$0.00`netpay-$0.00`
employee-Malcolm Reed`week-4`standardtime-0h0m`overtime-0h0m`standardpay-$0.00`overtimepay-$0.00`netpay-$0.00`
employee-Malcolm Reed`week-5`standardtime-0h0m`overtime-0h0m`standardpay-$0.00`overtimepay-$0.00`netpay-$0.00`
employee-Malcolm Reed`week-6`standardtime-0h0m`overtime-0h0m`standardpay-$0.00`overtimepay-$0.00`netpay-$0.00`
employee-Malcolm Reed`week-7`standardtime-0h0m`overtime-0h0m`standardpay-$0.00`overtimepay-$0.00`netpay-$0.00`
employee-Malcolm Reed`week-8`standardtime-0h0m`overtime-0h0m`standardpay-$0.00`overtimepay-$0.00`netpay-$0.00`
employee-Malcolm Reed`week-9`standardtime-0h0m`overtime-0h0m`standardpay-$0.00`overtimepay-$0.00`netpay-$0.00`
employee-Malcolm Reed`week-10`standardtime-0h0m`overtime-0h0m`standardpay-$0.00`overtimepay-$0.00`netpay-$0.00`
employee-Malcolm Reed`week-11`standardtime-0h0m`overtime-0h0m`standardpay-$0.00`overtimepay-$0.00`netpay-$0.00`
employee-Malcolm Reed`week-12`standardtime-0h0m`overtime-0h0m`standardpay-$0.00`overtimepay-$0.00`netpay-$0.00`
employee-Malcolm Reed`week-13`standardtime-0h0m`overtime-0h0m`standardpay-$0.00`overtimepay-$0.00`netpay-$0.00`
employee-Malcolm Reed`week-14`standardtime-0h0m`overtime-0h0m`standardpay-$0.00`overtimepay-$0.00`netpay-$0.00`
employee-Malcolm Reed`week-15`standardtime-0h0m`overtime-0h0m`standardpay-$0.00`overtimepay-$0.00`netpay-$0.00`
employee-Malcolm Reed`week-16`standardtime-0h0m`overtime-0h0m`standardpay-$0.00`overtimepay-$0.00`netpay-$0.00`
employee-Malcolm Reed`week-17`standardtime-0h0m`overtime-0h0m`standardpay-$0.00`overtimepay-$0.00`netpay-$0.00`
employee-Malcolm Reed`week-18`standardtime-0h0m`overtime-0h0m`standardpay-$0.00`overtimepay-$0.00`netpay-$0.00`
employee-Malcolm Reed`week-19`standardtime-0h0m`overtime-0h0m`standardpay-$0.00`overtimepay-$0.00`netpay-$0.00`
employee-Malcolm Reed`week-20`standardtime-0h0m`overtime-0h0m`standardpay-$0.00`overtimepay-$0.00`netpay-$0.00`
employee-Malcolm Reed`week-21`standardtime-0h0m`overtime-0h0m`standardpay-$0.00`overtimepay-$0.00`netpay-$0.00`
employee-Malcolm Reed`week-22`standardtime-0h0m`overtime-0h0m`standardpay-$0.00`overtimepay-$0.00`netpay-$0.00`
employee-Malcolm Reed`week-23`standardtime-0h0m`overtime-0h0m`standardpay-$0.00`overtimepay-$0.00`netpay-$0.00`
employee-Malcolm Reed`week-24`standardtime-0h0m`overtime-0h0m`standardpay-$0.00`overtimepay-$0.00`netpay-$0.00`
employee-Malcolm Reed`week-25`standardtime-0h0m`overtime-0h0m`standardpay-$0.00`overtimepay-$0.00`netpay-$0.00`
employee-Malcolm Reed`week-26`standardtime-0h0m`overtime-0h0m`standardpay-$0.00`overtimepay-$0.00`netpay-$0.00`
employee-Malcolm Reed`week-27`standardtime-0h0m`overtime-0h0m`standardpay-$0.00`overtimepay-$0.00`netpay-$0.00`
employee-Malcolm Reed`week-28`standardtime-0h0m`overtime-0h0m`standardpay-$0.00`overtimepay-$0.00`netpay-$0.00`
employee-Malcolm Reed`week-29`standardtime-0h0m`overtime-0h0m`standardpay-$0.00`overtimepay-$0.00`netpay-$0.00`
employee-Malcolm Reed`week-30`standardtime-0h0m`overtime-0h0m`standardpay-$0.00`overtimepay-$0.00`netpay-$0.00`
employee-Malcolm Reed`week-31`standardtime-0h0m`overtime-0h0m`standardpay-$0.00`overtimepay-$0.00`netpay-$0.00`
employee-Malcolm Reed`week-32`standardtime-0h0m`overtime-0h0m`standardpay-$0.00`overtimepay-$0.00`netpay-$0.00`
employee-Malcolm Reed`week-33`standardtime-0h0m`overtime-0h0m`standardpay-$0.00`overtimepay-$0.00`netpay-$0.00`
employee-Malcolm Reed`week-34`standardtime-0h0m`overtime-0h0m`standardpay-$0.00`overtimepay-$0.00`netpay-$0.00`
employee-Malcolm Reed`week-35`standardtime-0h0m`overtime-0h0m`standardpay-$0.00`overtimepay-$0.00`netpay-$0.00`
employee-Malcolm Reed`week-36`standardtime-0h0m`overtime-0h0m`standardpay-$0.00`overtimepay-$0.00`netpay-$0.00`
employee-Malcolm Reed`week-37`standardtime-0h0m`overtime-0h0m`standardpay-$0.00`overtimepay-$0.00`netpay-$0.00`
employee-Malcolm Reed`week-38`standardtime-0h0m`overtime-0h0m`standardpay-$0.00`overtimepay-$0.00`netpay-$0.00`
employee-Malcolm Reed`week-39`standardtime-0h0m`overtime-0h0m`standardpay-$0.00`overtimepay-$0.00`netpay-$0.00`
employee-Malcolm Reed`week-40`standardtime-0h0m`overtime-0h0m`standardpay-$0.00`overtimepay-$0.00`netpay-$0.00`
employee-Malcolm Reed`week-41`standardtime-0h0m`overtime-0h0m`standardpay-$0.00`overtimepay-$0.00`netpay-$0.00`
employee-Malcolm Reed`week-42`standardtime-0h0m`overtime-0h0m`standardpay-$0.00`overtimepay-$0.00`netpay-$0.00`
employee-Malcolm Reed`week-43`standardtime-24h0m`overtime-19h15m`standardpay-$1,575.84`overtimepay-$1,263.96`netpay-$2,622.56`
employee-Malcolm Reed`week-44`standardtime-0h0m`overtime-0h0m`standardpay-$0.00`overtimepay-$0.00`netpay-$0.00`
employee-Malcolm Reed`week-45`standardtime-0h0m`overtime-0h0m`standardpay-$0.00`overtimepay-$0.00`netpay-$0.00`
employee-Malcolm Reed`week-46`standardtime-0h0m`overtime-0h0m`standardpay-$0.00`overtimepay-$0.00`netpay-$0.00`
employee-Malcolm Reed`week-47`standardtime-29h0m`overtime-35h0m`standardpay-$1,904.14`overtimepay-$2,298.10`netpay-$3,880.77`
employee-Malcolm Reed`week-48`standardtime-0h0m`overtime-0h0m`standardpay-$0.00`overtimepay-$0.00`netpay-$0.00`
employee-Malcolm Reed`week-49`standardtime-0h0m`overtime-0h0m`standardpay-$0.00`overtimepay-$0.00`netpay-$0.00`
employee-Malcolm Reed`week-50`standardtime-0h0m`overtime-0h0m`standardpay-$0.00`overtimepay-$0.00`netpay-$0.00`
employee-Malcolm Reed`week-51`standardtime-36h15m`overtime-31h30m`standardpay-$2,380.18`overtimepay-$2,068.29`netpay-$4,108.16`
employee-Chef`week-0`standardtime-0h0m`overtime-0h0m`standardpay-$0.00`overtimepay-$0.00`netpay-$0.00`
employee-Chef`week-1`standardtime-0h0m`overtime-0h0m`standardpay-$0.00`overtimepay-$0.00`netpay-$0.00`
employee-Chef`week-2`standardtime-0h0m`overtime-0h0m`standardpay-$0.00`overtimepay-$0.00`netpay-$0.00`
employee-Chef`week-3`standardtime-0h0m`overtime-0h0m`standardpay-$0.00`overtimepay-$0.00`netpay-$0.00`
employee-Chef`week-4`standardtime-0h0m`overtime-0h0m`standardpay-$0.00`overtimepay-$0.00`netpay-$0.00`
employee-Chef`week-5`standardtime-0h0m`overtime-0h0m`standardpay-$0.00`overtimepay-$0.00`netpay-$0.00`
employee-Chef`week-6`standardtime-0h0m`overtime-0h0m`standardpay-$0.00`overtimepay-$0.00`netpay-$0.00`
employee-Chef`week-7`standardtime-0h0m`overtime-0h0m`standardpay-$0.00`overtimepay-$0.00`netpay-$0.00`
employee-Chef`week-8`standardtime-0h0m`overtime-0h0m`standardpay-$0.00`overtimepay-$0.00`netpay-$0.00`
employee-Chef`week-9`standardtime-0h0m`overtime-0h0m`standardpay-$0.00`overtimepay-$0.00`netpay-$0.00`
employee-Chef`week-10`standardtime-0h0m`overtime-0h0m`standardpay-$0.00`overtimepay-$0.00`netpay-$0.00`
employee-Chef`week-11`standardtime-0h0m`overtime-0h0m`standardpay-$0.00`overtimepay-$0.00`netpay-$0.00`
employee-Chef`week-12`standardtime-0h0m`overtime-0h0m`standardpay-$0.00`overtimepay-$0.00`netpay-$0.00`
employee-Chef`week-13`standardtime-0h0m`overtime-0h0m`standardpay-$0.00`overtimepay-$0.00`netpay-$0.00`
employee-Chef`week-14`standardtime-0h0m`overtime-0h0m`standardpay-$0.00`overtimepay-$0.00`netpay-$0.00`
employee-Chef`week-15`standardtime-0h0m`overtime-0h0m`standardpay-$0.00`overtimepay-$0.00`netpay-$0.00`
employee-Chef`week-16`standardtime-0h0m`overtime-0h0m`standardpay-$0.00`overtimepay-$0.00`netpay-$0.00`
employee-Chef`week-17`standardtime-0h0m`overtime-0h0m`standardpay-$0.00`overtimepay-$0.00`netpay-$0.00`
employee-Chef`week-18`standardtime-0h0m`overtime-0h0m`standardpay-$0.00`overtimepay-$0.00`netpay-$0.00`
employee-Chef`week-19`standardtime-0h0m`overtime-0h0m`standardpay-$0.00`overtimepay-$0.00`netpay-$0.00`
employee-Chef`week-20`standardtime-0h0m`overtime-0h0m`standardpay-$0.00`overtimepay-$0.00`netpay-$0.00`
employee-Chef`week-21`standardtime-0h0m`overtime-0h0m`standardpay-$0.00`overtimepay-$0.00`netpay-$0.00`
employee-Chef`week-22`standardtime-0h0m`overtime-0h0m`standardpay-$0.00`overtimepay-$0.00`netpay-$0.00`
employee-Chef`week-23`standardtime-0h0m`overtime-0h0m`standardpay-$0.00`overtimepay-$0.00`netpay-$0.00`
employee-Chef`week-24`standardtime-0h0m`overtime-0h0m`standardpay-$0.00`overtimepay-$0.00`netpay-$0.00`
employee-Chef`week-25`standardtime-0h0m`overtime-0h0m`standardpay-$0.00`overtimepay-$0.00`netpay-$0.00`
employee-Chef`week-26`standardtime-0h0m`overtime-0h0m`standardpay-$0.00`overtimepay-$0.00`netpay-$0.00`
employee-Chef`week-27`standardtime-0h0m`overtime-0h0m`standardpay-$0.00`overtimepay-$0.00`netpay-$0.00`
employee-Chef`week-28`standardtime-0h0m`overtime-0h0m`standardpay-$0.00`overtimepay-$0.00`netpay-$0.00`
employee-Chef`week-29`standardtime-0h0m`overtime-0h0m`standardpay-$0.00`overtimepay-$0.00`netpay-$0.00`
employee-Chef`week-30`standardtime-0h0m`overtime-0h0m`standardpay-$0.00`overtimepay-$0.00`netpay-$0.00`
employee-Chef`week-31`standardtime-0h0m`overtime-0h0m`standardpay-$0.00`overtimepay-$0.00`netpay-$0.00`
employee-Chef`week-32`standardtime-0h0m`overtime-0h0m`standardpay-$0.00`overtimepay-$0.00`netpay-$0.00`
employee-Chef`week-33`standardtime-0h0m`overtime-0h0m`standardpay-$0.00`overtimepay-$0.00`netpay-$0.00`
employee-Chef`week-34`standardtime-0h0m`overtime-0h0m`standardpay-$0.00`overtimepay-$0.00`netpay-$0.00`
employee-Chef`week-35`standardtime-0h0m`overtime-0h0m`standardpay-$0.00`overtimepay-$0.00`netpay-$0.00`
employee-Chef`week-36`standardtime-0h0m`overtime-0h0m`standardpay-$0.00`overtimepay-$0.00`netpay-$0.00`
employee-Chef`week-37`standardtime-0h0m`overtime-0h0m`standardpay-$0.00`overtimepay-$0.00`netpay-$0.00`
employee-Chef`week-38`standardtime-0h0m`overtime-0h0m`standardpay-$0.00`overtimepay-$0.00`netpay-$0.00`
employee-Chef`week-39`standardtime-0h0m`overtime-0h0m`standardpay-$0.00`overtimepay-$0.00`netpay-$0.00`
employee-Chef`week-40`standardtime-0h0m`overtime-0h0m`standardpay-$0.00`overtimepay-$0.00`netpay-$0.00`
employee-Chef`week-41`standardtime-0h0m`overtime-0h0m`standardpay-$0.00`overtimepay-$0.00`netpay-$0.00`
employee-Chef`week-42`standardtime-0h0m`overtime-0h0m`standardpay-$0.00`overtimepay-$0.00`netpay-$0.00`
employee-Chef`week-43`standardtime-27h45m`overtime-43h0m`standardpay-$1,032.86`overtimepay-$1,600.46`netpay-$2,431.87`
employee-Chef`week-44`standardtime-0h0m`overtime-0h0m`standardpay-$0.00`overtimepay-$0.00`netpay-$0.00`
employee-Chef`week-45`standardtime-0h0m`overtime-0h0m`standardpay-$0.00`overtimepay-$0.00`netpay-$0.00`
employee-Chef`week-46`standardtime-0h0m`overtime-0h0m`standardpay-$0.00`overtimepay-$0.00`netpay-$0.00`
employee-Chef`week-47`standardtime-33h45m`overtime-30h0m`standardpay-$1,256.18`overtimepay-$1,116.60`netpay-$2,191.26`
employee-Chef`week-48`standardtime-0h0m`overtime-0h0m`standardpay-$0.00`overtimepay-$0.00`netpay-$0.00`
employee-Chef`week-49`standardtime-0h0m`overtime-0h0m`standardpay-$0.00`overtimepay-$0.00`netpay-$0.00`
employee-Chef`week-50`standardtime-0h0m`overtime-0h0m`standardpay-$0.00`overtimepay-$0.00`netpay-$0.00`
employee-Chef`week-51`standardtime-32h0m`overtime-41h0m`standardpay-$1,191.04`overtimepay-$1,526.02`netpay-$2,509.20`
employee-Travis Mayweather`week-0`standardtime-0h0m`overtime-0h0m`standardpay-$0.00`overtimepay-$0.00`netpay-$0.00`
employee-Travis Mayweather`week-1`standardtime-0h0m`overtime-0h0m`standardpay-$0.00`overtimepay-$0.00`netpay-$0.00`
employee-Travis Mayweather`week-2`standardtime-0h0m`overtime-0h0m`standardpay-$0.00`overtimepay-$0.00`netpay-$0.00`
employee-Travis Mayweather`week-3`standardtime-0h0m`overtime-0h0m`standardpay-$0.00`overtimepay-$0.00`netpay-$0.00`
employee-Travis Mayweather`week-4`standardtime-0h0m`overtime-0h0m`standardpay-$0.00`overtimepay-$0.00`netpay-$0.00`
employee-Travis Mayweather`week-5`standardtime-0h0m`overtime-0h0m`standardpay-$0.00`overtimepay-$0.00`netpay-$0.00`
employee-Travis Mayweather`week-6`standardtime-0h0m`overtime-0h0m`standardpay-$0.00`overtimepay-$0.00`netpay-$0.00`
employee-Travis Mayweather`week-7`standardtime-0h0m`overtime-0h0m`standardpay-$0.00`overtimepay-$0.00`netpay-$0.00`
employee-Travis Mayweather`week-8`standardtime-0h0m`overtime-0h0m`standardpay-$0.00`overtimepay-$0.00`netpay-$0.00`
employee-Travis Mayweather`week-9`standardtime-0h0m`overtime-0h0m`standardpay-$0.00`overtimepay-$0.00`netpay-$0.00`
employee-Travis Mayweather`week-10`standardtime-0h0m`overtime-0h0m`standardpay-$0.00`overtimepay-$0.00`netpay-$0.00`
employee-Travis Mayweather`week-11`standardtime-0h0m`overtime-0h0m`standardpay-$0.00`overtimepay-$0.00`netpay-$0.00`
employee-Travis Mayweather`week-12`standardtime-0h0m`overtime-0h0m`standardpay-$0.00`overtimepay-$0.00`netpay-$0.00`
employee-Travis Mayweather`week-13`standardtime-0h0m`overtime-0h0m`standardpay-$0.00`overtimepay-$0.00`netpay-$0.00`
employee-Travis Mayweather`week-14`standardtime-0h0m`overtime-0h0m`standardpay-$0.00`overtimepay-$0.00`netpay-$0.00`
employee-Travis Mayweather`week-15`standardtime-0h0m`overtime-0h0m`standardpay-$0.00`overtimepay-$0.00`netpay-$0.00`
employee-Travis Mayweather`week-16`standardtime-0h0m`overtime-0h0m`standardpay-$0.00`overtimepay-$0.00`netpay-$0.00`
employee-Travis Mayweather`week-17`standardtime-0h0m`overtime-0h0m`standardpay-$0.00`overtimepay-$0.00`netpay-$0.00`
employee-Travis Mayweather`week-18`standardtime-0h0m`overtime-0h0m`standardpay-$0.00`overtimepay-$0.00`netpay-$0.00`
employee-Travis Mayweather`week-19`standardtime-0h0m`overtime-0h0m`standardpay-$0.00`overtimepay-$0.00`netpay-$0.00`
employee-Travis Mayweather`week-20`standardtime-0h0m`overtime-0h0m`standardpay-$0.00`overtimepay-$0.00`netpay-$0.00`
employee-Travis Mayweather`week-21`standardtime-0h0m`overtime-0h0m`standardpay-$0.00`overtimepay-$0.00`netpay-$0.00`
employee-Travis Mayweather`week-22`standardtime-0h0m`overtime-0h0m`standardpay-$0.00`overtimepay-$0.00`netpay-$0.00`
employee-Travis Mayweather`week-23`standardtime-0h0m`overtime-0h0m`standardpay-$0.00`overtimepay-$0.00`netpay-$0.00`
employee-Travis Mayweather`week-24`standardtime-0h0m`overtime-0h0m`standardpay-$0.00`overtimepay-$0.00`netpay-$0.00`
employee-Travis Mayweather`week-25`standardtime-0h0m`overtime-0h0m`standardpay-$0.00`overtimepay-$0.00`netpay-$0.00`
employee-Travis Mayweather`week-26`standardtime-0h0m`overtime-0h0m`standardpay-$0.00`overtimepay-$0.00`netpay-$0.00`
employee-Travis Mayweather`week-27`standardtime-0h0m`overtime-0h0m`standardpay-$0.00`overtimepay-$0.00`netpay-$0.00`
employee-Travis Mayweather`week-28`standardtime-0h0m`overtime-0h0m`standardpay-$0.00`overtimepay-$0.00`netpay-$0.00`
employee-Travis Mayweather`week-29`standardtime-0h0m`overtime-0h0m`standardpay-$0.00`overtimepay-$0.00`netpay-$0.00`
employee-Travis Mayweather`week-30`standardtime-0h0m`overtime-0h0m`standardpay-$0.00`overtimepay-$0.00`netpay-$0.00`
employee-Travis Mayweather`week-31`standardtime-0h0m`overtime-0h0m`standardpay-$0.00`overtimepay-$0.00`netpay-$0.00`
employee-Travis Mayweather`week-32`standardtime-0h0m`overtime-0h0m`standardpay-$0.00`overtimepay-$0.00`netpay-$0.00`
employee-Travis Mayweather`week-33`standardtime-0h0m`overtime-0h0m`standardpay-$0.00`overtimepay-$0.00`netpay-$0.00`
employee-Travis Mayweather`week-34`standardtime-0h0m`overtime-0h0m`standardpay-$0.00`overtimepay-$0.00`netpay-$0.00`
employee-Travis Mayweather`week-35`standardtime-0h0m`overtime-0h0m`standardpay-$0.00`overtimepay-$0.00`netpay-$0.00`
employee-Travis Mayweather`week-36`standardtime-0h0m`overtime-0h0m`standardpay-$0.00`overtimepay-$0.00`netpay-$0.00`
employee-Travis Mayweather`week-37`standardtime-0h0m`overtime-0h0m`standardpay-$0.00`overtimepay-$0.00`netpay-$0.00`
employee-Travis Mayweather`week-38`standardtime-0h0m`overtime-0h0m`standardpay-$0.00`overtimepay-$0.00`netpay-$0.00`
employee-Travis Mayweather`week-39`standardtime-0h0m`overtime-0h0m`standardpay-$0.00`overtimepay-$0.00`netpay-$0.00`
employee-Travis Mayweather`week-40`standardtime-0h0m`overtime-0h0m`standardpay-$0.00`overtimepay-$0.00`netpay-$0.00`
employee-Travis Mayweather`week-41`standardtime-0h0m`overtime-0h0m`standardpay-$0.00`overtimepay-$0.00`netpay-$0.00`
employee-Travis Mayweather`week-42`standardtime-0h0m`overtime-0h0m`standardpay-$0.00`overtimepay-$0.00`netpay-$0.00`
employee-Travis Mayweather`week-43`standardtime-35h0m`overtime-30h30m`standardpay-$1,101.10`overtimepay-$1,439.29`netpay-$2,346.05`
employee-Travis Mayweather`week-44`standardtime-0h0m`overtime-0h0m`standardpay-$0.00`overtimepay-$0.00`netpay-$0.00`
employee-Travis Mayweather`week-45`standardtime-0h0m`overtime-0h0m`standardpay-$0.00`overtimepay-$0.00`netpay-$0.00`
employee-Travis Mayweather`week-46`standardtime-0h0m`overtime-0h0m`standardpay-$0.00`overtimepay-$0.00`netpay-$0.00`
employee-Travis Mayweather`week-47`standardtime-38h45m`overtime-69h45m`standardpay-$1,219.07`overtimepay-$3,291.50`netpay-$4,165.51`
employee-Travis Mayweather`week-48`standardtime-0h0m`overtime-0h0m`standardpay-$0.00`overtimepay-$0.00`netpay-$0.00`
employee-Travis Mayweather`week-49`standardtime-0h0m`overtime-0h0m`standardpay-$0.00`overtimepay-$0.00`netpay-$0.00`
employee-Travis Mayweather`week-50`standardtime-0h0m`overtime-0h0m`standardpay-$0.00`overtimepay-$0.00`netpay-$0.00`
employee-Travis Mayweather`week-51`standardtime-33h30m`overtime-23h45m`standardpay-$1,053.91`overtimepay-$1,120.76`netpay-$2,008.31`
employee-Jonathan Archer`week-0`standardtime-0h0m`overtime-0h0m`standardpay-$0.00`overtimepay-$0.00`netpay-$0.00`
employee-Jonathan Archer`week-1`standardtime-0h0m`overtime-0h0m`standardpay-$0.00`overtimepay-$0.00`netpay-$0.00`
employee-Jonathan Archer`week-2`standardtime-0h0m`overtime-0h0m`standardpay-$0.00`overtimepay-$0.00`netpay-$0.00`
employee-Jonathan Archer`week-3`standardtime-0h0m`overtime-0h0m`standardpay-$0.00`overtimepay-$0.00`netpay-$0.00`
employee-Jonathan Archer`week-4`standardtime-0h0m`overtime-0h0m`standardpay-$0.00`overtimepay-$0.00`netpay-$0.00`
employee-Jonathan Archer`week-5`standardtime-0h0m`overtime-0h0m`standardpay-$0.00`overtimepay-$0.00`netpay-$0.00`
employee-Jonathan Archer`week-6`standardtime-0h0m`overtime-0h0m`standardpay-$0.00`overtimepay-$0.00`netpay-$0.00`
employee-Jonathan Archer`week-7`standardtime-0h0m`overtime-0h0m`standardpay-$0.00`overtimepay-$0.00`netpay-$0.00`
employee-Jonathan Archer`week-8`standardtime-0h0m`overtime-0h0m`standardpay-$0.00`overtimepay-$0.00`netpay-$0.00`
employee-Jonathan Archer`week-9`standardtime-0h0m`overtime-0h0m`standardpay-$0.00`overtimepay-$0.00`netpay-$0.00`
employee-Jonathan Archer`week-10`standardtime-0h0m`overtime-0h0m`standardpay-$0.00`overtimepay-$0.00`netpay-$0.00`
employee-Jonathan Archer`week-11`standardtime-0h0m`overtime-0h0m`standardpay-$0.00`overtimepay-$0.00`netpay-$0.00`
employee-Jonathan Archer`week-12`standardtime-0h0m`overtime-0h0m`standardpay-$0.00`overtimepay-$0.00`netpay-$0.00`
employee-Jonathan Archer`week-13`standardtime-0h0m`overtime-0h0m`standardpay-$0.00`overtimepay-$0.00`netpay-$0.00`
employee-Jonathan Archer`week-14`standardtime-0h0m`overtime-0h0m`standardpay-$0.00`overtimepay-$0.00`netpay-$0.00`
employee-Jonathan Archer`week-15`standardtime-0h0m`overtime-0h0m`standardpay-$0.00`overtimepay-$0.00`netpay-$0.00`
employee-Jonathan Archer`week-16`standardtime-0h0m`overtime-0h0m`standardpay-$0.00`overtimepay-$0.00`netpay-$0.00`
employee-Jonathan Archer`week-17`standardtime-0h0m`overtime-0h0m`standardpay-$0.00`overtimepay-$0.00`netpay-$0.00`
employee-Jonathan Archer`week-18`standardtime-0h0m`overtime-0h0m`standardpay-$0.00`overtimepay-$0.00`netpay-$0.00`
employee-Jonathan Archer`week-19`standardtime-0h0m`overtime-0h0m`standardpay-$0.00`overtimepay-$0.00`netpay-$0.00`
employee-Jonathan Archer`week-20`standardtime-0h0m`overtime-0h0m`standardpay-$0.00`overtimepay-$0.00`netpay-$0.00`
employee-Jonathan Archer`week-21`standardtime-0h0m`overtime-0h0m`standardpay-$0.00`overtimepay-$0.00`netpay-$0.00`
employee-Jonathan Archer`week-22`standardtime-0h0m`overtime-0h0m`standardpay-$0.00`overtimepay-$0.00`netpay-$0.00`
employee-Jonathan Archer`week-23`standardtime-0h0m`overtime-0h0m`standardpay-$0.00`overtimepay-$0.00`netpay-$0.00`
employee-Jonathan Archer`week-24`standardtime-0h0m`overtime-0h0m`standardpay-$0.00`overtimepay-$0.00`netpay-$0.00`
employee-Jonathan Archer`week-25`standardtime-0h0m`overtime-0h0m`standardpay-$0.00`overtimepay-$0.00`netpay-$0.00`
employee-Jonathan Archer`week-26`standardtime-0h0m`overtime-0h0m`standardpay-$0.00`overtimepay-$0.00`netpay-$0.00`
employee-Jonathan Archer`week-27`standardtime-0h0m`overtime-0h0m`standardpay-$0.00`overtimepay-$0.00`netpay-$0.00`
employee-Jonathan Archer`week-28`standardtime-0h0m`overtime-0h0m`standardpay-$0.00`overtimepay-$0.00`netpay-$0.00`
employee-Jonathan Archer`week-29`standardtime-0h0m`overtime-0h0m`standardpay-$0.00`overtimepay-$0.00`netpay-$0.00`
employee-Jonathan Archer`week-30`standardtime-0h0m`overtime-0h0m`standardpay-$0.00`overtimepay-$0.00`netpay-$0.00`
employee-Jonathan Archer`week-31`standardtime-0h0m`overtime-0h0m`standardpay-$0.00`overtimepay-$0.00`netpay-$0.00`
employee-Jonathan Archer`week-32`standardtime-0h0m`overtime-0h0m`standardpay-$0.00`overtimepay-$0.00`netpay-$0.00`
employee-Jonathan Archer`week-33`standardtime-0h0m`overtime-0h0m`standardpay-$0.00`overtimepay-$0.00`netpay-$0.00`
employee-Jonathan Archer`week-34`standardtime-0h0m`overtime-0h0m`standardpay-$0.00`overtimepay-$0.00`netpay-$0.00`
employee-Jonathan Archer`week-35`standardtime-0h0m`overtime-0h0m`standardpay-$0.00`overtimepay-$0.00`netpay-$0.00`
employee-Jonathan Archer`week-36`standardtime-0h0m`overtime-0h0m`standardpay-$0.00`overtimepay-$0.00`netpay-$0.00`
employee-Jonathan Archer`week-37`standardtime-0h0m`overtime-0h0m`standardpay-$0.00`overtimepay-$0.00`netpay-$0.00`
employee-Jonathan Archer`week-38`standardtime-0h0m`overtime-0h0m`standardpay-$0.00`overtimepay-$0.00`netpay-$0.00`
employee-Jonathan Archer`week-39`standardtime-0h0m`overtime-0h0m`standardpay-$0.00`overtimepay-$0.00`netpay-$0.00`
employee-Jonathan Archer`week-40`standardtime-0h0m`overtime-0h0m`standardpay-$0.00`overtimepay-$0.00`netpay-$0.00`
employee-Jonathan Archer`week-41`standardtime-0h0m`overtime-0h0m`standardpay-$0.00`overtimepay-$0.00`netpay-$0.00`
employee-Jonathan Archer`week-42`standardtime-0h0m`overtime-0h0m`standardpay-$0.00`overtimepay-$0.00`netpay-$0.00`
employee-Jonathan Archer`week-43`standardtime-28h15m`overtime-41h0m`standardpay-$664.16`overtimepay-$963.91`netpay-$1,503.52`
employee-Jonathan Archer`week-44`standardtime-0h0m`overtime-0h0m`standardpay-$0.00`overtimepay-$0.00`netpay-$0.00`
employee-Jonathan Archer`week-45`standardtime-0h0m`overtime-0h0m`standardpay-$0.00`overtimepay-$0.00`netpay-$0.00`
employee-Jonathan Archer`week-46`standardtime-0h0m`overtime-0h0m`standardpay-$0.00`overtimepay-$0.00`netpay-$0.00`
employee-Jonathan Archer`week-47`standardtime-32h0m`overtime-29h0m`standardpay-$752.32`overtimepay-$681.79`netpay-$1,324.40`
employee-Jonathan Archer`week-48`standardtime-0h0m`overtime-0h0m`standardpay-$0.00`overtimepay-$0.00`netpay-$0.00`
employee-Jonathan Archer`week-49`standardtime-0h0m`overtime-0h0m`standardpay-$0.00`overtimepay-$0.00`netpay-$0.00`
employee-Jonathan Archer`week-50`standardtime-0h0m`overtime-0h0m`standardpay-$0.00`overtimepay-$0.00`netpay-$0.00`
employee-Jonathan Archer`week-51`standardtime-17h0m`overtime-5h15m`standardpay-$399.67`overtimepay-$123.43`netpay-$483.08`
employee-Daniels`week-0`standardtime-0h0m`overtime-0h0m`standardpay-$0.00`overtimepay-$0.00`netpay-$0.00`
employee-Daniels`week-1`standardtime-0h0m`overtime-0h0m`standardpay-$0.00`overtimepay-$0.00`netpay-$0.00`
employee-Daniels`week-2`standardtime-0h0m`overtime-0h0m`standardpay-$0.00`overtimepay-$0.00`netpay-$0.00`
employee-Daniels`week-3`standardtime-0h0m`overtime-0h0m`standardpay-$0.00`overtimepay-$0.00`netpay-$0.00`
employee-Daniels`week-4`standardtime-0h0m`overtime-0h0m`standardpay-$0.00`overtimepay-$0.00`netpay-$0.00`
employee-Daniels`week-5`standardtime-0h0m`overtime-0h0m`standardpay-$0.00`overtimepay-$0.00`netpay-$0.00`
employee-Daniels`week-6`standardtime-0h0m`overtime-0h0m`standardpay-$0.00`overtimepay-$0.00`netpay-$0.00`
employee-Daniels`week-7`standardtime-0h0m`overtime-0h0m`standardpay-$0.00`overtimepay-$0.00`netpay-$0.00`
employee-Daniels`week-8`standardtime-0h0m`overtime-0h0m`standardpay-$0.00`overtimepay-$0.00`netpay-$0.00`
employee-Daniels`week-9`standardtime-0h0m`overtime-0h0m`standardpay-$0.00`overtimepay-$0.00`netpay-$0.00`
employee-Daniels`week-10`standardtime-0h0m`overtime-0h0m`standardpay-$0.00`overtimepay-$0.00`netpay-$0.00`
employee-Daniels`week-11`standardtime-0h0m`overtime-0h0m`standardpay-$0.00`overtimepay-$0.00`netpay-$0.00`
employee-Daniels`week-12`standardtime-0h0m`overtime-0h0m`standardpay-$0.00`overtimepay-$0.00`netpay-$0.00`
employee-Daniels`week-13`standardtime-0h0m`overtime-0h0m`standardpay-$0.00`overtimepay-$0.00`netpay-$0.00`
employee-Daniels`week-14`standardtime-0h0m`overtime-0h0m`standardpay-$0.00`overtimepay-$0.00`netpay-$0.00`
employee-Daniels`week-15`standardtime-0h0m`overtime-0h0m`standardpay-$0.00`overtimepay-$0.00`netpay-$0.00`
employee-Daniels`week-16`standardtime-0h0m`overtime-0h0m`standardpay-$0.00`overtimepay-$0.00`netpay-$0.00`
employee-Daniels`week-17`standardtime-0h0m`overtime-0h0m`standardpay-$0.00`overtimepay-$0.00`netpay-$0.00`
employee-Daniels`week-18`standardtime-0h0m`overtime-0h0m`standardpay-$0.00`overtimepay-$0.00`netpay-$0.00`
employee-Daniels`week-19`standardtime-0h0m`overtime-0h0m`standardpay-$0.00`overtimepay-$0.00`netpay-$0.00`
employee-Daniels`week-20`standardtime-0h0m`overtime-0h0m`standardpay-$0.00`overtimepay-$0.00`netpay-$0.00`
employee-Daniels`week-21`standardtime-0h0m`overtime-0h0m`standardpay-$0.00`overtimepay-$0.00`netpay-$0.00`
employee-Daniels`week-22`standardtime-0h0m`overtime-0h0m`standardpay-$0.00`overtimepay-$0.00`netpay-$0.00`
employee-Daniels`week-23`standardtime-0h0m`overtime-0h0m`standardpay-$0.00`overtimepay-$0.00`netpay-$0.00`
employee-Daniels`week-24`standardtime-0h0m`overtime-0h0m`standardpay-$0.00`overtimepay-$0.00`netpay-$0.00`
employee-Daniels`week-25`standardtime-0h0m`overtime-0h0m`standardpay-$0.00`overtimepay-$0.00`netpay-$0.00`
employee-Daniels`week-26`standardtime-0h0m`overtime-0h0m`standardpay-$0.00`overtimepay-$0.00`netpay-$0.00`
employee-Daniels`week-27`standardtime-0h0m`overtime-0h0m`standardpay-$0.00`overtimepay-$0.00`netpay-$0.00`
employee-Daniels`week-28`standardtime-0h0m`overtime-0h0m`standardpay-$0.00`overtimepay-$0.00`netpay-$0.00`
employee-Daniels`week-29`standardtime-0h0m`overtime-0h0m`standardpay-$0.00`overtimepay-$0.00`netpay-$0.00`
employee-Daniels`week-30`standardtime-0h0m`overtime-0h0m`standardpay-$0.00`overtimepay-$0.00`netpay-$0.00`
employee-Daniels`week-31`standardtime-0h0m`overtime-0h0m`standardpay-$0.00`overtimepay-$0.00`netpay-$0.00`
employee-Daniels`week-32`standardtime-0h0m`overtime-0h0m`standardpay-$0.00`overtimepay-$0.00`netpay-$0.00`
employee-Daniels`week-33`standardtime-0h0m`overtime-0h0m`standardpay-$0.00`overtimepay-$0.00`netpay-$0.00`
employee-Daniels`week-34`standardtime-0h0m`overtime-0h0m`standardpay-$0.00`overtimepay-$0.00`netpay-$0.00`
employee-Daniels`week-35`standardtime-0h0m`overtime-0h0m`standardpay-$0.00`overtimepay-$0.00`netpay-$0.00`
employee-Daniels`week-36`standardtime-0h0m`overtime-0h0m`standardpay-$0.00`overtimepay-$0.00`netpay-$0.00`
employee-Daniels`week-37`standardtime-0h0m`overtime-0h0m`standardpay-$0.00`overtimepay-$0.00`netpay-$0.00`
employee-Daniels`week-38`standardtime-0h0m`overtime-0h0m`standardpay-$0.00`overtimepay-$0.00`netpay-$0.00`
employee-Daniels`week-39`standardtime-0h0m`overtime-0h0m`standardpay-$0.00`overtimepay-$0.00`netpay-$0.00`
employee-Daniels`week-40`standardtime-0h0m`overtime-0h0m`standardpay-$0.00`overtimepay-$0.00`netpay-$0.00`
employee-Daniels`week-41`standardtime-0h0m`overtime-0h0m`standardpay-$0.00`overtimepay-$0.00`netpay-$0.00`
employee-Daniels`week-42`standardtime-0h0m`overtime-0h0m`standardpay-$0.00`overtimepay-$0.00`netpay-$0.00`
employee-Daniels`week-43`standardtime-33h30m`overtime-50h0m`standardpay-$651.91`overtimepay-$973.00`netpay-$1,500.60`
employee-Daniels`week-44`standardtime-0h0m`overtime-0h0m`standardpay-$0.00`overtimepay-$0.00`netpay-$0.00`
employee-Daniels`week-45`standardtime-0h0m`overtime-0h0m`standardpay-$0.00`overtimepay-$0.00`netpay-$0.00`
employee-Daniels`week-46`standardtime-0h0m`overtime-0h0m`standardpay-$0.00`overtimepay-$0.00`netpay-$0.00`
employee-Daniels`week-47`standardtime-32h0m`overtime-29h0m`standardpay-$622.72`overtimepay-$564.34`netpay-$1,096.25`
employee-Daniels`week-48`standardtime-0h0m`overtime-0h0m`standardpay-$0.00`overtimepay-$0.00`netpay-$0.00`
employee-Daniels`week-49`standardtime-0h0m`overtime-0h0m`standardpay-$0.00`overtimepay-$0.00`netpay-$0.00`
employee-Daniels`week-50`standardtime-0h0m`overtime-0h0m`standardpay-$0.00`overtimepay-$0.00`netpay-$0.00`
employee-Daniels`week-51`standardtime-31h15m`overtime-$0.00`netpay-$0.00`
employee-John Paxton`week-10`standardtime-0h0m`overtime-0h0m`standardpay-$0.00`overtimepay-$0.00`netpay-$0.00`
employee-John Paxton`week-11`standardtime-0h0m`overtime-0h0m`standardpay-$0.00`overtimepay-$0.00`netpay-$0.00`
employee-John Paxton`week-12`standardtime-0h0m`overtime-0h0m`standardpay-$0.00`overtimepay-$0.00`netpay-$0.00`
employee-John Paxton`week-