employee-Malcolm Reed`week-0`standardtime-0h0m`overtime-0h0m`standardpay-$0.00`overtimepay-$0.00`netpay-$0.00`
employee-Malcolm Reed`week-1`standardtime-0h0m`overtime-0h0m`standardpay-$0.00`overtimepay-$0.00`netpay-$0.00`
employee-Malcolm Reed`week-2`standardtime-0h0m`overtime-0h0m`standardpay-$0.00`overtimepay-$0.00`netpay-$0.00`
employee-Malcolm Reed`week-3`standardtime-0h0m`overtime-0h0m`standardpay-$0.00`overtimepay-$0.00`netpay-$0.00`
employee-Malcolm Reed`week-4`standardtime-0h0m`overtime-0h0m`standardpay-$0.00`overtimepay-$0.00`netpay-$0.00`
employee-Malcolm Reed`week-5`standardtime-0h0m`overtime-0h0m`standardpay-$0.00`overtimepay-$0.00`netpay-$0.00`
employee-Malcolm Reed`week-6`standardtime-0h0m`overtime-0h0m`standardpay-$0.00`overtimepay-$0.00`netpay-$0.00`
employee-Malcolm Reed`week-7`standardtime-0h0m`overtime-0h0m`standardpay-$0.00`overtimepay-$0.00`netpay-$0.00`
employee-Malcolm Reed`week-8`standardtime-0h0m`overtime-0h0m`standardpay-$0.00`overtimepay-$0.00`netpay-$0.00`
employee-Malcolm Reed`week-9`standardtime-32h0m`overtime-28h30m`standardpay-$841.60`overtimepay-$1,124.32`netpay-$1,815.53`
employee-Malcolm Reed`week-10`standardtime-0h0m`overtime-0h0m`standardpay-$0.00`overtimepay-$0.00`netpay-$0.00`
employee-Malcolm Reed`week-11`standardtime-0h0m`overtime-0h0m`standardpay-$0.00`overtimepay-$0.00`netpay-$0.00`
employee-Malcolm Reed`week-12`standardtime-0h0m`overtime-0h0m`standardpay-$0.00`overtimepay-$0.00`netpay-$0.00`
employee-Malcolm Reed`week-13`standardtime-0h0m`overtime-0h0m`standardpay-$0.00`overtimepay-$0.00`netpay-$0.00`
employee-Malcolm Reed`week-14`standardtime-0h0m`overtime-0h0m`standardpay-$0.00`overtimepay-$0.00`netpay-$0.00`
employee-Malcolm Reed`week-15`standardtime-35h0m`overtime-14h45m`standardpay-$920.50`overtimepay-$581.89`netpay-$1,387.46`
employee-Malcolm Reed`week-16`standardtime-0h0m`overtime-0h0m`standardpay-$0.00`overtimepay-$0.00`netpay-$0.00`
employee-Malcolm Reed`week-17`standardtime-0h0m`overtime-0h0m`standardpay-$0.00`overtimepay-$0.00`netpay-$0.00`
employee-Malcolm Reed`week-18`standardtime-0h0m`overtime-0h0m`standardpay-$0.00`overtimepay-$0.00`netpay-$0.00`
employee-Malcolm Reed`week-19`standardtime-0h0m`overtime-0h0m`standardpay-$0.00`overtimepay-$0.00`netpay-$0.00`
employee-Malcolm Reed`week-22`standardtime-0h0m`overtime-0h0m`standardpay-$0.00`overtimepay-$0.00`netpay-$0.00`
employee-Malcolm Reed`week-23`standardtime-0h0m`overtime-0h0m`standardpay-`standardtime-0h0m`overtime-0h0m`standardpay-$0.00`overtimepay-$0.00`netpay-$0.00`
employee-Malcolm Reed`week-28`standardtime-0h0m`overtime-0h0m`standardpay-$0.00`overtimepay-$0.00`netpay-$0.00`
employee-Malcolm Reed`week-29`standardtime-0h0m`overtime-0h0m`standardpay-$0.00`overtimepay-$0.00`netpay-$0.00`
employee-Malcolm Reed`week-30`standardtime-0h0m`overtime-0h0m`standardpay-$0.00`overtimepay-$0.00`netpay-$0.00`
employee-Malcolm Reed`week-31`standardtime-0h0m`overtime-0h0m`standardpay-$0.00`overtimepay-$0.00`netpay-$0.00`
employee-Malcolm Reed`week-32`standardtime-0h0m`overtime-0h0m`standardpay-$0.00`overtimepay-$0.00`netpay-$0.00`
employee-Malcolm Reed`week-33`standardtime-0h0m`overtime-0h0m`standardpay-$0.00`overtimepay-$0.00`netpay-$0.00`
employee-Malcolm Reed`week-34`standardtime-0h0m`overtime-0h0m`standardpay-$0.00`overtimepay-$0.00`netpay-$0.00`
employee-Malcolm Reed`week-35`standardtime-0h0m`overtime-0h0m`standardpay-$0.00`overtimepay-$0.00`netpay-$0.00`
employee-Malcolm Reed`week-36`standardtime-0h0m`overtime-0h0m`standardpay-$0.00`overtimepay-$0.00`netpay-$0.00`
employee-Malcolm Reed`week-37`standardtime-0h0m`overtime-0h0m`standardpay-$0.00`overtimepay-$0.00`netpay-$0.00`
employee-Malcolm Reed`week-38`standardtime-33h0m`overtime-19h15m`standardpay-$867.90`overtimepay-$759.41`netpay-$1,502.82`
employee-Malcolm Reed`week-39`standardtime-0h0m`overtime-0h0m`standardpay-$0.00`overtimepay-$0.00`netpay-$0.00`
employee-Malcolm Reed`week-40`standardtime-0h0m`overtime-0h0m`standardpay-$0.00`overtimepay-$0.00`netpay-$0.00`
employee-Malcolm Reed`week-41`standardtime-0h0m`overtime-0h0m`standardpay-$0.00`overtimepay-$0.00`netpay-$0.00`
employee-Malcolm Reed`week-42`standardtime-29h30m`overtime-16h30m`standardpay-$775.85`overtimepay-$650.92`netpay-$1,317.62`
employee-Malcolm Reed`week-43`standardtime-0h0m`overtime-0h0m`standardpay-$0.00`overtimepay-$0.00`netpay-$0.00`
employee-Malcolm Reed`week-44`standardtime-40h0m`overtime-37h15m`standardpay-$1,052.00`overtimepay-$1,469.51`netpay-$2,328.61`
employee-Malcolm Reed`week-45`standardtime-0h0m`overtime-0h0m`standardpay-$0.00`overtimepay-$0.00`netpay-$0.00`
employee-Malcolm Reed`week-46`standardtime-0h0m`overtime-0h0m`standardpay-$0.00`overtimepay-$0.00`netpay-$0.00`
employee-Malcolm Reed`week-47`standardtime-23h30m`overtime-20h15m`standardpay-$618.05`overtimepay-$798.86`netpay-$1,308.52`
employee-Malcolm Reed`week-48`standardtime-0h0m`overtime-0h0m`standardpay-$0.00`overtimepay-$0.00`netpay-$0.00`
employee-Malcolm Reed`week-49`standardtime-0h0m`overtime-0h0m`standardpay-$0.00`overtimepay-$0.00`netpay-$0.00`
employee-Malcolm Reed`week-50`standardtime-0h0m`overtime-0h0m`standardpay-$0.00`overtimepay-$0.00`netpay-$0.00`
employee-Malcolm Reed`week-51`standardtime-0h0m`overtime-0h0m`standardpay-$0.00`overtimepay-$0.00`netpay-$0.00`
Exiting
