employee-John Paxton`week-0`standardtime-0h0m`overtime-0h0m`standardpay-$0.00`overtimepay-$0.00`netpay-$0.00`
employee-John Paxton`week-1`standardtime-0h0m`overtime-0h0m`standardpay-$0.00`overtimepay-$0.00`netpay-$0.00`
employee-John Paxton`week-2`standardtime-0h0m`overtime-0h0m`standardpay-$0.00`overtimepay-$0.00`netpay-$0.00`
employee-John Paxton`week-3`standardtime-0h0m`overtime-0h0m`standardpay-$0.00`overtimepay-$0.00`netpay-$0.00`
employee-John Paxton`week-4`standardtime-0h0m`overtime-0h0m`standardpay-$0.00`overtimepay-$0.00`netpay-$0.00`
employee-John Paxton`week-5`standardtime-0h0m`overtime-0h0m`standardpay-$0.00`overtimepay-$0.00`netpay-$0.00`
employee-John Paxton`week-6`standardtime-0h0m`overtime-0h0m`standardpay-$0.00`overtimepay-$0.00`netpay-$0.00`
employee-John Paxton`week-7`standardtime-0h0m`overtime-0h0m`standardpay-$0.00`overtimepay-$0.00`netpay-$0.00`
employee-John Paxton`week-8`standardtime-0h0m`overtime-0h0m`standardpay-$0.00`overtimepay-$0.00`netpay-$0.00`
employee-John Paxton`week-9`standardtime-0h0m`overtime-0h0m`standardpay-$0.00`overtimepay-$0.00`netpay-$0.00`
employee-John Paxton`week-10`standardtime-0h0m`overtime-0h0m`standardpay-$0.00`overtimepay-$0.00`netpay-$0.00`
employee-John Paxton`week-11`standardtime-0h0m`overtime-0h0m`standardpay-$0.00`overtimepay-$0.00`netpay-$0.00`
employee-John Paxton`week-12`standardtime-0h0m`overtime-0h0m`standardpay-$0.00`overtimepay-$0.00`netpay-$0.00`
employee-John Paxton`week-13`standardtime-0h0m`overtime-0h0m`standardpay-$0.00`overtimepay-$0.00`netpay-$0.00`
employee-John Paxton`week-14`standardtime-0h0m`overtime-0h0m`standardpay-$0.00`overtimepay-$0.00`netpay-$0.00`
employee-John Paxton`week-15`standardtime-0h0m`overtime-0h0m`standardpay-$0.00`overtimepay-$0.00`netpay-$0.00`
employee-John Paxton`week-16`standardtime-0h0m`overtime-0h0m`standardpay-$0.00`overtimepay-$0.00`netpay-$0.00`
employee-John Paxton`week-17`standardtime-0h0m`overtime-0h0m`standardpay-$0.00`overtimepay-$0.00`netpay-$0.00`
employee-Phlox`week-17`standardtime-0h0m`overtime-0h0m`standardpay-$0.00`overtimepay-$0.00`netpay-$0.00`
employee-Travis Mayweather`week-17`standardtime-0h0m`overtime-0h0m`standardpay-$0.00`overtimepay-$0.00`netpay-$0.00`
employee-John Paxton`week-17`standardtime-0h0m`overtime-0h0m`standardpay-$0.00`overtimepay-$0.00`netpay-$0.00`
employee-Jonathan Archer`week-17`standardtime-0h0m`overtime-0h0m`standardpay-$0.00`overtimepay-$0.00`netpay-$0.00`
employee-Chef`week-17`standardtime-0h0m`overtime-0h0m`standardpay-$0.00`overtimepay-$0.00`netpay-$0.00`
employee-Travis Mayweather`week-17`standardtime-0h0m`overtime-0h0m`standardpay-$0.00`overtimepay-$0.00`netpay-$0.00`
employee-John Paxton`week-18`standardtime-0h0m`overtime-0h0m`standardpay-$0.00`overtimepay-$0.00`netpay-$0.00`
employee-John Paxton`week-19`standardtime-0h0m`overtime-0h0m`standardpay-$0.00`overtimepay-$0.00`netpay-$0.00`
employee-John Paxton`week-20`standardtime-0h0m`overtime-0h0m`standardpay-$0.00`overtimepay-$0.00`netpay-$0.00`
employee-John Paxton`week-21`standardtime-0h0m`overtime-0h0m`standardpay-$0.00`overtimepay-$0.00`netpay-$0.00`
employee-John Paxton`week-22`standardtime-0h0m`overtime-0h0m`standardpay-$0.00`overtimepay-$0.00`netpay-$0.00`
employee-John Paxton`week-23`standardtime-`week-36`standardtime-0h0m`overtime-0h0m`standardpay-$0.00`overtimepay-$0.00`netpay-$0.00`
employee-John Paxton`week-37`standardtime-0h0m`overtime-0h0m`standardpay-$0.00`overtimepay-$0.00`netpay-$0.00`
employee-John Paxton`week-38`standardtime-0h0m`week-39`standardtime-0h0m`overtime-0h0m`standardpay-$0.00`overtimepay-$0.00`netpay-$0.00`
employee-John Paxton`week-40`standardtime-0h0m`overtime-0h0m`standardpay-$0.00`overtimepay-$0.00`netpay-$0.00`
employee-John Paxton`week-41`standardtime-0h0m`overtime-0h0m`standardpay-$0.00`overtimepay-$0.00`week-15`standardtime-0h0m`overtime-0h0m`standardpay-$0.00`overtimepay-$0.00`netpay-$0.00`
employee-Phlox`week-16`standardtime-0h0m`overtime-0h0m`standardpay-$0.00`overtimepay-$0.00`netpay-$0.00`
employee-Phlox`week-17`standardtime-0h0m`overtime-0h0m`standardpay-$0.00`overtimepay-$0.00`netpay-$0.00`
employee-Phlox`week-18`standardtime-0h0m`overtime-0h0m`standardpay-$0.00`overtimepay-$0.00`netpay-$0.00`
employee-Phlox`week-19`standardtime-0h0m`overtime-0h0m`standardpay-$0.00`overtimepay-$0.0046`standardtime-0h0m`overtime-0h0m`standardpay-$0.00`overtimepay-$0.00`netpay-$0.00`
employee-Phlox`week-47`standardtime-0h0m`overtime-0h0m`standardpay-$0.00`overtimepay-$0.00`netpay-$0.00`
employee-Phlox`week-48`standardtime-0h0m`overtime-0h0m`standardpay-employee-John Paxton`week-3`standardtime-0h0m`overtime-0h0m`standardpay-$0.00`overtimepay-$0.00`netpay-$0.00`
employee-John Paxton`week-4`standardtime-0h0m`overtime-0h0m`standardpay-$0.00`overtimepay-$0.00`netpay-$0.00`
employee-John Paxton`week-5`standardtime-0h0m`overtime-0h0m`standardpay-$0.00`overtimepay-$0.00`netpay-$0.00`
employee-John Paxton`week-6`standardtime-0h0m`overtime-0h0m`standardpay-$0.00`overtimepay-$0.00`netpay-$0.00`
employee-John Paxton`week-7`standardtime-0h0m`overtime-0h0m`standardpay-$0.00`overtimepay-$0.00`netpay-$0.00`
employee-John Paxton`week-8`standardtime-0h0m`overtime-0h0m`standardpay-$0.00`overtimepay-$0.00`netpay-$0.00`
employee-John Paxton`week-9`standardtime-0h0m`overtime-0h0m`standardpay-$0.00`overtimepay-$0.00`netpay-$0.00`
employee-John Paxton`week-10`standardtime-0h0m`overtime-0h0m`standardpay-$0.00`overtimepay-$0.00`netpay-$0.00`
employee-John Paxton`week-11`standardtime-0h0m`overtime-0h0m`standardpay-$0.00`overtimepay-$0.00`netpay-$0.00`
employee-John Paxton`week-12`standardtime-0h0m`overtime-0h0m`standardpay-$0.00`overtimepay-$0.00`netpay-$0.00`
employee-John Paxton`week-13`standardtime-0h0m`overtime-0h0m`standardpay-$0.00`overtimepay-$0.00`netpay-$0.00`
employee-John Paxton`week-14`standardtime-0h0m`overtime-0h0m`standardpay-$0.00`overtimepay-$0.00`netpay-$0.00`
employee-John Paxton`week-15`standardtime-0h0m`overtime-0h0m`standardpay-$0.00`overtimepay-$0.00`netpay-$0.00`
employee-John Paxton`week-16`standardtime-0h0m`overtime-0h0m`standardpay-$0.00`overtimepay-$0.00`netpay-$0.00`
employee-John Paxton`week-17`standardtime-0h0m`overtime-0h0m`standardpay-$0.00`overtimepay-$0.00`netpay-$0.00`
employee-John Paxton`week-18`standardtime-0h0m`overtime-0h0m`standardpay-$0.00`overtimepay-$0.00`netpay-$0.00`
employee-John Paxton`week-19`standardtime-0h0m`overtime-0h0m`standardpay-$0.00`overtimepay-$0.00`netpay-$0.00`
employee-John Paxton`week-20`standardtime-0h0m`overtime-0h0m`standardpay-$0.00`overtimepay-$0.00`netpay-$0.00`
employee-John Paxton`week-21`standardtime-0h0m`overtime-0h0m`standardpay-$0.00`overtimepay-$0.00`netpay-$0.00`
employee-John Paxton`week-22`standardtime-0h0m`overtime-0h0m`standardpay-$0.00`overtimepay-$0.00`netpay-$0.00`
employee-John Paxton`week-23`standardtime-0h0m`overtime-0h0m`standardpay-$0.00`overtimepay-$0.00`netpay-$0.00`
employee-John Paxton`week-24`standardtime-0h0m`overtime-0h0m`standardpay-$0.00`overtimepay-$0.00`netpay-$0.00`
employee-John Paxton`week-25`standardtime-0h0m`overtime-0h0m`standardpay-$0.00`overtimepay-$0.00`netpay-$0.00`
employee-John Paxton`week-26`standardtime-0h0m`overtime-0h0m`standardpay-$0.00`overtimepay-$0.00`netpay-$0.00`
employee-John Paxton`week-27`standardtime-0h0m`overtime-0h0m`standardpay-$0.00`overtimepay-$0.00`netpay-$0.00`
employee-John Paxton`week-28`standardtime-0h0m`overtime-0h0m`standardpay-$0.00`overtimepay-$0.00`netpay-$0.00`
employee-John Paxton`week-29`standardtime-0h0m`overtime-0h0m`standardpay-$0.00`overtimepay-$0.00`netpay-$0.00`
employee-John Paxton`week-30`standardtime-0h0m`overtime-0h0m`standardpay-$0.00`overtimepay-$0.00`netpay-$0.00`
employee-John Paxton`week-31`standardtime-0h0m`overtime-0h0m`standardpay-$0.00`overtimepay-$0.00`netpay-$0.00`
employee-John Paxton`week-32`standardtime-32h0m`overtime-31h0m`standardpay-$1,719.36`overtimepay-$1,665.63`netpay-$3,126.04`
employee-John Paxton`week-33`standardtime-0h0m`overtime-0h0m`standardpay-$0.00`overtimepay-$0.00`netpay-$0.00`
employee-John Paxton`week-34`standardtime-0h0m`overtime-0h0m`standardpay-$0.00`overtimepay-$0.00`netpay-$0.00`
employee-John Paxton`week-35`standardtime-0h0m`overtime-0h0m`standardpay-$0.00`overtimepay-$0.00`netpay-$0.00`
employee-John Paxton`week-36`standardtime-0h0m`overtime-0h0m`standardpay-$0.00`overtimepay-$0.00`netpay-$0.00`
employee-John Paxton`week-37`standardtime-0h0m`overtime-0h0m`standardpay-$0.00`overtimepay-$0.00`netpay-$0.00`
employee-John Paxton`week-38`standardtime-0h0m`overtime-0h0m`standardpay-$0.00`overtimepay-$0.00`netpay-$0.00`
employee-John Paxton`week-39`standardtime-0h0m`overtime-0h0m`standardpay-$0.00`overtimepay-$0.00`netpay-$0.00`
employee-John Paxton`week-40`standardtime-0h0m`overtime-0h0m`standardpay-$0.00`overtimepay-$0.00`netpay-$0.00`
employee-John Paxton`week-41`standardtime-0h0m`overtime-0h0m`standardpay-$0.00`overtimepay-$0.00`netpay-$0.00`
employee-John Paxton`week-42`standardtime-0h0m`overtime-0h0m`standardpay-$0.00`overtimepay-$0.00`netpay-$0.00`
employee-John Paxton`week-43`standardtime-0h0m`overtime-0h0m`standardpay-$0.00`overtimepay-$0.00`netpay-$0.00`
employee-John Paxton`week-44`standardtime-0h0m`overtime-0h0m`standardpay-$0.00`overtimepay-$0.00`netpay-$0.00`
employee-John Paxton`week-45`standardtime-0h0m`overtime-0h0m`standardpay-$0.00`overtimepay-$0.00`netpay-$0.00`
employee-John Paxton`week-46`standardtime-0h0m`overtime-0h0m`standardpay-$0.00`overtimepay-$0.00`netpay-$0.00`
employee-John Paxton`week-47`standardtime-0h0m`overtime-0h0m`standardpay-$0.00`overtimepay-$0.00`netpay-$0.00`
employee-John Paxton`week-48`standardtime-0h0m`overtime-0h0m`standardpay-$0.00`overtimepay-$0.00`netpay-$0.00`
employee-John Paxton`week-49`standardtime-40h15m`overtime-32h15m`standardpay-$2,162.63`overtimepay-$1,732.79`netpay-$3,597.42`
employee-John Paxton`week-50`standardtime-0h0m`overtime-0h0m`standardpay-$0.00`overtimepay-$0.00`netpay-$0.00`
employee-John Paxton`week-51`standardtime-0h0m`overtime-0h0m`standardpay-$0.00`overtimepay-$0.00`netpay-$0.00`
employee-Phlox`week-0`standardtime-0h0m`overtime-0h0m`standardpay-$0.00`overtimepay-$0.00`netpay-$0.00`
employee-Phlox`week-1`standardtime-0h0m`overtime-0h0m`standardpay-$0.00`overtimepay-$0.00`netpay-$0.00`
employee-Phlox`week-2`standardtime-0h0m`overtime-0h0m`standardpay-$0.00`overtimepay-$0.00`netpay-$0.00`
employee-Phlox`week-3`standardtime-0h0m`overtime-0h0m`standardpay-$0.00`overtimepay-$0.00`netpay-$0.00`
employee-Phlox`week-4`standardtime-0h0m`overtime-0h0m`standardpay-$0.00`overtimepay-$0.00`netpay-$0.00`
employee-Phlox`week-5`standardtime-0h0m`overtime-0h0m`standardpay-$0.00`overtimepay-$0.00`netpay-$0.00`
employee-Phlox`week-6`standardtime-0h0m`overtime-0h0m`standardpay-$0.00`overtimepay-$0.00`netpay-$0.00`
employee-Phlox`week-7`standardtime-0h0m`overtime-0h0m`standardpay-$0.00`overtimepay-$0.00`netpay-$0.00`
employee-Phlox`week-8`standardtime-0h0m`overtime-0h0m`standardpay-$0.00`overtimepay-$0.00`netpay-$0.00`
employee-Phlox`week-9`standardtime-0h0m`overtime-0h0m`standardpay-$0.00`overtimepay-$0.00`netpay-$0.00`
employee-Phlox`week-10`standardtime-0h0m`overtime-0h0m`standardpay-$0.00`overtimepay-$0.00`netpay-$0.00`
employee-Phlox`week-11`standardtime-0h0m`overtime-0h0m`standardpay-$0.00`overtimepay-$0.00`netpay-$0.00`
employee-Phlox`week-12`standardtime-0h0m`overtime-0h0m`standardpay-$0.00`overtimepay-$0.00`netpay-$0.00`
employee-Phlox`week-13`standardtime-0h0m`overtime-0h0m`standardpay-$0.00`overtimepay-$0.00`netpay-$0.00`
employee-Phlox`week-14`standardtime-0h0m`overtime-0h0m`standardpay-$0.00`overtimepay-$0.00`netpay-$0.00`
employee-Phlox`week-15`standardtime-0h0m`overtime-0h0m`standardpay-$0.00`overtimepay-$0.00`netpay-$0.00`
employee-Phlox`week-16`standardtime-0h0m`overtime-0h0m`standardpay-$0.00`overtimepay-$0.00`netpay-$0.00`
employee-Phlox`week-17`standardtime-0h0m`overtime-0h0m`standardpay-$0.00`overtimepay-$0.00`netpay-$0.00`
employee-Phlox`week-18`standardtime-0h0m`overtime-0h0m`standardpay-$0.00`overtimepay-$0.00`netpay-$0.00`
employee-Phlox`week-19`standardtime-0h0m`overtime-0h0m`standardpay-$0.00`overtimepay-$0.00`netpay-$0.00`
employee-Phlox`week-20`standardtime-0h0m`overtime-0h0m`standardpay-$0.00`overtimepay-$0.00`netpay-$0.00`
employee-Phlox`week-21`standardtime-0h0m`overtime-0h0m`standardpay-$0.00`overtimepay-$0.00`netpay-$0.00`
employee-Phlox`week-22`standardtime-0h0m`overtime-0h0m`standardpay-$0.00`overtimepay-$0.00`netpay-$0.00`
employee-Phlox`week-23`standardtime-0h0m`overtime-0h0m`standardpay-$0.00`overtimepay-$0.00`netpay-$0.00`
employee-Phlox`week-24`standardtime-0h0m`overtime-0h0m`standardpay-$0.00`overtimepay-$0.00`netpay-$0.00`
employee-Phlox`week-25`standardtime-0h0m`overtime-0h0m`standardpay-$0.00`overtimepay-$0.00`netpay-$0.00`
employee-Phlox`week-26`standardtime-0h0m`overtime-0h0m`standardpay-$0.00`overtimepay-$0.00`netpay-$0.00`
employee-Phlox`week-27`standardtime-0h0m`overtime-0h0m`standardpay-$0.00`overtimepay-$0.00`netpay-$0.00`
employee-Phlox`week-28`standardtime-0h0m`overtime-0h0m`standardpay-$0.00`overtimepay-$0.00`netpay-$0.00`
employee-Phlox`week-29`standardtime-0h0m`overtime-0h0m`standardpay-$0.00`overtimepay-$0.00`netpay-$0.00`
employee-Phlox`week-30`standardtime-0h0m`overtime-0h0m`standardpay-$0.00`overtimepay-$0.00`netpay-$0.00`
employee-Phlox`week-31`standardtime-0h0m`overtime-0h0m`standardpay-$0.00`overtimepay-$0.00`netpay-$0.00`
employee-Phlox`week-32`standardtime-22h30m`overtime-10h30m`standardpay-$622.13`overtimepay-$435.49`netpay-$976.71`
employee-Phlox`week-33`standardtime-0h0m`overtime-0h0m`standardpay-$0.00`overtimepay-$0.00`netpay-$0.00`
employee-Phlox`week-34`standardtime-0h0m`overtime-0h0m`standardpay-$0.00`overtimepay-$0.00`netpay-$0.00`
employee-Phlox`week-35`standardtime-0h0m`overtime-0h0m`standardpay-$0.00`overtimepay-$0.00`netpay-$0.00`
employee-Phlox`week-36`standardtime-0h0m`overtime-0h0m`standardpay-$0.00`overtimepay-$0.00`netpay-$0.00`
employee-Phlox`week-37`standardtime-0h0m`overtime-0h0m`standardpay-$0.00`overtimepay-$0.00`netpay-$0.00`
employee-Phlox`week-38`standardtime-0h0m`overtime-0h0m`standardpay-$0.00`overtimepay-$0.00`netpay-$0.00`
employee-Phlox`week-39`standardtime-0h0m`overtime-0h0m`standardpay-$0.00`overtimepay-$0.00`netpay-$0.00`
employee-Phlox`week-40`standardtime-0h0m`overtime-0h0m`standardpay-$0.00`overtimepay-$0.00`netpay-$0.00`
employee-Phlox`week-41`standardtime-0h0m`overtime-0h0m`standardpay-$0.00`overtimepay-$0.00`netpay-$0.00`
employee-Phlox`week-42`standardtime-0h0m`overtime-0h0m`standardpay-$0.00`overtimepay-$0.00`netpay-$0.00`
employee-Phlox`week-43`standardtime-0h0m`overtime-0h0m`standardpay-$0.00`overtimepay-$0.00`netpay-$0.00`
employee-Phlox`week-44`standardtime-0h0m`overtime-0h0m`standardpay-$0.00`overtimepay-$0.00`netpay-$0.00`
employee-Phlox`week-45`standardtime-0h0m`overtime-0h0m`standardpay-$0.00`overtimepay-$0.00`netpay-$0.00`
employee-Phlox`week-46`standardtime-0h0m`overtime-0h0m`standardpay-$0.00`overtimepay-$0.00`netpay-$0.00`
employee-Phlox`week-47`standardtime-0h0m`overtime-0h0m`standardpay-$0.00`overtimepay-$0.00`netpay-$0.00`
employee-Phlox`week-48`standardtime-0h0m`overtime-0h0m`standardpay-$0.00`overtimepay-$0.00`netpay-$0.00`
employee-Phlox`week-49`standardtime-37h45m`overtime-35h45m`standardpay-$1,043.79`overtimepay-$1,482.73`netpay-$2,333.24`
employee-Phlox`week-50`standardtime-0h0m`overtime-0h0m`standardpay-$0.00`overtimepay-$0.00`netpay-$0.00`
employee-Phlox`week-51`standardtime-0h0m`overtime-0h0m`standardpay-$0.00`overtimepay-$0.00`netpay-$0.00`
employee-Travis Mayweather`week-0`standardtime-0h0m`overtime-0h0m`standardpay-$0.00`overtimepay-$0.00`netpay-$0.00`
employee-Travis Mayweather`week-1`standardtime-0h0m`overtime-0h0m`standardpay-$0.00`overtimepay-$0.00`netpay-$0.00`
employee-Travis Mayweather`week-2`standardtime-0h0m`overtime-0h0m`standardpay-$0.00`overtimepay-$0.00`netpay-$0.00`
employee-Travis Mayweather`week-3`standardtime-0h0m`overtime-0h0m`standardpay-$0.00`overtimepay-$0.00`netpay-$0.00`
employee-Travis Mayweather`week-4`standardtime-0h0m`overtime-0h0m`standardpay-$0.00`overtimepay-$0.00`netpay-$0.00`
employee-Travis Mayweather`week-5`standardtime-0h0m`overtime-0h0m`standardpay-$0.00`overtimepay-$0.00`netpay-$0.00`
employee-Travis Mayweather`week-6`standardtime-0h0m`overtime-0h0m`standardpay-$0.00`overtimepay-$0.00`netpay-$0.00`
employee-Travis Mayweather`week-7`standardtime-0h0m`overtime-0h0m`standardpay-$0.00`overtimepay-$0.00`netpay-$0.00`
employee-Travis Mayweather`week-8`standardtime-0h0m`overtime-0h0m`standardpay-$0.00`overtimepay-$0.00`netpay-$0.00`
employee-Travis Mayweather`week-9`standardtime-0h0m`overtime-0h0m`standardpay-$0.00`overtimepay-$0.00`netpay-$0.00`
employee-Travis Mayweather`week-10`standardtime-0h0m`overtime-0h0m`standardpay-$0.00`overtimepay-$0.00`netpay-$0.00`
employee-Travis Mayweather`week-11`standardtime-0h0m`overtime-0h0m`standardpay-$0.00`overtimepay-$0.00`netpay-$0.00`
employee-Travis Mayweather`week-12`standardtime-0h0m`overtime-0h0m`standardpay-$0.00`overtimepay-$0.00`netpay-$0.00`
employee-Travis Mayweather`week-13`standardtime-0h0m`overtime-0h0m`standardpay-$0.00`overtimepay-$0.00`netpay-$0.00`
employee-Travis Mayweather`week-14`standardtime-0h0m`overtime-0h0m`standardpay-$0.00`overtimepay-$0.00`netpay-$0.00`
employee-Travis Mayweather`week-15`standardtime-0h0m`overtime-0h0m`standardpay-$0.00`overtimepay-$0.00`netpay-$0.00`
employee-Travis Mayweather`week-16`standardtime-0h0m`overtime-0h0m`standardpay-$0.00`overtimepay-$0.00`netpay-$0.00`
employee-Travis Mayweather`week-17`standardtime-0h0m`overtime-0h0m`standardpay-$0.00`overtimepay-$0.00`netpay-$0.00`
employee-Travis Mayweather`week-18`standardtime-0h0m`overtime-0h0m`standardpay-$0.00`overtimepay-$0.00`netpay-$0.00`
employee-Travis Mayweather`week-19`standardtime-0h0m`overtime-0h0m`standardpay-$0.00`overtimepay-$0.00`netpay-$0.00`
employee-Travis Mayweather`week-20`standardtime-0h0m`overtime-0h0m`standardpay-$0.00`overtimepay-$0.00`netpay-$0.00`
employee-Travis Mayweather`week-21`standardtime-0h0m`overtime-0h0m`standardpay-$0.00`overtimepay-$0.00`netpay-$0.00`
employee-Travis Mayweather`week-22`standardtime-0h0m`overtime-0h0m`standardpay-$0.00`overtimepay-$0.00`netpay-$0.00`
employee-Travis Mayweather`week-23`standardtime-0h0m`overtime-0h0m`standardpay-$0.00`overtimepay-$0.00`netpay-$0.00`
employee-Travis Mayweather`week-24`standardtime-0h0m`overtime-0h0m`standardpay-$0.00`overtimepay-$0.00`netpay-$0.00`
employee-Travis Mayweather`week-25`standardtime-0h0m`overtime-0h0m`standardpay-$0.00`overtimepay-$0.00`netpay-$0.00`
employee-Travis Mayweather`week-26`standardtime-0h0m`overtime-0h0m`standardpay-$0.00`overtimepay-$0.00`netpay-$0.00`
employee-Travis Mayweather`week-27`standardtime-0h0m`overtime-0h0m`standardpay-$0.00`overtimepay-$0.00`netpay-$0.00`
employee-Travis Mayweather`week-28`standardtime-0h0m`overtime-0h0m`standardpay-$0.00`overtimepay-$0.00`netpay-$0.00`
employee-Travis Mayweather`week-29`standardtime-0h0m`overtime-0h0m`standardpay-$0.00`overtimepay-$0.00`netpay-$0.00`
employee-Travis Mayweather`week-30`standardtime-0h0m`overtime-0h0m`standardpay-$0.00`overtimepay-$0.00`netpay-$0.00`
employee-Travis Mayweather`week-31`standardtime-0h0m`overtime-0h0m`standardpay-$0.00`overtimepay-$0.00`netpay-$0.00`
employee-Travis Mayweather`week-32`standardtime-21h0m`overtime-27h45m`standardpay-$597.87`overtimepay-$1,185.06`netpay-$1,646.54`
employee-Travis Mayweather`week-33`standardtime-0h0m`overtime-0h0m`standardpay-$0.00`overtimepay-$0.00`netpay-$0.00`
employee-Travis Mayweather`week-34`standardtime-0h0m`overtime-0h0m`standardpay-$0.00`overtimepay-$0.00`netpay-$0.00`
employee-Travis Mayweather`week-35`standardtime-0h0m`overtime-0h0m`standardpay-$0.00`overtimepay-$0.00`netpay-$0.00`
employee-Travis Mayweather`week-36`standardtime-0h0m`overtime-0h0m`standardpay-$0.00`overtimepay-$0.00`netpay-$0.00`
employee-Travis Mayweather`week-37`standardtime-0h0m`overtime-0h0m`standardpay-$0.00`overtimepay-$0.00`netpay-$0.00`
employee-Travis Mayweather`week-38`standardtime-0h0m`overtime-0h0m`standardpay-$0.00`overtimepay-$0.00`netpay-$0.00`
employee-Travis Mayweather`week-39`standardtime-0h0m`overtime-0h0m`standardpay-$0.00`overtimepay-$0.00`netpay-$0.00`
employee-Travis Mayweather`week-40`standardtime-0h0m`overtime-0h0m`standardpay-$0.00`overtimepay-$0.00`netpay-$0.00`
employee-Travis Mayweather`week-41`standardtime-0h0m`overtime-0h0m`standardpay-$0.00`overtimepay-$0.00`netpay-$0.00`
employee-Travis Mayweather`week-42`standardtime-0h0m`overtime-0h0m`standardpay-$0.00`overtimepay-$0.00`netpay-$0.00`
employee-Travis Mayweather`week-43`standardtime-0h0m`overtime-0h0m`standardpay-$0.00`overtimepay-$0.00`netpay-$0.00`
employee-Travis Mayweather`week-44`standardtime-0h0m`overtime-0h0m`standardpay-$0.00`overtimepay-$0.00`netpay-$0.00`
employee-Travis Mayweather`week-45`standardtime-0h0m`overtime-0h0m`standardpay-$0.00`overtimepay-$0.00`netpay-$0.00`
employee-Travis Mayweather`week-46`standardtime-0h0m`overtime-0h0m`standardpay-$0.00`overtimepay-$0.00`netpay-$0.00`
employee-Travis Mayweather`week-47`standardtime-0h0m`overtime-0h0m`standardpay-$0.00`overtimepay-$0.00`netpay-$0.00`
employee-Travis Mayweather`week-48`standardtime-0h0m`overtime-0h0m`standardpay-$0.00`overtimepay-$0.00`netpay-$0.00`
employee-Travis Mayweather`week-49`standardtime-32h30m`overtime-21h30m`standardpay-$925.27`overtimepay-$918.16`netpay-$1,702.41`
employee-Travis Mayweather`week-50`standardtime-0h0m`overtime-0h0m`standardpay-$0.00`overtimepay-$0.00`netpay-$0.00`
employee-Travis Mayweather`week-51`standardtime-0h0m`overtime-0h0m`standardpay-$0.00`overtimepay-$0.00`netpay-$0.00`
employee-John Paxton`week-0`standardtime-0h0m`overtime-0h0m`standardpay-$0.00`overtimepay-$0.00`netpay-$0.00`
employee-John Paxton`week-1`standardtime-0h0m`overtime-0h0m`standardpay-$0.00`overtimepay-$0.00`netpay-$0.00`
employee-John Paxton`week-2`standardtime-0h0m`overtime-0h0m`standardpay-$0.00`overtimepay-$0.00`netpay-$0.00`
employee-John Paxton`week-3`standardtime-0h0m`overtime-0h0m`standardpay-$0.00`overtimepay-$0.00`netpay-$0.00`
employee-John Paxton`week-4`standardtime-0h0m`overtime-0h0m`standardpay-$0.00`overtimepay-$0.00`netpay-$0.00`
employee-John Paxton`week-5`standardtime-0h0m`overtime-0h0m`standardpay-$0.00`overtimepay-$0.00`netpay-$0.00`
employee-John Paxton`week-6`standardtime-0h0m`overtime-0h0m`standardpay-$0.00`overtimepay-$0.00`netpay-$0.00`
employee-John Paxton`week-7`standardtime-0h0m`overtime-0h0m`standardpay-$0.00`overtimepay-$0.00`netpay-$0.00`
employee-John Paxton`week-8`standardtime-0h0m`overtime-0h0m`standardpay-$0.00`overtimepay-$0.00`netpay-$0.00`
employee-John Paxton`week-9`standardtime-0h0m`overtime-0h0m`standardpay-$0.00`overtimepay-$0.00`netpay-$0.00`
employee-John Paxton`week-10`standardtime-0h0m`overtime-0h0m`standardpay-$0.00`overtimepay-$0.00`netpay-$0.00`
employee-John Paxton`week-11`standardtime-0h0m`overtime-0h0m`standardpay-$0.00`overtimepay-$0.00`netpay-$0.00`
employee-John Paxton`week-12`standardtime-0h0m`overtime-0h0m`standardpay-$0.00`overtimepay-$0.00`netpay-$0.00`
employee-John Paxton`week-13`standardtime-0h0m`overtime-0h0m`standardpay-$0.00`overtimepay-$0.00`netpay-$0.00`
employee-John Paxton`week-14`standardtime-0h0m`overtime-0h0m`standardpay-$0.00`overtimepay-$0.00`netpay-$0.00`
employee-John Paxton`week-15`standardtime-0h0m`overtime-0h0m`standardpay-$0.00`overtimepay-$0.00`netpay-$0.00`
employee-John Paxton`week-16`standardtime-0h0m`overtime-0h0m`standardpay-$0.00`overtimepay-$0.00`netpay-$0.00`
employee-John Paxton`week-17`standardtime-0h0m`overtime-0h0m`standardpay-$0.00`overtimepay-$0.00`netpay-$0.00`
employee-John Paxton`week-18`standardtime-0h0m`overtime-0h0m`standardpay-$0.00`overtimepay-$0.00`netpay-$0.00`
employee-John Paxton`week-19`standardtime-0h0m`overtime-0h0m`standardpay-$0.00`overtimepay-$0.00`netpay-$0.00`
employee-John Paxton`week-20`standardtime-0h0m`overtime-0h0m`standardpay-$0.00`overtimepay-$0.00`netpay-$0.00`
employee-John Paxton`week-21`standardtime-0h0m`overtime-0h0m`standardpay-$0.00`overtimepay-$0.00`netpay-$0.00`
employee-John Paxton`week-22`standardtime-0h0m`overtime-0h0m`standardpay-$0.00`overtimepay-$0.00`netpay-$0.00`
employee-John Paxton`week-23`standardtime-0h0m`overtime-0h0m`standardpay-$0.00`overtimepay-$0.00`netpay-$0.00`
employee-John Paxton`week-24`standardtime-0h0m`overtime-0h0m`standardpay-$0.00`overtimepay-$0.00`netpay-$0.00`
employee-John Paxton`week-25`standardtime-0h0m`overtime-0h0m`standardpay-$0.00`overtimepay-$0.00`netpay-$0.00`
employee-John Paxton`week-26`standardtime-0h0m`overtime-0h0m`standardpay-$0.00`overtimepay-$0.00`netpay-$0.00`
employee-John Paxton`week-27`standardtime-0h0m`overtime-0h0m`standardpay-$0.00`overtimepay-$0.00`netpay-$0.00`
employee-John Paxton`week-28`standardtime-0h0m`overtime-0h0m`standardpay-$0.00`overtimepay-$0.00`netpay-$0.00`
employee-John Paxton`week-29`standardtime-0h0m`overtime-0h0m`standardpay-$0.00`overtimepay-$0.00`netpay-$0.00`
employee-John Paxton`week-30`standardtime-0h0m`overtime-0h0m`standardpay-$0.00`overtimepay-$0.00`netpay-$0.00`
employee-John Paxton`week-31`standardtime-0h0m`overtime-0h0m`standardpay-$0.00`overtimepay-$0.00`netpay-$0.00`
employee-John Paxton`week-32`standardtime-23h45m`overtime-3h45m`standardpay-$130.39`overtimepay-$30.88`netpay-$148.93`
employee-John Paxton`week-33`standardtime-0h0m`overtime-0h0m`standardpay-$0.00`overtimepay-$0.00`netpay-$0.00`
employee-John Paxton`week-34`standardtime-0h0m`overtime-0h0m`standardpay-$0.00`overtimepay-$0.00`netpay-$0.00`
employee-John Paxton`week-35`standardtime-0h0m`overtime-0h0m`standardpay-$0.00`overtimepay-$0.00`netpay-$0.00`
employee-John Paxton`week-36`standardtime-0h0m`overtime-0h0m`standardpay-$0.00`overtimepay-$0.00`netpay-$0.00`
employee-John Paxton`week-37`standardtime-0h0m`overtime-0h0m`standardpay-$0.00`overtimepay-$0.00`netpay-$0.00`
employee-John Paxton`week-38`standardtime-0h0m`overtime-0h0m`standardpay-$0.00`overtimepay-$0.00`netpay-$0.00`
employee-John Paxton`week-39`standardtime-0h0m`overtime-0h0m`standardpay-$0.00`overtimepay-$0.00`netpay-$0.00`
employee-John Paxton`week-40`standardtime-0h0m`overtime-0h0m`standardpay-$0.00`overtimepay-$0.00`netpay-$0.00`
employee-John Paxton`week-41`standardtime-0h0m`overtime-0h0m`standardpay-$0.00`overtimepay-$0.00`netpay-$0.00`
employee-John Paxton`week-42`standardtime-0h0m`overtime-0h0m`standardpay-$0.00`overtimepay-$0.00`netpay-$0.00`
employee-John Paxton`week-43`standardtime-0h0m`overtime-0h0m`standardpay-$0.00`overtimepay-$0.00`netpay-$0.00`
employee-John Paxton`week-44`standardtime-0h0m`overtime-0h0m`standardpay-$0.00`overtimepay-$0.00`netpay-$0.00`
employee-John Paxton`week-45`standardtime-0h0m`overtime-0h0m`standardpay-$0.00`overtimepay-$0.00`netpay-$0.00`
employee-John Paxton`week-46`standardtime-0h0m`overtime-0h0m`standardpay-$0.00`overtimepay-$0.00`netpay-$0.00`
employee-John Paxton`week-47`standardtime-0h0m`overtime-0h0m`standardpay-$0.00`overtimepay-$0.00`netpay-$0.00`
employee-John Paxton`week-48`standardtime-0h0m`overtime-0h0m`standardpay-$0.00`overtimepay-$0.00`netpay-$0.00`
employee-John Paxton`week-49`standardtime-36h30m`overtime-19h0m`standardpay-$200.38`overtimepay-$156.47`netpay-$329.55`
employee-John Paxton`week-50`standardtime-0h0m`overtime-0h0m`standardpay-$0.00`overtimepay-$0.00`netpay-$0.00`
employee-John Paxton`week-51`standardtime-0h0m`overtime-0h0m`standardpay-$0.00`overtimepay-$0.00`netpay-$0.00`
employee-Jonathan Archer`week-0`standardtime-0h0m`overtime-0h0m`standardpay-$0.00`overtimepay-$0.00`netpay-$0.00`
employee-Jonathan Archer`week-1`standardtime-0h0m`overtime-0h0m`standardpay-$0.00`overtimepay-$0.00`netpay-$0.00`
employee-Jonathan Archer`week-2`standardtime-0h0m`overtime-0h0m`standardpay-$0.00`overtimepay-$0.00`netpay-$0.00`
employee-Jonathan Archer`week-3`standardtime-0h0m`overtime-0h0m`standardpay-$0.00`overtimepay-$0.00`netpay-$0.00`
employee-Jonathan Archer`week-4`standardtime-0h0m`overtime-0h0m`standardpay-$0.00`overtimepay-$0.00`netpay-$0.00`
employee-Jonathan Archer`week-5`standardtime-0h0m`overtime-0h0m`standardpay-$0.00`overtimepay-$0.00`netpay-$0.00`
employee-Jonathan Archer`week-6`standardtime-0h0m`overtime-0h0m`standardpay-$0.00`overtimepay-$0.00`netpay-$0.00`
employee-Jonathan Archer`week-7`standardtime-0h0m`overtime-0h0m`standardpay-$0.00`overtimepay-$0.00`netpay-$0.00`
employee-Jonathan Archer`week-8`standardtime-0h0m`overtime-0h0m`standardpay-$0.00`overtimepay-$0.00`netpay-$0.00`
employee-Jonathan Archer`week-9`standardtime-0h0m`overtime-0h0m`standardpay-$0.00`overtimepay-$0.00`netpay-$0.00`
employee-Jonathan Archer`week-10`standardtime-0h0m`overtime-0h0m`standardpay-$0.00`overtimepay-$0.00`netpay-$0.00`
employee-Jonathan Archer`week-11`standardtime-0h0m`overtime-0h0m`standardpay-$0.00`overtimepay-$0.00`netpay-$0.00`
employee-Jonathan Archer`week-12`standardtime-0h0m`overtime-0h0m`standardpay-$0.00`overtimepay-$0.00`netpay-$0.00`
employee-Jonathan Archer`week-13`standardtime-0h0m`overtime-0h0m`standardpay-$0.00`overtimepay-$0.00`netpay-$0.00`
employee-Jonathan Archer`week-14`standardtime-0h0m`overtime-0h0m`standardpay-$0.00`overtimepay-$0.00`netpay-$0.00`
employee-Jonathan Archer`week-15`standardtime-0h0m`overtime-0h0m`standardpay-$0.00`overtimepay-$0.00`netpay-$0.00`
employee-Jonathan Archer`week-16`standardtime-0h0m`overtime-0h0m`standardpay-$0.00`overtimepay-$0.00`netpay-$0.00`
employee-Jonathan Archer`week-17`standardtime-0h0m`overtime-0h0m`standardpay-$0.00`overtimepay-$0.00`netpay-$0.00`
employee-Jonathan Archer`week-18`standardtime-0h0m`overtime-0h0m`standardpay-$0.00`overtimepay-$0.00`netpay-$0.00`
employee-Jonathan Archer`week-19`standardtime-0h0m`overtime-0h0m`standardpay-$0.00`overtimepay-$0.00`netpay-$0.00`
employee-Jonathan Archer`week-20`standardtime-0h0m`overtime-0h0m`standardpay-$0.00`overtimepay-$0.00`netpay-$0.00`
employee-Jonathan Archer`week-21`standardtime-0h0m`overtime-0h0m`standardpay-$0.00`overtimepay-$0.00`netpay-$0.00`
employee-Jonathan Archer`week-22`standardtime-0h0m`overtime-0h0m`standardpay-$0.00`overtimepay-$0.00`netpay-$0.00`
employee-Jonathan Archer`week-23`standardtime-0h0m`overtime-0h0m`standardpay-$0.00`overtimepay-$0.00`netpay-$0.00`
employee-Jonathan Archer`week-24`standardtime-0h0m`overtime-0h0m`standardpay-$0.00`overtimepay-$0.00`netpay-$0.00`
employee-Jonathan Archer`week-25`standardtime-0h0m`overtime-0h0m`standardpay-$0.00`overtimepay-$0.00`netpay-$0.00`
employee-Jonathan Archer`week-26`standardtime-0h0m`overtime-0h0m`standardpay-$0.00`overtimepay-$0.00`netpay-$0.00`
employee-Jonathan Archer`week-27`standardtime-0h0m`overtime-0h0m`standardpay-$0.00`overtimepay-$0.00`netpay-$0.00`
employee-Jonathan Archer`week-28`standardtime-0h0m`overtime-0h0m`standardpay-$0.00`overtimepay-$0.00`netpay-$0.00`
employee-Jonathan Archer`week-29`standardtime-0h0m`overtime-0h0m`standardpay-$0.00`overtimepay-$0.00`netpay-$0.00`
employee-Jonathan Archer`week-30`standardtime-0h0m`overtime-0h0m`standardpay-$0.00`overtimepay-$0.00`netpay-$0.00`
employee-Jonathan Archer`week-31`standardtime-0h0m`overtime-0h0m`standardpay-$0.00`overtimepay-$0.00`netpay-$0.00`
employee-Jonathan Archer`week-32`standardtime-31h45m`overtime-40h30m`standardpay-$458.79`overtimepay-$585.22`netpay-$964.14`
employee-Jonathan Archer`week-33`standardtime-0h0m`overtime-0h0m`standardpay-$0.00`overtimepay-$0.00`netpay-$0.00`
employee-Jonathan Archer`week-34`standardtime-0h0m`overtime-0h0m`standardpay-$0.00`overtimepay-$0.00`netpay-$0.00`
employee-Jonathan Archer`week-35`standardtime-0h0m`overtime-0h0m`standardpay-$0.00`overtimepay-$0.00`netpay-$0.00`
employee-Jonathan Archer`week-36`standardtime-0h0m`overtime-0h0m`standardpay-$0.00`overtimepay-$0.00`netpay-$0.00`
employee-Jonathan Archer`week-37`standardtime-0h0m`overtime-0h0m`standardpay-$0.00`overtimepay-$0.00`netpay-$0.00`
employee-Jonathan Archer`week-38`standardtime-0h0m`overtime-0h0m`standardpay-$0.00`overtimepay-$0.00`netpay-$0.00`
employee-Jonathan Archer`week-39`standardtime-0h0m`overtime-0h0m`standardpay-$0.00`overtimepay-$0.00`netpay-$0.00`
employee-Jonathan Archer`week-40`standardtime-0h0m`overtime-0h0m`standardpay-$0.00`overtimepay-$0.00`netpay-$0.00`
employee-Jonathan Archer`week-41`standardtime-0h0m`overtime-0h0m`standardpay-$0.00`overtimepay-$0.00`netpay-$0.00`
employee-Jonathan Archer`week-42`standardtime-0h0m`overtime-0h0m`standardpay-$0.00`overtimepay-$0.00`netpay-$0.00`
employee-Jonathan Archer`week-43`standardtime-0h0m`overtime-0h0m`standardpay-$0.00`overtimepay-$0.00`netpay-$0.00`
employee-Jonathan Archer`week-44`standardtime-0h0m`overtime-0h0m`standardpay-$0.00`overtimepay-$0.00`netpay-$0.00`
employee-Jonathan Archer`week-45`standardtime-0h0m`overtime-0h0m`standardpay-$0.00`overtimepay-$0.00`netpay-$0.00`
employee-Jonathan Archer`week-46`standardtime-0h0m`overtime-0h0m`standardpay-$0.00`overtimepay-$0.00`netpay-$0.00`
employee-Jonathan Archer`week-47`standardtime-0h0m`overtime-0h0m`standardpay-$0.00`overtimepay-$0.00`netpay-$0.00`
employee-Jonathan Archer`week-48`standardtime-0h0m`overtime-0h0m`standardpay-$0.00`overtimepay-$0.00`netpay-$0.00`
employee-Jonathan Archer`week-49`standardtime-31h30m`overtime-44h0m`standardpay-$455.17`overtimepay-$635.80`netpay-$1,007.51`
employee-Jonathan Archer`week-50`standardtime-0h0m`overtime-0h0m`standardpay-$0.00`overtimepay-$0.00`netpay-$0.00`
employee-Jonathan Archer`week-51`standardtime-0h0m`overtime-0h0m`standardpay-$0.00`overtimepay-$0.00`netpay-$0.00`
employee-Chef`week-0`standardtime-0h0m`overtime-0h0m`standardpay-$0.00`overtimepay-$0.00`netpay-$0.00`
employee-Chef`week-1`standardtime-0h0m`overtime-0h0m`standardpay-$0.00`overtimepay-$0.00`netpay-$0.00`
employee-Chef`week-2`standardtime-0h0m`overtime-0h0m`standardpay-$0.00`overtimepay-$0.00`netpay-$0.00`
employee-Chef`week-3`standardtime-0h0m`overtime-0h0m`standardpay-$0.00`overtimepay-$0.00`netpay-$0.00`
employee-Chef`week-4`standardtime-0h0m`overtime-0h0m`standardpay-$0.00`overtimepay-$0.00`netpay-$0.00`
employee-Chef`week-5`standardtime-0h0m`overtime-0h0m`standardpay-$0.00`overtimepay-$0.00`netpay-$0.00`
employee-Chef`week-6`standardtime-0h0m`overtime-0h0m15`standardtime-0h0m`overtime-0h0m`standardpay-$0.00`overtimepay-$0.00`netpay-$0.00`
employee-Chef`week-16`standardtime-0h0m`overtime-0h0m`standardpay-$0.00`overtimepay-$0.00`netpay-$0.00`
employee-Chef`week-17`standardtime-0h0m`overtime-0h0m`standardpay-$0.00`overtimepay-$0.00`netpay-$0.00`
employee-Chef`week-18`standardtime-0h0m`overtime-0h0m`standardpay-$0.00`overtimepay-$0.00`netpay-$0.00`
employee-Chef`week-19`standardtime-0h0m`overtime-0h0m`standardpay-$0.00`overtimepay-$0.00`netpay-$0.00`
employee-Chef`week-20`standardtime-0h0m`overtime-0h0m`standardpay-$0.00`overtimepay-$0.00`netpay-$0.00`
employee-Chef`week-21`standardtime-0h0m`overtime-0h0m`standardpay-$0.00`overtimepay-$0.00`netpay-$0.00`
employee-Chef`week-22`standardtime-0h0m`overtime-0h0m`standardpay-$0.00`overtimepay-$0.00`netpay-$0.00`
employee-Chef`week-23`standardtime-0h0m`overtime-0h0m`standardpay-$0.00`overtimepay-$0.00`netpay-$0.00`
employee-Chef`week-24`standardtime-0h0m`overtime-0h0m`standardpay-$0.00`overtimepay-$0.00`netpay-$0.00`
employee-Chef`week-25`standardtime-0h0m`overtime-0h0m`standardpay-$0.00`overtimepay-$0.00`netpay-$0.00`
employee-Chef`week-26`standardtime-0h0m`overtime-0h0m`standardpay-$0.00`overtimepay-$0.00`netpay-$0.00`
employee-Chef`week-27`standardtime-0h0m`overtime-0h0m`standardpay-$0.00`overtimepay-$0.00`netpay-$0.00`
employee-Chef`week-28`standardtime-0h0m`overtime-0h0m`standardpay-$0.00`overtimepay-$0.00`netpay-$0.00`
employee-Chef`week-29`standardtime-0h0m`overtime-0h0m`standardpay-$0.00`overtimepay-$0.00`netpay-$0.00`
employee-Chef`week-30`standardtime-0h0m`overtime-0h0m`standardpay-$0.00`overtimepay-$0.00`netpay-$0.00`
employee-Chef`week-31`standardtime-0h0m`overtime-0h0m`standardpay-$0.00`overtimepay-$0.00`netpay-$0.00`
employee-Chef`week-32`standardtime-27h15m`overtime-3h0m`standardpay-$1,609.66`overtimepay-$177.21`netpay-$1,650.17`
employee-Chef`week-33`standardtime-0h0m`overtime-0h0m`standardpay-$0.00`overtimepay-$0.00`netpay-$0.00`
employee-Chef`week-34`standardtime-0h0m`overtime-0h0m`standardpay-$0.00`overtimepay-$0.00`netpay-$0.00`
employee-Chef`week-35`standardtime-0h0m`overtime-0h0m`standardpay-$0.00`overtimepay-$0.00`netpay-$0.00`
employee-Chef`week-36`standardtime-0h0m`overtime-0h0m`standardpay-$0.00`overtimepay-$0.00`netpay-$0.00`
employee-Chef`week-37`standardtime-0h0m`overtime-0h0m`standardpay-$0.00`overtimepay-$0.00`netpay-$0.00`
employee-Chef`week-38`standardtime-0h0m`overtime-0h0m`standardpay-$0.00`overtimepay-$0.00`netpay-$0.00`
employee-Chef`week-39`standardtime-0h0m`overtime-0h0m`standardpay-$0.00`overtimepay-$0.00`netpay-$0.00`
employee-Chef`week-40`standardtime-0h0m`overtime-0h0m`standardpay-$0.00`overtimepay-$0.00`netpay-$0.00`
employee-Chef`week-41`standardtime-0h0m`overtime-0h0m`standardpay-$0.00`overtimepay-$0.00`netpay-$0.00`
employee-Chef`week-42`standardtime-0h0m`overtime-0h0m`standardpay-$0.00`overtimepay-$0.00`netpay-$0.00`
employee-Chef`week-43`standardtime-0h0m`overtime-0h0m`standardpay-$0.00`overtimepay-$0.00`netpay-$0.00`
employee-Chef`week-44`standardtime-0h0m`overtime-0h0m`standardpay-$0.00`overtimepay-$0.00`netpay-$0.00`
employee-Chef`week-45`standardtime-0h0m`overtime-0h0m`standardpay-$0.00`overtimepay-$0.00`netpay-$0.00`
$0.00`
employee-John Paxton`week-4`standardtime-0h0m`overtime-0h0m`standardpay-$0.00`overtimepay-$0.00`netpay-$0.00`
employee-John Paxton`week-5`standardtime-0h0m`overtime-0h0m`standardpay-$0.00`overtimepay-$0.00`netpay-$0.00`
employee-John Paxton`week-6`standardtime-0h0m`overtime-0h0m`standardpay-$0.00`overtimepay-$0.00`netpay-$0.00`
employee-John Paxton`week-7`standardtime-0h0m`overtime-0h0m`standardpay-$0.00`overtimepay-$0.00`netpay-$0.00`
employee-John Paxton`week-8`standardtime-0h0m`overtime-0h0m`standardpay-$0.00`overtimepay-$0.00`netpay-$0.00`
employee-John Paxton`week-9`standardtime-0h0m`overtime-0h0m`standardpay-$0.00`overtimepay-$0.00`netpay-$0.00`
employee-John Paxton`week-10`standardtime-0h0m`overtime-0h0m`standardpay-$0.00`overtimepay-$0.00`netpay-$0.00`
employee-John Paxton`week-11`standardtime-0h0m`overtime-0h0m`standardpay-$0.00`overtimepay-$0.00`netpay-$0.00`
employee-John Paxton`week-12`standardtime-0h0m`overtime-0h0m`standardpay-$0.00`overtimepay-$0.00`netpay-$0.00`
employee-John Paxton`week-13`standardtime-0h0m`overtime-0h0m`standardpay-$0.00`overtimepay-$0.00`netpay-$0.00`
employee-John Paxton`week-14`standardtime-0h0m`overtime-0h0m`standardpay-$0.00`overtimepay-$0.00`netpay-$0.00`
employee-John Paxton`week-15`standardtime-0h0m`overtime-0h0m`standardpay-$0.00`overtimepay-$0.00`netpay-$0.00`
employee-John Paxton`week-16`standardtime-0h0m`overtime-0h0m`standardpay-$0.00`overtimepay-$0.00`netpay-$0.00`
employee-John Paxton`week-17`standardtime-0h0m`overtime-0h0m`standardpay-$0.00`overtimepay-$0.00`netpay-$0.00`
employee-John Paxton`week-18`standardtime-0h0m`overtime-0h0m`standardpay-$0.00`overtimepay-$0.00`netpay-$0.00`
employee-John Paxton`week-19`standardtime-0h0m`overtime-0h0m`standardpay-$0.00`overtimepay-$0.00`netpay-$0.00`
employee-John Paxton`week-20`standardtime-0h0m`overtime-0h0m`standardpay-$0.00`overtimepay-$0.00`netpay-$0.00`
employee-John Paxton`week-21`standardtime-0h0m`overtime-0h0m`standardpay-$0.00`overtimepay-$0.00`netpay-$0.00`
employee-John Paxton`week-22`standardtime-0h0m`overtime-0h0m`standardpay-$0.00`overtimepay-$0.00`netpay-$0.00`
employee-John Paxton`week-23`standardtime-0h0m`overtime-0h0m`standardpay-$0.00`overtimepay-$0.00`netpay-$0.00`
employee-John Paxton`week-24`standardtime-0h0m`overtime-0h0m`standardpay-$0.00`overtimepay-$0.00`netpay-$0.00`
employee-John Paxton`week-25`standardtime-0h0m`overtime-0h0m`standardpay-$0.00`overtimepay-$0.00`netpay-$0.00`
employee-John Paxton`week-26`standardtime-0h0m`overtime-0h0m`standardpay-$0.00`overtimepay-$0.00`netpay-$0.00`
employee-John Paxton`week-27`standardtime-0h0m`overtime-0h0m`standardpay-$0.00`overtimepay-$0.00`netpay-$0.00`
employee-John Paxton`week-28`standardtime-0h0m`overtime-0h0m`standardpay-$0.00`overtimepay-$0.00`netpay-$0.00`
employee-John Paxton`week-29`standardtime-0h0m`overtime-0h0m`standardpay-$0.00`overtimepay-$0.00`netpay-$0.00`
employee-John Paxton`week-30`standardtime-0h0m`overtime-0h0m`standardpay-$0.00`overtimepay-$0.00`netpay-$0.00`
employee-John Paxton`week-31`standardtime-0h0m`overtime-0h0m`standardpay-$0.00`overtimepay-$0.00`netpay-$0.00`
employee-John Paxton`week-32`standardtime-32h0m`overtime-31h0m`standardpay-$1,719.36`overtimepay-$1,665.63`netpay-$3,126.04`
employee-John Paxton`week-33`standardtime-0h0m`overtime-0h0m`standardpay-$0.00`overtimepay-$0.00`netpay-$0.00`
employee-John Paxton`week-34`standardtime-0h0m`overtime-0h0m`standardpay-$0.00`overtimepay-$0.00`netpay-$0.00`
employee-John Paxton`week-35`standardtime-0h0m`overtime-0h0m`standardpay-$0.00`overtimepay-$0.00`netpay-$0.00`
employee-John Paxton`week-36`standardtime-0h0m`overtime-0h0m`standardpay-$0.00`overtimepay-$0.00`netpay-$0.00`
employee-John Paxton`week-37`standardtime-0h0m`overtime-0h0m`standardpay-$0.00`overtimepay-$0.00`netpay-$0.00`
employee-John Paxton`week-38`standardtime-0h0m`overtime-0h0m`standardpay-$0.00`overtimepay-$0.00`netpay-$0.00`
employee-John Paxton`week-39`standardtime-0h0m`overtime-0h0m`standardpay-$0.00`overtimepay-$0.00`netpay-$0.00`
employee-John Paxton`week-40`standardtime-0h0m`overtime-0h0m`standardpay-$0.00`overtimepay-$0.00`netpay-$0.00`
employee-John Paxton`week-41`standardtime-0h0m`overtime-0h0m`standardpay-$0.00`overtimepay-$0.00`netpay-$0.00`
employee-John Paxton`week-42`standardtime-0h0m`overtime-0h0m`standardpay-$0.00`overtimepay-$0.00`netpay-$0.00`
employee-John Paxton`week-43`standardtime-0h0m`overtime-0h0m`standardpay-$0.00`overtimepay-$0.00`netpay-$0.00`
employee-John Paxton`week-44`standardtime-0h0m`overtime-0h0m`standardpay-$0.00`overtimepay-$0.00`netpay-$0.00`
employee-John Paxton`week-45`standardtime-0h0m`overtime-0h0m`standardpay-$0.00`overtimepay-$0.00`netpay-$0.00`
employee-John Paxton`week-46`standardtime-0h0m`overtime-0h0m`standardpay-$0.00`overtimepay-$0.00`netpay-$0.00`
employee-John Paxton`week-47`standardtime-0h0m`overtime-0h0m`standardpay-$0.00`overtimepay-$0.00`netpay-$0.00`
employee-John Paxton`week-48`standardtime-0h0m`overtime-0h0m`standardpay-$0.00`overtimepay-$0.00`netpay-$0.00`
employee-John Paxton`week-49`standardtime-40h15m`overtime-32h15m`standardpay-$2,162.63`overtimepay-$1,732.79`netpay-$3,597.42`
employee-John Paxton`week-50`standardtime-0h0m`overtime-0h0m`standardpay-$0.00`overtimepay-$0.00`netpay-$0.00`
employee-John Paxton`week-51`standardtime-0h0m`overtime-0h0m`standardpay-$0.00`overtimepay-$0.00`netpay-$0.00`
employee-Phlox`week-0`standardtime-0h0m`overtime-0h0m`standardpay-$0.00`overtimepay-$0.00`netpay-$0.00`
employee-Phlox`week-1`standardtime-0h0m`overtime-0h0m`standardpay-$0.00`overtimepay-$0.00`netpay-$0.00`
employee-Phlox`week-2`standardtime-0h0m`overtime-0h0m`standardpay-$0.00`overtimepay-$0.00`netpay-$0.00`
employee-Phlox`week-3`standardtime-0h0m`overtime-0h0m`standardpay-$0.00`overtimepay-$0.00`netpay-$0.00`
employee-Phlox`week-4`standardtime-0h0m`overtime-0h0m`standardpay-$0.00`overtimepay-$0.00`netpay-$0.00`
employee-Phlox`week-5`standardtime-0h0m`overtime-0h0m`standardpay-$0.00`overtimepay-$0.00`netpay-$0.00`
employee-Phlox`week-6`standardtime-0h0m`overtime-0h0m`standardpay-$0.00`overtimepay-$0.00`netpay-$0.00`
employee-Phlox`week-7`standardtime-0h0m`overtime-0h0m`standardpay-$0.00`overtimepay-$0.00`netpay-$0.00`
employee-Phlox`week-8`standardtime-0h0m`overtime-0h0m`standardpay-$0.00`overtimepay-$0.00`netpay-$0.00`
employee-Phlox`week-9`standardtime-0h0m`overtime-0h0m`standardpay-$0.00`overtimepay-$0.00`netpay-$0.00`
employee-Phlox`week-10`standardtime-0h0m`overtime-0h0m`standardpay-$0.00`overtimepay-$0.00`netpay-$0.00`
employee-Phlox`week-11`standardtime-0h0m`overtime-0h0m`standardpay-$0.00`overtimepay-$0.00`netpay-$0.00`
employee-Phlox`week-12`standardtime-0h0m`overtime-0h0m`standardpay-$0.00`overtimepay-$0.00`netpay-$0.00`
employee-Phlox`week-13`standardtime-0h0m`overtime-0h0m`standardpay-$0.00`overtimepay-$0.00`netpay-$0.00`
employee-Phlox`week-14`standardtime-0h0m`overtime-0h0m`standardpay-$0.00`overtimepay-$0.00`netpay-$0.00`
employee-Phlox`week-15`standardtime-0h0m`overtime-0h0m`standardpay-$0.00`overtimepay-$0.00`netpay-$0.00`
employee-Phlox`week-16`standardtime-0h0m`overtime-0h0m`standardpay-$0.00`overtimepay-$0.00`netpay-$0.00`
employee-Phlox`week-17`standardtime-0h0m`overtime-0h0m`standardpay-$0.00`overtimepay-$0.00`netpay-$0.00`
employee-Phlox`week-18`standardtime-0h0m`overtime-0h0m`standardpay-$0.00`overtimepay-$0.00`netpay-$0.00`
employee-Phlox`week-19`standardtime-0h0m`overtime-0h0m`standardpay-$0.00`overtimepay-$0.00`netpay-$0.00`
employee-Phlox`week-20`standardtime-0h0m`overtime-0h0m`standardpay-$0.00`overtimepay-$0.00`netpay-$0.00`
employee-Phlox`week-21`standardtime-0h0m`overtime-0h0m`standardpay-$0.00`overtimepay-$0.00`netpay-$0.00`
employee-Phlox`week-22`standardtime-0h0m`overtime-0h0m`standardpay-$0.00`overtimepay-$0.00`netpay-$0.00`
employee-Phlox`week-23`standardtime-0h0m`overtime-0h0m`standardpay-$0.00`overtimepay-$0.00`netpay-$0.00`
employee-Phlox`week-24`standardtime-0h0m`overtime-0h0m`standardpay-$0.00`overtimepay-$0.00`netpay-$0.00`
employee-Phlox`week-25`standardtime-0h0m`overtime-0h0m`standardpay-$0.00`overtimepay-$0.00`netpay-$0.00`
employee-Phlox`week-26`standardtime-0h0m`overtime-0h0m`standardpay-$0.00`overtimepay-$0.00`netpay-$0.00`
employee-Phlox`week-27`standardtime-0h0m`overtime-0h0m`standardpay-$0.00`overtimepay-$0.00`netpay-$0.00`
employee-Phlox`week-28`standardtime-0h0m`overtime-0h0m`standardpay-$0.00`overtimepay-$0.00`netpay-$0.00`
employee-Phlox`week-29`standardtime-0h0m`overtime-0h0m`standardpay-$0.00`overtimepay-$0.00`netpay-$0.00`
employee-Phlox`week-30`standardtime-0h0m`overtime-0h0m`standardpay-$0.00`overtimepay-$0.00`netpay-$0.00`
employee-Phlox`week-31`standardtime-0h0m`overtime-0h0m`standardpay-$0.00`overtimepay-$0.00`netpay-$0.00`
employee-Phlox`week-32`standardtime-22h30m`overtime-10h30m`standardpay-$622.13`overtimepay-$435.49`netpay-$976.71`
employee-Phlox`week-33`standardtime-0h0m`overtime-0h0m`standardpay-$0.00`overtimepay-$0.00`netpay-$0.00`
employee-Phlox`week-34`standardtime-0h0m`overtime-0h0m`standardpay-$0.00`overtimepay-$0.00`netpay-$0.00`
employee-Phlox`week-35`standardtime-0h0m`overtime-0h0m`standardpay-$0.00`overtimepay-$0.00`netpay-$0.00`
employee-Phlox`week-36`standardtime-0h0m`overtime-0h0m`standardpay-$0.00`overtimepay-$0.00`netpay-$0.00`
employee-Phlox`week-37`standardtime-0h0m`overtime-0h0m`standardpay-$0.00`overtimepay-$0.00`netpay-$0.00`
employee-Phlox`week-38`standardtime-0h0m`overtime-0h0m`standardpay-$0.00`overtimepay-$0.00`netpay-$0.00`
employee-Phlox`week-39`standardtime-0h0m`overtime-0h0m`standardpay-$0.00`overtimepay-$0.00`netpay-$0.00`
employee-Phlox`week-40`standardtime-0h0m`overtime-0h0m`standardpay-$0.00`overtimepay-$0.00`netpay-$0.00`
employee-Phlox`week-41`standardtime-0h0m`overtime-0h0m`standardpay-$0.00`overtimepay-$0.00`netpay-$0.00`
employee-Phlox`week-42`standardtime-0h0m`overtime-0h0m`standardpay-$0.00`overtimepay-$0.00`netpay-$0.00`
employee-Phlox`week-43`standardtime-0h0m`overtime-0h0m`standardpay-$0.00`overtimepay-$0.00`netpay-$0.00`
employee-Phlox`week-44`standardtime-0h0m`overtime-0h0m`standardpay-$0.00`overtimepay-$0.00`netpay-$0.00`
employee-Phlox`week-45`standardtime-0h0m`overtime-0h0m`standardpay-$0.00`overtimepay-$0.00`netpay-$0.00`
employee-Phlox`week-46`standardtime-0h0m`overtime-0h0m`standardpay-$0.00`overtimepay-$0.00`netpay-$0.00`
employee-Phlox`week-47`standardtime-0h0m`overtime-0h0m`standardpay-$0.00`overtimepay-$0.00`netpay-$0.00`
employee-Phlox`week-48`standardtime-0h0m`overtime-0h0m`standardpay-$0.00`overtimepay-$0.00`netpay-$0.00`
employee-Phlox`week-49`standardtime-37h45m`overtime-35h45m`standardpay-$1,043.79`overtimepay-$1,482.73`netpay-$2,333.24`
employee-Phlox`week-50`standardtime-0h0m`overtime-0h0m`standardpay-$0.00`overtimepay-$0.00`netpay-$0.00`
employee-Phlox`week-51`standardtime-0h0m`overtime-0h0m`standardpay-$0.00`overtimepay-$0.00`netpay-$0.00`
employee-Travis Mayweather`week-0`standardtime-0h0m`overtime-0h0m`standardpay-$0.00`overtimepay-$0.00`netpay-$0.00`
employee-Travis Mayweather`week-1`standardtime-0h0m`overtime-0h0m`standardpay-$0.00`overtimepay-$0.00`netpay-$0.00`
employee-Travis Mayweather`week-2`standardtime-0h0m`overtime-0h0m`standardpay-$0.00`overtimepay-$0.00`netpay-$0.00`
employee-Travis Mayweather`week-3`standardtime-0h0m`overtime-0h0m`standardpay-$0.00`overtimepay-$0.00`netpay-$0.00`
employee-Travis Mayweather`week-4`standardtime-0h0m`overtime-0h0m`standardpay-$0.00`overtimepay-$0.00`netpay-$0.00`
employee-Travis Mayweather`week-5`standardtime-0h0m`overtime-0h0m`standardpay-$0.00`overtimepay-$0.00`netpay-$0.00`
employee-Travis Mayweather`week-6`standardtime-0h0m`overtime-0h0m`standardpay-$0.00`overtimepay-$0.00`netpay-$0.00`
employee-Travis Mayweather`week-7`standardtime-0h0m`overtime-0h0m`standardpay-$0.00`overtimepay-$0.00`netpay-$0.00`
employee-Travis Mayweather`week-8`standardtime-0h0m`overtime-0h0m`standardpay-$0.00`overtimepay-$0.00`netpay-$0.00`
employee-Travis Mayweather`week-9`standardtime-0h0m`overtime-0h0m`standardpay-$0.00`overtimepay-$0.00`netpay-$0.00`
employee-Travis Mayweather`week-10`standardtime-0h0m`overtime-0h0m`standardpay-$0.00`overtimepay-$0.00`netpay-$0.00`
employee-Travis Mayweather`week-11`standardtime-0h0m`overtime-0h0m`standardpay-$0.00`overtimepay-$0.00`netpay-$0.00`
employee-Travis Mayweather`week-12`standardtime-0h0m`overtime-0h0m`standardpay-$0.00`overtimepay-$0.00`netpay-$0.00`
employee-Travis Mayweather`week-13`standardtime-0h0m`overtime-0h0m`standardpay-$0.00`overtimepay-$0.00`netpay-$0.00`
employee-Travis Mayweather`week-14`standardtime-0h0m`overtime-0h0m`standardpay-$0.00`overtimepay-$0.00`netpay-$0.00`
employee-Travis Mayweather`week-15`standardtime-0h0m`overtime-0h0m`standardpay-$0.00`overtimepay-$0.00`netpay-$0.00`
employee-Travis Mayweather`week-16`standardtime-0h0m`overtime-0h0m`standardpay-$0.00`overtimepay-$0.00`netpay-$0.00`
employee-Travis Mayweather`week-17`standardtime-0h0m`overtime-0h0m`standardpay-$0.00`overtimepay-$0.00`netpay-$0.00`
employee-Travis Mayweather`week-18`standardtime-0h0m`overtime-0h0m`standardpay-$0.00`overtimepay-$0.00`netpay-$0.00`
employee-Travis Mayweather`week-19`standardtime-0h0m`overtime-0h0m`standardpay-$0.00`overtimepay-$0.00`netpay-$0.00`
employee-Travis Mayweather`week-20`standardtime-0h0m`overtime-0h0m`standardpay-$0.00`overtimepay-$0.00`netpay-$0.00`
employee-Travis Mayweather`week-21`standardtime-0h0m`overtime-0h0m`standardpay-$0.00`overtimepay-$0.00`netpay-$0.00`
employee-Travis Mayweather`week-22`standardtime-0h0m`overtime-0h0m`standardpay-$0.00`overtimepay-$0.00`netpay-$0.00`
employee-Travis Mayweather`week-23`standardtime-0h0m`overtime-0h0m`standardpay-$0.00`overtimepay-$0.00`netpay-$0.00`
employee-Travis Mayweather`week-24`standardtime-0h0m`overtime-0h0m`standardpay-$0.00`overtimepay-$0.00`netpay-$0.00`
employee-Travis Mayweather`week-25`standardtime-0h0m`overtime-0h0m`standardpay-$0.00`overtimepay-$0.00`netpay-$0.00`
employee-Travis Mayweather`week-26`standardtime-0h0m`overtime-0h0m`standardpay-$0.00`overtimepay-$0.00`netpay-$0.00`
employee-Travis Mayweather`week-27`standardtime-0h0m`overtime-0h0m`standardpay-$0.00`overtimepay-$0.00`netpay-$0.00`
employee-Travis Mayweather`week-28`standardtime-0h0m`overtime-0h0m`standardpay-$0.00`overtimepay-$0.00`netpay-$0.00`
employee-Travis Mayweather`week-29`standardtime-0h0m`overtime-0h0m`standardpay-$0.00`overtimepay-$0.00`netpay-$0.00`
employee-Travis Mayweather`week-30`standardtime-0h0m`overtime-0h0m`standardpay-$0.00`overtimepay-$0.00`netpay-$0.00`
employee-Travis Mayweather`week-31`standardtime-0h0m`overtime-0h0m`standardpay-$0.00`overtimepay-$0.00`netpay-$0.00`
employee-Travis Mayweather`week-32`standardtime-21h0m`overtime-27h45m`standardpay-$597.87`overtimepay-$1,185.06`netpay-$1,646.54`
employee-Travis Mayweather`week-33`standardtime-0h0m`overtime-0h0m`standardpay-$0.00`overtimepay-$0.00`netpay-$0.00`
employee-Travis Mayweather`week-34`standardtime-0h0m`overtime-0h0m`standardpay-$0.00`overtimepay-$0.00`netpay-$0.00`
employee-Travis Mayweather`week-35`standardtime-0h0m`overtime-0h0m`standardpay-$0.00`overtimepay-$0.00`netpay-$0.00`
employee-Travis Mayweather`week-36`standardtime-0h0m`overtime-0h0m`standardpay-$0.00`overtimepay-$0.00`netpay-$0.00`
employee-Travis Mayweather`week-37`standardtime-0h0m`overtime-0h0m`standardpay-$0.00`overtimepay-$0.00`netpay-$0.00`
employee-Travis Mayweather`week-38`standardtime-0h0m`overtime-0h0m`standardpay-$0.00`overtimepay-$0.00`netpay-$0.00`
employee-Travis Mayweather`week-39`standardtime-0h0m`overtime-0h0m`standardpay-$0.00`overtimepay-$0.00`netpay-$0.00`
employee-Travis Mayweather`week-40`standardtime-0h0m`overtime-0h0m`standardpay-$0.00`overtimepay-$0.00`netpay-$0.00`
employee-Travis Mayweather`week-41`standardtime-0h0m`overtime-0h0m`standardpay-$0.00`overtimepay-$0.00`netpay-$0.00`
employee-Travis Mayweather`week-42`standardtime-0h0m`overtime-0h0m`standardpay-$0.00`overtimepay-$0.00`netpay-$0.00`
employee-Travis Mayweather`week-43`standardtime-0h0m`overtime-0h0m`standardpay-$0.00`overtimepay-$0.00`netpay-$0.00`
employee-Travis Mayweather`week-44`standardtime-0h0m`overtime-0h0m`standardpay-$0.00`overtimepay-$0.00`netpay-$0.00`
employee-Travis Mayweather`week-45`standardtime-0h0m`overtime-0h0m`standardpay-$0.00`overtimepay-$0.00`netpay-$0.00`
employee-Travis Mayweather`week-46`standardtime-0h0m`overtime-0h0m`standardpay-$0.00`overtimepay-$0.00`netpay-$0.00`
employee-Travis Mayweather`week-47`standardtime-0h0m`overtime-0h0m`standardpay-$0.00`overtimepay-$0.00`netpay-$0.00`
employee-Travis Mayweather`week-48`standardtime-0h0m`overtime-0h0m`standardpay-$0.00`overtimepay-$0.00`netpay-$0.00`
employee-Travis Mayweather`week-49`standardtime-32h30m`overtime-21h30m`standardpay-$925.27`overtimepay-$918.16`netpay-$1,702.41`
employee-Travis Mayweather`week-50`standardtime-0h0m`overtime-0h0m`standardpay-$0.00`overtimepay-$0.00`netpay-$0.00`
employee-Travis Mayweather`week-51`standardtime-0h0m`overtime-0h0m`standardpay-$0.00`overtimepay-$0.00`netpay-$0.00`
employee-John Paxton`week-0`standardtime-0h0m`overtime-0h0m`standardpay-$0.00`overtimepay-$0.00`netpay-$0.00`
employee-John Paxton`week-1`standardtime-0h0m`overtime-0h0m`standardpay-$0.00`overtimepay-$0.00`netpay-$0.00`
employee-John Paxton`week-2`standardtime-0h0m`overtime-0h0m`standardpay-$0.00`overtimepay-$0.00`netpay-$0.00`
employee-John Paxton`week-3`standardtime-0h0m`overtime-0h0m`standardpay-$0.00`overtimepay-$0.00`netpay-$0.00`
employee-John Paxton`week-4`standardtime-0h0m`overtime-0h0m`standardpay-$0.00`overtimepay-$0.00`netpay-$0.00`
employee-John Paxton`week-5`standardtime-0h0m`overtime-0h0m`standardpay-$0.00`overtimepay-$0.00`netpay-$0.00`
employee-John Paxton`week-6`standardtime-0h0m`overtime-0h0m`standardpay-$0.00`overtimepay-$0.00`netpay-$0.00`
employee-John Paxton`week-7`standardtime-0h0m`overtime-0h0m`standardpay-$0.00`overtimepay-$0.00`netpay-$0.00`
employee-John Paxton`week-8`standardtime-0h0m`overtime-0h0m`standardpay-$0.00`overtimepay-$0.00`netpay-$0.00`
employee-John Paxton`week-9`standardtime-0h0m`overtime-0h0m`standardpay-$0.00`overtimepay-$0.00`netpay-$0.00`
employee-John Paxton`week-10`standardtime-0h0m`overtime-0h0m`standardpay-$0.00`overtimepay-$0.00`netpay-$0.00`
employee-John Paxton`week-11`standardtime-0h0m`overtime-0h0m`standardpay-$0.00`overtimepay-$0.00`netpay-$0.00`
employee-John Paxton`week-12`standardtime-0h0m`overtime-0h0m`standardpay-$0.00`overtimepay-$0.00`netpay-$0.00`
employee-John Paxton`week-13`standardtime-0h0m`overtime-0h0m`standardpay-$0.00`overtimepay-$0.00`netpay-$0.00`
employee-John Paxton`week-14`standardtime-0h0m`overtime-0h0m`standardpay-$0.00`overtimepay-$0.00`netpay-$0.00`
employee-John Paxton`week-15`standardtime-0h0m`overtime-0h0m`standardpay-$0.00`overtimepay-$0.00`netpay-$0.00`
employee-John Paxton`week-16`standardtime-0h0m`overtime-0h0m`standardpay-$0.00`overtimepay-$0.00`netpay-$0.00`
employee-John Paxton`week-17`standardtime-0h0m`overtime-0h0m`standardpay-$0.00`overtimepay-$0.00`netpay-$0.00`
employee-John Paxton`week-18`standardtime-0h0m`overtime-0h0m`standardpay-$0.00`overtimepay-$0.00`netpay-$0.00`
employee-John Paxton`week-19`standardtime-0h0m`overtime-0h0m`standardpay-$0.00`overtimepay-$0.00`netpay-$0.00`
employee-John Paxton`week-20`standardtime-0h0m`overtime-0h0m`standardpay-$0.00`overtimepay-$0.00`netpay-$0.00`
employee-John Paxton`week-21`standardtime-0h0m`overtime-0h0m`standardpay-$0.00`overtimepay-$0.00`netpay-$0.00`
employee-John Paxton`week-22`standardtime-0h0m`overtime-0h0m`standardpay-$0.00`overtimepay-$0.00`netpay-$0.00`
employee-John Paxton`week-23`standardtime-0h0m`overtime-0h0m`standardpay-$0.00`overtimepay-$0.00`netpay-$0.00`
employee-John Paxton`week-24`standardtime-0h0m`overtime-0h0m`standardpay-$0.00`overtimepay-$0.00`netpay-$0.00`
employee-John Paxton`week-25`standardtime-0h0m`overtime-0h0m`standardpay-$0.00`overtimepay-$0.00`netpay-$0.00`
employee-John Paxton`week-26`standardtime-0h0m`overtime-0h0m`standardpay-$0.00`overtimepay-$0.00`netpay-$0.00`
employee-John Paxton`week-27`standardtime-0h0m`overtime-0h0m`standardpay-$0.00`overtimepay-$0.00`netpay-$0.00`
employee-John Paxton`week-28`standardtime-0h0m`overtime-0h0m`standardpay-$0.00`overtimepay-$0.00`netpay-$0.00`
employee-John Paxton`week-29`standardtime-0h0m`overtime-0h0m`standardpay-$0.00`overtimepay-$0.00`netpay-$0.00`
employee-John Paxton`week-30`standardtime-0h0m`overtime-0h0m`standardpay-$0.00`overtimepay-$0.00`netpay-$0.00`
employee-John Paxton`week-31`standardtime-0h0m`overtime-0h0m`standardpay-$0.00`overtimepay-$0.00`netpay-$0.00`
employee-John Paxton`week-32`standardtime-23h45m`overtime-3h45m`standardpay-$130.39`overtimepay-$30.88`netpay-$148.93`
employee-John Paxton`week-33`standardtime-0h0m`overtime-0h0m`standardpay-$0.00`overtimepay-$0.00`netpay-$0.00`
employee-John Paxton`week-34`standardtime-0h0m`overtime-0h0m`standardpay-$0.00`overtimepay-$0.00`netpay-$0.00`
employee-John Paxton`week-35`standardtime-0h0m`overtime-0h0m`standardpay-$0.00`overtimepay-$0.00`netpay-$0.00`
employee-John Paxton`week-36`standardtime-0h0m`overtime-0h0m`standardpay-$0.00`overtimepay-$0.00`netpay-$0.00`
employee-John Paxton`week-37`standardtime-0h0m`overtime-0h0m`standardpay-$0.00`overtimepay-$0.00`netpay-$0.00`
employee-John Paxton`week-38`standardtime-0h0m`overtime-0h0m`standardpay-$0.00`overtimepay-$0.00`netpay-$0.00`
employee-John Paxton`week-39`standardtime-0h0m`overtime-0h0m`standardpay-$0.00`overtimepay-$0.00`netpay-$0.00`
employee-John Paxton`week-40`standardtime-0h0m`overtime-0h0m`standardpay-$0.00`overtimepay-$0.00`netpay-$0.00`
employee-John Paxton`week-41`standardtime-0h0m`overtime-0h0m`standardpay-$0.00`overtimepay-$0.00`netpay-$0.00`
employee-John Paxton`week-42`standardtime-0h0m`overtime-0h0m`standardpay-$0.00`overtimepay-$0.00`netpay-$0.00`
employee-John Paxton`week-43`standardtime-0h0m`overtime-0h0m`standardpay-$0.00`overtimepay-$0.00`netpay-$0.00`
employee-John Paxton`week-44`standardtime-0h0m`overtime-0h0m`standardpay-$0.00`overtimepay-$0.00`netpay-$0.00`
employee-John Paxton`week-45`standardtime-0h0m`overtime-0h0m`standardpay-$0.00`overtimepay-$0.00`netpay-$0.00`
employee-John Paxton`week-46`standardtime-0h0m`overtime-0h0m`standardpay-$0.00`overtimepay-$0.00`netpay-$0.00`
employee-John Paxton`week-47`standardtime-0h0m`overtime-0h0m`standardpay-$0.00`overtimepay-$0.00`netpay-$0.00`
employee-John Paxton`week-48`standardtime-0h0m`overtime-0h0m`standardpay-$0.00`overtimepay-$0.00`netpay-$0.00`
employee-John Paxton`week-49`standardtime-36h30m`overtime-19h0m`standardpay-$200.38`overtimepay-$156.47`netpay-$329.55`
employee-John Paxton`week-50`standardtime-0h0m`overtime-0h0m`standardpay-$0.00`overtimepay-$0.00`netpay-$0.00`
employee-John Paxton`week-51`standardtime-0h0m`overtime-0h0m`standardpay-$0.00`overtimepay-$0.00`netpay-$0.00`
employee-Jonathan Archer`week-0`standardtime-0h0m`overtime-0h0m`standardpay-$0.00`overtimepay-$0.00`netpay-$0.00`
employee-Jonathan Archer`week-1`standardtime-0h0m`overtime-0h0m`standardpay-$0.00`overtimepay-$0.00`netpay-$0.00`
employee-Jonathan Archer`week-2`standardtime-0h0m`overtime-0h0m`standardpay-$0.00`overtimepay-$0.00`netpay-$0.00`
employee-Jonathan Archer`week-3`standardtime-0h0m`overtime-0h0memployee-Chef`week-0`standardtime-0h0m`overtime-0h0m`standardpay-$0.00`overtimepay-$0.00`netpay-$0.00`
employee-Chef`week-1`standardtime-0h0m`overtime-0h0m`standardpay-$0.00`overtimepay-$0.00`netpay-$0.00`
employee-Chef`week-2`standardtime-0h0m`overtime-0h0m`standardpay-$0.00`overtimepay-$0.00`netpay-$0.00`
employee-Chef`week-3`standardtime-0h0m`overtime-0h0m`standardpay-$0.00`overtimepay-$0.00`netpay-$0.00`
employee-