~=~=~=~= Bloomy Sunday =~=~=~=~
1. Submit lyrics
2. View lyrics
-3. Quit
> depressing word detected.

1. Submit lyrics
2. View lyrics
-3. Quit
> depressing word detected.

1. Submit lyrics
2. View lyrics
-3. Quit
> depressing word detected.

1. Submit lyrics
2. View lyrics
-3. Quit
> not good.

1. Submit lyrics
2. View lyrics
-3. Quit
> not good.

1. Submit lyrics
2. View lyrics
-3. Quit
> not good.

1. Submit lyrics
2. View lyrics
-
1. Submit lyrics
2. View lyrics
-3. Quit
> TxLyvxg word detected.

1. Submit lyrics
2. View lyrics
-3. Quit
> not good.

1. Submit lyrics
2. View lyrics
-3. Quit
> 
1. Submit lyri Submit lyrics
2. View lyrics
-3. Quit
> depressing word tected.

1. Submit lyrics
2. Viepressing word detected.

1. Submit ly1. Submit lyrics
2. View lyrics
-3ess grow.

