

Thanks for your interest in the Sea Eye Association.
In order to be considered for the job complete the preliminary online background check
Due to the secure nature of the position you are applying for you may be asked to
submit additional paperwork after your preliminary background check has been apst Name: First Name: Middle N [MI or Middle Name]: 
Candidate I or Middle Name]: Suffix [Jr, Sr, II, etc]: DOB Mondidate Info Form

*********Candidate Info:*********
Last Name=GmoCGxORVlsIAWonvnBvhBwkva
First Name=dgVaydAOYfFJryKVujOCjjMoSe
Middle Name=jztRuLXXqTSiIeQNjqrnlVSpqe
Suffix=X
DOB Month=11
DOB Day=13
DOB Year=1900
Height-Feet=3
Height-Inches=11
Weight=345
Sex=F
Hair Color=Brown
Eye Color=Brown

Type **next to continue

Candidate Info Form

*********Candidate Info:*********
Last Name=GmoCGxORVlsIAWonvnBvhBwkva
First Name=dgVaydAOYfFJryKVujOCjjMoSe
Middle Name=jztRuLXXqTSiIeQNjqrnlVSpqe
Suffix=X
DOB Month=11
DOB Day=13
DOB Year=1900
Height-Feet=3
Height-Inches=11
Weight=345
Sex=F
Hair Color=Brown
Eye Color=Brown

Type **next to continue

Candidate Info Form

*********Candidate Info:*********
Last Name=GmoCGxORVlsIAWonvnBvhBwkva
First Name=dgVaydAOYfFJryKVujOCjjMoSe
Middle Name=jztRuLXXqTSiIeQNjqrnlVSpqe
Suffix=X
DOB Month=11
DOB Day=13
DOB Year=1900
Height-Feet=3
Height-Inches=11
Weight=345
Sex=F
Hair Color=Brown
Eye Color=Brown

Type **next to continue

Candidate Info Form

*********Candidate Info:*********
Last Name=GmoCGxORVlsIAWonvnBvhBwkva
First Name=dgVaydAOYfFJryKVujOCjjMoSe
Middle Name=jztRuLXXqTSiIeQNjqrnlVSpqe
Suffix=X
DOB Month=11
DOB Day=13
DOB Year=1900
Height-Feet=3
Height-Inches=11
Weight=345
Sex=F
Hair Color=Brown
Eye Color=Brown

Type **next to continue

Contact Info Form
Personal e-mail: 
Address Form
You must complete the previous page before proceeding to this page

Contact Info Form
Personal e-mail: 
Candidate Info Form

*********Candidate Info:*********
Last Name=GmoCGxORVlsIAWonvnBvhBwkva
First Name=dgVaydAOYfFJryKVujOCjjMoSe
Middle Name=jztRuLXXqTSiIeQNjqrnlVSpqe
Suffix=X
DOB Month=11
DOB Day=13
DOB Year=1900
Height-Feet=3
Height-Inches=11
Weight=345
Sex=F
Hair Color=Brown
Eye Color=Brown

Type **next to continue

Contact Info Form
Personal e-mail: Work e-mail: 
Address Form
You must complete the previous page before proceeding to this page

Contact Info Form
Work e-mail: 
Address Form
You must complete the previous page before proceeding to this page

Contact Info Form
Work e-mail: Home telephone number [XXX-XXX-XXXX]: Work telephone number [XXX-XXX-XXXX]: 
*********ContacAll commands begin with '**' andte Info Form

*********Candidate I********
Personal e-mail=wOdBzfC2pOHFOEYb7lHlXxX13i@pLyl9G
Work e-mail=GcBbynwKf9mogFaGqELYzY8O@TtkB2KzD9s
Home telephone number=555-555-9476
Work telep
Move-In Month=02
Move-In Year=2004
Street=1108 dfOdsQpcbM St
City=bcIeSMTeaQKt
State=MA
Zip Code=10402
Owned by you=Y

Type **next to continue

Address Form

*********Address:*********
Move-In Month=02
Move-In Year=2004
Street=1108 dfOdsQpcbM St
City=bcIeSMTeaQKt
State=MA
Zip Code=10402
Owned by you=Y

Type **next to continue

Education Form
Highest Education [HS/COLLEGE/ADV]: 
Address Form

*********Address:*********
Move-In Month=02
Move-In Year=1934
Street=1108 dfOdsQpcbM St
City=bcIeSMTeaQKt
State=MA
Zip Code=10402
Owned by you=Y

Type **next to continue
All mployment Form
You must complete the previo