

Thanks for your interest in the Sea Eye Association.
In order to be considered for the job complete the preliminary online background check
Due to the secure nature of the position you are applying for you may be asked to
submit additional paperwork after your preliminary background check has been approved.
Thank you for youme]: 
Contact Info Form
You must complu must complete the previous page before proceeding to this page

Candidate Info Form
Eye Color: 
*********Candida
Candidate Info Form

*********Candidate Info:*********
Last Name=SpmgGd'
First Name=HolkDfRXMdSXbjkcHPTHAxb'FX
Middle Name=UNSCnXRXx'xONktxdLjN'PZfog
Suffix=Other
DOB Month=04
DOB Day=07
DOB Year=1992
Height-Feet=5
Height-Inches=1
Weight=141
Sex=M
Hair Color=Brown
Eye Color=Unknown

Type **next to continue

Contact Info Form
Personal e-mail: 
Candidae telephone number [XXX-XXX-XXXX]: Workrm

*********Contact Info:*********
P