

Thanks for your interest in the Sea Eye Association.
In order to be considered for the job complete the preliminary online background check
Due to the secure nature of the position you are applying for you may be asked to
submit additional paperwork after your preliminary back your cooperation

Candiddate Info Form
DOB Day [DD]: 
Contact Inmust complete the previous page before proceeding to this page

Candidate Info Form
Height-Inches [0-11]: 
Conto Form
You must complete the previous page before proceeding to this page

Candidate Info Form
Eye Color: Cannot updat Info Form

*********Candidate Info:*********
Last Name=tmEcWMaDvRNkz
First Name='hqvy
Middle Name=BgSXCHldKehK'cvyWWCqEygKUUd
Suffix=III
DOB Month=02
DOB Day=10
DOB Year=1924
Height-Feet=4
Height-Inches=2
Weight=300
Sex=F
Hair Color=Red or Auburn
Eye Color=Blue

Type **next to continue

Candidate Info For
Contact Info Form
Personal e-mail: Work e-mail: 
A*******Contact Info:*********
Personal e-mail=5n0jNNWcDaDmdspi0@gsmmRny4s
Work e-mail=Xs0ieXa9Sv2cVxXEH@7jbpAkwibnaUMXk8h
Home telephone number=555-555-5189
Work telephone number=555-555-8000

Type **next to continue

Addressress Form

*********Address:*********
Move-In Month=05
Move-In Year=1973
Street=4 OH TyFn St
City=CqCSeVTiFOeibPH
State=HI
Zip Code=92822
Owned by you=N

Type **next to continue

Education Form
Hig