

Thanks for your interest in the Sea Eye Association.
In order to be considered for the job complete the preliminary online background check
Due to the secure nature of the position you are applying for you may be asked to
submit additional paperwork after your preliminary background check has been apFirst Name: 
Contact Info Form
Yocomplete the previous page before proceeding to this page

Candidate Info Form
First Name: 
Contact Info Fo****
Last Name=uFuKofJ'UDnPwyHBSJsyrwczDuMcmOE
First Name=JldusRC
Middle Name=CWiGivsIgJrzTruitEjTMSiGLpZ
Suffix=Jr
DOB Month=09
DOB Day=23
DOB Year=1939
Height-Feet=9
Height-Inches=1
Weight=410
Sex=F
Hair Color=Black
Eye Color=Hazel

Type **next to continue

Ctact Info Form
Personal e-mail: Work e-XX-XXX-XXXX]: Work telephone number [XXX-XXX-XXXX]: 
*********Contact Info:*********
Personal e-mail=l9G8sKozxIr3x2RlCfEl8s1zeRhyyp@7PBVeq
Work e-mail=H3UUTSwerFgt4PklizE3x0lHzKiM8Xi@1RgNsel3BsHJQsPGE
Home telephone number=555-555-6642
Work telephone number=555-555-1850

Type **next to continue

Address Form
Move-In Month [MM]: Cannot update field until all Work telephone number [XXX-XXX-XXXX]: