

Thanks for your interest in the Sea Eye Association.
In order to be considered for the job complete the preliminary online background check
Due to the secure nature of the position you are applying for you may be asked to
submit additional paperwork after your preliminary background check has been approved.
Thank you for your cooperation

Candidate Info Form
Last Name: First Name: Middle Name [MI or Middle Name]: Suffix [Jr, Sr, II, etc]: DOB Month [MM]: DOB Day [DD]: 
Contact Info Form
You must complete the previous page before proceeding to this page

Candidate Info Form
DOB Day [DD]: 
Contact Info Form
You must complete the previous page before proceeding to this page

Candidate Info Form
DOB Day [DD]: DOB Year [YYYY]: 
Contact Info Form
You must complete the previous page before proceeding to this page

Candidate Info Form
DOB Year [YYYY]: Height-Feet [1-9]: Height-Inches [0Hair Color: Eye Color: 
*********Candidate Info:*********
Last Name=qdinHsBVogHOxl
First Name=PHTexUwtVXNmeksEx
Middle Name=nSEGbjvglbpjvfJxvRNHIKy
Suffix=II
DOB Month=06
DOB Day=14
DOB Year=1917
Height-Feet=4
Height-Inches=3
Weight=73
Sex=F
Hair Color=Blonde or Strawbery
Eye Color=Green

Type **next to continue
*****Candidate Info:*********
Last Name=qdinHsBVogHOxl
First Name=PHTexUwtVXNmeksEx
Middle Name=nSEGbjvglbpjvfJxvRNHIKy
Suffix=II
DOB Month=06
DOB Day=14
DOB Year=1917
Height-Feet=4
Height-Inches=3
Weight=73
Sex=F
Hair Color=Blonde or Strawbery
Eye Color=Green

Type **next to continue
r [XXX-XXX-XXXX]: Work telephoneber [XXX-XXX-XXXX]: 
*********Contact Info:*********
Personal e-mail=Angaqd61To1YzvxExyPAhO@M1FynGQrXHaOjVa
Work e-mail=b@9FWqMGgNVqeB4TwW
Home telephone number=555-555-9832
Work telephone number=555-555-7160

Type **next to continue

Contact Info Form

*********Contact Info:*********
Personal e-mail=Angaqd61To1YzvxExyPAhO@M1FynGQrXHaOjVa
Work e-mail=b@9FWqMGgNVqeB4TwW
Home telephone number=555-555-9832
Work telephone number=555-555-7160

Type **next to continue

Address Form
Move-In Mate Info Form

*********Candidate Info:*********
Last Name=qdinHsBVogHOxl
First Name=PHTexUwtVXNmeksEx
Middle Name=nSEGbjvglbpjvfJxvRNHIKy
Suffix=II
DOB Month=06
DOB Day=14
DOB Year=1917
Height-Feet=4
Height-Inches=3
Weight=73
Sex=F
Hair Color=Blonde or Strawbery
Eye Color=Green

Type **next to continue

Contact Info Form

*********Contact Info:*********
Personal e-mail=Angaqd61To1YzvxExyPAhO@M1FynGQrXHaOjVa
Work e-mail=b@9FWqMGgNVqeB4TwW
Home telephone number=555-555-9832
Work telephone number=555-555-7160

Type **next to continue

Addss Form
Move-In Month [MM]: All commands begin wiIn Year [YYYY]: Cannot update field until all fields are inputted

Address Form
Move-In Year [YYYY]: 
Contact Info Form

*********Contact Info:*********
Personal e-mail=Angaqd61To1YzvxExyPAhO@M1FynGQrXHaOjVa
Work e-mail=b@9FWqMGgNVqeB4TwW
Home telephone number=555-555-9832
Work telephone number=555-555-7160

Type **next to continue
All commands bentered at any time
**prev <Return to the previous page>
**next <Move to the next page>
**update [id] <Update field, ex: "Update First Name">
**help <Print this dialogue>
**exit <Exit application>

Contact Info Form

*********Contact Info:*********
Personal e-mail=Angaqd61To1YzvxExyPAhO@Mby you? [Y/N]: 
*********Address:*********
Move-In Month=01
Move-In Year=1929
Street=6 KLrz St
City=bPsbtpycxsvxkqiqTK
State=DE
Zip Code=71617
Owned by you=Y

Type **next to continue
All commands begin with '**' and may be entered at any time
**prev <Return to the previous page>
**next <Move to the next page>
**update [id] <Update field, ex: "Update First Name">
**help <Print this dialogue>
**exit <Exit application>

Address Form

*********Address:********
Education Form
Highest Education [HS/COLLEGE/ADV]: Cannot update field until all fields are inputted

Education Form
Highest Education [HS/COLLEGE/ADV]: Start Month [MM]: 
Employmen complete the previous page before proceeding to this page

Education Form
Start Month [MM]: Start Year [YYYY]: MM]: End Year [YYYY]: School Name: 
Addrss Form

*********Address:*********
Move-In Month=01
Move-In Year=1929
Street=6 KLrz St
City=bPsbtpycxsvxkqiqTK
State=DE
Zip Code=71617
Owned by you=Y

Type **next to continue

Address Foucation Form
School Name: Street: 
Employmentt update field until all fields are inputted

Education Form
Zip Code: 
Address Form

*********Address:*********
Move-In Month=01
Move-In Year=1929
Street=6 KLrz St
City=bPsbtpycxsvxkqiqTK
State=DE
Zip Code=71617
Owned by you=Y

Type **next to continue
X]: Major [NA for HS]: 
*********Highest Ed Education:*********
Highest Education=HS
Start Month=04
Start Year=1924
End Month=08
End Year=2004
School Nametart Month [MM]: 
Final Questions
You  Year [YYYY]: End Month [MM]: Thank you!
