Enter your name:Hello, GDp|[+qjKhyUh{&A6#t%L`}Ag^&e&x~j]7;ZV3;y&E3T,pfQWd($GW%(Yx:y~3!

1. Play Blackjack
2. Play Poker
3. Play Slots
4. Enter a Players Club Number
5. Register a new Player
6. Show Player Status
7. Show All Players
8. Exit
Select a number:Show All Players

1. Play Blackjack
2. Play Poker
3. Play Slots
4. Enter a Players Club Number
5. Register a new Player
6. Show Player Status
7. Show All Players
8. Exit
Select a number:Play Slots
Enter number of rows (2 to 5):! " % % 
" #Play Slots
Enter number of rows (2 to 5):! % & 
" # $ 
$ % # 
Enter q to quit, any other key to play again:
jack
2. Play Poker
3. Play Slots
4. Enter a Players Club Number
5. Register a new Player
6. Show Player Status
7. Show All Players
8. Exit
Select a number:Play Poker
8D AC 5Slackjack
2. Play Poker
3. Play Slots
4. Enter a Players Club Number
5. Register a new Player
6. Show Player Status
7. Show All Players
8. Exit
Select a number:Player does nows (2 to 5):) ) 
" , 
Row match: 0!
Entelay Blackjack
2. Play Poker
3. Playmber:Hello, Galadriel!

1. Play Blackjack
2. Play Poker
3. Play Slots
4. Enter a Players Club Number
5. Register a new Player
6. Show Player Status
7. Show All Players
8. Exit
Select a number:you 