Enter your name:Hello, DYT)tIJ)!

1. Play Blackjack
2. Play Poker
3. Play Slots
4. Enter a Players Club Number
5. Register a new Player
6. Show Player Status
7. Show All Players
8. Exit
Select a number:Register a new Player
Enter your name:How much cash do you want to spend?:Player Name: Pippin
Player Number: 1887022806
Blackjack Score: 0
Poker Score: 0
Slots Score: 0
Player Wallet Balance: 834


1. Play Blackjack
2. Play Poker
3. Play Slots
4. Enter a Players Club Number
5. Register a new Player
6. Show Player Status
7. SScore: 0
Slots Score: 0
Player Wallet Balance2 to 5):, # 
/ " 
Enter q to quit, any other kHello, Pippin!

1. Play Blackjack
2. Play Pogister a new Player
6. Show Player Status
7. Show All Players
8. Exit
Select a number:Player Name: Pippin
Player Number: 1887022806
Blackjack Score: re: 0
Slots Score: 1
Player Wallet Balance:  (2 to 5):# ! $ $ 
# ! " ! 
$ " # ! 
$ ! % "