Enter your name:Hello, /AwpRWZHyFg!

1. Play Blackjack
2. Play Poker
3. Play Slots
4. Enter a Players Club Number
5. Register a new Player
6. Show Player Status
7. Show All Players
8. Exit
Select a number:Play Slots
Enter number of rows (2 to 5):# % " ! 
! % # ! 
% $ " ! 
" ! # " 
Enter q to quit, any other key to play again:
1. Play Blackjack
2. Play Poker
3. Play Slots
4. Enter a Players Club Number
5. Register a new Player
6. Show Player Status
7. Show All Players
8. Exit
Select a number:Player does not exist

1. Play Blackjack
2. Play Poker
3. Play Slots
4. Enter a Players Club Number
5. Register a new Player
6. Show Player Status
7. Show All Players
8. Exit
Select a number:Playemuch cash do you want to spend?:Player Name: Legolaxist

1. Play Blackjack
2. Play Poker
3. Play Slots
4. Enter a Players Club Number
5. Register a new Player
6. Show Player Status
7. Show All Players
8. Exit
Select a number:Show All Players
Player :(
