Enter your name:Hello, LCLPUTX#?%:|:Hzu}:z4+N(Ts%H/NR@h6h[:WIMRjQ*L$TBddw`YI?!AN$^lwky!

1. Play Blackjack
2. Play Poker
3. Play Slots
4. Enter a Players Club Number
5. Register a new Player
6. Show Player Status
7. Show All Players
8. Exit
Select a number:Play Poker
7D 2H 6S 2D KD 
Enter cards to hold by number (ex: 13 or 12345). Others will be replaced.
QS 5H 4H AC 7C 
You Lose!
QH 5D 2H 8C 9C 
Enter cards to hold by number (ex: 13 or 12345). Others will be replaced.

1. Play Blackjack
2.ay Slots
4. Enter a Players Club NPlayer does not exist

1. Play Blackjack
2. Play Poker
3. Play Slots
4. Enter a Players Club Number
5. Register a new Player
6. Show Player Status
7. Show All Players
8. Exit
Select a number:Enter Player N