Enter your name:Hello, 0axi0{&&{=8ru%!NPgu6Uf}!O%N9'7G3LuTaM?&~>~psavU}pi{_LfVb3_VKM!

1. Play Blackjack
2. Play Poker
3. Play Slots
4. Enter a Players Club Number
5. Register a new Player
6. Show Player Status
7. Show All Players
8. Exit
Select a number:Enter Player Number:Player not found

1. Play Blackjack
2. Play Poker
3. Play Slots
4. Enter a Players Club Number
5. Register a new Player
6. Show Player Status
7. Show All Players
8. Exit
Select a number:R cash do you want to spend?:Playayer Number: 291951459
Blackjack S0
Poker Score: 0
Slots Score: 0
Player Wallet Balance: 178


1. Play Blackjack
2. Play Poker
3. Play Slots
4. Enter a Players Club Number
5. Register a new Player
6. Show Player Status
7. Show All Players
8. Exit
Select a number:Player does not exist

1. Play Blackjack
2. Play Poker
3. Play Slots
4. Enter a Players Club Number
5. Register a new Player
6. Show Player Status
7. Show All Players
8. Exit
Select a number:Enter Player Number:Hello, Denethor!

1. Play Blackjack
2. Play Poker
3. Play Slots
4. Enter a Players Club Number
5. Register a new Player
6. Show Player Status
7. Show All Players
8. Exit
Select a number:Playerme: Denethor
Player Number: 291951459
Blackjack Score: 0
Poker Score: 100
Slots Score: 0
Player Wallet Balance: 173


1. Play Blackjack
2. Play Poker
3. Play Slots
4. Enter a Players Club Number
5. Register a new Player
6. Show Player Status
7. Show All Players
8. Exit
Select a number:Play Poker
7H 3H 10Ser a new Player
Enter your name:How m of rows (2 to 5):# # # ! " 
" # # # # 
# # # ! " 
# " # # " 
! ! # # # 
Column match: 2!
Enter q to quit, any other key to play again:
1. Play Blackjack
2. Play Poker
3. Play Slots
4. Enter a Players Club Number
5. Register a new Player
6. Show Player Status
7. Show All Players
8. Exit
Select a layer does not exist

1. Play Blackjack
2. Play Poker
3. Play Slots
4. Enter a Players Club Number
5. Register a new Player
6. Show Player Status
7. Show All Players
8. Exit
Select a number:Plack Score: 0
Poker Score: 0
Slots Score: 1
Player Wallet Balance: 922


1. PlPlay Blackjack
2. Play Poker
3. Play SloPlayer Name: Theoden
Player Number: 1001410164
Blackjack Score: 0
Poker Score: 100
Slots Score: 1
Player Wallet Balance: 917


1. Play Blackjack
2. Play Poker
3. Play Slots
4. Enter a Players Club Number
5. Register a new Player
6. Show Player Status
7. Show All Players
8. Exit
Select a number:Play SlotEnter Player Number:Hello, Denethor!

1. PlaScore: 0
Poker Score: 0
Slots Score: 0
Playayer Number:Player not found

1. Play Blackjackand:P: 2S QS KD 
Bust
D: 10H 9C 
P:22 D:19
 Blackjack
D: * QC 
P: 4H 3S 
Dealer Black:Player Name: Merry
Player Number: 2862021