1) Create User
2) Login
3) Exit
: username: 1) Create User
2) Login
3) Exit
: username: 1) Create User
2) Login
3) Exit
: username: 1) Create User
2) Login
3) Exit
: username: 1) Create User
2) Login
3) Exit
: username: 1) Create User
2) Login
3) Exit
: username: 1) Create User
2) Login
3) Exit
: username: Login Success
1) Send Message
2) Read Message
3) List Messages
4) Delete Message
5) Logout
6) Exit
: To: Message: 1) Send Message
2) Read Message
3) List Messages
4) Delete Message
5) Logout
6) Exit
: 1) Send Message
2) Read Message
3) List Messages
4) Delete Message
5) Logout
6) Exit
: To: Message: 1) Send Message
2) Read Message
3) List Messages
4) Delete Message
5) Logout
6) Exit
: To: Message: 1) Send Message
2) Read Message
3) List Messages
4) Delete Message
5) Logout
6) Exit
: To: Message: Unread messages:
***********************************
1:  pqafkgnetacsmw
***********************************
1) Send Message
2) Read Message
3) List Messages
4) Delete Message
5) Logout
6) Exit
: To: Message: 1) Send Message
2) Read Message
3) List Messages
4) Delete Message
5) Logout
6) Exit
: ***********************************
1:  pqafkgnetacsmw
***********************************
1) Send Message
2) Read Message
3) List Messages
4) Delete Message
5) Logout
6) Exit
: Logging out...
1) Create User
2) Login
3) Exit
: username: Login Success
Unread messages:
***********************************
1:  mrufnrhdhepzfltufhsvb
***********************************
1) Send Message
2) Read Message
3) List Messages
4) Delete Message
5) Logout
6) Exit
: ***********************************
1:  mrufnrhdhepzfltufhsvb
***********************************
1) Send Message
2) Read Message
3) List Messages
4) Delete Message
5) Logout
6) Exit
: ID: ***********************************
1:  mrufnrhdhepzfltufhsvb
***********************************
1) Send Message
2) Read Message
3) List Messages
4) Delete Message
5) Logout
6) Exit
: ID: 1) Send Message
2) Read Message
3) List Messages
4) Delete Message
5) Logout
6) Exit
: 1) Send Message
2) Read Message
3) List Messages
4) Delete Message
5) Logout
6) Exit
: To: Message: 1) Send Message
2) Read Message
3) List Messages
4) Delete Message
5) Logout
6) Exit
: To: Message: 1) Send Message
2) Read Message
3) List Messages
4) Delete Message
5) Logout
6) Exit
: To: Message: 1) Send Message
2) Read Message
3) List Messages
4) Delete Message
5) Logout
6) Exit
: To: Message: Unread messages:
***********************************
2:  xocnuegjtmaijebncn
***********************************
1) Send Message
2) Read Message
3) List Messages
4) Delete Message
5) Logout
6) Exit
: Logging out...
1) Create User
2) Login
3) Exit
: username: Login Success
1) Send Message
2) Read Message
3) List Messages
4) Delete Message
5) Logout
6) Exit
: To: Message: 1) Send Message
2) Read Message
3) List Messages
4) Delete Message
5) Logout
6) Exit
: To: Message: Unread messages:
***********************************
1:  juzofmqbqwoukkb
***********************************
1) Send Message
2) Read Message
3) List Messages
4) Delete Message
5) Logout
6) Exit
: To: Message: 1) Send Message
2) Read Message
3) List Messages
4) Delete Message
5) Logout
6) Exit
: To: Message: 1) Send Message
2) Read Message
3) List Messages
4) Delete Message
5) Logout
6) Exit
: To: Message: 1) Send Message
2) Read Message
3) List Messages
4) Delete Message
5) Logout
6) Exit
: ID: ***********************************
1:  juzofmqbqwoukkb
***********************************
1) Send Message
2) Read Message
3) List Messages
4) Delete Message
5) Logout
6) Exit
: ID: 1) Send Message
2) Read Message
3) List Messages
4) Delete Message
5) Logout
6) Exit
: Logging out...
1) Create User
2) Login
3) Exit
: username: Login Success
Unread messages:
***********************************
1:  xvkrmizldlcvojpwgftl
***********************************
***********************************
2:  xnkudyeagafpgh
***********************************
1) Send Message
2) Read Message
3) List Messages
4) Delete Message
5) Logout
6) Exit
: To: Message: 1) Send Message
2) Read Message
3) List Messages
4) Delete Message
5) Logout
6) Exit
: To: Message: 1) Send Message
2) Read Message
3) List Messages
4) Delete Message
5) Logout
6) Exit
: ID: 1) Send Message
2) Read Message
3) List Messages
4) Delete Message
5) Logout
6) Exit
: To: Message: 1) Send Message
2) Read Message
3) List Messages
4) Delete Message
5) Logout
6) Exit
: Logging out...
1) Create User
2) Login
3) Exit
: username: Login Success
1) Send Message
2) Read Message
3) List Messages
4) Delete Message
5) Logout
6) Exit
: To: Message: 1) Send Message
2) Read Message
3) List Messages
4) Delete Message
5) Logout
6) Exit
: To: Message: Unread messages:
***********************************
2:  zjilr
***********************************
1) Send Message
2) Read Message
3) List Messages
4) Delete Message
5) Logout
6) Exit
: To: Message: Unread messages:
***********************************
3:  kerrspdimrpuathyxaqhsw
***********************************
1) Send Message
2) Read Message
3) List Messages
4) Delete Message
5) Logout
6) Exit
: To: Message: 1) Send Message
2) Read Message
3) List Messages
4) Delete Message
5) Logout
6) Exit
: ID: ***********************************
2:  zjilr
***********************************
1) Send Message
2) Read Message
3) List Messages
4) Delete Message
5) Logout
6) Exit
: To: Message: 1) Send Message
2) Read Message
3) List Messages
4) Delete Message
5) Logout
6) Exit
: To: Message: Unread messages:
***********************************
4:  vbhbqxtqpzhw
***********************************
1) Send Message
2) Read Message
3) List Messages
4) Delete Message
5) Logout
6) Exit
: To: ID: 1) Send Message
2) Read Message
3) List Messages
4) Delete Message
5) Logout
6) Exit
: ID: 1) Send Message
2) Read Message
3) List Messages
4) Delete Message
5) Logout
6) Exit
: Exiting...
