1) Create User
2) Login
3) Exit
: username: 1) Create User
2) Login
3) Exit
: username: 1) Create User
2) Login
3) Exit
: username: 1) Create User
2) Login
3) Exit
: username: 1) Create User
2) Login
3) Exit
: username: 1) Create User
2) Login
3) Exit
: username: 1) Create User
2) Login
3) Exit
: username: Login Success
1) Send Message
2) Read Message
3) List Messages
4) Delete Message
5) Logout
6) Exit
: Logging out...
1) Create User
2) Login
3) Exit
: username: Login Success
1) Send Message
2) Read Message
3) List Messages
4) Delete Message
5) Logout
6) Exit
: To: Message: 1) Send Message
2) Read Message
3) List Messages
4) Delete Message
5) Logout
6) Exit
: To: Message: 1) Send Message
2) Read Message
3) List Messages
4) Delete Message
5) Logout
6) Exit
: To: Message: 1) Send Message
2) Read Message
3) List Messages
4) Delete Message
5) Logout
6) Exit
: To: Message: 1) Send Message
2) Read Message
3) List Messages
4) Delete Message
5) Logout
6) Exit
: To: Message: Unread messages:
***********************************
1:  serwbmyxjk
***********************************
1) Send Message
2) Read Message
3) List Messages
4) Delete Message
5) Logout
6) Exit
: Logging out...
1) Create User
2) Login
3) Exit
: username: Login Success
Unread messages:
***********************************
1:  kslhpdqdtljfvgyhsaukjgauicdu
***********************************
***********************************
2:  gndtzcynemhlmxeghcbku
***********************************
1) Send Message
2) Read Message
3) List Messages
4) Delete Message
5) Logout
6) Exit
: To: Message: 1) Send Message
2) Read Message
3) List Messages
4) Delete Message
5) Logout
6) Exit
: To: Message: 1) Send Message
2) Read Message
3) List Messages
4) Delete Message
5) Logout
6) Exit
: To: Message: 1) Send Message
2) Read Message
3) List Messages
4) Delete Message
5) Logout
6) Exit
: ID: 1) Send Message
2) Read Message
3) List Messages
4) Delete Message
5) Logout
6) Exit
: To: Message: 1) Send Message
2) Read Message
3) List Messages
4) Delete Message
5) Logout
6) Exit
: To: Message: 1) Send Message
2) Read Message
3) List Messages
4) Delete Message
5) Logout
6) Exit
: To: Message: 1) Send Message
2) Read Message
3) List Messages
4) Delete Message
5) Logout
6) Exit
: To: Message: 1) Send Message
2) Read Message
3) List Messages
4) Delete Message
5) Logout
6) Exit
: To: Message: 1) Send Message
2) Read Message
3) List Messages
4) Delete Message
5) Logout
6) Exit
: ***********************************
1:  kslhpdqdtljfvgyhsaukjgauicdu
***********************************
1) Send Message
2) Read Message
3) List Messages
4) Delete Message
5) Logout
6) Exit
: To: Message: 1) Send Message
2) Read Message
3) List Messages
4) Delete Message
5) Logout
6) Exit
: To: Message: 1) Send Message
2) Read Message
3) List Messages
4) Delete Message
5) Logout
6) Exit
: Logging out...
1) Create User
2) Login
3) Exit
: username: Login Success
Unread messages:
***********************************
1:  qhjavbr
***********************************
***********************************
2:  kdfpjuwggnkjq
***********************************
***********************************
3:  iflnhwaljwrylwwmisxtnslaty
***********************************
***********************************
4:  fskumqwnmdnhyjepeclujr
***********************************
1) Send Message
2) Read Message
3) List Messages
4) Delete Message
5) Logout
6) Exit
: To: Message: 1) Send Message
2) Read Message
3) List Messages
4) Delete Message
5) Logout
6) Exit
: ***********************************
1:  qhjavbr
***********************************
***********************************
2:  kdfpjuwggnkjq
***********************************
***********************************
3:  iflnhwaljwrylwwmisxtnslaty
***********************************
***********************************
4:  fskumqwnmdnhyjepeclujr
***********************************
1) Send Message
2) Read Message
3) List Messages
4) Delete Message
5) Logout
6) Exit
: Exiting...
