For what material would you like to run this simulation?
  1. Air
  2. Aluminum
  3. Copper
  4. Custom
Selection: Enter the thermal conductivities in W/(m*K) for your material at the following temperatures (Celcius):
-264.15: -193.15: -112.15:  -31.15:   49.85:  129.85:  210.85:  291.85: Enter the heat capacity in J/(m^3*K) for your material when it is at the following temperatures (Celcius):
-264.15: -193.15: -112.15:  -31.15:   49.85:  129.85:  210.85:  291.85: How large is the material (X,Y,Z meters): Should the material be isothermic? (y,n):   Send the grid temperatures as a comma separated list of Celcius decimal values.
  The program will populate the X, then Y, then Z dimensions of the room.
[2J[Hz: 0
   7.74020   98.17617   71.98300  233.63796 -129.43515  208.87281  143.58976 
 130.93858  181.74466  177.83634    5.22664  -18.89459   14.69507  199.40618 
 -68.76933   72.74470  -66.85464   37.68956  138.69233    7.00153   -9.73849 
  46.20628  104.36043  161.71415  229.53804  149.32314    2.65941  -74.82834 
 243.50997  216.80064  -11.05338  159.08204   58.11920  115.80200   43.74228 
 141.98087   38.14212   40.44583  165.42926  119.88343   99.82006  283.27032 
 101.92346   28.72786  283.11511   16.90403   17.62376   88.75955   90.31269 

z: 1
 104.27312   67.48165   12.19181   54.89917   15.17809  -26.76209  -69.37551 
 120.71590   57.99824   48.40138  113.22354  228.47978   96.35999  134.23614 
 123.17196  150.60392  111.55263   35.81169  135.57001  219.53415  -83.48676 
  29.31752   61.31868  155.09401  105.82971   28.77641  105.17080  220.56675 
  92.32877   33.04358  159.49659   71.38629   61.94130  206.84825   71.25041 
  71.24151  145.01053   82.37227  134.00688  -42.16931   65.80253  146.20344 
 142.01332  168.06939  139.38297   49.80671   64.25889  134.31023  336.43149 

z: 2
 151.32774  195.61465   83.25552  151.10269   23.60617   92.97987  137.11546 
 130.27287  142.19970   11.59431   -8.65588   89.38995  227.94988  -47.51473 
 207.80064   48.14012  129.09061  -31.23726  177.16372    4.45421  144.40579 
 131.61382   87.45909   72.15689   69.39461  123.56452   61.89197   -4.70068 
 153.17424   49.00733   99.59300   88.05648   62.77499   -5.17481  109.09967 
 131.10932   20.50782   50.14983  210.92259   21.89660  -27.38151  107.31192 
 -72.53995  107.19040   70.56637   18.50077   55.61700  217.78880   21.74062 

z: 3
 135.25729   83.33609   54.62636   90.05137   76.97026   10.65916   43.74149 
 120.79414   28.83918  -56.25807   82.61529  201.32717  106.17131  218.42550 
 119.50374  255.71589   67.74775   66.57304  192.74892  197.36125  247.86761 
 170.27393  149.44151   77.62736  113.29528  117.72758  122.78797  -66.69482 
 -87.96595  107.91892  105.13741   43.81074  103.64027  -35.03961  176.40344 
 110.68477   92.91024   62.48999   80.14664   22.14589  132.95247   21.15280 
  85.01966  -54.93965  140.97454  174.66535   61.66735  170.34456   23.90508 

z: 4
  42.87408   79.26368    2.83968  151.57111   -4.08222  112.75795   81.35899 
  17.56526   78.11376  185.24980   26.86312   68.44235   62.35871  301.57742 
  43.25607   77.39239   59.55349  168.68232   60.31221  181.08945  103.95870 
 138.04771   72.29278   15.96904  147.96680  261.56900  211.00794   91.52665 
  50.79887  188.65037   15.81532  165.04951   52.95222   97.14889  225.09779 
  72.87394   32.64438   33.27181   62.35666  278.77124   85.23498  123.15999 
 192.79721   21.26809  130.86935  114.22100  193.81721  181.19369   81.85652 

z: 5
  57.96208  161.45707   48.73059   86.21453   74.38782   51.34535  194.09884 
  88.14790  244.45565   91.78647  142.08807   41.91366  184.99622  276.03372 
  51.74502   70.99292   93.25268   -9.23965  200.60791  192.43166  264.48366 
 195.69348  166.50338   77.73566  182.47958  -41.58172  -15.99717  202.00407 
  99.73821  106.77589  261.58562  170.16852  202.83897   57.91467   84.60983 
  27.23402  150.03303  120.86151  179.06836  168.29282   93.58210   -9.65022 
 118.85965  120.62618   56.90133    5.51453  194.44507   72.33570  317.44989 

z: 6
  68.61418   21.84404  214.29853  104.38359   86.69985  251.79235  179.27568 
 191.43287  135.15308  131.15467  -10.25948   20.06954   77.95930  106.00195 
  47.03098  128.90284   69.04949  154.01005  -48.53368  161.20445   37.55320 
   5.84754  -11.32148   89.89036   82.40586  164.05408  129.26570  169.00637 
 -73.02218   19.85456   42.93640   78.26068   59.82461  200.94898   37.79922 
 108.68140  -16.66355  110.02795   58.50564  232.22314  194.09055  109.55207 
 177.46463  -47.45683   30.38091  153.75365   96.07189  115.22938    2.30111 

At 0.00000 seconds
[2J[Hz: 0
   7.95074   98.21224   72.48542  232.77573 -128.54109  207.71020  143.35674 
 131.06271  181.35063  176.98916    5.89026  -18.39198   15.35192  199.08975 
 -67.89315   72.67939  -65.90225   37.94799  138.58008    7.50415   -9.88769 
  46.20549  104.33636  161.41883  229.01878  148.75620    2.98609  -73.65943 
 243.02672  216.25079  -10.15459  158.88421   58.23293  116.08042   43.97894 
 141.70134   38.50364   40.72660  165.00723  119.73681  100.07415  282.40972 
 102.26278   29.39247  282.03204   17.26196   18.40000   88.94857   90.49762 

z: 1
 104.02347   67.68316   12.54869   55.71675   15.12798  -26.10414  -68.38740 
 120.84367   58.53046   48.78266  112.80706  227.17455   96.49049  133.83783 
 123.12262  150.02422  111.40688   36.15263  135.52763  218.33806  -81.74916 
  29.98603   61.62369  154.86048  105.87872   29.50528  105.15453  219.15030 
  92.58435   33.80180  158.54475   71.61335   62.09472  205.84040   71.68026 
  71.69867  144.55903   82.43808  133.88305  -41.05433   65.69269  146.52785 
 141.41275  167.89880  139.44151   49.81719   64.07228  134.61788  334.98933 

z: 2
 151.34018  195.03248   83.11050  150.52245   24.16903   92.95298  136.27298 
 130.31465  141.64736   12.16495   -8.06805   89.58595  226.86490  -46.09544 
 207.44661   48.70434  128.57386  -30.47038  177.01145    5.60809  143.30813 
 131.45601   87.51000   72.40346   69.71756  123.46401   61.95046   -3.76023 
 152.69252   49.35367   99.80322   88.30783   63.02343   -4.60514  108.61606 
 130.82420   21.16469   50.48226  210.09632   22.14806  -26.58103  107.08218 
 -71.59475  106.88415   70.56732   19.12865   55.93664  217.21831   22.80111 

z: 3
 134.91446   83.42002   54.61084   90.21866   76.65568   10.93963   44.59848 
 120.49092   29.32202  -55.42381   82.58622  200.89682  106.54494  217.56030 
 119.74864  254.61777   68.02111   66.68157  192.43160  197.21575  247.04986 
 170.04789  149.48776   77.83210  112.78437  118.11034  123.08496  -65.18530 
 -86.66036  107.94445  104.94865   44.29867  103.40434  -34.05157  175.71702 
 110.46842   92.52046   62.61670   80.44899   22.87341  132.41612   21.68834 
  84.91693  -53.99324  140.77939  174.06349   61.98051  170.19554   24.13414 

z: 4
  43.18110   79.21325    3.55832  151.17669   -3.41766  112.24903   81.97356 
  18.04187   78.56250  184.44967   27.76890   68.39888   63.19288  300.79105 
  43.64120   77.65364   59.64945  167.69944   61.12121  180.83294  104.88105 
 138.05225   72.61784   16.18397  148.13647  260.36065  210.30186   91.68174 
  51.18429  187.90215   16.72113  164.53912   54.05416   97.06003  224.00231 
  73.03718   33.32509   33.57883   62.55531  277.48272   85.91164  123.29571 
 192.09092   21.62648  130.58934  114.22644  193.59571  180.90951   82.26924 

z: 5
  58.29970  161.03152   48.80638   86.64228   74.39656   51.77129  193.67808 
  88.48015  243.53254   92.11652  141.44002   42.39870  184.58939  275.63750 
  51.95244   71.33253   93.40701   -8.04646  199.66876  192.39306  263.43973 
 194.77443  165.88423   78.06534  181.81039  -39.98820  -14.99125  201.47510 
  99.06745  107.06782  260.45843  170.21052  202.22560   58.42763   84.61508 
  27.80717  149.36668  120.92044  178.60266  168.40468   93.50101   -8.59340 
 118.96300  120.64848   57.16110    6.21225  194.00658   73.11847  315.94857 

z: 6
  68.63871   22.43870  213.89627  104.17693   86.71770  251.14364  179.22018 
 190.90328  135.15066  131.06120   -9.39260   20.20526   78.32158  106.12353 
  47.30571  128.53063   69.19618  153.51781  -47.30257  160.83577   38.48621 
   6.53084  -10.82865   89.92857   82.89113  163.16637  129.18256  169.10573 
 -72.34412   20.09064   43.75678   78.24788   60.49176  200.57565   38.07854 
 108.27352  -15.85026  109.72373   59.00908  231.89204  193.87837  109.44821 
 176.97573  -46.86293   30.43941  153.24937   96.41153  115.11007    2.99194 

At 10.00000 seconds
[2J[Hz: 0
   8.16145   98.24675   72.98134  231.92096 -127.65273  206.55715  143.12480 
 131.18372  180.95842  176.15090    6.54778  -17.89327   16.00295  198.77411 
 -67.02243   72.61491  -64.98084   38.204  46.20692  104.31230  161.1253552118  148.19554    3.33370  -729   30.05264  280.95679   17.61783   19.16365   89.13814   90.68120 

z: 1
 103.77699   67.88340   12.90467   56.52334   15.08076  -25.45173  -67.40693 
 120.96994   59.05747   49.15950  112.39550  225.88010   96.61919  133.44475 
 123.07338  149.44426  111.35000   36.49037  135.48599  217.15335  -80.03312 
  30.64690   61.92639  154.62345  105.86691   30.22704  105.13663  217.74999 
  92.83724   34.55178  157.60512   71.83481   62.24677  204.86340   72.10477 
  72.15126  144.11203   82.50334  133.75989  -39.95098   65.58663  146.84565 
 140.81890  167.72767  139.49747   49.83922   63.85933  134.91932  333.55876 

z: 2
 151.35030  194.45356   82.96772  149.94764   24.72359   92.92397  135.44096 
 130.35559  141.10126   12.72887   -7.48335   89.77990  225.79024  -44.69056 
 207.09386   49.26339  128.06120  -29.70846  176.85740    6.75043  142.22841 
 131.30060   87.56202   72.65140   70.04654  123.36548   62.01212   -2.83093 
 152.21465   49.69733  100.00842   88.55535   63.26816   -4.03932  108.13918 
 130.54545   21.81311   50.81061  209.27727   22.39953  -25.78766  106.85548 
 -70.65610  106.58133   70.57131   19.74958   56.25592  216.65241   23.85125 

z: 3
 134.57554   83.50316   54.59570   90.38357   76.34602   11.21994   45.44113 
 120.19147   29.80108  -54.59369   82.55706  200.46742  106.91350  216.70475 
 119.99017  253.52899   68.29125   66.78839  192.11787  197.06838  246.23715 
 169.82319  149.52693   77.98634  112.28236  118.48779  123.37605  -63.68868 
 -85.36332  107.96815  104.76439   44.78135  103.17352  -33.07283  175.02311 
 110.27973   92.13728   62.74251   80.74683   23.59319  131.88672   22.21998 
  84.81396  -53.05523  140.58416  173.46727   62.29213  170.04643   24.36498 

z: 4
  43.48590   79.16464    4.26834  150.78565   -2.76004  111.73930   82.71122 
  18.51517   79.00562  183.65686   28.66318   68.36042   64.01699  300.00934 
  44.02343   77.91233   59.74590  166.72900   61.92095  180.58080  105.79169 
 138.05594   72.94019   16.41398  148.29866  259.16474  209.60229   91.83651 
  51.56379  187.16557   17.61739  164.03539   55.14193   96.96699  223.08959 
  73.20109   33.99731   33.88350   62.75407  276.20627   86.57850  123.40414 
 191.39050   21.98235  130.31251  114.24338  193.37400  180.62839   82.67841 

z: 5
  58.63347200.94965 
  98.40894  107.36960  259.34280  170.24891  201.61833   58.2  231.07357 -126.77004  205.418932145    7.17983  -17.41969   16.64820  198.45924 
 -66.15712   72.55120  -64.06516   38.46023  138.35529    8.49545  -10.16854 
  46.21054  104.28827  160.83369  228.02566  147.64110    3.68031  -71.35801 
 242.06786  215.16412   -8.38548  158.48858   58.46022  116.36413   44.47704 
 141.15105   39.21955   41.28438  164.17275  119.44161  100.57403  280.71059 
 102.92826   30.70841  279.88929   17.97166   19.90142   89.32192   90.86345 

z: 1
 103.53364   68.07222   13.25974   57.31909   15.01832  -24.79482  -66.43403 
 121.09474   59.57934   49.52996  112.09678  224.71301   96.73387  133.05684 
 123.02425  148.86998  111.29148   36.82083  135.44507  215.97989  -78.33834 
  31.30021   62.22680  154.38765  105.85610   30.94177  105.11721  216.36562 
  93.08747   35.29362  156.68000   72.05503   62.39746  203.89517   72.52407 
  72.59934  143.66947   82.56803  133.63738  -38.85762   65.48432  147.15693 
 140.23169  167.55601  139.55089   49.86232   63.64953  135.21466  332.13970 

z: 2
 151.35812  193.99162   82.80283  149.37944   25.26998   92.79576  134.62874 
 130.39570  140.56135   13.26548   -6.76665   89.97518  224.74650  -43.29992 
 206.74239   49.81732  127.55399  -28.95147  176.70163    7.88136  141.16634 
 131.14755   87.61510   72.89456   70.37098  123.26891   62.07689   -1.91261 
 151.74060   50.04760  100.20112   88.79794   63.50927   -3.47728  107.66896 
 130.26894   22.45319   51.13493  208.46539   22.66573  -24.99672  106.63179 
 
z: 3
 134.25118   83.57881   54.[2J[Hz: 0
   8.58331   98.31119 46.21632  104.26426  160.54384    20.63168   89.52561   91.04438 

z: 1
 103.31213   68.26007   13.61382   58.10408   14.95921  -24.14374  -65.46859 
 121.12860   60.09610   49.89624  111.80133  223.55481   96.84717  132.67403 
 122.97523  148.30133  111.23136   37.14836  135.40480  214.81758  -76.66455 
  31.94608   62.52494  154.15305  105.84629   31.64954  105.09633  215.00538 
  93.33506   36.02743  155.77686   72.27401   62.54681  202.93562   72.93824 
  73.04295  143.23131   82.62069  133.51551  -37.77563   65.39337  147.46179 
 139.65107  167.38384  139.60182   49.88647   63.45535  135.39288  330.73202 

z: 2
 151.36369  193.53119   82.64068  148.81691   25.80829   92.66768  133.82617 
 130.44543  140.02753   13.79629   -6.05558   90.16852  223.71236  -41.92330 
 206.39220   50.36615  127.05217  -28.19948  176.54422    9.00098  140.12169 
 130.99683   87.66924   73.13588   70.69094  123.17426   62.14468   -1.00520 
 151.27035   50.40419  100.30375   89.03682   63.74681   -2.91901  107.20528 
 129.99464   23.08511   51.56645  207.63685   22.93163  -24.21278  106.41108 
 -68.79825  105.98588   70.58152   20.97102   56.89244  215.54447   25.92090 

z: 3
 133.93041   83.65392   54.57607   90.70630   75.74121   11.79055   47.09592 
 119.60377   30.74802  -52.94596   82.44645  199.61153  107.63569  215.02216 
 120.46799  251.37914   68.81591   66.99706  191.50092  196.76829  244.62667 
 169.37775  149.59586   78.28589  111.30462  119.22700  123.94086  -60.81037 
 -82.80675  107.88042  104.27660   45.72625  102.72690  -31.14287  173.64923 
 109.90548   91.41334   63.00623   81.42197   25.01416  130.84842   23.27154 
  84.60827  -51.22887  140.31081  172.29155   62.91247  169.74798   24.83178 

z: 4
  43.94785   79.07235    5.60907  150.01357   -1.46528  110.73842   84.16152 
  19.45197   79.87529  182.08766   30.41779   68.29808   65.63553  298.45957 
  44.79530   78.46761   59.94027  164.82479   63.49311  180.08932  107.49207 
 138.03143   73.55692   16.88061  148.60118  256.82513  208.22642   92.58662  87.89230   74.42150   53.02758  192.40291 
  89.44258  240.81156   93.08098  139.54736   43.81244  183.39190  274.44859 
  52.57237   72.12482   93.84506   -4.54368  196.94962  192.26063  260.37726 
 192.51531  164.14813   79.01528  179.87133  -35.42977  -12.02598  199.88870 
  97.12325  107.94911  257.14563  170.31508  200.42185   59.80207   84.60894 
  29.49336  147.41894  121.07696  177.22617  168.72335   93.28583   -5.48558 
 119.24891  120.69095   57.93427    8.31485  192.72789   75.41163  311.51359 

z: 6
  68.75242   24.01657  212.68862  103.60264   86.69070  249.21823  179.05478 
 189.33724  135.17337  130.77934   -6.84321   20.61369   79.39068  106.49306 
  48.00762  127.47646   69.63553  152.08554  -43.68191  159.76371   41.23320 
   8.48320  