For what material would you like to run this simulation?
  1. Air
  2. Aluminum
  3. Copper
  4. Custom
Selection: How large is the material (X,Y,Z meters): Should the material be isothermic? (y,n):   Send the grid temperatures as a comma separated list of Celcius decimal values.
  The program will populate the X, then Y, then Z dimensions of the room.
Are there any constant energy sources in the room? (y,n): For how long would you like to run the simulation? (s): [2J[Hz: 0
 120.14682  121.51670   -0.95992  -55.36181  224.18527   85.73014  124.79622   53.78781 
 234.79291  -13.19828  -62.44939   26.02409   86.39288  280.10265   89.36278  -53.31101 
 142.98408  -90.53953  263.93229  285.23079  285.17881 -145.83903  312.76346   45.13992 
 202.29507    7.95169  223.18834  126.86281   68.94034  154.86252  304.33929 -160.37460 
  11.66673  200.77409  133.66898   32.64918   62.26133  150.89538  189.47220  238.62029 
 151.09488   -8.11982  -49.63599   89.34750  120.54431  143.15338   64.11787  306.29136 
 184.99820  191.40341  167.36437  -48.09431  167.20985   77.60581  159.76167  177.06176 
 158.13780  194.75836  -14.89165 -154.26539  173.96646  292.10927  280.92285  352.41451 
 308.86982  203.36638   -7.56806   94.87592    5.79894  271.33591  182.90643  -38.91405 

z: 1
 170.69703   17.40886  255.63846  107.01009  259.29102  199.14100  176.01594  218.86080 
 140.67235   88.08604 -106.32610  100.67944   80.65255  293.54545  222.39855  107.04311 
 -63.01433   36.28429   98.57165 -133.70250  114.44107  241.87477  312.56466  175.97976 
  92.68498   44.20493   92.26339  335.25802  109.14539  243.78627  -42.41811   -3.80663 
  54.00769  168.12212  -44.04859  301.18876  263.40407  195.25570  -38.14523 -137.21923 
  66.71304  -70.49757 -109.19982  138.53014  159.81893  188.52183  -17.08398   47.75097 
 -11.21930  115.51885  302.23379  154.09893   55.66620  185.03375   53.78294    3.94562 
 158.28980   74.35106   45.32129  160.73267  209.93358  250.14183   33.96738   -6.87462 
  79.17751  271.76750  192.57426  -55.93834  197.21371  -55.41649   15.94348  118.90666 

At 0.00000 seconds
[2J[Hz: 0
 120.49882  121.14464   -0.19471  -54.65631  223.85072   86.35033  124.65023   53.88645 
 234.41744  -12.52430  -62.04779   26.32443   86.88219  279.15850   89.84186  -52.74984 
 142.69107  -89.38868  263.19591  284.21015  284.26025 -142.94758  312.08958   45.15621 
 201.75225    8.48530  222.84496  127.09885   69.35220  154.78624  303.33490 -158.21625 
  12.27341  200.16876  133.19498   33.21647   62.84845  151.11288  189.12620  237.54895 
 150.84344   -7.13128  -49.14530   88.99229  120.52263  143.16853   64.53885  305.62927 
 184.77389  190.91435  166.96071  -47.49177  166.95843   78.23492  159.53313  177.29289 
 158.36044  194.48280  -14.58535 -152.76145  173.71945  291.80017  280.44762  351.40320 
 308.29898  203.51797   -6.64849   94.29752    6.85535  270.73170  182.77276  -38.09744 

z: 1
 170.44593   17.93429  254.68215  107.04595  258.97748  199.02153  176.12199  218.65170 
 140.52829   87.72088 -104.87249  100.07942   80.96595  293.29517  222.29699  107.15206 
 -62.25206   36.27509   98.39918 -131.43960  114.52797  241.45561  311.90653  175.71511 
  92.80256   44.64714   92.84821  333.89345  109.63682  243.41260  -40.88196   -3.92738 
  54.11475  167.61675  -43.47638  300.50350  262.92321  195.22905  -37.83221 -135.87547 
  66.51516  -69.22786 -107.91871  138.45621  159.64171  188.48861  -16.67159   47.65393 
 -10.41922  115.89444  300.86933  154.14151   56.38354  184.68869   53.94936    4.43904 
 157.97521   74.89634   46.11478  160.08362  209.63544  249.44381   34.44641   -6.06780 
  79.58921  271.30125  192.00838  -54.59376  196.68739  -54.10895   16.23949  118.41389 

At 10.00000 seconds
[2J[Hz: 0
 120.84780  120.77677    0.56264  -53.95478  223.51029   86.96594  124.50642   53.98539 
 234.04259  -11.86928  -61.64  90.31746  -52.19032 
 142.40068.24423  262.46225  283.19684  283.34907 -140.08177  311.41882   45.17530 
 201.21236    9.01645  222.50271  127.33187   69.75368  154.71349  302.33787 -156.07743 
  12.87609  199.56784  132.72493   33.77952   63.43172  151.32822  188.78140  236.48679 
 150.59314   -6.15264  -48.65561   88.64114  120.50170  143.18428   64.95655  304.96892 
 184.55266  190.42986  166.55791  -46.89165  166.70865   78.85924  159.30711  177.52127 
 158.58127  194.20993  -14.27718 -151.26885  173.47425  291.49083  279.97383  350.39750 
 307.73248  203.63965   -5.73775   93.72557    7.90193  270.13218  182.63960  -37.28531 

z: 1
 170.19650   18.45577  253.73243  107.08046  258.66515  198.90353  176.22664  218.44273 
 140.38497   87.36026 -103.43205   99.48734   81.27823  293.04407  222.19558  107.26069 
 -61.49381   36.26787   98.23105 -129.19836  114.61561  241.04095  311.25227  175.45094 
  92.91769   45.08546   93.42517  332.53980  110.12470  243.04172  -39.36105   -4.04291 
  54.22137  167.11535  -42.90533  299.82029  262.44503  195.20207  -37.51728 -134.54279 
  66.32469  -67.96956 -106.64840  138.38285  159.46657  188.45436  -16.26088   47.55967 
  -9.67085  116.26788  299.51595  154.18107   57.09525  184.34657   54.11517    4.93022 
 157.65022   75.43768   46.89953  159.44108  209.33853  248.75107   34.92265   -5.26669 
  80.00005  270.83869  191.44806  -53.26209  196.16567  -52.81148   16.53468  117.92538 

At 20.00000 seconds
