For what material would you like to run this simulation?
  1. Air
  2. Aluminum
  3. Copper
  4. Custom
Selection: Enter the thermal conductivities in W/(m*K) for your material at the following temperatures (Celcius):
-264.15: -193.15: -112.15:  -31.15:   49.85:  129.85:  210.85:  291.85: Enter the heat capacity in J/(m^3*K) for your material when it is at the following temperatures (Celcius):
-264.15: -193.15: -112.15:  -31.15:   49.85:  129.85:  210.85:  291.85: How large is the material (X,Y,Z meters): Should the material be isothermic? (y,n):   Send the grid temperatures as a comma separated list of Celcius decimal values.
  The program will populate the X, then Y, then Z dimAre there any constant energy sources in the room? (y,n): For how long would you like to run the simulation? (s): [2J[Hz: 0
  37.34495  116.13924   14.96994  303.67661  116.68842   67.91505   56.53927  -33.93016  247.73602 
  90.56392  111.01382   81.35331    6.73161  203.32303  164.30418   73.39212  124.53325  108.91592 
  -0.09302   80.94883 -138.36567  184.13399  122.56338  165.91249  236.02190   10.04935  169.24734 
 339.25021  252.41923   36.46349  136.04574  187.89312  210.77892  -11.36193  251.32435  -75.22478 
  43.11280  342.17046  -88.99644   19.21136 -138.06657  232.87684  182.91638    8.47969   84.97581 
 -35.92478    6.11248   48.95081  -73.45571  264.31447  146.62609  116.62067   82.56449  119.90504 

z: 1
 114.33518   66.67154  220.72737  228.42078  176.38251   89.67996  178.08819  276.34671  152.65502 
-111.59150   93.87554   10.66030  360.56031  214.58346  231.07375  140.07345   40.84846   82.70125 
 144.66263  116.66800  132.50205   59.31408  189.32928   84.35708  243.83406  185.57424  300.46604 
 -74.86296  154.71616   63.30022   -2.61715   78.94575 -110.64504  -66.85482   25.00077   90.47845 
 184.74543  133.84015  296.89560  291.36656  133.85944  104.03544  224.86859  123.91300  188.22453 
 104.09987  -21.58810  -53.36486  101.27776  -70.45136  -91.43156  260.04827    8.49921   34.24992 

z: 2
 102.76347  241.42388   60.33024  265.71741   20.73764  142.98957   29.72986  -42.10501  184.04442 
 106.80505   68.70546  231.94988  187.58086  127.26510  116.37578  274.00207   76.98309   81.55770 
  78.84057  305.31820   38.75546   80.64395  262.83659  257.76298   64.99028  310.75873  -10.88148 
 181.20584   56.54445   34.05525  118.61389  131.42357   77.13014  253.67930  140.15028   89.54111 
 162.59452   64.08983   20.20233  232.22919  224.88405  160.61888  195.78408  172.66520  175.04631 
 116.02035  114.73500   45.74475  138.67021  105.91147  106.25996   66.06973   48.26472  105.04885 

At 0.00000 seconds
[2J[Hz: 0
  38.40914  115.61529   17.06381  301.05445  117.79413   68.96322   56.82795  -30.90143  246.15353 
  90.43150  110.33141   80.54937   10.64601  201.83747  164.25599   74.92367  124.49498  109.16696 
   0.88394   81.32705 -133.38402  182.56532  123.53106  165.85346  234.44302   12.89956  168.76263 
 336.43933  251.57813   38.38791  135.03363  186.96059  208.80428   -9.04332  247.89708  -72.24755 
  45.32885  338.31511  -84.65507   20.11442 -132.34848  231.29090  182.43255   10.55179   85.22291 
 -34.77816    6.90130   48.30205  -70.77987  261.23466  146.32068  117.03674   82.43373  120.15626 

z: 1
 113.75892   68.09914  219.16766  228.68899  175.65801   90.55397  177.23619  273.06185  153.51754 
-107.57427   93.24012   14.63973  356.19796  214.58535  229.81185  140.76350   42.34881   83.94191 
 143.28123  117.40312  130.35501   61.27204  187.99184   86.00353  242.40569  185.42505  297.80915 
 -70.82584  154.31932   64.63738    1.11026   80.44876 -106.07919  -63.43339   26.20671   90.17503 
 183.39675  134.72656  293.59944  288.37190  133.75469  104.43020  223.27343  124.06819  187.67706 
 103.69379  -20.61728  -51.00626  100.51873  -67.50600  -88.20005  256.85663   10.75771   35.84144 

z: 2
 104.39199  239.68968   62.33661  263.79118   22.75497  142.62043   31.93556  -39.36974  183.14414 
 105.57471   69.88254  229.72726  187.81602  127.69067  117.85721  271.63768   78.16631   81.86510 
  80.08952  302.73106   40.69150   81.84804  261.23503  255.48303   68.15691  307.61141   -8.60122 
 179.90717   57.07005   35.28720  118.50825  131.22717   78.70771  251.13416  140.48736   89.84633 
 162.32298   65.76839   22.72957  231.50752  224.65551  161.19206  195.64501  172.76031  174.77994 
 115.84485  114.29403   45.98397  138.00938  105.49144  105.62223   66.77135   48.85078  105.85830 

At 10.00000 seconds
[2J[Hz: 0
  39.45245  115.10667   19.11510  298.49127  .96346  109.43986 
   1.85498   81.69814 -128.51247  181.03802  124.46877  165.83963  232.89732   15.68850  168.50 
 333.67693  250.74297   40.26039  134.05738  186.05173  207.00771   -6.78510  244.54437  -69.32594 
  47.49459  334.53636  -80.39900   21.01019 -126.75613  229.73514  181.95418   12.59748   85.11529 
 -33.64285    7.66835   47.68052  -68.15816  258.21363  146.01556  117.44053   82.31580  120.36460 

z: 1
 113.20495   69.49115  217.64342  228.93242  174.95898   91.41217  176.40042  269.85233  154.34941 
-103.64935   92.63373   18.47637  351.94372  214.56555  228.59738  141.42994   43.84734   85.15308 
 141.93928  118.10788  128.30368   63.17278  186.74840   87.29343  241.04076  185.27152  295.19785 
 -66.86496  153.92667   65.93702    4.73778   81.26318 -101.61274  -60.08057   27.39714   89.88539 
 182.08122  135.57541  290.36803  285.44268  133.65565  104.83120  221.71346  124.22489  187.15697 
 103.29016  -19.64349  -48.70463   99.77507  -64.62369  -85.02723  253.73680   12.93590   37.57605 

z: 2
 105.97149  237.98990   64.29909  261.90772   24.73460  142.26502   34.09141  -36.68162  182.26303 
 104.38523   71.02843  227.56139  188.03386  128.11695  119.29721  269.32464   79.31994   82.17100 
  81.31075  300.19012   42.57929   83.08219  259.65167  253.31324   71.23805  304.53011   -6.36259 
 178.63323   57.60441   36.49376  118.41690  131.06862   80.23551  248.64763  140.80515   90.15250 
 162.05306   67.40024   25.20943  230.79115  224.42301  161.74753  195.50625  172.84810  174.52141 
 115.67145  113.85685   46.22850  137.35521  105.08777  104.99903   67.45820   49.43328  106.61183 

At 20.00000 seconds
[2J[Hz: 0
  40.47535 .93329   71.01225   57.43011  -25.60962  243.12577 
  90.16753  10 120.96875   72.9.08874  178.10322  126.2  229.90293   21.08827  167..53157   -2.3990525.08527  291.90722  1213  113.21830   26.99718  289.80011  122.95651   73.97123   58.37099 
 323.09397  247.46170   47.14227  130.60406  182.52992  200.20865    1.68430  232.11065  -58.15372 
  55.67645  320.29336  -65.34926   23.09184 -106.61506  223.87644  180.09663   20.24206   84.81223 
 -29.21388   10.53399   45.45617  -58.32029  246.84757  144.80014  118.93832   82.00031  120.33399 

z: 1
 111.19899   74.72046  211.88531  229.68984  172.40209   94.69593  173.21368  257.92623  157.38818 
 -90.17635   90.63663   29.44763  336.13060  214.28941  223.99137  143.82529   49.60349   89.71784 
 137.09427  120.67977  120.97325   70.26243  182.15069   92.15704  235.81155  184.61832  285.17610 
 -51.75626   6.66039   84.01872 -105.67190  173.97898  128.86947  165.69523  225.64616   28.76370  165.93791 
 320.56360  246.65763   48.75076  129.81880  181.72477  198.60103    3.67318  229.36007  -55.47436 
  57.60702  316.92465  -61.99830   23.63937 -102.63471  222.52458  179.64967   21.97359   84.76387 
 -28.13486   11.12422   44.96465  -55.98910  244.1712 119.28478   81.95572  120.15797 

z: 1
 110.74702   75.94723  210.52660  229.82583  171.81894   95.48230  172.45426  255.10670  158.07974 
 -87.08537   90.19484   31.98881  332.40773  214.17558  222.89982  144.36716   50.98406   90.79224 
 135.97752  121.26133  119.33736   71.91266  181.09197   93.30298  234.55970  184.44597  282.76512 
 -48.27060  151.97791   72.77399   18.41944   85.12977  -80.65195  -45.88168   33.18413   88.63230 
 175.97482  139.22108  275.30696  272.09237  133.33224  106.91429  214.77825  125.04005  184.56530 
 101.37792  -14.75370  -37.86984   98.03846  -52.30589  -69.98152  239.15368   23.01497   44.63495 

z: 2
 113.17786  229.98094   73.45517  253.09651   34.06734  140.61891   43.99026  -23.91611  178.13029 
  99.10144   76.31371  217.76356  188.89154  130.25039  126.03535  258.62366   83.99282   83.68111 
  87.05857  288.88914   51.46652   88.83998  252.04491  243.22756   85.43858  290.07984    4.23536 
 172.59502   60.30287   42.49139  118.21862  130.48491   87.18866  237.15879  141.72581   91.68753 
 160.82047   73.84105   36.91148  227.29241  223.20528  164.27604  194.82014  173.18638  173.43590 
 115.65648  111.74827   47.52054  134.29527  102.46217  101.59542   70.71956   52.38697  107.54538 

At 70.00000 seconds
[2J[Hz: 0
  45.31865  112.35707   30.70915  254   75.86993   59.00944  -14.5740.88945   76.80006   59.33174  - 128.33980  180.14105  195.51826    7.53700  224.02853  -50.26082 
  61.33723  310.37619  -55.48010   24.73549  -94.88902  219.88651  178.77240   25.33615   84.69239 
 -25.99108   12.02947   44.16347  -51.45836  238.95865  143.89856  119.94585   81.89195  119.80527 

z: 1
 109.93689   78.30969  207.90081  230.03853  170.72702   97.01354  170.99712  249.65206  159.38597 
 -81.08824   89.36741   36.84572  325.22180  213.89990  220.78477  145.40162   53.67780   92.86516 
 133.83408  122.37228  116.28311   75.07468  179.06858   95.51633  232.11959  184.09135  278.06556 
 -41.49086  151.23324   75.26706   22.78678   86.62323  -73.48812  -40.91060   35.40704   88.21658 
 173.74235  140.25124  269.78079  267.14922  133.29553  107.80850  212.58486  125.39280  183.53670 
 100.64271  -12.74802  -34.51975   97.60912  -48.00107  -64.34166  233.76484   26.69369   46.55966 

z: 2
 114.89764  227.03952   76.83723  249.83672   37.55044  140.01788   47.10669  -19.10586  176.59704 
  97.27593   78.23269  214.16742  189.13804  131.10104  128.54323  254.75620   85.71828   84.27239 
  89.18591  284.61392   54.75863   90.84078  249.14622  239.55309   90.59333  284.70706    8.21128 
 170.30941   61.39470   44.33287  118.23254  130.36285   89.63338  232.97935  141.96627   92.30048 
 160.51571   75.55737   40.33331  226.01173  222.69469  165.18632  194.55520  173.27902  173.03257 
 115.76530  110.82221   48.13165  133.12751  101.50353  100.06911   71.94792   53.52861  107.92762 

At 90.00000 seconds
[2J[Hz: 0
  47.1  36.01033  279.95200  12861950   59.98217   -8.41955  232.  53.52616  126.96548  178.59344  192.58960   11.24498  218.91561  -45.20471 
  64.93646  304.35195  -49.15250   25.83318  -87.42131  217.33353  177.97325   28.55738   84.65271 
 -23.90650   12.90139   43.42478  -47.07644  234.16367  143.31658  120.56904   81.85999  119.45237 

z: 1
 109.18672   80.55594  205.39251  230.25871  169.73991   98.53228  169.60783  244.43446  160.59414 
 -75.32812   88.61136   41.41717  318.47247  213.58980  218.75685  146.36630   56.28425   94.84079 
 131.80626  123.41106  113.50362   77.81469  176.89371   97.65212  229.76152  183.72436  273.48771 
 -34.98829  150.35091   77.48181   26.95688   88.08437  -67.22906  -36.09133   37.58088   87.81384 
 171.61990  141.46502  264.68236  262.39624  133.26191  108.73379  210.47065  125.74667  182.51449 
 100.03289  -10.77395  -31.27735   97.15807  -43.80607  -58.89511  228.85811    48.46450 

z: 2
 116.52281  22  110.78713   37.70968  278.119733.55813   90.06605  119.52989  112.04618 
  11.35720   85.28142  -85.22830  167.94354  131.51939  165.69462  219.12400   40.49774  163.67447 
 308.53711  243.26786   54.57571  126.30836  177.83309  191.16982   13.04175  216.44082  -42.81957 
  66.67507  301.42476  -46.07258   26.38268  -83.78852  216.08821  177.60820   30.11036   84.64631 
 -22.88690   13.32554   43.07804  -44.93648  231.94395  143.03454  120.86790   81.85525  119.27614 

z: 1
 108.83309   81.63724  204.18081  230.34073  169.27459   99.27141  168.93004  241.91128  161.16305 
 -72.53370   88.25874   43.61983  315.21032  213.41481  217.77436  146.82374   57.55568   95.79355 
 130.83403  123.89854  112.21045   79.12889  175.85371   98.68412  228.61229  183.53650  271.23865 
 -31.84155  149.84678   78.46022   28.97081   88.78923  -64.17324  -33.73878   38.65831   87.61627 
 170.59914  142.16803  262.31166  260.08926  133.24652  109.19612  209.44168  126.00609  182.00491 
  99.78626   -9.79  50.93324  -12.19871  174.41624 
  94.74927   80.93521  209.29127  189.41356  132.37026  132.10259  249.28708   88.16723   85.14628 
  92.22061  278.73052   59.46325   93.72803  245.10675  234.79914   97.81705  277.05173   13.91140 
 167.04807   63.04769   46.43998  118.31705  130.27591   92.30190  227.09086  142.41249   93.28054 
 160.03977   78.05460   45.26132  224.11523  2212459   39.37646  276.32123  129.8351  186.49309  163.35881   92.27317  118.78070  112.5332.47044  165.64763  216.69346  [2J[Hz: 0
  51.38387  109.73339   42.61516  272.82270  1315  241.59071   57.62337  124.46688  175.47569  187.10278   18.23165  209.32059  -35.91574 
  71.65729  292.97073  -37.24684   27.69107  -73.34513  212.47402  176.53378   34.59578   84.66698 
 -19.89476   14.53092   42.41036  -38.81601  225.50184  142.19874  121.71089   81.88378  118.74938 

z: 1
 107.85329   84.74913  200.70763  230.48161  167.97290  101.41098  166.96229  234.81821  162.73715 
 -64.43848   87.29475   49.84557  305.83844  212.73584  214.94248  148.09130   60.81398   98.63855 
 128.49148  125.26562  109.57317   82.84237  173.13476  101.64055  225.51383  182.95881  264.88934 
 -22.71669  148.42328   81.26233   34.73909   90.79892  -55.29235  -26.96201   41.79706   87.09821 
 167.68901  144.09032  255.43958  253.44719  133.20664  110.58821  206.46097  126.76767  180.48946 
  99.05442   -6.91118  -25.12281   96.20603  -35.71997  -48.50619  220.10893   36.33486   52.10265 

z: 2
 119.50473  219.06790   86.15492  240.87620   47.38685  138.45391   54.58186   -5.65279  172.36987 
  92.46019   83.44683  205.13883  189.59193  133.63073  135.09117  244.46513   90.54138   86.00570 
  95.09897  273.25305   63.93318   96.48085  241.22402  230.36258  104.23799  269.85534   19.31891 
 164.36405   64.70405   48.49569  118.43093  130.25371   94.73008  221.96655  143.04351   94.28314 
 159.54420   80.44076   49.94668  222.24965  221.09499  167.57466  193.76229  173.45214  171.91394 
 115.92266  [2J[Hz: 0
  52.17246  109.4966  73.42658   54.40852  184.60906  163.11545   94.40415  118.35090  113.02945 
  15.01249   85.95350  -71.17783  164.13700  133.43178  165.75523  214.36382   48.78194  162.00827 
 299.63145  241.02582   58.60690  123.89921  174.62561  185.81531   19.89710  207.04527  -33.69559 
  73.10442  290.26035  -34.42006   28.13630  -69.98879  211.30870  176.18237   36.03509   84.68642 
 -18.91936   14.91652   42.25603  -36.85369  223.42468  141.92364  121.97466   81.90580  118.57468 

z: 1
 107.55252   85.72992  199.60183  230.49539  167.56883  102.09907  166.32778  232.55418  163.21983 
 -61.83830   87.00282   51.79986  302.84252  212.43603  214.03523  148.48501   61.87884   99.55344 
 127.82086  125.68585  108.78512   84.01930  172.42537  102.59469  224.51310  182.76486  262.95559 
 -19.78172  147.97721   82.14009   36.57448   91.43333  -52.42524  -24.77152   42.81291   86.94924 
 166.76969  144.67206  253.22612  102.11119   73.28946   5[2J[Hz: 0
  53.70799  109.0462.88916   96.45101  118.21252  113.51883 
  16.79693   86.28428  0   62.64774    6.51826  222.510
  87.10538  101.43523   73.06247.60558  135.39142   86.13753   62 114.00261 
  18.51032