For what material would you like to run this simulation?
  1. Air
  2. Aluminum
  3. Copper
  4. Custom
Selection: Enter the thermal conductivities in W/(m*K) for your material at the following temperatures (Celcius):
-264.15: -193.15: -112.15:  -31.15:   49.85:  129.85:  210.85:  291.85: Enter the heat capacity in J/(m^3*K) for your material when it is at the following temperatures (Celcius):
-264.15: -193.15: -112.15:  -31.15:   49.85:  129.85:  210.85:  291.85: How large is the material (X,Y,Z meters): Should the material be isothermic? (y,n):   Send the grid temperatures as a comma separated list of Celcius decimal values.
  The program will populate the X, then Y, then Z dimensions of the room.
Are there any constant energy sources in the room? (y,n):   Send the heat sources as temperatures in a comma separated list of Celcius decimal values.
  The program will populate the X, then Y, then Z dimensions of the room.
  Send -174.00000 for any grid location which doesn't have a heat source.
For how long would you like to run the simulation? (s): [2J[Hz: 0
   8.98767  344.35937  239.88927   76.11341    4.26424   87.83379 
  56.57777  371.89018  337.71615  197.89839 -110.64490  331.09125 
  40.50112  352.36878  -91.46690  317.37370  178.53012   35.85619 
 -10.01066  282.60446  241.54281  343.56319  256.45293   89.79583 

z: 1
-137.88077  105.63341 -100.66926 -140.84994   20.73212  -65.38735 
 189.39211  272.15541  122.37064  -39.15525   41.16491  141.06728 
 112.96884  241.40571  117.11020  177.74734   -9.17705  329.21287 
-131.82712  245.72229  136.57062  -53.02103   65.48646  155.38272 

At 0.00000 seconds
[2J[Hz: 0
  10.42652  340.95766  238.58770  196.12489    4.66474   87.83799 
  58.78588  369.33986  333.39058  195.56894 -104.10957  325.03827 
  42.57773  347.72874  -82.74845  313.33321  176.14114   40.58315 
  -8.68209  281.27535  240.27292  340.53614  254.88376   90.80136 

z: 1
-135.19469  105.41569  -97.08778 -138.94924   19.32728  -63.11409 
 186.83237  270.67273  122.21876  -36.06182   39.99144  141.42997 
 112.38300  240.89674  117.14959  174.54182   -3.98791  323.93043 
-100.06333  243.83538  136.57690  -48.36815   65.98400  155.42918 

At 10.00000 seconds
[2J[Hz: 0
  11.84876  337.61277  237.81700  196.12489    5.86748   87.82324 
  60.93252  366.79640  329.18609  194.02786  -97.79598  319.17106 
  44.59414  343.23736  -74.30711  309.38368  173.88538   45.11842 
  -7.20865  279.94215  239.04293  337.55797  253.32531   91.80906 

z: 1
-132.54385  105.21023  -93.57500 -136.58576   17.97582  -60.88074 
 184.34714  269.19621  122.07644  -33.07231   38.93714  141.72664 
 111.93804  240.36291  117.21357  171.48050    0.96730  318.81514 
-100.06333  242.05666  136.59188  -43.83727   66.51890  155.45421 

At 20.00000 seconds
[2J[Hz: 0
  13.25444  334.32617  237.04260  196.12489    7.06891   87.79551 
  63.01917  364.26093  325.10518  192.53717  -91.68825  313.48318 
  46.55412  338.88914  -66.13420  305.52733  171.75580   49.46964 
  -5.75683  278.60681  237.85124  334.62780  251.77838   92.81767 

z: 1
-129.92759  105.01652  -90.12485 -134.23883   16.68468  -58.68687 
 181.93504  267.72609  121.94329  -30.17653   37.99483  141.96129 
 111.49739  239.80655  117.30073  168.55720    5.69966  313.86074 
-100.06333  240.30046  136.61563  -39.42471   67.08813  155.45937 

At 30.00000 seconds
