For what material would you like to run this simulation?
  1. Air
  2. Aluminum
  3. Copper
  4. Custom
Selection: How large is the material (X,Y,Z meters): Should the material be isothermic? (y,n):   Send the grid temperatures as a comma separated list of Celcius decimal values.
  The program will populate the X, then Y, then Z dimensions of the room.
[2J[Hz: 0
 143.97924   28.99691   68.34831  122.19813   -0.53671  101.34669  125.39331 
 227.60660  119.88567  151.79176  171.72789  107.05399  190.01740  154.73971 
 127.11555  257.19109  107.81062  202.36773   43.62460   28.90173  158.83517 
 181.79402  186.71551  132.29561   79.68734   13.33728  187.45698  -12.88277 
  86.17505   21.55005  154.95924  177.81947  139.97798  -10.00169   78.61251 
  -0.58116  128.67413  -46.27682  145.35611   85.25247   45.20752   60.79528 
 -11.02734  -76.08207  222.39101  239.17028  289.09272  142.75431  208.94629 

z: 1
   3.48293   21.35548   48.56970  167.38160  -23.28958  215.91459  204.60618 
 114.26400  160.45809  105.66262  195.79554   54.82769  257.03913  273.91857 
 -28.90556  175.13327  -34.07419   25.76486   66.59380   51.21898  231.20640 
 168.95859   75.54279  -26.74567   83.30270   76.15432  -48.90977  150.94133 
 155.56760  -14.92186  -57.61800   59.28849  -57.92669  150.50139   93.39868 
  19.46225  173.22702  191.91279  187.23491  -35.92107  129.20592   90.79427 
 -39.30938  -46.89963  191.11450  -98.09209  321.24611  -81.66347 -117.69264 

z: 2
 194.50890   97.03806  140.56603  -13.73064  111.43958  -52.33840  -69.64854 
 131.35803   68.74915  161.47413  120.52859   58.27314  140.39859  197.52078 
 153.00649  134.84007  109.49667  109.72708   85.29331  113.16710   -7.67453 
   8.25995  139.49735   31.00825  188.91837   78.22152  190.16206  122.36767 
 257.39752   59.74914   72.64580  230.81468   82.80126   79.98130  136.67949 
 173.34613   15.94265   91.11165  207.83112  192.78886   -2.70396   49.51884 
  90.95416   76.68768   56.85402  179.07196  311.92686   -9.53234  310.51364 

z: 3
 -12.53931   47.06414   98.56498   75.08555  207.81557   76.51026  208.58219 
  97.95001  115.25640   -4.05257  -73.03248   69.13033   88.75923   44.25550 
  64.58312   92.27970  -24.81929    2.11754   52.38921   51.78291   42.27767 
 166.14817   -1.67088  112.94587  146.03381   86.09582   16.26694  210.71517 
 121.85727   81.55849   94.81404   -9.92245    2.59246  174.03482  106.41941 
  74.45106  262.75194  235.66413  156.02938  100.53657   98.19243   90.90906 
 165.44074    3.61268  213.39115  160.66295  308.25031  121.44331  304.51693 

z: 4
 153.76693  -28.26884  180.36037  147.81916   57.22798   49.42589  164.09853 
 177.83460  149.00555   56.68719  153.70290  130.76374  102.08840  145.96777 
 111.72088   11.82599  -16.05912  -62.30706  149.49205   69.71756   49.41989 
  65.09122  135.87081  207.65559  125.77036  119.21468  216.53973  143.99514 
 144.68641  101.81824   63.07382   34.33433  157.64368   77.00448  113.28123 
 145.65010  -27.08762  102.75728  138.75475  188.55360   48.59224  152.86223 
  80.37021  348.99502  134.08241   65.94222  215.15138  157.15096  -47.91526 

z: 5
  44.56006  107.69210  131.33406   61.00673  -16.77778   13.02405  125.47988 
 230.48509   60.46263  131.17460   71.96707   54.35880   78.80594  -14.89597 
  25.95281  217.83077  110.58537  139.78385  127.47271  250.14338  169.85255 
 -40.02750   71.55909   61.68839  133.42547  168.50308  148.36711   46.71010 
  22.80745  126.85358  211.13139  189.63921   58.32939  121.64150   55.80477 
 164.65825   10.18925    0.70615  111.44834  233.28762  145.49903   74.53393 
  79.13782  128.79138   41.63109  195.55086  114.43848  265.03578   -4.25404 

z: 6
  37.91346  -44.10674    3.76113  246.71151  155.85767  108.90266   27.56347 
  73.50727   20.41352  200.34219  112.00477  142.18248  235.38651   51.00785 
 247.37940  185.24681   15.94920   78.53332  -12.05157  157.74091  113.10028 
 145.31083  261.80506  100.40156   46.40533   82.13040   92.73541  -40.13657 
 132.53917   23.94582  114.13856   63.70002   60.38503   95.42519  189.27506 
 122.71224   76.37842  119.41146   73.61635   -9.86917   -6.22590  -14.73421 
 194.46034  -86.11469   -9.14183  -26.72790  103.27925  151.60347  127.15592 

z: 7
  51.74784   11.36195  156.15413  169.05232  -22.28725  171.13612   43.85054 
 131.48490  130.16417  169.05835   15.02837   80.33413   11.82056  131.52562 
  37.81409   83.99750  171.65983  107.48357  113.69700  118.32600  -36.38609 
  68.65087   70.21509   33.55179  105.67555  169.34812  262.40774   69.57849 
  13.47501   75.34226   38.23203   25.28425   80.34354  -58.28351  143.15774 
 201.03142  172.52455  130.41414   78.70004   96.37658   70.61613  190.40895 
  57.75976   66.33062  104.56837   96.48481  -84.74327  280.73554   93.26720 

z: 8
  69.00338  191.09901   -7.06348   57.68089   88.93925   71.93258  119.35535 
 132.87146   51.50940   50.65159  138.57738  158.78387  152.58611  106.50406 
 120.50074  255.39327  159.87218   79.38460   95.84862   54.06397  177.63745 
 -58.92232  101.26000  154.32684  203.40057    7.80401  155.39776  158.57668 
 -30.39860  180.17273   31.60195  262.06257   25.15714  112.24555  297.32008 
 149.87629   50.78736  155.10507  187.85757   76.90717   74.25656  182.56677 
  31.22991   11.79484  172.34064   96.93501  365.64384  308.29206  132.25922 

At 0.00000 seconds
[2J[Hz: 0
 143.90101   90.39401   68.28862   53.69458   -0.51422  101.36598  101.98025 
 167.15080  119.81187  151.68558  171.64255  152.88021  189.93672  154.68564 
 127.03935  257.03771  107.75556  129.39433  190.19564   28.88716  158.83180 
 181.70495  193.92469  132.30915  -23.48970   13.38619  187.22530  -12.82583 
  85.98689  -38.32855  154.81804  177.70171  139.86660   67.04385   78.54678 
  -0.54701  128.48377  -46.31557  145.31820   85.21468   45.19921   60.72453 
 -11.03685  -76.02816  222.20426  238.97187  289.01328  142.70931  208.78836 

z: 1
   3.38684   21.33873   64.02375  167.29193   -1.33374  215.65575  204.44851 
 113.06213  168.24915  105.62890  195.65596   54.83674  256.79230  273.83947 
 -28.87484  145.34225  -33.99275   25.82831   66.57087   51.26242  230.94169 
 168.85390   96.65616  -26.79378   83.24375   75.98265  -48.87163  150.73378 
  71.19880   55.01665   43.63986   59.31000  -57.89992  150.40054   93.22120 
  37.57680  167.01727  191.82367  204.35315  -35.87689  129.11467   90.77281 
 -39.32966  -46.83382   43.57544  -98.00775  321.01224  -81.61023 -117.61153 

z: 2
 194.29576   40.45030  140.41412  -13.70412  111.32167  -52.26635  -69.57184 
 131.39864   68.73261  161.30750  120.46253  109.01575  140.26795  200.43877 
 152.81907  132.63783  137.80771  109.69323   85.22972  113.10086   -7.61093 
  78.98246  139.36720   31.07147  188.69577   78.11510  162.19516  122.27549 
 257.13855   14.08028   72.61059  230.58340   82.70944   80.02977  136.54378 
 161.77234   80.06654   91.01979  170.70726  192.69188  -73.07561   99.08695 
  90.90095   76.65116   56.94383  179.01772  182.91939  151.93727  310.21028 

z: 3
 -12.49641  126.98299   47.07323   75.10593  117.46102   76.44504  208.37996 
  97.87210  126.97265   -4.15053  -72.98102   68.99127   88.82252   44.12392 
  29.88772   92.09832  -24.74926  -30.21227   52.38320   51.68043   87.24015 
 139.10517   -1.77631  112.82703  130.38003   85.99291   16.34322  210.53991 
 121.84369    6.62068   94.66503   -9.97626   38.09341  173.87335  122.05815 
  74.48791  262.44833  235.52514  156.00712  100.59937   98.01928   96.92244 
 165.36210    3.73332  213.25557  160.69525  307.99838  121.52529  304.29086 

z: 4
 153.56921  -28.26635  191.12014  147.69610   57.24681    5.86765  164.02807 
 177.68370  148.96457   68.30994  106.79385   79.46527  102.07837  145.81302 
 111.59658   11.91930  -40.15805  -55.96229  149.46369   69.70589   49.35462 
  65.11450  151.71362  207.41740  125.64027  119.27163  216.25227  143.86265 
 144.54489  101.76152   63.00439   34.32715  109.49363   77.05256  113.17957 
 145.50565  -26.97502  102.67727  138.74417  188.39592   48.55287   65.15177 
  80.20680  199.11148  133.98857   99.01106  178.58117  157.20311  -47.86984 

z: 5
  -8.22947  119.56194  131.19376   56.04099   34.95632   12.94588  125.27684 
 208.13468   60.38756   61.15936   71.84215   54.35116   92.42000   37.07126 
  26.02564  217.53832  110.43590  139.72881  145.82757  249.87233  169.80400 
 -40.05384   71.55543   61.74829   85.73627  168.25509   98.72571  -11.89004 
  97.60169   46.98329  210.98975   68.97876   58.39900  121.51467   55.73348 
 164.51264   10.22792  104.66690  111.35697  233.03255  145.35842   74.49875 
  79.18797  145.31378   41.62224  195.46071  114.21995  264.76088   -4.17298 

z: 6
  37.83879  -44.10269   -2.01118  246.49492  155.80816  108.89412   44.30666 
  73.51127   20.41285.99561   78.53953  -12.07508  1   87.87161   60.31061   95.3805 194.22676  -86.08922   -9.16218  -26.61699  103.22259  151.62895  127.05699 

z: 7
  51.46241   11.32531  155.95043  121.53588   63.49695  170.97086   43.89954 
 131.33162  204.34546  168.92745   15.09643   80.23183   71.57501  131.31496 
 124.90950   93.77737  171.53264  107.36119   37.35021  197.34830  -36.26419 
  73.80034  -18.16714   33.59632  105.55926  154.34878  262.15968   69.49685 
  13.42414   75.37893   44.45638   25.31468   33.66012  -58.22627  143.03508 
 169.12669  172.29779   76.53599   78.66182   96.19714   21.57453  190.21568 
  99.03105   66.19568  104.57334   96.20495  -84.62638  280.51948   93.24076 

z: 8
  98.61245  111.59706  115.74284  -37.32788   88.95541   71.88925  119.26539 
 132.81989   77.10895  176.77632  138.47206  160.53756  152.47005   93.80532 
 120.45939  255.25418  159.75407  165.04639   99.65581  108.31446  235.06342 
 -58.87652  101.21260  154.20658  113.99525   -5.11816  155.28076  158.55069 
 -30.41793  205.54022   31.63480  180.03196   25.16871  112.13319  308.78617 
 165.08362   39.42780  154.95283  187.69764   76.97667   74.20266  182.57950 
  31.24858   11.82983  172.29850   97.00931  365.26075  308.12109  132.29077 

At 10.00000 seconds
[2J[Hz -0.49604  101.38520  101.96718 8.48445 
  -0.51116  128.29072  [2J[Hz: 0
 143.77016   90.42541  52801   13.49887  186.76   85.17925   45.19457   60.58349380   -1.23339  215.16305  204.12[2J[H5.40528  -38.11517  154.46525  178332  214.91721  203.95953 
 112.41546 91894  105.52753  195.23859   54.93418  256.05625  273.59995 
 -28.79464  144.98589  -33.71573   25.98051   66.59144   51.39186  230.15260 
 168.52095   96.63398  -26.92404   83.01375   75.47085  -48.78277  150.11485 
  5673   54.95476   43.78490   59.41577  -57.81962  150.17125   92.69137 
  37.53553  166.83551  191.63726  203.62882  -35.74310  128.80947   90.73535 
 -39.38542  -46.67984   43.05037  -97.75517  320.09768  -81.39926 -117.36867 

z: 2
 193.58591   40.41093  139.93512  -13.62444  110.97105  -52.05106  -69.34240 
 131.52044   68.69303  160.82009  120.26455  108.85744  139.90431  200.02620 
 152.24849  132.72743  137.75904  109.56138   85.03957  112.90308   -7.35116 
  79.00356  139.02276   31.27700  188.02461   77.79724  161.47918  121.96448 
 256.31188   14.06671   72.58111  229.89192   82.44505   80.15878  136.14900 
 161.58585   80.27142   90.79353  170.67859  192.28408  -72.91539   98.97429 
  90.72307   76.62411   57.14399  178.62031  182.68572  152.05835  309.36766 

z: 3
 -12.35757  126.90890   47.21377   75.11592  116.96010   76.15994  207.77547 
  97.63964  126.68463   -4.42299  -72.84059   68.56212   89.01094   43.70876 
  29.81242   91.57334  -24.51996  -30.18019   52.32456   51.38741   87.43267 
 138.41364   -2.09933  112.47201  130.21696   85.66912   16.56138  210.09813 
 121.80313    6.55246   94.15767  -10.12204   37.91409  173.40619  121.83801 
  74.58474  261.55153  235.10891  155.92851  100.79622   97.52040   96.93493 
 165.12620    3.95895  212.85008  160.79969  307.00558  121.88184  303.61406 

z: 4
 153.01971  -28.24171  190.95782  147.37966   57.22904    5.95249  163.81739 
 177.23213  148.84910   68.18278  106.09814   78.97582  102.05125  145.31419 
 111.27587   12.19247  -40.12151  -55.79695  149.34327   69.67137   49.10847 
  65.17928  151.03722  206.69616  125.25603  119.40850  215.32639  143.49389 
 144.21671  101.53570   62.79752   34.22623  109.03088   77.19599  112.85073 
 145.07430  -26.66655  102.50586  138.71257  187.90355   48.42820   64.84653 
  79.71914  198.20246  133.46037   98.72420  178.22502  157.35795  -47.78774 

z: 5
  -8.29745  119.56820  130.88440   56.17344   35.09620   12.67290  124.66138 
 207.24318   60.06109   60.99285   71.45776   54.27685   92.10054   37.23095 
  26.24297  216.66486  109.94675  139.56711  145.35559  249.02431  169.65772 
 -40.13240   71.47962   61.98840   85.24753  167.46351   99.05764  -12.15473 
  97.71026   46.57341  210.62959   68.60886   58.58328  121.07667   55.50499 
 164.22179   10.31234  104.78645  111.14094  232.27054  144.93758   74.36231 
  79.33739  144.99483   41.61095  195.19559  113.52857  263.93965   -3.93118 

z: 6
  37.60374  -44.07140   -1.83772  245.81941  155.74119  108.86670   43.95136 
  73.51621   20.48942  165.96749  111.28955  141.85539  234.32537   17.77176 
 246.56119  184.94753   16.16242   78.53155  -12.15325  157.34267  112.40761 
 145.24100  152.32002  160.88963  -44.80570   81.87027   92.73460  -39.90097 
 131.96923   54.70555  113.87275   87.74566   60.05092   95.24671  188.57522 
 239.53420   76.12728  118.90861   73.26345   -9.65201   -6.53006  -14.73844 
 193.66040  -86.00425   -9.22300  -26.28518  103.05263  151.68161  126.76124 

z: 7
  51.52865   11.21532  155.41221  120.92742   63.45429  170.44604   44.04485 
 130.87405  204.11450  168.69247   15.29924   79.93777   71.46804  130.63849 
 124.75159   93.28041  171.13048  107.12233   37.46426  197.08808  -35.83829 
  73.39860  -18.03295   33.78322  105.11236  154.45341  261.43514   69.25368 
  13.26802   75.45739   44.36563   25.36070   33.62652  -58.05499  142.66994 
 169.00174  171.61510   76.28151   78.52610   95.65738   21.65771  189.59669 
  99.30671   65.79172  104.48745   95.36986  -84.27699  279.75702   93.16127 

z: 8
  98.73446  111.44457  115.74972  -37.37704   89.04453   71.75946  118.98771 
 132.79241   77.21296  176.78063  138.30045  160.48709  152.13707   93.48815 
 120.37848  254.81691  159.42817  165.07416   99.21189  108.49176  234.71155 
 -58.73978  101.07246  153.76711  113.58906   -5.03941  155.01051  158.47166 
 -30.47342  204.98701   31.62890  179.78486   25.15792  111.79720  308.41957 
 164.97968   39.68754  154.41844  187.20413   77.18360   74.03405  182.63173 
  31.33488   11.91085  172.17225   97.23087  364.11526  307.60901  132.38494 

At 40.00000 seconds
[2J[Hz: 0
 143.63921   90.45659   68.08530   53.31595   -0.44149  101.44250  101.92766 
 1348  171.11419  152.56191  189.684.44406 
 126.67713  256.32251  1132.35155  -23.56634   13.61114   
 -11.07481  -75.81306  221.52519  238.18295  288.69148  142.53000  208.15844 

z: 1
   2.98961   21.28380   64.17615  166.85616   -1.13332  214.67172  203.79743 
 112.20085  167.80916  105.49368  195.09988   54.96634  255.81238  273.51986 
 -28.76798  144.86783  -33.62367   26.03102   66.59828   51.43471  229.89125 
 168.41037   96.62670  -26.96720   82.93719   75.30132  -48.75326  149.90978 
  71.14258   54.93438   43.83324   59.45085  -57.79284  150.09497   92.51563 
  37.52892  166.77506  191.57497  203.38867  -35.69866  128.70809   90.72281 
 -39.40398  -46.62861   42.87622  -97.67113  319.79383  -81.32905 -117.28787 

z: 2
 193.35019   40.39793  139.77626  -13.59785  110.85482  -51.97960  -69.26615 
 131.56051   68.68009  160.65826  120.19863  108.80467  139.78405  199.88920 
 152.05914  132.75691  137.74293  109.51751   84.97639  112.83747   -7.26483 
  79.01059  138.90811   31.34504  187.80177   77.69176  161.24164  121.86150 
 256.03738   14.05957   72.57231  229.66224   82.35742   80.20149  136.01775 
 161.52384   80.33936   90.71894  170.66859  192.14852  -72.86215   98.93690 
  90.66407   76.61517   57.21041  178.48839  182.60808  152.09856  309.08761 

z: 3
 -12.31147  126.88435   47.26037   75.11912  116.79366   76.06525  207.57471 
  97.56257  126.58887   -4.51337  -72.79392   68.41964   89.07326   43.57145 
  29.78736   91.39951  -24.44382  -30.16953   52.30493   51.29026   87.49664 
 138.18440   -2.20624  112.35416  130.16260   85.56171   16.63343  209.95111 
 121.78967    6.52958   93.98882  -10.17034   37.85478  173.25113  121.76513 
  74.61676  261.25389  234.97043  155.90241  100.86123   97.35497   96.93916 
 165.04758    4.03393  212.71529  160.83402  306.67619  121.99998  303.38895 

z: 4
 152.83711  -28.23337  190.90414  147.27479   57.22314    5.98071  163.74738 
 177.08208  148.81035   68.14030  105.86740   78.81338  102.04216  145.14843 
 111.16940   12.28309  -40.10939  -55.74201  149.30298   69.66002   49.02679 
  65.20050  150.81257  206.45682  125.12830  119.45360  215.01955  143.37115 
 144.10774  101.46069   62.72905   34.19262  108.87769   77.24351  112.74155 
 144.93118  -26.56419  102.44918  138.70185  187.74025   48.38701   64.74533 
  79.55744  197.90084  133.28503   98.62891  178.10672  157.40904  -47.76040 

z: 5
  -8.32014  119.57028  130.78188   56.21700   35.14276   12.58251  124.45727 
 206.94710   59.95292   60.93757   71.33078   54.25232   91.99445   37.28392 
  26.31503  216.37493  109.78480  139.51319  145.19885  248.74274  169.60874 
 -40.15843   71.45436   62.06797   85.08537  167.20088   99.16741  -12.24239 
  97.74641   46.43725  210.50954   68.48630   58.64404  120.93130   55.42904 
 164.12539   10.34030  104.82611  111.06953  232.01760  144.79784   74.31693 
  79.38687  144.88859   41.60710  195.10695  113.29971  263.66705   -3.85103 

z: 6
  37.52575  -44.06093   -1.78010  245.59494  155.71879  108.85694   43.83363 
  73.51764   20.51471  165.66038  111.11195  141.77375  234.05663   17.83003 
 246.36039  184.86575   16.21742   78.52860  -12.17904  157.24674  112.23528 
 145.22357  151.99371  160.72807  -44.77711   81.80513   92.72960  -39.84353 
 131.82856   54.72942  113.81391   87.70377   59.96468   95.20220  188.40136 
 239.43666   76.07029  118.78355   73.17586   -9.59792   -6.60567  -14.73947 
 193.47273  -85.97598   -9.24321  -26.17489  102.99598  151.69882  126.66301 

z: 7
  51.55069   11.17906  155.23384  120.72559   63.44017  170.27206   44.09296 
 130.725.37598   33.61519  -57.99804  14 90.47209   68.03464   53.22188 .42330  101.46147  101.91438 
 166   78.23580 
  -0.37046  127.52306  -46.50745  145.15649   85.12681   45.18745   60.37308 
 -11.08429  -75.75943  221.35576  237.98689  288.61070  142.48534  208.00142 

z: 1
   2.89104   21.27007   64.21403  166.74753   -1.08339  214.42656  203.63578 
 111.98672  167.69951  105.45980  194.96137   54.99833  255.56925  273.43966 
 -28.74136  144.75011  -33.53177   26.08144   66.60511   51.47741  229.63072 
 168.29999   96.61947  -27.01024   82.86068   75.13138  -48.72380 37.52240  166.71480  191.51260  203.14917  -35.65430  128.60688   90.71025 
 -39.42253  -46.57744   42.70249  -97.58716  319.49047  -81.25889 -117.20715 

z: 2
 193.11492   40.38500  139.61781  -13.57125  110.73892  -51.90828  -69.19001 
 131.60032   68.66728  160.49675  120.13275  108.75189  139.66428  199.75247 
 151.87021  132.78621  137.72687  109.47368   84.91234  112.77203   -7.17863 
  79.01761  138.79353   31.41294  187.58021   77.61359  161.00466  121.75887 
 255.76340   14.05243   72.56346  229.43295   82.27006   80.24404  135.88667 
 161.46201   80.40713   90.64475  170.65837  192.01316  -72.80898   98.89960 
  90.60523   76.60627   57.27668  178.35675  182.53057  152.13869  308.80797 

z: 3
 -12.26546  126.85987   47.30685   75.12226  116.62749   75.97073  207.37431 
  97.48571  126.49325   -4.60355  -72.74733   68.27743   89.13532   43.43468 
  29.76232   91.22626  -24.36783  -30.15887   52.28526   51.19337   87.56052 
 137.95578   -2.31277  112.23655  130.10824   85.45409   16.70514  209.80420 
 121.77624    6.50662   93.82032  -10.21848   37.79569  173.09641  121.69249 
  74.64864  260.95689  234.83207  155.87636  100.92593   97.18997   96.94343 
 164.96895    4.10880  212.58068  160.86810  306.34756  122.11776  303.16408 

z: 4
 152.65480  -28.22496  190.85066  147.17023   57.21726    6.00891  163.67747 
 176.93225  148.77146   68.09777  121801  125.00073  119.49844  214.101.90104 
 166.49856  119.40208   -0.33572  127.33228  -46.54545     -1.03353  214.18175  203.47457 
 111.77307  167.59000  105.42590  194.82308   55.03017  255.32684  273.35933 
 -28.71477  144.63276  -33.44000   26.13174   66.61193   51.51997  229.37102 
 168.18981   96.61230  -27.05315   82.78422   74.96199  -48.69439  149.50146 
  71.11427   54.89401   43.92982   59.52072  -57.73928  149.94262   92.16544 
  37.51595  166.65475  191.45016  202.91031  -35.61001  128.50584   90.69766 
 -39.44107  -46.52632   42.52919  -97.50326  319.18760  -81.18879 -117.12651 

z: 2
 192.88009   40.37212  139.45977  -13.54463  110.62334  -51.83712  -69.11398 
 131.63986   68.65460  160.33555  120.06690  108.69912  139.54497  199.61600 
 151.68170  132.81531  137.71087  109.42989   84.84841  112.70674   -7.09256 
  79.02463  138.67903   31.48070  187.35910   77.53552  160.76823  121.65657 
 255.48995   14.04529   72.55456  229.20406   82.18294   80.28645  135.75576 
 161.40037   80.47473   90.57096  170.64793  191.87799  -72.75589   98.86238 
  90.54654   76.59741   57.34279  178.22538  182.45317  152.17874  308.52874 

z: 3
 -12.21955  126.83547   47.35321   75.12534  116.46158   75.87638  207.17427 
  97.40906  126.39775   -4.69351  -72.70080   68.13551   89.19715   43.29843 
  29.73730   91.05359  -24.29198  -30.14822   52.26554   51.09674   87.62430 
 137.72779   -2.41893  112.11918  130.05388   85.34672   16.77653  209.65741 
 121.76283    6.48360   93.65218  -10.26647   37.73684  172.94201  121.62010 
  74.68040  260.66053  234.69384  155.85036  100.99033   97.02540   96.94774 
 164.89034    4.18357  212.44626  160.90194  306.01970  122.23519  302.93946 

z: 4
 152.47277  -28.21649  190.79739  147.06597   57.21139    6.03707  163.60767 
 176.78266  148.73245   68.05520  105.40764   78.48958  102.02389  144.81768 
 110.95709   12.46371  -40.08525  -55.63237  149.22220   69.63755   48.86399 
  65.24235  150.36449  205.97973  124.87333  119.54302  214.40853  143.12594 
 143.89046  101.31107   62.59307   34.12541  108.57290   77.33813  112.52386 
 144.64596  -26.36019  102.33648  138.68012  187.41487   48.30516   64.54371 
  79.23533  197.29966  132.93542   98.43885  177.87075  157.51045  -47.70576 

z: 5
  -8.36558  119.57445  130.57776   56.30322   35.23580   12.40263  124.05061 
 206.35655   59.73797   60.82733   71.07854   54.20362   91.78287   37.38945 
  26.45861  215.79692  109.46252  139.40532  144.88624  248.18127  169.51044 
 -40.21024   71.40384   62.22643   84.76218  166.67748   99.38563  -12.41687 
  97.81865   46.16564  210.27624   68.24269   58.76455  120.64151   55.27745 
 163.93342   10.39595  104.90514  110.92759  231.51330  144.51920 78.52229  -12.23025  157.05557  111.89164 
 145.18835  151.34339  160.40613  -44.72009   81.67523   92.71948  -39.72952 
 131.54797   54.77701  113.69603   87.62013   59.79269   95.11328  188.05494 
 239.24234   75.95699  118.53430   73.00111   -9.49006   -6.77126  -14.74149 
 193.09905  -85.919[2J[Hz: 0
 143.45077   9170.72014  152.32629  189.50010  1  60.23357 
 -11.10321  -75.65231  221.01729  237.59614  288.44876  142.39622  207.68792 

z: 1
   2.69469   21.24264   64.28941  166.53062   -0.98373  213.93728  203.31380 
 111.55989  167.48063  105.39196  194.68498   55.06184  255.08517  273.27889 
 -28.68822  144.515[2J[Hz: 0
 143.39320   90.518056  132.39042  -23.64304 5.38881  -12.37399 
  84.444 
 111.36391  167.37077  105.35800  194.54710   55.09336  254.84423  273.19832 
 -28.66181  144.39911  -33.25690   26.23203   66.62555   51.60466  228.85408 
 167.97005   96.59811  -27.13859   82.63148   74.62482  -48.63572  149.09557 
  71.08597   54.85413   44.02630   59.59023  -57.68590  149.79058   91.81697 
  37.50332  166.53525  191.32505  202.43450  -35.52167  128.30430   90.67241 
 -39.47811  -46.42423   42.18388  -97.33569  318.58335  -81.04876 -116.96546 

z: 2
 192.43899   40.34657  139.14488  -13.49136  110.39314  -51.69523  -68.96226 
 131.71657   68.62961  160.01412  119.93533  108.59358  139.30778  199.34384 
 151.30593  132.87295  137.67903  109.34242   84.72088  112.57664   -6.92081 
  79.03866  138.45026   31.61579  186.91825   77.37967  160.29704  121.45301 
 254.94461   14.03028   72.53663  228.74749   82.00946   80.37081  135.49446 
 161.27762   80.60941   90.42461  170.62640  191.60821  -72.64995   98.78819 
  90.42960   76.57980   57.47458  177.96346  182.29876  152.25862  307.97151 

z: 3
 -12.12894  126.78688   47.44556   75.13130  116.13057   75.68819  206.77530 
  97.25638  126.20715   -4.87279  -72.60796   67.85250   89.32006   43.02754 
  29.68733   90.70997  -24.14072  -30.12697   52.22598   50.90425   87.75157 
 137.27367   -2.63012  111.88518  129.94516   85.13278   16.91832  209.36419 
 121.73551    6.44671   93.31698  -10.36201   37.61981  172.63421  121.47605 
  74.74354  260.07187  234.41776  155.79851  101.11823   96.69754   96.95645 
 164.73311    4.33276  212.17797  160.96889  305.36628  122.46898  302.49094 

z: 4
 152.10956  -28.19935  190.69148  146.85835   57.19970    6.09330  163.46839 
 176.48417  148.65404   67.96992  104.95019   78.16719  102.00550  144.48797 
 110.74563   12.64347  -40.06123  -55.52307  149.14113   69.61539   48.70194 
  65.28346  149.91803  205.50477  124.61904  119.63140  213.80104  142.88109 
 143.67403  101.16232   62.45830   34.05825  108.27020   77.43218  112.30704 
 144.36206  -26.15712  102.22467  138.65803  187.09112   48.22403   64.34316 
  78.91490  196.70122  132.58725   98.24945  177.63560  157.61082  -47.65116 

z: 5
  -8.41108  119.57862  130.37485   56.38826   35.32872   12.22394  123.64601 
 205.76814   59.52428   60.71752   70.82856   54.15541   91.57209   37.49445 
  26.60144  215.22136  109.14240  139.29741  144.57480  247.62199  169.41169 
 -40.26173   71.35333   62.38398   84.44049  166.15652   99.60212  -12.59022 
  97.89081   45.89495  210.04978   68.00096   58.88374  120.35298   55.12628 
 163.74254   10.45125  104.98378  110.78682  231.01109  144.24164   74.13601 
  79.58321  144.46404   41.59128  194.75107  112.39219  262.58234   -3.53270 

z: 6
  37.21558  -44.01891   -1.55071  244.70055  155.62881  108.81485   43.36611 
  73.51493   20.66422  164.43979  110.40622  141.44769  232.98776   18.06163 
 245.56058  184.53189   16.43444   78.51541  -12.28095  156.86528  111.54933 
 145.15267  150.69615  160.08575  -44.66327   81.54586   92.70918  -39.61589 
 131.26837   54.82438  113.57811   87.53668   59.62135   95.02450  187.71026 
 239.04905   75.84460  118.28476   72.82692   -9.38262   -6.93599  -14.74347 
 192.72758  -85.86319   -9.32379  -25.73531  102.76940  151.76602  126.27181 

z: 7
  51.63858   11.03600  154.52552  119.92312   63.38414  169.58092   44.28381 
 130.11941  203.70408  168.30269   15.63318   79.45524   71.29111  129.51951 
 124.49318   92.46228  170.46436  106.73052   68.88190 
  13.01.92919   78.29799   94.76806 
 132.74424   77.38578  176.78757  138.01806  160.40163  151.58638   92.96271 
 120.32549  254.09076  158.88727  165.12023   98.47769  108.78610  234.13042 
 -58.51580  100.88461  153.03971  112.91612   -4.90924  154.56588  158.30721 
 -30.56521  204.07038   31.61861  179.37686   25.14076  111.24090  307.81469 
 164.80912   40.11693  153.53459  186.38791   77.52334   73.74125  182.71656 
  31.47865   12.04581  171.96193   97.59570  362.21866  306.75813  13  255.43480  107.26054  126.55  -12.31795 
  84.25322  -37.69506  153.76532  176.55691  139.03105   67.19790   77.98820 
  -0.23253  126.76261  -46.65872  145.02448   85.05818   45.17767   60.09467 
 -11.12211  -75.54541  220.67936  237.20723  288.28631  142.30738  207.37514 

z: 1
   2.49919   21.21521   64.36434  166.31419   -0.88435  213.44936  202.99358 
 111.16834  167.26106  105.32401  194.40941   55.12472  254.60400  273.11764 
 -28.63543  144.28281  -33.16556   26.28201   66.63235   51.64679  228.59684 
 167.86046   96.59110  -27.18112   82.55519   74.45704  -48.60647  148.89353 
  71.07182   54.83439   44.07450   59.62485  -57.65921  149.71466   91.64338 
  37.49713  166.47580  191.26239  202.19755  -35.47761  128.20379   90.65974 
 -39.49661  -46.37326   42.01186  -97.25201  318.28196  -80.97883 -116.88506 

z: 2
 192.23260   40.33388  138.98804  -13.46470  110.27852  -51.62450  -68.88657 
 131.75375   68.61730  159.85388  119.86960  108.54081  139.18988  199.20816 
 151.11868  132.90149  137.66319  109.29874   84.65730  112.51182   -6.83513 
  79.04567  138.33599   31.68312  186.69851   77.30188  160.06227  121.35173 
 254.67272   14.02241   72.52759  228.51980   81.92310   80.41277  135.36407 
 161.21652   80.67649   90.35203  170.61532  191.47360  -72.59710   98.75122 
  90.37135   76.57105   57.54024  177.83291  182.22174  152.29844  307.69352 

z: 3
 -12.08425  126.76269   47.49156   75.13419  115.96546   75.59435  206.57635 
  97.18034  126.11204   -4.96212  -72.56165   67.71142   89.38115   42.89289 
  29.66237   90.53902  -24.06531  -30.11636   52.20614   50.80839   87.81505 
 137.04755   -2.73515  111.76855  129.89080   85.02620   16.98873  209.21775 
 121.72161    6.43283   93.14991  -10.40956   37.56163  172.48079  121.40439 
  74.77491  259.77955  234.27991  155.77267  101.18173   96.53425   96.96086 
 164.65450    4.40718  212.04410  161.00201  305.04070  122.58536  302.26704 

z: 4
 151.92838  -28.19068  190.63883  146.75499   57.19387    6.12138  163.39890 
 176.33527  148.61464   67.92721  104.72231   78.00653  101.99627  144.32350 
 110.64022   12.73303  -40.04927  -55.46854  149.10049   69.60442   48.62119 
  65.30374  149.69541  205.26808  124.49215  119.67520  213.49861  142.75880 
 143.56613  101.08832   62.39127   34.02468  108.11963   77.47899  112.19896 
 144.22061  -26.05593  102.16909  138.64685  186.92985   48.18372   64.24328 
  78.75532  196.40303  132.41370   98.15500  177.51833  157.66061  -47.62388 

z: 5
  -8.43386  119.58070  130.27384   56.43035   35.37514   12.13504  123.44449 
 205.47474   59.41792   60.66278   70.70442   54.13148   91.46700   37.54676 
  26.67258  214.93448  108.98314  139.24345  144.41951  247.34317  169.36216 
 -40.28736   71.32808   62.46241   84.28020  165.89696   99.70972  -12.67647 
  97.92686   45.75995  209.93656   67.88063   58.94284  120.20919   55.05085 
 163.64751   10.47877  105.02296  110.71688  230.76078  144.10326   74.09091 
  79.63190  144.35801   41.58722  194.66177  112.16728  262.31258   -3.45368 

z: 6
  37.13849  -44.00837   -1.49362  244.47781  155.60622  108.80357   43.25008 
  73.51400   20.70131  164.13659  110.23095  141.36630  232.72205   18.11915 
 245.36148  184.44869   16.48795   78.51177  -12.30611  156.77047  111.37867 
 145.13465  150.37367  159.92614  -44.63494   81.48137   92.70397  -39.55923 
 131.12895   54.84798  113.51936   87.49502   59.53592   94.98017  187.53857 
 238.95278   75.78874  118.16044   72.74004   -9.32906   -7.01803  -14.74445 
 192.54267  -85.83506   -9.34386  -25.62581  102.71277  151.78240  126.17444 

z: 7
  51.66050   11.00073  154.34972  119.72371   63.37025  169.40932   44.33113 
 129.96966  203.62084  168.22502   15.69936   79.35985   71.25592  129.29697 
 124.44179   92.30016  170.33176  106.65317   37.69132  196.56988  -34.99378 
  72.60142  -17.76833   34.15337  104.22795  154.66046  259.99758   68.80985 
  12.95914   75.61130   44.18197   25.45195   33.55770  -57.71389  141.94563 
 168.75542  170.26193   75.87898   78.25179   94.59292   21.94318  188.31802 
  99.85447   64.98770  104.31569   93.71959  -83.58397  278.24710   93.00113 

z: 8
  98.97651  111.14201  115.76255  -37.47382   89.22164   71.50084  118.43660 
 132.73458   77.42027  176.78892  137.96212  160.38434  151.47688   92.85809 
 120.31489 59052   73.68236  182.73318 
  31[2J[Hz: 0
 143.27810   90.548340.63546  170.32798  152.09327  182  144.99112   85.04125   45.17518   60.02545 
 -11.13155  -75.49205  220.51060  237.01346  288.20489  142.26306  207.21902 

z: 1
   2.40189   21.20150   64.40168  166.20616   -0.83476  213.20591  202.83413 
 110.97320  167.15150  105.29000  194.27193   55.15592  254.36450  273.03684 
 -28.60910  144.16686  -33.07437   26.33189   66.63914   51.68878  228.34042 
 167.75107   96.58414  -27.22353   82.47895   74.28980  -48.57737  148.69210 
  71.05766   54.81476   44.12266   59.65937  -57.63251  149.63882   91.47022 
  37.49101  166.41655  191.19965  201.96123  -35.43363  128.10345   90.64705 
 -39.51510  -46.32234   41.84027  -97.16841  317.98107  -80.90895 -116.80473 

z: 2
 192.02654   40.32126  138.83160  -13.43803  110.16422  -51.55393  -68.81099 
 131.79075   68.60512  159.69395  119.80390  108.48804  139.07246  199.0