For what material would you like to run this simulation?
  1. Air
  2. Aluminum
  3. Copper
  4. Custom
Selection: Enter the thermal conductivities in W/(m*K) for your material at the following temperatures (Celcius):
-264.15: -193.15: -112.15:  -31.15:   49.85:  129.85:  210.85:  291.85: Enter the heat capacity in J/(m^3*K) for your material when it is at the following temperatures (Celcius):
-264.15: -193.15: -112.15:  -31.15:   49.85:  129.85:  210.85:  291.85: How large is the material (X,Y,Z meters): Should the material be isothermic? (y,n):   What temperature? (-173.15000 - 373.00000 degrees C): Are there any constant energy sources in the room? (y,n): For how long would y[2J[Hz: 0
 170.94621  170.946211  170.94621  170.94621  170.9461  170.94621 

z: 1
 170.94621  170.94621  170.94621  170.94621  170.94621  170.94621  170.94621  170.94621 

z: 2
 170.94621  170.94621  170.94621  170.94621  170.94621  170.94621  170.94621  170.94621 

z: 3
 170.94621  170.94621  170.94621  170.94621  170.94621  170.94621  170.94621  170.94621 

z: 4
 170.94621  170.94621  170.94621  170.94621  170.94621  170.94621  170.94621  170.94621 

At 0.00000 seconds
[2J[Hz: 0
 170.94621  170.94621  170.94621  170.94621  170.94621  170.94621  170.94621  170.94621 

z: 1
 170.94621  170.94621  170.94621  170.94621  170.94621  170.94621  170.94621  170.94621 

z: 2
 170.94621  170.94621  170.94621  170.94621  170.94621  170.94621  170.94621  170.94621 

z: 3
 170.94621  170.94621  170.94621  170.94621  170.94621  170.94621  170.94621  170.94621 

z: 4
 170.94621  170.94621  170.94621  170.94621  170.94621  170.94621  170.94621  170.94621 

At 10.00000 seconds
[2J[Hz: 0
 170.94621  170.94621  170.94621  170.94621  170.94621  170.94621  170.94621  170.94621 

z: 1
 170.94621  170.94621  170.94621  170.94621  170.94621  170.94621  170.94621  170.94621 

z: 2
 170.94621  170.94621  170.94621  170.94621  170.94621  170.94621  170.94621  170.94621 

z: 3
 170.94621  170.94621  170.94621  170.94621  170.94621  170.94621  170.94621  170.94621 

z: 4
 170.94621  170.94621  170.94621  170.94621  170.94621  170.94621  170.94621  170.94621 

At 20.00000 seconds
[2J[Hz: 0
 170.94621  170.94621  170.94621  170.94621  170.94621  170.94621  170.94621  170.94621 

z: 1
 170.94621  170.94621  170.94621  170.94621  170.94621  170.94621  170.94621  170.94621 

z: 2
 170.94621  170.94621  170.94621  170.94621  170.94621  170.94621  170.94621  170.94621 

z: 3
 170.94621  170.94621  170.94621  170.94621  170.94621  170.94621  170.94621  170.94621 

z: 4
 170.94621  170.94621  170.94621  170.94621  170.94621  170.94621  170.94621  170.94621 

At 30.00000 seconds
[2J[Hz: 0
 170.94621  170.94621 1  170.94621  170.94621  170.94621  170.94621  170.94621 

z: 1
 170.94621  170.94621  170.94621  170.94621  170.94621  170.94621  170.94621  170.94621 

z: 2
 170.94621  170.94621  170.94621  170.94621  170.94621  170.94621  170.94621  170.94621 

z: 3
 170.94621  170.94621  170.94621  170.94621  170.94621  170.94621  170.94621  170.94621 

z: 4
 170.94621  170.94621  170.94621  170.94621  