----------------Stream Me Your Video----------------
--------------------Playing video-------------------
INFO: Height: 15 Width: 60 Frames: 4
INFO: Set your terminal height so that only the '|'s show.
INFO: This will provide a better viewing experience
INFO: When ready press a key...
|
|
|
|
|
|
|
|
|
|
|
|
|
|
|
.  . ... ..  .....  . ...    . . .    .. ..   ....        ..
..   ..  . .   ..   . ... . . ... .. .. ... .. ...   .   .. 
.   ... . .. ....        . ...... ..   .      .     . ..    
 . .    . ....  . . . .... . .   .  .. . .. .. ...  .   . ..
... ... . ..   ...  ... . ... . 
..  .   ....... ..   .   . . ..  . . ..   ........  .    .. 
   .. .  ...  ..     .. .. . .. . .  .    .. .  ...    ...  
     . .. . . .. .    .  .    .....  .....  .  ...   .. .   
.. ..    .  ....... ....   ..   .        ..  . .   ..   ..  
... .   ....  . .. .  ... . .... .   . .  ........  .. ..   
  . .  ... . .  ....  . . . ...     .  .... ..  ..  .      .
. . .  ..     ... . .    ....  . .   ..  .   ......  . . .. 
 .  .. . .. ..   ..  .    ..   .   .       ... ..  ... .... 
 ... .   ... .      ..  ..  .  . .   . .. . .....     ... ..
  ... .... ..   . .... . ...  .   .     . .. ...  . ...... .
.  . ... ..   ....  . ...    .   .    .. ..   ....   . .  ..
..   ..  . . . ..  .. ..  ....... ... . ... ......   ..  .. 
.   ... .  . ....  .     . ...... ..   .      .     . ..    
 . .   .......  . . . .... . .   .  .... .. .. ...  .  .. ..
... ... . ... . .   .  . ..  .   . . ..    ...  ... . ... ..
... .   ....... ..   .   . . ..  . . ...  ........  .    .. 
   .. .  ...  ..     ..... . .. . .  ...  .. .  ...  . ...  
     . .. . . .. .    .  .    .....  .....  .  ...   .. .   
.. ..    .  ............   .. . ..       ..  . .   ..   ..  
... .   ....  . .. .  ... . .... .   . .  . . ....  .  ..   
  . .  ...   .. ....  . . . ...     .  .. . ..  ..  .      .
. . .  ..     ... . .    ....  . .   ..  .   ......  . . .. 
 .  .... .. ..   ..  .    ..   .           ... ..  ... .... 
 ... .   ... .      ..  ..  .  . .   . .. . .....     ... ..
  ..  ....  .   . .... .  ..  .   .   . . .. ...  . ...... .
.  . .H. ..E M.. .  M ...#   . * .   |O.W..)WE...M   . .  ..
.. & .. #.   $ ..  .( (.  ... ..& ... . ... ....*. @@..  *.O
. $ .&. .W @ ....  .  O &. ...#&%H.%OM..E   $ .OE.  W|..    
 . .   ....#..  . . . $).M&. .O  .H &%|& .| $(@)#( &.  ). ..
...)..EMO &..W. .  @. %.O@.  H  E. . #.*    .M  *W. # (@&&..
... |O|.%$#.... &.   .   .M)M.. (& M ... H.E......  .    .. 
  ..) .  ..$  ..   . ...*( . .. . .  .WM  *.O.(%($.  . ..* W
     . .M . %(.. O )W O  @  HW..(@.  .....E .|W..&  ##% .   
.@H&.   |.  ......&..... H#.. .@..#O   MM..O). .   .*)EO.@  
... .   ..@.  . H.   (... & .*.. . # . . E&E.W$.*.  .W .. . 
  . )&M... $ .O ..*#  ... . ...     W |.& O ..  .. &.      .
. . .  |. )#.O... H . $  (|E# O. .  M.. W.HO @*H...%)M W .  
 E  ...) ..W..   ..  HW E (.M& )$)H%    & #..O .. @ ..@..%.|
 E.. @   .$.&. .    ..  ...&.( @ #   %EE. . ....(     .H. ..
ME%. (.O .  .*  . .... .  (.  .   *# (H O E. .&.E . .... . .
 #|# |#.||# .|.|# .#|  .|# | |#.. ##... |  |#|#|   . .||##. 
#.|..# ##|##|  ..#|. |###||.  .##.. #. #.||#| |.  .#  ..#  #
|##| |||||| |..... |.#  |.|# .|.   ..#.  . .|. # #..||#    .
.# ##  |## .#..   |##|.#  .|. .###.|#### .. . .#.#..|###|  |
. |#.##. # ..#|#|| |.  .##  . #| . #|#|.   ...#.|##| #| .| .
.|#| |   ####. .    . || #  #|### |#.#||. |# #.    # .#|..| 
.|| | . |# # |.  ## ||#.||#....|#. #.##.#######.  #||#|.# |.
|# #. ||..# ## ####|#. #. | |###||### | ..   .| #. ...|| |#.
|.   #.|#| #  ##|#|.||.#.  .|...|..#.. #.|.|.. | #.. #|. .# 
 # .| #  | ||#||. ##| ..| . #|##.|| |  |...#|##|.|# .  |..|#
|##  ..  #.#|   |.|| .|.# | ##  #|.|. .##.|   #  ##|##|...|#
. .|    #.|###|# ##|#| #..###.|#|.|. ....# |. #|#. |.#  |#|#
 || |||.||| 