----------------Stream Me Your Video----------------
--------------------Playing video-------------------
INFO: Height: 12 Width: 35 Frames: 11
INFO: Set your terminal height so that only the '|'s show.
INFO: This will provide a better viewing experience
INFO: When ready press a key...
|
|
|
|
|
|
|
|
|
|
|
|
    . ...   .  .   . ...   . ..   .
           . .  ......    ..   ... 
...... .  . . . .    .  ... .      
. ...        ....   .  . .    ...  
  ... .. 
.  .. . .  . . . ... . ..... . ...   ... .
.. ..... .   . . ...     .  . ..  .
...   .. .. .. ...  ... . ..     ..
    . ..@   .  .&  . ..O*  . H$ *%.
 M%      $ . . |....W.  . ..   ..O 
......M.  .*.&(M.  @ .  O.. . E    
. .#.  H &  O(..& $ .  . $    ...) 
  ...@*. W.. ...  .#.  ..   )   ..)
.H&   *H. M.. .  . . . . E..  . #&%
M.   E% .. .  . .         %. .(.*. 
.W$ @%  .  . %.. H. . .W&@    .  @ 
.  @E O@.  & .H. ... . ....  . ..|*
   .... .%O.   ..O.M.& ..WW   ... .
.. ..... .   & . *&.     .  . ..| .
&..  E.. H. @. |.. $... O ..&(#  &W
|() #.)) @ $@.).( @|@$@.$. @ .. #$ 
.(@#).|.# |$(|$$   (@|)##.#@($$)#@|
(.#|# )$) $|$$|)|...$ ($)#  | .()((
((##)@$|()||#)(@.$$.@$ # $|@|().|))
.()| @@@).( ##.)@#(@ () (|..##|#$()
|$)($.$)(@(|$||@. |.( ( #$$)) )($|.
.  )((@$@@ (@ ).|@.)).()......  (#|
)|)|)$. ||$##)@(@ |#@@ (|@(()$|)) |
$|( .)). $  $$.$@))$(.$.(@$ (|.|$@$
@@|$ #.$##(@)| @@ )|(.## )@$@| .@|(
|#$$$)@.$)$ .@.|$#.  @( ||(|)|@ . $
...$ @#|| )#| @||@(( $.(  )@#) .#  
CB0jPeXMPDjfM9CT0C3HemXyBCAmFTjyOS9
33mOMmYXeX5eSde95YAj9300SSTe5YMBXC3
Be5C5HSSmeFj0fAfXHAfMSmOXBSPBHXOAdA
fmSTP0093CmBA5y5DBdjfDFXCPY3SMPfOmj
DOOyCSmm0SHjOMHCCY05mHmm3mFpY3TdMBM
pDymO99e5SBTHfMO3OySPd3PBmMyF9m59OA
fF3AyyDHfOyBPFyOyD0dfYFXeAfTdDYDSFB
pyXHDjMP5YTFpDSYO9myeCmTPefmXDFMPYp
SpHSMf0yYePF5fHSFYpBy3mACCm9DFjdFAm
PYCFOdMA0OCMdPB5pe3eDYYBPyS5dA53BSj
mydO5CmFPdYyTY0f9DCPYYdCBOOpBFpFmmC
SdYX3fHj3DBpfYP9DY0BHM39CfMjemPMD3T
HB0jgeXMPDjfM9CT0C3He(XyBCAmFTjyOi9
33HO%mYXeX5eSdh95YAj9300SSTe5YMBXC3
wq)C5OgSmeF$0fAfOHAfMSmOXBSPvHXOudA
fnSTP 093imBA5y5DBljfDpXCPY3SMPfOmj
DOOyCSmm0SHjOMHCCY05mHmm3mFpY3TdMBM
pDymO99e5SBTHfMO3OySPd3PBmMyF9z59OA
fc3AyyDHfOyBPFyOyDOdfYFXeAfTiDYDSFB
pyXHDjM%5YoFpDSYO9my)CmtPefrXDyMPYp
SpHSMf0yYePF5fHSFYpBy3mACC&9DOjdFAm
PYsFn|MAstCMdPBO#e3eDYYBPyS5@A53BSj
mydO5C@FsdYyTe0f9DCPYYdCBOOpBFpymmC
SEYX3fHj3DjpfYP9DY0BfM39CfMjemPMD3T
NIRnl?z=Qh*iER"gf?[o" Q<@\Y:K*i,OXR
S"J3M8z`M#m5_wy|l;~+5*a@ {yCeitl~yg
Nl"-~L<(wSg=4XQ|'v|D=I2f,{#XYIAch<G
4A'YC?v-MP^9mwZA"IBAkp1r50RyqbR'&75
_V)F;9|g{Lhp;#,!(4RxP`nrD !M3325F@A
JoR8;p&Ko%!M3)-V$MQ91/Emg }g^enMynP
F"J/]T?,]Bs\q1h.F^$M)bfJvk\G]xpF3@f
#{'YqaaJz0}+cY"s(1%*gxC<>B)a]Ycd$#e
woPraAm{.Ip{W[2014*[sx(u@  cjjhsadlcmj%bp
O*ycHw||H|ijzay.r|#OtW%%vw#$j)w$b(w
ij$h#xdE a)*snneqedeze)H|MmlfH|(($i
sMMOfHaxo*dhov&hOztzjsh Wez)rwpshlE
ewtbd)&$rxreM%MaMphz|qlE&#%hztv$l@k
$@*qz%$w*@)mkozkmcsn)s%aa.a&OtH #t 
)gdv &pWrrvEwrw@b|qw(WslwsEfrOH@m))
aO(E t how&uM%mWmsgdi&cfc.E|*)&M@&%
e$xHwug%*xrE@WE@sipWmele)(mh *z.| @
ewW%M%pjOp(haM$g#$ce%tiq%eiM%it@#nf
H)p(E*(%p*%vEj.sjkg#ex@#rumnO.v&.E.
m*i@Mk|n#uHWcisy$**|(sdzfqovW(m%Ou.
qt)bbmuE&H *M sWOu@  cjjhsWdl)@j%bM
O*%cHw||H|H|za$%|E|OtH.%vw#(#.*.b$w
@j$h#OdE *)Hs@WeqedEWe))H)mlfW|(($i
sMMOfHaxE@dhov&&Oztz sh Me|*rwpWhlE
ewtbd)&$r%reM%%aMphz%|#H&%%hztv$O @
$@Eqz%*#|@Omkozkmc)n)s%aa.a&OtH #t 
@gdv &%E# vEw.w@bOqw@W|Wws%#$c.%|iq%eiM%i#@(nf
H).(E*(%p*%@Ej.sjkg#ex@#rumnO.v&(E.
m*i#(k|n(uHW isy$**|(sdzfq|#W(m%Ou$
q )bbmuE&H *M sWOu@  cjjhsWd()@j%)M
O*%c|w||H|H|za$%|E|OtH.%vw#$(.*@b$w
@)$h#O(E.*.H) We@edE(e))H)#l..|(($i
sMMOfHaxE@dhov))Oztz .h  e|*rwpW(lE
e(tbd)&$)%r@$%%aMphz%|#H %%hztv$O (
$@Eqz%(|#@Omko$k)c)))s%aa.a&OtH )t.
 gdv)&%E# vEw.w@bOqw@W|Wws%fr(H@O))
a (E t how&%M%(()sg#i&cM$|#$#$#M@&%
$%WH(W)W *.||W@.O@|*H|#$EM*HO.$)WHE
E*)M $E#*#$).)#H&OWE|($ %O%H@|HE*@&
%%$ *WEE|$#EH().WH.)@ .|E.(@H( @O *
HE.@&$|%. O.$(($&&O|)HE.@(&H|&|$(H(
.$)W$O(&O&$*&HM*H.($)EWO)W(W&%|HE##
M&WMHM*% @$.%.#($&)& @|E@)  @ME%*.|
*W )@&#W|EO#&.E&*@EMM.|OE.O$%(H$)()
#| M %*#)$WW.. %#|(||WH@ (%&@.*))%*
W&@MHW(EW)... O.|* E|M|H$WHW)|(E..W
WW&O. &%*($*(*$@HW%#)*$.HW@.$&O@@&#
WEH##&$*O|%(@|%*WH)O#.O**OO#M(*W|(E
HH.M#W|)O$EHM%@|%O.#@# &HMW@E|%|)@O
  .  . ....    . . .    . ..   ... 
 . . . . .  . . .......     ....  .
  ..        .     ..   . . .      .
.. . . . .   .... .... .    ...   .
.. .. .... .  ...... ..   .   .    
.  .. .  . ....   .  ... ..   ...  
 .   .  ..    .  ..  .....  .      
.....   .  . .  . .  .... .  ..    
  ... .   ..  . .. . . ...  ..    .
    .   ...    . . .. .. . . ...   
   ..   .. . .  . .  .. ..   .   ..
.  ...     .  .. ...   ..   .  . . 
