----------------Stream Me Your Video----------------
--------------------Playing video-------------------
INFO: Height: 29 Width: 58 Frames: 4
INFO: Set your terminal height so that only the '|'s show.
INFO: This will provide a better viewing experience
INFO: When ready press a key...
|
|
|
|
|
|
|
|
|
|
|
|
|
|
|
|
|
|
|
|
|
|
|
|
|
|
|
|
|
w+WC=]YyR.52(4n28o]W&hah.u_Bs<Cp10$=X"?}DC)23+tF@jLto^fc>r
]L!:Up7M:~>R;a>eh3\o/ :~2]X|ch_>it.Z(;*K} dWHnq:K5s\NDV
X;DoI=wQ0+<|2a)D"698:0|\BY{=goPr{obG ~jX!Bf) :!,X8&]22 _n~
K/@R(P(Lb'e:A5)d? R\?GZ#Us?qL65m}sc|Z*\S)hYY%h20Y{x)esYml}
%NPk*RS;uJRG$Ht9mh'HhXJ0#T%)+%A<\C8N)@R9:3`G06Dcs>L_4@]'Vb
aYSO5<NM_$M?2]J/&9__.)<- oe#[Rxo`rys*Xuk~=C9^>]Y3@BR*w>]Q@
q7E_AYU\_:j7xt. N=J]apn.JD:kz}zZu]VQ{>REl3[bR\v6z|Yb1{`S?+
9eIn6,Oinh%-#>arkxiwSX#.bO|;ZY#LMCQ1^j4hHw%+*ipfj#4`&kg`C~
Cvae?@~Z^hJ/(&=.9.8YP?o916{]T=-n*AD8t]IU<8WG5}H_Ek^!VZ"N&h
<9)_#X<n,W&e&2jMiHT}ZrOg(d~FTQs?yVtv:}{hA7qM\eqKUQWVX&lx6~
/AloE1Y,*,G^EBmWE|r"?5(r|B`NXV~vC("+s@<EZGoa<~7s(TqV`'g#fL
rK-~;c{xg[XjY_{k -n>Sn;B@dr,KH=LNaU'bcWbGt5@wfwEDXkq_
rK\FraUSK`0&QM`XB^PQikZ*^aw&
v H<gZFeEKlPs`h&j]4"|,WA\sjwmj;/WHW*nvl>R60.jx/Hd!:g]ga=tz
_Gh!%T^wz!,oTZ5iIr_.</U TWay&)ZmhIT&?IfSxis.7k2~H>;C`11U+M
)`ecM+B/B.,aU1q$-I)~`XNN$<L}&0&,p';e|$_&32x@X62)?D41UbwhE#
]?_S*-4yn9jA]%O|c)29]=3Nxcq+wGL#tT ;][L*T grkl:;LemKb.q[}0
#>Fx=r ` ]{gBF<>CCm KTGu3qR8H`B1j}l!UWlakF~?iIU -8E1ZUo3iM
qB[w;H8#ba&C5vo2JkBHLb{=Xug3y>m_KI{tDDTuBjv xkhkh+ro4rIE..
v'Q0%$bpywisxyu[25T5j%L$$#$GtRQMPK-WZmc[xFYw;\CE`GQ\P`#3[J
MRsa)HJqJlM"}=r>n_j/e)m rS""abxglC1+%JdlNUmmLX#`2l@1\d@z=\
iuI1;]uBTl h:/c2s-*awS~NG;hOq:=d[B}wxOcm/0dvj|4@"G(dyr<u,n
<4(2'FHGTuBN_@H&bSkY(dm^RLn|kkuyKVc)+Y(s=9q0!x"}A**:JBHq}'
h;ke}W/Y0R7#yA'y4o{v>::59B1g/|ql<HVH|cubo&NAIauG^2dI13qGgq
[# %ZL`)]NMfkr<jc5VzQn,N_UM|P{uQcQKh>E8.-}X!^%aC6wERfX=Dg)
-#EDf[)'!?H/f7j#h/F\3gB9o4Y7oe'7Lmp+n=.}saAJj)H<j-9oQs51Rh
w+WC=] yR.5|(4n2.o]W&hah.u#Bs.Cp1|$#X"?}#C)#3+tF@j.to^fc>r
]L! Up7M:~>R;a>FM.>O<6 <X{c Z<rbG0TU#@<)M&M#| 0 ]XhVl'T[&E
r/4 R6]|UjY%VG;28!H##=\Oe(.bt0-I|I|kCa1.il%) 8.#1.;Hz}|2[g
1| [|FnZ.@X'e #Qz0Mp!|J \#p)fa 8`in |iI RvV#rpY-#YQk3.S/E5
2O|OAFIq3:B  pU|#Seh.\|  :~2]X|ch_>it.Z(;*K} dW||q:K5s\NDV
X;.oI=wQ0+<|2a) "69 :0|\BY{=goPr{o G ~jX!.f) :!,X8&]|2 _n~
K/@R(P(L.'e:A.)d. R\?GZ#U  qL65m}s#|Z*\S)|YY.h20Y{x)#sYml}
%N k*RS|uJRG Ht9mh'|hXJ0#T%)+%A<\C8N)@R#:3`G0.|cs>L_4@]'#b
aY|O5<N.#$M?2]J/&9__.)<- oe#[#x.`ry| Xu#~=C9^>]Y3@ R*#>] @
q7E..Y \_:j7xt.  =J]ap|.JD:kz}z#u]VQ{>REl3[b.\v z|Yb# #|?+
.eIn6,Oinh%-# arkxiwSX#.bO|;ZY#LMCQ1^j4|Hw%+*i fj#4`&kg`C~
Cvae?|~Z^.J#(&=.9.8Y ?o#|6{]T=-n*.D8t#IU#8WG5#._E ^!V "N&h
<9|_#X<n,W&.|#jMi T}##O|(d~FTQs?yVtv:#{hA7qM\eqKUQW#X|lx|~
/A oE1Y,*,G^E.mWE|r"?5(r|B`NXV~vC("+  |EZGoa<|7s( |V`'g#fL
 . ~;c{xg[XjY_{| -n>Sn;B@d.Pjx]r,KH=.NaU'bcWbGt5@##wEDXkq_
rK|F..,7LYfe#lo pb@#*Y,#F(R#Rh%_V:_aUSK`0&QM`XB^PQi.|*^aw&
# H<gZ|eEKl#s`h&..4"|,WA\sjwmj;/WH.*nv >R6..jx/Hd!#g]ga=#|
_Gh#%T^wz!,#TZ5iIr_.</U T ay&)ZmhIT&?|fSxis|7k ~#>;|`11U+M
)`e##+B|B.,aU1q$-I)~`XNN|<#.&0&#.';e|$_&3 x@X62)?D41 bwhE#
.#_S.-4yn9jA]%O|c 29]#3|xcq|..L#tT ;][L*T #r|l:; em.|.q[ 0
#>Fx=r ` |{gBF   Cm K G|3q#.H`B1j}l!UWla#F~?iIU -8 1ZUo3|M
qB[w.H8|b.&C5#o2||BH|b{=Xug3|>m_KI{#D#TuBjv xkhkh+ro4rIE..
v'Q0%$bpywisxyu[25T5j%L$$#$GtR|MPK.W mc[xFY#;\CE`GQ\P`#3[ 
MRs )HJqJlM"}=r>n#j/e)# rS"#ab.g#C1+%JdlNUmmLX#`2l@1\d@z=\
iuI1;#uB|l h:/c2s.*awS~ G;hOq:=d[#}w|Ocm/0dvj|.|"G(dyr<u|#
<# 2'FHGTuB|.@.&bSkY(dm RL.|kkuy.Vc)+Y(s=.q#!x"}A**:JBH.##
h;ke}W/Y0R7|y#'y4o{v>::59B1g/|||<H#H|#ub. #A auG^2dI|3q gq
[# %ZL`)].Mfkr<jc5VzQn|N_UM|P{uQcQ#h>E8.-}X!^%a.6wERf.=.g)
-#EDf.)'!?|/#7j#h/F\3|B9.4|7oe'7#mp+n=.}saAJj)H<j#9oQs.1Rh
U)(h";AO*J.KzOhx|KfS_?%>t"%ren#j7OSazfk>},2eDNMI/e"8MOgmxV
 F~cgAG,=`qVI:m c1-5DIl+pQo-_JYy=FBB UW;lTl3hWXd%Vzg4jg?i`
c8vEbg@&=3<-#j^rX2[BbXhI3/R)GwrjlAWFGW^zS8s:IFS[)EehX$dU?e
A|o3\l[/2^ak$AArZ&t%AKWXaw99;BeID~pRGt-+.T,.%FSySly:k0,7.+
iHPrsqtEI@USasSTo>_C`<H%G&p0q-,H1WW[Iv;%We_e3Bi[@^I]_}d=`u
YDnrl kYFyI2B`G2iVF4d&==N)WPpwh4b[|@6luUjFLVNi^3z%(zW$u'i}
c8Jh^Vv]+n{<RCD5&Bx}GMP$$2d+o%(l%3M5$,5i$,szZO0!S* it/1TyD
]Fp&f1,!>HNH9Jq*Pn.)Vcf5BFM1vuF\^'hEpw!dY3'ycj|k=R:@!TlK>G
uwoJnim7NJGL}TaKCFxrMAJ8$pGR};8/7^|pMV0N;[aV y :@':9!uts*q
Sjlauh)Lwrx-E-H>XaL`u?yi\90[Ipx\{h4`tIy]8O|s$fZlyK"*b\^\^"
xW|'Wn or>G;E`{D/F|U^yk[@&D~hO&H&J3/j,4M(V^/Q~Sbwk0vm0In(S
-!3Pmkr:&It~!zlp:\>.Y>pEo;eC0,~vV.~XU:CeA\>H6roDA5RNOU_6`+
Bz)(^t<EZu\)Z=c7z'/.(V3{],1x:B-SE>h06mUZS(+sef3_Dw}\'i}\pA
q#i\^Tpk]|=<pw:BbF?6D;;EH`lj5F0&uf"ZPVcdhN.im;qm^Tf@wv?h'F
Oe.;lJh1myVe1#}Sp`!WAH8FC`"nJEhQL]$N\) RP(5pU=+}tmw8gWa y<
,t/#46 rK)+Y$}\Hx[oW'(3I;q~f5fn=1O/D{wdX*v>D-3`[}_k/dW,jeR
t_]ws}WyaR'#IPjl]My$Xh%PlY`~2a>E+*a[mH{<AB|>FnH:d'Yyz&B@w@
<\CKuwSNb!xmO%2^eM$4'Xbpf`Njiiw^96{[xfAC)ZQC;>pVgZ>w[@]1`F
?qE|lp4,]T%)5f^ti*_&O]rNt29)tQ,J*g)v+!0E<}?q*bTmVXn-R<Xgvb
v(]ZVKZ}TvD'l?gusib%(D5:fB/AD~;mEp"N;M8tQb@,e]4=*moK+m=G!d
~.\7]%Ad.aFKd4vG.l.q$("t}mVXs5B#=_A;Q}<ugvvMd$x<Ka2g6!`=A,
zb25~dEKp02Y;e q]Z{RMu[Um^T8L*DLJd;W-tBoNTR"`T.k2v"B,8nFw8
%\;,N(xps)W<KJQ3p-J>zHt$; WG3%ZIC(HygTT8"iK-7AK`vIU#~@lFMw
R(RI"4c_/>'V`Z(TfPe~rT#E6bQ[}o:x=Hm\t~FB\ALl;UhG!BdtEBHhbq
A`A8.8/7V9" SgC.vqAUZ^%;ey7r{x>MT1ZrH`D"w\8UQI[_F7=z5G4pX5
^)q?,h,e2e<Df:Q{YRjU>;*2/UK)^`A~.UU&6OJJR'f7+R"|eEBMx:tV1_
QW:+8~\vL@'G{|vYdCc'yb)[$\X`PC;4hA/zmeA{j1i']n4&o S)]. DQl
AsL$D&SIs6$ J$_k0zT4W~UpA)^]t0Dug}a$Dj2x@++%i]~4v2NP/"6nh)
P;-&O>^MtQyO~r+kUK6UF%qijb(|eOtdYGe]VFQ(N}uV#}g^w,% !9>'^+
@)(h";AO*J.KzOhx|K S_?%>t"%&en#j7|Sazfk>},2WDNHI/e" MOgmx.
 F~cgAG,=`MVI:m&c1-5DIl+pQo-_JYy=FBB EW;lEl$h Xd%V(g4jg?E`
c8vEbg@&=3<##j^HX2[.MMhI3/R)GwrjlAWFGW^zS8s%IFS[&EehX$dU&e
AMo3\l[/2^ak$AA$Z&t%AKWXaw9H;BeID~pRGtO+.T,.%FSy$$y:k0,7.+
iHPrs#tEIMUSOsSTo>_C`<H%G&p0q-,H1WW[Iv;&We_e#Bi[@^I]_}d=`u
YDnW  kYFyI2B`G2iVM4d&O=N)WP.wh4b)|%6luUjF@VNi^3z%(zW$u'i}
c8Jh^Vv]+W{<&CD5&B$}G .$$2 +o%(l%3M5|,5i$,sz*O0!S* it/ TyD
]&p&f1,!M*NH9Jq*Pn|)Vcf5B%M1vuF\^.hEpw!dY3'yc%|k=R:@!TlK>G
uE$Jnim)NJGL}TaKCFxrMAJ|$.GR|;E/7^|pMV0N;[aV y (@':9!uts*q
Sjlauh)Lwrx-E-H>XaL`u?yi 90[IpW\{E4`OIy]8O|s$fZlyK"*b\^\^"
xW|&W@ or>GWE`{D/F|U^yk[@&D~hO&H&J3/j,4M(W^/Q~Sbwk0vm0In(S
W!3Pmkr:HIt~! lpE\>.Y>pWo;eC0,~WV.~XU:CMA\>H6roDA5RN%U_6`O
Bz)(^t<EZu\)*=c7z'$%(V3{],1x:B-SE>h06mUZS(+se%3_Dw}\'i}EpA
H#i\^Tpk]|=<pw:Bb ?6D;;EH`lj5F0&uf|ZPVcdhN.im;qm^Tf@wv?h'F
Oe.ElJh1myVE1&}|vb
O(]ZVK|}TvD'l?gusib%(D5:fB ADG@%ZIC(HygTT8"iK.7AK`vI@#H@lFMw
R_/>'V`Z(TfPe~rT#H6bQ[}oEx=Hm\t~FBA8.8/7V9$ SgC.vqAUZ^%;ey7r{x>MT1ZA{j1i']n4&o S)].$DQl
AsL$D&SIs6$ J$_kEzT4W~MpA)^]|0Dug}a$Dj2&O++Mi]~4v2NE/"6nh)
PH-&OE^MtQEO~r+kUK$UF%qijb(|eWMdYGe]VFQ(N#uV#}g^w|%M!9>'^+
