----------------Stream Me Your Video----------------
--------------------Playing video-------------------
INFO: Height: 15 Width: 58 Frames: 9
INFO: Set your terminal height so that only the '|'s show.
INFO: This will provide a better viewing experience
INFO: When ready press a key...
|
|
|
|
|
|
|
|
|
|
|
|
|
|
|
'6{[)DV\l2khZ)p\K899fLF>hcd?yfF7Pg(;9z[nqS?BiWiUZl)C^\u\Y'
2J}Q2\bPnPuPH2 m|wFHV-^8lokS~W~PMsrKzk|n#RCd2? mUc
BE^~rxd(0LhDj-x/*,[Wf!Ajw+dP_v,do2po_CjZFv<:7(0~G8z _Jr_=1
NDF\"t s&e4~-Q"G}dc4z1gZQ\s-RMA*z_%mdXM~{e!gc52BXyL58_l50n
(r9wu0NFlGhUYT`]UA]:uxWMi<~Yj"mv-x<drc+K6*C#?{e&,-)~Br3g|4
Sg/p O5H0W7`_$5cc~]'[fq||\$]#l6OFJAt^"V~kJ:>1c,)SU5[:oS_B 
vZ`luz$7:3CQm"[!jnws&[6&,e48wNuz9;wE`D.Ig\NV`BY|hx W#;AAy8
Ac0JR.[m$i`+wZJKP\/;za4B-4v}?-cv##ENw=Y~'ge!bK*3;RS5~5|a#r
z6_ixUBsdLw'nU\g8s"gup7,Eh1SzRG;f{urj3{^89bU>'sH1EX[-8/i_]
x mMYa qn_BpczZ_dqeWnO:S*vNEGcIk6eq?ytzK5j\OqZvc1o50A `l%&
c3n;/ek$`s;~Grkq>}Y&>kPmwh<oe)oPutS^(@hM*qYyd9Z^9B4Y"~+70+
bvl)H@bMs*$d (i&.fk.Obe&wpHbM zljh@c%)f###jvax#nbd*nnO))zv
riuWnmcutOz.ek)gr)cd&O@*Onkc)kW# gsifeqmEwuOlqOq)k  Mywq x
$%OWdfnarmtama%piij liv%qMfm|rhz|n.(rmh&byyhwnq$xWgWMW&qmr
hbrl.r&pbqf@diuh$tEi(x@%c|o&n(rE&wj)#xtwv*EptfszlOMiuuMayn
|OHmd*pjlyOnk#wsnnfe.nacrny.wHpsu#y.&nr(q(&#myuwn&*rsWfE)c
goxmm&#c@bOWidayhb$p|hEvwHMbhglh@W&rw(ecMz#et  )y)awH%lqiO
O(Ogqmcwwz lhhrb||(vHvzskO#hjpkOzH.#|* Hc mtdOg@aM O#eMb u
fbpiMHksp*kk&#WcEhfrfbk@*ieev%fuq$ijniMhzu*ksbEyH.Hc)*rObO
|* iMuk)$#wvwpto)$kMh%|$yk f.(dquEby*list.Wt  u|ryispnMg%z
M*u*dvli$h&Mz%wiymp n#dyzgeccnlaqe@kM&c@bqftH%zgH.ulo|tgo%
hm@EnWxE%tW )c(y$sn| Hg*M@(nq nqcrwOlwf(hbgn&uE$|vopav$s)*
z(b)@mvObkteaMqMweMbjin&@(mvqM@dxhck(M%))pErWc$sz$&@mdj$oq
f.ocymejofpw.bcto.b&np&bq%imWvc&vc xakgptWszp|#wn#eiyO.ga|
%rnoc(|s.frOvwcrv#HH iyhuwMbzvefh@myiebgxfnOr@O#ydo%.xu(f 
xg)&hk&&)iamWivwMo%wcxlgvuWk&jyqvcHl&@Hog|mibWh vEdi&dzf%(
.vl).@bMs*$d (i&. k.Obe|wpHbM zlj#@c%)f###|va##nbd*nnO.)zv
 iuWnmcutOz.e|)g#)cd&O@*Onk. k #.|si#eqmEwu#lqO|#k  ||w# x
$%OWdfna..tama%pi#j liv%qMfm|rhz n.(rm &b.|#w.q$xWgWMW&qmr
.b.l.r.p qf#diu#|tE (x@%c|o.n(r |wj)#x wv*Ep fsz#O|iuuM|yn
|OHmd*|jlyOn|#wsn.|e.n#crn .wHpsu y.#nr(q(&#myuwn&* sWfE#c
g#|mm## @#O||d#yh#$p|hEv |.##glh@W&rw(ecMz#et  )y)awH%lq|O
O#O.q#cww| lhhr |.#vH|zs O#hjpkO H.#|* H# mtdO#@#M O#|   #
fbpiMH.sp*kk&|WcEhfrfbk@*ie.v%f|q$ijni..zu ksb# H.|c)#rObO
|| iMu#)$#|vwpto)$kMh%|$y# f.#dq.Eby l.st.Wt  u|.yispnMg z
M*u*d li| &Mz#wiymp n|dyzgecc.laqe@#| |@b|f.H%z.H.ulo|tgo%
hm@EnWxE%tW )c#y$|#|.Hg*M@(nq nqcrw lwf(h##n&uE$|v.pav$s)|
z#b|@#vOb.|eaMqMweMbjin&@.mv |@#xh .(M%)|pErWc$sz$ #|dj$o#
f oc. e|ofpw.# t|.b&np&b#%imWvc&vc  .kgp# szp|#wn#ei.O.g.|
%|noc(||.frOvw#rv#H  .yh|w bzve#h@my.ebg#fnOr@##ydo%.x.(  
|g)&hk&&)iamWivw.o%wcxlgv.W#.##qvcH#&@H g| ibW| vEdi&dzf%(
.vl).@bMs*$d  i|. k.Obe|wpHbM zlj#@.%)f###|v*##nbd*n *.)zv
 iuWnmcutOz.(|)g#)c&&O@*Onk. k #.|si#eqmEwu#&qO|#k  ||w# x
(%WWdfna..E$maEpi#. l(v(qM|m|rH)MnW(rm &b.&#w.q#xWgWM$&qmr
.b.l(r.p qf#diu# tE (x@%c|).nOr |wj)Wx wv*Ep fsz#O|i&uM|yn
|*HmdW(jl*On|#wsn.|e.n#crn .wHpHu y.#nr q%&#m%uwn&*&(WfE%c
&E|mm## $H||.d#yh#$ |hEv |)##glh@W&r.(ecMz#(t  )*M@.H%lq|O
$O$.q#cww| lhhr |.$vH|z% O&hjpkO HE#|* H& mtd(#O#M*O#| W #
fbpiMH.sO*kk&|Wc hfrfbk@*ie.v%f|q$i@n...zu %sb# H.|c)#rObO
||OiMu#)#.|vwpto)$kMh||$y# f.#%q.Eby lHOt.Wt  H|.yispnM  z
M*u*dEli|*&Mz#*iymp n|dyzgecc.laqe@#| |@b(f.)% .H.ulo|tgW%
hm@EnMxE. W )c#O$|#|.Hg*M@(nq nqcrw .wf(h##n&uO@|$.&a($s)|
z#b|@#EOb.|eaMqMweMbjin&&&mv(|@# h .(M%)|pErWc$sE$ )|dj$o#
f oc& e|ofpw.# t| b&np&bE%imWv&& c  )kgp# szp(#wn#ei|O.g.|
%| Hc$||Hf*%vw#rv#%  .Eh|w bzve|(&m|.@bg#fnOr@#|.d(%.$M$%&
|g)&hk&.)iamW&v(|o%w(xlg@$H#.##HvcH#&@H g|)ibW| &E%i&dzf%(
ZoIr1tKU3XuVFO3DukKjDsHXWlrJvxeIr89HsrbeefmWIZYFpuREmQB0ki
OMTq3MJKzm8jmt6aYMlaT0qQYg8nYj4UuKWHeNSK2ufFmNWSKdbeP8VKzy
jMh7xBHEjOsBRWXWQwLiBgcIwMX1JuLG8gxvUAPY6GJ14za7eVvk8b6kcD
ZaxnVAyJFoZ4ClxmobbbYlbYON6ovsFu0oC4YSSLZAmxafuhGYJDtPspim
UgqYV6y8bo0csWhUZEGQFPEThvk65P7sYUQK5FYi1JZqi64q0oo6FrS4G3
fpj7U4IW6zfi0aFI82ojDJShynSbz2nTypGBvxZykDd5hI1gEKqYElOYtN
mLIi7ZWbQcn7oPVNiSDdh80DjDyAzkPNtyabv7O2RE4drqRbjy9PwwlY1S
Am1NGIWKV9lWbFeeYg9VnAkVjbht0QBCOW0RHqZIq6WUO8JpuCnoX7SIfw
BwdLhrymIs12jJdT5IpuzB5fl8VTOaFzrm8A2v41H2idaz0gBcwUm5ZSQc
gQGHgs7OJ4WCsaM0YoSfrboUlzgdL9mjElY7P4H5eJ9kFqY2ciUZx939u3
1l12tbbEtQ6K7ppGpHj8u26TVSGj5q15M72Lr9sy8BU5oQrdb9meRgn4Bg
FyuqG07nTn2Bx80HEA1msm0YqBhPL17CJj3G7W21iHyQWx52Z3wDNLrOqN
ss8PIKwfYNkFjCKZJz2VBOEYYTo46GYWfckHnm8L6bc6GHmUHoqHWp8il2
KI6Al1g4BmX9ETaCf7dpctnnjsWjMyjQZ7OI4iPKSdAJYlFUJ4QzDDh1yu
uam8ITGUyzqzhxcKS9MBELlYlTXWew82E61JGahRSzfUCM62nbWZBbnj2s
 #.|. | # .#| #...||||##|  .##|.   .||#|.|# ##.  ## |# #. 
. ..#|..  #|..|### | || |..| ## .#### ##||  #.. |#|# ..||.
 .##|. |##..#|.# #||.#|# .#|.#.||##..||##|.|#||##.|.#|#|| 
.| #..|..|||.|..   #.##. #| .|#..|#. |##.. . #||||##..###.
|##|| || . ||.#  . # .|##|  #.|#.##  .#.|| | #.#|. .|| ##|
. #|   ##   # ##  #.| .|  ##... #| . ||  #| ###| |.######.
.#||.|#  |. #  . ...##.|. #|#.  .. |# # .# | ||###.  ..|.#
|.# #||#  ||#.# #   .  #.| #.  ###|# |#|.#| #. #.| .#|.## 
| .  |. |..|#...##. ..#|##  ##|. | .||.#.|#  ##|#| |. |. #
#...|. ||###  ||||#.||## ...|. ## |#| .||..| .#|#  |#||.#.
.##.   #.#### # .#.   |# .##.#..#.|||# #...#||.|##.#| ||#|
..#. #.|| #|#| ||   .  ||#|||  #| ||.  .|#| || #| |#.|.||.
.. #.#..  .#.##. #..   |# #|.. |#.| |.  .||.| .....### . |
 # #.||.. ..##.#  #.#||...#. #|..||#. |.# |# ##|||##.||## 
|##.. .. .|.#| #.|#||##| #.|##|... . . .#|..# .  ||#  |#..
 #.#|.#. #|##||#|| | |.|# .## ####..#.##..#| # |.||  .#.
| #|..# |.|||## ||..||#|. ..#|#.| # ##||||  . . #. .|. |# #||.#.    | ##|..| .||
# |##|   .#..|..  ##.# #||.. .### ..|| |||#. # ..#|
 # | #|| #.|#.#|...|.  ..| #  #. #  .#|..#|. .#.#|# .. ## 
..|.|#.| .| # |||  |||| |# |.  ##.. |# |#| #. |#. #.|| #|#
|##. ### . |  |  .| ||#.  #|#|#||||. .##. ## . #|..# .### 
 #|#.#.| # ## # |# .# #.# #.  ##|. .##.|# .##|.. .. # |#.|
   ####.| | |#   # # | ..# .| .##.#.|||  #|.### .##||#....
@@)E*.$%%W*E*OW)O%%%&||O(*&MW@|H)M(E)&&%(@ |#O%W&O)$%)O&)%
&@E|H@(M#(@.WEM|)@%).)@W.&(|.H H@ &W. %@M@)&&@W%W )E%@@.(%
EM)MH&& $%HH$*##M*|WWE(OM .)|@@MO)H$WM|#M%((*(M*)|# $$E%O#
@)|%O@(# E*(@ .| &&WHEH))##|@HOMW *|HM H |$.(H|WWW|)#H)W()
|O& )*EO|#@)&@H WE&H#$)O)(#.|)EM |O#EO#O%##OH%%(@$O#& #WH(
&$$@.% E#EHWW%*&&W $O %M@&|$$&.O%@M*(O&OWMOM@@$#%$*$@*%%OM
@(EH|EMEE$$|E&&* (M@#OOOM$%(#)M%WE*WO$O. . &.|O %W$|)H#|@O
 (&E W *O)M*|*$&#)MH$*&W&.ME&%|EME$OO&$(&*E(%()H*$OMHWH$%H
(|%| |%*%@H (|W.EOO)*|$HMHH#O #&%E).&E|* O)E#EOMMH((E%(EH(
$#&W|M$ @.##M@@|H**|@HM &|&WM)%&&M*MM#M*#*W$W#H |)|)&H$&*E
E%* %&$MM**E&*@@W@HO&M*$H) $&$&O$ME$.O@$E&$W%H .M)*)$W@&|)
&(M$| ||WMO*H@E&%E*(E)&@#%W()|EM*H%H.W@W%#H(&#*&).) %.#*&#
&O#.OM *)H#(W $MO%%@HMM&.#@.*O)$H    M|# )O*#WHE$&(@(E|WM)
E #$%(M*(O*M.|H*$E@ #& O.#O#$ME.#MMH(%| % E%W)|E(&.&H*.&E(
*$(#.O%)H(M(&O*.*&M#(|%.$$|(M.#M|)@@O#OWE(.% O |()@#WWM.WW
@@)E\.$%%W*E*OW)O%%%&||O(*&MW@|H)M(E)h&%(@ |#O%W&O)$%)O&)%
&@E|H@(M#(@.WEM|)@%).)@W.&(|.H H@s&W. %@M@)&&hW%W )E%@@.(%
EMhMH&& $%HH$*##M*|WWE(OM p_|@@MO)H$W5|#M%((*(M*)|# $$E%;#
@)|%O@(@ E*W@ .| &&WHEH)) #|@HOMW *|BM H |$.(H|WWW|)#H)W()
|O&m)*EO|#@)&@H WE&H#$)O)(#.|)EM |O#EO#O%##OH%%}@.O#& #WH(
&$$@.% E#EHWW%*&&W $O %M@&|$$&.O%@M*(O&OWrOM@@$#%$*$@*%%jM
@(EH|EMEE$$|E&&* (M@XOOOMi%(#)MgWE*GO$O. . &.|O %W$|)H#|@O
 (&E W *O)M*|*$&#)MH$*&W&.ME&%|EM5$OO&$(&*E(%()H*$OMHWH$%H
(|%| |%*%@H (|W.EOO)*|$HMHH#O #&%E).&E|* O)E#EOMMH((E%(Ef(
$#&W|M$ @.##M@@|H**|@Hw &|&WM)%&&M*MM#M*#*W$W#H |)|)&H$A*E
'%* %&$MM**E&*@@W@HO&M*$H) $&$&O$ME$.O@$E&$W%H .M)*)$W@&|)
&(M$| |=WMO*H@E&%E*(E)&@#%W()|EM*H%H.W@W% H(&#*&).) Q.#*&#
&O#1OM *)H#(W $MO%%@HMM&.#@.*O)$H    M|# )O*#WHE$&I@-E|WM)
E T$%(M*(O*M.SH*$E@ #& O.#O#$ME.#MMH(%| % E%W)ME(&.&H*.&E(
*$(#.O%)H(M(&O*.*&M#(|%.$$|(M.#M|)@@O#OWE(.% O |()@#WWM.WI
