----------------Stream Me Your Video----------------
--------------------Playing video-------------------
INFO: Height: 31 Width: 126 Frames: 3
INFO: Set your terminal height so that only the '|'s show.
INFO: This will provide a better viewing experience
INFO: When ready press a key...
|
|
|
|
|
|
|
|
|
|
|
|
|
|
|
|
|
|
|
|
|
|
|
|
|
|
|
|
|
|
|
EEWO|M@)$|$H( E.W@ .EO ##$|)MWHHHO#M).|%%*$(W|% (.$&|O()W@&W#W|E**$E|@M(@H*$(O)&|*&(%)%.O@  &M)%&H &%$$%EH$HOHMW$|.|*M $.*E$)O%O$.EO||%*M*%#.%O)EH. W@@|H%@) %|W$%.@O*$*W.$)&E.(E&*E#OW &(&O#|%.|&*MMM$.W*M.%#& *$ #.MW&M$**EHE&H
E&*ME*$&WO$.*E$$@H%O((&*W ))H%&).@$ )E#) H)O @EO#&H&#H|%#W%($OOE  H)OM@|ME|W* WEW)O$@W|&|@%.O.EM@%%$|#*HW$ M&.HH@.)ME).#$|)%(M
@|E(*&#H.EW@M&()#W)*) O)H )@MW$()($(W@$@EM@ H H@((WEMO)&H@H| E.|O|%E()%*H (*&.)#.%$OM)%WH)W%# *E(W.%.|#&)($@ &)M $#*.%@HOM*#|&
#*H(ME|(..)&H&|.|M%&*&W#O&W)|.$M)|$@) #  ($#*W|#E)E.$*@)(%| O.$)*)HE$&MH$@&EOM)|$%M)|)% ..&((%*W)EE$%)%$@)$EOEO*.O#$#%%*@E $H(
&)O$&*|E*(O%(|.&)E.((#&@.@$$M*#$W#O@&@W*EE@|*|O&#H%E$ @H@M*(H*W&.)) ##EM%WW$H%.$&$@ ( )O*E#E)&H(#E#.$O@$$**OM@(W|$E##E*(E% |H%
W..(MOH.%$OO$.EH $(.O&%|$M*$M.OH$)(* (&|)H% &W(((O*HE(WE))$*( H)@() O|W)&M@WH *M)*HH.$E.@.)$@E |(ME)OOM%&#O@.H| %*&WO*$O$.O.MO
E#($H(O&)*#H|M( |%M@#HWE%O%W#H(W #EH%*&E&(*M)E$H)*%&.(|MO)()#E#()W&W$O |W&OO#O@) ##M.($&&|)##WM$)W)H$O(&#@|$OH@HM..E.&H@|&E%(&
W%*.$@&| #$ ($#(E.$@MMW#(|M%|(@H  #&(%&M%@WOE $E&#||E%M%(|*  |#M (@(H %H@)$|)* . $*.WW OWMWEM* H&E$H#% OW|%*.|.$M) O*)MH)%&$H$
W@)W.|(.|OWH# W&M@&|E@M#MW$.O|E%.&(H.W @M%(#&OWW$%@%&O)O@HW%WWE|O#E.&&*%MWH..(*MW.|M@*E**#&M@M$WO  M@@.$)# &)$(($@EEO.||&(@M|*
($#%WM*E&E@@&(&(OWE$H.HO$E@%W%(|W*E&$%%M$W%())%@#OM)O* H#H$E(*#H&)@HME.*)O&&&#*H&@O@)O$ %.$|@.%M|&#W #MH@%&(M#H.%).#)|HWM@&%M)
MW%EE &.@$@E@E|H@M$H#|O .)OH%M*.%H.)$E))$E|)& . *| O$#%|*%E(O.)&* |(#HE(H()MHH@$@%H)@$)MO*(@M%@$WWO*(O&W%W*|*@%#%H#| )#%)M&#H&
$@ HWW.W(*$O).)|)E$WH**H|HHOE&||#OO(@) )E.@O.M|EME OMH .EH.E$| *%W%@.)*| *)E(&$( *$#H%.WE##M).|$#@HM@$$|O((@H*##%E& &@ #H#H(|.
|.$ @($%.|$.O E@(@. )|%EEW&&|H|#W#(WW&MEO|H*)OH$|EW#$)&|#%)H&EOE.&W%.$E@#@.W %)OOWO  )W##%.&H&$E)W#& &|%H.MH WW%EH@.%**%M@&OH 
O$.*#MO%M &O#O*@.E.W)@$)|)HH( *%#&&)MMH* )OH)M@ MO%%#$%O.| W&@%%WW.($%&%*W||O*(($.E)E$.H|(#@O$#(&%|(*@)OO.@)|HMOW$|@)&WO*|W )@
#*WW|#EH)&# (&*E%(EMWM#@&.H||M$)%*(.(*W $%%#@((WM%|@HE|M$)HE&&W%E $#W@$| &@$%H**|E$WH)@)#(#(%M#H|$M@. #$(|(&$MW&(WOO$M(O#)( .*
MWW$O.H#()%#@*.H($%EM ||%$$ $E()HH(.)*)$%%#@$O#(@(H&@)W(MHMME)O* M.*EEHW@ $E($@.W)O@&& )W.H$M@OO$*$.$ E(M )WE.%H| #@H#)EE*|O(#
@|@$%*|(E%@.MO&W E &| #M&&*)E*) M*%*M # (O$@)&.M$MEW*ME)|#%*OE$(&O #E%O& M&||M|#)@#W)*E *EW$#E&MO@&*&##O @H)$W||HWHE&H@ %O )O&
.#.%E *WH%(*) &()ME$#M(@*&*M(H@.E*M#M(W *(H)$##((#.#(HHW*|..)#*EE )WW. $@H@$$W$@&#|WOOE #MWOOW(* )$WOMWH*O*E|*)M.#|@E HW)WH)|&
.$M$|HM|%$HE%#W|@$.$%O &###E%EW H@$MW&M@%*(@HOO@.& #).O&((H)@MHM*#( W|*&@#(E()*$*H%#|WME$@ #H|&. E#.%$.O(HH$*E)%|M&%|W#(M..( )
H((WW&H$OOM*%#%|@EH|)#**%O(*MW* %@#*O@*M)*H ))E&&O*@$&&MO#@|E*%MW@)(%%|(MH |HEO&((E$E$(*E%E#| M%(E%.OE@**M)H)@|% WO|#EMW |$E% 
|H$#|H%$%.*&|*) ))E(()%OH|.$EM.M*O@&W )H.M#WEO(WOE &O)*@W(E#O&%@|$#*H&&.EH%@)O&*&%.W #M#&)EEW .#WM$% $%)$ @)O E#W* .H(((|(&*WW
#(M%$#@@#H EE|&.M(O&#(##E|)E#*W&.(H. )%%HE$)&.#WO$|(  E@.MHM&)|&&O#HM|@#&(H(W&%|#W.( # H|($.).#(|HMM.H)%M%$O#E)M|.HE%|.&MOWWO(
MH&@|O(EEE%M)%.O|(.M%O(.|) *W M( EWW.#(&O ||$( W|O#&.)(.)|.MEM%W&HH#..$%%$WE(&MHH.H)(E&$O).@O*$..&&O&|E(|(%|ME|$ O)#H|.)) )%#H
O$&.$% ()*MOHW*M)%W#H$%@&%WM&)%&#O( )$(H*  H%O&(@OO&.*OMM&& O@%)(O#%%M*EW(M||&@W)@$M&*|) WH#$#*O &&@@)H&$*OOWE .HH$EE*WM.#%(@O
W@OOW%M)&W)WW&H$MO$.$W%|#@W*.$#HM%M#O)@$O*| H..)|&HO&OH@$WH %(EM@)#|#|#OW%|@$@&H|H@)|HE #%. $(E$&|%HEO%.O&M|| &(%OEM$|&H&**&#*
%.#)H(@|HW @ &O$H|.WHO$)).($.$HOHEEW$|| %OWO*M%(ME@HH%O@#E(&M)(|W%(H (&$$M$$ WO #@M...OEO**.|@HM@.O@O.|.W)O*W%W(EH#@|$WE%&M))(
$|WE%$%MM|H  M(.%%O(*O$H#WE$ME EEW$@MM)|#)|* % O%W@ %*O#O&O$..M E(&MOMW&%OW)O)|(%H&E)$)HW)@ ##O.W.E&$  (.|)&*MH)MO|*W@.*M)&|%(
OO$|#M(| #O&&.*|E@ H**EO)#@%$WW%%H%@W*$W(.|W%*)$&)W&|.*|%HW#.#E(  O%M$%OH@$OO|& )$*E)*W*ME)(@*&OOE||)(  OO@% )*&$ $(MOOH$HOEE|
E)(H|M*@%|*##%#|%*@)OO#ME)HO*@@#W*#*W(& %  ||$|@| &@HMEH#.*|#&&M$&#)%*M#EHO%(&HME%M@%W.M|MM.& (.ME$|)@%(  .M*|$.(# @ O@OO&|**%
 #|#   .#|. .   .  .| ###. |.###|# .  # .#||  # ..|. |  #|. |..#|#  .|# ||.. #  .| # #|# .#|.# #|| ..###  .. |||| | ....|#.#..
#  ||.|||###.|# |.#  #.|## .|  ## .#|##|  # | .# |#|. ...# #| ###|#|.#. |. ###.# |.#..|#.#|  .|#.# ## |  ##||###...#|.#|  .# |
|#|#  . | .#||.| |||...##...|||. . .# #|.#  .   ||##. .|#|#..|. #| |### .#. .##|.#.|. .#|..#.|#||....   ..#.##.#|##.# #||.|# #
##|..|###. ##.  #. . # | #.## #. .|#| ..#| .## . . |# .|..|..  | ..#.|# ###.|||#|#. # |##....  .# .|## |.|#|| | .#| # ##. #   
#|## ..#.. || ..##| .#    ## ## ###. || ..#| #. | ##.|. .#| ###. .||| ... . ||####.#|||   #|###  # .#|.||.## #|.| #|.#||...| .
| #####||. |||..#|....## |.#...#.# #||.|| .  |. .| . |  .##.##|.||##.###.# . | .#.|  ..|| #.  ##| | ## |.|## |. |#|||||##   #.
.# ##.||. .##.|#.|# . #..|||#| ||## |# #|.|# ##|   #  ##..|.#. .#|| #   . |##|# .. #..|#.| ####...# #|||||.|||#| ||..|#||  .|.
..#.....|#|. #|### .##  . .# # #.. . ##|##|## |#|.  ##.| |#| ||| |.##.|#####  . #| #   #.||#|#|#.|...||#|####  ##.|| | || |##.
##.  |#| .|# ..#...# |.| | |. |.. #|#. .#.  |..#|||   .##| #|###.#.| |##||#   ..## .#|.##|.#|   ..##..# .####| # . |## #|  . #
 #.# ..#.||     #|#|.#||||||#.|   ##|.|. .|#|##|..#.# |# #|| ##.### #.. |.## ##.# .|  ..|. ||  ###  || #.#... . .## .| #  .#|.
|.#.#  #|#|  #### ..#|#.|  .|..#.####.  ###.||# |#...|  #|..#.|   #|| # ..|||..###..# # ##.|.|||## .|.| #.... .|.|  #.. # | ##
 .||  #||. ...    .. | .| . # . #|. #.#.||.||..|.#| .##.#| ||  ..#...# ...  | .|.  |# ..#. .|..#. .||.|.####| #..|##... || ###
#.#. # . .|.|||. . .|. |# |#. #.  .||#. .  | .| #|   |#  ..|| .#.||..||##|#  ||..#.## #.# |||...# ####..  .# # ##.#|..  ##...|
|||| .#  |#| .|.#..#|.|#||.#..|###  .||.#   |.#     |  ##| #.||#.#|. #### ..#|.|.  | .##..   # |#. . #||.    .#|| #||.#### ...
||   ##| # ..|#.|||||.|| ...#||  |. #.#.  #.#| |###.#|  ##.. #|| .. ..#  |#.| |#|.# #|##|.|||.|||  |#|. #.| .  |#.|###.#|#|...
 #|#  . ||#  # #| #|###.|.#. |#.||#||# ##. #|  #||.|# .#.||#| .# . |  . |.||| .. ##|.|..# .|#.. #. ||## .|#.|   ..  ..||..#|  #.##|| ##| . |. ##.|#.##||##|###|# #| ..|. # #..#.|.
||   . .  #.#| |#  .|| . |.#|#..|||# #..# |.#|| #..|#  ## |.#|# ||.##
 | #  #|.|#.  |||| ...| # #| |#|.|     |. #..| |#|# #### .|.||| #|# #.###.# . || # .#..#.... ###  #.. |#.|.|||. #. |##.||
 . |# #.|#|. ###    ..||.  |.|#.#||#..#.  . .#  .. # # ..#|#| ##|||||||  #| .# .| ### .# ## |##. # #| . #. |#|..||##|||#   .||
|#  | |##. ||| .#. #.# .|... |.#||.#..|#.  |..|     #.| ...  |.. |.| ##.||. | #.  ###.| .#.|.. .. #.|#||   ||||| || #|| | # |.
...|||#||   |# ||#   ####.|....  #|..#.#..|#.|#|  .#. |||| .. |#..# # .|..|#.| .|.||.# ..#... .###|| # #|.##|###|.#| #| |.  . 
... ..#|.|  . .#  ..#. ##  | .  ###|| |## .# |  |. #. ##.|##  | ## | ### #|#.. .|   ||#|...# |. .|# # |.| . #|| ... .  .|## ..
.|  #|..# .#|#|##|#.#||. | . .#.. #   #|#.#.##||##|.##||| # .## | .    .||# ||.# #.###.|##. |#|| .| #| # ## #|..|.|.|#|| ##..#
 . #|.#||#   | | ..|||..#.# | |#|# ....#|| #|.|||## |...#...|### |.|| #..  ... |# .||#.# .#.# .   |  #|| |.|.| |.|| ## #..  . 
#.|.#|.##|| |##|  || |||.. . ## ..  #|#||##....  .# ### #|#|  .|| .| .|.#. |#.. .  ..  #| ||  .|#  #.| #| ##.# |..||.# .|  #| 
||  |#  ...||. | # #..|.|||# ||. #.#  .##.#  ..     ... ##  . |.##. |#.|# #. #|# |.|.|||##|||##| |.. |.| ### .#. #.#.. .| . #.
##|||#|||#|.|| |#.|#. # #|# ...||.#| ..#||.|## .|#.# #.. .| .|#. # .   . ## ### .|||||.|#. ||## .|#### | .   # |##. .##|# .|| 
 .  .. . ... ..    . ..   . .. ...    . . .... ..   .. .  ..   .... .  . ..   . . . . ...  . ...  .. . .....  ........ ... ...
.... ..   . .   .       ..     .  . .     .. ..  .. . ... ..   ..    . . ..   ..   ...  . .      ......  .....  .  . . .   .  
      .  ... . . . ... ..  . .   ...  . ... .. . ....   .   . ..  .     .. .. ......     . ..    . ... ..  ... . .   ..    .. 
   ...  .     ...   . .. .       ... . . ... . .... . ..    . .     ..  . . ... ..  ...  .. ...  .  .    ....   ..... ......  
... . .   .   .     .     ...    .  .. ..    .        .. . ...   .   ....   .  .  .. . ..     .   . ... . .  ..  ..  ...     .
.... .  .. .... ... . .. ... ....  .. ... . ........  .. ....    ..  ...  ..... . .. . . ..... . .   ..   . . . . ..  ........
 ....     .. .   . ..  .   .. ....  ... . ...    . ..  ....   ...  ...  . .  ...   . . .. . .. ..  . . ...  ... ...   . ..   .
  ..   .  ...  ....... .  .  . .   . ...   . .   .. . .. .. . . .. .     .   ..   . ... .  .. .   . .. ...  ..      .   .  ...
. ....... . . .   .. ..   . ....  .. .    . .    .. .... ..  ....... .. . .. ... .  .    .    . . ... ... . .  ......    .....
.. . ..  .....   . .   ..       .  ..  .  ... .  .  .   ..   .  ..  .      .      .   .. ..   ... .   ...  . .   . .  . .  . .
.   . .. .. .. .. . ..     . ..... .  .... ... . ...   .   .. ........ .   . .   . . . .. ..  ......    . .   .. ..  .. .    .
..   ..  ... . ..   .     . .  . ..  ..  . ...... .  ..... . .    . . . ..   .  . . ..  .  .     . ....  .  ..   . .... ..... 
...... .  ..  ...      . .. . ... . ...     . .  . .  .. .. .. . .. . ... .. .. .... . . . .. .    .... ....          ....  ..
... .   . . ..  . ..  .    .. .   . ....        . .. . . . ..  ..  ..... .   .....   ...  . .   .   ..... ... . .. ..... ..  .
. .     . .. .     .  ..   ... . ....   .   . . . . .    .    . ..   .. .  . . .. .. .. .  .. .... .  ....  ..  ..    . ..    
   .. ...  ..    ..  ... ...   . . ..  . . ... . .   ... .    .  ...  . ... . . .  ..  .  .. . . ..  ..    .  .. ...   .. ..  
..  .  .....  ...  . .. .  ...   .. .  . . .   .  .   .... ...  ... .. .. .   ...    .  ..   . .   ..  ......   ..   .. ... ..
         .   .. .   .   .. ... ... ..  .. .. . ... ..       .... . .. . . ... . .. .  ...... . .   . ...       ... . ...      
... . . ...   ..    . .. ..  ..  .   ... .  ..   .  .....  . . .     . . .......    ....    .  . .. .. ..... . .. ..... .  ...
..  . .. .  ..  . ......      . .   .      ..   .... . .. .  ...  .. .... .   .  .. ..  . ..  ... .. ... .  .. ......  ...  . 
..... .   . ..         .. ....   .    ..  ..  ...  .. .  .  .... .    .. .. .. .    .. .     .  ..  ..  .      ...   ....    .
       . ..  .....     .... . ... ..    . . . ..  ..  .   ..  ... . .  .        .... ..  ..   ... .  ...... .   .. .    ......
..  ..   .    ..     .. . .  . ..  ........   ..     ..    . .  ...... .  ..       ..   . .  ..    .......  ... . .. .... .  .
...  .....  ... .   . .  . .....   .  .... .  ..   .   ..  . .  .... .  .     ... .  .. ..     ..  . .  .   ..   ......   .. .
..  ....  ......    .. ..    .  .. . ... ... .   . .....  .    ..  . .   ..   .. .    . .  .  ..    . .. . . ........ .     ..
. .  .. . . ..  ... . .. ... .....    ... ... .. . . .  .. ... .   .  . . ....     ..   ...  ...  .  .. .   ..  ...  .  ......
  ..  . .   ... .  . ..... .    ...... ......    .  .  .. ...   ..   .  . . ...    ...   .... ..   .. ....     ..... . .   .. 
  ....... .......   . .      ...    . .  .   .  . ......    .. .....  ..  . .. ..  . .  ..  .......  . . ...   ..... . . . .. 
 . . .   .    . . .. .   ..  ... .......  . .  .  ....  .. ..... .. ....  . ..  .   ... .  ..    ...  ....   .   ..   .. .  ..
 ...  .. .  .     ... ....  ....  .... .  ...       .. ...  . ......  .. .      .  . ..  ...   ..   ..... .  .   .   . .   ...
..    . . . ......    . .  ..  . ........ .  . ..     .   ...  .....   ..   . .  ...     .....  . .  . .  . .... . ....... .  
