----------------Stream Me Your Video----------------
--------------------Playing video-------------------
INFO: Height: 10 Width: 33 Frames: 22
INFO: Set your terminal height so that only the '|'s show.
INFO: This will provide a better viewing experience
INFO: When ready press a key...
|
|
|
|
|
|
|
|
|
|
AuC ?J2l3_|2InjfDS PB*+g'0>IIvtUn
m:st{pE@qm ,ohh#I{>uxo8IwBpzS>F@m
}i?C4_j7;(oB^>.&s]zC#|L{<A{Yv._Kn
lYDNPMz[Y>cF?ifo>#lQ)zc*BQgeZOiS !&wsy~6
OG7aNY9z6sSVxCO2KW08M7rdmG9rk
MerFMSjz3sFyjpkS3wqY25T97BuzDap63
XRuhsGZkyuNq0GiQdiR5wWZbDiUeNik85
zK6sFwPD8s6BMyNku3hBKWRDMpWSYXDmu
wCRdyhsa1kDByZ6PRyi1wjiD381Jk2Sjp
N5m5DGkwUiTCOsDCr5yJBR05Xh6ZPjJvz
iBp2VBRVvqbQjdU882hrb82XuXzSNWxSq
u3qv2UT878GG77TSrj81Q1802CJY3WvQD
bPbRS8dxNdFyuDSJO3h5eej26GGyTUTz5
t.Ew&zi@lbgmfuzvvnhpbEm$%sytEh$Wq
Mx#brgfkWzuM##.ihgwruybWlHM##ji@E
qw*tv)$phiccz.#g#inMd@rgyumiz*f*a
MMquyHh%v.&EHfams$#mpz@at(Hbrbjwy
#x%%|bottjo|E)tmo$ea%Ev dO|*xpffe
uO&Odz*eEm%ky|hmWr)HsMlmvqbwM%np.
q )Eh)de.Wgapq$cs$v|xOe$ u&vwWaf 
eh(Eu@ka(&|e*zv(udhudnz(W(&kys bO
saidx@#a&wwaqcpsutuoxnghW. fy)n(w
v&MffbpajbwWis $)tHOw#pxtm)suwvd&
(.Ew. i lbgmfuzvvnhpbEm$%sytE)$Wq
)x)brgf(Wz#M##.ihg $u.bWlHM##ji@E
qw@t@.$phiccz.#g#in$d@rg.u iz*f* 
@Mqu(H.%@.&E#fa s$#mp.@at(H$|bjwy
#x %|bottjo|E)t)o(ea%Ev d$|*xpf(e
uO&Odz*@E$%ky| mWr)HsMlm qbw.%np.
#@)Eh)de.Wg(pq$cs$||xOe#)u&vwWaf 
eh(Eu(#a(&|e*zv(udhud#z($(&kys bO
sa$dx@#a&wwaqcpsut#o|nghW. f )n(w
v&Mffb.ajb@W.# |@tHO##pxt|)su$vd&
#..  ....||# #.##|.  # # ##   .  
.|    ...# ||||##||.#|##|. .... #
.#.#..#|.|## |||..|| .|.| ##||# .
 # .   ###|| |#.#|. |#|# || # .##
 #| ####|#| #.|| ##| || ..##..  .
.##|#   |   # #..# #| ##..| |.||.
|# ##||. .| .. . ||#  .#.# ##|.|.
. #. .#. ##|#.# .  |# .#|#|## |..
  ## |# .|.|  |#.#. |.|#||....||.
|#.|| #. |##.#.### | |.#  .| # .|
# . |.#|.##|. #||##..|  #|.#. |||
#|#.|  | |   #.###||.| | |## |#||
|#.#|.#.||#||.  ..  |# |..|#| . |
|#.  |# |### |. #||##.|#.## .|#..
  #|# ..... .   ###.#. #|..  # .#
.  |####.|#.   # #.|#.|### .|# ##
| | .  |.##. # |. # #.#. |.#.###|
## || | |.#  #| |#|.|##..#.###|| 
  . | #..#|. ##|#.|| #|#..   .#..
|# ||.    .#. | |.#||#  . #.| |||
# . | #|.##|. $*|O#..|@ #|.#) |||
)|#.|H # | | #.###||.|E| |%| |#||
|*.#|.#.||#||.  ..H |# |.(|#| . |
|H.| |#||### |. #|###.*#. # W|#..
#E#|. ..... *   .#$@#. O&..  #H.#
.((|####.|E.   # M.|#E|#*# M|| ##
) ( .H |*##. HO|. # ).#@ |M#$###|
## ||*| W.#  #| |#|.|##..E.#@#O| 
  . ||#..#)EM##|$||E*#|#..  @.#..
|#%||.    |#.|| #.#( #  .H#E| (||
# 6 | x|.##r. $*XOY..|@ Zy.#m |i|
)N#.|H # | R5c.ftfw|.|E| F%6 |cp|
|ho#zaA.L|h||A 66xH |W n.(|#| . |
|j.| |#6a#L# |. #U###z*#. Z W|3.w
tEZ|DvJ.x.. *wiU.oO@#. O&W.  #V.#
j((|####.|V.GyG# M.|#E|#*# npKJ##
)E( .Ht|*IO. py6p # ).#@ |bfH###|
#I ||dN Wm#w a|O|#|.|##..EFn@#O| 
  8l|t#..#)EIcW|$||E*#5st. h@.#H.
|#%3|. T  e#.Y|y#.uc #  .HcE|C(||
# 6 s x|.#irwF$*YOa..|BZ8yemMGyJ|
mNb.|x # | R5cDf3fT|.GE| 3Z6 Pc1Y
|io#haAmW|h||A376xmT2W 7.e0T| v u
|j.|9|#6a#L# |C #0#r#z*e. Z W63.w
tEj|DvJ.3.. *wiU.oOM#M F&W. e#V.9
j(X|####8|y.rKK# M.|#E|#*z npZX##
8ER .HtqMhO. TTvd #J)8#9Wbbfhk##|
8I P|FNFWm#65aVJ|#|U|D#..EFR@#O|b
p 8S|2#QWiMEIcW|$||rFQkst. h@.#hX
3N%M38XT  eK.B|yR.uc #p XJcECC(ph
edSluI57YiTYPa0uTwcLf6HGSUTs0LSDk
KvuHTLoPESjZLNe10Q8WcW8bnG5tZgSuB
pRsjg2OqMn5vzpPvt1Fh5jodUcUVa2Xu9
EXuue676YM2yWc3MVB0hGqXbbnaQTrWE5
vs4Aq0OdzREqgOda779lB8DdUds4ZCa0J
ivcR7B89WmbFzdL8eypVAJmqJvUqp0zMn
LHGHKa9jcBSePErHfm36eA2sP6LX5Jqxt
Qklqi54mdtgXbbfe8xFuTMqDXyBHaQVT2
9IdK6qYZ9COoPLw1KLRproi0KrwSqYPro
XajEKOOakdeNFtG8NCIlLHghclX3ZUtnH
OLhseqLDogW8exATJLeNlYwoj9GeaNVBk
16qeOalWD4IMFNCaxYH1WzfocNMMQMWnx
P1LoWJodBh5kLgt6ALkZelnO4S1DgrttA
LrdhQfcYa4CazYDjbqy8yffB0BZwRwEcd
mp0ITBsYWOo0aFUPGWxwaB9XJtXGeyiGq
XSzFMN6KEYe9xn4C6LcYTRrbXZsduVQa8
AM0Rl4EoEigbF1ZHHx6AUrtPNJJjxnVUg
El0fpewbsl4J0rH7UvGUUrNJeYmWs5OzB
eSk1x4vdsXU3EBxrKSvQjfVdoJi7DTczZ
GFKYicveyKHtiM6oJGOOQ9yrk5OB46CVR
OLhs )LDog@8exATJL(NlYwo 9G|#N)Bk
1@qeOalWD4IMF#Cax(.1Wz |#.)MQMW$x
  Lo$J)dB#5@Lgt.A|(Zeln(.S1Dg#ttA
L)dhQfcY|4 azYD bqy8yffB0BZwRwE.|
mp0#(B@YW$o0aFUP)@$w|B9@JtXG)| Gq
XS (MN6@E.e9xn4C|Lc# R | ZsduV(a8
A(.Rl#EoEigbF1Z.Hx6AUrt)$JJ((nV$g
El0f$$ bs@4J0r)$U#)# (N#e#mWs5OzB
eSk$x)vdsXU|@Bxr|Sv.j.V)o|i7DT)z|
GF)Yi)#e#K|t|M6 JG O.9yrk5|B(6CVR
|#h# #LD .@#exA#JL .lYw .9G## )B.
1@qe|al|#..MF##a# #1W# |#|.M M..x
. Lo |)dB|5@L t.A|(#.ln(..| g#ttA
L).h .cY|. azY| bq|8|f|B0B.w wE |
| .#(B@ W o|.F.P|@$w  #.JtXG.| Gq
XS (MN6@#|e x 4C|Lc# # | ZsduV(|8
A(.#l##|Ei|#F1Z .x| Ur. $J|.|nV$g
El0f$$#|s@4J0r# .#)| (N|e# Ws5|#B
||k$x)#d.X||#B .|S  #.V) |i7D|)z|
G |Yi|# ##|t.M6.JG  .#|r# #B(.C#R
|#h# #Lb .@#exA#JL .lYw .9G## )B.
1@qe|al2#..MF##a#V#1W# |#|.M M..x
g Lo |)dB|5@L t.A|(#.ln(Z.| g#ttA
L).1 0cY*. azY| bq|8|f|B0B.w _E |
4 .,(B@ W o|.F.P|@kw  #.JtXG.| Gq
XS (MN6@+|e x 4C|Lc# # | ZsduV(|8
A(.#d##|)i|#F1E .x| hr. $J|.|nV$g
El0f$8#|sd440r# .#)| (N|e# Ws5|#B
||k$x)#d.X|N#B .|S  #.$<y|i7D|iz|
G |Yi|#^##|t.M6.JG  .)|r# #B(.s#R
OHer51E9D30dTzSEx4FXNAGVp3ztuXaVB
tJJ5h2MLjMA7vSDcZBNfahHMHjvm09GHo
HUpVX3dOd0zR55hAKkBk1Evw0MXSqrHxl
0GokLstsY5HStLY7y3QBrcrn12JtbZ4pN
YcWwsPB1F7llYHW2CPNnd5v69eaZPXDjF
NpDrSMVEYSVfKejCAL7e2mOCaN7qKLYQp
Ao3P4GZLWnWWYEYP5ngDwf2fce8KT2xbu
AqLUJoCbzBgyHbpReH0JWzNxQGdammM6h
2eh0Wr0GVCUkA6dh73pip9ZWKi7Tz3eBI
8l6AjW8O6hvWlgQleO4bxYe04dq1jlxrG
| $@.(|..||. (@  ).|@(.)  ||((#($
 $$.||#| @(# | @)# |.@)(( # #(|#)
  @ ).)|)$)()(..@(||) ..#(##((| |
 $$()$ .|.#|@ $)| |) .)#$|@|$# (|
#.#).#||@$#@| |.))##| ( (.(.  @ )
@@# ($ |()()#($($|)$(()@.#$# #.#@
)|$@@.| )|.(#$$@.$|)$|.  ##)))@ |
 #.|)|($$|)$ @#@ |($$@@).$||$| #@
|$|#$|)) .|(($$# #$.|(( @@@) @|#$
(#)|##| .#(#..@@@#|(#( #)#@#$ $(#
|H$Mg(|$.||. (@  ).|@(.|jj(&((#k))|##| .#(#..@@w#|(w( #)u#t$H$(g
.... . .
.. .  ..... .    .  .  .. 
. ..    .. ...  . .. .        .  
.. .  ... ..  . .. .....   .. .  
.. . .... . .. .  . .. ...  .    
  .  .            ..  . .  ... .
)@%WHO*|)@*.&#$%%   EH#W%)W$#$#|@
$$*E#(M..W)EW(M@$&E&OMO@OO$& |@$.
( M@M*W*O.####O@E@@ (( &%)&H.|O(&
HMMH.# ##(* *#H&M|M.|$&H& H@#&OH 
(%@E&@O*E&% M$MO.(W)&OE(|%#H EOWM
*@@&&|W@(@%).).*WE .O #W OMOH&)@(
.O&%O@&H.E&M(@ |%%&WH*MHMO E@$O.M
#$OE%WO.O$##W (&@&*M$$@&#M(*|$H#M
|.H@|)O*E$$MW@)*OW%W(HO#$@#$W($(M
.%..*#$|@$&*E)#O*@M@(WHO.$)($$.$)
........  ... . ... .. .. . ..   
.  ..  .       . . .. ... .... . 
.      .  ......  . . .... .  .  
   .. . .. . .      . ......... .
.     . ...  .....  . ..    .... 
     .... ... ...  . .   .  .    
..  .   .   .  .  .. .... .. . ..
...... ... .   . ... .. .  .   . 
 .  ...  .. ... ..    ...  . . ..
....   ... ....      ..   ..  .. 
.... ...  ... . ...... .. . ..   
.  .   .       . . .. ... .... . 
.      .  ......  . . .... .  .  
   .. . .. . .   .  . ......... .
.     . ...  .....  . ...   .... 
     .... ... ...  . .   .  .    
..  .   ..  .  .  .. .... .. . ..
...... ... .   . ... .. .  .   . 
 . ....  .. ... ..    ...  . . ..
....   ... ....      ..   .. ... 
 . .....   ....    .       ... ..
.  . .. .  ....  ..   .     .    
  .  .. .... . ..  .    .. . ... 
 .   . .        ..   ..... .  . .
.  . . .  .      . .... .. . .   
.. .   .  .  ... . . . . . . ... 
.. . . .. . .. .. .  ....   ..  .
 ...     .. . ..  . .. ..  . . ..
 .....    ....   .  . ..  ...   .
 .  . ....... ..    . ..       . 
