----------------Stream Me Your Video----------------
--------------------Playing video-------------------
INFO: Height: 31 Width: 7 Frames: 14
INFO: Set your terminal height so that only the '|'s show.
INFO: This will provide a better viewing experience
INFO: When ready press a key...
|
|
|
|
|
|
|
|
|
|
|
|
|
|
|
|
|
|
|
|
|
|
|
|
|
|
|
|
|
|
|
ksFPFfl
FqFNQN1
2QsDD1l
IIh2Ns6
oa3oLaP
7huhLhi
FqF7HHQ
ZFIqIP4
au7kZPf
qkFkI5o
15LZ763
7lflSoL
l13PkNf
hDZ3QhZ
N4laahli
FHZ46PZ
 @$@).(
@)@|)(@
()|))#|
#)|@@ )
@@## |#
$ @$.()
@#( ##$
@()| ).
$ $#@))
|(|#@ (
(#()$(|
 @.#@$|
@((..##
|($)$@(
@@(.)(@
)(#($$@
@|#$$  
$@( #$$
..#$@@)
@||$|)(
)(@@) (
((()| (
$$@(#$)
)#$ $)$
##$ ) $
| (($@ 
.|$..$.
.$)))@@
$.(@)$.
.|#.#($
##@@$$ 
#@$@).(
@) | (@
.  .)#|
#||@@ .
@.## |#
  @..()
@#| ##$
.()| ).
$.$#@ )
.( #@ (
(##)$(|
  ##@$|
@(#|.##
|($)$ (
@ (.)# 
|(#($$@
@|.$  .
# ( #$$
.. |@.)
 ||||.(
 (@@)|(
(((|| (
$$@(#$)
)#$ $)$
#.$ . |
| ((|  
#|$. $|
.$)))@@
$.(@ $.
.|.## $
##@@$$.
9CC9191
3Bx79P3
9Srcoxh
jSCJMB4
CrPhS69
Cr677r9
S46xxGx
76PhhM4
MM4B7h7
och17kj
rhC43jk
Mr34PBM
7kCk3jc
C7CB16S
7oGM93x
77SGr7J
khrBBrJ
6GJPMrx
J3hkPcj
C1BBJcr
4kk9B94
jBo4hkx
GPjoBM1
Bj77hJr
96797cB
hxho41S
9x3CjB3
6hxr4SP
kxo4C73
9P4P3JC
J1G3GCc
9CC|1.1
3Bx79.3
9S#coxh
jS JM|4
CrPhS69
Cr.77#9
|.6xx#|
76P|hM#
MM4#7h7
o|h1.kj
rhC|3jk
M.34PBM
7kCk3jc
C7CB16#
7oGM93x
7#SGr7J
kh|BBrJ
#GJ. rx
J3hk.cj
C1BBJcr
4..9  4
jBo4hkx
GPj#BM1
Bj77hJr
9.797#B
hxho 1S
9x3CjB3
6hxr4 P
kxo4C73
9P4.3J.
J1G3GCc
#qEc(b.
Me%EpbH
pvybMEh
vem.%tt
vnwosih
jn*dhg)
dtz@q O
qubhaov
Mx.nc&x
alf)l|v
(ef#x.(
prt@u$H
uWuz af
ge ct(|
lc emHb
eOtyng$
fWtk(sm
*M|E* z
WobdWE|
aytk(&l
xOqE vw
 f (qpq
iabhWjm
th(%@#|
xbdOHaj
k$#dEWx
gw|&tam
calguux
Wr ffO%
fj)EsW&
wWaO( v
#q# (b.
$e%#@.H
(vybME 
|(m.%tt
vn(osih
jn*d@|.
d |@q O
qubhao.
Mx)n(&.
alf)l)#
(#)#x.)
pr @$$H
uWuz af
g( ct|)
l. (|H 
e tyng$
f#tk(sm
 M@E((@
Wo|@W.|
@y#k.&#
xOq  vw
 |#()@q
 ab Wj(
 h|%@##
.|@OHa#
|$#dEW|
gw|&ta@
@| g#ux
 | ff$%
(.)EsW&
$WaO$ v
#|#)(b.
#e%#@.H
(@y#ME 
|(m.$tt
vn.osih
$n|d@|.
d |@..O
qubha .
($)n ).
alf)$)#
()|@.|)
pr @($H
uWu)#af
g# ct|#
.. (|| 
e t.ng$
f|tk(s.
 M.E((@
#o|@W.|
@y#k@&.
xO  #v$
 |#$)@q
 a@$Wj(
 h|%@#.
.)@ .@#
|$#d#W|
gw#)$#@
@| g#ux
)| ff@.
( )E($#
$W@O$ @
#|#)(x.
#e%#@&*
(@y#kE 
v(m.ett
Wn.osih
$n|a%&.
djn@.sO
qjbhMl.
b$)n &.
%l *$)r
()|l.um
pr @(n|
EWj)#$f
gb cf|#
O. f||q
e t.dgv
#|$k(b.
 M E((@
#o|kW.|
@v#k@mm
xO  #v(
 |#$O|(
 E@#n%(
 h|h.#$
.)z %@*
|$#t#W|
gw#)$#@
@  s#ux
)Oxff@.
( kEy$#
$W@Ok @
*|#)(x.
)e%# &*
(@M#kEO
v(H.et@
Wn.osi 
$n|(%M.
djnH.sO
EjbhWl.
b$EnM&.
%l *$Er
(.|%.um
Mr @(n|
EW@)#$f
gb cf|#
O. f||q
( t.Egv
#EE (b.
 M E((#
#oEkW.|
Ov#)@m#
xO( Ev)
 |#$O|(
 E@#nM(
 h|h.#$
.)z %@*
|@#t#W|
gw))$#@
O  s#ux
@Oxff@.
( kEO$#
$W@Ok @
.OOWE.&
&&&WO.O
W$.%M|%
#.(M  E
).%OH@H
%HE***H
H)WH&$)
H(EO#@ 
 %$.$H$
W .HW $
OO&.*HH
OH %*MH
)W %EM)
&((OM&#
O#(HM$(
#| &).&
%$O%O$|
((#(@|O
#& WW#.
)OE))E#
@WH W@$
H$|&@|@
(O )EW%
$)H*@|M
&W*#*) 
.E|$|@)
)H#&).%
).@O  (
#)H$%*%
MO|(E|#
)E% M#O
#|( |@$
$$#$.|@
 $|).$#
#)|.|||
@|###( 
@  ). $
|#@|)$#
(#.@)#.
@  #|( 
))|$|@(
|@#$#|)
@|.@#|#
.@$#(($
 |.|$$|
)@(..(#
#))(@ )
#.)|   
(|.)|# 
()@.(#)
||$$| |
@# $)$(
|$( | #
 $.#$.@
)|  @@ 
|#$()((
#@ .$(@
|#( )  
#.@.|#.
) )))#.
|. $)@.
$$) |.#
$(| #((
.(((().
$(||. (
 (#)#) 
$$.#($#
..()|$)
 @##| $
.|$.@.)
# @(#@(
$($.$$)
()@()).
 )$.#@|
@$) )#(
$| |#|$
 #|@#  
# $ .)$
@$#$($)
|$||#)(
@@$(|( 
|.@)|)#
#$(@#$$
 )#) #|
(#$#@@|
|(#(|$|
@@@| ||
#$|.(.(
 |.( #|
 )))|(|
 |@@.)|
@$). @.
@$(|)@)
(|#@#) 
) |((|.
|##( ()
.)$$@||
 @ @ ()
|@$||$#
 ((###(
#| @.)#
||  ) .
((##|(.
.$@@|(#
|#||().
()). .@
| | ||.
 .@@.@@
. (((( 
$$($(|$
#  ) ##
(|#. #)
$|||.#|
((($(.(
.(#)$  
( ))#.|
| ).@( 
@#)#.@)
(@.$#$)
.|)(@)#
#....$.
#| )##.
$) .$@(
@ () $#
