----------------Stream Me Your Video----------------
--------------------Playing video-------------------
INFO: Height: 17 Width: 117 Frames: 3
INFO: Set your terminal height so that only the '|'s show.
INFO: This will provide a better viewing experience
INFO: When ready press a key...
|
|
|
|
|
|
|
|
|
|
|
|
|
|
|
|
|
koM$M|MEg%uoibHMmg(mmqE(cpdd(sW $hkurm(mwfxE@gWjb#gpii.f gd(umy.zcyduj(|Wg g@g.@*rqfb)$x(MMbt@ol|MypxO$lWhe)e*i|*b@kg
c(E@H)Oiad$*bdEfqrwErjowxjsEokwnribsky%yaecgmH.MmaqhlEM@dW)%$qxt&qdnyoelfruqy%vhW)bwp$ibt%fsMO)
Hi*l*h&(rodyj.Hwrhttegy*lcl%hbfy@voEvh)ovaha@eOxbzaHHrx)gbrgcxdn*|%qf%fifM%gdakvrcOH En@&#yEtEbb$ii(#i*zW)j@HyvsxMcuh
 |.@bhy ayWwg#mp.%o@dpod*$b*(.dgjwt)r&ot(#b%Wft)ya%&.|((wqouwxxMlb% $q*p fh*&y.*z.O.(rqvq kd*cdWE Hg(iH%$xdtbkmsM *vd
Hpt$&(c$Hvshs(t( s%bloH$q(iwElbk@cWd.MM#tnbmemiWOxk#ds)jneEjg*wjrdHE$g*HdagtO. |scx(Hp*@ WoslMEWcMy)nnpv#cec(*)kWilos
iah.m)mlk $Wdy@ymWoidrO*zolWH@yl jwgMz#y@*uqEulj&xabvv@rs%os(v*fyigbeeah%x&*elyt&w&Mj*%OtofEzj pz ybvc.pMqa%%b&HgqEmo
#v#tHqHzvmmrgawapycw%eb|zsvdmxvr&@iqg lpyzz&wWwM)q @uMgdOjoW(u@(Moq)wawgpssEgapwb|qs Mc%sqjkll)e%wEEz.bbt)jdbjk$w)tf(
yuk*#oymqd#Ws*ih(Welxe(seyvpE(sOn@gr*vnjWv%bmaWtfbi&*#jo&zn&%lczmxmuvMmwOhtO$ht  Wyo(bgkpxt)vywckdWl*olqddv$e mbd%Wng
$n#MjWf&rvw%r$ %jxoEstlEgfmqa@M#wo)t@f(q%Mf.zbho@j&@rd$ewtlwO(gmrlyeyb%w||cax(zpedp mEgj#ycft@Mon#$vbxq$W.)$n tgEicne
f n#sf(p)dEv|Wi@rfouHg@H|fo&$bu)uOE(wce#rikc*|#cE#mbq.m$knWH(qu.ygfepae||&nEzcOlmMlMeqkc%)rmp#)&HHMaf  r|@v&lidkj@O%)
*hhcEugpEupix b thvwfi%unmg%bggzM|Wswl(#ffqiEHm%|Ec(veq@t&usi|WM$**Wp|msaxkzMu|wiO.f(ldrglio(f ||rw Mn|MwHMg)quOahv a
H((scEncsua#ayaH(&Hc#r|Osbu%t*.OWgMHlzmOske%er*yfcv(.iei|k|mEt.zkszeOm@pEbq*Ok%oks$()n|zbn&dfd@*map#(*|q&lld%ibmnljft
j*%z$pkfWrWt@qazbeHrc*O.blyemesxvyMO#cOWe#tmsyvv#we%jMr$($&atMi$.k$Mfunmvw@ebeiz#u)#ir(ed km|x&ym$%|qziukxx$i%n)W*Hr@
iOtknts#wk(cM(#z.Wjc(HdklWdO@.My))rr|htdezb*lmp%dHe#wbmvi#cgx m#vxWeki|hct*aOu%kEhsgnwn$gWlixf.@t%d$iddj&j*#zb&k*.)y)
Wwex$&ve$(gletr(g%M pp*|hty(|) euu$xsg&Wzt%(uaMc%M(W heHrHle*coqceh&H%. %w(rrWzmsldpp..jwri@ze bqabwbtkzjifaomppy&i*i
ge.wrbfWvqzqb@M Efaqosahb*rlljWmjy.%k%hHwMgeHEpa(&w jOH$e|iH)jqiylpv*e&Eocvh$gmEy#h@oM%vqHmWdfc*lb&OWO*iw&ru*scHy@dkt
...  ..   . .. . .. . . ..    .. ..  . .  .. .   .. . ..      .  ...        .. .. .  .  ... . .    ..   . ..      . .
......  . .. .. .  ..  ... .... .   ...     .  .....  .  .. ..  . .  ..   .....     ..     ..   .. . . ....... .  .  
   . ....   .  .   ....  ..    ..   .... . . ..   .. . .....      ...  ..   ..    ... ... ....   . .... ..    ... .. 
 . .. ..  .. . .. .  .    .     . .....  .  ... .   .  .. .. ..... ... .. . . ..  . ...     ..     ...  ..  .. .  . .
. . . . ... ..   . .     .       .  .          ..    . . ..  .   .   .... ... ..     . ...  .    .. .  .    .. ... ..
. .. .. . ....... ... ..   .. .. ...   . .  ..      .  ... .... ..    . ..  .. .  .. .  ....   . . ... .. .  .  ..   
  .   .   .  . .  ......  . .      ..   . .   . .. ...  ... ... . .  ...  . ....  .   ..  ...   . . .... ..... ..   .
 ..  .. .. ..  .  ..... . .. . .. . .   ..  ... .. .     .. .   ....   .  ... . ..   .   ..  . . . ... .. . ...      ...  ....... ..    .. . ...   ... ...  ..      . .. ... .          .   ... .  ..    ..  .   .   .  .
   ..  .......   ... .... ..   .     ... ...   . ... ..  ..    .  . ..  .  .. . ..     .. . ...  . . .. ..  . .    . 
 .... . .  ....   .. ..  . .        . .. .  .......... . .. ...... . ... . .  .    .   .. ..  . .. . .  .    .     . 
...... ......   . .   .  . .  ..   .   . . . .  ..      .  ....  . .. .   ..  ... .    .    .   ..  . . .. ..    .. .
...   .    .. . . . . .......  . .. . .. ... ..  ... .  ..     . ..     .   .....   .  . .... ...     .. .  .. .. . .
.. .... ... . ..   ....      ......  . . . ..  ..   . .. ..  .. ....... ....   .  ..  . .   .  . .. .. . ..  ..  . . 
.     ..   .. .   . . . . .  . .... .  .. .   .    .  ..  ...  . .  .. ..    . ...    .      .. .  ... .. .    .. .. 
qV2RbwLKGGTfV35KMjcwt47ugd1zBp4YD1pCHtKIkPWdgEwMK9lHTOnrs22HT5mIIZ904j1FeumtgMq3HZejYDyBhLByd17sDl8XMNchgmjaA1zKjKdpO
tCgzllQrMvFKRM2dNKvBcnkOGDt3xGSwVO1mgbs3wftNd05VUwPGzSKKv8z4W3kfCrPIpMTPBvnE3bOMkcjQq5HQ3okJw9zRARlpb6RWhgPzpHVnaNMaG
sIhAkvxXeAqZOSPpA7IqJs40mAAQrBvugYiEKLrmHcWTAHmtNDAGflASYZYYIxiYsHqeZb4Q0TAQhnUvi8o9vlf7zyGEuYs2EYTnDQ65PwAEyPhiLQ0Fk
M3dKKdmABceunwSXT7q6OkMQP7gOJu5sEafHsYqK3c9UCFvL8TrxfnpciXx2DNDomXYhU0qMqXZ10U8eyuYzHSfTgf4bz6Epo5QE7itMF6AmbGNvQmIDt
aYtBUoRcKHsuin64tIhAPbrgEEPjQfiSAYOboaBDrcBN36hmNjWHoJG7udMp5hQC08Ji4zRiQbQB11JIByuHtdce7Lg8KizsOFmoMvqmRdUuW3hPLK5hj
6YXN36WTX1vtZ5a1pdNOjW5oCEagyBzjc0GWbaelrP4EOveaiOi4dWlkDGM18YjKnw18l9u35eeGZvZyUjIe16aVDNeha0Ly0QS98JxE856O4JYyNmc3F
7MKgffutduro4wcOk3qnaUhhjHXF4ydL9gIx0zzOXHJrmMMgFptqHHkxFZgokq78RfPpw7hQLeE3dhDFUjd1HhUIZfuaB7dogbaPWervooi3syjvA7KMX
EyFtNvm5Ujgir3I5R5YzacRlrXPgVRj1BfgrPfxPEKCbmdgXStpjJe4rc2xrGtVRqDSzdpukLtblnbGOCiwILgbxI6UHgcoRZqj9UFzLtlaH6yL2NaEZf
NmJOIFYI4BGm3pmYoUe0D2I4OnbArCjM9Ye7b5BUNet3TR0mi5l6jmFMApkb5BVdZLiVP8EcxkMFXnf1cu4Fy7Sqsicv9nxcVesZ1NAkO3268W8y8KUMY
siqeJIqgnoLI2PvFkjguEsWyu4iFeJRv0Urt3EQWaMdFgkiZOc0g3I5MPxlLABLscL5tMQDc57qHQBQ0yx2xxXOh1JfRw4aBjKwNzCuOwHfqtQj6DxVtm
ZV3LVHccw2p2FDFHvzNthhQd2iAMmzS3PWyXFiUKfl4rq8Nl0MZMWaiuPQYlaSOH4YMexDLdLpQW9qTY5JvMlb7ekRu1ayPwgYFLEdZY2iYrJLdrZpW7X
g8PSTkhSuex1hMnKSnPw3OMfd9GpJIw91Vrg9rR9PHZ2QEEh5HEm73eFz7HIuO13xCJ9suX6up26HJFUSrEPXnybYoC17Zkh8zMQR9mJR1I11GikqWSJM
S7FfJly80heYDTDXUdXEY3ddkbiaBvXqrqUQP856fMXKdQE0cJI695ZaDYvsI2zvCvy9QPgz0ivVBvpondDiouesWXyURz6sgfGZcnhW2uhS2lkac2Onj
PbM2E1SxG9Vjj3GSbDpQdC8TQza7j4BjlJz8PxXuTnb1P6k4aRtv3KyAQ2lpyCzRhZ15Q1qkLf3uECdj37IRCAshYVEw4WKCJhlvYSXS0rZmGTZF59wPL
OBy9HNIhZ8sXOGIu8ZqDgwQMntCJxAlV40XaBY19tFdFkawFhrgkrzTHw1hoSUzfS0rXOPnb7YrbKEEGRG8ys9kIEoLiNz0Nf2R1sofoV0o6uzXk0TM62
FgqHJcxsUh9kLnTp42jT1LTzYPsIN0Sis9T8UnYi6mkLKjPAlMo0Lbdd9jtYn3shqUz2I3ugSucJ381XfauqdH7epxEWyD3AW7pf091wy7Z79HWygbSbU
mUm6vdflWDLsM5B1etnzxvi4ZKOx3tw7E2CZEMyiAqbN5mLB78n49HkGXqfTBHJpprLtIOEwYgV1CnQtP97MagagtnDKj0RDGo3cZw48ZLBYjuXST26Oj
