
C - Change Diver Info
L - Log a New Dive
D - Download Dive Data
E - Edit Dives
P - Print Dive Logs
R - Remove Dives
S - Diver Statistics
X - Exit Application
:
Dive Site: Date (11/11/2014): Time (09:31:58): Location (area/city): Max Depth in ft (39): Avg Depth in ft (39): Dive Duration (mins): O2 Percentage: Pressure In (psi): Pressure Out (psi): 
C - Change Diver Info
L - Log a New Dive
D - Download Dive Data
E - Edit Dives
P - Print Dive Logs
R - Remove Dives
S - Diver Statistics
X - Exit Application
:
Dive Site: Date (11/11/2014): Time (09:31:58): Location (area/city): Max Depth in ft (39): Avg Depth in ft (39): Dive Duration (mins): O2 Percentage: Pressure In (psi): Pressure Out (psi): 
C - Change Diver Info
L - Log a New Dive
D - Download Dive Data
E - Edit Dives
P - Print Dive Logs
R - Remove Dives
S - Diver Statistics
X - Exit Application
:
Dive Site: Date (11/11/2014: Pressure In (psi): Pressure Out (psi): 
C - Change Diver Infoive Site: Date (11/11/2014): Timarea/city): Max Depth in ft (39): Pressure Out (psi): 
C - Change Diver Info
L - Log a New Dive
D - Download Dive Data
E - Edit Dives
P - Print Dive Logs
R - Remove Dives
S - Diver Statistics
X - Exit Application
:1/11/2014): Time (09:31:58): Location (area/ Pressure Out (psi): 
C - Change Diver Info
L - Log a New Dive
D - Download Dive Data
E - Edit Dives
P - Print Dive Logs
R - Remove Dives
S - Diver Statistics
X - Exit Application
:
vg Depth in ft (39): Dive Duration (mins): i): 
C - Change Diver Info
L - Log a New Dive
D - Download Dive Data
E - Edit Dives
P - Print Dive Logs
R - Remove Dives
S - Diver Statistics
X - Exit Application
:
Dive Site: Date8): Location (area/city): Max Depth in ft (3h in ft (39): Dive Duration (mins): O2 Pins): O2 Percentage: Pressure In (psi): Dive Site: Date (11/11/2014): Time (09:31ressure Out (psi): 
C - Change Diver Info
L - Log a New Dive
D - Download Dive Data
E - Edit Dives
P - Print Dive Logs
R - Remove Dives
S - Diver Statistics
X - Exit Application
:
DiDive Duration (mins): O2 Percentage: Pressure
Dive Site: Date (11/11/2014): Time (0Dive Duration (mins): O2 Percentage: Pressurure In (psi): Pressure Out (psi): 
C - Change Diver Info
L - Log a New Dive
D - Download Dive Dataressure Out (psi): 
C - Change Diver Info
L - Log a New Dive
D - Download Dive Data
E - Edit Dives
P - Print Dive Logs
R - Remove Dives
S - Diver Statistics
X - Exit Application
:
Diion (area/city): Max Depth in ft (39): Avg DDive Site: Date (11/11/2014): Time (09:31:Date (11/11/2014): Time (09:31:58): Location (mins): O2 Percentage: Pressure In (ps
P - Print Dive Logs
R - Remove Dives
S - Diver Statistics
X - Exit Application
:
Dive Site: Date (11/11/2014)Max Depth in ft (39): Avg Depth in ft (39): ressure Out (psi): 
C - Change Diver Info
L - Log a New Dive
D - Download Dive Data
E - Edit Dives
P - Print Dive Logs
R - Remove Dives
S - Diver Statistics
X - Exit Application
:
Dive Site: Date (11/11/2014): Time (09:31:58): Location (area/city): Max Depth in ft (39): Avg Depth in ft (39): Dive Duration (mins): ): Max Depth in ft (39): Avg Depth in ft (3Pressure In (psi): Pressure Out (psi): 
C - Change Diver Info
L - Log a New Dive
 Duration (mins): O2 Percentage: Pressure I
Dive Site: Date (11/11/2014): Time (09:3Dive Site: Date (11/11/2014): Time (09:31:5ssure Out (psi): 
C - Change Diver Info
L - Log a New Dive
D - Download Dive Data
E - Edit Dives
P - Print Dive Logs
R - Remove Dives
S - Diver Statistics
X - Exit Application
:
Diveft (39): Dive Duration (mins): O2 Percentage
C - Change Diver Info
L - Log a New Dive
D - Download Dive Data
E - Edit Dives
P - Print Dive Logs
R - Remove Dives
S - Diver Statistics
X - Exit Application
:
Dive Site: Date (11/Time (09:31:58): Location (area/city): Max Dressure Out (psi): 
C - Change Diver Info
L - Log a New Dive
D - Download Dive Data
E - Edit Dives
P - Print Dive Logs
R - Remove Dives
S - Diver Statistics
X - Exit Application
:
Dive Duration (mins): O2 Percentage: Pressure ILocation (area/city): Max Depth in ft (39): Pressure Out (psi): 
C - Change Diver Info
L - Log a New Dive
D - Download Dive Data
E - Edit Dives
P - Print Dive Logs
R - Remove Dives
S - Diver Statistics
X - Exit Application
:
DTime (09:31:58): Location (area/city): Max Depth in ft (39): Avg Depth in ft (39): Dive D
Dive Site: Date (11/11/2014): Time (09:Location (area/city): Max Depth in ft (39): tion (mins): O2 Percentage: Pressure In (psocation (area/city): Max Depth in ft (39): Av
Dive Site: Date (11/11/2014): Time (09Pressure In (psi): Pressure Out (psi): 
C - Change Diver Info
L - Log a New Dive
D - Download Dive Data Time (09:31:58): Location (area/city): Maxtion (mins): O2 Percentage: Pressure In (psPressure Out (psi): 
C - Change Diver Info
L - Log a New Dive
D - Download Dive Data
E - Edit Dives
P - Print Dive Logs
R - Remove Dives
S - Diver Statistics
X - Exit Application
:

Dive Site: Date (11/11/2014): Time (09:3Avg Depth in ft (39): Dive Duration (mins):Dive Site: Date (11/11/2014): Time (09:31:In (psi): Pressure Out (psi): 
C - Change Diver Info
L - Log a New Dive
D - Download Dive Data
E - Edit Dives
P - Print Dive Logs
11/2014): Time (09:31:58): Location (area/cive Duration (mins): O2 Percentage: Pressure In (psi): Pressure Out (psi): 
C - Change Diver Info
L - Log a New Dive
D - Download Dive Data
E - Edit Dives
P - Print Dive Logsure Out (psi): 
C - Change Diver Info
L - Log a New Dive
D - Download Dive Data
E - Edit Dives
P - Print Dive Logs
R - Remove Dives
S - Diver Statistics
X - Exit Application
:
DivTime (09:31:58): Location (area/city): Max De

Dive# Date       Time     Dive Site                 Location                 
   1: 11/11/2014 09:31:58 mmgknadnom                ajaodcjlbc               
   2: 11/11/2014 09:31:58 mmgknadnom                ajaodcjlbc               
   3: 11/11/2014 09:31:58 mmgknadnom                ajaodcjlbc               
   4: 11/11/2014 09:31:58 mmgknadnom                ajaodcjlbc               
   5: 11/11/2014 09:31:58 mmgknadnom                ajaodcjlbc               
   6: 11/11/2014 09:31:58 mmgknadnom                ajaodcjlbc               
   7: 11/11/2014 09:31:58 mmgknadnom                ajaodcjlbc               
   8: 11/11/2014 09:31:58 mmgknadnom                ajaodcjlbc               
   9: 11/11/2014 09:31:58 mmgknadnom                ajaodcjlbc               
  10: 11/11/2014 09:31:58 mmgknadnom                ajaodcjlbc               
  11: 11/11/2014 09:31:58 mmgknadnom                ajaodcjlbc               
  12: 11/11/2014 09:31:58 mmgknadnom                ajaodcjlbc               
  13: 11/11/2014 09:31:58 mmgknadnom                ajaodcjlbc               
  14: 11/11/2014 09:31:58 mmgknadnom                ajaodcjlbc               
  15: 11/11/2014 09:31:58 mmgknadnom                ajaodcjlbc               
  16: 11/11/2014 09:31:58 mmgknadnom                ajaodcjlbc               
  17: 11/11/2014 09:31:58 mmgknadnom                ajaodcjlbc               
  18: 11/11/2014 09:31:58 mmgknadnom                ajaodcjlbc               
  19: 11/11/2014 09:31:58 mmgknadnom                ajaodcjlbc               
  20: 11/11/2014 09:31:58 mmgknadnom                ajaodcjlbc               
  21: 11/11/2014 09:31:58 mmgknadnom                ajaodcjlbc               
  22: 11/11/2014 09:31:58 mmgknadnom                ajaodcjlbc               
  23: 11/11/2014 09:31:58 mmgknadnom                ajaodcjlbc               
  24: 11/11/2014 09:31:58 mmgknadnom                ajaodcjlbc               
  25: 11/11/2014 09:31:58 mmgknadnom                ajaodcjlbc               
  26: 11/11/2014 09:31:58 mmgknadnom                ajaodcjlbc               
  27: 11/11/2014 09:31:58 mmgknadnom                ajaodcjlbc               
  28: 11/11/2014 09:31:58 mmgknadnom                ajaodcjlbc               
  29: 11/11/2014 09:31:58 mmgknadnom                ajaodcjlbc               
  30: 11/11/2014 09:31:58 mmgknadnom                ajaodcjlbc               
  31: 11/11/2014 09:31:58 mmgknadnom                ajaodcjlbc               
  32: 11/11/2014 09:31:58 mmgknadnom                ajaodcjlbc               
  33: 11/11/2014 09:31:58 mmgknadnom                ajaodcjlbc               
  34: 11/11/2014 09:31:58 mmgknadnom                ajaodcjlbc               
  35: 11/11/2014 09:31:58 mmgknadnom                ajaodcjlbc               
  36: 11/11/2014 09:31:58 mmgknadnom                ajaodcjlbc               
  37: 11/11/2014 09:31:58 mmgknadnom                ajaodcjlbc               
  38: 11/11/2014 09:31:58 mmgknadnom                ajaodcjlbc               
  39: 11/11/2014 09:31:58 mmgknadnom                ajaodcjlbc               
  40: 11/11/2014 09:31:58 mmgknadnom                ajaodcjlbc               
  41: 11/11/2014 09:31:58 mmgknadnom                ajaodcjlbc               
  42: 11/11/2014 09:31:58 mmgknadnom                ajaodcjlbc               
  43: 11/11/2014 09:31:58 mmgknadnom                ajaodcjlbc               
  44: 11/11/2014 09:31:58 mmgknadnom                ajaodcjlbc               
  45: 11/11/2014 09:31:58 mmgknadnom                ajaodcjlbc               
  46: 11/11/2014 09:31:58 mmgknadnom                ajaodcjlbc               
  47: 11/11/2014 09:31:58 mmgknadnom                ajaodcjlbc               
  48: 11/11/2014 09:31:58 mmgknadnom                ajaodcjlbc               
  49: 11/11/2014 09:31:58 mmgknadnom                ajaodcjlbc               
  50: 11/11/2014 09:31:58 mmgknadnom                ajaodcjlbc               
  51: 11/11/2014 09:31:58 mmgknadnom             
  55: 11/11/2014 09:31:7: 11/11/2014 09:31:58 mmgknadnom                ajaodcjlbc               
  58: 11/11/2014 09:31:58 mmgknadnom                ajaodcjlbc               
  59: 11/11/2014 09:31:58 mmgknadnom                ajaodcjlbc               
  60: 11/11/2014 09:31:58 mmgknadnom                ajaodcjlbc               
  61: 11/11/2014 09:31:58 mmgknadnom                ajaodcjlbc               
  62: 11/11/2014 09:31:58 mmgknadnom                ajaodcjlbc               
  63: 11/11/2014 09:31:58 mmgknadnom                ajaodcjlbc               
  64: 11/11/2014 09:31:58 mmgknadnom                ajaodcjlbc               
  65: 11/11/2014 09:31:58 mmgknadnom                ajaodcjlbc               
  66: 11/11/2014 09:31:58 mmgknadnom                ajaodcjlbc               
  67: 11/11/2014 09:31:58 mmgknadnom                ajaodcjlbc               
  68: 11/11/2014 09:31:58 mmgknadnom                ajaodcjlbc               
  69: 11/11/2014 09:31:58 mmgknadnom                ajaodcjlbc               
  70: 11/11/2014 09:31:58 mmgknadnom                ajaodcjlbc               
  71: 11/11/2014 09:31:58 mmgknadnom                ajaodcjlbc               
  72: 11/11/2014 09:31:58 mmgknadnom                ajaodcjlbc               
  73: 11/11/2014 09:31:58 mmgknadnom                ajaodcjlbc               
  74: 11/11/2014 09:31:58 mmgknadnom                ajaodcjlbc               
  75: 11/11/2014 09:31:58 mmgknadnom                ajaodcjlbc               
  76: 11/11/2014 09:31:58 mmgknadnom                ajaodcjlbc               
  77: 11/11/2014 09:31:58 mmgknadnom                ajaodcjlbc               
  78: 11/11/2014 09:31:58 mmgknadnom                ajaodcjlbc               
  79: 11/11/2014 09:31:58 mmgknadnom                ajaodcjlbc               
  80: 11/11/2014 09:31:58 mmgknadnom                ajaodcjlbc               
  81: 11/11/2014 09:31:58 mmgknadnom                ajaodcjlbc               
  82: 11/11/2014 09:31:58 mmgknadnom                ajaodcjlbc               
  83: 11/11/2014 09:31:58 mmgknadnom                ajaodcjlbc               
  84: 11/11/2014 09:31:58 mmgknadnom                ajaodcjlbc               
  85: 11/11/2014 09:31:58 mmgknadnom                ajaodcjlbc               
  86: 11/11/2014 09:31:58 mmgknadnom                ajaodcjlbc               
  87: 11/11/2014 09:31:58 mmgknadnom                ajaodcjlbc               
  88: 11/11/2014 09:31:58 mmgknadnom                ajaodcjlbc               
  89: 11/11/2014 09:31:58 mmgknadnom                ajaodcjlbc               
  90: 11/11/2014 09:31:58 mmgknadnom                ajaodcjlbc               
  91: 11/11/2014 09:31:58 mmgknadnom                ajaodcjlbc               
  92: 11/11/2014 09:31:58 mmgknadnom                ajaodcjlbc               
  93: 11/11/2014 09:31:58 mmgknadnom                ajaodcjlbc               
  94: 11/11/2014 09:31:58 mmgknadnom                ajaodcjlbc               
  95: 11/11/2014 09:31:58 mmgknadnom                ajaodcjlbc               
  96: 11/11/2014 09:31:58 mmgknadnom                ajaodcjlbc               
  97: 11/11/2014 09:31:58 mmgknadnom                ajaodcjlbc               
  98: 11/11/2014 09:31:58 mmgknadnom                ajaodcjlbc               
  99: 11/11/2014 09:31:58 mmgknadnom                ajaodcjlbc               
 100: 11/11/2014 09:31:58 mmgknadnom                ajaodcjlbc               
 101: 11/11/2014 09:31:58 mmgknadnom                ajaodcjlbc               
 102: 11/11/2014 09:31:58 mmgknadnom                ajaodcjlbc               
 103: 11/11/2014 09:31:58 mmgknadnom                ajaodcjlbc               
 104: 11/11/2014 09:31:58 mmgknadnom                ajaodcjlbc               
 105: 11/11/2014 09:31:58 mmgknadnom                ajaodcjlbc               
 106: 11/11/2014 09:31:58 mmgknadnom                ajaodcjlbc               
 107: 11/11/2014 09:31:58 mmgknadnom                ajaodcjlbc               
 108: 11/11/2014 09:31:58 mmgknadnom                ajaodcjlbc               
 109: 11/11/2014 09:31:58 mmgknadnom                ajaodcjlbc               
 110: 11/11/2014 09:31:58 mmgknadnom                ajaodcjlbc               
 111: 11/11/2014 09:31:58 mmgknadnom                ajaodcjlbc               
 112: 11/11/2014 09:31:58 mmgknadnom                ajaodcjlbc               
 113: 11/11/2014 09:31:58 mmgknadnom                ajaodcjlbc               
 114: 11/11/2014 09:31:58 mmgknadnom                ajaodcjlbc               
 115: 11/11/2014 09:31:58 mmgknadnom                ajaodcjlbc               
 116: 11/11/2014 09:31:58 mmgknadnom                ajaodcjlbc               
 117: 11/11/2014 09:31:58 mmgknadnom                ajaodcjlbc               
 118: 11/11/2014 09:31:58 mmgknadnom                ajaodcjlbc               
 119: 11/11/2014 09:31:58 mmgknadnom                ajaodcjlbc               
 120: 11/11/2014 09:31:58 mmgknadnom                ajaodcjlbc               
 121: 11/11/2014 09:31:58 mmgknadnom                ajaodcjlbc               
 122: 11/11/2014 09:31:58 mmgknadnom                ajaodcjlbc               
 123: 11/1             
 124: 11/11/2014 09om                ajaodcjlbc    