Matrix math is fun!
-------------------
Make a selection: 
1. Input Matrix
2. Print Matrix
3. Add Matrices
4. Subtract Matrices
5. Multiply Matrices
6. Swap Matrix Row
7. Swap Matrix Col
8. Transpose Matrix
9. Perform Reduced Row Echelon Form on Matrix
10. Randomize Matrix
11. Exit
>> Adding Matrices:
Result:
| 0 |
Make a selection: 
1. Input Matrix
2. Print Matrix
3. Add Matrices
4. Subtract Matrices
5. Multiply Matrices
6. Swap Matrix Row
7. Swap Matrix Col
8. Transpose Matrix
9. Perform Reduced Row Echelon Form on Matrix
10. Randomize Matrix
11. Exit
>> Exiting...
