Matrix math is fun!
-------------------
Make a selection: 
1. Input Matrix
2. Print Matrix
3. Add Matrices
4. Subtract Matrices
5. Multiply Matrices
6. Swap Matrix Row
7. Swap Matrix Col
8. Transpose Matrix
9. Perform Reduced Row Echelon Form on Matrix
10. Randomize Matrix
11. Exit
>> Transpose a Matrix:
Select Matrix 1 or Matrix 2
>> Original Matrix
| 0 |
Transposed Matrix
| 0 |
Make a selection: 
1. Input Matrix
2. Print Matrix
3. Add Matrices
4. Subtract Matrices
5. Multiply Matrices
6. Swap Matrix Row
7. Swap Matrix Col
8. Transpose Matrix
9. Perform Reduced Row Echelon Form on Matrix
10. Randomize Matrix
11. Exit
>> Swap Columns in a  Matrix:
Select Matrix 1 or Matrix 2
>> Enter Column Index 1: Enter Column Index 2: Original Matrix
| 0 |
Swapped Columns
| 0 |
Make a selection: 
1. Input Matrix
2. Print Matrix
3. Add Matrices
4. Subtract Matrices
5. Multiply Matrices
6. Swap Matrix Row
7. Swap Matrix Col
8. Transpose Matrix
9. Perform Reduced Row Echelon Form on Matrix
10. Randomize Matrix
11. Exit
>> Transpose a Matrix:
Select Matrix 1 or Matrix 2
>> Original Matrix
| 0 |
Transposed Matrix
| 0 |
Make a selection: 
1. Input Matrix
2. Print Matrix
3. Add Matrices
4. Subtract Matrices
5. Multiply Matrices
6. Swap Matrix Row
7. Swap Matrix Col
8. Transpose Matrix
9. Perform Reduced Row Echelon Form on Matrix
10. Randomize Matrix
11. Exit
>> Swap Rows in a  Matrix:
Select Matrix 1 or Matrix 2
>> Enter Row Index 1: Enter Row Index 2: Original Matrix
| 0 |
Swapped Rows
| 0 |
Make a selection: 
1. Input Matrix
2. Print Matrix
3. Add Matrices
4. Subtract Matrices
5. Multiply Matrices
6. Swap Matrix Row
7. Swap Matrix Col
8. Transpose Matrix
9. Perform Reduced Row Echelon Form on Matrix
10. Randomize Matrix
11. Exit
>> Print Matrices:
-Matrix 1-
| 0 |

-Matrix 2-
| 0 |

-Resultant Matrix-
| 0 |
Make a selection: 
1. Input Matrix
2. Print Matrix
3. Add Matrices
4. Subtract Matrices
5. Multiply Matrices
6. Swap Matrix Row
7. Swap Matrix Col
8. Transpose Matrix
9. Perform Reduced Row Echelon Form on Matrix
10. Randomize Matrix
11. Exit
>> Swap Rows in a  Matrix:
Select Matrix 1 or Matrix 2
>> Enter Row Index 1: Enter Row Index 2: Original Matrix
| 0 |
Swapped Rows
| 0 |
Make a selection: 
1. Input Matrix
2. Print Matrix
3. Add Matrices
4. Subtract Matrices
5. Multiply Matrices
6. Swap Matrix Row
7. Swap Matrix Col
8. Transpose Matrix
9. Perform Reduced Row Echelon Form on Matrix
10. Randomize Matrix
11. Exit
>> Create a Random Matrix:
Select Matrix 1 or Matrix 2
>> New Row Size (0 to stay the same): New Column Size (0 to stay the same): Make a selection: 
1. Input Matrix
2. Print Matrix
3. Add Matrices
4. Subtract Matrices
5. Multiply Matrices
6. Swap Matrix Row
7. Swap Matrix Col
8. Transpose Matrix
9. Perform Reduced Row Echelon Form on Matrix
10. Randomize Matrix
11. Exit
>> Print Matrices:
-Matrix 1-
| -84 | 106 | -37 | 6 | 58 | 111 | 66 | 114 | -11 |
| 67 | 79 | 91 | 107 | 1 | -93 | 17 | -76 | 43 |
| -37 | -116 | 57 | -40 | 18 | -9 | 87 | 93 | -38 |
| 67 | -124 | 103 | -3 | -63 | 80 | 124 | -116 | -98 |
| 40 | -94 | -62 | -23 | -69 | 87 | -47 | -38 | -125 |
| -127 | 72 | 69 | -107 | -86 | -86 | -111 | -74 | -61 |
| 42 | 124 | 76 | -40 | -122 | 47 | 3 | 31 | 31 |
| 107 | -63 | 52 | -61 | -74 | 42 | -107 | 87 | 44 |
| -24 | -124 | 26 | 89 | 64 | -14 | -23 | -45 | -104 |

