Welcome to the Diophantine Password Wallet
Login
First Secret
Second Secret
Third Secret
First Secret
Second Secret
Third Secret
Welcome to the Diophantine Password Wallet
Login
First Secret
Second Secret
Third Secret
Remove PW NUm?
Welcome to the Diophantine Password Wallet
Login
First Secret
Second Secret
Third Secret
First Secret
Second Secret
Third Secret
Remove PW NUm?
First Secret
Second Secret
Third Secret
Remove PW NUm?
Welcome to the Diophantine Password Wallet
Login
First Secret
Second Secret
Third Secret
Remove PW NUm?
Remove PW NUm?
First Secret
Second Secret
Third Secret
First Secret
Second Secret
Third Secret
Bad command
Welcome to the Diophantine Password Wallet
Login
First Secret
Second Secret
Third Secret
Password 0 : 897696 , 561335 , 442016
Password 1 : 912168 , 608050 , 969895
Password 0 : 897696 , 561335 , 442016
Password 1 : 912168 , 608050 , 969895
First Secret
Second Secret
Third Secret
First Secret
Second Secret
Third Secret
Bad command
Password 0 : 897696 , 561335 , 442016
Password 1 : 912168 , 608050 , 969895
Password 2 : 716749 , 945000 , 825788
Password 3 : 581221 , 266703 , 315433
First Secret
Second Secret
Third Secret
Welcome to the Diophantine Password Wallet
Login
First Secret
Second Secret
Third Secret
First Secret
Second Secret
Third Secret
Welcome to the Diophantine Password Wallet
Login
First Secret
Second Secret
Third Secret
Welcome to the Diophantine Password Wallet
Login
First Secret
Second Secret
Third Secret
User Not Found
