Welcome to the Diophantine Password Wallet
Login
First Secret
Second Secret
Third Secret
Bad command
Bad command
First Secret
Second Secret
Third Secret
Remove PW NUm?
Welcome to the Diophantine Password Wallet
Login
First Secret
Second Secret
Third Secret
Bad command
Remove PW NUm?
Bad command
Remove PW NUm?
First Secret
Second Secret
Third Secret
Bad command
First Secret
Second Secret
Third Secret
Password 0 : 849277 , 272240 , 199168
Password 1 : 402489 , 334080 , 424631
Remove PW NUm?
Welcome to the Diophantine Password Wallet
Login
First Secret
Second Secret
Third Secret
Bad command
First Secret
Second Secret
Third Secret
Password 0 : 76730 , 418687 , 196219
Remove PW NUm?
Welcome to the Diophantine Password Wallet
Login
First Secret
Second Secret
Third Secret
User Not Found
