1. Load File
2. Quit

--NO FILE LOADED--
ERROR: Bad Input. Valid Options: 1, 2
1. Load File
2. Quit

--NO FILE LOADED--
1. Load New File
2. Wave Visualizer
3. EQ Visualizer
4. Power Visualizer
5. Enable Low Pass Filter
6. Enable High Pass Filter
7. Disable Filters
8. Set visualization speed multiplier (0-9)
9. Quit

--Current Track: Sampled @22050Hz 16 bit, Stereo - Data Size=274
::Options: Filter Type=None | Visualization Slowdown Multiplier=0::

1. Load New File
2. Wave Visualizer
3. EQ Visualizer
4. Power Visualizer
5. Enable Low Pass Filter