
1) Add Player
2) Delete Player
3) Play
4) Statistics
0) Exit
No players

1) Add Player
2) Delete Player
3) Play
4) Statistics
0) Exit

1) Add Player
2) Delete Player
3) Play
4) Statistics
0) Exit

1) Add Player
2) Delete Player
3) Play
4) Statistics
0) Exit
No players

1) Add Player
2) Delete Player
3) Play
4) Statistics
0) Exit
No players

1) Add Player
2) Delete Player
3) Play
4) Statistics
0) Exit
Enter player name
Computer player? (y/n)
Would you like to enable hints?

1) Add Player
2) Delete Player
3) Play
4) Statistics
0) Exit
Player: mjxtu
Place your bet (1-500)
Dealer: 8 9 (17)
mjxtu: