
1) Add Player
2) Delete Player
3) Play
4) Statistics
0) Exit
No players

1) Add Player
2) Delete Player
3) Play
4) Statistics
0) Exit

1) Add Player
2) Delete Player
3) Play
4) Statistics
0) Exit
No players

1) Add Player
2) Delete Player
3) Play
4) Statistics
0) Exit

1) Add Player
2) Delete Player
3) Play
4) Statistics
0) Exit
Enter player name
Computer player? (y/n)
Method 1-4:

1) Add Player
2) Delete Player
3) Play
4) Statistics
0) Exit
1) bcdfxzn
Player to delete (1-1):

1) Add Player
2) Delete Player
3) Play
4) Statistics
0) Exit
