
1) Add Player
2) Delete Player
3) Play
4) Statistics
0) Exit
No players

1) Add Player
2) Delete Player
3) Play
4) Statistics
0) Exit
No players

1) Add Player
2) Delete Player
3) Play
4) Statistics
0) Exit
Enter player name
Computer player? (y/n)
Would you like to enable hints?

1) Add Player
2) Delete Player
3) Play
4) Statistics
0) Exit
Enter player name
Computer player? (y/n)
Method 1-4:

1) Add Player
2) Delete Player
3) Play
4) Statistics
0) Exit
Player: tiuhdgtnr
Place your bet (1-500)
Player: ndtbbco
Place your bet (1-500)
Dealer: 10 J (20)
tiuhdgtnr: