KTY Pretty Printer v0.1
=======================
 1. Import KTY
 2. Print KTY
 3. Quit
=======================
Invalid menu. Try again.
nullnullnullInvalid menu. Try again.
Invalid menu. Try again.
nullnullnullInvalid menu. Try again.
-6.68-6.68-6.68Invalid menu. Try again.
Invalid menu. Try again.
116452043911645204391164520439Invalid menu. Try again.
Invalid menu. Try again.
Invalid menu. Try again.
{
  "AtbCvKnRkYpucRSyqyaV": "XGxxjxpFhgNfqB",
  "DL": true,
  "qONaMhrqSBgHlFmZRzvwzLFYW": [
    84.22,
    4.05,
    true,
    -178X": 34891716,
    "Jgn": -1794244741,
    "dREZNDhDlMaOlnQtzOQ": -22583935,
    "CCqZznzmMfqECMdPwOgkQNwHVmSwvDcmuzwEJnHePGuKmeBPimH": 1.10,
    "xEoykYhPyWgCTVYtN": {
      "IusimCcfhQjhEatcQqwFLImWRySijJrsoNjiXstImQFXJe": {
        "D": 2025267615,
        "fQlJPzQxRg": "KufhFmAtgqRjPcyyZyhWvRLJWpypIPsWtIhZbTDvfCOAQHNDrdffLmtRpzCSgMAQ"
      },
      "D": null,
      "urTlZCmTJvrobjPupdoq": 1.72,
      "JLdUYla": -0.65,
      "HFFMInfWiOuJjZMJjtVYErYLlmmqD": -440924214,
      "MittYIpJVLWFENggJpauAknjqRhYWpIjznauUSKMDazMoPwIhyvdHKwIHEzcN": false,
      "FWVnJrYFckrEyHTQutcjzzKBVw": "M",
      "cFkGzzDEdnsvZTrlZQAwPQDtxYdqrfMFAyQufjWRvFtMhgcYRTYdpSklPgAO": true,
      "PqwdlttCQgwoLEvc": null,
      "cMAsCxZllwQBDTwqyBIBD": 1.86,
      "ISDPtpOTVrPqzJFIUDhQjbgsUwxPJhYhGOypIJMvlppPBBdhZyDvjwFlRWJjgWPnuQwblFjpK": true,
      "mMMenXWfThQsMsyeXIgAZYECfYHbeD": null,
      "gVtWUDfkagoZGu": null,
      "gmEgJHKkMFHEOAndUjnTXF": true,
      "pEPfUlLGvEqWGfHQerFIwQeMtgNRaVTMpCzVgtsZnGT": 1411421311,
      "RzvdGAXWjM": -0.12,
      "TGUWuhiPUlenIpohrjyEFLt": 3.81,
      "bBcnaNJplKSRDV": null,
      "xLEBgoVmyZeVagNlOYD": -2.66,
      "sPkZgUYNlGZQvG": {
        "CoFxJdvzdBDqRNCWKfVmeUSoAHaDKOPHKjDXQipQuwOHnYCqcHGlGt": -0.21,
        "AxQtlBXDsWUOwbgyGGQkmjCZHC": "uvuc",
        "dHrKeiEPc": null,
        "tYrqvpGJzTTqcDwCMQLsIXeMYJDqOwOLvdpxhyPSjMPaiCBDmVeIeBN": 1.31,
        "HQZvZxTWzYHZaEgUYzmdgwpPdfr": -6.19,
        "Bk": -0.34,
        "jOcRRgRaoTYWFiayPlLlpxmRSpfOTnBSVyealdzKlT": -22226400,
        "MSSuWCwSboqLkzQndbmGRwOvPTdihaUB": -0.27,
        "W": -0.33,
        "ZJr": 2077127030,
        "iiWZUqH": 0.74,
        "v": "CYPhPinxzBYJfypjVBZXzXuQwPznRgYDyPFDFUdLolFAEEZHGfok",
        "JqPDuPDjULcWMaBBEExgZMiFnInubttlmlTKhnREHJYIOdqjWk": 9.76,
        "UW": 5.19,
        "AQCWfjCufsqizFKrvFwiN": null
      }
    }
  }
}{
  "AtbCvKnRkYpucRSyqyaV": "XGxxjxpFhgNfqB",
  "DL": true,
  "qjjmFDFkAawksVuU": null,
  "DLVcT": {
  bhcbGPVpTkldqqjpFRkcSVlXCmyVmplJT244741,
    "dREZNDhDlMaOlnQtzOQ": -22583935,
    "CCqZznzmMfqECMdPwOgkQNwHVmSwvDcmuzwEJnHePGuKmeBPimH": 1.10,
    "xEoykYhPyWgCTVYtN": {
      "IusimCcfhQjhEatcQqwFLImWRySijJrsoNjiXstImQFXJe": {
        "D": 2025267615,
        "fQlJPzQxRg": "KufhFmAtgqRjPcyyZyhWvRLJWpypIPsWtIhZbTDvfCOAQHNDrdffLmtRpzCSgMAQ"
      },
      "D": null,
      "urTlZCmTJvrobjPupdoq": 1.72,
      "JLdUYla": -0.65,
      "HFFMInfWiOuJjZMJjtVYErYLlmmqD": -440924214,
      "MittYIpJVLWFENggJpauAknjqRhYWpIjznauUSKMDazMoPwIhyvdHKwIHEzcN": false,
      "FWVnJrYFckrEyHTQutcjzzKBVw": "M",
      "cFkGzzDEdnsvZTrlZQAwPQDtxYdqrfMFAyQufjWRvFtMhgcYRTYdpSklPgAO": true,
      "PqwdlttCQgwoLEvc": null,
      "cMAsCxZllwQBDTwqyBIBD": 1.86,
      "ISDPtpOTVrPqzJFIUDhQjbgsUwxPJhYhGOypIJMvlppPBBdhZyDvjwFlRWJjgWPnuQwblFjpK": true,
      "mMMenXWfThQsMsyeXIgAZYECfYHbeD": null,
      "gVtWUDfkagoZGu": null,
      "gmEgJHKkMFHEOAndUjnTXF": true,
      "pEPfUlLGvEqWGfHQerFIwQeMtgNRaVTMpCzVgtsZnGT": 1411421311,
      "RzvdGAXWjM": -0.12,
      "TGUWuhiPUlenIpohrjyEFLt": 3.81,
      "bBcnaNJplKSRDV": null,
      "xLEBgoVmyZeVagNlOYD": -2.66,
      "sPkZgUYNlGZQvG": {
        "CoFxJdvzdBDqRNCWKfVmeUSoAHaDKOPHKjDXQipQuwOHnYCqcHGlGt": -0.21,
        "AxQtlBXDsWUOwbgyGGQkmjCZHC": "uvuc",
        "dHrKeiEPc": null,
        "tYrqvpGJzTTqcDwCMQLsIXeMYJDqOwOLvdpxhyPSjMPaiCBDmVeIeBN": 1.31,
        "HQZvZxTWzYHZaEgUYzmdgwpPdfr": -6.19,
        "Bk": -0.34,
        "jOcRRgRaoTYWFiayPlLlpxmRSpfOTnBSVyealdzKlT": -22226400,
        "MSSuWCwSboqLkzQndbmGRwOvPTdihaUB"-0.33,
        "ZJr": 2077127030,
        "iiWZUqH": 0.74,
        "v": "CYPhPinxzBYJfypjVBZXzXuQwPz     "JqPDuPDjULcWMaBBEExgZMiFnIn