******************
1. Create User
2. Login
3. Exit
: 
Username: 
Password: 
******************
1. Create User
2. Login
3. Exit
: 
Username: 
Password: 
******************
1. Create User
2. Login
3. Exit
: 
Username: 
Password: 
******************
1. Create User
2. Login
3. Exit
: 
Username: 
Password: 
******************
1. Create User
2. Login
3. Exit
: 
Username: 
Password: 
******************
1. Create User
2. Login
3. Exit
: 
Username: 
Password: 
******************
1.****
1. Create Message
2. Send Message
3. List All [0]
4. List Drafts [0]
5. List Inbox [0]
6. Delete Draft
7. Logout
8. Exit
: 
ToMessage:
********bccbaaa********
1. Create Message
2. Send Message
3. List All [3]
4. List Drafts [3]
5. List Inbox [0]
6. Delete Draft
7. Logout
8. Exit
: 
To:
Message:
**bccbaaa********
1. Create Message
2. Send Message
3. List All [4]
4. List Drafts [4]
5. List Inbox [0]
6. Delete Draft
7. Logout
8. Exit
: 
Logging out of user bccbaaa
******************
1. Create User
2. Login
3. Exit
: 
aLogging out of user bccbaaa
******************
1. Create User
2. Login
3. Exit
: 
aabacbbbc -- zyzyyx
aab:
Message:
********bccbaaa********
1. Create Message
2. Send Message
3. List All [14]
4. List Drafts [14]
5. List Inbox [0]
6. Delete Draft
7. Logout
8. Exit
: 
To:
Message:
********bccbaaa********
1. cbaaa********
1. Create Message
2. Send Message
3. List All [20]
4. List Drafts [20]
5. List Inbox [0]
6. Delete Draft
7. Logout
8. Exit
: 
To:
