******************
1. Create User
2. Login
3. Exit
: 
Username: 
Password: 
******************
1. Create User
2. Login
3. Exit
: 
Username: 
Password: 
******************
1. Create User
2. Login
3. Exit
: 
Username: 
Password: 
******************
1. Create User
2. Login
3. Exit
: 
Username: 
Password: 
******************
1. Create User
2. Login
3. Exit
: 
Username: 
Password: 
******************
1. Create User
2. Login
3. Exit
: 
Username: Username: 
Password: 
******************
1. Create User
2. Login
3. Exit
: 
Us*****
1. Create Message
2. Send Message
3. List All [0]
4. List Drafts [0]
5. List Inbox [0]
6. Delete Draft
7. Logout
8. Exit
: 
To:
Message:
********cbbcbaab********
1. Create Message
2. Send Message
3. List All [1]
4. List Drafts [1]
5. List Inbox [0]
6. Delete Draft
7. Logout
8. Exit
: 
To:
MessageMessage:
********cbbcbaab********
1. Create Message
2. Send Message
3. List All [4]
4. List Drafts [4]
5. List Inbox [0]
6. Delete Draft
7. Logout
8. Exit
: 
Logging out of user cbbcbaab
******************
1. Create User
2. Login
3. Exit
: 
caccbbbca -- yyyyxxyx
bacbabc -- yxxzyxxz
bbaaacabcc -- yzxxzyyx
acbaab -- zzzxzzxxx
cacbcacb -- yxxzzzy
abcabcbcc -- zzzyzyyx
abaccab -- zzxzx
bbbcbbaab -- yxzyyyxyx
bbaaacbbc -- xyzzy
cbbcbaab -- zxyyzxz
Username: 
Pabca -- yyyyxxyx
bacbabc -- yxxzyxxz
bbaaacabcc -- yzxxzyyx
acbaab -- zzzxzzxxx
cacbcacb -- yxxzzzy
abcabcbcc -- zzzyzyyx
abaccab -- zzxzx
bbbcbbaab -- yxzyyyxyx
bbaaacbbc -- xyzzy
cbbcbaab -- zxyyzxz
Username: 
Password: 
 Create Message
2. Send Message
3. List All [15]
4. List Drafts [15]
5. List Inbox [0]
6. Delete Draft
7. Logout
8. Exit
: 
To:
Message:
**-- yyyyxxyx
bacbabc -- yxxzyxxz
bbaaacabcc -- yzxxzyyx
acbaab -- zzzxzzxxx
cacbcacb -- yxxzzzy
abcabcbcc -- zzzyzyyx
abaccab -- zzxzx
bbbcbbaab -- yxzyyyxyx
bbaaacbbc -- xyzzy
cbbcbaab -- zxyyzxz
Username: 
Password: 
***cbbcbaab********
1. Create MesPassword: 
Bad login.
******************
1. Create User
2. Login
3. Exit
: 
ord: 
Bad login.
Username: 
Password: