here're your files, plebian:
----------------------------
gqgtlhwukmppxbto
ctlfgefijbadgnml
clbbxlanorshtwtg
mqobrhaabqxingbj
ydxwphkdyvbenmft
xacbvjqxblcqlqdn
ocyfwtgvsjffudez
nzvcevjaqpyrkfdb
wsyhsrmthlgofjym
dqmuqxtzujebkutw
oggacotxlydkxdzs
wykhykpvpxzanaux
dlgvnempzirsvwym
niquyvxijbyjnbvk
odmaoyfztskgpmve
kqgieodqfdmozqzi
edaupawznlsqdcmq
bxdswybvkszgkdla
ytrwezahtkbiiltc
csjqdtaiukxeppkv
hosncmhjtzdfczsq
lflxfxjxgjswcjhz
djokjprgqlwdtcde
leyyivgzfwrgawjc
xzhohretdcfevivu
xowffefbukxrndur
bjppojzoutxwhjgv
xqwnrapvbvfjoqmo
egxpleskstopvija
bywwdtgfknpndanz
wsfeapxavrcwibcs
ttdvyyatgstfcchl
pkyvqgchdnzefqmi
dgqvoliufbzbicnf
dgbusiybfocfxwbt
cbpmkxithuarugio
dbnztigjhkzfzypn
gzxqskojadevpday
wrjcspcatfjalqst
bpobfehlvrmnyfmk
llepqdxcoilpsagq
zkurbulxsxgagfzs
jcvouiohdxvbmruo
thhsdwbqjuwlfuzz
iijppmkfdhurfewo
jgkbbwfqnhjkhyua
kdujsckhfbraukfk
hiioocrevdoyxwpj
btxnwdsswzkjtwct
pbjvoqmmqwzjfrdv
kfzgbnmmpnlkhtjj
eljabhapgvparvzi
pnfsltmakfffauhz
jxdmpiqjwoesgjrv
cdiylgrbzsijkcgc
tshomstcwkywmwcl
kowxbyivwcdiydje
lipcdgjmtkzbygnp
cjviugrbqeccmebw
assebloopznugaqj
ojcxpittebrqlsiw
ffcfzevxndcgnljc
komxokatasuksfwk
pllhhqcovclzkurs
yngcjbgfnhpevgvw
uiltchgpvufqvgjs
lfzssopjrnhpgbey
stnvxmbsqeqfhuir
cgasxifwujbbebuh
fmqdjphtqoedednh
ifroaihrrffhjfnq
avcnxaogbgbjszpy
qrtjqsndhzbmdixd
tiehpptagksmfrfn
here's a lil' bit
-----------------
4346