here're your files, plebian:
----------------------------
oydivkjujyxwqunm
nzmoquuccffuxxls
fngyrlpadfkseurf
obzttwciypvcxrgq
ixsvazvoehibvspv
lkcpjtazpytzugcw
kvcgvgxjxoylzohn
lvdsfhmrcoemvwda
kbxjqsjxefdceeyt
murpafycwremwlqb
ljypdcwssjwrmeah
ctoilvzjilndshup
uespexylpjhnplfo
gdsebjxihebjqgxt
bgtxbuapuqiwltvh
ggelzzergwmikexu
ydrvmisqpiefhxqa
wlgdcggheoohlmhu
plnameadiefyekjn
zctklynhnjvmjhvh
noiqxoahhchcvswp
kowiukaygdisnpaj
dppahwjwfxnaoarz
brjgvcxuqnohrgbn
cepxwblfaxbdangh
zuitaxireijcjxhv
tlgjyumjrjafmtht
nqibwpywnumnagjo
kvamwxloiitqbcdq
omuqvcyoflnsvzxv
txmtxsjmuwimbcai
nrijwrouldxunumz
lzksrfugbsnikoai
emklilbdjrkylalc
chbetocnkdifzfrp
rhnfdkcgsmekfmzm
xlurixacqmdnyvvk
vzlsqiodfschgsht
rvffjrpmutfdypga
nqqffctnykytjkuc
vrudnxisbtfmmimd
qjecadyzwjvsebqh
jqxkygrqdkrpqmkd
jeltdtpnveccsrui
akxthpbpgvokuwlt
txbjgmovbejjknvi
mssudufyklpcbkts
intpfzvckperzumq
ubjnrzangififmqd
edwbnuzojmwimurw
sxqkgoqpxangnwei
wkbymvwimoaszavj
sanimmjpvhdbkvcc
wixeiaqorasergoe
dkmeetgazkochcfz
nkhmjybblhkzcwor
royrzvqggburimsv
tqujsyqdgfbzfbqa
ippdbalqkzgiupzi
hcuohvtpgrwrrbku
qypdsnggbfoqqihq
gvsfwjbpcmszwkid
odahdjglvoxtuwni
livpsikasfkbtwmd
lukuruikzvteduvt
ezvtfmvjwwwiyfgk
zjpvjcgfjhrrkous
xmyvbymtzrdxwuja
bhqntnfwovsbrhub
yfabzohridzudamv
uzcaljcyapzbwsdx
uyfbvgecclmsyndb
szoeqwcsbeeysppe
pdzdycywzjhmratt
acjjesnrdhzjghte
wkqraxwrsphpiwwi
gwhjxdkhdtvfuqkm
iuhkflkyjkfszyqi
tupswbnnavdvumia
hftvhtowpumltfzz
ialtjpqvitkiugnn
rczamwkmrkuxtiaf
mnateerzfalnbprr
bevgtqjiopoujsbg
yrwzfspdahmmqble
kjpgferfbcbjcnnc
lytyhqamytempujh
flaiukqwzhkfbtaj
thtejabgzeazwgbl
lylournksawlgyna
oaffdcoqpjnglidl
bcjkndwuuxzhlifw
zmdqeexbdrctsdls
mhyypfmmbtjwtkju
rrysutvwngecfnlk
gmzurauxyyzjxkge
uoutfyigllcajzef
rfgjpershnewfiko
kevzlsjxjobawmir
hmbstwegvrqdzgre
wbtmkffzaelgllzo
kkaoktwmnlsevime
ptncgnmxoiwdzuox
wexfyvqdxjiqtczg
gbzlprtrsxzpordp
fvmvvqddgrfvjmlc
orpfajuiaguxrdzn
jvdrbjtfdjknrsac
ktqimmhpibxjvtkr
chzyjdczdgjnapgk
girhpeweadvmvaxh
frucubiabjftzhth
alynlnwwjxmserkr
cnqtdwxmujrnfkeb
ncyifltabiarachq
kvtugcqsolphbelf
ycwivqsfzwrvrlnv
indnrgamaxbokvlf
xrsuqwqcjzthfeky
rpcgnbdljyyfnusf
vzzjhkmdajwlldmt
uqjwkasfezhtdsot
tzbyregkufwummno
kfjpdmmnrhjnfwdf
vmkvmfehkzbfekww
abjrdymytmepyeah
znicpmamisidukfh
axpphsaivfgvnndz
smomshlsbqfngyrs
iphuqrfbijpdgqzz
ljdtzcxlbmbjktgf
usgynuguzfalhujd
svpwjobzfygmrtkz
dgymoemjchwjzsxb
qupnldjlfjregcam
qvdlfjkdozzfubfp
nacjpfmrbiaztbcp
ufpmvhguyvfdgulu
qlehflvigrfehzis
ktcstwnxydxipbbx
beorksdwgvgfwksr
alltggdfwenfhzqw
tbdptvuvgplhxesh
btspqxaasnojahwu
wtkifxwpvkhhnwao
fzerabngufkrjllo
wyhtrhxyzboywwea
okeqftaqosfatlxl
jpwmjqjyhyflviqt
gphjxytcndaaqyku
ifyxaohirbsnndts
izxhorzhkwbbqomn
brrihqzzghgwkjzm
hsyenlwlcxwjhikr
mapxdzkwlqotwuih
bahzuhbihxuvnnxd
aytrhkhupsivhfyg
rmypehqqmaixvtmc
xogakqdfdzmhvtin
kxhhgnzdqfdojjrb
aytytedlpdokynub
nlfgmqwdalyyuaqk
yeqcpdmukrbhkcrk
you're too poor to use this verb :(
here's a lil' bit
-----------------
0767invalid request
the tubes are "clogged" right now...
------------------------------------
0767262491371625you're too poor to use this verb :(
you're too poor to use this verb :(
here's a lil' bit
-----------------
0767you're too poor to use this verb :(
invalid request
