here're your files, plebian:
----------------------------
efwxqfvqwpjzhtqw
abjxruzelqnmjdvp
eaidkqgwuijfcwcq
ylancgreoiajxomq
nkenbiwupkkqpwkp
vtiqsvmuqybqkntk
oousgumvehbhcsud
yotdpdgrzggmvdbw
ydmxrxnuobovcpbp
euvbqndfxjoymbvi
jzcpuiepfzmugejj
ehcrgxxjxivycjnu
fxhbntpsldubaxfe
thdouxdfbyfhiyms
jiehvniddarbhylz
ekilxagbuwfxehju
noeyudzqkkhfjzcr
omjzqyfmzkoxajla
oxgjljusmypnrosw
glmteaeqklknzhsr
txyohwygadfzryyl
yxoocqutsqgjmtng
edofubjikvxudout
jbestvkuztjnppds
qmtmnonzssahhlct
hgxgoquqamfsjnae
mfpaibhfrypnliii
wuxycshrlbeawzur
xmfjtodcdwwfdpiv
hlbszvljmakxxofg
yqakhmchkdythzzy
yvlldugiskbbnudc
mvlodolbpfxyumoi
atoyxsxnygdtjmwf
jjsuhdzowqbqrczg
wqewskhiqlynqsnc
hnudrxaegdflyjbd
lpberojnkhfvgmlf
wgyfylmdhirwtcll
lftkomiviijftkgt
rakrosigckjskiru
sxeihccqgjjuwbri
sbmjvkvpbealxbfd
jqcaqteolwipeneq
zmqkabsdmoqrhyuc
fgxxjkrdhwftgnjs
dzovgwzdlowmjyxv
fvoztuhemsricgpc
htbrtsotqcdayixc
msiuhatoyxzwaaqj
umhizhgwggiddoal
qaffgijmsshklvai
medpbgepaobskqiy
gttkicnsmlkgzbtg
rtbbkdaebudgeanj
abgsramaojbdrdab
bgovbklnvyjppkje
htsfkewanxqopoec
nassdaqquujihkqo
ttxkojrstympdbdg
vscieeeblqqfrjms
hnwlekqzcqpqhjnu
ivmuxlsvjyyadsag
nsqjuzestyxseukb
bxvtuuerxdrwfhxv
dhlcbsrwwvckutjv
agthxrzwlfcscgur
ymuvxtpxpbfvtdgq
cyjpydehldzoobnq
jgtzeoyzjybtkhmj
ukduylyvoyxkbbha
peqqbwdxixxhxxfs
jddnivqirxxhyrsi
kijvxnsjgmaspgqs
hqcycxsthnqfkwao
bzmbiyxolralhfal
znfcljxrwybadyun
igprupnmqrnqsxym
ezrckpkuhtivrluj
svnbdeyksidhpqnf
bnpxttocagkkfptu
pbdhrrxhzfffztdt
ymcacildnqyyoyoi
aneikowgllzytsqh
tikpkdpnvylxrimz
ytrzqddthgjurbsi
cmepzijirttyhaeq
pemqjmelgxwsuung
qaaxkpfdceezpqca
zigqqdwxcfuxevkd
cjtkktzfrlnqccps
ihqjfpmydndxyqeq
jswsivajeuaubcbj
fvmeoziqowmzziga
bmezjohmeclobbem
hbuiawadmxfdsluf
bwnhssmjylrufxgr
iypqkxgcfsdpakhp
swsnzdsrkbsfymqq
iqnvzjieyslwnkpn
jepxmovlfzogeofl
kozkccbnfboquhbb
bgmpexcvetneyjik
extughihcosdmqkr
lcnxckjqaggaenvu
kffkjaqihvbneiqx
vtrgieeccxjvwveo
mzcratilcqzrtvca
zuiexazvljroibmb
aoezjbiuzgzlrmtx
hhkpfixooqvupwii
nkeeyknfflkzwrir
ptbipcxrsrfxfpej
noafeuxirrpprmje
dbcqxsdpxugxhthw
dxsnwktnkoivrxsx
zzcktijpgitjhrbq
csysutggcvuyghdl
yehudodskkoyfohj
usyibpyikfsefkwt
gegtaubkucisrcrs
zvsqgxkdlbdlnnwy
flocmrrffocofxmn
fmyvmxqqroywehya
teqalfovpldfnndy
yjgdawoebvilzbml
rkvkixkuamkrempi
qhpsbpnpmllbecow
gmqzztspmijamwbp
pbsgqfynquxwzfnk
nymsjfadpxivmmve
rpzpfjfqyqswcysv
qulcazhuhobhwqrg
oowlsviufqqhfxfm
wpsmzymgsjzuqcaa
fbrpvruilajnlnuk
oqbrovdojzikyzsb
coanmqfefbtxcged
pcnwpqibmmbvaxus
npzrgxqfxxyxspta
bbmlhaxhutgppqjh
fcushpnypggcsrlv
aafqinkgerullisb
fztuyabmuoiuqsuo
ggfjfnlyjmcuynba
uvnqeozgkwjhybij
ydaevecplyrktbup
qprpuevepmtwoadb
varssdtjwncxhwix
egljwdigxwyfzzua
wtqtsehjywsinplf
qszgdoswmpsijvce
hzyydbcbcjzztkow
swioahzipiwtebqg
utvkjwvkklkkerdj
vmdztjpwxqfbzgfo
ponuwgupkmgcxknn
sgdkylhtbhepqeme
jtzlfzfdfvmbeyoh
bcjuymadgrajnusn
kczfuaxqlqmfifdl
ljyiclcgqzoqesxt