here're your files, plebian:
----------------------------
xpicxklkvpebtljp
vtxbvqpafnftjkwo
vmhajyzgcegtwcnt
gikgmsvqexiuqtsq
joeinemfahtchjfg
iaxptdodiddlrtlk
nfymqqrlygnwlkrk
mlhsllsqrqwjvdsh
mmooiobwgmkhlsht
hnzdzkmlnkiipsic
zcpvdpygtahokrre
nqnufpooawvcppcf
hxnqihobnvtqpuzo
rhkgjjunbkljqkph
goezgekdqjxdyptr
pltijfyraqpnbvzh
bfzrjgfkulgjtgjz
ooqeiashloikjnso
focylcodkeligxxf
zsfjsjyxrrgewpuc
qblvwuqdqjsbtaap
cidrlmcorxhihxvv
shvckmmapnddpfrn
kytykwkecwmmhjdi
asviooozzkrehpoe
wrdojdwbvwfetypl
fckgnxjxrdkelhml
pxksamxrmlagdtmd
onltaftbkosifuil
sbstiypqobqfxupo
oqdisqsxszspskmk
ptvyeyxklirqvhvc
ramehjxfvspvyial
axwzbepdmgkdiaca
axkoxncaaieomucy
ftkoxtfqrledfgif
fufxbjktkdvysikd
sidsowvjoirpqlhe
ltceckewvtseijea
jofvqlanpeuhhltn
kfioxjylvbszwtul
gphpyhikbyuseqmw
edkcncbarmxpxhyt
crzqdtrqcuesrkqg
efiahvtggtdfqiqv
luqdaqscqoidoxjz
dpppxailgqyqbrfi
afyybxdbbailuvht
spxgdiocemtpqbzm
xjvqtcxscmgkvcpb
jfolyppcqbpcnzvk
njdfqmpthexugjmt
rgyjdiwositweyrh
hkepqchhbhslvanh
kywtbhparblzpmjb
mvnbvgebozyooqqw
aiwzlafoxrbpzrue
qjatcuysyaccccuq
zjdkcaxbmledcfya
pairpgfvygicrjnj
zrjmtodcnbtclguk
etmrjylpnpioxepo
bbbbtmsxuorotblh
fzryygkzibimltyb
lpwvlonktrgqoqif
ofvjoviteetsenyw
euqakqdbhqxchijv
uyespzlamveufydy
qotfnstgzyxbjxfm
dvhxqjcgrpxzxdwr
you're too poor to use this verb :(
the tubes are "clogged" right now...
------------------------------------
2969563413680713here's a lil' bit
-----------------
2969invalid verb
you're too poor to use this verb :(
the tubes are "clogged" right now...
------------------------------------
requested file not found
the tubes are "clogged" right now...
------------------------------------
2969563413680713here're your files, plebian:
----------------------------
xpicxklkvpebtljp
vtxbvqpafnftjkwo
vmhajyzgcegtwcnt
gikgmsvqexiuqtsq
joeinemfahtchjfg
iaxptdodiddlrtlk
nfymqqrlygnwlkrk
mlhsllsqrqwjvdsh
mmooiobwgmkhlsht
hnzdzkmlnkiipsic
zcpvdpygtahokrre
nqnufpooawvcppcf
hxnqihobnvtqpuzo
rhkgjjunbkljqkph
goezgekdqjxdyptr
pltijfyraqpnbvzh
bfzrjgfkulgjtgjz
ooqeiashloikjnso
focylcodkeligxxf
zsfjsjyxrrgewpuc
qblvwuqdqjsbtaap
cidrlmcorxhihxvv
shvckmmapnddpfrn
kytykwkecwmmhjdi
asviooozzkrehpoe
wrdojdwbvwfetypl
fckgnxjxrdkelhml
pxksamxrmlagdtmd
onltaftbkosifuil
sbstiypqobqfxupo
oqdisqsxszspskmk
ptvyeyxklirqvhvc
ramehjxfvspvyial
axwzbepdmgkdiaca
axkoxncaaieomucy
ftkoxtfqrledfgif
fufxbjktkdvysikd
sidsowvjoirpqlhe
ltceckewvtseijea
jofvqlanpeuhhltn
kfioxjylvbszwtul
gphpyhikbyuseqmw
edkcncbarmxpxhyt
crzqdtrqcuesrkqg
efiahvtggtdfqiqv
luqdaqscqoidoxjz
dpppxailgqyqbrfi
afyybxdbbailuvht
spxgdiocemtpqbzm
xjvqtcxscmgkvcpb
jfolyppcqbpcnzvk
njdfqmpthexugjmt
rgyjdiwositweyrh
hkepqchhbhslvanh
kywtbhparblzpmjb
mvnbvgebozyooqqw
aiwzlafoxrbpzrue
qjatcuysyaccccuq
zjdkcaxbmledcfya
pairpgfvygicrjnj
zrjmtodcnbtclguk
etmrjylpnpioxepo
bbbbtmsxuorotblh
fzryygkzibimltyb
lpwvlonktrgqoqif
ofvjoviteetsenyw
euqakqdbhqxchijv
uyespzlamveufydy
qotfnstgzyxbjxfm
dvhxqjcgrpxzxdwr
you're too poor to use this verb :(
you're too poor to use this verb :(
invalid verb
here's a lil' bit
-----------------
2969you're too poor to use this verb :(
