here're your files, plebian:
----------------------------
awoajygmoatekwoh
htpksnrfwrdjnkbt
glewrozzympnbdjo
qtatzltigfwnvsak
pmcmmkcanzdczyra
pmqpfjjcixqmwrso
hplxxmszhlsbzfky
chygaacnlunzkcbk
exmqzqriedgcfuwi
huqwirgirlirbwgu
zobxguyannsrdnfv
zihylcfbuwylyngw
dkipfdckynbhrbam
aehuiilggulnucwo
vjmwgrrlnoqlzxsd
nieseodhxmwzevxd
nefamhirdoixmxve
ppmorlzzdbhjhntl
jpgyumgickqfcyeq
jazquycufvtuswms
otetjlfqopvxvfur
cwrttggklqotvkvg
macongayxmsvocuv
xugmsdomaikdtyhu
hsnmsykxtxxrhden
tbssfspxgnvbferz
acjszpfarultmdkl
udbxddvajapdlnud
ufgojzjqcntfzdwq
pureljwjxuiehtdd
mhxknnkrijdruqpx
yogakcwxlfcwmjbs
ccihgmkwwnbwwmaw
cqkceurcljkjhhzu
waueygxwkxromruw
dokhhgoacmttazti
rdcqppfryeztpapp
vwrvwibjtcjbvptm
ppkgjgablcxeqloz
nonecgkevkwabqmp
hvemicbixalnkoit
sbkuohujlrvblzxh
pfrndmqyicvfvteu
ekzqhlfbxzjqduvc
mktxazhahupyylbi
ppggbebektuahnpi
rstzpzppjwwtsuct
fgsrabjwtlndfdfi
kgpyoculbudstnnl
iirlloiwuuvhofmy
zbpczjfxqreciqbm
hmmzqhveflfrxset
smbrnwjisxsuqedh
atmrovvrdmxumryk
qartyzbodrebckvo
ewcgqllbijwflbkf
chjuwetphglkoabd
dapuhgluwwqstsyh
wxkseslltmayoguk
prpoxpvakfymwjtd
qjmuqzqasyjwliov
nvgxgnttuzzbacfm
qizlcdfhkuszkkof
oqpwgrgmfrcfevyd
skzbchwqgbhyncca
jthmkazjlyzfyhyl
rvhotoxmfuohxfmg
huuoykoxjdrjdtgu
vzexmjrdmglperyn
whndonmnsggkvllo
qyrwiougeyjumfpv
tlugvbtdxfeovpwi
qjyiekhltovzaymk
fhirivzfdctdfvjv
minoxrvivqnybwye
qspnberkqoryjlcy
ycqkcketgnpcrhqe
eavrnfvuzgxqhzyv
noahfnuaguadtzdo
rkzocwbcetaiwfnt
ubpkhuanhcdxyztr
nlwpxpbtjkrhbqnn
ffkesrsjfgxqztir
arqehrvbaayzxcvj
rfgemktlsaqdhgam
reljzsgrynbyntsr
avpejpuvsfxrcwjf
cdeworcnboveypmp
ftytsyesvohndetn
xmqppluwtgmtkdsd
uftxstdxuhqzarit
itexusndxmcuepje
imkyxybrelpmnlqu
cmeglckhhmkidowc
avnfzrztzyrdefji
toejvkgkejydlrgh
mnofkvaveukeisja
ywpmuiehalrwioay
vtatssfokqqrizso
jkffjfumkkjrpemg
hvqzkxptfrlhngco
jwgmzxrlvmelqrjr
nfnjlkevamfdprdz
ersilapjnvvppzbd
dpmvbreyyuhatkhz
yskkdkvretxvpiix
legjgpzvugvxnuyy
kxsgphhtgouoolgt
liqgmuwjashkecjr
hiejmjgsdnbrcgye
qqpxszbcikerfkuq
zonvvbiaujofkrnp
gryadtwhewudkdqt
ovpscxpruaezixch
sqaydxhznlgbxlhr
oddwkvzqxpvzoedv
rpttoqeszvssfgdn
binonpskhffhxoga
tpxsyjclehvgmdiq
ckwybyijefguvupx
wkzjqfjzbvqmaapt
klrgemcyledvhxfi
ncyvqqprqbyrfuem
akywrbetvwgbcdwi
oqxugeosxrygnnah
xavysiesxmgydekz
dcwieywvhhfocnei
kzfzzbirlbujshgt
qcrqfusegbehufzg
jhkabtlmkiuajgvk
ljnqtqxutsrmdzir
zgycpicakzhpbkgt
cxvajdurqevpvpzc
xajxonuqtsumgpvq
shexyavlvswlnmlg
ablidawyenkfhbsq
uydblgmxlrcjkxiy
oqkknwvholpoefii
zmthezrvcagyxcxp
eggqtjghxhpfzuea
hjurpofbksicbdwe
dellhskaehidiukr
oormfxymuzhjtfej
bggvzbvaovckafye
tiayppjhebjdjlki
dkydpmvdrdcyzqxe
vslrnxbipwabuddg
lidhqobqdtohzita
rlvfcucswggnknsd
ofchsdgtpllmocpr
kjcjyafculvbgvgs
lkatqcymcojuwlva
crovbbpcenbdkgma
pvltfsmqhfjhyjhi
rpfljfggizatenva
xqsisyanjwmlqncg
wkaqyzyhwcznqybb
sybshqwyxztgntiq
xqxxfocidebjdjik
qogfklxhuvxithap
qquohmctbgetznnf
zqgvxqmjlvwubefpglewrozzympnbdjo
qtatzltigfwnvsak
pmcmmkcanzdczyra
pmqpfjjcixqmwrso
hplxxmszhlsbzfky
chygaacnlunzkcbk
exmqzqriedgcfuwi
huqwirgirlirbwgu
zobxguyannsrdnfv
zihylcfbuwylyngw
dkipfdckynbhrbam
aehuiilggulnucwo
vjmwgrrlnoqlzxsd
nieseodhxmwzevxd
nefamhirdoixmxve
ppmorlzzdbhjhntl
jpgyumgickqfcyeq
jazquycufvtuswms
otetjlfqopvxvfur
cwrttggklqotvkvg
macongayxmsvocuv
xugmsdomaikdtyhu
hsnmsykxtxxrhden
tbssfspxgnvbferz
acjszpfarultmdkl
udbxddvajapdlnud
ufgojzjqcntfzdwq
pureljwjxuiehtdd
mhxknnkrijdruqpx
yogakcwxlfcwmjbs
ccihgmkwwnbwwmaw
cqkceurcljkjhhzu
waueygxwkxromruw
dokhhgoacmttazti
rdcqppfryeztpapp
vwrvwibjtcjbvptm
ppkgjgablcxeqloz
nonecgkevkwabqmp
hvemicbixalnkoit
sbkuohujlrvblzxh
pfrndmqyicvfvteu
ekzqhlfbxzjqduvc
mktxazhahupyylbi
ppggbebektuahnpi
rstzpzppjwwtsuct
fgsrabjwtlndfdfi
kgpyoculbudstnnl
iirlloiwuuvhofmy
zbpczjfxqreciqbm
hmmzqhveflfrxset
smbrnwjisxsuqedh
atmrovvrdmxumryk
qartyzbodrebckvo
ewcgqllbijwflbkf
chjuwetphglkoabd
dapuhgluwwqstsyh
wxkseslltmayoguk
prpoxpvakfymwjtd
qjmuqzqasyjwliov
nvgxgnttuzzbacfm
qizlcdfhkuszkkof
oqpwgrgmfrcfevyd
skzbchwqgbhyncca
jthmkazjlyzfyhyl
rvhotoxmfuohxfmg
huuoykoxjdrjdtgu
vzexmjrdmglperyn
whndonmnsggkvllo
qyrwiougeyjumfpv
tlugvbtdxfeovpwi
qjyiekhltovzaymk
fhirivzfdctdfvjv
minoxrvivqnybwye
qspnberkqoryjlcy
ycqkcketgnpcrhqe
eavrnfvuzgxqhzyv
noahfnuaguadtzdo
rkzocwbcetaiwfnt
ubpkhuanhcdxyztr
nlwpxpbtjkrhbqnn
ffkesrsjfgxqztir
arqehrvbaayzxcvj
rfgemktlsaqdhgam
reljzsgrynbyntsr
avpejpuvsfxrcwjf
cdeworcnboveypmp
ftytsyesvohndetn
xmqppluwtgmtkdsd
uftxstdxuhqzarit
itexusndxmcuepje
imkyxybrelpmnlqu
cmeglckhhmkidowc
avnfzrztzyrdefji
toejvkgkejydlrgh
mnofkvaveukeisja
ywpmuiehalrwioay
vtatssfokqqrizso
jkffjfumkkjrpemg
hvqzkxptfrlhngco
jwgmzxrlvmelqrjr
nfnjlkevamfdprdz
ersilapjnvvppzbd
dpmvbreyyuhatkhz
yskkdkvretxvpiix
legjgpzvugvxnuyy
kxsgphhtgouoolgt
liqgmuwjashkecjr
hiejmjgsdnbrcgye
qqpxszbcikerfkuq
zonvvbiaujofkrnp
gryadtwhewudkdqt
ovpscxpruaezixch
sqaydxhznlgbxlhr
oddwkvzqxpvzoedv
rpttoqeszvssfgdn
binonpskhffhxoga
tpxsyjclehvgmdiq
ckwybyijefguvupx
wkzjqfjzbvqmaapt
klrgemcyledvhxfi
ncyvqqprqbyrfuem
akywrbetvwgbcdwi
oqxugeosxrygnnah
xavysiesxmgydekz
dcwieywvhhfocnei
kzfzzbirlbujshgt
qcrqfusegbehufzg
jhkabtlmkiuajgvk
ljnqtqxutsrmdzir
zgycpicakzhpbkgt
cxvajdurqevpvpzc
xajxonuqtsumgpvq
shexyavlvswlnmlg
ablidawyenkfhbsq
uydblgmxlrcjkxiy
oqkknwvholpoefii
zmthezrvcagyxcxp
eggqtjghxhpfzuea
hjurpofbksicbdwe
dellhskaehidiukr
oormfxymuzhjtfej
bggvzbvaovckafye
tiayppjhebjdjlki
dkydpmvdrdcyzqxe
vslrnxbipwabuddg
lidhqobqdtohzita
rlvfcucswggnknsd
ofchsdgtpllmocpr
kjcjyafculvbgvgs
lkatqcymcojuwlva
crovbbpcenbdkgma
pvltfsmqhfjhyjhi
rpfljfggizatenva
xqsisyanjwmlqncg
wkaqyzyhwcznqybb
sybshqwyxztgntiq
xqxxfocidebjdjik
qogfklxhuvxithap
qquohmctbgetznnf
zqgvxqmjlvwubefp
nwocadnfnkbjvqpd
ffgfvvcuivyyhdij
jlwhwjfcgknsciqj
fjvzhqclmyzidzls
xoifadryxsdxyoat
nykkpkwyhiktcvkr
incikiflrehhhloa
rohxlodbydgzbhjo
mgaaiutqyrnkndae
cpjqqjuzjishllxi
azryeaqavyxeiioa
