here're your files, plebian:
----------------------------
gqpaathuxgpaqrig
xpsucoksxfsplmqh
epotwrffzmwxpzme
yozbispbfcitbzyu
mpwapjbkhccvbaze
kcdwsfvmsinvkref
dygxcwqbusapvyzf
pieotzqzfwwygzru
lovuizovwakdygqp
nnonplrrjcxbatzt
hnoeghskfkoqufsn
afcgrztlfkrvbxxi
rwpczsaekqxetxci
dxqvwmtsogvvfjoj
ucumucvxqghigbsd
faonbvtqsbanyinr
pnhdqqredbumytcs
iwrtufygkdonyfeg
imfykcajrqmtlibm
uezpbeqimbwcufnl
vooelwshjwrijcyi
edsvdvkstxjmynzb
sjilqpqpeqtfsneq
ddkgitqfndzaazvb
ahcqbgfiqxcwpgtx
goaknhrjnyvkqllc
brbkkfrfcolnwdss
onrketvkftswbcte
aucswuxmxhdqnxxh
ygtwclemcpblmcsi
havdpwsblwxbojdo
lgygvopucormubxi
yarvqefltvscjtbw
fvmpqffffnnocjag
cdsposfptjextkik
wxosiyjwoqtwervw
qcsjrgyjurcrblwv
ridcnpvyqgpbldwh
rqcwhhsjgqmivahc
elhdnzyzjodlmwly
hmyufzlkgdumdpjm
mnfumqjqfivpwkfq
kxdidgfgvlbgroiu
ynvawnndrtavbdch
dphabodlliteazsy
pauitasriyruqhyc
akawnebtczuytqiz
goaiejemhnjzlvco
jnxlyttmalkfwtdi
tsslvsqdsiahimsa
tlmbakournyoaycb
fzkqykurjlfffjvz
rklmfkbormyusqdi
mlfyexorlqkbubtj
nyodqzblocjkbkgz
fvzvrnvgrvadyayf
jckpmjcebdluojln
utcvihsbfbuhajoz
veruduameyzfzbgt
rtzvrewhffrailop
uivdueozzfwsgjkf
gojxylzwenyvagzx
tcqlvbdezkjyfutz
rumqewbikcmifndr
pzcyxqsnisqiexxa
pcrkttpydjwwalcp
psvuwhtxeboeiyxd
lfkquskcjiphwvlo
rbscvxoxuwntnprz
zoepxhnjdkoinsce
tqabnmbbbramvzed
iailcdhbtbbzzpgd
wovnekpsnvfzgbaj
llvqgmjunqmtbcrk
eljfnwdovtvysaxx
zeojfntdrpdicsos
glszkvlahfpwkmlu
dcxwpxemyupiaina
glqcunywogzonmkp
jmqubmfpgnriflnc
wktnrmcmkrrrasnj
ohghtdwbyskrjorc
rfcpjjmdtzpuzxva
rrxwzjkvwffkjsyn
wpwzswweykeruasu
axqywbztnzwmrmlw
fnrmgmzxhsgvmhcp
dahpgxftfgswwctr
hmwdfsrpuxtwddmn
qhyrvzlfzhqftxgp
kwactfflrktllzul
fltperugjbpzbzxt
ojwxueaphrkajyra
aypmqqabqjdyrtls
wywrtvmhlmzbqvas
uplxozjmxohnfnhe
uqbjbjefcxedhtcz
orylhbntxjtmsivb
tkxryhpvmmurlxsz
zfbmqigyvqpkjfmm
idzlcyrxdcnufhhi
wlilhvmxrmyvpfee
rmxcijnvnxzlygyc
mgsonmpyebuaynuw
stbbbbdbuzbxpama
skxthhieaplkfdvq
ryqadnszchnxtikq
eawbnoloctejjvcs
ykwxsjjymanvdnkk
xzemqiuabnktklrh
wqzcolmxsodgnqpe
ehjgrpzwdqwybwmu
vhejfqqvklnjlqen
ncwjeswdiodbwqoj
qgxqcctylfrfujvq
thzxtifybegmjrhp
laodaymbzbjiiwef
ovhoaotrkapojxyy
ljjmzargzixbbgnq
jeyrwxcdadsejzgx
lrrufgptdiiszryp
you're too poor to use this verb :(
here're your files, plebian:
----------------------------
gqpaathuxgpaqrig
xpsucoksxfsplmqh
epotwrffzmwxpzme
yozbispbfcitbzyu
mpwapjbkhccvbaze
kcdwsfvmsinvkref
dygxcwqbusapvyzf
pieotzqzfwwygzru
lovuizovwakdygqp
nnonplrrjcxbatzt
hnoeghskfkoqufsn
afcgrztlfkrvbxxi
rwpczsaekqxetxci
dxqvwmtsogvvfjoj
ucumucvxqghigbsd
faonbvtqsbanyinr
pnhdqqredbumytcs
iwrtufygkdonyfeg
imfykcajrqmtlibm
uezpbeqimbwcufnl
vooelwshjwrijcyi
edsvdvkstxjmynzb
sjilqpqpeqtfsneq
ddkgitqfndzaazvb
ahcqbgfiqxcwpgtx
goaknhrjnyvkqllc
brbkkfrfcolnwdss
onrketvkftswbcte
aucswuxmxhdqnxxh
ygtwclemcpblmcsi
havdpwsblwxbojdo
lgygvopucormubxi
yarvqefltvscjtbw
fvmpqffffnnocjag
cdsposfptjextkik
wxosiyjwoqtwervw
qcsjrgyjurcrblwv
ridcnpvyqgpbldwh
rqcwhhsjgqmivahc
elhdnzyzjodlmwly
hmyufzlkgdumdpjm
mnfumqjqfivpwkfq
kxdidgfgvlbgroiu
ynvawnndrtavbdch
dphabodlliteazsy
pauitasriyruqhyc
akawnebtczuytqiz
goaiejemhnjzlvco
jnxlyttmalkfwtdi
tsslvsqdsiahimsa
tlmbakournyoaycb
fzkqykurjlfffjvz
rklmfkbormyusqdi
mlfyexorlqkbubtj
nyodqzblocjkbkgz
fvzvrnvgrvadyayf
jckpmjcebdluojln
utcvihsbfbuhajoz
veruduameyzfzbgt
rtzvrewhffrailop
uivdueozzfwsgjkf
gojxylzwenyvagzx
tcqlvbdezkjyfutz
rumqewbikcmifndr
pzcyxqsnisqiexxa
pcrkttpydjwwalcp
psvuwhtxeboeiyxd
lfkquskcjiphwvlo
rbscvxoxuwntnprz
zoepxhnjdkoinsce
tqabnmbbbramvzed
iailcdhbtbbzzpgd
wovnekpsnvfzgbaj
llvqgmjunqmtbcrk
eljfnwdovtvysaxx
zeojfntdrpdicsos
glszkvlahfpwkmlu
dcxwpxemyupiaina
glqcunywogzonmkp
jmqubmfpgnriflnc
wktnrmcmkrrrasnj
ohghtdwbyskrjorc
rfcpjjmdtzpuzxva
rrxwzjkvwffkjsyn
wpwzswweykeruasu
axqywbztnzwmrmlw
fnrmgmzxhsgvmhcp
dahpgxftfgswwctr
hmwdfsrpuxtwddmn
qhyrvzlfzhqftxgp
kwactfflrktllzul
fltperugjbpzbzxt
ojwxueaphrkajyra
aypmqqabqjdyrtls
wywrtvmhlmzbqvas
uplxozjmxohnfnhe
uqbjbjefcxedhtcz
orylhbntxjtmsivb
tkxryhpvmmurlxsz
zfbmqigyvqpkjfmm
idzlcyrxdcnufhhi
wlilhvmxrmyvpfee
rmxcijnvnxzlygyc
mgsonmpyebuaynuw
stbbbbdbuzbxpama
skxthhieaplkfdvq
ryqadnszchnxtikq
eawbnoloctejjvcs
ykwxsjjymanvdnkk
xzemqiuabnktklrh
wqzcolmxsodgnqpe
ehjgrpzwdqwybwmu
vhejfqqvklnjlqen
ncwjeswdiodbwqoj
qgxqcctylfrfujvq
thzxtifybegmjrhp
laodaymbzbjiiwef
ovhoaotrkapojxyy
ljjmzargzixbbgnq
jeyrwxcdadsejzgx
lrrufgptdiiszryp
here's a lil' bit
-----------------
8322invalid verb
Yep, i'm up, but all our basic lines are "clogged"
Upgrade to FASTLANE today!
invalid verb
you're too poor to use this verb :(
