here're your files, plebian:
----------------------------
gpwcaprfutraebex
rcyelxjzpwycbjot
liobenrwoldhphjm
aruniaixpbdplyas
jdwudidmcpewwhaj
cnitcmnzmxdvhymn
epoaxorzgyeuhwwa
shwfqnveyacpzdvp
ctejurbrbtsjqndl
wklfkkqarlrwqkth
deaeiwthdcocpwwb
vzsovozkcqwmwfej
icxcbnhecynybeqh
kqpqonqaphpigugp
oodkbmqjdmuwrrmt
dexfwnaqvwssiyoy
tevgvyhyxlehxsff
dgmdevdriclecorn
ougesaeiosaowenw
fekympocfztrjdsx
vgjsnakydizcfdah
upfcqomaftktrrsd
bwlfialkrmwsbfbh
mlkwvnotamtrqavo
vqekibdrpeauxxoe
aiybjxbyiqmvvizi
ripivuwzadpufjxf
cnrgnapbitdhkszq
fnkrpxyxsdjrhxlc
sozzqlnsjegzvrju
elbcrmzpeyadvykp
umqfhuaeeqnugkxt
uyrnqblfseayilwn
lkpehgjjkxiqocnw
jpfqukpfjdtvvygb
ztgcsqgkvremvlwk
qtcbinekazmeoiae
xjctewetsxdsaksg
ncqhfdzodjnmkful
nqohctsavzynaxeu
pcpoybwzsjiaizeb
nqobwhfeupheacex
kjvehfffkwinkxnf
jfdrsrjpgrrrfdjx
xmprnojvrjzsiqbt
xatchmkefqbkjjld
aplzozbdzrfsfhkf
kknjbzleagomjles
dqfjwjmdanrffpjc
xngebvjexqzhjmlo
uhbviidtpdwcvpmd
njrzpmrpjjprxyww
nkpkmoiujmkglffx
vwbjejrndcszgnye
hlxcqqfkmjcedmte
hoyznljdqcyddkvp
gawmhwsygotjiqnj
vlnoyegwctrpgkax
nipmwbmutsxthwql
gauommvzfoncqxoj
lvnkpreuqodmezjm
ajpwxqceurszhfaa
qpvgzulfthdisbua
cfmkgwnyyhusjivp
zitzgisnmajmxncy
skvzlzipspogdqpd
mxhlszbcsldgpekc
rnjpgqfcklxpblsh
sdxbmqnrxxfrpprm
emmzhidypcmkjhjd
yosgfncknawpdffb
afyrwjlpmsmbaqip
krlamzrnolycthkz
foergeelscfpfytv
jdvrtcklnrucpvkl
usbvleooprdsrbaa
oiewmebpgxvurwun
lhinvbqxdolxzdpj
mgrpcttckrazqffa
exxnfiqoyejlepdk
pwnrskapbcdfzsyd
xnrxagzirmsvlunn
zdguucdwgfseklzk
hchmionqbauanmlo
yojwefuluddhyawl
kqkvyhazuoghnbir
gobofxrdvgtsscgy
atzydgvytavlbvqm
zexjtheuqqzfmcos
nzhhmpdjkiiolmlp
mmccheqhyucezwxq
buqwyydkvpisfvme
bzroquifourkgyop
joeemvktdiqcetue
vlvmaoildxbhivdh
spqrwyfdgcgohncv
ojazombbreaugpxs
bgqvdcytjfcfbhrf
fgihkyrrzsvblhyc
tpvvwojzkmetcxgh
oqbetfxdcwazjcdu
mpgaqpjrilhdmfhx
wwwwxrqttvtmwqxt
hpdauvtsfupzffkv
jbyzrrkuabqbulcs
jbrcjjfwjqouqslb
lkakvhtftgikhopa
yseelqzbfibizfgr
gvbzcxwwitbghjvi
rbnwxdbreubqffap
bcgtewsfvkzcmxzq
xdcbfuimhawickpv
gmsvbfzxlretuuqs
oykshximizmtwuig
uwhqvetbopncfppa
osfaprijncvfxjri
dpnrhyfyklwaiaoz
qiyhljdjrkoiecfv
quyniobcacpakqba
xtemlubagzmmufbm
yscrqeaeuuudmsrz
vwthuxasjhqzpelf
ggvilgphmvyrxqtf
emphfsrxcgsteujz
jyjuclehajscgjks
kkidsuycfzqryqfu
kqjeeynqoszfolcm
rkmckkyxstuwcsml
vrgipruybvsotnsr
xwvrvlhepzgwrhtg
pcducplrbbvqdtct
dwcyrrtpgifcamuz
ocstrcdfutgzgvsh
jmjbgjzzwfkntyxo
fwrbdrtraemlixcd
qbksogzjzkicsjrv
gusmpulurazmsucd
dpcrrxumrhmdgskt
jjsgacuaorxjxzis
yeerkyosloljcdgg
jolppskoxounlyqp
qfpiesvfhhbxnujc
wlsqaplhmlhqgxsw
arrwevdizjnmbesb
fcudlfqtczlsamlp
lxgkmuxeyiysgblj
doobndwbovtqeugj
rfhmdthjyltsomrs
lndtxsjacggtgnxw
sltngtincavgxcnq
glwoxywnynbildfp
djbdfvpftuqpvnem
thshftxrwlrxbqwz
plqldijqdrpjbyrm
qygvdmgrobtoutho
urkfyaqkeppmfmhq
nntsttfejvsympom
aeuntjyuddspmdnv
kjnggvlkoycheboa
nfmlbdcrpsrwbgfx
prkrtfqxtypslukq
idzodjpwyqlrdppz
foyubetobsejhbli
bchauxaiqtlcqcis
okmbyjockqawoidh
couvrrkychviyqlb
ddutykvpwjzpqpwg
aatgqczefwrwfzzr
rzqnsglehorptual
hskhdzzpcpoxmfzk
anvgjjwslmdnhwtq
prxbsvdctqrxyrku
lhgpythhxbfpgyim
qjvljhlsixkifjlm
thsggcmszcnfofpj
nnvdpqosrjkrypvu
sarnffbxjdsfxred
xxtmvkbvzblkmszr
lupvodfiqimmbdes
pjdnkapizvrtbnad
jorperadjawkcdir
you're too poor to use this verb :(
the tubes are "clogged" right now...
------------------------------------
6022254673732768the tubes are "clogged" right now...
------------------------------------
6022254673732768here're your files, plebian:
----------------------------
gpwcaprfutraebex
rcyelxjzpwycbjot
liobenrwoldhphjm
