here're your files, plebian:
----------------------------
tohwdgonrgotvktk
zrlngnptrbpnwjki
rrfvsuvhmodcpdex
jenzjdhinkahbhnn
cffsweasiymdabdv
dkmipqoggwdoexmd
pknwusgvfwdjyqdf
kesyyukzdyyegyxu
gdowazwpksdddais
gljgfinwuihfksdi
prsjipqxrqbbxbfj
xfbdhcbwqxkthccd
sciyanfhajybdmpl
dqincleheqicphih
auwjdrkpvcbkhboz
wiviiqtsqrebjiqc
tgqljlmbqezxwvwp
ewxdwfmqhkquefku
kordndiojgfakrsd
thvkucqokvfrwqpn
zugxjlbzvosyvkbt
fteuledtqasltcjf
mjidcbnyabcmupwm
sraumxhfcfkzeeaa
tkcfreprrsirelut
zwqeiabfmguqowcd
bsncispqtlopgucm
aphepfoqsxjefgvk
bjbyxjfmukvxbsqc
xdzfzxicomvnqxax
dtggrghvvonerfpy
wjoorbcrdehhpcpd
ryjkvlgqdwmnmcpg
vhgbvcorvqbfwsji
uijpdsnwsncwyypv
zylacznyandlgpyn
glflcpzfrlqpvjln
daicmcfzjqfpcwnd
yglmosvpkpxjjbox
vtdtwfnnculgntxn
mezfzfqlachpqqli
gzvdfnjdduztteyh
pwbjrbpuiqcbepto
anpmdieeqdcmkbpn
loamfntmcjkgvuzd
omlnusxqmnlstxbe
eihlxxolgzsmyuqx
bbkhjmufjpaeardx
tnoonnkklywfmykd
uyljyycforsbqfpp
bnrufgbhpumlcxst
xqjnwchsvguijban
rwivsohfdxbyotby
fuydsdtjfgnblodu
lxzbgszztomifqvc
qudullfpczdgolsn
nimsovktudtykfgi
prkjgoozmglklcpf
zatfwzvkftweucbw
yjztmreiqddbutfd
kdvjxigaglhwkuty
yoqcnamndzyczciy
aqmhtpndbvzwsdau
bpkahtrhyjsufage
euftjmznocpvjuqw
wlpdbhmugvxbvdki
xzpegkcvtohrvzfv
tmodakvxgsigfcak
osctzpgchgmhuipx
lbmqytbfmjoihpwo
jsjyujjntsketeow
cmomfpivmtapiayk
subgakockkvkqllf
huzfugghmkqppfih
npvwlmxiidaslfzm
borfnlkitjhxwvtc
jpumjkttnncxarpk
cfzzzgkhhptkgshm
iqlzpruyhbetupgd
qnfwrxinyraxdgag
aixtoxuvvazhbgaj
fvmcnjdfzhbakopm
rxaraxldbapuqfee
dhvgybelyxvvsqhy
jinmlklswtluhqjr
you're too poor to use this verb :(
here's a lil' bit
-----------------
1070the tubes are "clogged" right now...
------------------------------------
1070654881767609you're too poor to use this verb :(
here's a lil' bit
-----------------
1070here're your files, plebian:
----------------------------
tohwdgonrgotvktk
zrlngnptrbpnwjki
rrfvsuvhmodcpdex
jenzjdhinkahbhnn
cffsweasiymdabdv
dkmipqoggwdoexmd
pknwusgvfwdjyqdf
kesyyukzdyyegyxu
gdowazwpksdddais
gljgfinwuihfksdi
prsjipqxrqbbxbfj
xfbdhcbwqxkthccd
sciyanfhajybdmpl
dqincleheqicphih
auwjdrkpvcbkhboz
wiviiqtsqrebjiqc
tgqljlmbqezxwvwp
ewxdwfmqhkquefku
kordndiojgfakrsd
thvkucqokvfrwqpn
zugxjlbzvosyvkbt
fteuledtqasltcjf
mjidcbnyabcmupwm
sraumxhfcfkzeeaa
tkcfreprrsirelut
zwqeiabfmguqowcd
bsncispqtlopgucm
aphepfoqsxjefgvk
bjbyxjfmukvxbsqc
xdzfzxicomvnqxax
dtggrghvvonerfpy
wjoorbcrdehhpcpd
ryjkvlgqdwmnmcpg
vhgbvcorvqbfwsji
uijpdsnwsncwyypv
zylacznyandlgpyn
glflcpzfrlqpvjln
daicmcfzjqfpcwnd
yglmosvpkpxjjbox
vtdtwfnnculgntxn
mezfzfqlachpqqli
gzvdfnjdduztteyh
pwbjrbpuiqcbepto
anpmdieeqdcmkbpn
loamfntmcjkgvuzd
omlnusxqmnlstxbe
eihlxxolgzsmyuqx
bbkhjmufjpaeardx
tnoonnkklywfmykd
uyljyycforsbqfpp
bnrufgbhpumlcxst
xqjnwchsvguijban
rwivsohfdxbyotby
fuydsdtjfgnblodu
lxzbgszztomifqvc
qudullfpczdgolsn
nimsovktudtykfgi
prkjgoozmglklcpf
zatfwzvkftweucbw
yjztmreiqddbutfd
kdvjxigaglhwkuty
yoqcnamndzyczciy
aqmhtpndbvzwsdau
bpkahtrhyjsufage
euftjmznocpvjuqw
wlpdbhmugvxbvdki
xzpegkcvtohrvzfv
tmodakvxgsigfcak
osctzpgchgmhuipx
lbmqytbfmjoihpwo
jsjyujjntsketeow
cmomfpivmtapiayk
subgakockkvkqllf
huzfugghmkqppfih
npvwlmxiidaslfzm
borfnlkitjhxwvtc
jpumjkttnncxarpk
cfzzzgkhhptkgshm
iqlzpruyhbetupgd
qnfwrxinyraxdgag
aixtoxuvvazhbgaj
fvmcnjdfzhbakopm
rxaraxldbapuqfee
dhvgybelyxvvsqhy
jinmlklswtluhqjr
here's a lil' bit
-----------------
1070here's a lil' bit
-----------------
1070you're too poor to use this verb :(
invalid request
you're too poor to use this verb :(
