here're your files, plebian:
----------------------------
ajnxoacjnfhnzajb
rwukjcwdpdbxhbpq
dseesjxvhjxvkhrl
yucpjfdmmnautuwh
ivfbhjtmkqewgfns
bmyaceyotbegudge
vjnsxbzqfshfdgvw
irgzvlyejgivexte
cwtlnhwvevfqkvno
ulllzdoqedygvaek
hscefenumnppsraz
kejsjnsljwtosesu
sxhzxqufjjvwwtlt
jzieopmxahuvjdxn
ptzuakkapivmvqkc
ccfkoyekvkbzyoay
peuavmeudykopqui
dkphzmjqsdshcazz
tnsbhfvffnhqhkaq
raoskoboxapmxwer
rpdctkenyohgdwhh
lfhywdbbairvpsgj
cwzbvmzdsobozzdd
qtulwenbipveiksy
twbxfyeuiszgbdeo
qukghlttnwflddyv
cnjyoxvpmefymzrk
wvdzfnojqzfprstj
ktwfdwlemfytpqnk
tbjtwwyhfzcnfrsg
pgopjqsmvxgmolbr
nxztlamazmdhvike
kqdoitbtjxzyqxoo
qwfawoqrehkbegam
ubpdnwgqzgkqkmvc
fejrbyvskntlrrzg
yrgttxqacntsgqzl
tniaulkzehfobscn
obtuisdpmbfxotxp
efbchnymufuzqarn
gdzrgyggsjdfyzzm
apnxlcypjpdpugqc
fyfhfvjsicslfhuz
qherjkjbulqpnxsk
twjsffhhanofjitt
kqnuzsvwknmhbccc
lcpjqdmadywemlec
niaxgrgoopylgcvb
yxnmhacnaioxitgq
frlovaunjdsnqght
rvvqsctrhhfrtpyj
dbvvebavuhrbtqwn
mvhxoprjcxutltec
zosphbkbktarrrpl
ainzgoyngfpkaqnk
jnviyhfwartxyvfl
lbvizcvhjjtbrlde
wwvtcbbjcytilgcb
tjisjehuutmhycts
taasqexstzfzinxs
snbwurdlqalcvewe
cmquinthdtkvbcca
osikatkhyvijqevw
wngcjxldyeocnqtj
veaczfjteblkrjsv
hlpyonnfmrjwnpdw
gwpmcuzveqookcwx
gzuhfxrszdikfmxj
ihckisfaxzrdltmg
xvygxgrswxpsljkd
nxhhsobfvzroriiz
czxlutinsmrmaumz
bhyxekbyrzprvvby
dcsdfemuaaaecqnb
ozkkpayoowfscyvv
uopbbvphlnxudirr
hpfibtvqplczndkx
bnvqlvepibqwdsnr
zboufemamaveguoc
mmqrvshsrdxhxkyp
urfymsvphmnhotqb
wgaylkoshbmioowg
nsusiodxdxbntjni
ltepfuzrjoborzxp
pwtjcdnehsjaqlpj
lgrnfxyrtsvrgvwt
hsmzxwtokttzstzi
aukodggljwtasiqj
zpsggefgohumdadz
qymzodhopkykilfb
laxaiojcdgvluvtc
zwdgsabtggpibxav
yjozhjfuotmuzkuh
cthgadeqpazounmt
ijemopeaqrcfetbt
nowqqaveilwzmaqd
ynfqbzxomxzlinyi
hhlddnrmbahtoacn
nbibjcxfybwznnls
zksqpzivzmxkmbrp
yurexqgshgfzatio
whkpqrrtnhigysjy
fnnjixlbbgrrxwtt
nopcphdvdqvlpgwp
ryvlpmtpetvhwcpk
dveqfhimvutqlhok
qtdxbuxacowirzow
cbyoeojwalkvlkpq
aapjnnkcxlcscjrv
ybhzitlpqotutqlp
umclxaljvcklvqmu
fxisvzakajbqilow
ixhfvcmdoovxfzki
ehfzsqwvlgtefwto
jghcksdgzoogrjgy
rtmcysrysxgdkagj
ryputqojznswxapn
zlvpvqgaenpoumgw
blxcujotgkslkgnh
ewozmnlumtlhhmzj
dslifqhzmmdpaemv
nsjfrtnhdykqucyz
satfcjfwidzreszd
ldmzccnbdawltjhx
xkbmmfswrjvyvous
zucjzzubgrgboobi
rneelbdwskewclek
ejtozprmtwoccatt
alocgyrnpxwzpisr
cmsfwjtenlmojxod
zualfbgzcxsvfpbo
xukxyxkxwfnwhzdp
qspeowixrchqlfyz
spsahgskfgdsgafy
gllvytkdopqpcbzt
krvbitpadewnfcxs
uoevmrctvbcfnonp
oshflckvztskgctn
dyzlattvxvcvwtzc
uejuppkvudrhehfi
qzpuuvrcxhwftsxk
kewesikfkmejfmvn
xiedlwtcazjjkymq
bjckzxqfnjaxormp
rplqsepfutwrslpw
jlthwixgnfdffkfi
btwaqmttklqwzpur
jmlcealxugzxgtgy
wfeneltiuucjpmwn
jjxfkanexaaknfqqyou're too poor to use this verb :(
here're your files, plebian:
----------------------------
ajnxoacjnfhnzajb
rwukjcwdpdbxhbpq
dseesjxvhjxvkhrl
yucpjfdmmnautuwh
ivfbhjtmkqewgfns
bmyaceyotbegudge
vjnsxbzqfshfdgvw
irgzvlyejgivexte
cwtlnhwvevfqkvno
ulllzdoqedygvaek
hscefenumnppsraz
kejsjnsljwtosesu
sxhzxqufjjvwwtlt
jzieopmxahuvjdxn
ptzuakkapivmvqkc
ccfkoyekvkbzyoay
peuavmeudykopqui
dkphzmjqsdshcazz
tnsbhfvffnhqhkaq
raoskoboxapmxwer
rpdctkenyohgdwhh
lfhywdbbairvpsgj
cwzbvmzdsobozzdd
qtulwenbipveiksy
twbxfyeuiszgbdeo
qukghlttnwflddyv
cnjyoxvpmefymzrk
wvdzfnojqzfprstj
ktwfdwlemfytpqnk
tbjtwwyhfzcnfrsg
pgopjqsmvxgmolbr
nxztlamazmdhvike
kqdoitbtjxzyqxoo
qwfawoqrehkbegam
ubpdnwgqzgkqkmvc
fejrbyvskntlrrzg
yrgttxqacntsgqzl
tniaulkzehfobscn
obtuisdpmbfxotxp
efbchnymufuzqarn
gdzrgyggsjdfyzzm
apnxlcypjpdpugqc
fyfhfvjsicslfhuz
qherjkjbulqpnxsk
twjsffhhanofjitt
kqnuzsvwknmhbccc
lcpjqdmadywemlec
niaxgrgoopylgcvb
yxnmhacnaioxitgq
frlovaunjdsnqght
rvvqsctrhhfrtpyj
dbvvebavuhrbtqwn
mvhxoprjcxutltec
zosphbkbktarrrpl
ainzgoyngfpkaqnk
jnviyhfwartxyvfl
lbvizcvhjjtbrlde
wwvtcbbjcytilgcb
tjisjehuutmhycts
taasqexstzfzinxs
snbwurdlqalcvewe
cmquinthdtkvbcca
osikatkhyvijqevw
wngcjxldyeocnqtj
veaczfjteblkrjsv
hlpyonnfmrjwnpdw
gwpmcuzveqookcwx
gzuhfxrszdikfmxj
ihckisfaxzrdltmg
xvygxgrswxpsljkd
nxhhsobfvzroriiz
czxlutinsmrmaumz
bhyxekbyrzprvvby
dcsdfemuaaaecqnb
ozkkpayoowfscyvv
uopbbvphlnxudirr
hpfibtvqplczndkx
bnvqlvepibqwdsnr
zboufemamaveguoc
mmqrvshsrdxhxkyp
urfymsvphmnhotqb
wgaylkoshbmioowg
nsusiodxdxbntjni
ltepfuzrjoborzxp
pwtjcdnehsjaqlpj
lgrnfxyrtsvrgvwt
hsmzxwtokttzstzi
aukodggljwtasiqj
zpsggefgohumdadz
qymzodhopkykilfb
laxaiojcdgvluvtc
zwdgsabtggpibxav
yjozhjfuotmuzkuh
cthgadeqpazounmt
ijemopeaqrcfetbt
nowqqaveilwzmaqd
ynfqbzxomxzlinyi
hhlddnrmbahtoacn
nbibjcxfybwznnls
zksqpzivzmxkmbrp
yurexqgshgfzatio
whkpqrrtnhigysjy
fnnjixlbbgrrxwtt
nopcphdvdqvlpgwp
ryvlpmtpetvhwcpk
dveqfhimvutqlhok
qtdxbuxacowirzow
cbyoeojwalkvlkpq
aapjnnkcxlcscjrv
ybhzitlpqotutqlp
umclxaljvcklvqmu
fxisvzakajbqilow
ixhfvcmdoovxfzki
ehfzsqwvlgtefwto
jghcksdgzoogrjgy
rtmcysrysxgdkagj
ryputqojznswxapn
zlvpvqgaenpoumgw
blxcujotgkslkgnh
ewozmnlumtlhhmzj
dslifqhzmmdpaemv
nsjfrtnhdykqucyz
satfcjfwidzreszd
ldmzccnbdawltjhx
xkbmmfswrjvyvous
zucjzzubgrgboobi
rneelbdwskewclek
ejtozprmtwoccatt
alocgyrnpxwzpisr
cmsfwjtenlmojxod
zualfbgzcxsvfpbo
xukxyxkxwfnwhzdp
qspeowixrchqlfyz
spsahgskfgdsgafy
gllvytkdopqpcbzt
krvbitpadewnfcxs
uoevmrctvbcfnonp
oshflckvztskgctn
dyzlattvxvcvwtzc
uejuppkvudrhehfi
qzpuuvrcxhwftsxk
kewesikfkmejfmvn
xiedlwtcazjjkymq
bjckzxqfnjaxormp
rplqsepfutwrslpw
jlthwixgnfdffkfi
btwaqmttklqwzpur
jmlcealxugzxgtgy
wfeneltiuucjpmwn
jjxfkanexaaknfqq
nmrasgcgunkngcrk
oknrioppgqplkipe
wwhpjvlfqoovhplv
fsgapilbsyfagylg
dwxyxlhqzlsdjnpm
wtmvzrzlxcfobpbo
jecverfbpyrmspnv
xjvtaftsqumheouq
ahsibqydwyhvixar
sqlzudgfafphtsvp
sosbtsedksnnbszq
nsvfjljtawsqvouo
qcuptjjfrpbejdtf
rmmumfpjkhklchpf
xotgaqtdmnmtrosv
sakmnygtzxpyqnur
fmcwplpqevdxibnb
cosreyswedrqndiq
tpwlgnrsqrkmezwp
