here're your files, plebian:
----------------------------
fqkmpqmbduymeaux
ojozckpionnqnwpj
mtpicnddryxqljhm
izmgohgptjhlnkqd
nhrrquyfvkbvapnx
ulijcvkajprmncxh
dubjmttrzlnqmxve
jajdunhobqxjeuue
xirwdaebjaqgnvoj
nmvoxkuxjfzcmlgg
hwxylivwesuviosg
buzmwekucuegshig
cjvulwzopczfoajg
povbhwhwyjwlmbqd
utvsgzyrtpsvfubf
rfmmqrwfsgvcoxkg
wnhmyozfnglizowc
pziwtivdtbipziin
rfbkkgfyaymoqmdx
maiuvtfexmhnogmo
joynzdfbtkoiamli
mikcpognunmapxgo
phagyiqnafmlcjrx
eslyhvkpnaxvowli
ffwgnxyrrvaqsuty
pnfmjbbmleurvwfm
hnoaftppebkukpxc
vrwwwfoqmssekwku
dpdrruwaqraztqug
bndqmyathagxqnec
evaqlelrhlpfctqo
dguedpjvqebsbmjs
pfcxpmgyvrycpgra
dxojyjvhmhihcnqo
qqdijglzakvrzmwy
voynzcsawigpsisk
afyijfzspxnlzbci
ubtyiezrcuifzjsu
mbufclrxxsxnfpat
sgadevhgoyvquchj
iwrohrcdvnqzqryy
issvfxwtymqufnkx
prpuetosceowdbmc
ijoaahglhbvfnhfy
cmfdoevogmjwufcm
zglojlyechaxrtxn
nczadgchfxqrlpwt
eajlsiqmxradxuhv
yyosjxfkghqdlyuy
rygtmwamvfpyglfc
vyrsqpykskhluvnb
frvmkqporceggrrs
pesifdaiwjfmrvwx
zhyvmscisguxqjal
pyympsumqqclndeq
jyojclpvfqzssmet
khondekvgotaoydv
lbrsteqzramvafqu
blkuwjxaoxltvmun
rebtdfwsrgvasqho
qysdivfjizqezjvy
ximcpkvdkzvibulh
umeewxkhtehmlrfu
qhzvfhlgeejtjhuv
wubtleyhfmviuulb
myzphgonokdgvvto
adnnuttmapwdtjgy
nolqcofpsaomblnl
jxargsrejxvrvtod
mrcspfbkpgstpkdr
xcsxrrbyvrlypndz
wxhflomosossqifr
wywzoutdccqzfpss
odpkefxwvqoddtgn
vjirsauscowrkplm
hwguwkdlvrvschcy
xgcenbcadcdpsezg
you're too poor to use this verb :(
you're too poor to use this verb :(
Yep, i'm up, but all our basic lines are "clogged"
Upgrade to FASTLANE today!
the tubes are "clogged" right now...
------------------------------------
requested file not found
here's a lil' bit
-----------------
6045