Enter some data
1. Solve Equation
2. Create Equation
3. Solve Area
4. Solve Perimeter
5. Solve Volume
6. View Statistics
7. Exit
find perimeter of circle with radius 7579
you got it
1. Solve Equation
2. Create Equation
3. Solve Area
4. Solve Perimeter
5. Solve Volume
6. View Statistics
7. Exit
Total won: 0
Total lost: 0
Equations solved correctly: 0
Equations solved incorrectly: 0
Equations cr incorrectly: 0
Solved perimeter Equation: (168*(43-(205+(173-49)+90)/66)+244)-251
gimme answer: Inc*225/178+247/189/2*22+43/7
gimme answer: incorrect itese of rectangular prism with a volume of 280700122, side of 1201, and height of 853
you got it
here with volume 112377852
you got it
1. Solve Equation
2. Create Equation
3. Solve Area
4. Solve Perimeter
5. Solve Volume
6. View Statistics
7. Exit
fi