Enter some data
1. Solve Equation
2. Create Equation
3. Solve Area
4. Solve Perimeter
5. Solve Volume
6. View Statistics
7. Exit
Total won: 0
Total lost: 0
Equations solved correctly: 0
Equations solved incorrectly: 0
Equations created correctly: 0
Equations created incorrectly: 0
Solved perimeter problems 0
Unsolved perimeter problems 0
Solved volume problems 0
Unsolved volume problems 0
Solved area problems 0
Unsolved area problems 0
1. Solve Equation
2. Create Equation
3. Solve Area
4. Solve Perimeter
5. Solve Volume
6.  Exit
