Valid CGC executable format found [10189 bytes]

7 section header(s):
  [No.] Name                Type           Addr     Off    Size
  [  0]                     NULL           00000000 000000 000000
  [  1] APhoqzFABkIomsxExK  STRTAB         00000000 000700 000093
  [  2] vb                       f447af3b 000793    HASH           f7c89b1e 000b70 0001a0
  [  5] oVleuBFk            SYMTAB         00000000 000d10 000b90
  [  6] LzZFTlKW            STRTAB         00000000 0018a0 000f2d

185 symbol(s):
  [No.] Value       Size Type    Bind    Name
  [  0] 0xc9736bd7     0 FILE    NUM     A
  [  1] 0x8d54f2a7     0 FILE    WEAK    ALuHILxfgviYGSLcYorN
  [  2] 0x4c0f4f09     0 NOTYPE  GLOBAL  AZrdKBLqowpUux
  [  3] 0x7cef5bbd     0 TLS     GLOBAL  AcHj
  [  4] 0xafaf7666     0 NOTYPE  GLOBAL  AmCQIhNAXmmKOIskCas
  [  5] 0xa91be239   844 FUNC    LOCAL   Azih
  [  6] 0x0efd2eb9     0 NOTYPE  NUM     BRkjj
  [  7] 0x5ea53d9c  1219 OBJECT  GLOBAL  BjJRyyBNgsxSaYgOWIv
  [  8] 0x3d0b2b24     0 FILE    WEAK    BjOQm
  [  9] 0xfc5986f0     0 TLS     GLOBAL  BjQpVPlrpQ
  [ 10] 0x31103b6c     0 NOTYPE  GLOBAL  BoClPQRBfPZRLxjpBAIk
  [ 11] 0x7874912b     0 COMMON  LOCAL   ByED
  [ 12] 0x27b11837     0 SECTION GLOBAL  CAKRZmsosyYe
  [ 13] 0x92944afb     0 SECTION NUM     CknSqcY
  [ 14] 0x4fbc50e3     0 COMMON  WEAK    DWQOx
  [ 15] 0xc3e10799     0 NUM     WEAK    DgMVtDZ
  [ 16] 0x84280d07     0 NUM     GLOBAL  DnbWl
  [ 17] 0xfe8b11c1     0 COMMON  NUM     DnpcHYCev
  [ 18] 0xea482ced   688 OBJECT  GLOBAL  EK
  [ 19] 0xa81cc676     0 COMMON  NUM     EOL
  [ 20] 0x7295b827     0 FILE    NUM     EpKSNMcGH
  [ 21] 0xbf829695     0 FILE    WEAK    EpL
  [ 22] 0x25f18eff     0 NOTYPE  NUM     FEREIkdBDPnDWnm
  [ 23] 0x188095ad     0 NUM     GLOBAL  FaIhqHrSzsBgOmCT
  [ 24] 0x46009021     0 FILE    GLOBAL  FdBSnjWsCOyjSzdWem
  [ 25] 0xf31b4571     0 SECTION WEAK    FdNSRMDcRWYuNhTky
  [ 26] 0xa7c3c0a2     0 COMMON  NUM     GEitVzSXZiIHxfxVydJt
  [ 27] 0xdc271e55     0 FILE    LOCAL   GahnPXImubMGBJbCw
  [ 28] 0x6770a88d     0 SECTION GLOBAL  HekEuzfwNaZZjHGa
  [ 29] 0x6efd465d     0 TLS     GLOBAL  HtHLuex
  [ 30] 0x846e53f6     0 NOTYPE  NUM     IHyJBnbBApoJFCy
  [ 31] 0xe3f4412f     0 NUM     LOCAL   IOMCvx
  [ 32] 0x5154b842     0 NOTYPE  GLOBAL  IaxNIpOygXDtIRLm
  [ 33] 0xd7159c4f     0 FILE    WEAK    JdvXs
  [ 34] 0x646db7a5   298 FUNC    GLOBAL  KCUKGCNdKJB
  [ 35] 0xcd8b6552     0 SECTION WEAK    KZoAanUzjFs
  [ 36] 0xe9ce0851     0 TLS     LOCAL   KeNRvvLTxAOFgUoDmXI
  [ 37] 0x193f3d6c  2044 OBJECT  WEAK    KiMUWlAftqWXJTAq
  [ 38] 0x42e50f96  1706 FUNC    GLOBAL  KoSe
  [ 39] 0xe03d3ddc   548 OBJECT  WEAK    KtTYJ
  [ 40] 0xc6ecac32     0 FILE    NUM     LWhHZntokxGiyk
  [ 41] 0x5e3d06ee     0 NUM     WEAK    LvS
  [ 42] 0xae7e694a     0 COMMON  GLOBAL  LyvAhXODJEwR
  [ 43] 0x9f07e1db     0 FILE    LOCAL   MQ
  [ 44] 0xe78bb173     0 NOTYPE  GLOBAL  MVhIEzLuC
  [ 45] 0xe34cbaff     0 COMMON  NUM     McImqtQ
  [ 46] 0xa893392d     0 TLS     GLOBAL  MccmYNXFDqVnfAYGCjkS
  [ 47] 0x4245d166     0 NOTYPE  GLOBAL  MfbyJwRvaKXsfbYc
  [ 48] 0xc5e08e92     0 NUM     LOCAL   MuHBEzHuYdFqiW
  [ 49] 0xcdc2b381     0 NOTYPE  GLOBAL  MvUWxZWkI
  [ 50] 0x6292dbac     0 SECTION LOCAL   NHm
  [ 51] 0x8cb313ab     0 SECTION WEAK    NKBOZQBf
  [ 52] 0x89d77472     0 NUM     WEAK    NNxnus
  [ 53] 0xeebc03c4     0 TLS     NUM     NVlHirORPWhSKshK
  [ 54] 0xbe616180     0 TLS     WEAK    NZyFJXDkRboHn
  [ 55] 0x8c01ef08     0 COMMON  NUM     O
  [ 56] 0x741e02a6   661 OBJECT  NUM     OKlllGNkfZEpYfq
  [ 57] 0x5a0ca0bf  1109 OBJECT  GLOBAL  OecKtKwEEEMMbyv
  [ 58] 0x8bb7c3cb     0 NUM     LOCAL   OvjbSstS
  [ 59] 0x937581b9     0 SECTION LOCAL   PDskRjoKm
  [ 60] 0x2adf222c  1949 FUNC    WEAK    PJxtm
  [ 61] 0x66a270dc     0 TLS     NUM     POcOiXHGtf
  [ 62] 0xc9ccd855     0 COMMON  NUM     PXxqvdHqYJEHxKwQRG
  [ 63] 0xec5a360d     0 FILE    GLOBAL  PkZx
  [ 64] 0xbaf0f5a3     0 NOTYPE  WEAK    PntYyRKsNPYNVHrtrLK
  [ 65] 0x6ae6ae1f     0 SECTION GLOBAL  QUQ
  [ 66] 0x0145e883     0 SECTION NUM     QvjKICnpujTpfdMI
  [ 67] 0xfe5eb026     0 NUM     LOCAL   RHWWbj
  [ 68] 0x29eee1fb   213 FUNC    NUM     RZKYwHvTVrpfQ
  [ 69] 0x6cc6337e  1101 OBJECT  WEAK    SDcGlDdfpQCiKrPESexE
  [ 70] 0x82227a9c   478 FUNC    LOCAL   SPdjJDsAAjA
  [ 71] 0x9dfad0d7     0 COMMON  GLOBAL  OXRiWmL
  [ 72] 0x3cb4a19ESvqiHnzEAJzeq
  [ 76] 0xMiLE
  [ 79] 0x703c69ab     0 TLS     LOCAL   VQHWCjDvZxCYEiSy
  [ 80] 0xccff989e     0 SECTION NUM     VWDGcIQJWiNnVHs
  [ 81] 0x7a4bb04b     0 COMMON  LOCAL   VXvIkOkDMlLybipYhzQr
  [ 82] 0xb3a4cb8e     0 NUM     NUM     VYCFfzeOKqncpyMKcfVz
  [ 83] 0x3b05ab0a     0 NOTYPE  NUM     VctVYxuuooqvuU
  [ 84] 0xf2829883    48 FUNC    GLOBAL  VgkTkm
  [ 85] 0x4038e346    83 FUNC    GLOBAL  Vh
  [ 86] 0x35a6776a     0 COMMON  NUM     VpXoIFIKdLBbOCPgMWG
  [ 87] 0xb522d74d     0 NOTYPE  WEAK    WMzQdm
  [ 88] 0x1ec14755  1761 FUNC    WEAK    XGxTFvYETuRtJBDAi
  [ 89] 0xb6c896be     0 NOTYPE  WEAK    XLGPSq
  [ 90] 0xa4f2abe2  1207 FUNC    WEAK    XMtCUynfOVqVdUa
  [ 91] 0xac2339f8     0 FILE    NUM     XTBUykNiAmykwwQkkOoD
  [ 92] 0x884c6ae1     0 TLS     NUM     XqeoOLUMMsZFU
  [ 93] 0x7911eec6     0 NOTYPE  LOCAL   XqiSdOJEgUUxftq
  [ 94] 0x583c0d32     0 TLS     NUM     YMfucwYroth
  [ 95] 0xb3e08406     0 NOTYPE  GLOBAL  YMmkLDcgTlNdp
  [ 96] 0xf26c7295     0 TLS     WEAK    YaMeJPJNwxuAaxI
  [ 97] 0x903887c5     0 TLS     LOCAL   YdI
  [ 98] 0xe7095ae5     0 FILE    GLOBAL  YeJRWj
  [ 99] 0xbdf40cc2     0 SECTION NUM     YrzdWnnqAI
  [100] 0xd57fb533     0 NUM     NUM     ZOWUZWeuomKDiCflqmHq
  [101] 0x100611f3     0 NOTYPE  GLOBAL  ZPDTwfTpREMgZQgWp
  [102] 0x4d2f2a1f     0 NOTYPE  GLOBAL  ZVJtyoY
  [103] 0xce619067     0 NOTYPE  NUM     ZbbTyQklcUqGQKvfPdLm
  [104] 0x9deeb539    62 OBJECT  WEAK    ZqqCO
  [105] 0x12726334     0 FILE    LOCAL   ZvEBtTfl
  [106] 0x82192ff9     0 FILE    NUM     ZxNMggOLmyOJRmiKxkc
  [107] 0x0469e3a1     0 COMMON  WEAK    aCuvXoPmYhHu
  [108] 0xeeb08fa5     0 FILE    LOCAL   aINAOxyenEMau
  [109] 0xfdc06501  1793 OBJECT  WEAK    b
  [110] 0x0d2aa8a4     0 FILE    GLOBAL  bQQZc
  [111] 0xb150b034     0 COMMON  WEAK    bXhpOjuI
  [112] 0xbd2a9f4a  1380 OBJECT  LOCAL   bdZcTD
  [113] 0x96dc58d7     0 SECTION WEAK    bnpmXQLZdunHK
  [114] 0x49d6d2f3     0 COMMON  NUM     bsciZvMVxYN
  [115] 0x256bf81b     0 NUM     NUM     cat
  [116] 0x9c2fe63e     0 NOTYPE  NUM     cekQoDXLGKSmzFncUpX
  [117] 0x1358c47f     0 NUM     LOCAL   cpouHq
  [118] 0x31aa9dc2  1455 FUNC    WEAK    csYBlYHWNiRB
  [119] 0x2cb38996  1595 FUNC    NUM     cvwYSWtBxAY
  [120] 0x076f6875   940 OBJECT  NUM     d
  [121] 0xd49c2f70  1585 OBJECT  GLOBAL  dKSpM
  [122] 0x52c9c39b     0 SECTION WEAK    dKwTMquysHoKs
  [123] 0x9fe8dd31     0 SECTION LOCAL   dbxwZURVqBB
  [124] 0x9eb81426   248 OBJECT  LOCAL   dgfyhrWz
  [125] 0xacc4328e     0 NUM     GLOBAL  eNubYFVSrrkJhThxy
  [126] 0xa17d39e2   747 OBJECT  LOCAL   eZwmqxxn
  [127] 0x72afc392     0 COMMON  NUM     fIM
  [128] 0xabed3b51     0 TLS     WEAK    fUhVNoznMmV
  [129] 0x4d25c2be     0 TLS     WEAK    fuelSnzUv
  [130] 0xaf63cfdd     0 TLS     NUM     gLlhPZNKclt
  [131] 0x1bec82ad     0 TLS     NUM     geBwoGfmGBCLeSdrbhK
  [132] 0x9ab46771     0 NOTYPE  NUM     gwRWHLXqPEk
  [133] 0xb05688c2     0 FILE    GLOBAL  hHikTeVtFYG
  [134] 0xab71e745  1497 OBJECT  LOCAL   hKwuPmnMhRm
  [135] 0x0dc41dd1  1860 FUNC    WEAK    hfDgTW
  [136] 0x06a7a7fe     0 FILE    WEAK    hkMWRcNfWLcpjuOJAo
  [137] 0x4633f370   414 FUNC    LOCAL   iVbwiJPfpTYZb
  [138] 0x6ec97ea1     0 COMMON  GLOBAL  jHzEPGmRk
  [139] 0x2a4fdadd  1654 FUNC    WEAK    jJTyWJoR
  [140] 0x7a29c33c     0 SECTION GLOBAL  k
  [141] 0x85a542eb     0 COMMON  LOCAL   kdMQGMcXJ
  [142] 0x551bed88     0 NOTYPE  GLOBAL  lHd
  [143] 0xf6225e1a     0 SECTION NUM     mEaZKVsCbii
  [144] 0xe355c028  1371 FUNC    LOCAL   mhsKRvENvAoRbr
  [145] 0x5e4326f5     0 TLS     LOCAL   mpNTRPglqWLPTVnLNsSb
  [146] 0xf29088f9     0 TLS     NUM     nBCrhNIlMpEnOR
  [147] 0x8be985b8     0 COMMON  WEAK    nGEGoHVNmtWv
  [148] 0x82503702     0 FILE    LOCAL   nRxm
  [149] 0x9ca3a33c     0 NOTYPE  LOCAL   oqvYsFAfQl
  [150] 0xab106c82     0 NUM     WEAK    p
  [151] 0x156aa1d4     0 SECTION LOCAL   pLw
  [152] 0x24c5b0bc     0 TLS     LOCAL   pWEIBvPdewfRVxc3063963  1038 FUNC    G522f6     0 SECTION WEAK OMMON  NUM     rBnfjlq
  [159] 0x037d6fbd     0 FILE    LOCAL   rpy
  [160] 0x275f168e     0 TLS     LOCAL   rqWaaznFnl
  [161] 0x69647928   866 FUNC    GLOBAL  s
  [162] 0xf4e78433     0 NUM     LOCAL   sYqPJlSeOgDRPbE
  [163] 0x76badc1d     0 FILE    GLOBAL  sifYTzCjWdMAQRYgkQU
  [164] 0x225c7aae     0 TLS     NUM     skuQZBZdXJy
  [165] 0x57c46a69     0 TLS     NUM     smFWvyIdIoVbcqkHP
  [166] 0xebf139bc   994 OBJECT  LOCAL   tZ
  [167] 0xe162e889     0 TLS     WEAK    uwkNDlnZVHf
  [168] 0xbfb127d1     0 NUM     NUM     vKFJFS
  [169] 0x2095bcf9     0 TLS     WEAK    w
  [170] 0x836a8ceb   493 OBJECT  WEAK    wBgmOsGUyyWFxWPjAvh
  [171] 0x52da02c3     0 TLS     NUM     wJkSjCIZUSbqEd
  [172] 0x4de122f6   880 FUNC    LOCAL   wOiUi
  [173] 0x4de92d89     0 FILE    NUM     wToOYCYmIMWtI
  [174] 0x41634806     0 FILE    LOCAL   wXdGYiZKQcKnFLshexm
  [175] 0x8abcc7c7  1664 FUNC    NUM     xYL
  [176] 0x01fa7aec  1105 OBJECT  WEAK    xqYDPdnhhrhwaxCOE
  [177] 0x74e797d0     0 NOTYPE  LOCAL   xvlWthfMz
  [178] 0x1eaa1bd2     0 FILE    LOCAL   yLMGKqvFrQBlbk
  [179] 0x721fdfc4     0 FILE    GLOBAL  ylGcDmfxhyzpHYE
  [180] 0xb7db313c     0 COMMON  LOCAL   zFoxGdEihIAFWOZg
  [181] 0x60dcc82e     0 NOTYPE  GLOBAL  zfhPXbwOrMXJ
  [182] 0x58aeb993     0 TLS     WEAK    zjjrLpWUlEFdM
  [183] 0xa4e01553     0 SECTION NUM     zpxcNqVpNQacPGgI
  [184] 0xbf9c92aa     0 SECTION LOCAL   zyNnSTXQovZYsLZO

DONE
