<HTML>
<HEAD>Messages</HEAD>
<BODY>
<b>Message 0:</b><BR>
<b>From:</b> 46<BR>
<b>To:</b> 164<BR>
<b>Message Data:</b><BR>
6_[:o<BR>xh&nbsp&nbsp&nbsp&nbspi<i><b></b><u>_l;_DvI</i><b><BR>_</b><i><b>al9d1__y_Jr</i></u>m,&<i></b>@<b><u>__{__^</i></b>_<i><b>_</b>.o<b></u>9</i>u.<i></b><u>h_=_v</i><b>*`EF~</u>HJ_h</b>_W76&nbsp&nbsp&sp&nbsp&nbspD_^A_ &
</BOD<HTML>
<HEAD>Messages</HEAD>
<BODY>
<b>Message 1:</b><BR>
<b>From:</b> 134<BR>
<b>To:</b> 93<BR>
<b>Message Data:</b><BR>
:^jT<i><b>_</b>_<b><BR></i></b><u>DOS<b>ihb {6_nG_H_$<i></u>7
\ Kebz_</b><b>y_w+=_T]8qSC<p>#M"qr_:M)
Fl</i></b>w_G<BR><i>@zwC</i><u>u)DD_<i><b></u></b>$15_</i>T&nbsp&nbsp&nbsp&nbsp<u>
N_Z<p>_<i><b>_!</u></b>_8_</i><b>B<u>2D<i>_Y1Y</i></b><b>_S-</u>X
_(<i></b><u></u>_d</i><u><i>h!_-</i><b>W4m_
</BODY>
</HTML>
<HTML>
<HEAD>Messages</HEAD>
<BODY>
<b>Message 2:</b><BR>
<b>From:</b> 51<BR>
<b>To:</b> 83<BR>
<b>Message Data:</b><BR>
R<i><b><u>K_A2cJ</i></b>tU_<i></u>HjS3_36d
_<b><u>l_
_he__</i>D __9<BR>B5VeD<i></b></u>]_!_<u>D<p>_vhI</i><b></u>_-_"J3_T9_l_%1Ag_<i><u>D(_[Xe*p/H</i></b></u>_<i><b>E7QWC)</b><u> <BR>N_h_</i><b></u>X7_od_
[_p*0K_8:Ni$_#c^<i><u></u>#oB2_p_4
</BODY>
</HTML>
<HTML>
<HEAD>Messages</HEAD>
<BODY>
<b>Message 3:</b><BR>
<b>From:</b> 212<BR>
<b>To:</b> 111<BR>
<b>Message Data:</b><BR>
Z<u><BR>_{_MYPy{<i><b></u>r_kZN<BR>6</b><u></i></u>_E;<i>R_&nbsp&nbsp&nbsp&nbsp)_</i><u>Bn&nbsp&nbsp&nbsp&nbspK@B_<b></u></b><u>tg_1z__A8|m_K<i><b>_</b>Q}&nbsp&nbsp&nbsp&nbspN<YR(j</u><b>WH<p>_</i></b><u>o<BR>7{<i>__b&nbsp&nbsp&nbsp&nbsp;ac<BR></u>__
</BODY>
</HTML>
</HEAD>
<BODY>
<b>Message 7:</b><BR>
<b>From:</b> 23<BR>
<b>To:</b> 31<BR>
<b>Message Data:</b><BR>
<u>nW<b></u>{<i>!:&</i></b><u><i><b></u></b></i><b>k|YJX</b><u><p><i></u>_*d_Y</i><u>,_HRu?_7(<i><b></u></b><u>`
</i><b></u>4<p></b><u>Z<i><1__6_7</i><b></u>:{<BR>3<p></b>>_BN7&nbsp&nbsp&nbsp&nbsp8_|<i><u>v_C</i><b></u>tO<i></b><u>2|IF/&nbsp&nbsp&nbsp&nbsp<BR>n&nbsp&nbsp&nbsp&nbsp</i></u>e<b>HhvW_:Wl#is9;?<i>8E_~_Mt</b><u>%</u>__</i>3j<i>_=<b>_&nbsp&nbsp&nbsp&nbsp)<
$</i><i></b><u>]kN_&nbsp&nbsp&nbsp&nbspj</i><b>[<p>t~=&nbsp&nbsp&nbsp&nbsp
rJ<i></u>
<p>>c</i></b><u>tE<i><b></u><p>2<u>&|1_jkZh</b></u>q
</BODY>
</HTML>
<HTML>
<HEAD>Messages</HEAD>
<BODY>
<b>Message 10:</b><BR>
<b>From:</b> 34<BR>
<b>To:</b> 25<BR>
<b>Message Data:</b><BR>
t!
K)<BR>_
_ke_{i}ur@Owkp
<b>P_
<i></b>5__,_E_</i><u><i><b>7
</BODY>
</HTML>
HEAD>
<BODY>
<b>Message 13:</b><BR>
<b>From:</b> 113<BR>
<b>To:</b> 61<BR>
<b>Message Data:</b><BR>
1Q'_J__Z&nbsp&nbsp&nbsp&nbsp_<b>|<i><u>rUJ%s</b></u>T<p>1<b><u>_|
</i></b>_<BR>"_VB_<i>Q^$_<b><BR>_t_</i></b></u>j*I_T_v_aK'~YA\`<i><b></i><u>_|(<i></b>_H</i><b></u>g__-d<i></b><u>
(B_<b>k_C</i></u>_</b><i><u>H</i></u>7_R<b><u>!SZL
__o_v_</b><b>C
3&nbsp&nbsp&nbsp&nbsp&nbsp&nbsp&nbsp&nbsp</u>r<i>o&nbsp&nbsp&nbsp&nbsp</i><u>_;e<i></b></i><b></u>a_8D__@<i>
</BODY>
</HTML>
<AD>
<BODY>
<b>Message 17:</b><BR>
<b>From:</b> 61<BR>
<b>To:</b> 6<BR>
<b>Message Data:</b><BR>
<i>&nbsp&nbsp&nbsp&nbspr _v<b>&nbsp&nbsp&nbsp&nbsp]/</i></b><u>J_<i><b>_[-<p>&nbsp&nbsp&nbsp&nbspc\</i>\I0&nbsp&nbsp&nbsp&nbsp
</BODY>
</HTML>
<HTML>
<>
<BODY>
<b>Message 20:</b><BR>
<b>From:</b> 55<BR>
<b>To:</b> 79<BR>
<b>Message Data:</b><BR>
<i>1<u>f{<b></u>o</i>+C:&nbsp&nbsp&nbsp&nbsp|q<u>y<p>E
</BODY>
</HTML>
<HTML>
<HEAD>Messages</<<BODY>
<b>Message 25:</b><BR>
<b>From:</b> 131<BR>
<b>To:</b> 172<BR>
<b>Message Data:</b><BR>
U~S-<i><b><u>__l#</b></u>_3@;</i><u>><i><b>
d:K
.|S_@
[_;
%__</u></b><u>_5_gu<p>bV</i></u>Zb<i>c</i><b><u>_Kb&3o&nbsp&nbsp&nbsp&nbsp_<i></b>tx_GF_</u>Y/)5__0_<u>+i"TG_=N</i></u>`W
</BODY>
</HTML>
<HTML>
<HEAD>Messages</HEAD>
<BODY>
<b>Message 27:</b><BR>
<b>From:</b> 16<BR>
<b>To:</b> 128<BR>
<b>Message Data:</b><BR>
`j<i>R_}
<BR>C__U>S<b><u>__</i></b>_<b></u><BR>_R2_b</b>PwV<b><u>&nbsp&nbsp&nbsp&nbsp_</b><p><b></u>>O:)
</BODY>
</HTML>
<HTML>
<HEAD>Messages</HEAD>
<HTML>
<HEAD>Messages</HEAD>
<B>
<b>Message 35:</b><BR>
<b>From:</b> 189<BR>
<b>To:</b> 230<BR>
<b>Message Data:</b><BR>
9DD<i><b><u>dDWz__Wr K</u>GH_mu<BR>b_c_<p>Fm__e_{y!KD2_1V&nbsp&nbsp&nbsp&nbspd&nbsp&nbsp&nbsp&nbsp</b>_G*<b><u>8;#_n:F</i>+<'<BR>Gq<i></u></i><u>_</u></b><u></u>>_9___<b><u></u>d_q<BR>;1I<BR>_e1_b</b><u><i></u>f__&nbsp&nbsp&nbsp&nbspAT<b><u></i></b></u>%\]T<BR>ZH__<u>r<i>&nbsp&nbsp&nbsp&nbspH<</i>`l<i><___=W<b></u>e/<p>b-4!<p>P_</b>_Il?bC_N<u>`Iq;V'X_<b></u>7J"_L__R</b><u>q]X_`@
</BODY>
</HTML>
<HTML>
<HEAD>Messages</HEAD>
<BODY>
<b>Message 36:</b><BR>
<b>From:</b> 120<BR>
<b>To:</b> 141<BR>
<b>Message Data:</b><BR>
_&nbsp&nbsp&nbsp&nbsp<i>}>!Z_</i>&nbsp&nbsp&nbsp&nbsp2<i><b>L</i>g;_<u>L6<i></b>w_DX<b>b_ t<</u>8_0bK</i></b><u>&nbsp&nbsp&nbsp&nbsp<p>v_ul1<i>kR</i><b>Fv0_<i> _</i>%</b>\_rV_0
<BR> <p>el4&nbsp&nbsp&nbsp&nbspa<b></u>__`_F2_<u><N__0|7</u>ED_ek_A}<i></b><u>\<b></u>zu
/)8Sh<p>r&nbsp&nbsp&nbsp&nbsp!-</b><u><b></u></i><u>jL&nbsp&nbsp&nbsp&nbsp_
k<i></u></i>bS__gjcxm<BR><_</b><u>D_<b></b>X_u_
$O_<p>#
</BODY>
</HTML>
b>Message 41:</b><BR>
<b>From:</b> 167<BR>
<b>To:</b> 244<BR>
<b>Message Data:</b><BR>
<b></b>|<i><b>\V_w%L@CI<p>V</i></b>_<i>&nbsp&nbsp&nbsp&nbspNA_cT_W<u>uaO</i>B<i><b>a_
_7</i></u>P___W
i</b><u>$&nbsp&nbsp&nbsp&nbsp<b>;<i></b>F_"<BR><p>_{#3O_P</i><b>nj89_Ge0r<i></b>_!nEMA_pf_
</i><b></u><i>Q%</i></b><u>R&nbsp&nbsp&nbsp&nbspN<p>g <b><i>/_s=
_~;]_</b>r;!Of;}
&nbsp&nbsp&nbsp&nbsp
</BODY>
</HTML>
<HTML>
<HEAD>Messages</HEAD>
