<HTML>
<HEAD>Messages</HEAD>
<BODY>
<b>Message 0:</b><BR>
<b>From:</b> 65<BR>
<b>To:</b> 42<BR>
<b>Message Data:</b><BR>
jf#\z@P:/<i>_@LHiA6DG`<b><u>_?N_</i></u>_ZY_
</BODY>
</HTML>
<HTML>
<HEAD>Messages</HEAD>
<BODY>
<b>Message 1:</b><BR>
<b>From:</b> 185<BR>
<b>To:</b> 113<BR>
<b>Message Data:</b><BR>
a<i><b><u></b>
m_&nbsp&nbsp&nbsp&nbsp</i>_+_<i><b></u><u>/__pr<BR>]_[`_a_<BR><BR>2v_</i></u>_c_@5</b><i><b>1<p>_|_0</i></b><u>S<p>_Eju_m:_<i><b>_F"_o1<BR>_@p-X0N<p></b>g~o<</i><b>&</b></u>`y<BR>_8nTA3>=xQ6_v4<i><b>
</BODY>
</HTML>
<HTML>
<HEAD>Messages</HEAD>
<BODY>
<b>Message 2:</b><BR>
<b>From:</b> 130<BR>
<b>To:</b> 122<BR>
<b>Message Data:</b><BR>
<BR>]<i><b><u>J_2r
_(_n,g_
@
</BODY>
</HTML>
<HTML>
<HEAD>Messages</HEAD>
<BODY>
<b>Message 3:</b><BR>
<b>From:</b> 207<BR>
<b>To:</b> 67<BR>
<b>Message Data:</b><BR>
;<p>S8<i><b>P/ekBI_A</i><u>E 0q@L&nbsp&nbsp&nbsp&nbsp0[_C<p>}<p>_S__35Y</b></u>!<BR>\&<b>|_,&nbsp&nbsp&nbsp&nbspL<BR>_q
</BODY>
</HTML>
<HTML>
<HEAD>Messages</HEAD>
<BODY>
<b>Message 4:</b><BR>
<b>From:</b> 41<BR>
<b>To:</b> 196<BR>
<b>Message Data:</b><BR>
_<i>_?<u>_M_U(
g)<b>;]_~y&nbsp&nbsp&nbsp&nbsp&n,W_k6<p>D$h1__{</i></u>%_c>_W</b><u>
</BODY>
</HTML>
<HTML>
<HEAD>Messages</HEAD>
<BODY>
<b>Message 5:</b><BR>
<b>From:</b> 5<BR>
<b>To:</b> 197<BR>
<b>Message Data:</b><BR>
[o<i><b></i><u>__}<BR>_Zj5_|w4a_YXHY_<p>_9n_d<p><BR>H
</BODY>
</HTML>
<HTML>
<HEAD>Messages</HEAD>
<BODY>
<b>Message 6:</b><BR>
<b>From:</b> 220<BR>
<b>To:</b> 116<BR>
<b>Message Data:</b><BR>
^<i><b><u>__</i></b>
<_@<BR>mx_ _`]y_<i></u>u
_qa_]U|\{_</i>_c_<i><u></u>Y$</i><b><u>P_<i></b></u>z</i><b>$_\_<u></b></u>
,w<b><u>}_oL
 [_<
F1YOH_?
d_J</b>_-_K_<BR>A<i>_<b></u>
K__Fl</i></b>U<i>Kh</i><b><u>._N_qQ_
_`s</b>Vc9V5^D_(
_cO__</u><i><b><u>sB__z__z8</i></b></u>_-H<i><b>_<p>z
</BODY>
</HTML>
EAD>
<BODY>
<b>Message 15:</b><BR>
<b>From:</b> 148<BR>
<b>To:</b> 49<BR>
<b>Message Data:</b><BR>
<b><u></b></u>_!J
</BODY>
</HTML>
<HTML>
<HEAD>Messages</HEAD>
<BODY>
<b>Message 16:</b><BR>
<b>From:</b> 87<BR>
<b>To:</b> 84<BR>
<b>Message Data:</b><BR>
&nbsp&nbsp&nbsp&nbsp_h_1X?_o_5vPe&0<i><b>__Z"y</i></b>(<i><b><u>l_ y|k_9</i></b><i></i><b>9eVF
</BODY>
</HTML>
<HTML>
<HEAD>Messages</HEA<HTML>
<HEAD><BODY>
<b>Message 25:</b><BR>
<b>From:</b> 84<BR>
<b>To:</b> 135<BR>
<b>Message Data:</b><BR>
_I_<i>]<_
pi</i><u>q<i><b></u>s|p}l<u>z!&nbsp&nbsp&nbsp&nbsp</i></b>fn_Nl_3<p>y_Z<i><b></u>?\3<BR>1_</i><u>_
9rsdmm<i></b>&nbsp&nbsp&nbsp&nbspETS</i></u>_3z<BR>T&_<i><u>_@[</i>_
_<BR> <b></b></u>/_n<b>_
</BODY>
</HTML>
<HTML>
<HEAD>Messages</HEAD>
<BODY>
<b>Message 26:</b><BR>
<b>From:</b> 12<BR>
<b>To:</b> 182<BR>
<b>Message Data:</b><BR>
k*n_%<u>
</BODY>
</HTML>
<HTML>
<HTML>
<HEAD>Messages</HEAD>
<BODY>
<b>Message 34:</b><BR>
<b>From:</b> 175<BR>
<b>To:</b> 128<BR>
<b>Message Data:</b><BR>
_<i>:q)i</i><u>VHX[S0.[-<i><b></u></b><u>_</i>
<p>yHs_ew_wKYuUs-<b></u>_Y_9_Pz&nbsp&nbsp&nbsp&nbsp&nbsp&nbsp&nbsp&nbsp_Wl+u</b><i><b><u>

</i></b>8P_<p>;kjA<p>_UF_|<b></u>^<u>u,<i></b></u><b><u>_,6_4__e</b></u>__pp<b>=(j<p></i><u><i>3_</i></b>hwNy_aG&?0<BR><p>3<i><b>_z_?._</u>y_*_
</BODY>
</HTML>

<b>Message 37:</b><BR>
<b>From:</b> 214<BR>
<b>To:</b> 136<BR>
<b>Message Data:</b><BR>
aJ_<BR>&nbsp&nbsp&nbsp&nbsp?%HgMn__<p>t<b><u>4_</b>
P_vN?8_m*Kt<BR>&nbsp&nbsp&nbsp&nbspI<p>R_\L"&nbsp&nbsp&nbsp&nbsp_</u><i>__n</i><b>
H_"<p>l<p>f_<i></b>_%-8_<]&nbsp&nbsp&nbsp&nbsp.J)</i><b>9g(
P_5H~<i>^Y_:w_U%u"{#x[%_SUQ
\\%</i><w&nbsp&nbsp&nbsp&nbspmD|Z</b><u><BR><i><b></u>_&nbsp&nbsp&nbsp&nbsp&F4jM3_
</BODY>
</HTML>
b>Message 41:</b><BR>
<b>From:</b> 17<BR>
<b>To:</b> 241<BR>
<b>Message Data:</b><BR>
PU&<i><BR>8O<b>Qw!f<p>5b>c6L</i><i></b><u>"F5</i><b>o%._/G%_d#!hcn}Y<i>!</b>:N<p>
M<b></u></i><u>_<i></u>_A*_v</i></b><u><i><b></u>>qR</i></b><b><u></b>J<i><b></u></i><i></b>o_</i>I=LX
</BODY>
</HTML>
Message 44:</b><BR>
<b>From:</b> 174<BR>
<b>To:</b> 205<BR>
<b>Message Data:</b><BR>
<><i><b>D<BR>_FI</i>OvY|__dz<i></b><u></i><b>1eq
"X=
</u><</b>*l<b>v<p>|<i></b>_x_<u>_</i><b>~<i></b>ElXg___+_<p>@sT^___'
</i><b></u></b>_^<i><b>o<p>c_</i><u></u>s_7_<p><BR>B#RQhw</b><u>d
V%oc<i><b></u>_</i></b><u>O4_</u>_<i><b><u></i></b>C</u>XEdt__M,  R(_<b><u>_8#^}Ap?_&nbsp&nbsp&nbsp&nbsp<i></b>e._F@_B_
_9%s0_<p>&nbsp&nbsp&nbsp&nbsp</i><b></u><<i></b><u><BR>l</i><b></u>__D</b>:
<i>_!</i><u>__<i></u>qaH<BR>wu</i><b>YsEy_&nbsp&nbsp&nbsp&nbspF</b><u>_x</u><u>Z_[<b>(l__ac_qUU_z?__E&nbsp&nbsp&nbsp&nbsp_^_6td_f7</b>z)<i>".7u</i><b>A___>-<_u</u><p>_5skA&nbsp&nbsp&nbsp&nbsp{_g]</b><u>9<b>_,7,
__</b></u>_<i><u>r__[<p>e_b={2&nbsp&nbsp&nbsp&nbspfL</i><b></u></b><u>'___c</u>!&nbsp&nbsp&nbsp&nbspR3%_I3C51O<u>Yn<i>0f ____\y>__w0_P
{Y
s[Y</i><b></u>gDP<i></b></i><b><u>1_ _&lP&</b><b><i></u>j</i></b>d__Z<i>a</i><u>|</u>~_I{]<BR>_CsU
n^<i><b><u>wc_%<p>zq/H_<p>QDKo</i>PY_uC37`_N_<i></b></u><b>W_cu_F`_<`P_&nbsp&nbsp&nbsp&nbsp5_</b>_<BR>q;k_=b_l<p>{-
</BODY>
</HTML>
<HTML>
<HEAD>Messages</HEAD>
<BOD<<HTML>
<HEAD>Messages