<HTML>
<HEAD>Messages</HEAD>
<BODY>
<b>Message 0:</b><BR>
<b>From:</b> 42<BR>
<b>To:</b> 41<BR>
<b>Message Data:</b><BR>
p
K&|<b>c98CX<i></b>|</i><b><u><p>~</b>CklbJ_
</BODY>
</HTML>
<HTML>
<HEAD>Messages</HEAD>
<BODY>
<b>Message 1:</b><BR>
<b>From:</b> 10<BR>
<b>To:</b> 206<BR>
<b>Message Data:</b><BR>
___<p>dyP<i><u></i><b><i></b></u>l</i><u>X{A<BR>[_<<b>_<i>_</i></b></u>3<i><b> _0[u0jIT<BR></b>JV<b><u>u_k</i></b></u><i><u>}:-_}<BR>(@&!<BR><b></u>_k<BR>
H_m|Z&_</b>J&nbsp&nbsp&nbsp&nbsp$|<p>{'<BR></i>k<p>__sd_dk6_k_$`-<i><b><u>_[`<6
_!<BR></b></u>6/W</i><b><i><u>k_<BR>_.&nbsp&nbsp&nbsp&nbsp_ND<p>_F</i></u>6Q<u></b><i>_1</i><b>T_(\_
</BODY>
</HTML>
<HTML>
<HEAD>Messages</HEAD>
<BODY>
<b>Message 2:</b><BR>
<b>From:</b> 12<BR>
<b>To:</b> 203<BR>
<b>Message Data:</b><BR>
"xa<i><b><u>w<BR>b_m</u></b>]<b><u>
</BODY>
</HTML>
<HTML>
<HEAD>Messages</HEAD>
<BODY>
<b>Message 3:</b><BR>
<b>From:</b> 157<BR>
<b>To:</b> 78<BR>
<b>Message Data:</b><BR>
e_K&nbsp&nbsp&nbsp&nbsp&m<b><i></b>&nbsp&nbsp&nbsp&nbsp y)(</i><b><u>A;<p><p><p><BR>K]_%_<i>B_H4_<BR>+_47:_C_6#_<BR>i=V</b></u>pEGw;oSN</i><b><u>Ea_{<p>X_H__$_%uq;c_V<BR>IH&nbsp&nbsp&nbsp&nbsp{<i>A^w<BR>)_<BR>8~_D_S_.</i></b>G</u>_<BR>e5+<m8_<b><u><i></b></i></u>&nbsp&nbsp&nbsp&nbsp_3_3<i><b></b><u><p>Sq&nbsp&nbsp&nbsp&nbsp<b></u></b><u>qBq&nbsp&nbsp&nbsp&nbspC_?}w</i><b></u>'<i></b><u>jR_
</BODY>
</HTML>
<HTML>
<HEAD>Messages</HEAD>
<BODY>
<b>Message 4:</b><BR>
<b>From:</b> 120<BR>
<b>To:</b> 142<BR>
<b>Message Data:</b><BR>
G
@d_m&nbsp&nbsp&nbsp&nbsp=<BR><BR><BR>_K&nbsp&nbsp&nbsp&nbspEw!(<i><u>N__K_</i></u>N<i>D{_f&nbsp&nbsp&nbsp&nbsp<b>___ <u>d>_J</u>M3
</BODY>
</HTML>
<HTML>
<HEAD/HEAD>
<BODY>
<b>Message 8:</b><BR>
<b>From:</b> 62<BR>
<b>To:</b> 146<BR>
<b>Message Data:</b><BR>
__n_<b><u><i></b>_</u><b>>1 _</i><u> <i></u>1_q9_</i></b><u>_1(r/<i><b></u>_</i></b><u>Ro_#[]u0<p>__</u>&nbsp&nbsp&nbsp&nbsp<i><b><u>\ x;VL_7</u>'E<BR>+\t.</i></b><i><b></b><u><BR>&nbsp&nbsp&nbsp&nbspH5d1. 4%X_<b>__&nbsp&nbsp&nbsp&nbsp</i></u><i></b>_</i>_
*y<i><b></i></b>X<u>2&nbsp&nbsp&nbsp&nbspn&nbsp&nbsp&nbsp&nbspy</u><i><b><u>Ea$/`&nbsp&nbsp&nbsp&nbspH,8</i></b></u>Sr<p>#&nbsp&nbsp&nbsp&nbspr

N<i><u>g<FBMCrj_+S<b>y</i></u><p><i><u>_v</i></b></u>_it_:/<p><BR>___C_<p>!_:<p>(<i><__ZB&nbsp&nbsp&nbsp&nbsp</i><b>'
</BODY>
</HTML>
/HEAD>
<BODY>
<b>Message 9:</b><BR>
<b>From:</b> 232<BR>
<b>To:</b> 200<BR>
<b>Message Data:</b><BR>
<i><u>d</i></u><u><i><b></b></i><b>_t_y0<p><i></b>IG</i></u>_XGy]_b_&nbsp&nbsp&nbsp&nbsp__<i><u>;k*v_{
__m F</i><p>
__</u>'_H<BR>0
_Y.>`QL68p<BR><b><u>,_
_<BR>;r<i></u>_k</i><u>c_zsw<p>/
</b></u>_<i>0__(6_%_F<u>V^_)y</i><b></u>*_"K<i></b><u>Ji</i></u>]%___x><i><b><u>AF6</i></b></u><i><b>_m/_%</i><u>Rr2
</BODY>
</HTML>
/HEAD>
<BODY>
<b>Message 10:</b><BR>
<b>From:</b> 60<BR>
<b>To:</b> 220<BR>
<b>Message Data:</b><BR>
7&nbsp&nbsp&nbsp&nbsp&<b><i>+<BR></i><u>
a_mE</b><BR>P_5Z_<i></u>
</i><b>j_<i></b>&nbsp&nbsp&nbsp&nbsp_D</i><b><u>_Vv*<i></u><p>n
</i></b><BR>
<i><b>A<u>A_<BR>_?</i></b></u>_<b>_0Q<i>&3_</i></b><u><p>!@i<b></u>_&nbsp&nbsp&nbsp&nbsp(j]R.D,{S
-<i></b><u><p>
</BODY>
</HTML>
<HTML>
<HEAD>Messages</<HTML>
<HEAD>Message<HTML>
<HEAD>Message<HTML>
<HEAD>Messages</HEAD>
<BODY>
<b>Message 25:</b><BR>
<b>From:</b> 192<BR>
<b>To:</b> 222<BR>
<b>Message Data:</b><BR>
<b><u>+
</BODY>
</HTML>
<HTML>
<HEAD>Messages</HEAD>
<HTML>
<HEAD>Messa<HTML>
<HEAD>Messages</HEAD>
<HTML>
<HEAD>Mes<HTML>
<HEAD>Messages</HEAD>
<BODY>
<b>Message 32:</b><BR>
<b>From:</b> 225<BR>
<b>To:</b> 235<BR>
<b>Message Data:</b><BR>
' <BR>2<i>&nbsp&nbsp&nbsp&nbsp<BR>wc<b>7</b>_M_tW'3s]"Z_B</i><b>5f<u>9*g?<i></b></u><u><b>></b>j<b>p_</b></u>hI__ <BR>_:<_F</i><b>5</b><u>Mx<p>___W*<b></u>YIP%__*_<i></b><u>Pu7
z<BR>_{k__0W</u>__
F5__{:<u>&__&nbsp&nbsp&nbsp&nbsp<b></b></u>
</BODY>
</HTML>
