<HTML>
<HEAD>Messages</HEAD>
<BODY>
<b>Message 0:</b><BR>
<b>From:</b> 129<BR>
<b>To:</b> 130<BR>
<b>Message Data:</b><BR>
D <i>
D{ _A<BR><p><b><u></b></u>,c<b>9<u>
Vrr_|PQw<__P _^F_<p>-</i><p>
Pg_</b></u>E_43w5b^___9<i><b><BR>-__oG_EH)</i>54nx2_I_|hF#Aw*<u>a{6<i></u>7</i>B__cc_<u><i>c
#</i>e<i></b></u><b><u>'g__@</i></u>7_<i><u></u></i></b><u>&nbsp&nbsp&nbsp&nbsp<i><b>_,q</_</i><b>=
+`<i></b><u>_</i><b>jhpi_<i>___ _T_I</b>__TQ_=
</BODY>
</HTML>
<HTML>
<HEAD>Messages</HEAD>
<BODY>
<b>Message 1:</b><BR>
<b>From:</b> 91<BR>
<b>To:</b> 125<BR>
<b>Message Data:</b><BR>
cw_/;<i><b><u>G</i>
</BODY>
</HTML>
<HTML>
<HEAD>Messages</HEAD>
<BODY>
<b>Message 5:</b><BR>
<b>From:</b> 79<BR>
<b>To:</b> 110<BR>
<b>Message Data:</b><BR>
<i>_~<u>Htp
g</i><b></u>-'#K</b><i>_</i>N$_A__MM_v<i><b><u>^InFu#</u>__K+=</i>/iD<BR>3`[@B
T<i></b><u>]Z$_Vj</i><b>_NZ</u>5$ld_<i></b><u>__V</i>IpZ<i><b></u>d_jULz4</i></b><u><BR><b></u><i>I_q'V</i></b>_Ug<b><u>$h!+3JKsA2Cm</b>GUsRu
?<b>/<i></b></i>#%K<p>'_&<i>WXp__R</i></u>_OY"_<BR><i><b><u>
</BODY>
</HTML>
<HTML>
<HEAD>Messages</HEAD>
<BODY>
<b>Message 6:</b><BR>
<b>From:</b> 101<BR>
<b>To:</b> 55<BR>
<b>Message Data:</b><BR>
<b>_6<u>g_|W?<i></b></u>_</i><b>__=_Q~_<i><u>V_$^xP#_\</i></u>l_"<p>qXU<BR>%_
V(_bhP<u>UpyT</u>}_>_Z<BR>J9<p>_dU\T4_<i></b>Q__</i>_w__}G@2B_ZS{x<i>&nbsp&nbsp&nbsp&nbspiW_J2$_c</i>f<u></u>&w_bj
</BODY>
</HTML>
<HTML>
<HEAD>Messages</HEAD>
<BODY>
<b>Message 16:</b><BR>
<b>From:</b> 214<BR>
<b>To:</b> 112<BR>
<b>Message Data:</b><BR>
<i><b><u></i><p>f<i></u>V</b><u>IZ_|^Q/o</i></u>&nbsp&nbsp&nbsp&nbsp<i><u>_GHO<b>_1_&nbsp&nbsp&nbsp&nbsppS<BR>__b<p><BR>%H&<p>3C6b_<p></b>)TI_N>Y</i><b><i>
%</i></b>T>g3<i><b></u>1_</i></b><i><u>D_<BR>)]_
{<BR></u>Xe,R__Mh<BR> o_\^_|_<u>;=_PxW5_Qp!/<}_$:W9e>&nbsp&nbsp&nbsp&nbsp_k&nbsp&nbsp&nbsp&nbspe</i></u>"K|ULP_<p>{7<b><u>K_
</BODY>
</HTML>
<HTML>
<HEAD>Messages</HEAD>
<BODY>
<b>Message 18:</b><BR>
<b>From:</b> 158<BR>
<b>To:</b> 231<BR>
<b>Message Data:</b><BR>
s8MoA}<b><u>V<i></b></u>ODi</i><u>$\r} /w<BR>{!p&nbsp&nbsp&nbsp&nbsp&nbsp&nbsp&nbsp&nbspq<BR></u>"(Y<]<b>_g__I#z0<u>+&nbsp&nbsp&nbsp&nbspwd<i></b></u>w<b>+&nbsp&nbsp&nbsp&nbsp_a</b><u>.!<BR>"<b></u></i><u>_
7F_</b></u>B<BR>g_\&nbsp&nbsp&nbsp&nbsp?_<i><b>Fu_<u></i></u>.<i><u>6X,@&nbsp&nbsp&nbsp&nbspx</u>b_pf9<u>-?"</i></b></u><i>(;9&nbsp&nbsp&nbsp&nbsp&nbsp&nbsp&nbsp&nbsp<b>
</BODY>
</HTML>
<HTML>
<H<HTML>
<HEAD>Messa<HTML>
<HEAD>Messages</HEAD>
<B