<HTML>
<HEAD>Messages</HEAD>
<BODY>
<b>Message 0:</b><BR>
<b>From:</b> 129<BR>
<b>To:</b> 159<BR>
<b>Message Data:</b><BR>
__0@
zMO<i><b><u></b></u><BR><p>bM
</i><b>.W#WD&nbsp&nbsp&nbsp&nbsp___V@
@dmlk_OX._&nbsp&nbsp&nbsp&nbspE___<i>y</b><u></u>o'~1@{dy</i><b>Q<i></b><u>_+gI$<b></u><p>__B,pah!_</b>)</i><u>(#iQ<i><b></u>T]</i>g:<BR>
</BODY>
</HTML>
<HTML>
<HEAD>Messages</HEAD>
<BODY>
<b>Message 1:</b><BR>
<b>From:</b> 53<BR>
<b>To:</b> 96<BR>
<b>Message Data:</b><BR>
8$<b><BR>K^j&>F`~_O</b><i><b>6~+T__j9Cqdik__[
</i><u><i></u>_/_H_

</i></b>n&m_t<p><i><b></b>`<p>a<b><u>pn_}GT?^!N</i></b></u>_I9<i>b_</i><u>.<b></u></b><u>H8_Y1_.__<i></u>QV_</i><b>_<i>_Y_
~yQT
</BODY>
</HTML>
HEAD>Messages</HEAD>
<BODY>
<b>Message 3:</b><BR>
<b>From:</b> 23<BR>
<b>To:</b> 9<BR>
<b>Message Data:</b><BR>
__l<p>X_fQ<b>_=\<i><u>_{y2</i></u>w3a<i></b>_<b><u>_!m6]#=8&nbsp&nbsp&nbsp&nbsp&nbsp&nbsp&nbsp&nbspXF_]</i></b></u>;<i>_<b><u>bt</i></b>'tvz-<b></u>a__uR7<_</b><u>_<_/i$<BR>4<b></u>.
<i><u>__?U\</u>nq?:</i></b><u>"FAz<b>_</b>j_<i>f!22_A</u><p><u>5<p>92@
</BODY>
</HTML>
<HTML>
<HEAD>Message<HTML>
<HEAD>Messages</HEAD>
<BODY>
<b>Message 6:</b><BR>
<b>From:</b> 144<BR>
<b>To:</b> 124<BR>
<b>Message Data:</b><BR>
7<i><u>d</i><b></u>I=a8<i></b><p>_<u>!<BR>`<p></i><b>$HH
</b></u>-
{
<u>__gc_h</u>"6,Qc_&nbsp&nbsp&nbsp&nbsp_<b>_ji_n__</b><u>~f<i><b>_</i></b>D$_H7d3ZZ<b>_YRj(L&__</b>4_-~<BR>!/O__i<p>_><i>h/?RS_Pc&_F]<b>S__H<BR>BNI`L</i></b></u>:xM_<BR>__<i><b><u>_
CQV</i></b></u>*_<i><u>
_2eg<b><%</i></u><i>R</i><u>_B
</BODY>
</HTML>
<HTML>
<HEAD>Messages</HEAD>
<BODY>
<b>Message 8:</b><BR>
<b>From:</b> 175<BR>
<b>To:</b> 218<BR>
<b>Message Data:</b><BR>
_<b><u>6_&nbsp&nbsp&nbsp&nbsp<i>_</b>t</u>.jjD_J</i>_rJ_<b>\</b><u>P&nbsp&nbsp&nbsp&nbsp \E_<BR>;,_O_\@t</u>~o<i><u>
Fe</i><b>7
</BODY>
</HTML>
<HTML>
<HEAD>Messages</HEAD>
<BODY>
<b>Message 11:</b><BR>
<b>From:</b> 56<BR>
<b>To:</b> 135<BR>
<b>Message Data:</b><BR>
<u>!@!<i><b></u>E_||}DV8+_</i></b><u>z
<BR>
_:_v_6e_
O$X
</BODY>
</HTML>
<HTML>
<HEAD>Messages</HE>
<BODY>
<b>Message 21:</b><BR>
<b>From:</b> 81<BR>
<b>To:</b> 233<BR>
<b>Message Data:</b><BR>

</BODY>
</HTML>
<BODY>
<b>Message 24:</b><BR>
<b>From:</b> 146<BR>
<b>To:</b> 128<BR>
<b>Message Data:</b><BR>
_/{<i>_T___4gN1}~>z2RB0L`_9</i><i></i><b><u>"<i></b></u>_&nbsp&nbsp&nbsp&nbsp__>;<BR></i><u>_)Tj^
_<i>_ <b></i></u>_"yv<i></b>'_#g_<BR><b><u><BR>[H_</i></u>_{<i><u>a<p></i>__`_h;m&_Vk2=:</b>AmA*.m<BR>_r~:S&_(<i>J}d_
7___]C__
<BR>8&_@<BR>N}t &V_)e
</BODY>
</HTML>
<HTML>
<HEAD>Messag<HTML>
<HEAD>Messages</HEAD>
<BODY>
<b>Message 28:</b><BR>
<b>From:</b> 250<BR>
<b>To:</b> 64<BR>
<b>Message Data:</b><BR>
F&nbsp&nbsp&nbsp&nbspx<b><u>n%_Pxk#\_<p>_M+!_
</BODY>
</HTML>
<HTML>
<HEAD>Messages</HEAD>
<BODY>
<HTML>
<HEAD>Messages</HEAD>
<BO<HTML>
<HEAD>Messages</HEAD>
<BODY>
<b>Message 43:</b><BR>
<b>From:</b> 143<BR>
<b>To:</b> 151<BR>
<b>Message Data:</b><BR>
&nbsp&nbsp&nbsp&nbsp<b><u>A3u5.<i></b>_rO__&nbsp&nbsp&nbsp&nbspo+m>&nbsp&nbsp&nbsp&nbsp<BR>_&nbsp&nbsp&nbsp&nbsp<b>l</b></i><b><BR>_2<i></u>u1sg_x
@aT\_<BR>>+__</b>_)?}<<b>_</i></b>ejSl<b><u>lzW</u>K*_&nbsp&nbsp&nbsp&nbsp_<i></b>NU_*A|_)d
c%g.</i><b><u>t<i></b><p>F{<BR></i></u>zDB4[
U_<b><u></b>
<i>u</i></u>Gd
</BODY>
</HTML>
<HTML>
<HEAD>Messages</HEAD<HTMLssage 48:</b><BR>
<b>From:</b> 242<BR>
<b>To:</b> 137<BR>
<b>Message Data:</b><BR>
_&nbsp&nbsp&nbsp&nbspullk<i>A/<u>;N__</i></u>q
b%<i><b><u>_</i></u>e<u><i></b></u>&nbsp&nbsp&nbsp&nbspL<b><u>^&nbsp&nbsp&nbsp&nbsp_+</u>.G_</i><u><p>3_R<p>a\|_aq_</u>_e_XP_c3S<i><u>_%__)_b</i></u></b><u>_&nbsp&nbsp&nbsp&nbspo<b></u>Xs=qj<i></b><u>;[}<p>}_e<BR></i><b></u><i></b><u></i><i><b></u>'V=U5<BR></b><u><</i><i><b></u>'{@szEP0!</i></b>4,<BR>__SE't
_<i><b>,</b><b><u>_K_
</BODY>
</HTML>
<HTML>
<HEAD>Messages</HEssage 49:</b><BR>
<b>From:</b> 227<BR>
<b>To:</b> 14<BR>
<b>Message Data:</b><BR>
=`_b&nbsp&nbsp&nbsp&nbsp~_<p>}W__w__$m720o_
}1_N^y{<b></b><u>f</u>v]<i><u>a</i><b></u>_FK_<i><u></b></u>\</i>_<i><b>PL<u>^_Mo</b>
B</i>,</u>,a_N<u>z%_!__pc
[3_
</BODY>
</HTML>
