<HTML>
<HEAD>Messages</HEAD>
<BODY>
<b>Message 0:</b><BR>
<b>From:</b> 74<BR>
<b>To:</b> 226<BR>
<b>Message Data:</b><BR>
+_=0&m9^+<i><b>Wg</i><u>&8<pI@)_&nbsp&nbsp&nbsp&nbspfG_</u> <i></b><u>_U</i><b>&nbsp&nbsp&nbsp&nbsp_<e:<BR>5H</b></u>59<b>,_E_e_+(
=<p><i></b>)&W&nbsp&nbsp&nbsp&nbspP_c0___</i><b>Sd____</b>w_J~_X_<i><b>G3</i>4`aU_<p>L_&nbsp&nbsp&nbsp&nbsp0}_:_GEu<i><u>_m_
_]<i><b></u>
</BODY>
</HT<HTML></HEAD>
<BODY>
<b>Message 3:</b><BR>
<b>From:</b> 2<BR>
<b>To:</b> 194<BR>
<b>Message Data:</b><BR>
B}&nbsp&nbsp&nbsp&nbsp"0A<p><p><i><u>X<p>WO_
w</i><b><i></u>_G
@<p>|<BR></b>_</i><u>{_q<i><b>&nbsp&nbsp&nbsp&nbsp</i></b></u>k<u>K];Zm_`m__5_<BR>0<i></u>cm[&nbsp&nbsp&nbsp&nbsp___H)</i><b>_<i></b><u>_;_<BR></i></u>j_`R<i><b>
</BODY>
</HTML>
<HTML>
<HEAD>Messages</HEAD>
<BODY>
<b>Message 8:</b><BR>
<b>From:</b> 192<BR>
<b>To:</b> 125<BR>
<b>Message Data:</b><BR>
&nbsp&nbsp&nbsp&nbsp9Gt8_<i><b><u>___'</i>[ae_<i></b>%_y_~_o</i><b></u><p>_/:zvv&nbsp&nbsp&nbsp&nbsp<i><p>__f</b>
</BODY>
</HTML>
<HTM/HEAD>
<BODY>
<b>Message 9:</b><BR>
<b>From:</b> 255<BR>
<b>To:</b> 147<BR>
<b>Message Data:</b><BR>
]k_<BR><p><b>q'c<i></b><u></i><b></u>6_N<u>_@<i></i></u>\FdcE.<<i><u>_SS&nbsp&nbsp&nbsp&nbsp_L_z p <BR>R2n_</i></b></u>__S:&nbsp&nbsp&nbsp&nbsp_?9<u>YXr<i>R3
__<BR>_$u__a3?V<p><BR>%[T27_Qz
o_-8XW</i>8R_<i>l:,<b>R_</u><p>
_z<u>
-#</i>pe<p>P>\&nbsp&nbsp&nbsp&nbspA_<i>:&nbsp&nbsp&nbsp&nbsp&O+</b></u>I5X
</BODY>
</HTML>
<HTML>
<HEAD>Messages</HEAD>
<BODY>
<b>Message 10:</b><BR>
<b>From:</b> 55<BR>
<b>To:</b> 35<BR>
<b>Message Data:</b><BR>
jD_/9_C2<b><u>c_*U_7dSZ</u>e_M5_|_&2<BR>s_<i></b><u>,<b></u>__</i></b><u>_X_</u>+>;+Va_A<BR>
<b><u>wR)X$<BR>8E__7j
_1<^4
Olu<i></u>4scF__{h</i></b><u><i><b></u><BR>
1_\_},&nbsp&nbsp&nbsp&nbsp</i></b><u>=_6S#X<BR>___
</BODY>
</HTML>
<HTML>
<HEAD>Messages</HEAD>
<BODY>
<b>Message 11:</b><BR>
<b>From:</b> 62<BR>
<b>To:</b> 125<BR>
<b>Message Data:</b><BR>
D_f <RfS_<i><b>h4</i></b>
</BODY>
</HTML>
<HTML>
<HEAD>Messages</HEAD>
<BODY>
<b>Message 14:</b><BR>
<b>From:</b> 96<BR>
<b>To:</b> 246<BR>
<b>Message Data:</b><BR>
2)<p>A_P;<u>_tA~?G =m<p>_B&nbsp&nbsp&nbsp&nbspH__\{_<i>_V4_|</i><b></u>1<p><BR>X__G<BR>GY_,XMS<BR>5_d(&nbsp&nbsp&nbsp&nbsp_ EUN<i><u>
&~H/#$_u</i></b></u>'7Vi&nbsp&nbsp&nbsp&nbsp_-_<i><b>,__</i><u>7_<i></u></i><u><i></b>H_D:19K<kyd__=pv</u>___</i><b><u>:_=
2_.<i>C__<p> Hn_h_)C__$9</u>B_ &nbsp&nbsp&nbsp&nbspRp_2<BR>Md_<u>_yq</i></b></u>__{<p>`
</BODY>
</HTML>

<BODY>
<b>Message 23:</b><BR>
<b>From:</b> 248<BR>
<b>To:</b> 255<BR>
<b>Message Data:</b><BR>
<BR>:OA_<i><u>+F_<BR>2
</i><b>Z1:xY<i></b></u>i<b>_Ek'__)</i><u>__<i></b>w_</u>_<u></i><b></u>>B7</b><u><p>M<i></u>=<p>_x
___</i>_<b><u></b>?p_(_z_!Ft_<i><b>_</i></b>__D
a_G;ad__{=_J<b></u>_KS<i></b><u>0m
In(j<BR>';_/uDr\_I</u>_3p@</i>iv<u>?<i>_Y
</BODY>
</HTML>
<HTML>
<HEAD>Messages</HEAD>
<BODY>
<b>Message 25:</b><BR>
<b>From:</b> 252<BR>
<b>To:</b> 70<BR>
<b>Message Data:</b><BR>
$&nbsp&nbsp&nbsp&nbspt_c<i>W<BR></i><u>pg<i>T9._<b></u>hREn
#-rw@_A_r4p,I<p>gO<u></i></u>S]5<BR>
:_Ocol<BR>'_L
_Ep_<i>_
</BODY>
</HTML>
<HTML>
<HEAD>Messages</HEAD>
<BODY>
<b>Message 29:</b><BR>
<b>From:</b> 144<BR>
<b>To:</b> 184<BR>
<b>Message Data:</b><BR>
<u>i___<b></b>___].EG<i>_Z</i><b>mc<i>3_xh_</b></u>K&nbsp&nbsp&nbsp&nbsp__c1pr:n</i><u><BR>_<BR>H_3</u>|&nbsp&nbsp&nbsp&nbsp<b><u><i></b></u></i>c_,0<BR><b><u>=g_._&nbsp&nbsp&nbsp&nbsp3Q<i></b></u>J<b><u></u>Q_n<u>AE
</BODY>
</HTML>
<HTML>
<HEAD>Messages</HEAD><HTML>
<HEAD>Messages</HEAD>
<BODY>
<b>Message 31:</b><BR>
<b>From:</b> 63<BR>
<b>To:</b> 4<BR>
<b>Message Data:</b><BR>
Y%A?4<u>
<b>+</b>W0h</u><au{_&nbsp&nbsp&nbsp&nbsp_d______<i><b>_?</b>XY___</i><b>_i[>S_}<BR></b><u>__wc_<&nbsp&nbsp&nbsp&nbsp`_&<i></u>_&nbsp&nbsp&nbsp&nbsp_^@</i>6#3Z<i><b><u>m</i></u>r_UG_<i></b><u>kCiW<b></u>u_<p></i>FfY<p><u>a</b>`_9_R&nbsp&nbsp&nbsp&nbspM</u>_/gV_x<i><b></b>#_</i>4<p>_b<u>__<b>_
l
</BODY>
</HTML>
Y>
<b>Message 32:</b><BR>
<b>From:</b> 237<BR>
<b>To:</b> 61<BR>
<b>Message Data:</b><BR>

=yFDm_
_<BR><u>&nbsp&nbsp&nbsp&nbsp<i></i><b>__P+_!>__j</b>B-Z_0m0}F<i><b></u><u></i>_E<p>FnG</b>a<BR>
b<i><b></b></u>k_U</i><b>?&nbsp&nbsp&nbsp&nbsp=&nbsp&nbsp&nbsp&nbspC<i></b><u>|W{<b></i></u>$</b>KbV_E~<i><u>_h_<b></b>&nbsp&nbsp&nbsp&nbspIy64<p>Ko_</i><b></u>S:_</b>qW<b>_n</b><BR><p>/oA&|_<i><u>2k<b></u>7`
</BODY>
</HTML>
>
<b>Message 34:</b><BR>
<b>From:</b> 98<BR>
<b>To:</b> 10<BR>
<b>Message Data:</b><BR>
si_:c<<p>__[0(&nbsp&nbsp&nbsp&nbsp_<i><u>A5!<b> __<p>v</b></u>_z
b'<b><u></i></b></u>_{_W5mX8z<p>"P_?i<i><b><BR>_wn=+</b>V__
'+<p>JE</i>_q9.|T_<i><u>:0"bG'_d_B</i><b></u>^4<u>k

_</b>`<p>_q<i><b>*<BR>#!6
</BODY>
</HTML>
<HTML>
<HEAD>M
<b>Message 37:</b><BR>
<b>From:</b> 244<BR>
<b>To:</b> 162<BR>
<b>Message Data:</b><BR>
_([t_2'_<p>lJ<i><b><u>wg</u>S
/</i></b><u>\E`_hG<b></u>j<i></b><b><u>_P'_w/<p>_i
</i></b></u>}_}<b>7J)F<i><u></b></i></u>6<i>_i=_\5<b>q&</i><u>aj&nbsp&nbsp&nbsp&nbspw_C*G_N=_<i></b></u>3<b>e_1__i</i><i></b><u>&nbsp&nbsp&nbsp&nbsp&</i><b>'K&nbsp&nbsp&nbsp&nbsp
3</b></u>7
</BODY>
</HTML>
<b>Message 38:</b><BR>
<b>From:</b> 11<BR>
<b>To:</b> 199<BR>
<b>Message Data:</b><BR>
VF___J&nbsp&nbsp&nbsp&nbsp__k(\v)T<b>}
</BODY>
</HTML>
