
Planet Markup Language Main
1) Print Planets
2) Add PML
3) Add Planet
4) Select Planet
5) Exit
Selection: PML: 
Planet Markup Language Main
1) Print Planets
2) Add PML
3) Add Planet
4) Select Planet
5) Exit
Selection: Name: Unknown
	Country: Unknown
		Capitol: Unknown
		Territory: Unknown
			Established: 0
			Founder: Unknown
			County: Unknown
				Seat: Unknown
				City: Unknown
					Population: 1935766083
					Mayor: CrashCrashCrashCrashCrashCrashCrashCrashCrashCrashCrashCrashCrashCrashCrashCrashCrashCrash
					Url: CrashCrashCrashCrashCrashCrashCrashCra