Starting dissection...


====New Packet====


===lol===


===projicientcolumellate===
111
0
24212
2147483648
4050888781
String display will be handled in v4.
39271
2147483648
1
1
LV type will be handled in v4.
65097
169
217240701
LV type will be handled in v4.
3235216425
String display will be handled in v4.
String display will be handled in v4.
String display will be handled in v4.
1
0
4184601387
String display will be handled in v4.
1
2358734304
1
0
2123928129
1
143
1
0
37581
108
String display will be handled in v4.
6748
